[ 2016-11-04T11:22:49+08:00 ] 180.98.162.30 /App/Shop/index/ppid/4/?from=singlemessage&isappinstalled=0
INFO: [ app_init ] --START--
INFO: Run Behavior\BuildLiteBehavior [ RunTime:0.000012s ]
INFO: [ app_init ] --END-- [ RunTime:0.000265s ]
INFO: [ app_begin ] --START--
INFO: Run Behavior\ReadHtmlCacheBehavior [ RunTime:0.000338s ]
INFO: [ app_begin ] --END-- [ RunTime:0.000377s ]
SQL: SHOW COLUMNS FROM `yk_set` [ RunTime:0.0285s ]
SQL: SELECT * FROM `yk_set` LIMIT 1   [ RunTime:0.0029s ]
NOTIC: [8] Undefined index: employee /mnt/wwwroot/yikang.mubantang.com/Application/App/Controller/BaseController.class.php 第 33 行.
NOTIC: [8] Undefined index: sqmode /mnt/wwwroot/yikang.mubantang.com/Application/App/Controller/BaseController.class.php 第 45 行.
NOTIC: [8] Undefined index: code /mnt/wwwroot/yikang.mubantang.com/Application/App/Controller/BaseController.class.php 第 55 行.
NOTIC: [8] Undefined index: sqmode /mnt/wwwroot/yikang.mubantang.com/Application/App/Controller/BaseController.class.php 第 94 行.
INFO: [ view_parse ] --START--
INFO: [ template_filter ] --START--
INFO: Run Behavior\ContentReplaceBehavior [ RunTime:0.000053s ]
INFO: [ template_filter ] --END-- [ RunTime:0.000106s ]
INFO: Run Behavior\ParseTemplateBehavior [ RunTime:0.021223s ]
INFO: [ view_parse ] --END-- [ RunTime:0.021267s ]
INFO: [ view_filter ] --START--
INFO: Run Behavior\WriteHtmlCacheBehavior [ RunTime:0.000127s ]
INFO: [ view_filter ] --END-- [ RunTime:0.000160s ]
INFO: [ view_parse ] --START--
INFO: Run Behavior\ParseTemplateBehavior [ RunTime:0.001888s ]
INFO: [ view_parse ] --END-- [ RunTime:-0.000219s ]
INFO: [ view_filter ] --START--
INFO: Run Behavior\WriteHtmlCacheBehavior [ RunTime:0.000008s ]
INFO: [ view_filter ] --END-- [ RunTime:-0.001993s ]

[ 2016-11-04T11:22:50+08:00 ] 180.98.162.30 /App/Shop/index/ppid/4/?from=singlemessage&isappinstalled=0&code=041A0wsR1lmf181QzlvR1aCzsR1A0wsv&state=1
INFO: [ app_init ] --START--
INFO: Run Behavior\BuildLiteBehavior [ RunTime:0.000012s ]
INFO: [ app_init ] --END-- [ RunTime:0.000284s ]
INFO: [ app_begin ] --START--
INFO: Run Behavior\ReadHtmlCacheBehavior [ RunTime:0.000326s ]
INFO: [ app_begin ] --END-- [ RunTime:0.000364s ]
SQL: SHOW COLUMNS FROM `yk_set` [ RunTime:0.0007s ]
SQL: SELECT * FROM `yk_set` LIMIT 1   [ RunTime:0.0002s ]
NOTIC: [8] Undefined index: employee /mnt/wwwroot/yikang.mubantang.com/Application/App/Controller/BaseController.class.php 第 33 行.
NOTIC: [8] Undefined index: sqmode /mnt/wwwroot/yikang.mubantang.com/Application/App/Controller/BaseController.class.php 第 45 行.
SQL: SHOW COLUMNS FROM `yk_vip` [ RunTime:0.0526s ]
SQL: SELECT * FROM `yk_vip` WHERE `openid` = 'omV0nwrnm8V3v9o2GkSP_Oq3poZs' LIMIT 1   [ RunTime:0.0376s ]
SQL: SHOW COLUMNS FROM `yk_vip_set` [ RunTime:0.0041s ]
SQL: SELECT * FROM `yk_vip_set` LIMIT 1   [ RunTime:0.0105s ]
SQL: SHOW COLUMNS FROM `yk_shop_set` [ RunTime:0.0040s ]
SQL: SELECT * FROM `yk_shop_set` LIMIT 1   [ RunTime:0.0011s ]
SQL: SELECT * FROM `yk_shop_set` WHERE ( id=1 ) LIMIT 1   [ RunTime:0.0002s ]
SQL: SHOW COLUMNS FROM `yk_upload_img` [ RunTime:0.0022s ]
SQL: SELECT * FROM `yk_upload_img` WHERE `id` = 187 LIMIT 1   [ RunTime:0.0040s ]
SQL: SHOW COLUMNS FROM `yk_shop_goods` [ RunTime:0.0177s ]
SQL: SHOW COLUMNS FROM `yk_shop_group` [ RunTime:0.0023s ]
SQL: SELECT * FROM `yk_shop_group` WHERE `status` = 1  [ RunTime:0.0011s ]
SQL: SELECT * FROM `yk_upload_img` WHERE `id` = 179 LIMIT 1   [ RunTime:0.0036s ]
SQL: SELECT * FROM `yk_upload_img` WHERE `id` = 192 LIMIT 1   [ RunTime:0.0001s ]
SQL: SELECT * FROM `yk_shop_goods` WHERE `status` = 1  [ RunTime:0.0011s ]
SQL: SELECT * FROM `yk_upload_img` WHERE `id` = 184 LIMIT 1   [ RunTime:0.0001s ]
SQL: SELECT * FROM `yk_upload_img` WHERE `id` = 182 LIMIT 1   [ RunTime:0.0001s ]
SQL: SHOW COLUMNS FROM `yk_shop_cate` [ RunTime:0.0062s ]
SQL: SELECT * FROM `yk_shop_cate` WHERE `id` IN ('20','21','22','23','24','25','27')  [ RunTime:0.0013s ]
SQL: SELECT * FROM `yk_upload_img` WHERE `id` = 174 LIMIT 1   [ RunTime:0.0001s ]
SQL: SHOW COLUMNS FROM `yk_shop_ads` [ RunTime:0.0027s ]
SQL: SELECT * FROM `yk_shop_ads` WHERE ( id )  [ RunTime:0.0012s ]
SQL: SELECT * FROM `yk_upload_img` WHERE `id` = 187 LIMIT 1   [ RunTime:0.0001s ]
SQL: SELECT * FROM `yk_upload_img` WHERE `id` = 189 LIMIT 1   [ RunTime:0.0001s ]
SQL: SELECT * FROM `yk_upload_img` WHERE `id` = 188 LIMIT 1   [ RunTime:0.0001s ]
SQL: SHOW COLUMNS FROM `yk_artical` [ RunTime:0.0033s ]
SQL: SELECT * FROM `yk_artical` ORDER BY id desc LIMIT 3   [ RunTime:0.0010s ]
SQL: SELECT * FROM `yk_upload_img` WHERE `id` = 175 LIMIT 1   [ RunTime:0.0001s ]
INFO: [ view_parse ] --START--
INFO: [ template_filter ] --START--
INFO: Run Behavior\ContentReplaceBehavior [ RunTime:0.000071s ]
INFO: [ template_filter ] --END-- [ RunTime:0.000111s ]
NOTIC: [8] Undefined variable: mrtj /mnt/wwwroot/yikang.mubantang.com/Application/Runtime/Cache/App/b56b8082e02b1b878a28f8cba0cac826.php 第 153 行.
NOTIC: [8] Undefined variable: mrtj /mnt/wwwroot/yikang.mubantang.com/Application/Runtime/Cache/App/b56b8082e02b1b878a28f8cba0cac826.php 第 153 行.
NOTIC: [8] Undefined variable: actname /mnt/wwwroot/yikang.mubantang.com/Application/Runtime/Cache/App/b56b8082e02b1b878a28f8cba0cac826.php 第 185 行.
INFO: Run Behavior\ParseTemplateBehavior [ RunTime:0.013578s ]
INFO: [ view_parse ] --END-- [ RunTime:0.013618s ]
INFO: [ view_filter ] --START--
INFO: Run Behavior\WriteHtmlCacheBehavior [ RunTime:0.000125s ]
INFO: [ view_filter ] --END-- [ RunTime:0.000158s ]
INFO: [ app_end ] --START--
INFO: Run Behavior\ShowPageTraceBehavior [ RunTime:0.000371s ]
INFO: [ app_end ] --END-- [ RunTime:0.000411s ]

[ 2016-11-04T11:22:50+08:00 ] 180.98.162.30 /App/Shop/index/ppid/4/?from=singlemessage&isappinstalled=0&code=041A0wsR1lmf181QzlvR1aCzsR1A0wsv&state=1
INFO: [ app_init ] --START--
INFO: Run Behavior\BuildLiteBehavior [ RunTime:0.000012s ]
INFO: [ app_init ] --END-- [ RunTime:0.000267s ]
INFO: [ app_begin ] --START--
INFO: Run Behavior\ReadHtmlCacheBehavior [ RunTime:0.000343s ]
INFO: [ app_begin ] --END-- [ RunTime:0.000381s ]
SQL: SHOW COLUMNS FROM `yk_set` [ RunTime:0.0007s ]
SQL: SELECT * FROM `yk_set` LIMIT 1   [ RunTime:0.0002s ]
NOTIC: [8] Undefined index: employee /mnt/wwwroot/yikang.mubantang.com/Application/App/Controller/BaseController.class.php 第 33 行.
SQL: SHOW COLUMNS FROM `yk_vip` [ RunTime:0.0010s ]
SQL: SELECT * FROM `yk_vip` WHERE `openid` = 'omV0nwrnm8V3v9o2GkSP_Oq3poZs' LIMIT 1   [ RunTime:0.0002s ]
SQL: SHOW COLUMNS FROM `yk_vip_set` [ RunTime:0.0006s ]
SQL: SELECT * FROM `yk_vip_set` LIMIT 1   [ RunTime:0.0001s ]
SQL: SHOW COLUMNS FROM `yk_shop_set` [ RunTime:0.0007s ]
SQL: SELECT * FROM `yk_shop_set` LIMIT 1   [ RunTime:0.0002s ]
SQL: SELECT * FROM `yk_shop_set` WHERE ( id=1 ) LIMIT 1   [ RunTime:0.0002s ]
SQL: SHOW COLUMNS FROM `yk_upload_img` [ RunTime:0.0003s ]
SQL: SELECT * FROM `yk_upload_img` WHERE `id` = 187 LIMIT 1   [ RunTime:0.0002s ]
SQL: SHOW COLUMNS FROM `yk_shop_goods` [ RunTime:0.0010s ]
SQL: SHOW COLUMNS FROM `yk_shop_group` [ RunTime:0.0004s ]
SQL: SELECT * FROM `yk_shop_group` WHERE `status` = 1  [ RunTime:0.0002s ]
SQL: SELECT * FROM `yk_upload_img` WHERE `id` = 179 LIMIT 1   [ RunTime:0.0001s ]
SQL: SELECT * FROM `yk_upload_img` WHERE `id` = 192 LIMIT 1   [ RunTime:0.0001s ]
SQL: SELECT * FROM `yk_shop_goods` WHERE `status` = 1  [ RunTime:0.0002s ]
SQL: SELECT * FROM `yk_upload_img` WHERE `id` = 184 LIMIT 1   [ RunTime:0.0001s ]
SQL: SELECT * FROM `yk_upload_img` WHERE `id` = 182 LIMIT 1   [ RunTime:0.0001s ]
SQL: SHOW COLUMNS FROM `yk_shop_cate` [ RunTime:0.0004s ]
SQL: SELECT * FROM `yk_shop_cate` WHERE `id` IN ('20','21','22','23','24','25','27')  [ RunTime:0.0001s ]
SQL: SELECT * FROM `yk_upload_img` WHERE `id` = 174 LIMIT 1   [ RunTime:0.0001s ]
SQL: SHOW COLUMNS FROM `yk_shop_ads` [ RunTime:0.0003s ]
SQL: SELECT * FROM `yk_shop_ads` WHERE ( id )  [ RunTime:0.0001s ]
SQL: SELECT * FROM `yk_upload_img` WHERE `id` = 187 LIMIT 1   [ RunTime:0.0001s ]
SQL: SELECT * FROM `yk_upload_img` WHERE `id` = 189 LIMIT 1   [ RunTime:0.0001s ]
SQL: SELECT * FROM `yk_upload_img` WHERE `id` = 188 LIMIT 1   [ RunTime:0.0001s ]
SQL: SHOW COLUMNS FROM `yk_artical` [ RunTime:0.0004s ]
SQL: SELECT * FROM `yk_artical` ORDER BY id desc LIMIT 3   [ RunTime:0.0001s ]
SQL: SELECT * FROM `yk_upload_img` WHERE `id` = 175 LIMIT 1   [ RunTime:0.0001s ]
INFO: [ view_parse ] --START--
INFO: [ template_filter ] --START--
INFO: Run Behavior\ContentReplaceBehavior [ RunTime:0.000093s ]
INFO: [ template_filter ] --END-- [ RunTime:0.000163s ]
NOTIC: [8] Undefined variable: mrtj /mnt/wwwroot/yikang.mubantang.com/Application/Runtime/Cache/App/b56b8082e02b1b878a28f8cba0cac826.php 第 153 行.
NOTIC: [8] Undefined variable: mrtj /mnt/wwwroot/yikang.mubantang.com/Application/Runtime/Cache/App/b56b8082e02b1b878a28f8cba0cac826.php 第 153 行.
NOTIC: [8] Undefined variable: actname /mnt/wwwroot/yikang.mubantang.com/Application/Runtime/Cache/App/b56b8082e02b1b878a28f8cba0cac826.php 第 185 行.
INFO: Run Behavior\ParseTemplateBehavior [ RunTime:0.012095s ]
INFO: [ view_parse ] --END-- [ RunTime:0.012137s ]
INFO: [ view_filter ] --START--
INFO: Run Behavior\WriteHtmlCacheBehavior [ RunTime:0.000127s ]
INFO: [ view_filter ] --END-- [ RunTime:0.000160s ]
INFO: [ app_end ] --START--
INFO: Run Behavior\ShowPageTraceBehavior [ RunTime:0.000362s ]
INFO: [ app_end ] --END-- [ RunTime:0.000401s ]

[ 2016-11-04T11:23:05+08:00 ] 180.153.206.17 /App/Shop/index/ppid/4/?from=singlemessage&isappinstalled=0
INFO: [ app_init ] --START--
INFO: Run Behavior\BuildLiteBehavior [ RunTime:0.000012s ]
INFO: [ app_init ] --END-- [ RunTime:0.000258s ]
INFO: [ app_begin ] --START--
INFO: Run Behavior\ReadHtmlCacheBehavior [ RunTime:0.000325s ]
INFO: [ app_begin ] --END-- [ RunTime:0.000364s ]
SQL: SHOW COLUMNS FROM `yk_set` [ RunTime:0.0007s ]
SQL: SELECT * FROM `yk_set` LIMIT 1   [ RunTime:0.0002s ]
NOTIC: [8] Undefined index: employee /mnt/wwwroot/yikang.mubantang.com/Application/App/Controller/BaseController.class.php 第 33 行.
NOTIC: [8] Undefined index: sqmode /mnt/wwwroot/yikang.mubantang.com/Application/App/Controller/BaseController.class.php 第 45 行.
INFO: [ view_parse ] --START--
INFO: [ template_filter ] --START--
INFO: Run Behavior\ContentReplaceBehavior [ RunTime:0.000038s ]
INFO: [ template_filter ] --END-- [ RunTime:0.000076s ]
INFO: Run Behavior\ParseTemplateBehavior [ RunTime:0.004679s ]
INFO: [ view_parse ] --END-- [ RunTime:0.004715s ]
INFO: [ view_filter ] --START--
INFO: Run Behavior\WriteHtmlCacheBehavior [ RunTime:0.000118s ]
INFO: [ view_filter ] --END-- [ RunTime:0.000151s ]
INFO: [ view_parse ] --START--
INFO: Run Behavior\ParseTemplateBehavior [ RunTime:0.001534s ]
INFO: [ view_parse ] --END-- [ RunTime:-0.000206s ]
INFO: [ view_filter ] --START--
INFO: Run Behavior\WriteHtmlCacheBehavior [ RunTime:0.000008s ]
INFO: [ view_filter ] --END-- [ RunTime:-0.001620s ]

[ 2016-11-04T11:23:07+08:00 ] 180.153.214.182 /App/Shop/index/ppid/4/?from=singlemessage&isappinstalled=0
INFO: [ app_init ] --START--
INFO: Run Behavior\BuildLiteBehavior [ RunTime:0.000012s ]
INFO: [ app_init ] --END-- [ RunTime:0.000277s ]
INFO: [ app_begin ] --START--
INFO: Run Behavior\ReadHtmlCacheBehavior [ RunTime:0.000330s ]
INFO: [ app_begin ] --END-- [ RunTime:0.000369s ]
SQL: SHOW COLUMNS FROM `yk_set` [ RunTime:0.0009s ]
SQL: SELECT * FROM `yk_set` LIMIT 1   [ RunTime:0.0002s ]
NOTIC: [8] Undefined index: employee /mnt/wwwroot/yikang.mubantang.com/Application/App/Controller/BaseController.class.php 第 33 行.
NOTIC: [8] Undefined index: sqmode /mnt/wwwroot/yikang.mubantang.com/Application/App/Controller/BaseController.class.php 第 45 行.
INFO: [ view_parse ] --START--
INFO: [ template_filter ] --START--
INFO: Run Behavior\ContentReplaceBehavior [ RunTime:0.000035s ]
INFO: [ template_filter ] --END-- [ RunTime:0.000073s ]
INFO: Run Behavior\ParseTemplateBehavior [ RunTime:0.004531s ]
INFO: [ view_parse ] --END-- [ RunTime:0.004567s ]
INFO: [ view_filter ] --START--
INFO: Run Behavior\WriteHtmlCacheBehavior [ RunTime:0.000121s ]
INFO: [ view_filter ] --END-- [ RunTime:0.000154s ]
INFO: [ view_parse ] --START--
INFO: Run Behavior\ParseTemplateBehavior [ RunTime:0.000154s ]
INFO: [ view_parse ] --END-- [ RunTime:-0.000205s ]
INFO: [ view_filter ] --START--
INFO: Run Behavior\WriteHtmlCacheBehavior [ RunTime:0.000007s ]
INFO: [ view_filter ] --END-- [ RunTime:-0.000237s ]

[ 2016-11-04T15:19:51+08:00 ] 101.226.66.179 /App/index
INFO: [ app_init ] --START--
INFO: Run Behavior\BuildLiteBehavior [ RunTime:0.000012s ]
INFO: [ app_init ] --END-- [ RunTime:0.000257s ]
INFO: [ app_begin ] --START--
INFO: Run Behavior\ReadHtmlCacheBehavior [ RunTime:0.000328s ]
INFO: [ app_begin ] --END-- [ RunTime:0.000366s ]
SQL: SHOW COLUMNS FROM `yk_set` [ RunTime:0.0008s ]
SQL: SELECT * FROM `yk_set` LIMIT 1   [ RunTime:0.0002s ]
NOTIC: [8] Undefined index: ppid /mnt/wwwroot/yikang.mubantang.com/Application/App/Controller/BaseController.class.php 第 32 行.
NOTIC: [8] Undefined index: employee /mnt/wwwroot/yikang.mubantang.com/Application/App/Controller/BaseController.class.php 第 33 行.
NOTIC: [8] Undefined index: sqmode /mnt/wwwroot/yikang.mubantang.com/Application/App/Controller/BaseController.class.php 第 45 行.
INFO: [ view_parse ] --START--
INFO: [ template_filter ] --START--
INFO: Run Behavior\ContentReplaceBehavior [ RunTime:0.000037s ]
INFO: [ template_filter ] --END-- [ RunTime:0.000076s ]
INFO: Run Behavior\ParseTemplateBehavior [ RunTime:0.018600s ]
INFO: [ view_parse ] --END-- [ RunTime:0.018637s ]
INFO: [ view_filter ] --START--
INFO: Run Behavior\WriteHtmlCacheBehavior [ RunTime:0.000266s ]
INFO: [ view_filter ] --END-- [ RunTime:0.000330s ]
INFO: [ view_parse ] --START--
INFO: Run Behavior\ParseTemplateBehavior [ RunTime:0.000256s ]
INFO: [ view_parse ] --END-- [ RunTime:-0.000410s ]
INFO: [ view_filter ] --START--
INFO: Run Behavior\WriteHtmlCacheBehavior [ RunTime:0.000008s ]
INFO: [ view_filter ] --END-- [ RunTime:-0.000370s ]

[ 2016-11-04T15:26:38+08:00 ] 61.151.226.199 /App/Demo/reg2?pid=56
INFO: [ app_init ] --START--
INFO: Run Behavior\BuildLiteBehavior [ RunTime:0.000016s ]
INFO: [ app_init ] --END-- [ RunTime:0.000294s ]
INFO: [ app_begin ] --START--
INFO: Run Behavior\ReadHtmlCacheBehavior [ RunTime:0.000341s ]
INFO: [ app_begin ] --END-- [ RunTime:0.000380s ]
SQL: SHOW COLUMNS FROM `yk_set` [ RunTime:0.0007s ]
SQL: SELECT * FROM `yk_set` LIMIT 1   [ RunTime:0.0002s ]
SQL: SHOW COLUMNS FROM `yk_vip_set` [ RunTime:0.0006s ]
SQL: SELECT * FROM `yk_vip_set` LIMIT 1   [ RunTime:0.0001s ]
SQL: SHOW COLUMNS FROM `yk_shop_set` [ RunTime:0.0007s ]
SQL: SELECT * FROM `yk_shop_set` LIMIT 1   [ RunTime:0.0002s ]
NOTIC: [8] Undefined index: fx_userinfo /mnt/wwwroot/yikang.mubantang.com/Application/App/Controller/DemoController.class.php 第 230 行.
NOTIC: [8] Undefined index: ppid /mnt/wwwroot/yikang.mubantang.com/Application/App/Controller/DemoController.class.php 第 363 行.
NOTIC: [8] Undefined index: employee /mnt/wwwroot/yikang.mubantang.com/Application/App/Controller/DemoController.class.php 第 364 行.
NOTIC: [8] Undefined index: sqmode /mnt/wwwroot/yikang.mubantang.com/Application/App/Controller/DemoController.class.php 第 366 行.
INFO: [ view_parse ] --START--
INFO: [ template_filter ] --START--
INFO: Run Behavior\ContentReplaceBehavior [ RunTime:0.000039s ]
INFO: [ template_filter ] --END-- [ RunTime:0.000077s ]
INFO: Run Behavior\ParseTemplateBehavior [ RunTime:0.004469s ]
INFO: [ view_parse ] --END-- [ RunTime:0.004510s ]
INFO: [ view_filter ] --START--
INFO: Run Behavior\WriteHtmlCacheBehavior [ RunTime:0.000115s ]
INFO: [ view_filter ] --END-- [ RunTime:0.000148s ]
INFO: [ view_parse ] --START--
INFO: Run Behavior\ParseTemplateBehavior [ RunTime:0.000156s ]
INFO: [ view_parse ] --END-- [ RunTime:-0.000204s ]
INFO: [ view_filter ] --START--
INFO: Run Behavior\WriteHtmlCacheBehavior [ RunTime:0.000008s ]
INFO: [ view_filter ] --END-- [ RunTime:-0.000242s ]

[ 2016-11-04T15:28:03+08:00 ] 119.130.71.89 /App/Shop/index
INFO: [ app_init ] --START--
INFO: Run Behavior\BuildLiteBehavior [ RunTime:0.000013s ]
INFO: [ app_init ] --END-- [ RunTime:0.000260s ]
INFO: [ app_begin ] --START--
INFO: Run Behavior\ReadHtmlCacheBehavior [ RunTime:0.000345s ]
INFO: [ app_begin ] --END-- [ RunTime:0.000383s ]
SQL: SHOW COLUMNS FROM `yk_set` [ RunTime:0.0007s ]
SQL: SELECT * FROM `yk_set` LIMIT 1   [ RunTime:0.0002s ]
NOTIC: [8] Undefined index: ppid /mnt/wwwroot/yikang.mubantang.com/Application/App/Controller/BaseController.class.php 第 32 行.
NOTIC: [8] Undefined index: employee /mnt/wwwroot/yikang.mubantang.com/Application/App/Controller/BaseController.class.php 第 33 行.
NOTIC: [8] Undefined index: sqmode /mnt/wwwroot/yikang.mubantang.com/Application/App/Controller/BaseController.class.php 第 45 行.
NOTIC: [8] Undefined index: code /mnt/wwwroot/yikang.mubantang.com/Application/App/Controller/BaseController.class.php 第 55 行.
NOTIC: [8] Undefined index: sqmode /mnt/wwwroot/yikang.mubantang.com/Application/App/Controller/BaseController.class.php 第 94 行.
INFO: [ view_parse ] --START--
INFO: [ template_filter ] --START--
INFO: Run Behavior\ContentReplaceBehavior [ RunTime:0.000041s ]
INFO: [ template_filter ] --END-- [ RunTime:0.000080s ]
INFO: Run Behavior\ParseTemplateBehavior [ RunTime:0.004542s ]
INFO: [ view_parse ] --END-- [ RunTime:0.004581s ]
INFO: [ view_filter ] --START--
INFO: Run Behavior\WriteHtmlCacheBehavior [ RunTime:0.000116s ]
INFO: [ view_filter ] --END-- [ RunTime:0.000148s ]
INFO: [ view_parse ] --START--
INFO: Run Behavior\ParseTemplateBehavior [ RunTime:0.000143s ]
INFO: [ view_parse ] --END-- [ RunTime:-0.000206s ]
INFO: [ view_filter ] --START--
INFO: Run Behavior\WriteHtmlCacheBehavior [ RunTime:0.000007s ]
INFO: [ view_filter ] --END-- [ RunTime:-0.000230s ]

[ 2016-11-04T15:28:03+08:00 ] 119.130.71.89 /App/Shop/index?code=031puIiH0SW9lj2eKaiH0ffGiH0puIi4&state=1
INFO: [ app_init ] --START--
INFO: Run Behavior\BuildLiteBehavior [ RunTime:0.000012s ]
INFO: [ app_init ] --END-- [ RunTime:0.000283s ]
INFO: [ app_begin ] --START--
INFO: Run Behavior\ReadHtmlCacheBehavior [ RunTime:0.000331s ]
INFO: [ app_begin ] --END-- [ RunTime:0.000370s ]
SQL: SHOW COLUMNS FROM `yk_set` [ RunTime:0.0007s ]
SQL: SELECT * FROM `yk_set` LIMIT 1   [ RunTime:0.0002s ]
NOTIC: [8] Undefined index: ppid /mnt/wwwroot/yikang.mubantang.com/Application/App/Controller/BaseController.class.php 第 32 行.
NOTIC: [8] Undefined index: employee /mnt/wwwroot/yikang.mubantang.com/Application/App/Controller/BaseController.class.php 第 33 行.
NOTIC: [8] Undefined index: sqmode /mnt/wwwroot/yikang.mubantang.com/Application/App/Controller/BaseController.class.php 第 45 行.
SQL: SHOW COLUMNS FROM `yk_vip` [ RunTime:0.0014s ]
SQL: SELECT * FROM `yk_vip` WHERE `openid` = 'omV0nwiStxIkOh7-Ttm5fk-RQmfY' LIMIT 1   [ RunTime:0.0003s ]
NOTIC: [8] Undefined index: ppid /mnt/wwwroot/yikang.mubantang.com/Application/App/Controller/BaseController.class.php 第 131 行.

[ 2016-11-04T15:28:04+08:00 ] 119.130.71.89 /App/Shop/index/ppid/8
INFO: [ app_init ] --START--
INFO: Run Behavior\BuildLiteBehavior [ RunTime:0.000012s ]
INFO: [ app_init ] --END-- [ RunTime:0.000258s ]
INFO: [ app_begin ] --START--
INFO: Run Behavior\ReadHtmlCacheBehavior [ RunTime:0.000342s ]
INFO: [ app_begin ] --END-- [ RunTime:0.000379s ]
SQL: SHOW COLUMNS FROM `yk_set` [ RunTime:0.0007s ]
SQL: SELECT * FROM `yk_set` LIMIT 1   [ RunTime:0.0002s ]
NOTIC: [8] Undefined index: employee /mnt/wwwroot/yikang.mubantang.com/Application/App/Controller/BaseController.class.php 第 33 行.
SQL: SHOW COLUMNS FROM `yk_vip` [ RunTime:0.0010s ]
SQL: SELECT * FROM `yk_vip` WHERE `openid` = 'omV0nwiStxIkOh7-Ttm5fk-RQmfY' LIMIT 1   [ RunTime:0.0002s ]
SQL: SHOW COLUMNS FROM `yk_vip_set` [ RunTime:0.0006s ]
SQL: SELECT * FROM `yk_vip_set` LIMIT 1   [ RunTime:0.0001s ]
SQL: SHOW COLUMNS FROM `yk_shop_set` [ RunTime:0.0007s ]
SQL: SELECT * FROM `yk_shop_set` LIMIT 1   [ RunTime:0.0002s ]
SQL: SELECT * FROM `yk_shop_set` WHERE ( id=1 ) LIMIT 1   [ RunTime:0.0002s ]
SQL: SHOW COLUMNS FROM `yk_upload_img` [ RunTime:0.0004s ]
SQL: SELECT * FROM `yk_upload_img` WHERE `id` = 187 LIMIT 1   [ RunTime:0.0002s ]
SQL: SHOW COLUMNS FROM `yk_shop_goods` [ RunTime:0.0012s ]
SQL: SHOW COLUMNS FROM `yk_shop_group` [ RunTime:0.0005s ]
SQL: SELECT * FROM `yk_shop_group` WHERE `status` = 1  [ RunTime:0.0002s ]
SQL: SELECT * FROM `yk_upload_img` WHERE `id` = 179 LIMIT 1   [ RunTime:0.0001s ]
SQL: SELECT * FROM `yk_upload_img` WHERE `id` = 192 LIMIT 1   [ RunTime:0.0001s ]
SQL: SELECT * FROM `yk_shop_goods` WHERE `status` = 1  [ RunTime:0.0002s ]
SQL: SELECT * FROM `yk_upload_img` WHERE `id` = 184 LIMIT 1   [ RunTime:0.0001s ]
SQL: SELECT * FROM `yk_upload_img` WHERE `id` = 182 LIMIT 1   [ RunTime:0.0001s ]
SQL: SHOW COLUMNS FROM `yk_shop_cate` [ RunTime:0.0005s ]
SQL: SELECT * FROM `yk_shop_cate` WHERE `id` IN ('20','21','22','23','24','25','27')  [ RunTime:0.0001s ]
SQL: SELECT * FROM `yk_upload_img` WHERE `id` = 174 LIMIT 1   [ RunTime:0.0001s ]
SQL: SHOW COLUMNS FROM `yk_shop_ads` [ RunTime:0.0004s ]
SQL: SELECT * FROM `yk_shop_ads` WHERE ( id )  [ RunTime:0.0003s ]
SQL: SELECT * FROM `yk_upload_img` WHERE `id` = 187 LIMIT 1   [ RunTime:0.0002s ]
SQL: SELECT * FROM `yk_upload_img` WHERE `id` = 189 LIMIT 1   [ RunTime:0.0002s ]
SQL: SELECT * FROM `yk_upload_img` WHERE `id` = 188 LIMIT 1   [ RunTime:0.0001s ]
SQL: SHOW COLUMNS FROM `yk_artical` [ RunTime:0.0006s ]
SQL: SELECT * FROM `yk_artical` ORDER BY id desc LIMIT 3   [ RunTime:0.0002s ]
SQL: SELECT * FROM `yk_upload_img` WHERE `id` = 175 LIMIT 1   [ RunTime:0.0001s ]
INFO: [ view_parse ] --START--
INFO: [ template_filter ] --START--
INFO: Run Behavior\ContentReplaceBehavior [ RunTime:0.000069s ]
INFO: [ template_filter ] --END-- [ RunTime:0.000117s ]
NOTIC: [8] Undefined variable: mrtj /mnt/wwwroot/yikang.mubantang.com/Application/Runtime/Cache/App/b56b8082e02b1b878a28f8cba0cac826.php 第 153 行.
NOTIC: [8] Undefined variable: mrtj /mnt/wwwroot/yikang.mubantang.com/Application/Runtime/Cache/App/b56b8082e02b1b878a28f8cba0cac826.php 第 153 行.
NOTIC: [8] Undefined variable: actname /mnt/wwwroot/yikang.mubantang.com/Application/Runtime/Cache/App/b56b8082e02b1b878a28f8cba0cac826.php 第 185 行.
INFO: Run Behavior\ParseTemplateBehavior [ RunTime:0.011430s ]
INFO: [ view_parse ] --END-- [ RunTime:0.011469s ]
INFO: [ view_filter ] --START--
INFO: Run Behavior\WriteHtmlCacheBehavior [ RunTime:0.000124s ]
INFO: [ view_filter ] --END-- [ RunTime:0.000156s ]
INFO: [ app_end ] --START--
INFO: Run Behavior\ShowPageTraceBehavior [ RunTime:0.000357s ]
INFO: [ app_end ] --END-- [ RunTime:0.000396s ]

[ 2016-11-04T15:28:10+08:00 ] 112.65.193.15 /App/Shop/index
INFO: [ app_init ] --START--
INFO: Run Behavior\BuildLiteBehavior [ RunTime:0.000011s ]
INFO: [ app_init ] --END-- [ RunTime:0.000258s ]
INFO: [ app_begin ] --START--
INFO: Run Behavior\ReadHtmlCacheBehavior [ RunTime:0.000323s ]
INFO: [ app_begin ] --END-- [ RunTime:0.000361s ]
SQL: SHOW COLUMNS FROM `yk_set` [ RunTime:0.0007s ]
SQL: SELECT * FROM `yk_set` LIMIT 1   [ RunTime:0.0002s ]
NOTIC: [8] Undefined index: ppid /mnt/wwwroot/yikang.mubantang.com/Application/App/Controller/BaseController.class.php 第 32 行.
NOTIC: [8] Undefined index: employee /mnt/wwwroot/yikang.mubantang.com/Application/App/Controller/BaseController.class.php 第 33 行.
NOTIC: [8] Undefined index: sqmode /mnt/wwwroot/yikang.mubantang.com/Application/App/Controller/BaseController.class.php 第 45 行.
INFO: [ view_parse ] --START--
INFO: [ template_filter ] --START--
INFO: Run Behavior\ContentReplaceBehavior [ RunTime:0.000035s ]
INFO: [ template_filter ] --END-- [ RunTime:0.000074s ]
INFO: Run Behavior\ParseTemplateBehavior [ RunTime:0.004419s ]
INFO: [ view_parse ] --END-- [ RunTime:0.004456s ]
INFO: [ view_filter ] --START--
INFO: Run Behavior\WriteHtmlCacheBehavior [ RunTime:0.000113s ]
INFO: [ view_filter ] --END-- [ RunTime:0.000144s ]
INFO: [ view_parse ] --START--
INFO: Run Behavior\ParseTemplateBehavior [ RunTime:0.000131s ]
INFO: [ view_parse ] --END-- [ RunTime:-0.000196s ]
INFO: [ view_filter ] --START--
INFO: Run Behavior\WriteHtmlCacheBehavior [ RunTime:0.000008s ]
INFO: [ view_filter ] --END-- [ RunTime:-0.000211s ]

[ 2016-11-04T15:28:19+08:00 ] 101.226.85.67 /App/Shop/index/ppid/8
INFO: [ app_init ] --START--
INFO: Run Behavior\BuildLiteBehavior [ RunTime:0.000013s ]
INFO: [ app_init ] --END-- [ RunTime:0.000258s ]
INFO: [ app_begin ] --START--
INFO: Run Behavior\ReadHtmlCacheBehavior [ RunTime:0.000348s ]
INFO: [ app_begin ] --END-- [ RunTime:0.000386s ]
SQL: SHOW COLUMNS FROM `yk_set` [ RunTime:0.0007s ]
SQL: SELECT * FROM `yk_set` LIMIT 1   [ RunTime:0.0002s ]
NOTIC: [8] Undefined index: employee /mnt/wwwroot/yikang.mubantang.com/Application/App/Controller/BaseController.class.php 第 33 行.
NOTIC: [8] Undefined index: sqmode /mnt/wwwroot/yikang.mubantang.com/Application/App/Controller/BaseController.class.php 第 45 行.
INFO: [ view_parse ] --START--
INFO: [ template_filter ] --START--
INFO: Run Behavior\ContentReplaceBehavior [ RunTime:0.000035s ]
INFO: [ template_filter ] --END-- [ RunTime:0.000071s ]
INFO: Run Behavior\ParseTemplateBehavior [ RunTime:0.004470s ]
INFO: [ view_parse ] --END-- [ RunTime:0.004506s ]
INFO: [ view_filter ] --START--
INFO: Run Behavior\WriteHtmlCacheBehavior [ RunTime:0.000153s ]
INFO: [ view_filter ] --END-- [ RunTime:0.000193s ]
INFO: [ view_parse ] --START--
INFO: Run Behavior\ParseTemplateBehavior [ RunTime:0.000134s ]
INFO: [ view_parse ] --END-- [ RunTime:-0.000246s ]
INFO: [ view_filter ] --START--
INFO: Run Behavior\WriteHtmlCacheBehavior [ RunTime:0.000007s ]
INFO: [ view_filter ] --END-- [ RunTime:-0.000214s ]

[ 2016-11-04T16:15:39+08:00 ] 117.136.79.37 /App/Shop/index
INFO: [ app_init ] --START--
INFO: Run Behavior\BuildLiteBehavior [ RunTime:0.000013s ]
INFO: [ app_init ] --END-- [ RunTime:0.000265s ]
INFO: [ app_begin ] --START--
INFO: Run Behavior\ReadHtmlCacheBehavior [ RunTime:0.000359s ]
INFO: [ app_begin ] --END-- [ RunTime:0.000397s ]
SQL: SHOW COLUMNS FROM `yk_set` [ RunTime:0.0008s ]
SQL: SELECT * FROM `yk_set` LIMIT 1   [ RunTime:0.0002s ]
NOTIC: [8] Undefined index: ppid /mnt/wwwroot/yikang.mubantang.com/Application/App/Controller/BaseController.class.php 第 32 行.
NOTIC: [8] Undefined index: employee /mnt/wwwroot/yikang.mubantang.com/Application/App/Controller/BaseController.class.php 第 33 行.
NOTIC: [8] Undefined index: sqmode /mnt/wwwroot/yikang.mubantang.com/Application/App/Controller/BaseController.class.php 第 45 行.
NOTIC: [8] Undefined index: code /mnt/wwwroot/yikang.mubantang.com/Application/App/Controller/BaseController.class.php 第 55 行.
NOTIC: [8] Undefined index: sqmode /mnt/wwwroot/yikang.mubantang.com/Application/App/Controller/BaseController.class.php 第 94 行.
INFO: [ view_parse ] --START--
INFO: [ template_filter ] --START--
INFO: Run Behavior\ContentReplaceBehavior [ RunTime:0.000036s ]
INFO: [ template_filter ] --END-- [ RunTime:0.000074s ]
INFO: Run Behavior\ParseTemplateBehavior [ RunTime:0.004523s ]
INFO: [ view_parse ] --END-- [ RunTime:0.004560s ]
INFO: [ view_filter ] --START--
INFO: Run Behavior\WriteHtmlCacheBehavior [ RunTime:0.000140s ]
INFO: [ view_filter ] --END-- [ RunTime:0.000172s ]
INFO: [ view_parse ] --START--
INFO: Run Behavior\ParseTemplateBehavior [ RunTime:0.001543s ]
INFO: [ view_parse ] --END-- [ RunTime:-0.000226s ]
INFO: [ view_filter ] --START--
INFO: Run Behavior\WriteHtmlCacheBehavior [ RunTime:0.000008s ]
INFO: [ view_filter ] --END-- [ RunTime:-0.001628s ]

[ 2016-11-04T16:15:39+08:00 ] 117.136.79.37 /App/Shop/index?code=041rwgF10E0QwD1aH5E10sukF10rwgFc&state=1
INFO: [ app_init ] --START--
INFO: Run Behavior\BuildLiteBehavior [ RunTime:0.000012s ]
INFO: [ app_init ] --END-- [ RunTime:0.000258s ]
INFO: [ app_begin ] --START--
INFO: Run Behavior\ReadHtmlCacheBehavior [ RunTime:0.000352s ]
INFO: [ app_begin ] --END-- [ RunTime:0.000391s ]
SQL: SHOW COLUMNS FROM `yk_set` [ RunTime:0.0007s ]
SQL: SELECT * FROM `yk_set` LIMIT 1   [ RunTime:0.0002s ]
NOTIC: [8] Undefined index: ppid /mnt/wwwroot/yikang.mubantang.com/Application/App/Controller/BaseController.class.php 第 32 行.
NOTIC: [8] Undefined index: employee /mnt/wwwroot/yikang.mubantang.com/Application/App/Controller/BaseController.class.php 第 33 行.
NOTIC: [8] Undefined index: sqmode /mnt/wwwroot/yikang.mubantang.com/Application/App/Controller/BaseController.class.php 第 45 行.
SQL: SHOW COLUMNS FROM `yk_vip` [ RunTime:0.0015s ]
SQL: SELECT * FROM `yk_vip` WHERE `openid` = 'omV0nwrk6uMiqha07SD7qitbVHBs' LIMIT 1   [ RunTime:0.0005s ]
NOTIC: [8] Undefined index: ppid /mnt/wwwroot/yikang.mubantang.com/Application/App/Controller/BaseController.class.php 第 131 行.

[ 2016-11-04T16:15:40+08:00 ] 117.136.79.37 /App/Shop/index/ppid/333
INFO: [ app_init ] --START--
INFO: Run Behavior\BuildLiteBehavior [ RunTime:0.000012s ]
INFO: [ app_init ] --END-- [ RunTime:0.000263s ]
INFO: [ app_begin ] --START--
INFO: Run Behavior\ReadHtmlCacheBehavior [ RunTime:0.000367s ]
INFO: [ app_begin ] --END-- [ RunTime:0.000409s ]
SQL: SHOW COLUMNS FROM `yk_set` [ RunTime:0.0008s ]
SQL: SELECT * FROM `yk_set` LIMIT 1   [ RunTime:0.0002s ]
NOTIC: [8] Undefined index: employee /mnt/wwwroot/yikang.mubantang.com/Application/App/Controller/BaseController.class.php 第 33 行.
SQL: SHOW COLUMNS FROM `yk_vip` [ RunTime:0.0011s ]
SQL: SELECT * FROM `yk_vip` WHERE `openid` = 'omV0nwrk6uMiqha07SD7qitbVHBs' LIMIT 1   [ RunTime:0.0005s ]
SQL: SHOW COLUMNS FROM `yk_vip_set` [ RunTime:0.0007s ]
SQL: SELECT * FROM `yk_vip_set` LIMIT 1   [ RunTime:0.0002s ]
SQL: SHOW COLUMNS FROM `yk_shop_set` [ RunTime:0.0008s ]
SQL: SELECT * FROM `yk_shop_set` LIMIT 1   [ RunTime:0.0002s ]
SQL: SELECT * FROM `yk_shop_set` WHERE ( id=1 ) LIMIT 1   [ RunTime:0.0002s ]
SQL: SHOW COLUMNS FROM `yk_upload_img` [ RunTime:0.0004s ]
SQL: SELECT * FROM `yk_upload_img` WHERE `id` = 187 LIMIT 1   [ RunTime:0.0001s ]
SQL: SHOW COLUMNS FROM `yk_shop_goods` [ RunTime:0.0011s ]
SQL: SHOW COLUMNS FROM `yk_shop_group` [ RunTime:0.0005s ]
SQL: SELECT * FROM `yk_shop_group` WHERE `status` = 1  [ RunTime:0.0002s ]
SQL: SELECT * FROM `yk_upload_img` WHERE `id` = 179 LIMIT 1   [ RunTime:0.0002s ]
SQL: SELECT * FROM `yk_upload_img` WHERE `id` = 192 LIMIT 1   [ RunTime:0.0001s ]
SQL: SELECT * FROM `yk_shop_goods` WHERE `status` = 1  [ RunTime:0.0002s ]
SQL: SELECT * FROM `yk_upload_img` WHERE `id` = 184 LIMIT 1   [ RunTime:0.0001s ]
SQL: SELECT * FROM `yk_upload_img` WHERE `id` = 182 LIMIT 1   [ RunTime:0.0001s ]
SQL: SHOW COLUMNS FROM `yk_shop_cate` [ RunTime:0.0005s ]
SQL: SELECT * FROM `yk_shop_cate` WHERE `id` IN ('20','21','22','23','24','25','27')  [ RunTime:0.0002s ]
SQL: SELECT * FROM `yk_upload_img` WHERE `id` = 174 LIMIT 1   [ RunTime:0.0001s ]
SQL: SHOW COLUMNS FROM `yk_shop_ads` [ RunTime:0.0004s ]
SQL: SELECT * FROM `yk_shop_ads` WHERE ( id )  [ RunTime:0.0001s ]
SQL: SELECT * FROM `yk_upload_img` WHERE `id` = 187 LIMIT 1   [ RunTime:0.0001s ]
SQL: SELECT * FROM `yk_upload_img` WHERE `id` = 189 LIMIT 1   [ RunTime:0.0001s ]
SQL: SELECT * FROM `yk_upload_img` WHERE `id` = 188 LIMIT 1   [ RunTime:0.0001s ]
SQL: SHOW COLUMNS FROM `yk_artical` [ RunTime:0.0005s ]
SQL: SELECT * FROM `yk_artical` ORDER BY id desc LIMIT 3   [ RunTime:0.0001s ]
SQL: SELECT * FROM `yk_upload_img` WHERE `id` = 175 LIMIT 1   [ RunTime:0.0001s ]
INFO: [ view_parse ] --START--
INFO: [ template_filter ] --START--
INFO: Run Behavior\ContentReplaceBehavior [ RunTime:0.000085s ]
INFO: [ template_filter ] --END-- [ RunTime:0.000130s ]
NOTIC: [8] Undefined variable: mrtj /mnt/wwwroot/yikang.mubantang.com/Application/Runtime/Cache/App/b56b8082e02b1b878a28f8cba0cac826.php 第 153 行.
NOTIC: [8] Undefined variable: mrtj /mnt/wwwroot/yikang.mubantang.com/Application/Runtime/Cache/App/b56b8082e02b1b878a28f8cba0cac826.php 第 153 行.
NOTIC: [8] Undefined variable: actname /mnt/wwwroot/yikang.mubantang.com/Application/Runtime/Cache/App/b56b8082e02b1b878a28f8cba0cac826.php 第 185 行.
INFO: Run Behavior\ParseTemplateBehavior [ RunTime:0.011675s ]
INFO: [ view_parse ] --END-- [ RunTime:0.011712s ]
INFO: [ view_filter ] --START--
INFO: Run Behavior\WriteHtmlCacheBehavior [ RunTime:0.000121s ]
INFO: [ view_filter ] --END-- [ RunTime:0.000153s ]
INFO: [ app_end ] --START--
INFO: Run Behavior\ShowPageTraceBehavior [ RunTime:0.000394s ]
INFO: [ app_end ] --END-- [ RunTime:0.000437s ]

[ 2016-11-04T16:15:55+08:00 ] 117.136.79.37 /App/index
INFO: [ app_init ] --START--
INFO: Run Behavior\BuildLiteBehavior [ RunTime:0.000013s ]
INFO: [ app_init ] --END-- [ RunTime:0.000261s ]
INFO: [ app_begin ] --START--
INFO: Run Behavior\ReadHtmlCacheBehavior [ RunTime:0.000323s ]
INFO: [ app_begin ] --END-- [ RunTime:0.000361s ]
SQL: SHOW COLUMNS FROM `yk_set` [ RunTime:0.0007s ]
SQL: SELECT * FROM `yk_set` LIMIT 1   [ RunTime:0.0002s ]
NOTIC: [8] Undefined index: ppid /mnt/wwwroot/yikang.mubantang.com/Application/App/Controller/BaseController.class.php 第 32 行.
NOTIC: [8] Undefined index: employee /mnt/wwwroot/yikang.mubantang.com/Application/App/Controller/BaseController.class.php 第 33 行.
SQL: SHOW COLUMNS FROM `yk_vip` [ RunTime:0.0010s ]
SQL: SELECT * FROM `yk_vip` WHERE `openid` = 'omV0nwrk6uMiqha07SD7qitbVHBs' LIMIT 1   [ RunTime:0.0004s ]
SQL: SHOW COLUMNS FROM `yk_vip_set` [ RunTime:0.0006s ]
SQL: SELECT * FROM `yk_vip_set` LIMIT 1   [ RunTime:0.0001s ]
SQL: SHOW COLUMNS FROM `yk_shop_set` [ RunTime:0.0007s ]
SQL: SELECT * FROM `yk_shop_set` LIMIT 1   [ RunTime:0.0002s ]

[ 2016-11-04T16:15:55+08:00 ] 117.136.79.37 /App/Shop/index
INFO: [ app_init ] --START--
INFO: Run Behavior\BuildLiteBehavior [ RunTime:0.000012s ]
INFO: [ app_init ] --END-- [ RunTime:0.000254s ]
INFO: [ app_begin ] --START--
INFO: Run Behavior\ReadHtmlCacheBehavior [ RunTime:0.000365s ]
INFO: [ app_begin ] --END-- [ RunTime:0.000404s ]
SQL: SHOW COLUMNS FROM `yk_set` [ RunTime:0.0007s ]
SQL: SELECT * FROM `yk_set` LIMIT 1   [ RunTime:0.0002s ]
NOTIC: [8] Undefined index: ppid /mnt/wwwroot/yikang.mubantang.com/Application/App/Controller/BaseController.class.php 第 32 行.
NOTIC: [8] Undefined index: employee /mnt/wwwroot/yikang.mubantang.com/Application/App/Controller/BaseController.class.php 第 33 行.
SQL: SHOW COLUMNS FROM `yk_vip` [ RunTime:0.0010s ]
SQL: SELECT * FROM `yk_vip` WHERE `openid` = 'omV0nwrk6uMiqha07SD7qitbVHBs' LIMIT 1   [ RunTime:0.0004s ]
NOTIC: [8] Undefined index: ppid /mnt/wwwroot/yikang.mubantang.com/Application/App/Controller/BaseController.class.php 第 131 行.

[ 2016-11-04T16:15:55+08:00 ] 117.136.79.37 /App/Shop/index/ppid/333
INFO: [ app_init ] --START--
INFO: Run Behavior\BuildLiteBehavior [ RunTime:0.000012s ]
INFO: [ app_init ] --END-- [ RunTime:0.000254s ]
INFO: [ app_begin ] --START--
INFO: Run Behavior\ReadHtmlCacheBehavior [ RunTime:0.000347s ]
INFO: [ app_begin ] --END-- [ RunTime:0.000386s ]
SQL: SHOW COLUMNS FROM `yk_set` [ RunTime:0.0007s ]
SQL: SELECT * FROM `yk_set` LIMIT 1   [ RunTime:0.0002s ]
NOTIC: [8] Undefined index: employee /mnt/wwwroot/yikang.mubantang.com/Application/App/Controller/BaseController.class.php 第 33 行.
SQL: SHOW COLUMNS FROM `yk_vip` [ RunTime:0.0010s ]
SQL: SELECT * FROM `yk_vip` WHERE `openid` = 'omV0nwrk6uMiqha07SD7qitbVHBs' LIMIT 1   [ RunTime:0.0004s ]
SQL: SHOW COLUMNS FROM `yk_vip_set` [ RunTime:0.0006s ]
SQL: SELECT * FROM `yk_vip_set` LIMIT 1   [ RunTime:0.0001s ]
SQL: SHOW COLUMNS FROM `yk_shop_set` [ RunTime:0.0007s ]
SQL: SELECT * FROM `yk_shop_set` LIMIT 1   [ RunTime:0.0002s ]
SQL: SELECT * FROM `yk_shop_set` WHERE ( id=1 ) LIMIT 1   [ RunTime:0.0002s ]
SQL: SHOW COLUMNS FROM `yk_upload_img` [ RunTime:0.0004s ]
SQL: SELECT * FROM `yk_upload_img` WHERE `id` = 187 LIMIT 1   [ RunTime:0.0001s ]
SQL: SHOW COLUMNS FROM `yk_shop_goods` [ RunTime:0.0010s ]
SQL: SHOW COLUMNS FROM `yk_shop_group` [ RunTime:0.0004s ]
SQL: SELECT * FROM `yk_shop_group` WHERE `status` = 1  [ RunTime:0.0002s ]
SQL: SELECT * FROM `yk_upload_img` WHERE `id` = 179 LIMIT 1   [ RunTime:0.0002s ]
SQL: SELECT * FROM `yk_upload_img` WHERE `id` = 192 LIMIT 1   [ RunTime:0.0001s ]
SQL: SELECT * FROM `yk_shop_goods` WHERE `status` = 1  [ RunTime:0.0002s ]
SQL: SELECT * FROM `yk_upload_img` WHERE `id` = 184 LIMIT 1   [ RunTime:0.0001s ]
SQL: SELECT * FROM `yk_upload_img` WHERE `id` = 182 LIMIT 1   [ RunTime:0.0001s ]
SQL: SHOW COLUMNS FROM `yk_shop_cate` [ RunTime:0.0004s ]
SQL: SELECT * FROM `yk_shop_cate` WHERE `id` IN ('20','21','22','23','24','25','27')  [ RunTime:0.0001s ]
SQL: SELECT * FROM `yk_upload_img` WHERE `id` = 174 LIMIT 1   [ RunTime:0.0001s ]
SQL: SHOW COLUMNS FROM `yk_shop_ads` [ RunTime:0.0004s ]
SQL: SELECT * FROM `yk_shop_ads` WHERE ( id )  [ RunTime:0.0001s ]
SQL: SELECT * FROM `yk_upload_img` WHERE `id` = 187 LIMIT 1   [ RunTime:0.0001s ]
SQL: SELECT * FROM `yk_upload_img` WHERE `id` = 189 LIMIT 1   [ RunTime:0.0001s ]
SQL: SELECT * FROM `yk_upload_img` WHERE `id` = 188 LIMIT 1   [ RunTime:0.0001s ]
SQL: SHOW COLUMNS FROM `yk_artical` [ RunTime:0.0004s ]
SQL: SELECT * FROM `yk_artical` ORDER BY id desc LIMIT 3   [ RunTime:0.0002s ]
SQL: SELECT * FROM `yk_upload_img` WHERE `id` = 175 LIMIT 1   [ RunTime:0.0001s ]
INFO: [ view_parse ] --START--
INFO: [ template_filter ] --START--
INFO: Run Behavior\ContentReplaceBehavior [ RunTime:0.000068s ]
INFO: [ template_filter ] --END-- [ RunTime:0.000113s ]
NOTIC: [8] Undefined variable: mrtj /mnt/wwwroot/yikang.mubantang.com/Application/Runtime/Cache/App/b56b8082e02b1b878a28f8cba0cac826.php 第 153 行.
NOTIC: [8] Undefined variable: mrtj /mnt/wwwroot/yikang.mubantang.com/Application/Runtime/Cache/App/b56b8082e02b1b878a28f8cba0cac826.php 第 153 行.
NOTIC: [8] Undefined variable: actname /mnt/wwwroot/yikang.mubantang.com/Application/Runtime/Cache/App/b56b8082e02b1b878a28f8cba0cac826.php 第 185 行.
INFO: Run Behavior\ParseTemplateBehavior [ RunTime:0.011203s ]
INFO: [ view_parse ] --END-- [ RunTime:0.011249s ]
INFO: [ view_filter ] --START--
INFO: Run Behavior\WriteHtmlCacheBehavior [ RunTime:0.000126s ]
INFO: [ view_filter ] --END-- [ RunTime:0.000159s ]
INFO: [ app_end ] --START--
INFO: Run Behavior\ShowPageTraceBehavior [ RunTime:0.000380s ]
INFO: [ app_end ] --END-- [ RunTime:0.000420s ]

[ 2016-11-04T16:15:58+08:00 ] 180.153.214.192 /App/Shop/index/ppid/333
INFO: [ app_init ] --START--
INFO: Run Behavior\BuildLiteBehavior [ RunTime:0.000013s ]
INFO: [ app_init ] --END-- [ RunTime:0.000263s ]
INFO: [ app_begin ] --START--
INFO: Run Behavior\ReadHtmlCacheBehavior [ RunTime:0.000351s ]
INFO: [ app_begin ] --END-- [ RunTime:0.000390s ]
SQL: SHOW COLUMNS FROM `yk_set` [ RunTime:0.0008s ]
SQL: SELECT * FROM `yk_set` LIMIT 1   [ RunTime:0.0002s ]
NOTIC: [8] Undefined index: employee /mnt/wwwroot/yikang.mubantang.com/Application/App/Controller/BaseController.class.php 第 33 行.
NOTIC: [8] Undefined index: sqmode /mnt/wwwroot/yikang.mubantang.com/Application/App/Controller/BaseController.class.php 第 45 行.
INFO: [ view_parse ] --START--
INFO: [ template_filter ] --START--
INFO: Run Behavior\ContentReplaceBehavior [ RunTime:0.000039s ]
INFO: [ template_filter ] --END-- [ RunTime:0.000079s ]
INFO: Run Behavior\ParseTemplateBehavior [ RunTime:0.004815s ]
INFO: [ view_parse ] --END-- [ RunTime:0.004857s ]
INFO: [ view_filter ] --START--
INFO: Run Behavior\WriteHtmlCacheBehavior [ RunTime:0.000121s ]
INFO: [ view_filter ] --END-- [ RunTime:0.000153s ]
INFO: [ view_parse ] --START--
INFO: Run Behavior\ParseTemplateBehavior [ RunTime:0.000177s ]
INFO: [ view_parse ] --END-- [ RunTime:-0.000210s ]
INFO: [ view_filter ] --START--
INFO: Run Behavior\WriteHtmlCacheBehavior [ RunTime:0.000010s ]
INFO: [ view_filter ] --END-- [ RunTime:-0.000274s ]

[ 2016-11-04T19:29:00+08:00 ] 14.17.37.143 /App/Shop/index/ppid/7?from=singlemessage&isappinstalled=0
INFO: [ app_init ] --START--
INFO: Run Behavior\BuildLiteBehavior [ RunTime:0.000012s ]
INFO: [ app_init ] --END-- [ RunTime:0.000292s ]
INFO: [ app_begin ] --START--
INFO: Run Behavior\ReadHtmlCacheBehavior [ RunTime:0.000376s ]
INFO: [ app_begin ] --END-- [ RunTime:0.000447s ]
SQL: SHOW COLUMNS FROM `yk_set` [ RunTime:0.0168s ]
SQL: SELECT * FROM `yk_set` LIMIT 1   [ RunTime:0.0002s ]
NOTIC: [8] Undefined index: employee /mnt/wwwroot/yikang.mubantang.com/Application/App/Controller/BaseController.class.php 第 33 行.
NOTIC: [8] Undefined index: sqmode /mnt/wwwroot/yikang.mubantang.com/Application/App/Controller/BaseController.class.php 第 45 行.
NOTIC: [8] Undefined index: code /mnt/wwwroot/yikang.mubantang.com/Application/App/Controller/BaseController.class.php 第 55 行.
NOTIC: [8] Undefined index: sqmode /mnt/wwwroot/yikang.mubantang.com/Application/App/Controller/BaseController.class.php 第 94 行.
INFO: [ view_parse ] --START--
INFO: [ template_filter ] --START--
INFO: Run Behavior\ContentReplaceBehavior [ RunTime:0.000039s ]
INFO: [ template_filter ] --END-- [ RunTime:0.000081s ]
INFO: Run Behavior\ParseTemplateBehavior [ RunTime:0.004977s ]
INFO: [ view_parse ] --END-- [ RunTime:0.005016s ]
INFO: [ view_filter ] --START--
INFO: Run Behavior\WriteHtmlCacheBehavior [ RunTime:0.000135s ]
INFO: [ view_filter ] --END-- [ RunTime:0.000167s ]
INFO: [ view_parse ] --START--
INFO: Run Behavior\ParseTemplateBehavior [ RunTime:0.000140s ]
INFO: [ view_parse ] --END-- [ RunTime:-0.000244s ]
INFO: [ view_filter ] --START--
INFO: Run Behavior\WriteHtmlCacheBehavior [ RunTime:0.000008s ]
INFO: [ view_filter ] --END-- [ RunTime:-0.000249s ]

[ 2016-11-04T19:29:01+08:00 ] 14.17.37.143 /App/Shop/index/ppid/7?from=singlemessage&isappinstalled=0&code=011T6Z7a1uMhDT1M2j8a1XV08a1T6Z7x&state=1
INFO: [ app_init ] --START--
INFO: Run Behavior\BuildLiteBehavior [ RunTime:0.000013s ]
INFO: [ app_init ] --END-- [ RunTime:0.000261s ]
INFO: [ app_begin ] --START--
INFO: Run Behavior\ReadHtmlCacheBehavior [ RunTime:0.000343s ]
INFO: [ app_begin ] --END-- [ RunTime:0.000380s ]
SQL: SHOW COLUMNS FROM `yk_set` [ RunTime:0.0007s ]
SQL: SELECT * FROM `yk_set` LIMIT 1   [ RunTime:0.0002s ]
NOTIC: [8] Undefined index: employee /mnt/wwwroot/yikang.mubantang.com/Application/App/Controller/BaseController.class.php 第 33 行.
NOTIC: [8] Undefined index: sqmode /mnt/wwwroot/yikang.mubantang.com/Application/App/Controller/BaseController.class.php 第 45 行.
SQL: SHOW COLUMNS FROM `yk_vip` [ RunTime:0.0041s ]
SQL: SELECT * FROM `yk_vip` WHERE `openid` = 'omV0nwgNf2UQAh2X1kXBqJ0VZd4Q' LIMIT 1   [ RunTime:0.0012s ]

[ 2016-11-04T19:29:01+08:00 ] 14.17.37.143 /App/Baseoa/index
INFO: [ app_init ] --START--
INFO: Run Behavior\BuildLiteBehavior [ RunTime:0.000015s ]
INFO: [ app_init ] --END-- [ RunTime:0.000337s ]
INFO: [ app_begin ] --START--
INFO: Run Behavior\ReadHtmlCacheBehavior [ RunTime:0.000370s ]
INFO: [ app_begin ] --END-- [ RunTime:0.000418s ]
SQL: SHOW COLUMNS FROM `yk_set` [ RunTime:0.0007s ]
SQL: SELECT * FROM `yk_set` LIMIT 1   [ RunTime:0.0002s ]
SQL: SHOW COLUMNS FROM `yk_vip_set` [ RunTime:0.0021s ]
SQL: SELECT * FROM `yk_vip_set` LIMIT 1   [ RunTime:0.0001s ]
INFO: [ app_end ] --START--
INFO: Run Behavior\ShowPageTraceBehavior [ RunTime:0.000362s ]
INFO: [ app_end ] --END-- [ RunTime:0.000421s ]

[ 2016-11-04T19:29:18+08:00 ] 101.226.33.206 /App/Shop/index/ppid/7?from=singlemessage&isappinstalled=0
INFO: [ app_init ] --START--
INFO: Run Behavior\BuildLiteBehavior [ RunTime:0.000013s ]
INFO: [ app_init ] --END-- [ RunTime:0.000300s ]
INFO: [ app_begin ] --START--
INFO: Run Behavior\ReadHtmlCacheBehavior [ RunTime:0.000374s ]
INFO: [ app_begin ] --END-- [ RunTime:0.000417s ]
SQL: SHOW COLUMNS FROM `yk_set` [ RunTime:0.0008s ]
SQL: SELECT * FROM `yk_set` LIMIT 1   [ RunTime:0.0002s ]
NOTIC: [8] Undefined index: employee /mnt/wwwroot/yikang.mubantang.com/Application/App/Controller/BaseController.class.php 第 33 行.
NOTIC: [8] Undefined index: sqmode /mnt/wwwroot/yikang.mubantang.com/Application/App/Controller/BaseController.class.php 第 45 行.
INFO: [ view_parse ] --START--
INFO: [ template_filter ] --START--
INFO: Run Behavior\ContentReplaceBehavior [ RunTime:0.000037s ]
INFO: [ template_filter ] --END-- [ RunTime:0.000078s ]
INFO: Run Behavior\ParseTemplateBehavior [ RunTime:0.004755s ]
INFO: [ view_parse ] --END-- [ RunTime:0.004791s ]
INFO: [ view_filter ] --START--
INFO: Run Behavior\WriteHtmlCacheBehavior [ RunTime:0.000139s ]
INFO: [ view_filter ] --END-- [ RunTime:0.000175s ]
INFO: [ view_parse ] --START--
INFO: Run Behavior\ParseTemplateBehavior [ RunTime:0.000143s ]
INFO: [ view_parse ] --END-- [ RunTime:-0.000228s ]
INFO: [ view_filter ] --START--
INFO: Run Behavior\WriteHtmlCacheBehavior [ RunTime:0.000008s ]
INFO: [ view_filter ] --END-- [ RunTime:-0.000238s ]

[ 2016-11-04T19:29:20+08:00 ] 180.153.206.16 /App/Baseoa/index
INFO: [ app_init ] --START--
INFO: Run Behavior\BuildLiteBehavior [ RunTime:0.000012s ]
INFO: [ app_init ] --END-- [ RunTime:0.000256s ]
INFO: [ app_begin ] --START--
INFO: Run Behavior\ReadHtmlCacheBehavior [ RunTime:0.000346s ]
INFO: [ app_begin ] --END-- [ RunTime:0.000383s ]
SQL: SHOW COLUMNS FROM `yk_set` [ RunTime:0.0007s ]
SQL: SELECT * FROM `yk_set` LIMIT 1   [ RunTime:0.0002s ]
SQL: SHOW COLUMNS FROM `yk_vip_set` [ RunTime:0.0006s ]
SQL: SELECT * FROM `yk_vip_set` LIMIT 1   [ RunTime:0.0001s ]
INFO: [ view_parse ] --START--
INFO: [ template_filter ] --START--
INFO: Run Behavior\ContentReplaceBehavior [ RunTime:0.000036s ]
INFO: [ template_filter ] --END-- [ RunTime:0.000073s ]
INFO: Run Behavior\ParseTemplateBehavior [ RunTime:0.004648s ]
INFO: [ view_parse ] --END-- [ RunTime:0.004687s ]
INFO: [ view_filter ] --START--
INFO: Run Behavior\WriteHtmlCacheBehavior [ RunTime:0.000115s ]
INFO: [ view_filter ] --END-- [ RunTime:0.000147s ]

[ 2016-11-04T21:55:47+08:00 ] 180.153.214.190 /App/Shop/index/ppid/4/?from=singlemessage
INFO: [ app_init ] --START--
INFO: Run Behavior\BuildLiteBehavior [ RunTime:0.000014s ]
INFO: [ app_init ] --END-- [ RunTime:0.000262s ]
INFO: [ app_begin ] --START--
INFO: Run Behavior\ReadHtmlCacheBehavior [ RunTime:0.000354s ]
INFO: [ app_begin ] --END-- [ RunTime:0.000394s ]
SQL: SHOW COLUMNS FROM `yk_set` [ RunTime:0.0008s ]
SQL: SELECT * FROM `yk_set` LIMIT 1   [ RunTime:0.0002s ]
NOTIC: [8] Undefined index: employee /mnt/wwwroot/yikang.mubantang.com/Application/App/Controller/BaseController.class.php 第 33 行.
NOTIC: [8] Undefined index: sqmode /mnt/wwwroot/yikang.mubantang.com/Application/App/Controller/BaseController.class.php 第 45 行.
INFO: [ view_parse ] --START--
INFO: [ template_filter ] --START--
INFO: Run Behavior\ContentReplaceBehavior [ RunTime:0.000042s ]
INFO: [ template_filter ] --END-- [ RunTime:0.000087s ]
INFO: Run Behavior\ParseTemplateBehavior [ RunTime:0.004609s ]
INFO: [ view_parse ] --END-- [ RunTime:0.004646s ]
INFO: [ view_filter ] --START--
INFO: Run Behavior\WriteHtmlCacheBehavior [ RunTime:0.000118s ]
INFO: [ view_filter ] --END-- [ RunTime:0.000151s ]
INFO: [ view_parse ] --START--
INFO: Run Behavior\ParseTemplateBehavior [ RunTime:0.000134s ]
INFO: [ view_parse ] --END-- [ RunTime:-0.000209s ]
INFO: [ view_filter ] --START--
INFO: Run Behavior\WriteHtmlCacheBehavior [ RunTime:0.000007s ]
INFO: [ view_filter ] --END-- [ RunTime:-0.000222s ]

