[ 2016-12-04T09:17:06+08:00 ] 49.92.185.58 /App/Shop/index
INFO: [ app_init ] --START--
INFO: Run Behavior\BuildLiteBehavior [ RunTime:0.000012s ]
INFO: [ app_init ] --END-- [ RunTime:0.000265s ]
INFO: [ app_begin ] --START--
INFO: Run Behavior\ReadHtmlCacheBehavior [ RunTime:0.000325s ]
INFO: [ app_begin ] --END-- [ RunTime:0.000364s ]
SQL: SHOW COLUMNS FROM `yk_set` [ RunTime:0.0008s ]
SQL: SELECT * FROM `yk_set` LIMIT 1   [ RunTime:0.0002s ]
NOTIC: [8] Undefined index: ppid /mnt/wwwroot/yikang.mubantang.com/Application/App/Controller/BaseController.class.php 第 32 行.
NOTIC: [8] Undefined index: employee /mnt/wwwroot/yikang.mubantang.com/Application/App/Controller/BaseController.class.php 第 33 行.
NOTIC: [8] Undefined index: sqmode /mnt/wwwroot/yikang.mubantang.com/Application/App/Controller/BaseController.class.php 第 45 行.
NOTIC: [8] Undefined index: code /mnt/wwwroot/yikang.mubantang.com/Application/App/Controller/BaseController.class.php 第 55 行.
NOTIC: [8] Undefined index: sqmode /mnt/wwwroot/yikang.mubantang.com/Application/App/Controller/BaseController.class.php 第 94 行.
INFO: [ view_parse ] --START--
INFO: [ template_filter ] --START--
INFO: Run Behavior\ContentReplaceBehavior [ RunTime:0.000040s ]
INFO: [ template_filter ] --END-- [ RunTime:0.000080s ]
INFO: Run Behavior\ParseTemplateBehavior [ RunTime:0.004587s ]
INFO: [ view_parse ] --END-- [ RunTime:0.004626s ]
INFO: [ view_filter ] --START--
INFO: Run Behavior\WriteHtmlCacheBehavior [ RunTime:0.000118s ]
INFO: [ view_filter ] --END-- [ RunTime:0.000150s ]
INFO: [ view_parse ] --START--
INFO: Run Behavior\ParseTemplateBehavior [ RunTime:0.000137s ]
INFO: [ view_parse ] --END-- [ RunTime:-0.000208s ]
INFO: [ view_filter ] --START--
INFO: Run Behavior\WriteHtmlCacheBehavior [ RunTime:0.000008s ]
INFO: [ view_filter ] --END-- [ RunTime:-0.000225s ]

[ 2016-12-04T09:17:07+08:00 ] 49.92.185.58 /App/Shop/index?code=011KaD3H14Cvp50pLR3H19zy3H1KaD38&state=1
INFO: [ app_init ] --START--
INFO: Run Behavior\BuildLiteBehavior [ RunTime:0.000031s ]
INFO: [ app_init ] --END-- [ RunTime:0.000295s ]
INFO: [ app_begin ] --START--
INFO: Run Behavior\ReadHtmlCacheBehavior [ RunTime:0.000364s ]
INFO: [ app_begin ] --END-- [ RunTime:0.000413s ]
SQL: SHOW COLUMNS FROM `yk_set` [ RunTime:0.0007s ]
SQL: SELECT * FROM `yk_set` LIMIT 1   [ RunTime:0.0002s ]
NOTIC: [8] Undefined index: ppid /mnt/wwwroot/yikang.mubantang.com/Application/App/Controller/BaseController.class.php 第 32 行.
NOTIC: [8] Undefined index: employee /mnt/wwwroot/yikang.mubantang.com/Application/App/Controller/BaseController.class.php 第 33 行.
NOTIC: [8] Undefined index: sqmode /mnt/wwwroot/yikang.mubantang.com/Application/App/Controller/BaseController.class.php 第 45 行.
SQL: SHOW COLUMNS FROM `yk_vip` [ RunTime:0.0015s ]
SQL: SELECT * FROM `yk_vip` WHERE `openid` = 'omV0nwrnm8V3v9o2GkSP_Oq3poZs' LIMIT 1   [ RunTime:0.0003s ]
NOTIC: [8] Undefined index: ppid /mnt/wwwroot/yikang.mubantang.com/Application/App/Controller/BaseController.class.php 第 131 行.

[ 2016-12-04T09:17:07+08:00 ] 49.92.185.58 /App/Shop/index/ppid/4
INFO: [ app_init ] --START--
INFO: Run Behavior\BuildLiteBehavior [ RunTime:0.000012s ]
INFO: [ app_init ] --END-- [ RunTime:0.000273s ]
INFO: [ app_begin ] --START--
INFO: Run Behavior\ReadHtmlCacheBehavior [ RunTime:0.000344s ]
INFO: [ app_begin ] --END-- [ RunTime:0.000382s ]
SQL: SHOW COLUMNS FROM `yk_set` [ RunTime:0.0008s ]
SQL: SELECT * FROM `yk_set` LIMIT 1   [ RunTime:0.0002s ]
NOTIC: [8] Undefined index: employee /mnt/wwwroot/yikang.mubantang.com/Application/App/Controller/BaseController.class.php 第 33 行.
SQL: SHOW COLUMNS FROM `yk_vip` [ RunTime:0.0012s ]
SQL: SELECT * FROM `yk_vip` WHERE `openid` = 'omV0nwrnm8V3v9o2GkSP_Oq3poZs' LIMIT 1   [ RunTime:0.0003s ]
SQL: SHOW COLUMNS FROM `yk_vip_set` [ RunTime:0.0008s ]
SQL: SELECT * FROM `yk_vip_set` LIMIT 1   [ RunTime:0.0001s ]
SQL: SHOW COLUMNS FROM `yk_shop_set` [ RunTime:0.0007s ]
SQL: SELECT * FROM `yk_shop_set` LIMIT 1   [ RunTime:0.0002s ]
SQL: SELECT * FROM `yk_shop_set` WHERE ( id=1 ) LIMIT 1   [ RunTime:0.0002s ]
SQL: SHOW COLUMNS FROM `yk_upload_img` [ RunTime:0.0004s ]
SQL: SELECT * FROM `yk_upload_img` WHERE `id` = 187 LIMIT 1   [ RunTime:0.0001s ]
SQL: SHOW COLUMNS FROM `yk_shop_goods` [ RunTime:0.0011s ]
SQL: SHOW COLUMNS FROM `yk_shop_group` [ RunTime:0.0005s ]
SQL: SELECT * FROM `yk_shop_group` WHERE `status` = 1  [ RunTime:0.0002s ]
SQL: SELECT * FROM `yk_upload_img` WHERE `id` = 179 LIMIT 1   [ RunTime:0.0001s ]
SQL: SELECT * FROM `yk_upload_img` WHERE `id` = 192 LIMIT 1   [ RunTime:0.0001s ]
SQL: SELECT * FROM `yk_shop_goods` WHERE `status` = 1  [ RunTime:0.0002s ]
SQL: SELECT * FROM `yk_upload_img` WHERE `id` = 184 LIMIT 1   [ RunTime:0.0001s ]
SQL: SELECT * FROM `yk_upload_img` WHERE `id` = 182 LIMIT 1   [ RunTime:0.0001s ]
SQL: SHOW COLUMNS FROM `yk_shop_cate` [ RunTime:0.0005s ]
SQL: SELECT * FROM `yk_shop_cate` WHERE `id` IN ('20','21','22','23','24','25','27')  [ RunTime:0.0001s ]
SQL: SELECT * FROM `yk_upload_img` WHERE `id` = 174 LIMIT 1   [ RunTime:0.0001s ]
SQL: SHOW COLUMNS FROM `yk_shop_ads` [ RunTime:0.0004s ]
SQL: SELECT * FROM `yk_shop_ads` WHERE ( id )  [ RunTime:0.0001s ]
SQL: SELECT * FROM `yk_upload_img` WHERE `id` = 187 LIMIT 1   [ RunTime:0.0002s ]
SQL: SELECT * FROM `yk_upload_img` WHERE `id` = 189 LIMIT 1   [ RunTime:0.0002s ]
SQL: SELECT * FROM `yk_upload_img` WHERE `id` = 188 LIMIT 1   [ RunTime:0.0001s ]
SQL: SHOW COLUMNS FROM `yk_artical` [ RunTime:0.0004s ]
SQL: SELECT * FROM `yk_artical` ORDER BY id desc LIMIT 3   [ RunTime:0.0002s ]
SQL: SELECT * FROM `yk_upload_img` WHERE `id` = 175 LIMIT 1   [ RunTime:0.0001s ]
INFO: [ view_parse ] --START--
INFO: [ template_filter ] --START--
INFO: Run Behavior\ContentReplaceBehavior [ RunTime:0.000065s ]
INFO: [ template_filter ] --END-- [ RunTime:0.000104s ]
NOTIC: [8] Undefined variable: mrtj /mnt/wwwroot/yikang.mubantang.com/Application/Runtime/Cache/App/b56b8082e02b1b878a28f8cba0cac826.php 第 153 行.
NOTIC: [8] Undefined variable: mrtj /mnt/wwwroot/yikang.mubantang.com/Application/Runtime/Cache/App/b56b8082e02b1b878a28f8cba0cac826.php 第 153 行.
NOTIC: [8] Undefined variable: actname /mnt/wwwroot/yikang.mubantang.com/Application/Runtime/Cache/App/b56b8082e02b1b878a28f8cba0cac826.php 第 185 行.
INFO: Run Behavior\ParseTemplateBehavior [ RunTime:0.011576s ]
INFO: [ view_parse ] --END-- [ RunTime:0.011614s ]
INFO: [ view_filter ] --START--
INFO: Run Behavior\WriteHtmlCacheBehavior [ RunTime:0.000125s ]
INFO: [ view_filter ] --END-- [ RunTime:0.000156s ]
INFO: [ app_end ] --START--
INFO: Run Behavior\ShowPageTraceBehavior [ RunTime:0.000377s ]
INFO: [ app_end ] --END-- [ RunTime:0.000417s ]

[ 2016-12-04T09:19:04+08:00 ] 49.92.185.58 /App/Shop/index
INFO: [ app_init ] --START--
INFO: Run Behavior\BuildLiteBehavior [ RunTime:0.000012s ]
INFO: [ app_init ] --END-- [ RunTime:0.000280s ]
INFO: [ app_begin ] --START--
INFO: Run Behavior\ReadHtmlCacheBehavior [ RunTime:0.000368s ]
INFO: [ app_begin ] --END-- [ RunTime:0.000406s ]
SQL: SHOW COLUMNS FROM `yk_set` [ RunTime:0.0008s ]
SQL: SELECT * FROM `yk_set` LIMIT 1   [ RunTime:0.0002s ]
NOTIC: [8] Undefined index: ppid /mnt/wwwroot/yikang.mubantang.com/Application/App/Controller/BaseController.class.php 第 32 行.
NOTIC: [8] Undefined index: employee /mnt/wwwroot/yikang.mubantang.com/Application/App/Controller/BaseController.class.php 第 33 行.
SQL: SHOW COLUMNS FROM `yk_vip` [ RunTime:0.0010s ]
SQL: SELECT * FROM `yk_vip` WHERE `openid` = 'omV0nwrnm8V3v9o2GkSP_Oq3poZs' LIMIT 1   [ RunTime:0.0003s ]
NOTIC: [8] Undefined index: ppid /mnt/wwwroot/yikang.mubantang.com/Application/App/Controller/BaseController.class.php 第 131 行.

[ 2016-12-04T09:19:05+08:00 ] 49.92.185.58 /App/Shop/index/ppid/4
INFO: [ app_init ] --START--
INFO: Run Behavior\BuildLiteBehavior [ RunTime:0.000012s ]
INFO: [ app_init ] --END-- [ RunTime:0.000257s ]
INFO: [ app_begin ] --START--
INFO: Run Behavior\ReadHtmlCacheBehavior [ RunTime:0.000425s ]
INFO: [ app_begin ] --END-- [ RunTime:0.000464s ]
SQL: SHOW COLUMNS FROM `yk_set` [ RunTime:0.0007s ]
SQL: SELECT * FROM `yk_set` LIMIT 1   [ RunTime:0.0002s ]
NOTIC: [8] Undefined index: employee /mnt/wwwroot/yikang.mubantang.com/Application/App/Controller/BaseController.class.php 第 33 行.
SQL: SHOW COLUMNS FROM `yk_vip` [ RunTime:0.0010s ]
SQL: SELECT * FROM `yk_vip` WHERE `openid` = 'omV0nwrnm8V3v9o2GkSP_Oq3poZs' LIMIT 1   [ RunTime:0.0003s ]
SQL: SHOW COLUMNS FROM `yk_vip_set` [ RunTime:0.0006s ]
SQL: SELECT * FROM `yk_vip_set` LIMIT 1   [ RunTime:0.0001s ]
SQL: SHOW COLUMNS FROM `yk_shop_set` [ RunTime:0.0006s ]
SQL: SELECT * FROM `yk_shop_set` LIMIT 1   [ RunTime:0.0002s ]
SQL: SELECT * FROM `yk_shop_set` WHERE ( id=1 ) LIMIT 1   [ RunTime:0.0002s ]
SQL: SHOW COLUMNS FROM `yk_upload_img` [ RunTime:0.0004s ]
SQL: SELECT * FROM `yk_upload_img` WHERE `id` = 187 LIMIT 1   [ RunTime:0.0001s ]
SQL: SHOW COLUMNS FROM `yk_shop_goods` [ RunTime:0.0010s ]
SQL: SHOW COLUMNS FROM `yk_shop_group` [ RunTime:0.0004s ]
SQL: SELECT * FROM `yk_shop_group` WHERE `status` = 1  [ RunTime:0.0002s ]
SQL: SELECT * FROM `yk_upload_img` WHERE `id` = 179 LIMIT 1   [ RunTime:0.0002s ]
SQL: SELECT * FROM `yk_upload_img` WHERE `id` = 192 LIMIT 1   [ RunTime:0.0001s ]
SQL: SELECT * FROM `yk_shop_goods` WHERE `status` = 1  [ RunTime:0.0002s ]
SQL: SELECT * FROM `yk_upload_img` WHERE `id` = 184 LIMIT 1   [ RunTime:0.0001s ]
SQL: SELECT * FROM `yk_upload_img` WHERE `id` = 182 LIMIT 1   [ RunTime:0.0001s ]
SQL: SHOW COLUMNS FROM `yk_shop_cate` [ RunTime:0.0004s ]
SQL: SELECT * FROM `yk_shop_cate` WHERE `id` IN ('20','21','22','23','24','25','27')  [ RunTime:0.0002s ]
SQL: SELECT * FROM `yk_upload_img` WHERE `id` = 174 LIMIT 1   [ RunTime:0.0001s ]
SQL: SHOW COLUMNS FROM `yk_shop_ads` [ RunTime:0.0003s ]
SQL: SELECT * FROM `yk_shop_ads` WHERE ( id )  [ RunTime:0.0001s ]
SQL: SELECT * FROM `yk_upload_img` WHERE `id` = 187 LIMIT 1   [ RunTime:0.0001s ]
SQL: SELECT * FROM `yk_upload_img` WHERE `id` = 189 LIMIT 1   [ RunTime:0.0001s ]
SQL: SELECT * FROM `yk_upload_img` WHERE `id` = 188 LIMIT 1   [ RunTime:0.0001s ]
SQL: SHOW COLUMNS FROM `yk_artical` [ RunTime:0.0004s ]
SQL: SELECT * FROM `yk_artical` ORDER BY id desc LIMIT 3   [ RunTime:0.0001s ]
SQL: SELECT * FROM `yk_upload_img` WHERE `id` = 175 LIMIT 1   [ RunTime:0.0001s ]
INFO: [ view_parse ] --START--
INFO: [ template_filter ] --START--
INFO: Run Behavior\ContentReplaceBehavior [ RunTime:0.000068s ]
INFO: [ template_filter ] --END-- [ RunTime:0.000110s ]
NOTIC: [8] Undefined variable: mrtj /mnt/wwwroot/yikang.mubantang.com/Application/Runtime/Cache/App/b56b8082e02b1b878a28f8cba0cac826.php 第 153 行.
NOTIC: [8] Undefined variable: mrtj /mnt/wwwroot/yikang.mubantang.com/Application/Runtime/Cache/App/b56b8082e02b1b878a28f8cba0cac826.php 第 153 行.
NOTIC: [8] Undefined variable: actname /mnt/wwwroot/yikang.mubantang.com/Application/Runtime/Cache/App/b56b8082e02b1b878a28f8cba0cac826.php 第 185 行.
INFO: Run Behavior\ParseTemplateBehavior [ RunTime:0.014344s ]
INFO: [ view_parse ] --END-- [ RunTime:0.014381s ]
INFO: [ view_filter ] --START--
INFO: Run Behavior\WriteHtmlCacheBehavior [ RunTime:0.000129s ]
INFO: [ view_filter ] --END-- [ RunTime:0.000163s ]
INFO: [ app_end ] --START--
INFO: Run Behavior\ShowPageTraceBehavior [ RunTime:0.000387s ]
INFO: [ app_end ] --END-- [ RunTime:0.000428s ]

[ 2016-12-04T10:33:38+08:00 ] 49.92.185.58 /App/Shop/index
INFO: [ app_init ] --START--
INFO: Run Behavior\BuildLiteBehavior [ RunTime:0.000014s ]
INFO: [ app_init ] --END-- [ RunTime:0.000273s ]
INFO: [ app_begin ] --START--
INFO: Run Behavior\ReadHtmlCacheBehavior [ RunTime:0.000331s ]
INFO: [ app_begin ] --END-- [ RunTime:0.000369s ]
SQL: SHOW COLUMNS FROM `yk_set` [ RunTime:0.0008s ]
SQL: SELECT * FROM `yk_set` LIMIT 1   [ RunTime:0.0002s ]
NOTIC: [8] Undefined index: ppid /mnt/wwwroot/yikang.mubantang.com/Application/App/Controller/BaseController.class.php 第 32 行.
NOTIC: [8] Undefined index: employee /mnt/wwwroot/yikang.mubantang.com/Application/App/Controller/BaseController.class.php 第 33 行.
SQL: SHOW COLUMNS FROM `yk_vip` [ RunTime:0.0011s ]
SQL: SELECT * FROM `yk_vip` WHERE `openid` = 'omV0nwrnm8V3v9o2GkSP_Oq3poZs' LIMIT 1   [ RunTime:0.0003s ]
NOTIC: [8] Undefined index: ppid /mnt/wwwroot/yikang.mubantang.com/Application/App/Controller/BaseController.class.php 第 131 行.

[ 2016-12-04T10:33:38+08:00 ] 49.92.185.58 /App/Shop/index/ppid/4
INFO: [ app_init ] --START--
INFO: Run Behavior\BuildLiteBehavior [ RunTime:0.000012s ]
INFO: [ app_init ] --END-- [ RunTime:0.000261s ]
INFO: [ app_begin ] --START--
INFO: Run Behavior\ReadHtmlCacheBehavior [ RunTime:0.000350s ]
INFO: [ app_begin ] --END-- [ RunTime:0.000388s ]
SQL: SHOW COLUMNS FROM `yk_set` [ RunTime:0.0009s ]
SQL: SELECT * FROM `yk_set` LIMIT 1   [ RunTime:0.0002s ]
NOTIC: [8] Undefined index: employee /mnt/wwwroot/yikang.mubantang.com/Application/App/Controller/BaseController.class.php 第 33 行.
SQL: SHOW COLUMNS FROM `yk_vip` [ RunTime:0.0010s ]
SQL: SELECT * FROM `yk_vip` WHERE `openid` = 'omV0nwrnm8V3v9o2GkSP_Oq3poZs' LIMIT 1   [ RunTime:0.0003s ]
SQL: SHOW COLUMNS FROM `yk_vip_set` [ RunTime:0.0007s ]
SQL: SELECT * FROM `yk_vip_set` LIMIT 1   [ RunTime:0.0001s ]
SQL: SHOW COLUMNS FROM `yk_shop_set` [ RunTime:0.0007s ]
SQL: SELECT * FROM `yk_shop_set` LIMIT 1   [ RunTime:0.0001s ]
SQL: SELECT * FROM `yk_shop_set` WHERE ( id=1 ) LIMIT 1   [ RunTime:0.0002s ]
SQL: SHOW COLUMNS FROM `yk_upload_img` [ RunTime:0.0004s ]
SQL: SELECT * FROM `yk_upload_img` WHERE `id` = 187 LIMIT 1   [ RunTime:0.0002s ]
SQL: SHOW COLUMNS FROM `yk_shop_goods` [ RunTime:0.0011s ]
SQL: SHOW COLUMNS FROM `yk_shop_group` [ RunTime:0.0004s ]
SQL: SELECT * FROM `yk_shop_group` WHERE `status` = 1  [ RunTime:0.0002s ]
SQL: SELECT * FROM `yk_upload_img` WHERE `id` = 179 LIMIT 1   [ RunTime:0.0001s ]
SQL: SELECT * FROM `yk_upload_img` WHERE `id` = 192 LIMIT 1   [ RunTime:0.0001s ]
SQL: SELECT * FROM `yk_shop_goods` WHERE `status` = 1  [ RunTime:0.0002s ]
SQL: SELECT * FROM `yk_upload_img` WHERE `id` = 184 LIMIT 1   [ RunTime:0.0001s ]
SQL: SELECT * FROM `yk_upload_img` WHERE `id` = 182 LIMIT 1   [ RunTime:0.0001s ]
SQL: SHOW COLUMNS FROM `yk_shop_cate` [ RunTime:0.0005s ]
SQL: SELECT * FROM `yk_shop_cate` WHERE `id` IN ('20','21','22','23','24','25','27')  [ RunTime:0.0001s ]
SQL: SELECT * FROM `yk_upload_img` WHERE `id` = 174 LIMIT 1   [ RunTime:0.0001s ]
SQL: SHOW COLUMNS FROM `yk_shop_ads` [ RunTime:0.0004s ]
SQL: SELECT * FROM `yk_shop_ads` WHERE ( id )  [ RunTime:0.0001s ]
SQL: SELECT * FROM `yk_upload_img` WHERE `id` = 187 LIMIT 1   [ RunTime:0.0001s ]
SQL: SELECT * FROM `yk_upload_img` WHERE `id` = 189 LIMIT 1   [ RunTime:0.0001s ]
SQL: SELECT * FROM `yk_upload_img` WHERE `id` = 188 LIMIT 1   [ RunTime:0.0001s ]
SQL: SHOW COLUMNS FROM `yk_artical` [ RunTime:0.0004s ]
SQL: SELECT * FROM `yk_artical` ORDER BY id desc LIMIT 3   [ RunTime:0.0001s ]
SQL: SELECT * FROM `yk_upload_img` WHERE `id` = 175 LIMIT 1   [ RunTime:0.0001s ]
INFO: [ view_parse ] --START--
INFO: [ template_filter ] --START--
INFO: Run Behavior\ContentReplaceBehavior [ RunTime:0.000067s ]
INFO: [ template_filter ] --END-- [ RunTime:0.000109s ]
NOTIC: [8] Undefined variable: mrtj /mnt/wwwroot/yikang.mubantang.com/Application/Runtime/Cache/App/b56b8082e02b1b878a28f8cba0cac826.php 第 153 行.
NOTIC: [8] Undefined variable: mrtj /mnt/wwwroot/yikang.mubantang.com/Application/Runtime/Cache/App/b56b8082e02b1b878a28f8cba0cac826.php 第 153 行.
NOTIC: [8] Undefined variable: actname /mnt/wwwroot/yikang.mubantang.com/Application/Runtime/Cache/App/b56b8082e02b1b878a28f8cba0cac826.php 第 185 行.
INFO: Run Behavior\ParseTemplateBehavior [ RunTime:0.011093s ]
INFO: [ view_parse ] --END-- [ RunTime:0.011130s ]
INFO: [ view_filter ] --START--
INFO: Run Behavior\WriteHtmlCacheBehavior [ RunTime:0.000126s ]
INFO: [ view_filter ] --END-- [ RunTime:0.000158s ]
INFO: [ app_end ] --START--
INFO: Run Behavior\ShowPageTraceBehavior [ RunTime:0.000353s ]
INFO: [ app_end ] --END-- [ RunTime:0.000394s ]

[ 2016-12-04T15:15:56+08:00 ] 183.61.38.55 /App/Shop/index/ppid/2510/?from=singlemessage
INFO: [ app_init ] --START--
INFO: Run Behavior\BuildLiteBehavior [ RunTime:0.000018s ]
INFO: [ app_init ] --END-- [ RunTime:0.001298s ]
INFO: [ app_begin ] --START--
INFO: Run Behavior\ReadHtmlCacheBehavior [ RunTime:0.001423s ]
INFO: [ app_begin ] --END-- [ RunTime:0.001465s ]
SQL: SHOW COLUMNS FROM `yk_set` [ RunTime:0.0210s ]
SQL: SELECT * FROM `yk_set` LIMIT 1   [ RunTime:0.0035s ]
NOTIC: [8] Undefined index: employee /mnt/wwwroot/yikang.mubantang.com/Application/App/Controller/BaseController.class.php 第 33 行.
NOTIC: [8] Undefined index: sqmode /mnt/wwwroot/yikang.mubantang.com/Application/App/Controller/BaseController.class.php 第 45 行.
NOTIC: [8] Undefined index: code /mnt/wwwroot/yikang.mubantang.com/Application/App/Controller/BaseController.class.php 第 55 行.
NOTIC: [8] Undefined index: sqmode /mnt/wwwroot/yikang.mubantang.com/Application/App/Controller/BaseController.class.php 第 94 行.
INFO: [ view_parse ] --START--
INFO: [ template_filter ] --START--
INFO: Run Behavior\ContentReplaceBehavior [ RunTime:0.000045s ]
INFO: [ template_filter ] --END-- [ RunTime:0.000096s ]
INFO: Run Behavior\ParseTemplateBehavior [ RunTime:0.025787s ]
INFO: [ view_parse ] --END-- [ RunTime:0.025831s ]
INFO: [ view_filter ] --START--
INFO: Run Behavior\WriteHtmlCacheBehavior [ RunTime:0.001026s ]
INFO: [ view_filter ] --END-- [ RunTime:0.001059s ]
INFO: [ view_parse ] --START--
INFO: Run Behavior\ParseTemplateBehavior [ RunTime:0.011035s ]
INFO: [ view_parse ] --END-- [ RunTime:-0.001126s ]
INFO: [ view_filter ] --START--
INFO: Run Behavior\WriteHtmlCacheBehavior [ RunTime:0.000008s ]
INFO: [ view_filter ] --END-- [ RunTime:-0.011134s ]

[ 2016-12-04T15:15:57+08:00 ] 183.61.38.55 /App/Shop/index/ppid/2510/?from=singlemessage&code=031ZWpAc2J83pA0kolAc26oGAc2ZWpAV&state=1
INFO: [ app_init ] --START--
INFO: Run Behavior\BuildLiteBehavior [ RunTime:0.000012s ]
INFO: [ app_init ] --END-- [ RunTime:0.000258s ]
INFO: [ app_begin ] --START--
INFO: Run Behavior\ReadHtmlCacheBehavior [ RunTime:0.000324s ]
INFO: [ app_begin ] --END-- [ RunTime:0.000362s ]
SQL: SHOW COLUMNS FROM `yk_set` [ RunTime:0.0007s ]
SQL: SELECT * FROM `yk_set` LIMIT 1   [ RunTime:0.0002s ]
NOTIC: [8] Undefined index: employee /mnt/wwwroot/yikang.mubantang.com/Application/App/Controller/BaseController.class.php 第 33 行.
NOTIC: [8] Undefined index: sqmode /mnt/wwwroot/yikang.mubantang.com/Application/App/Controller/BaseController.class.php 第 45 行.
SQL: SHOW COLUMNS FROM `yk_vip` [ RunTime:0.0040s ]
SQL: SELECT * FROM `yk_vip` WHERE `openid` = 'omV0nwhvH-i-XOk9FvD2kYblFrRk' LIMIT 1   [ RunTime:0.0407s ]

[ 2016-12-04T15:15:57+08:00 ] 183.61.38.55 /App/Shop/index/ppid/2511
INFO: [ app_init ] --START--
INFO: Run Behavior\BuildLiteBehavior [ RunTime:0.000014s ]
INFO: [ app_init ] --END-- [ RunTime:0.000273s ]
INFO: [ app_begin ] --START--
INFO: Run Behavior\ReadHtmlCacheBehavior [ RunTime:0.000330s ]
INFO: [ app_begin ] --END-- [ RunTime:0.000369s ]
SQL: SHOW COLUMNS FROM `yk_set` [ RunTime:0.0007s ]
SQL: SELECT * FROM `yk_set` LIMIT 1   [ RunTime:0.0002s ]
NOTIC: [8] Undefined index: employee /mnt/wwwroot/yikang.mubantang.com/Application/App/Controller/BaseController.class.php 第 33 行.
SQL: SHOW COLUMNS FROM `yk_vip` [ RunTime:0.0010s ]
SQL: SELECT * FROM `yk_vip` WHERE `openid` = 'omV0nwhvH-i-XOk9FvD2kYblFrRk' LIMIT 1   [ RunTime:0.0018s ]
SQL: SHOW COLUMNS FROM `yk_vip_set` [ RunTime:0.0024s ]
SQL: SELECT * FROM `yk_vip_set` LIMIT 1   [ RunTime:0.0042s ]
SQL: SHOW COLUMNS FROM `yk_shop_set` [ RunTime:0.0034s ]
SQL: SELECT * FROM `yk_shop_set` LIMIT 1   [ RunTime:0.0013s ]
SQL: SELECT * FROM `yk_shop_set` WHERE ( id=1 ) LIMIT 1   [ RunTime:0.0002s ]
SQL: SHOW COLUMNS FROM `yk_upload_img` [ RunTime:0.0017s ]
SQL: SELECT * FROM `yk_upload_img` WHERE `id` = 187 LIMIT 1   [ RunTime:0.0044s ]
SQL: SHOW COLUMNS FROM `yk_shop_goods` [ RunTime:0.0029s ]
SQL: SHOW COLUMNS FROM `yk_shop_group` [ RunTime:0.0016s ]
SQL: SELECT * FROM `yk_shop_group` WHERE `status` = 1  [ RunTime:0.0013s ]
SQL: SELECT * FROM `yk_upload_img` WHERE `id` = 179 LIMIT 1   [ RunTime:0.0096s ]
SQL: SELECT * FROM `yk_upload_img` WHERE `id` = 192 LIMIT 1   [ RunTime:0.0001s ]
SQL: SELECT * FROM `yk_shop_goods` WHERE `status` = 1  [ RunTime:0.0012s ]
SQL: SELECT * FROM `yk_upload_img` WHERE `id` = 184 LIMIT 1   [ RunTime:0.0001s ]
SQL: SELECT * FROM `yk_upload_img` WHERE `id` = 182 LIMIT 1   [ RunTime:0.0001s ]
SQL: SHOW COLUMNS FROM `yk_shop_cate` [ RunTime:0.0014s ]
SQL: SELECT * FROM `yk_shop_cate` WHERE `id` IN ('20','21','22','23','24','25','27')  [ RunTime:0.0011s ]
SQL: SELECT * FROM `yk_upload_img` WHERE `id` = 174 LIMIT 1   [ RunTime:0.0001s ]
SQL: SHOW COLUMNS FROM `yk_shop_ads` [ RunTime:0.0025s ]
SQL: SELECT * FROM `yk_shop_ads` WHERE ( id )  [ RunTime:0.0032s ]
SQL: SELECT * FROM `yk_upload_img` WHERE `id` = 187 LIMIT 1   [ RunTime:0.0001s ]
SQL: SELECT * FROM `yk_upload_img` WHERE `id` = 189 LIMIT 1   [ RunTime:0.0001s ]
SQL: SELECT * FROM `yk_upload_img` WHERE `id` = 188 LIMIT 1   [ RunTime:0.0001s ]
SQL: SHOW COLUMNS FROM `yk_artical` [ RunTime:0.0013s ]
SQL: SELECT * FROM `yk_artical` ORDER BY id desc LIMIT 3   [ RunTime:0.0010s ]
SQL: SELECT * FROM `yk_upload_img` WHERE `id` = 175 LIMIT 1   [ RunTime:0.0001s ]
INFO: [ view_parse ] --START--
INFO: [ template_filter ] --START--
INFO: Run Behavior\ContentReplaceBehavior [ RunTime:0.000067s ]
INFO: [ template_filter ] --END-- [ RunTime:0.000109s ]
NOTIC: [8] Undefined variable: mrtj /mnt/wwwroot/yikang.mubantang.com/Application/Runtime/Cache/App/b56b8082e02b1b878a28f8cba0cac826.php 第 153 行.
NOTIC: [8] Undefined variable: mrtj /mnt/wwwroot/yikang.mubantang.com/Application/Runtime/Cache/App/b56b8082e02b1b878a28f8cba0cac826.php 第 153 行.
NOTIC: [8] Undefined variable: actname /mnt/wwwroot/yikang.mubantang.com/Application/Runtime/Cache/App/b56b8082e02b1b878a28f8cba0cac826.php 第 185 行.
INFO: Run Behavior\ParseTemplateBehavior [ RunTime:0.019731s ]
INFO: [ view_parse ] --END-- [ RunTime:0.019768s ]
INFO: [ view_filter ] --START--
INFO: Run Behavior\WriteHtmlCacheBehavior [ RunTime:0.000143s ]
INFO: [ view_filter ] --END-- [ RunTime:0.000177s ]
INFO: [ app_end ] --START--
INFO: Run Behavior\ShowPageTraceBehavior [ RunTime:0.001384s ]
INFO: [ app_end ] --END-- [ RunTime:0.001425s ]

[ 2016-12-04T15:16:24+08:00 ] 183.61.38.55 /App/Shop/category/type/0
INFO: [ app_init ] --START--
INFO: Run Behavior\BuildLiteBehavior [ RunTime:0.000014s ]
INFO: [ app_init ] --END-- [ RunTime:0.000266s ]
INFO: [ app_begin ] --START--
INFO: Run Behavior\ReadHtmlCacheBehavior [ RunTime:0.000342s ]
INFO: [ app_begin ] --END-- [ RunTime:0.000380s ]
SQL: SHOW COLUMNS FROM `yk_set` [ RunTime:0.0007s ]
SQL: SELECT * FROM `yk_set` LIMIT 1   [ RunTime:0.0002s ]
NOTIC: [8] Undefined index: ppid /mnt/wwwroot/yikang.mubantang.com/Application/App/Controller/BaseController.class.php 第 32 行.
NOTIC: [8] Undefined index: employee /mnt/wwwroot/yikang.mubantang.com/Application/App/Controller/BaseController.class.php 第 33 行.
SQL: SHOW COLUMNS FROM `yk_vip` [ RunTime:0.0010s ]
SQL: SELECT * FROM `yk_vip` WHERE `openid` = 'omV0nwhvH-i-XOk9FvD2kYblFrRk' LIMIT 1   [ RunTime:0.0019s ]
NOTIC: [8] Undefined index: ppid /mnt/wwwroot/yikang.mubantang.com/Application/App/Controller/BaseController.class.php 第 131 行.
SQL: SHOW COLUMNS FROM `yk_vip_set` [ RunTime:0.0006s ]
SQL: SELECT * FROM `yk_vip_set` LIMIT 1   [ RunTime:0.0001s ]
SQL: SHOW COLUMNS FROM `yk_shop_set` [ RunTime:0.0008s ]
SQL: SELECT * FROM `yk_shop_set` LIMIT 1   [ RunTime:0.0002s ]
SQL: SELECT * FROM `yk_shop_set` WHERE ( id=1 ) LIMIT 1   [ RunTime:0.0002s ]
SQL: SHOW COLUMNS FROM `yk_upload_img` [ RunTime:0.0004s ]
SQL: SELECT * FROM `yk_upload_img` WHERE `id` = 187 LIMIT 1   [ RunTime:0.0001s ]
SQL: SHOW COLUMNS FROM `yk_shop_goods` [ RunTime:0.0007s ]
SQL: SELECT * FROM `yk_shop_goods` WHERE `status` = 1  [ RunTime:0.0002s ]
SQL: SELECT * FROM `yk_upload_img` WHERE `id` = 184 LIMIT 1   [ RunTime:0.0002s ]
SQL: SELECT * FROM `yk_upload_img` WHERE `id` = 182 LIMIT 1   [ RunTime:0.0001s ]
SQL: SHOW COLUMNS FROM `yk_shop_cate` [ RunTime:0.0004s ]
SQL: SELECT * FROM `yk_shop_cate` WHERE `id` IN ('20','21','22','23','24','25','27')  [ RunTime:0.0001s ]
SQL: SELECT * FROM `yk_upload_img` WHERE `id` = 174 LIMIT 1   [ RunTime:0.0001s ]
SQL: SELECT * FROM `yk_shop_cate` WHERE ( id=0 ) LIMIT 1   [ RunTime:0.0001s ]
INFO: [ view_parse ] --START--
INFO: [ template_filter ] --START--
INFO: Run Behavior\ContentReplaceBehavior [ RunTime:0.000072s ]
INFO: [ template_filter ] --END-- [ RunTime:0.000121s ]
NOTIC: [8] Undefined variable: jsapi /mnt/wwwroot/yikang.mubantang.com/Application/Runtime/Cache/App/cb14e85b4fc58b84b59d9d9da38f3794.php 第 238 行.
NOTIC: [8] Undefined variable: jsapi /mnt/wwwroot/yikang.mubantang.com/Application/Runtime/Cache/App/cb14e85b4fc58b84b59d9d9da38f3794.php 第 239 行.
NOTIC: [8] Undefined variable: jsapi /mnt/wwwroot/yikang.mubantang.com/Application/Runtime/Cache/App/cb14e85b4fc58b84b59d9d9da38f3794.php 第 240 行.
NOTIC: [8] Undefined variable: jsapi /mnt/wwwroot/yikang.mubantang.com/Application/Runtime/Cache/App/cb14e85b4fc58b84b59d9d9da38f3794.php 第 241 行.
INFO: Run Behavior\ParseTemplateBehavior [ RunTime:0.030494s ]
INFO: [ view_parse ] --END-- [ RunTime:0.030531s ]
INFO: [ view_filter ] --START--
INFO: Run Behavior\WriteHtmlCacheBehavior [ RunTime:0.000126s ]
INFO: [ view_filter ] --END-- [ RunTime:0.000159s ]
INFO: [ app_end ] --START--
INFO: Run Behavior\ShowPageTraceBehavior [ RunTime:0.000383s ]
INFO: [ app_end ] --END-- [ RunTime:0.000436s ]

[ 2016-12-04T15:16:26+08:00 ] 183.61.51.199 /App/Shop/goods/sid/0/id/18/ppid/2511
INFO: [ app_init ] --START--
INFO: Run Behavior\BuildLiteBehavior [ RunTime:0.000013s ]
INFO: [ app_init ] --END-- [ RunTime:0.000273s ]
INFO: [ app_begin ] --START--
INFO: Run Behavior\ReadHtmlCacheBehavior [ RunTime:0.000368s ]
INFO: [ app_begin ] --END-- [ RunTime:0.000415s ]
SQL: SHOW COLUMNS FROM `yk_set` [ RunTime:0.0008s ]
SQL: SELECT * FROM `yk_set` LIMIT 1   [ RunTime:0.0002s ]
NOTIC: [8] Undefined index: employee /mnt/wwwroot/yikang.mubantang.com/Application/App/Controller/BaseController.class.php 第 33 行.
SQL: SHOW COLUMNS FROM `yk_vip` [ RunTime:0.0010s ]
SQL: SELECT * FROM `yk_vip` WHERE `openid` = 'omV0nwhvH-i-XOk9FvD2kYblFrRk' LIMIT 1   [ RunTime:0.0018s ]
SQL: SHOW COLUMNS FROM `yk_vip_set` [ RunTime:0.0006s ]
SQL: SELECT * FROM `yk_vip_set` LIMIT 1   [ RunTime:0.0001s ]
SQL: SHOW COLUMNS FROM `yk_shop_set` [ RunTime:0.0007s ]
SQL: SELECT * FROM `yk_shop_set` LIMIT 1   [ RunTime:0.0002s ]
SQL: SELECT * FROM `yk_shop_set` WHERE ( id=1 ) LIMIT 1   [ RunTime:0.0002s ]
SQL: SHOW COLUMNS FROM `yk_upload_img` [ RunTime:0.0004s ]
SQL: SELECT * FROM `yk_upload_img` WHERE `id` = 187 LIMIT 1   [ RunTime:0.0001s ]
SQL: SHOW COLUMNS FROM `yk_shop_goods` [ RunTime:0.0010s ]
SQL: SELECT * FROM `yk_shop_goods` WHERE ( id=18 ) LIMIT 1   [ RunTime:0.0002s ]
SQL: UPDATE `yk_shop_goods` SET `clicks`=clicks+1 WHERE ( id=18 ) [ RunTime:0.0002s ]
SQL: SHOW COLUMNS FROM `yk_shop_label` [ RunTime:0.0146s ]
SQL: SELECT `name` FROM `yk_shop_label` WHERE `id` = 0 LIMIT 1   [ RunTime:0.0078s ]
SQL: SELECT * FROM `yk_upload_img` WHERE `id` IN ('186','')  [ RunTime:0.0002s ]
SQL: SELECT * FROM `yk_upload_img` WHERE `id` = 186 LIMIT 1   [ RunTime:0.0001s ]
SQL: SHOW COLUMNS FROM `yk_shop_basket` [ RunTime:0.0218s ]
SQL: SELECT SUM(num) AS tp_sum FROM `yk_shop_basket` WHERE `sid` = 0 AND `vipid` = 2511 LIMIT 1   [ RunTime:0.0033s ]
INFO: [ view_parse ] --START--
INFO: [ template_filter ] --START--
INFO: Run Behavior\ContentReplaceBehavior [ RunTime:0.000063s ]
INFO: [ template_filter ] --END-- [ RunTime:0.000112s ]
NOTIC: [8] Undefined variable: skujson /mnt/wwwroot/yikang.mubantang.com/Application/Runtime/Cache/App/53ff55a9284988d205aff13e5a85d20c.php 第 121 行.
INFO: Run Behavior\ParseTemplateBehavior [ RunTime:0.035841s ]
INFO: [ view_parse ] --END-- [ RunTime:0.035883s ]
INFO: [ view_filter ] --START--
INFO: Run Behavior\WriteHtmlCacheBehavior [ RunTime:0.000124s ]
INFO: [ view_filter ] --END-- [ RunTime:0.000179s ]
INFO: [ app_end ] --START--
INFO: Run Behavior\ShowPageTraceBehavior [ RunTime:0.000355s ]
INFO: [ app_end ] --END-- [ RunTime:0.000395s ]

[ 2016-12-04T15:16:30+08:00 ] 183.61.38.55 /App/Shop/fastbuy
INFO: [ app_init ] --START--
INFO: Run Behavior\BuildLiteBehavior [ RunTime:0.000014s ]
INFO: [ app_init ] --END-- [ RunTime:0.000268s ]
INFO: [ app_begin ] --START--
INFO: Run Behavior\ReadHtmlCacheBehavior [ RunTime:0.000323s ]
INFO: [ app_begin ] --END-- [ RunTime:0.000358s ]
SQL: SHOW COLUMNS FROM `yk_set` [ RunTime:0.0007s ]
SQL: SELECT * FROM `yk_set` LIMIT 1   [ RunTime:0.0002s ]
NOTIC: [8] Undefined index: ppid /mnt/wwwroot/yikang.mubantang.com/Application/App/Controller/BaseController.class.php 第 32 行.
NOTIC: [8] Undefined index: employee /mnt/wwwroot/yikang.mubantang.com/Application/App/Controller/BaseController.class.php 第 33 行.
SQL: SHOW COLUMNS FROM `yk_vip` [ RunTime:0.0011s ]
SQL: SELECT * FROM `yk_vip` WHERE `openid` = 'omV0nwhvH-i-XOk9FvD2kYblFrRk' LIMIT 1   [ RunTime:0.0018s ]
NOTIC: [8] Undefined index: ppid /mnt/wwwroot/yikang.mubantang.com/Application/App/Controller/BaseController.class.php 第 131 行.
SQL: SHOW COLUMNS FROM `yk_vip_set` [ RunTime:0.0006s ]
SQL: SELECT * FROM `yk_vip_set` LIMIT 1   [ RunTime:0.0001s ]
SQL: SHOW COLUMNS FROM `yk_shop_set` [ RunTime:0.0007s ]
SQL: SELECT * FROM `yk_shop_set` LIMIT 1   [ RunTime:0.0002s ]
SQL: SELECT * FROM `yk_shop_set` WHERE ( id=1 ) LIMIT 1   [ RunTime:0.0002s ]
SQL: SHOW COLUMNS FROM `yk_upload_img` [ RunTime:0.0004s ]
SQL: SELECT * FROM `yk_upload_img` WHERE `id` = 187 LIMIT 1   [ RunTime:0.0002s ]
SQL: SHOW COLUMNS FROM `yk_shop_basket` [ RunTime:0.0003s ]
SQL: DELETE FROM `yk_shop_basket` WHERE `sid` = 0 AND `vipid` = 2511 [ RunTime:0.0002s ]
SQL: INSERT INTO `yk_shop_basket` (`sid`,`goodsid`,`vipid`,`sku`,`num`) VALUES ('0','18','2511','','1') [ RunTime:0.0002s ]

[ 2016-12-04T15:16:33+08:00 ] 183.61.51.199 /App/Shop/orderMake/sid/0/lasturl/L0FwcC9TaG9wL2dvb2RzL2lkLzE4
INFO: [ app_init ] --START--
INFO: Run Behavior\BuildLiteBehavior [ RunTime:0.000014s ]
INFO: [ app_init ] --END-- [ RunTime:0.000401s ]
INFO: [ app_begin ] --START--
INFO: Run Behavior\ReadHtmlCacheBehavior [ RunTime:0.000329s ]
INFO: [ app_begin ] --END-- [ RunTime:0.000368s ]
SQL: SHOW COLUMNS FROM `yk_set` [ RunTime:0.0007s ]
SQL: SELECT * FROM `yk_set` LIMIT 1   [ RunTime:0.0002s ]
NOTIC: [8] Undefined index: ppid /mnt/wwwroot/yikang.mubantang.com/Application/App/Controller/BaseController.class.php 第 32 行.
NOTIC: [8] Undefined index: employee /mnt/wwwroot/yikang.mubantang.com/Application/App/Controller/BaseController.class.php 第 33 行.
SQL: SHOW COLUMNS FROM `yk_vip` [ RunTime:0.0010s ]
SQL: SELECT * FROM `yk_vip` WHERE `openid` = 'omV0nwhvH-i-XOk9FvD2kYblFrRk' LIMIT 1   [ RunTime:0.0018s ]
NOTIC: [8] Undefined index: ppid /mnt/wwwroot/yikang.mubantang.com/Application/App/Controller/BaseController.class.php 第 131 行.
SQL: SHOW COLUMNS FROM `yk_vip_set` [ RunTime:0.0006s ]
SQL: SELECT * FROM `yk_vip_set` LIMIT 1   [ RunTime:0.0001s ]
SQL: SHOW COLUMNS FROM `yk_shop_set` [ RunTime:0.0007s ]
SQL: SELECT * FROM `yk_shop_set` LIMIT 1   [ RunTime:0.0002s ]
SQL: SELECT * FROM `yk_shop_set` WHERE ( id=1 ) LIMIT 1   [ RunTime:0.0002s ]
SQL: SHOW COLUMNS FROM `yk_upload_img` [ RunTime:0.0004s ]
SQL: SELECT * FROM `yk_upload_img` WHERE `id` = 187 LIMIT 1   [ RunTime:0.0001s ]
SQL: SHOW COLUMNS FROM `yk_vip_level` [ RunTime:0.0021s ]
SQL: SELECT `name` FROM `yk_vip_level` WHERE ( id=1 ) LIMIT 1   [ RunTime:0.0013s ]
SQL: SHOW COLUMNS FROM `yk_vip_monthexp` [ RunTime:0.0027s ]
SQL: SELECT * FROM `yk_vip_monthexp` WHERE `month` = '2016-11' AND `vipid` = 2511 LIMIT 1   [ RunTime:0.0014s ]
SQL: SELECT SUM(exp) AS tp_sum FROM `yk_vip_monthexp` WHERE ( vipid=2511 ) LIMIT 1   [ RunTime:0.0002s ]
SQL: INSERT INTO `yk_vip_monthexp` (`exp`,`month`,`ctime`,`vipid`) VALUES ('20','2016-11','1480835793','2511') [ RunTime:0.0002s ]
SQL: SHOW COLUMNS FROM `yk_vip_level` [ RunTime:0.0003s ]
SQL: SELECT * FROM `yk_vip_level` ORDER BY exp  [ RunTime:0.0001s ]
SQL: SHOW COLUMNS FROM `yk_vip` [ RunTime:0.0009s ]
SQL: UPDATE `yk_vip` SET `cur_exp`='20',`levelid`='1' WHERE ( id=2511 ) [ RunTime:0.0130s ]
SQL: SHOW COLUMNS FROM `yk_shop_basket` [ RunTime:0.0004s ]
SQL: SHOW COLUMNS FROM `yk_shop_goods` [ RunTime:0.0006s ]
SQL: SHOW COLUMNS FROM `yk_shop_goods_sku` [ RunTime:0.0026s ]
SQL: SELECT * FROM `yk_shop_basket` WHERE `sid` = 0 AND `vipid` = 2511  [ RunTime:0.0002s ]
SQL: SELECT * FROM `yk_shop_goods` WHERE ( id=18 ) LIMIT 1   [ RunTime:0.0002s ]
SQL: SELECT * FROM `yk_upload_img` WHERE `id` = 186 LIMIT 1   [ RunTime:0.0001s ]
NOTIC: [8] Undefined variable: sku /mnt/wwwroot/yikang.mubantang.com/Application/App/Controller/ShopController.class.php 第 838 行.
SQL: SHOW COLUMNS FROM `yk_vip_address` [ RunTime:0.0164s ]
SQL: SELECT * FROM `yk_vip_address` WHERE ( vipid=2511 ) LIMIT 1   [ RunTime:0.0096s ]
SQL: SHOW COLUMNS FROM `yk_vip_card` [ RunTime:0.0109s ]
SQL: SELECT `id`,`money` FROM `yk_vip_card` WHERE `type` = 2 AND `vipid` = 2511 AND `status` = 1 AND `usetime` = 0 AND `etime` > 1480835793 AND `usemoney` < 680  [ RunTime:0.0001s ]
INFO: [ view_parse ] --START--
INFO: [ template_filter ] --START--
INFO: Run Behavior\ContentReplaceBehavior [ RunTime:0.000055s ]
INFO: [ template_filter ] --END-- [ RunTime:0.000095s ]
INFO: Run Behavior\ParseTemplateBehavior [ RunTime:0.010192s ]
INFO: [ view_parse ] --END-- [ RunTime:0.010254s ]
INFO: [ view_filter ] --START--
INFO: Run Behavior\WriteHtmlCacheBehavior [ RunTime:0.000127s ]
INFO: [ view_filter ] --END-- [ RunTime:0.000159s ]
INFO: [ app_end ] --START--
INFO: Run Behavior\ShowPageTraceBehavior [ RunTime:0.000354s ]
INFO: [ app_end ] --END-- [ RunTime:0.000390s ]

[ 2016-12-04T15:16:47+08:00 ] 180.153.205.252 /App/Shop/orderMake/sid/0/lasturl/L0FwcC9TaG9wL2dvb2RzL2lkLzE4
INFO: [ app_init ] --START--
INFO: Run Behavior\BuildLiteBehavior [ RunTime:0.000014s ]
INFO: [ app_init ] --END-- [ RunTime:0.000274s ]
INFO: [ app_begin ] --START--
INFO: Run Behavior\ReadHtmlCacheBehavior [ RunTime:0.000357s ]
INFO: [ app_begin ] --END-- [ RunTime:0.000395s ]
SQL: SHOW COLUMNS FROM `yk_set` [ RunTime:0.0007s ]
SQL: SELECT * FROM `yk_set` LIMIT 1   [ RunTime:0.0002s ]
NOTIC: [8] Undefined index: ppid /mnt/wwwroot/yikang.mubantang.com/Application/App/Controller/BaseController.class.php 第 32 行.
NOTIC: [8] Undefined index: employee /mnt/wwwroot/yikang.mubantang.com/Application/App/Controller/BaseController.class.php 第 33 行.
NOTIC: [8] Undefined index: sqmode /mnt/wwwroot/yikang.mubantang.com/Application/App/Controller/BaseController.class.php 第 45 行.
INFO: [ view_parse ] --START--
INFO: [ template_filter ] --START--
INFO: Run Behavior\ContentReplaceBehavior [ RunTime:0.000044s ]
INFO: [ template_filter ] --END-- [ RunTime:0.000084s ]
INFO: Run Behavior\ParseTemplateBehavior [ RunTime:0.004615s ]
INFO: [ view_parse ] --END-- [ RunTime:0.004653s ]
INFO: [ view_filter ] --START--
INFO: Run Behavior\WriteHtmlCacheBehavior [ RunTime:0.000123s ]
INFO: [ view_filter ] --END-- [ RunTime:0.000155s ]
INFO: [ view_parse ] --START--
INFO: Run Behavior\ParseTemplateBehavior [ RunTime:0.011463s ]
INFO: [ view_parse ] --END-- [ RunTime:-0.000215s ]
INFO: [ view_filter ] --START--
INFO: Run Behavior\WriteHtmlCacheBehavior [ RunTime:0.000009s ]
INFO: [ view_filter ] --END-- [ RunTime:-0.011558s ]

[ 2016-12-04T15:16:49+08:00 ] 180.153.214.192 /App/Shop/orderMake/sid/0/lasturl/L0FwcC9TaG9wL2dvb2RzL2lkLzE4
INFO: [ app_init ] --START--
INFO: Run Behavior\BuildLiteBehavior [ RunTime:0.000013s ]
INFO: [ app_init ] --END-- [ RunTime:0.000288s ]
INFO: [ app_begin ] --START--
INFO: Run Behavior\ReadHtmlCacheBehavior [ RunTime:0.000333s ]
INFO: [ app_begin ] --END-- [ RunTime:0.000374s ]
SQL: SHOW COLUMNS FROM `yk_set` [ RunTime:0.0007s ]
SQL: SELECT * FROM `yk_set` LIMIT 1   [ RunTime:0.0002s ]
NOTIC: [8] Undefined index: ppid /mnt/wwwroot/yikang.mubantang.com/Application/App/Controller/BaseController.class.php 第 32 行.
NOTIC: [8] Undefined index: employee /mnt/wwwroot/yikang.mubantang.com/Application/App/Controller/BaseController.class.php 第 33 行.
NOTIC: [8] Undefined index: sqmode /mnt/wwwroot/yikang.mubantang.com/Application/App/Controller/BaseController.class.php 第 45 行.
INFO: [ view_parse ] --START--
INFO: [ template_filter ] --START--
INFO: Run Behavior\ContentReplaceBehavior [ RunTime:0.000039s ]
INFO: [ template_filter ] --END-- [ RunTime:0.000086s ]
INFO: Run Behavior\ParseTemplateBehavior [ RunTime:0.004757s ]
INFO: [ view_parse ] --END-- [ RunTime:0.004792s ]
INFO: [ view_filter ] --START--
INFO: Run Behavior\WriteHtmlCacheBehavior [ RunTime:0.000115s ]
INFO: [ view_filter ] --END-- [ RunTime:0.000148s ]
INFO: [ view_parse ] --START--
INFO: Run Behavior\ParseTemplateBehavior [ RunTime:0.000150s ]
INFO: [ view_parse ] --END-- [ RunTime:-0.000214s ]
INFO: [ view_filter ] --START--
INFO: Run Behavior\WriteHtmlCacheBehavior [ RunTime:0.000008s ]
INFO: [ view_filter ] --END-- [ RunTime:-0.000254s ]

[ 2016-12-04T15:17:59+08:00 ] 183.61.38.55 /App/Shop/orderMake/sid/0/lasturl/L0FwcC9TaG9wL2dvb2RzL2lkLzE4
INFO: [ app_init ] --START--
INFO: Run Behavior\BuildLiteBehavior [ RunTime:0.000017s ]
INFO: [ app_init ] --END-- [ RunTime:0.000349s ]
INFO: [ app_begin ] --START--
INFO: Run Behavior\ReadHtmlCacheBehavior [ RunTime:0.000372s ]
INFO: [ app_begin ] --END-- [ RunTime:0.000411s ]
SQL: SHOW COLUMNS FROM `yk_set` [ RunTime:0.0008s ]
SQL: SELECT * FROM `yk_set` LIMIT 1   [ RunTime:0.0002s ]
NOTIC: [8] Undefined index: ppid /mnt/wwwroot/yikang.mubantang.com/Application/App/Controller/BaseController.class.php 第 32 行.
NOTIC: [8] Undefined index: employee /mnt/wwwroot/yikang.mubantang.com/Application/App/Controller/BaseController.class.php 第 33 行.
SQL: SHOW COLUMNS FROM `yk_vip` [ RunTime:0.0010s ]
SQL: SELECT * FROM `yk_vip` WHERE `openid` = 'omV0nwhvH-i-XOk9FvD2kYblFrRk' LIMIT 1   [ RunTime:0.0019s ]
NOTIC: [8] Undefined index: ppid /mnt/wwwroot/yikang.mubantang.com/Application/App/Controller/BaseController.class.php 第 131 行.
SQL: SHOW COLUMNS FROM `yk_vip_set` [ RunTime:0.0006s ]
SQL: SELECT * FROM `yk_vip_set` LIMIT 1   [ RunTime:0.0001s ]
SQL: SHOW COLUMNS FROM `yk_shop_set` [ RunTime:0.0007s ]
SQL: SELECT * FROM `yk_shop_set` LIMIT 1   [ RunTime:0.0002s ]
SQL: SELECT * FROM `yk_shop_set` WHERE ( id=1 ) LIMIT 1   [ RunTime:0.0002s ]
SQL: SHOW COLUMNS FROM `yk_upload_img` [ RunTime:0.0004s ]
SQL: SELECT * FROM `yk_upload_img` WHERE `id` = 187 LIMIT 1   [ RunTime:0.0002s ]
SQL: SHOW COLUMNS FROM `yk_shop_order` [ RunTime:0.0179s ]
NOTIC: [8] Undefined index: djqid /mnt/wwwroot/yikang.mubantang.com/Application/App/Controller/ShopController.class.php 第 704 行.
SQL: INSERT INTO `yk_shop_order` (`sid`,`paytype`,`vipid`,`vipopenid`,`totalnum`,`totalprice`,`items`,`msg`,`vipaddress`,`vipname`,`vipmobile`,`ispay`,`status`,`ctime`,`payprice`,`yf`) VALUES ('0','wxpay','2511','omV0nwhvH-i-XOk9FvD2kYblFrRk','1','680','a:1:{i:0;a:12:{s:2:\"id\";s:3:\"596\";s:3:\"sid\";s:1:\"0\";s:5:\"vipid\";s:4:\"2511\";s:7:\"goodsid\";s:2:\"18\";s:3:\"sku\";s:0:\"\";s:3:\"num\";s:1:\"1\";s:5:\"skuid\";i:0;s:4:\"name\";s:39:\"恒压咽鼓管吹张器（儿童型）\";s:7:\"skuattr\";N;s:5:\"price\";s:3:\"680\";s:5:\"total\";i:680;s:3:\"pic\";s:40:\"/Upload/img/2016-07-27/5798797fe244b.jpg\";}}','','广州市从化区街口街新村北路二巷二幢','凌彩兰','18929550791','0','1','1480835879','680','0') [ RunTime:0.0118s ]
SQL: UPDATE `yk_shop_order` SET `oid`='20161204151759-58' WHERE ( id=58 ) [ RunTime:0.0002s ]
SQL: SHOW COLUMNS FROM `yk_shop_order_syslog` [ RunTime:0.0077s ]
SQL: INSERT INTO `yk_shop_order_syslog` (`oid`,`msg`,`type`,`ctime`) VALUES ('58','订单创建成功','1','1480835879') [ RunTime:0.0189s ]
SQL: SHOW COLUMNS FROM `yk_shop_basket` [ RunTime:0.0004s ]
SQL: DELETE FROM `yk_shop_basket` WHERE `sid` = 0 AND `vipid` = 2511 [ RunTime:0.0002s ]

[ 2016-12-04T15:18:00+08:00 ] 183.61.38.55 /App/Shop/pay/sid/0/orderid/58
INFO: [ app_init ] --START--
INFO: Run Behavior\BuildLiteBehavior [ RunTime:0.000012s ]
INFO: [ app_init ] --END-- [ RunTime:0.000262s ]
INFO: [ app_begin ] --START--
INFO: Run Behavior\ReadHtmlCacheBehavior [ RunTime:0.000327s ]
INFO: [ app_begin ] --END-- [ RunTime:0.000365s ]
SQL: SHOW COLUMNS FROM `yk_set` [ RunTime:0.0007s ]
SQL: SELECT * FROM `yk_set` LIMIT 1   [ RunTime:0.0002s ]
NOTIC: [8] Undefined index: ppid /mnt/wwwroot/yikang.mubantang.com/Application/App/Controller/BaseController.class.php 第 32 行.
NOTIC: [8] Undefined index: employee /mnt/wwwroot/yikang.mubantang.com/Application/App/Controller/BaseController.class.php 第 33 行.
SQL: SHOW COLUMNS FROM `yk_vip` [ RunTime:0.0010s ]
SQL: SELECT * FROM `yk_vip` WHERE `openid` = 'omV0nwhvH-i-XOk9FvD2kYblFrRk' LIMIT 1   [ RunTime:0.0018s ]
NOTIC: [8] Undefined index: ppid /mnt/wwwroot/yikang.mubantang.com/Application/App/Controller/BaseController.class.php 第 131 行.
SQL: SHOW COLUMNS FROM `yk_vip_set` [ RunTime:0.0006s ]
SQL: SELECT * FROM `yk_vip_set` LIMIT 1   [ RunTime:0.0001s ]
SQL: SHOW COLUMNS FROM `yk_shop_set` [ RunTime:0.0006s ]
SQL: SELECT * FROM `yk_shop_set` LIMIT 1   [ RunTime:0.0002s ]
SQL: SELECT * FROM `yk_shop_set` WHERE ( id=1 ) LIMIT 1   [ RunTime:0.0002s ]
SQL: SHOW COLUMNS FROM `yk_upload_img` [ RunTime:0.0004s ]
SQL: SELECT * FROM `yk_upload_img` WHERE `id` = 187 LIMIT 1   [ RunTime:0.0002s ]
SQL: SHOW COLUMNS FROM `yk_vip_level` [ RunTime:0.0003s ]
SQL: SELECT `name` FROM `yk_vip_level` WHERE ( id=1 ) LIMIT 1   [ RunTime:0.0001s ]
SQL: SHOW COLUMNS FROM `yk_vip_monthexp` [ RunTime:0.0003s ]
SQL: SELECT * FROM `yk_vip_monthexp` WHERE `month` = '2016-11' AND `vipid` = 2511 LIMIT 1   [ RunTime:0.0002s ]
SQL: SHOW COLUMNS FROM `yk_shop_order` [ RunTime:0.0008s ]
SQL: SELECT * FROM `yk_shop_order` WHERE ( id=58 ) LIMIT 1   [ RunTime:0.0002s ]

[ 2016-12-04T15:18:09+08:00 ] 117.185.27.115 /App/Shop/pay/sid/0/orderid/58
INFO: [ app_init ] --START--
INFO: Run Behavior\BuildLiteBehavior [ RunTime:0.000013s ]
INFO: [ app_init ] --END-- [ RunTime:0.000283s ]
INFO: [ app_begin ] --START--
INFO: Run Behavior\ReadHtmlCacheBehavior [ RunTime:0.000327s ]
INFO: [ app_begin ] --END-- [ RunTime:0.000364s ]
SQL: SHOW COLUMNS FROM `yk_set` [ RunTime:0.0007s ]
SQL: SELECT * FROM `yk_set` LIMIT 1   [ RunTime:0.0002s ]
NOTIC: [8] Undefined index: ppid /mnt/wwwroot/yikang.mubantang.com/Application/App/Controller/BaseController.class.php 第 32 行.
NOTIC: [8] Undefined index: employee /mnt/wwwroot/yikang.mubantang.com/Application/App/Controller/BaseController.class.php 第 33 行.
NOTIC: [8] Undefined index: sqmode /mnt/wwwroot/yikang.mubantang.com/Application/App/Controller/BaseController.class.php 第 45 行.
INFO: [ view_parse ] --START--
INFO: [ template_filter ] --START--
INFO: Run Behavior\ContentReplaceBehavior [ RunTime:0.000038s ]
INFO: [ template_filter ] --END-- [ RunTime:0.000076s ]
INFO: Run Behavior\ParseTemplateBehavior [ RunTime:0.004469s ]
INFO: [ view_parse ] --END-- [ RunTime:0.004527s ]
INFO: [ view_filter ] --START--
INFO: Run Behavior\WriteHtmlCacheBehavior [ RunTime:0.000114s ]
INFO: [ view_filter ] --END-- [ RunTime:0.000147s ]
INFO: [ view_parse ] --START--
INFO: Run Behavior\ParseTemplateBehavior [ RunTime:0.000133s ]
INFO: [ view_parse ] --END-- [ RunTime:-0.000202s ]
INFO: [ view_filter ] --START--
INFO: Run Behavior\WriteHtmlCacheBehavior [ RunTime:0.000007s ]
INFO: [ view_filter ] --END-- [ RunTime:-0.000216s ]

[ 2016-12-04T15:18:29+08:00 ] 183.61.38.55 /App/Shop/orderList/sid/0/
INFO: [ app_init ] --START--
INFO: Run Behavior\BuildLiteBehavior [ RunTime:0.000015s ]
INFO: [ app_init ] --END-- [ RunTime:0.000275s ]
INFO: [ app_begin ] --START--
INFO: Run Behavior\ReadHtmlCacheBehavior [ RunTime:0.000372s ]
INFO: [ app_begin ] --END-- [ RunTime:0.000412s ]
SQL: SHOW COLUMNS FROM `yk_set` [ RunTime:0.0008s ]
SQL: SELECT * FROM `yk_set` LIMIT 1   [ RunTime:0.0002s ]
NOTIC: [8] Undefined index: ppid /mnt/wwwroot/yikang.mubantang.com/Application/App/Controller/BaseController.class.php 第 32 行.
NOTIC: [8] Undefined index: employee /mnt/wwwroot/yikang.mubantang.com/Application/App/Controller/BaseController.class.php 第 33 行.
SQL: SHOW COLUMNS FROM `yk_vip` [ RunTime:0.0011s ]
SQL: SELECT * FROM `yk_vip` WHERE `openid` = 'omV0nwhvH-i-XOk9FvD2kYblFrRk' LIMIT 1   [ RunTime:0.0019s ]
NOTIC: [8] Undefined index: ppid /mnt/wwwroot/yikang.mubantang.com/Application/App/Controller/BaseController.class.php 第 131 行.
SQL: SHOW COLUMNS FROM `yk_vip_set` [ RunTime:0.0006s ]
SQL: SELECT * FROM `yk_vip_set` LIMIT 1   [ RunTime:0.0001s ]
SQL: SHOW COLUMNS FROM `yk_shop_set` [ RunTime:0.0007s ]
SQL: SELECT * FROM `yk_shop_set` LIMIT 1   [ RunTime:0.0002s ]
SQL: SELECT * FROM `yk_shop_set` WHERE ( id=1 ) LIMIT 1   [ RunTime:0.0002s ]
SQL: SHOW COLUMNS FROM `yk_upload_img` [ RunTime:0.0004s ]
SQL: SELECT * FROM `yk_upload_img` WHERE `id` = 187 LIMIT 1   [ RunTime:0.0001s ]
SQL: SHOW COLUMNS FROM `yk_vip_level` [ RunTime:0.0003s ]
SQL: SELECT `name` FROM `yk_vip_level` WHERE ( id=1 ) LIMIT 1   [ RunTime:0.0002s ]
SQL: SHOW COLUMNS FROM `yk_vip_monthexp` [ RunTime:0.0003s ]
SQL: SELECT * FROM `yk_vip_monthexp` WHERE `month` = '2016-11' AND `vipid` = 2511 LIMIT 1   [ RunTime:0.0002s ]
SQL: SHOW COLUMNS FROM `yk_shop_order` [ RunTime:0.0011s ]
SQL: SELECT * FROM `yk_shop_order` WHERE `sid` = 0 AND `vipid` = 2511 AND `status` <> '0' ORDER BY ctime desc  [ RunTime:0.0003s ]
INFO: [ view_parse ] --START--
INFO: [ template_filter ] --START--
INFO: Run Behavior\ContentReplaceBehavior [ RunTime:0.000048s ]
INFO: [ template_filter ] --END-- [ RunTime:0.000092s ]
INFO: Run Behavior\ParseTemplateBehavior [ RunTime:0.029257s ]
INFO: [ view_parse ] --END-- [ RunTime:0.029301s ]
INFO: [ view_filter ] --START--
INFO: Run Behavior\WriteHtmlCacheBehavior [ RunTime:0.000125s ]
INFO: [ view_filter ] --END-- [ RunTime:0.000160s ]
INFO: [ app_end ] --START--
INFO: Run Behavior\ShowPageTraceBehavior [ RunTime:0.000519s ]
INFO: [ app_end ] --END-- [ RunTime:0.000562s ]

[ 2016-12-04T15:18:38+08:00 ] 183.61.38.55 /App/Shop/orderList/sid/0/
INFO: [ app_init ] --START--
INFO: Run Behavior\BuildLiteBehavior [ RunTime:0.000015s ]
INFO: [ app_init ] --END-- [ RunTime:0.000271s ]
INFO: [ app_begin ] --START--
INFO: Run Behavior\ReadHtmlCacheBehavior [ RunTime:0.000351s ]
INFO: [ app_begin ] --END-- [ RunTime:0.000388s ]
SQL: SHOW COLUMNS FROM `yk_set` [ RunTime:0.0007s ]
SQL: SELECT * FROM `yk_set` LIMIT 1   [ RunTime:0.0002s ]
NOTIC: [8] Undefined index: ppid /mnt/wwwroot/yikang.mubantang.com/Application/App/Controller/BaseController.class.php 第 32 行.
NOTIC: [8] Undefined index: employee /mnt/wwwroot/yikang.mubantang.com/Application/App/Controller/BaseController.class.php 第 33 行.
SQL: SHOW COLUMNS FROM `yk_vip` [ RunTime:0.0013s ]
SQL: SELECT * FROM `yk_vip` WHERE `openid` = 'omV0nwhvH-i-XOk9FvD2kYblFrRk' LIMIT 1   [ RunTime:0.0020s ]
NOTIC: [8] Undefined index: ppid /mnt/wwwroot/yikang.mubantang.com/Application/App/Controller/BaseController.class.php 第 131 行.
SQL: SHOW COLUMNS FROM `yk_vip_set` [ RunTime:0.0007s ]
SQL: SELECT * FROM `yk_vip_set` LIMIT 1   [ RunTime:0.0001s ]
SQL: SHOW COLUMNS FROM `yk_shop_set` [ RunTime:0.0007s ]
SQL: SELECT * FROM `yk_shop_set` LIMIT 1   [ RunTime:0.0002s ]
SQL: SELECT * FROM `yk_shop_set` WHERE ( id=1 ) LIMIT 1   [ RunTime:0.0002s ]
SQL: SHOW COLUMNS FROM `yk_upload_img` [ RunTime:0.0004s ]
SQL: SELECT * FROM `yk_upload_img` WHERE `id` = 187 LIMIT 1   [ RunTime:0.0001s ]
SQL: SHOW COLUMNS FROM `yk_vip_level` [ RunTime:0.0003s ]
SQL: SELECT `name` FROM `yk_vip_level` WHERE ( id=1 ) LIMIT 1   [ RunTime:0.0001s ]
SQL: SHOW COLUMNS FROM `yk_vip_monthexp` [ RunTime:0.0004s ]
SQL: SELECT * FROM `yk_vip_monthexp` WHERE `month` = '2016-11' AND `vipid` = 2511 LIMIT 1   [ RunTime:0.0002s ]
SQL: SHOW COLUMNS FROM `yk_shop_order` [ RunTime:0.0009s ]
SQL: SELECT * FROM `yk_shop_order` WHERE `sid` = 0 AND `vipid` = 2511 AND `status` <> '0' ORDER BY ctime desc  [ RunTime:0.0003s ]
INFO: [ view_parse ] --START--
INFO: [ template_filter ] --START--
INFO: Run Behavior\ContentReplaceBehavior [ RunTime:0.000046s ]
INFO: [ template_filter ] --END-- [ RunTime:0.000085s ]
INFO: Run Behavior\ParseTemplateBehavior [ RunTime:0.010382s ]
INFO: [ view_parse ] --END-- [ RunTime:0.010423s ]
INFO: [ view_filter ] --START--
INFO: Run Behavior\WriteHtmlCacheBehavior [ RunTime:0.000139s ]
INFO: [ view_filter ] --END-- [ RunTime:0.000172s ]
INFO: [ app_end ] --START--
INFO: Run Behavior\ShowPageTraceBehavior [ RunTime:0.000388s ]
INFO: [ app_end ] --END-- [ RunTime:0.000426s ]

[ 2016-12-04T15:18:39+08:00 ] 101.226.66.173 /App/Shop/orderList/sid/0
INFO: [ app_init ] --START--
INFO: Run Behavior\BuildLiteBehavior [ RunTime:0.000013s ]
INFO: [ app_init ] --END-- [ RunTime:0.000269s ]
INFO: [ app_begin ] --START--
INFO: Run Behavior\ReadHtmlCacheBehavior [ RunTime:0.000351s ]
INFO: [ app_begin ] --END-- [ RunTime:0.000390s ]
SQL: SHOW COLUMNS FROM `yk_set` [ RunTime:0.0007s ]
SQL: SELECT * FROM `yk_set` LIMIT 1   [ RunTime:0.0002s ]
NOTIC: [8] Undefined index: ppid /mnt/wwwroot/yikang.mubantang.com/Application/App/Controller/BaseController.class.php 第 32 行.
NOTIC: [8] Undefined index: employee /mnt/wwwroot/yikang.mubantang.com/Application/App/Controller/BaseController.class.php 第 33 行.
NOTIC: [8] Undefined index: sqmode /mnt/wwwroot/yikang.mubantang.com/Application/App/Controller/BaseController.class.php 第 45 行.
INFO: [ view_parse ] --START--
INFO: [ template_filter ] --START--
INFO: Run Behavior\ContentReplaceBehavior [ RunTime:0.000036s ]
INFO: [ template_filter ] --END-- [ RunTime:0.000074s ]
INFO: Run Behavior\ParseTemplateBehavior [ RunTime:0.004593s ]
INFO: [ view_parse ] --END-- [ RunTime:0.004629s ]
INFO: [ view_filter ] --START--
INFO: Run Behavior\WriteHtmlCacheBehavior [ RunTime:0.000114s ]
INFO: [ view_filter ] --END-- [ RunTime:0.000146s ]
INFO: [ view_parse ] --START--
INFO: Run Behavior\ParseTemplateBehavior [ RunTime:0.000133s ]
INFO: [ view_parse ] --END-- [ RunTime:-0.000208s ]
INFO: [ view_filter ] --START--
INFO: Run Behavior\WriteHtmlCacheBehavior [ RunTime:0.000007s ]
INFO: [ view_filter ] --END-- [ RunTime:-0.000222s ]

[ 2016-12-04T15:18:40+08:00 ] 183.61.38.55 /App/Shop/orderMake/sid/0/lasturl/L0FwcC9TaG9wL2dvb2RzL2lkLzE4
INFO: [ app_init ] --START--
INFO: Run Behavior\BuildLiteBehavior [ RunTime:0.000012s ]
INFO: [ app_init ] --END-- [ RunTime:0.000280s ]
INFO: [ app_begin ] --START--
INFO: Run Behavior\ReadHtmlCacheBehavior [ RunTime:0.000323s ]
INFO: [ app_begin ] --END-- [ RunTime:0.000360s ]
SQL: SHOW COLUMNS FROM `yk_set` [ RunTime:0.0007s ]
SQL: SELECT * FROM `yk_set` LIMIT 1   [ RunTime:0.0002s ]
NOTIC: [8] Undefined index: ppid /mnt/wwwroot/yikang.mubantang.com/Application/App/Controller/BaseController.class.php 第 32 行.
NOTIC: [8] Undefined index: employee /mnt/wwwroot/yikang.mubantang.com/Application/App/Controller/BaseController.class.php 第 33 行.
SQL: SHOW COLUMNS FROM `yk_vip` [ RunTime:0.0010s ]
SQL: SELECT * FROM `yk_vip` WHERE `openid` = 'omV0nwhvH-i-XOk9FvD2kYblFrRk' LIMIT 1   [ RunTime:0.0019s ]
NOTIC: [8] Undefined index: ppid /mnt/wwwroot/yikang.mubantang.com/Application/App/Controller/BaseController.class.php 第 131 行.
SQL: SHOW COLUMNS FROM `yk_vip_set` [ RunTime:0.0008s ]
SQL: SELECT * FROM `yk_vip_set` LIMIT 1   [ RunTime:0.0002s ]
SQL: SHOW COLUMNS FROM `yk_shop_set` [ RunTime:0.0007s ]
SQL: SELECT * FROM `yk_shop_set` LIMIT 1   [ RunTime:0.0002s ]
SQL: SELECT * FROM `yk_shop_set` WHERE ( id=1 ) LIMIT 1   [ RunTime:0.0002s ]
SQL: SHOW COLUMNS FROM `yk_upload_img` [ RunTime:0.0004s ]
SQL: SELECT * FROM `yk_upload_img` WHERE `id` = 187 LIMIT 1   [ RunTime:0.0002s ]
SQL: SHOW COLUMNS FROM `yk_vip_level` [ RunTime:0.0004s ]
SQL: SELECT `name` FROM `yk_vip_level` WHERE ( id=1 ) LIMIT 1   [ RunTime:0.0001s ]
SQL: SHOW COLUMNS FROM `yk_vip_monthexp` [ RunTime:0.0003s ]
SQL: SELECT * FROM `yk_vip_monthexp` WHERE `month` = '2016-11' AND `vipid` = 2511 LIMIT 1   [ RunTime:0.0002s ]
SQL: SHOW COLUMNS FROM `yk_shop_basket` [ RunTime:0.0004s ]
SQL: SHOW COLUMNS FROM `yk_shop_goods` [ RunTime:0.0007s ]
SQL: SHOW COLUMNS FROM `yk_shop_goods_sku` [ RunTime:0.0004s ]
SQL: SELECT * FROM `yk_shop_basket` WHERE `sid` = 0 AND `vipid` = 2511  [ RunTime:0.0002s ]
SQL: SHOW COLUMNS FROM `yk_vip_address` [ RunTime:0.0004s ]
SQL: SELECT * FROM `yk_vip_address` WHERE ( vipid=2511 ) LIMIT 1   [ RunTime:0.0001s ]
SQL: SHOW COLUMNS FROM `yk_vip_card` [ RunTime:0.0005s ]
SQL: SELECT `id`,`money` FROM `yk_vip_card` WHERE `type` = 2 AND `vipid` = 2511 AND `status` = 1 AND `usetime` = 0 AND `etime` > 1480835920 AND `usemoney` < 0  [ RunTime:0.0001s ]
INFO: [ view_parse ] --START--
INFO: [ template_filter ] --START--
INFO: Run Behavior\ContentReplaceBehavior [ RunTime:0.000044s ]
INFO: [ template_filter ] --END-- [ RunTime:0.000081s ]
INFO: Run Behavior\ParseTemplateBehavior [ RunTime:0.007293s ]
INFO: [ view_parse ] --END-- [ RunTime:0.007332s ]
INFO: [ view_filter ] --START--
INFO: Run Behavior\WriteHtmlCacheBehavior [ RunTime:0.000118s ]
INFO: [ view_filter ] --END-- [ RunTime:0.000150s ]
INFO: [ app_end ] --START--
INFO: Run Behavior\ShowPageTraceBehavior [ RunTime:0.000360s ]
INFO: [ app_end ] --END-- [ RunTime:0.000393s ]

