[ 2017-02-24T09:42:13+08:00 ] 117.24.180.139 /App/Demo/reg2?pid=139
INFO: [ app_init ] --START--
INFO: Run Behavior\BuildLiteBehavior [ RunTime:0.000018s ]
INFO: [ app_init ] --END-- [ RunTime:0.001449s ]
INFO: [ app_begin ] --START--
INFO: Run Behavior\ReadHtmlCacheBehavior [ RunTime:0.001272s ]
INFO: [ app_begin ] --END-- [ RunTime:0.001322s ]
SQL: SHOW COLUMNS FROM `yk_set` [ RunTime:0.0464s ]
SQL: SELECT * FROM `yk_set` LIMIT 1   [ RunTime:0.0014s ]
SQL: SHOW COLUMNS FROM `yk_vip_set` [ RunTime:0.0061s ]
SQL: SELECT * FROM `yk_vip_set` LIMIT 1   [ RunTime:0.0019s ]
SQL: SHOW COLUMNS FROM `yk_shop_set` [ RunTime:0.0198s ]
SQL: SELECT * FROM `yk_shop_set` LIMIT 1   [ RunTime:0.0015s ]
NOTIC: [8] Undefined index: fx_userinfo /mnt/wwwroot/yikang.mubantang.com/Application/App/Controller/DemoController.class.php 第 230 行.
NOTIC: [8] Undefined index: ppid /mnt/wwwroot/yikang.mubantang.com/Application/App/Controller/DemoController.class.php 第 363 行.
NOTIC: [8] Undefined index: employee /mnt/wwwroot/yikang.mubantang.com/Application/App/Controller/DemoController.class.php 第 364 行.
NOTIC: [8] Undefined index: sqmode /mnt/wwwroot/yikang.mubantang.com/Application/App/Controller/DemoController.class.php 第 366 行.
NOTIC: [8] Undefined index: code /mnt/wwwroot/yikang.mubantang.com/Application/App/Controller/DemoController.class.php 第 369 行.
NOTIC: [8] Undefined index: sqmode /mnt/wwwroot/yikang.mubantang.com/Application/App/Controller/DemoController.class.php 第 412 行.
INFO: [ view_parse ] --START--
INFO: [ template_filter ] --START--
INFO: Run Behavior\ContentReplaceBehavior [ RunTime:0.000046s ]
INFO: [ template_filter ] --END-- [ RunTime:0.000110s ]
INFO: Run Behavior\ParseTemplateBehavior [ RunTime:0.045888s ]
INFO: [ view_parse ] --END-- [ RunTime:0.045966s ]
INFO: [ view_filter ] --START--
INFO: Run Behavior\WriteHtmlCacheBehavior [ RunTime:0.001383s ]
INFO: [ view_filter ] --END-- [ RunTime:0.001420s ]
INFO: [ view_parse ] --START--
INFO: Run Behavior\ParseTemplateBehavior [ RunTime:0.002115s ]
INFO: [ view_parse ] --END-- [ RunTime:-0.001492s ]
INFO: [ view_filter ] --START--
INFO: Run Behavior\WriteHtmlCacheBehavior [ RunTime:0.000008s ]
INFO: [ view_filter ] --END-- [ RunTime:-0.002216s ]

[ 2017-02-24T09:42:17+08:00 ] 117.24.180.139 /App/Demo/reg2?pid=139&code=0419Y0D72Bk77N0Wduz72z98D729Y0DC&state=1
INFO: [ app_init ] --START--
INFO: Run Behavior\BuildLiteBehavior [ RunTime:0.000017s ]
INFO: [ app_init ] --END-- [ RunTime:0.000272s ]
INFO: [ app_begin ] --START--
INFO: Run Behavior\ReadHtmlCacheBehavior [ RunTime:0.000326s ]
INFO: [ app_begin ] --END-- [ RunTime:0.000364s ]
SQL: SHOW COLUMNS FROM `yk_set` [ RunTime:0.0008s ]
SQL: SELECT * FROM `yk_set` LIMIT 1   [ RunTime:0.0002s ]
SQL: SHOW COLUMNS FROM `yk_vip_set` [ RunTime:0.0006s ]
SQL: SELECT * FROM `yk_vip_set` LIMIT 1   [ RunTime:0.0001s ]
SQL: SHOW COLUMNS FROM `yk_shop_set` [ RunTime:0.0007s ]
SQL: SELECT * FROM `yk_shop_set` LIMIT 1   [ RunTime:0.0002s ]
NOTIC: [8] Undefined index: fx_userinfo /mnt/wwwroot/yikang.mubantang.com/Application/App/Controller/DemoController.class.php 第 230 行.
NOTIC: [8] Undefined index: ppid /mnt/wwwroot/yikang.mubantang.com/Application/App/Controller/DemoController.class.php 第 363 行.
NOTIC: [8] Undefined index: employee /mnt/wwwroot/yikang.mubantang.com/Application/App/Controller/DemoController.class.php 第 364 行.
NOTIC: [8] Undefined index: sqmode /mnt/wwwroot/yikang.mubantang.com/Application/App/Controller/DemoController.class.php 第 366 行.
INFO: [ app_end ] --START--
INFO: Run Behavior\ShowPageTraceBehavior [ RunTime:0.002072s ]
INFO: [ app_end ] --END-- [ RunTime:0.002164s ]

[ 2017-02-24T09:42:17+08:00 ] 117.24.180.139 /App/Demo/reg2?pid=139&code=0419Y0D72Bk77N0Wduz72z98D729Y0DC&state=1
INFO: [ app_init ] --START--
INFO: Run Behavior\BuildLiteBehavior [ RunTime:0.000013s ]
INFO: [ app_init ] --END-- [ RunTime:0.000264s ]
INFO: [ app_begin ] --START--
INFO: Run Behavior\ReadHtmlCacheBehavior [ RunTime:0.000325s ]
INFO: [ app_begin ] --END-- [ RunTime:0.000363s ]
SQL: SHOW COLUMNS FROM `yk_set` [ RunTime:0.0007s ]
SQL: SELECT * FROM `yk_set` LIMIT 1   [ RunTime:0.0002s ]
SQL: SHOW COLUMNS FROM `yk_vip_set` [ RunTime:0.0006s ]
SQL: SELECT * FROM `yk_vip_set` LIMIT 1   [ RunTime:0.0002s ]
SQL: SHOW COLUMNS FROM `yk_shop_set` [ RunTime:0.0007s ]
SQL: SELECT * FROM `yk_shop_set` LIMIT 1   [ RunTime:0.0002s ]
SQL: SHOW COLUMNS FROM `yk_vip` [ RunTime:0.0196s ]
SQL: SELECT * FROM `yk_vip` WHERE `openid` = 'omV0nwr_9YNVGnPSmimXQxmBiVDA' LIMIT 1   [ RunTime:0.0768s ]
INFO: [ view_parse ] --START--
INFO: [ template_filter ] --START--
INFO: Run Behavior\ContentReplaceBehavior [ RunTime:0.000065s ]
INFO: [ template_filter ] --END-- [ RunTime:0.000148s ]
INFO: Run Behavior\ParseTemplateBehavior [ RunTime:0.010012s ]
INFO: [ view_parse ] --END-- [ RunTime:0.010058s ]
INFO: [ view_filter ] --START--
INFO: Run Behavior\WriteHtmlCacheBehavior [ RunTime:0.000129s ]
INFO: [ view_filter ] --END-- [ RunTime:0.000161s ]

[ 2017-02-24T09:42:21+08:00 ] 117.24.180.139 /App/Shop/index
INFO: [ app_init ] --START--
INFO: Run Behavior\BuildLiteBehavior [ RunTime:0.000013s ]
INFO: [ app_init ] --END-- [ RunTime:0.000261s ]
INFO: [ app_begin ] --START--
INFO: Run Behavior\ReadHtmlCacheBehavior [ RunTime:0.000347s ]
INFO: [ app_begin ] --END-- [ RunTime:0.000385s ]
SQL: SHOW COLUMNS FROM `yk_set` [ RunTime:0.0007s ]
SQL: SELECT * FROM `yk_set` LIMIT 1   [ RunTime:0.0002s ]
NOTIC: [8] Undefined index: ppid /mnt/wwwroot/yikang.mubantang.com/Application/App/Controller/BaseController.class.php 第 32 行.
NOTIC: [8] Undefined index: employee /mnt/wwwroot/yikang.mubantang.com/Application/App/Controller/BaseController.class.php 第 33 行.
SQL: SHOW COLUMNS FROM `yk_vip` [ RunTime:0.0011s ]
SQL: SELECT * FROM `yk_vip` WHERE `openid` = 'omV0nwr_9YNVGnPSmimXQxmBiVDA' LIMIT 1   [ RunTime:0.0023s ]
SQL: UPDATE `yk_vip` SET `cctime`='1487900541' WHERE `id` = 2813 [ RunTime:0.0416s ]
NOTIC: [8] Undefined index: ppid /mnt/wwwroot/yikang.mubantang.com/Application/App/Controller/BaseController.class.php 第 132 行.

[ 2017-02-24T09:42:21+08:00 ] 101.226.66.193 /App/Demo/reg2?pid=139
INFO: [ app_init ] --START--
INFO: Run Behavior\BuildLiteBehavior [ RunTime:0.000013s ]
INFO: [ app_init ] --END-- [ RunTime:0.000271s ]
INFO: [ app_begin ] --START--
INFO: Run Behavior\ReadHtmlCacheBehavior [ RunTime:0.000344s ]
INFO: [ app_begin ] --END-- [ RunTime:0.000384s ]
SQL: SHOW COLUMNS FROM `yk_set` [ RunTime:0.0007s ]
SQL: SELECT * FROM `yk_set` LIMIT 1   [ RunTime:0.0002s ]
SQL: SHOW COLUMNS FROM `yk_vip_set` [ RunTime:0.0007s ]
SQL: SELECT * FROM `yk_vip_set` LIMIT 1   [ RunTime:0.0002s ]
SQL: SHOW COLUMNS FROM `yk_shop_set` [ RunTime:0.0007s ]
SQL: SELECT * FROM `yk_shop_set` LIMIT 1   [ RunTime:0.0002s ]
NOTIC: [8] Undefined index: fx_userinfo /mnt/wwwroot/yikang.mubantang.com/Application/App/Controller/DemoController.class.php 第 230 行.
NOTIC: [8] Undefined index: ppid /mnt/wwwroot/yikang.mubantang.com/Application/App/Controller/DemoController.class.php 第 363 行.
NOTIC: [8] Undefined index: employee /mnt/wwwroot/yikang.mubantang.com/Application/App/Controller/DemoController.class.php 第 364 行.
NOTIC: [8] Undefined index: sqmode /mnt/wwwroot/yikang.mubantang.com/Application/App/Controller/DemoController.class.php 第 366 行.
NOTIC: [8] Undefined index: code /mnt/wwwroot/yikang.mubantang.com/Application/App/Controller/DemoController.class.php 第 369 行.
NOTIC: [8] Undefined index: sqmode /mnt/wwwroot/yikang.mubantang.com/Application/App/Controller/DemoController.class.php 第 412 行.
INFO: [ view_parse ] --START--
INFO: [ template_filter ] --START--
INFO: Run Behavior\ContentReplaceBehavior [ RunTime:0.000044s ]
INFO: [ template_filter ] --END-- [ RunTime:0.000091s ]
INFO: Run Behavior\ParseTemplateBehavior [ RunTime:0.004553s ]
INFO: [ view_parse ] --END-- [ RunTime:0.004591s ]
INFO: [ view_filter ] --START--
INFO: Run Behavior\WriteHtmlCacheBehavior [ RunTime:0.000118s ]
INFO: [ view_filter ] --END-- [ RunTime:0.000151s ]
INFO: [ view_parse ] --START--
INFO: Run Behavior\ParseTemplateBehavior [ RunTime:0.000140s ]
INFO: [ view_parse ] --END-- [ RunTime:-0.000210s ]
INFO: [ view_filter ] --START--
INFO: Run Behavior\WriteHtmlCacheBehavior [ RunTime:0.000008s ]
INFO: [ view_filter ] --END-- [ RunTime:-0.000229s ]

[ 2017-02-24T09:42:21+08:00 ] 117.24.180.139 /App/Shop/index/ppid/2813
INFO: [ app_init ] --START--
INFO: Run Behavior\BuildLiteBehavior [ RunTime:0.000012s ]
INFO: [ app_init ] --END-- [ RunTime:0.000258s ]
INFO: [ app_begin ] --START--
INFO: Run Behavior\ReadHtmlCacheBehavior [ RunTime:0.000323s ]
INFO: [ app_begin ] --END-- [ RunTime:0.000360s ]
SQL: SHOW COLUMNS FROM `yk_set` [ RunTime:0.0007s ]
SQL: SELECT * FROM `yk_set` LIMIT 1   [ RunTime:0.0002s ]
NOTIC: [8] Undefined index: employee /mnt/wwwroot/yikang.mubantang.com/Application/App/Controller/BaseController.class.php 第 33 行.
SQL: SHOW COLUMNS FROM `yk_vip` [ RunTime:0.0010s ]
SQL: SELECT * FROM `yk_vip` WHERE `openid` = 'omV0nwr_9YNVGnPSmimXQxmBiVDA' LIMIT 1   [ RunTime:0.0022s ]
SQL: UPDATE `yk_vip` SET `cctime`='1487900541' WHERE `id` = 2813 [ RunTime:0.0002s ]
SQL: SHOW COLUMNS FROM `yk_vip_set` [ RunTime:0.0006s ]
SQL: SELECT * FROM `yk_vip_set` LIMIT 1   [ RunTime:0.0001s ]
SQL: SHOW COLUMNS FROM `yk_shop_set` [ RunTime:0.0007s ]
SQL: SELECT * FROM `yk_shop_set` LIMIT 1   [ RunTime:0.0001s ]
SQL: SELECT * FROM `yk_shop_set` WHERE ( id=1 ) LIMIT 1   [ RunTime:0.0002s ]
SQL: SHOW COLUMNS FROM `yk_upload_img` [ RunTime:0.0176s ]
SQL: SELECT * FROM `yk_upload_img` WHERE `id` = 187 LIMIT 1   [ RunTime:0.0020s ]
SQL: SHOW COLUMNS FROM `yk_shop_goods` [ RunTime:0.0092s ]
SQL: SHOW COLUMNS FROM `yk_shop_group` [ RunTime:0.0190s ]
SQL: SELECT * FROM `yk_shop_group` WHERE `status` = 1  [ RunTime:0.0017s ]
SQL: SELECT * FROM `yk_upload_img` WHERE `id` = 179 LIMIT 1   [ RunTime:0.0017s ]
SQL: SELECT * FROM `yk_upload_img` WHERE `id` = 192 LIMIT 1   [ RunTime:0.0001s ]
SQL: SELECT * FROM `yk_shop_goods` WHERE `status` = 1  [ RunTime:0.0103s ]
SQL: SELECT * FROM `yk_upload_img` WHERE `id` = 184 LIMIT 1   [ RunTime:0.0002s ]
SQL: SELECT * FROM `yk_upload_img` WHERE `id` = 182 LIMIT 1   [ RunTime:0.0001s ]
SQL: SELECT * FROM `yk_upload_img` WHERE `id` = 186 LIMIT 1   [ RunTime:0.0001s ]
SQL: SHOW COLUMNS FROM `yk_shop_cate` [ RunTime:0.0150s ]
SQL: SELECT * FROM `yk_shop_cate` WHERE `id` IN ('20','21','22','23','24','25','27')  [ RunTime:0.0020s ]
SQL: SELECT * FROM `yk_upload_img` WHERE `id` = 174 LIMIT 1   [ RunTime:0.0001s ]
SQL: SHOW COLUMNS FROM `yk_shop_ads` [ RunTime:0.0092s ]
SQL: SELECT * FROM `yk_shop_ads` WHERE ( id )  [ RunTime:0.0016s ]
SQL: SELECT * FROM `yk_upload_img` WHERE `id` = 187 LIMIT 1   [ RunTime:0.0002s ]
SQL: SELECT * FROM `yk_upload_img` WHERE `id` = 189 LIMIT 1   [ RunTime:0.0001s ]
SQL: SELECT * FROM `yk_upload_img` WHERE `id` = 188 LIMIT 1   [ RunTime:0.0001s ]
SQL: SHOW COLUMNS FROM `yk_artical` [ RunTime:0.0057s ]
SQL: SELECT * FROM `yk_artical` ORDER BY id desc LIMIT 3   [ RunTime:0.0015s ]
SQL: SELECT * FROM `yk_upload_img` WHERE `id` = 175 LIMIT 1   [ RunTime:0.0001s ]
INFO: [ view_parse ] --START--
INFO: [ template_filter ] --START--
INFO: Run Behavior\ContentReplaceBehavior [ RunTime:0.000070s ]
INFO: [ template_filter ] --END-- [ RunTime:0.000124s ]
NOTIC: [8] Undefined variable: mrtj /mnt/wwwroot/yikang.mubantang.com/Application/Runtime/Cache/App/b56b8082e02b1b878a28f8cba0cac826.php 第 153 行.
NOTIC: [8] Undefined variable: mrtj /mnt/wwwroot/yikang.mubantang.com/Application/Runtime/Cache/App/b56b8082e02b1b878a28f8cba0cac826.php 第 153 行.
NOTIC: [8] Undefined variable: actname /mnt/wwwroot/yikang.mubantang.com/Application/Runtime/Cache/App/b56b8082e02b1b878a28f8cba0cac826.php 第 185 行.
INFO: Run Behavior\ParseTemplateBehavior [ RunTime:0.050644s ]
INFO: [ view_parse ] --END-- [ RunTime:0.050701s ]
INFO: [ view_filter ] --START--
INFO: Run Behavior\WriteHtmlCacheBehavior [ RunTime:0.000161s ]
INFO: [ view_filter ] --END-- [ RunTime:0.000194s ]
INFO: [ app_end ] --START--
INFO: Run Behavior\ShowPageTraceBehavior [ RunTime:0.000446s ]
INFO: [ app_end ] --END-- [ RunTime:0.000487s ]

[ 2017-02-24T09:42:37+08:00 ] 180.153.214.188 /App/Shop/index/ppid/2813
INFO: [ app_init ] --START--
INFO: Run Behavior\BuildLiteBehavior [ RunTime:0.000012s ]
INFO: [ app_init ] --END-- [ RunTime:0.000290s ]
INFO: [ app_begin ] --START--
INFO: Run Behavior\ReadHtmlCacheBehavior [ RunTime:0.000328s ]
INFO: [ app_begin ] --END-- [ RunTime:0.000364s ]
SQL: SHOW COLUMNS FROM `yk_set` [ RunTime:0.0007s ]
SQL: SELECT * FROM `yk_set` LIMIT 1   [ RunTime:0.0002s ]
NOTIC: [8] Undefined index: employee /mnt/wwwroot/yikang.mubantang.com/Application/App/Controller/BaseController.class.php 第 33 行.
NOTIC: [8] Undefined index: sqmode /mnt/wwwroot/yikang.mubantang.com/Application/App/Controller/BaseController.class.php 第 45 行.
NOTIC: [8] Undefined index: code /mnt/wwwroot/yikang.mubantang.com/Application/App/Controller/BaseController.class.php 第 55 行.
NOTIC: [8] Undefined index: sqmode /mnt/wwwroot/yikang.mubantang.com/Application/App/Controller/BaseController.class.php 第 94 行.
INFO: [ view_parse ] --START--
INFO: [ template_filter ] --START--
INFO: Run Behavior\ContentReplaceBehavior [ RunTime:0.000042s ]
INFO: [ template_filter ] --END-- [ RunTime:0.000082s ]
INFO: Run Behavior\ParseTemplateBehavior [ RunTime:0.004610s ]
INFO: [ view_parse ] --END-- [ RunTime:0.004651s ]
INFO: [ view_filter ] --START--
INFO: Run Behavior\WriteHtmlCacheBehavior [ RunTime:0.000118s ]
INFO: [ view_filter ] --END-- [ RunTime:0.000151s ]
INFO: [ view_parse ] --START--
INFO: Run Behavior\ParseTemplateBehavior [ RunTime:0.000140s ]
INFO: [ view_parse ] --END-- [ RunTime:-0.000209s ]
INFO: [ view_filter ] --START--
INFO: Run Behavior\WriteHtmlCacheBehavior [ RunTime:0.000007s ]
INFO: [ view_filter ] --END-- [ RunTime:-0.000247s ]

[ 2017-02-24T13:09:15+08:00 ] 180.153.214.192 /App/Demo/reg2?pid%3D139
INFO: [ app_init ] --START--
INFO: Run Behavior\BuildLiteBehavior [ RunTime:0.000021s ]
INFO: [ app_init ] --END-- [ RunTime:0.002034s ]
INFO: [ app_begin ] --START--
INFO: Run Behavior\ReadHtmlCacheBehavior [ RunTime:0.001415s ]
INFO: [ app_begin ] --END-- [ RunTime:0.001459s ]
SQL: SHOW COLUMNS FROM `yk_set` [ RunTime:0.0050s ]
SQL: SELECT * FROM `yk_set` LIMIT 1   [ RunTime:0.0147s ]
SQL: SHOW COLUMNS FROM `yk_vip_set` [ RunTime:0.0127s ]
SQL: SELECT * FROM `yk_vip_set` LIMIT 1   [ RunTime:0.0026s ]
SQL: SHOW COLUMNS FROM `yk_shop_set` [ RunTime:0.0113s ]
SQL: SELECT * FROM `yk_shop_set` LIMIT 1   [ RunTime:0.0040s ]
NOTIC: [8] Undefined index: pid /mnt/wwwroot/yikang.mubantang.com/Application/App/Controller/DemoController.class.php 第 226 行.
INFO: [ view_parse ] --START--
INFO: [ template_filter ] --START--
INFO: Run Behavior\ContentReplaceBehavior [ RunTime:0.000040s ]
INFO: [ template_filter ] --END-- [ RunTime:0.000084s ]
INFO: Run Behavior\ParseTemplateBehavior [ RunTime:0.015142s ]
INFO: [ view_parse ] --END-- [ RunTime:0.015186s ]
INFO: [ view_filter ] --START--
INFO: Run Behavior\WriteHtmlCacheBehavior [ RunTime:0.001250s ]
INFO: [ view_filter ] --END-- [ RunTime:0.001287s ]

[ 2017-02-24T15:02:39+08:00 ] 101.226.93.241 /App/Shop/index/ppid/2735/?from=singlemessage
INFO: [ app_init ] --START--
INFO: Run Behavior\BuildLiteBehavior [ RunTime:0.000017s ]
INFO: [ app_init ] --END-- [ RunTime:0.000303s ]
INFO: [ app_begin ] --START--
INFO: Run Behavior\ReadHtmlCacheBehavior [ RunTime:0.001595s ]
INFO: [ app_begin ] --END-- [ RunTime:0.001635s ]
SQL: SHOW COLUMNS FROM `yk_set` [ RunTime:0.0087s ]
SQL: SELECT * FROM `yk_set` LIMIT 1   [ RunTime:0.0029s ]
NOTIC: [8] Undefined index: employee /mnt/wwwroot/yikang.mubantang.com/Application/App/Controller/BaseController.class.php 第 33 行.
NOTIC: [8] Undefined index: sqmode /mnt/wwwroot/yikang.mubantang.com/Application/App/Controller/BaseController.class.php 第 45 行.
NOTIC: [8] Undefined index: code /mnt/wwwroot/yikang.mubantang.com/Application/App/Controller/BaseController.class.php 第 55 行.
NOTIC: [8] Undefined index: sqmode /mnt/wwwroot/yikang.mubantang.com/Application/App/Controller/BaseController.class.php 第 94 行.
INFO: [ view_parse ] --START--
INFO: [ template_filter ] --START--
INFO: Run Behavior\ContentReplaceBehavior [ RunTime:0.000047s ]
INFO: [ template_filter ] --END-- [ RunTime:0.000102s ]
INFO: Run Behavior\ParseTemplateBehavior [ RunTime:0.139391s ]
INFO: [ view_parse ] --END-- [ RunTime:0.139489s ]
INFO: [ view_filter ] --START--
INFO: Run Behavior\WriteHtmlCacheBehavior [ RunTime:0.000178s ]
INFO: [ view_filter ] --END-- [ RunTime:0.000217s ]
INFO: [ view_parse ] --START--
INFO: Run Behavior\ParseTemplateBehavior [ RunTime:0.014237s ]
INFO: [ view_parse ] --END-- [ RunTime:-0.000296s ]
INFO: [ view_filter ] --START--
INFO: Run Behavior\WriteHtmlCacheBehavior [ RunTime:0.000008s ]
INFO: [ view_filter ] --END-- [ RunTime:-0.014342s ]

[ 2017-02-24T15:02:40+08:00 ] 101.226.93.241 /App/Shop/index/ppid/2735/?from=singlemessage&code=051kQBeP1Vl6551NoccP1s0LeP1kQBeh&state=1
INFO: [ app_init ] --START--
INFO: Run Behavior\BuildLiteBehavior [ RunTime:0.000012s ]
INFO: [ app_init ] --END-- [ RunTime:0.000260s ]
INFO: [ app_begin ] --START--
INFO: Run Behavior\ReadHtmlCacheBehavior [ RunTime:0.000344s ]
INFO: [ app_begin ] --END-- [ RunTime:0.000382s ]
SQL: SHOW COLUMNS FROM `yk_set` [ RunTime:0.0008s ]
SQL: SELECT * FROM `yk_set` LIMIT 1   [ RunTime:0.0002s ]
NOTIC: [8] Undefined index: employee /mnt/wwwroot/yikang.mubantang.com/Application/App/Controller/BaseController.class.php 第 33 行.
NOTIC: [8] Undefined index: sqmode /mnt/wwwroot/yikang.mubantang.com/Application/App/Controller/BaseController.class.php 第 45 行.
SQL: SHOW COLUMNS FROM `yk_vip` [ RunTime:0.0164s ]
SQL: SELECT * FROM `yk_vip` WHERE `openid` = 'omV0nwtMVrM8Nv-wBpyaYfcOzR_c' LIMIT 1   [ RunTime:0.0875s ]
SQL: UPDATE `yk_vip` SET `cctime`='1487919760' WHERE `id` = 2849 [ RunTime:0.0273s ]

[ 2017-02-24T15:02:40+08:00 ] 101.226.93.241 /App/Shop/index/ppid/2849
INFO: [ app_init ] --START--
INFO: Run Behavior\BuildLiteBehavior [ RunTime:0.000013s ]
INFO: [ app_init ] --END-- [ RunTime:0.000272s ]
INFO: [ app_begin ] --START--
INFO: Run Behavior\ReadHtmlCacheBehavior [ RunTime:0.000376s ]
INFO: [ app_begin ] --END-- [ RunTime:0.000414s ]
SQL: SHOW COLUMNS FROM `yk_set` [ RunTime:0.0204s ]
SQL: SELECT * FROM `yk_set` LIMIT 1   [ RunTime:0.0002s ]
NOTIC: [8] Undefined index: employee /mnt/wwwroot/yikang.mubantang.com/Application/App/Controller/BaseController.class.php 第 33 行.
SQL: SHOW COLUMNS FROM `yk_vip` [ RunTime:0.0011s ]
SQL: SELECT * FROM `yk_vip` WHERE `openid` = 'omV0nwtMVrM8Nv-wBpyaYfcOzR_c' LIMIT 1   [ RunTime:0.0022s ]
SQL: UPDATE `yk_vip` SET `cctime`='1487919760' WHERE `id` = 2849 [ RunTime:0.0002s ]
SQL: SHOW COLUMNS FROM `yk_vip_set` [ RunTime:0.0147s ]
SQL: SELECT * FROM `yk_vip_set` LIMIT 1   [ RunTime:0.0095s ]
SQL: SHOW COLUMNS FROM `yk_shop_set` [ RunTime:0.0008s ]
SQL: SELECT * FROM `yk_shop_set` LIMIT 1   [ RunTime:0.0002s ]
SQL: SELECT * FROM `yk_shop_set` WHERE ( id=1 ) LIMIT 1   [ RunTime:0.0002s ]
SQL: SHOW COLUMNS FROM `yk_upload_img` [ RunTime:0.0039s ]
SQL: SELECT * FROM `yk_upload_img` WHERE `id` = 187 LIMIT 1   [ RunTime:0.0194s ]
SQL: SHOW COLUMNS FROM `yk_shop_goods` [ RunTime:0.0066s ]
SQL: SHOW COLUMNS FROM `yk_shop_group` [ RunTime:0.0032s ]
SQL: SELECT * FROM `yk_shop_group` WHERE `status` = 1  [ RunTime:0.0013s ]
SQL: SELECT * FROM `yk_upload_img` WHERE `id` = 179 LIMIT 1   [ RunTime:0.0097s ]
SQL: SELECT * FROM `yk_upload_img` WHERE `id` = 192 LIMIT 1   [ RunTime:0.0002s ]
SQL: SELECT * FROM `yk_shop_goods` WHERE `status` = 1  [ RunTime:0.0015s ]
SQL: SELECT * FROM `yk_upload_img` WHERE `id` = 184 LIMIT 1   [ RunTime:0.0001s ]
SQL: SELECT * FROM `yk_upload_img` WHERE `id` = 182 LIMIT 1   [ RunTime:0.0001s ]
SQL: SELECT * FROM `yk_upload_img` WHERE `id` = 186 LIMIT 1   [ RunTime:0.0001s ]
SQL: SHOW COLUMNS FROM `yk_shop_cate` [ RunTime:0.0069s ]
SQL: SELECT * FROM `yk_shop_cate` WHERE `id` IN ('20','21','22','23','24','25','27')  [ RunTime:0.0015s ]
SQL: SELECT * FROM `yk_upload_img` WHERE `id` = 174 LIMIT 1   [ RunTime:0.0001s ]
SQL: SHOW COLUMNS FROM `yk_shop_ads` [ RunTime:0.0045s ]
SQL: SELECT * FROM `yk_shop_ads` WHERE ( id )  [ RunTime:0.0015s ]
SQL: SELECT * FROM `yk_upload_img` WHERE `id` = 187 LIMIT 1   [ RunTime:0.0002s ]
SQL: SELECT * FROM `yk_upload_img` WHERE `id` = 189 LIMIT 1   [ RunTime:0.0001s ]
SQL: SELECT * FROM `yk_upload_img` WHERE `id` = 188 LIMIT 1   [ RunTime:0.0002s ]
SQL: SHOW COLUMNS FROM `yk_artical` [ RunTime:0.0044s ]
SQL: SELECT * FROM `yk_artical` ORDER BY id desc LIMIT 3   [ RunTime:0.0012s ]
SQL: SELECT * FROM `yk_upload_img` WHERE `id` = 175 LIMIT 1   [ RunTime:0.0001s ]
INFO: [ view_parse ] --START--
INFO: [ template_filter ] --START--
INFO: Run Behavior\ContentReplaceBehavior [ RunTime:0.000071s ]
INFO: [ template_filter ] --END-- [ RunTime:0.000111s ]
NOTIC: [8] Undefined variable: mrtj /mnt/wwwroot/yikang.mubantang.com/Application/Runtime/Cache/App/b56b8082e02b1b878a28f8cba0cac826.php 第 153 行.
NOTIC: [8] Undefined variable: mrtj /mnt/wwwroot/yikang.mubantang.com/Application/Runtime/Cache/App/b56b8082e02b1b878a28f8cba0cac826.php 第 153 行.
NOTIC: [8] Undefined variable: actname /mnt/wwwroot/yikang.mubantang.com/Application/Runtime/Cache/App/b56b8082e02b1b878a28f8cba0cac826.php 第 185 行.
INFO: Run Behavior\ParseTemplateBehavior [ RunTime:0.013568s ]
INFO: [ view_parse ] --END-- [ RunTime:0.013607s ]
INFO: [ view_filter ] --START--
INFO: Run Behavior\WriteHtmlCacheBehavior [ RunTime:0.000123s ]
INFO: [ view_filter ] --END-- [ RunTime:0.000155s ]
INFO: [ app_end ] --START--
INFO: Run Behavior\ShowPageTraceBehavior [ RunTime:0.001578s ]
INFO: [ app_end ] --END-- [ RunTime:0.001619s ]

[ 2017-02-24T15:02:48+08:00 ] 101.226.89.115 /App/Shop/index/ppid/2735/?from=singlemessage
INFO: [ app_init ] --START--
INFO: Run Behavior\BuildLiteBehavior [ RunTime:0.000016s ]
INFO: [ app_init ] --END-- [ RunTime:0.000277s ]
INFO: [ app_begin ] --START--
INFO: Run Behavior\ReadHtmlCacheBehavior [ RunTime:0.000337s ]
INFO: [ app_begin ] --END-- [ RunTime:0.000375s ]
SQL: SHOW COLUMNS FROM `yk_set` [ RunTime:0.0008s ]
SQL: SELECT * FROM `yk_set` LIMIT 1   [ RunTime:0.0002s ]
NOTIC: [8] Undefined index: employee /mnt/wwwroot/yikang.mubantang.com/Application/App/Controller/BaseController.class.php 第 33 行.
NOTIC: [8] Undefined index: sqmode /mnt/wwwroot/yikang.mubantang.com/Application/App/Controller/BaseController.class.php 第 45 行.
NOTIC: [8] Undefined index: code /mnt/wwwroot/yikang.mubantang.com/Application/App/Controller/BaseController.class.php 第 55 行.
NOTIC: [8] Undefined index: sqmode /mnt/wwwroot/yikang.mubantang.com/Application/App/Controller/BaseController.class.php 第 94 行.
INFO: [ view_parse ] --START--
INFO: [ template_filter ] --START--
INFO: Run Behavior\ContentReplaceBehavior [ RunTime:0.000044s ]
INFO: [ template_filter ] --END-- [ RunTime:0.000089s ]
INFO: Run Behavior\ParseTemplateBehavior [ RunTime:0.004685s ]
INFO: [ view_parse ] --END-- [ RunTime:0.004738s ]
INFO: [ view_filter ] --START--
INFO: Run Behavior\WriteHtmlCacheBehavior [ RunTime:0.000171s ]
INFO: [ view_filter ] --END-- [ RunTime:0.000220s ]
INFO: [ view_parse ] --START--
INFO: Run Behavior\ParseTemplateBehavior [ RunTime:0.000168s ]
INFO: [ view_parse ] --END-- [ RunTime:-0.000305s ]
INFO: [ view_filter ] --START--
INFO: Run Behavior\WriteHtmlCacheBehavior [ RunTime:0.000008s ]
INFO: [ view_filter ] --END-- [ RunTime:-0.000273s ]

[ 2017-02-24T15:08:27+08:00 ] 101.226.102.59 /App/Shop/index/ppid/2735/?from=singlemessage
INFO: [ app_init ] --START--
INFO: Run Behavior\BuildLiteBehavior [ RunTime:0.000011s ]
INFO: [ app_init ] --END-- [ RunTime:0.000289s ]
INFO: [ app_begin ] --START--
INFO: Run Behavior\ReadHtmlCacheBehavior [ RunTime:0.000319s ]
INFO: [ app_begin ] --END-- [ RunTime:0.000357s ]
SQL: SHOW COLUMNS FROM `yk_set` [ RunTime:0.0007s ]
SQL: SELECT * FROM `yk_set` LIMIT 1   [ RunTime:0.0002s ]
NOTIC: [8] Undefined index: employee /mnt/wwwroot/yikang.mubantang.com/Application/App/Controller/BaseController.class.php 第 33 行.
NOTIC: [8] Undefined index: sqmode /mnt/wwwroot/yikang.mubantang.com/Application/App/Controller/BaseController.class.php 第 45 行.
NOTIC: [8] Undefined index: code /mnt/wwwroot/yikang.mubantang.com/Application/App/Controller/BaseController.class.php 第 55 行.
NOTIC: [8] Undefined index: sqmode /mnt/wwwroot/yikang.mubantang.com/Application/App/Controller/BaseController.class.php 第 94 行.
INFO: [ view_parse ] --START--
INFO: [ template_filter ] --START--
INFO: Run Behavior\ContentReplaceBehavior [ RunTime:0.000045s ]
INFO: [ template_filter ] --END-- [ RunTime:0.000094s ]
INFO: Run Behavior\ParseTemplateBehavior [ RunTime:0.004603s ]
INFO: [ view_parse ] --END-- [ RunTime:0.004644s ]
INFO: [ view_filter ] --START--
INFO: Run Behavior\WriteHtmlCacheBehavior [ RunTime:0.000115s ]
INFO: [ view_filter ] --END-- [ RunTime:0.000147s ]
INFO: [ view_parse ] --START--
INFO: Run Behavior\ParseTemplateBehavior [ RunTime:0.000135s ]
INFO: [ view_parse ] --END-- [ RunTime:-0.000197s ]
INFO: [ view_filter ] --START--
INFO: Run Behavior\WriteHtmlCacheBehavior [ RunTime:0.000008s ]
INFO: [ view_filter ] --END-- [ RunTime:-0.000215s ]

[ 2017-02-24T15:08:28+08:00 ] 101.226.102.59 /App/Shop/index/ppid/2735/?from=singlemessage&code=031Wk2tS1DLYE81AKXsS13Z4tS1Wk2td&state=1
INFO: [ app_init ] --START--
INFO: Run Behavior\BuildLiteBehavior [ RunTime:0.000013s ]
INFO: [ app_init ] --END-- [ RunTime:0.000283s ]
INFO: [ app_begin ] --START--
INFO: Run Behavior\ReadHtmlCacheBehavior [ RunTime:0.000326s ]
INFO: [ app_begin ] --END-- [ RunTime:0.000364s ]
SQL: SHOW COLUMNS FROM `yk_set` [ RunTime:0.0010s ]
SQL: SELECT * FROM `yk_set` LIMIT 1   [ RunTime:0.0002s ]
NOTIC: [8] Undefined index: employee /mnt/wwwroot/yikang.mubantang.com/Application/App/Controller/BaseController.class.php 第 33 行.
NOTIC: [8] Undefined index: sqmode /mnt/wwwroot/yikang.mubantang.com/Application/App/Controller/BaseController.class.php 第 45 行.
SQL: SHOW COLUMNS FROM `yk_vip` [ RunTime:0.0014s ]
SQL: SELECT * FROM `yk_vip` WHERE `openid` = 'omV0nwrgI7_1DURLVuD42IWZ93O4' LIMIT 1   [ RunTime:0.0023s ]

[ 2017-02-24T15:08:28+08:00 ] 163.177.93.219 /App/Baseoa/index
INFO: [ app_init ] --START--
INFO: Run Behavior\BuildLiteBehavior [ RunTime:0.000012s ]
INFO: [ app_init ] --END-- [ RunTime:0.000257s ]
INFO: [ app_begin ] --START--
INFO: Run Behavior\ReadHtmlCacheBehavior [ RunTime:0.000326s ]
INFO: [ app_begin ] --END-- [ RunTime:0.000364s ]
SQL: SHOW COLUMNS FROM `yk_set` [ RunTime:0.0010s ]
SQL: SELECT * FROM `yk_set` LIMIT 1   [ RunTime:0.0002s ]
SQL: SHOW COLUMNS FROM `yk_vip_set` [ RunTime:0.0007s ]
SQL: SELECT * FROM `yk_vip_set` LIMIT 1   [ RunTime:0.0001s ]
INFO: [ app_end ] --START--
INFO: Run Behavior\ShowPageTraceBehavior [ RunTime:0.000483s ]
INFO: [ app_end ] --END-- [ RunTime:0.000538s ]

[ 2017-02-24T15:08:35+08:00 ] 101.226.102.59 /App/Baseoa/index?code=051o3g670prQMJ19tu970yWn670o3g6l&state=1
INFO: [ app_init ] --START--
INFO: Run Behavior\BuildLiteBehavior [ RunTime:0.000012s ]
INFO: [ app_init ] --END-- [ RunTime:0.000270s ]
INFO: [ app_begin ] --START--
INFO: Run Behavior\ReadHtmlCacheBehavior [ RunTime:0.000348s ]
INFO: [ app_begin ] --END-- [ RunTime:0.000387s ]
SQL: SHOW COLUMNS FROM `yk_set` [ RunTime:0.0007s ]
SQL: SELECT * FROM `yk_set` LIMIT 1   [ RunTime:0.0002s ]
SQL: SHOW COLUMNS FROM `yk_vip_set` [ RunTime:0.0006s ]
SQL: SELECT * FROM `yk_vip_set` LIMIT 1   [ RunTime:0.0001s ]
SQL: SHOW COLUMNS FROM `yk_vip` [ RunTime:0.0014s ]
SQL: SELECT * FROM `yk_vip` WHERE `openid` = 'omV0nwrgI7_1DURLVuD42IWZ93O4' LIMIT 1   [ RunTime:0.0021s ]
SQL: SELECT * FROM `yk_vip` WHERE `id` = 2735 LIMIT 1   [ RunTime:0.0002s ]
SQL: SHOW COLUMNS FROM `yk_shop_set` [ RunTime:0.0007s ]
SQL: SELECT * FROM `yk_shop_set` LIMIT 1   [ RunTime:0.0002s ]
SQL: UPDATE `yk_vip` SET `pid`='0',`plv`='1',`path`='0',`mobile`=NULL,`password`=NULL,`name`=NULL,`email`=NULL,`money`='0.00',`score`='100',`exp`='20',`cur_exp`='20',`levelid`='1',`openid`='omV0nwsIsMfxV21-EuCaaXz1jLHg',`nickname`='',`sex`='0',`city`='',`province`='',`country`='CN',`language`=NULL,`headimgurl`='http://wx.qlogo.cn/mmopen/yzTOKfIW2SEeQf65icUSMEVIkba6rzUZeNfqiaF4YJcKG9Tgot4fecxGsqLAalSaD23Gze62ykYxXMtrlNHNFJhDkollPLkD2j/0',`subscribe`='1',`subscribe_time`=NULL,`remark`=NULL,`status`='1',`ctime`='1486089677',`cctime`='1487761788',`sign`='0',`signtime`=NULL,`isfx`='0',`isfxgd`='0',`total_buy`='0',`total_yj`='0',`total_xxyj`='0',`total_xxlink`='3',`total_xxsub`='0',`total_xxunsub`='0',`total_xxbuy`='0',`txname`=NULL,`txmobile`=NULL,`txyh`=NULL,`txfh`=NULL,`txszd`=NULL,`txcard`=NULL,`employee`='0',`ticket`=NULL,`continue_sign`='0',`is_system`='0' WHERE `id` = 2735 [ RunTime:0.0003s ]
SQL: SHOW COLUMNS FROM `yk_wx_customer` [ RunTime:0.0192s ]
SQL: SELECT * FROM `yk_wx_customer` WHERE `type` = 'up' LIMIT 1   [ RunTime:0.0014s ]
SQL: SHOW COLUMNS FROM `yk_employee` [ RunTime:0.0037s ]
SQL: SELECT * FROM `yk_employee` WHERE `id` = 0 LIMIT 1   [ RunTime:0.0002s ]
SQL: SHOW COLUMNS FROM `yk_vip_level` [ RunTime:0.0028s ]
SQL: SELECT * FROM `yk_vip_level` ORDER BY exp  [ RunTime:0.0012s ]
SQL: INSERT INTO `yk_vip` (`pid`,`path`,`plv`,`employee`,`openid`,`nickname`,`sex`,`city`,`province`,`country`,`headimgurl`,`score`,`exp`,`cur_exp`,`levelid`,`ctime`,`cctime`) VALUES ('2735','0-2735','2','0','omV0nwrgI7_1DURLVuD42IWZ93O4','徐州爱耳听力助听器','1','Xuzhou','Jiangsu','CN','http://wx.qlogo.cn/mmopen/yzTOKfIW2SE5NoFhHDKbTlItCzLbEMB7hiadY4jUwMwgZe7uI9j137ogmjdBL79vjvOmDiaDR0E2yQbGMjVNa4iaw/0','100','20','20','1','1487920114','1487920114') [ RunTime:0.0281s ]
SQL: SHOW COLUMNS FROM `yk_vip_log` [ RunTime:0.0122s ]
SQL: INSERT INTO `yk_vip_log` (`ip`,`vipid`,`ctime`,`openid`,`nickname`,`event`,`score`,`exp`,`type`) VALUES ('101.226.102.59','2855','1487920114','omV0nwrgI7_1DURLVuD42IWZ93O4','徐州爱耳听力助听器','会员注册','100','20','4') [ RunTime:0.0399s ]
INFO: [ app_end ] --START--
INFO: Run Behavior\ShowPageTraceBehavior [ RunTime:0.000579s ]
INFO: [ app_end ] --END-- [ RunTime:0.000636s ]

[ 2017-02-24T15:08:35+08:00 ] 101.226.102.59 /App/Shop/index/ppid/2735/?from=singlemessage&code=031Wk2tS1DLYE81AKXsS13Z4tS1Wk2td&state=1
INFO: [ app_init ] --START--
INFO: Run Behavior\BuildLiteBehavior [ RunTime:0.000016s ]
INFO: [ app_init ] --END-- [ RunTime:0.000320s ]
INFO: [ app_begin ] --START--
INFO: Run Behavior\ReadHtmlCacheBehavior [ RunTime:0.000344s ]
INFO: [ app_begin ] --END-- [ RunTime:0.000389s ]
SQL: SHOW COLUMNS FROM `yk_set` [ RunTime:0.0008s ]
SQL: SELECT * FROM `yk_set` LIMIT 1   [ RunTime:0.0002s ]
NOTIC: [8] Undefined index: employee /mnt/wwwroot/yikang.mubantang.com/Application/App/Controller/BaseController.class.php 第 33 行.
SQL: SHOW COLUMNS FROM `yk_vip` [ RunTime:0.0010s ]
SQL: SELECT * FROM `yk_vip` WHERE `openid` = 'omV0nwrgI7_1DURLVuD42IWZ93O4' LIMIT 1   [ RunTime:0.0022s ]
SQL: UPDATE `yk_vip` SET `cctime`='1487920115' WHERE `id` = 2855 [ RunTime:0.0002s ]

[ 2017-02-24T15:08:35+08:00 ] 101.226.102.59 /App/Shop/index/ppid/2855
INFO: [ app_init ] --START--
INFO: Run Behavior\BuildLiteBehavior [ RunTime:0.000011s ]
INFO: [ app_init ] --END-- [ RunTime:0.000257s ]
INFO: [ app_begin ] --START--
INFO: Run Behavior\ReadHtmlCacheBehavior [ RunTime:0.000356s ]
INFO: [ app_begin ] --END-- [ RunTime:0.000402s ]
SQL: SHOW COLUMNS FROM `yk_set` [ RunTime:0.0007s ]
SQL: SELECT * FROM `yk_set` LIMIT 1   [ RunTime:0.0002s ]
NOTIC: [8] Undefined index: employee /mnt/wwwroot/yikang.mubantang.com/Application/App/Controller/BaseController.class.php 第 33 行.
SQL: SHOW COLUMNS FROM `yk_vip` [ RunTime:0.0010s ]
SQL: SELECT * FROM `yk_vip` WHERE `openid` = 'omV0nwrgI7_1DURLVuD42IWZ93O4' LIMIT 1   [ RunTime:0.0021s ]
SQL: UPDATE `yk_vip` SET `cctime`='1487920115' WHERE `id` = 2855 [ RunTime:0.0002s ]
SQL: SHOW COLUMNS FROM `yk_vip_set` [ RunTime:0.0006s ]
SQL: SELECT * FROM `yk_vip_set` LIMIT 1   [ RunTime:0.0002s ]
SQL: SHOW COLUMNS FROM `yk_shop_set` [ RunTime:0.0006s ]
SQL: SELECT * FROM `yk_shop_set` LIMIT 1   [ RunTime:0.0002s ]
SQL: SELECT * FROM `yk_shop_set` WHERE ( id=1 ) LIMIT 1   [ RunTime:0.0002s ]
SQL: SHOW COLUMNS FROM `yk_upload_img` [ RunTime:0.0004s ]
SQL: SELECT * FROM `yk_upload_img` WHERE `id` = 187 LIMIT 1   [ RunTime:0.0001s ]
SQL: SHOW COLUMNS FROM `yk_shop_goods` [ RunTime:0.0011s ]
SQL: SHOW COLUMNS FROM `yk_shop_group` [ RunTime:0.0005s ]
SQL: SELECT * FROM `yk_shop_group` WHERE `status` = 1  [ RunTime:0.0002s ]
SQL: SELECT * FROM `yk_upload_img` WHERE `id` = 179 LIMIT 1   [ RunTime:0.0002s ]
SQL: SELECT * FROM `yk_upload_img` WHERE `id` = 192 LIMIT 1   [ RunTime:0.0001s ]
SQL: SELECT * FROM `yk_shop_goods` WHERE `status` = 1  [ RunTime:0.0002s ]
SQL: SELECT * FROM `yk_upload_img` WHERE `id` = 184 LIMIT 1   [ RunTime:0.0001s ]
SQL: SELECT * FROM `yk_upload_img` WHERE `id` = 182 LIMIT 1   [ RunTime:0.0001s ]
SQL: SELECT * FROM `yk_upload_img` WHERE `id` = 186 LIMIT 1   [ RunTime:0.0001s ]
SQL: SHOW COLUMNS FROM `yk_shop_cate` [ RunTime:0.0005s ]
SQL: SELECT * FROM `yk_shop_cate` WHERE `id` IN ('20','21','22','23','24','25','27')  [ RunTime:0.0001s ]
SQL: SELECT * FROM `yk_upload_img` WHERE `id` = 174 LIMIT 1   [ RunTime:0.0001s ]
SQL: SHOW COLUMNS FROM `yk_shop_ads` [ RunTime:0.0004s ]
SQL: SELECT * FROM `yk_shop_ads` WHERE ( id )  [ RunTime:0.0001s ]
SQL: SELECT * FROM `yk_upload_img` WHERE `id` = 187 LIMIT 1   [ RunTime:0.0001s ]
SQL: SELECT * FROM `yk_upload_img` WHERE `id` = 189 LIMIT 1   [ RunTime:0.0001s ]
SQL: SELECT * FROM `yk_upload_img` WHERE `id` = 188 LIMIT 1   [ RunTime:0.0001s ]
SQL: SHOW COLUMNS FROM `yk_artical` [ RunTime:0.0004s ]
SQL: SELECT * FROM `yk_artical` ORDER BY id desc LIMIT 3   [ RunTime:0.0001s ]
SQL: SELECT * FROM `yk_upload_img` WHERE `id` = 175 LIMIT 1   [ RunTime:0.0001s ]
INFO: [ view_parse ] --START--
INFO: [ template_filter ] --START--
INFO: Run Behavior\ContentReplaceBehavior [ RunTime:0.000070s ]
INFO: [ template_filter ] --END-- [ RunTime:0.000109s ]
NOTIC: [8] Undefined variable: mrtj /mnt/wwwroot/yikang.mubantang.com/Application/Runtime/Cache/App/b56b8082e02b1b878a28f8cba0cac826.php 第 153 行.
NOTIC: [8] Undefined variable: mrtj /mnt/wwwroot/yikang.mubantang.com/Application/Runtime/Cache/App/b56b8082e02b1b878a28f8cba0cac826.php 第 153 行.
NOTIC: [8] Undefined variable: actname /mnt/wwwroot/yikang.mubantang.com/Application/Runtime/Cache/App/b56b8082e02b1b878a28f8cba0cac826.php 第 185 行.
INFO: Run Behavior\ParseTemplateBehavior [ RunTime:0.011151s ]
INFO: [ view_parse ] --END-- [ RunTime:0.011186s ]
INFO: [ view_filter ] --START--
INFO: Run Behavior\WriteHtmlCacheBehavior [ RunTime:0.000141s ]
INFO: [ view_filter ] --END-- [ RunTime:0.000173s ]
INFO: [ app_end ] --START--
INFO: Run Behavior\ShowPageTraceBehavior [ RunTime:0.000374s ]
INFO: [ app_end ] --END-- [ RunTime:0.000414s ]

[ 2017-02-24T15:08:38+08:00 ] 101.226.65.108 /App/Baseoa/index
INFO: [ app_init ] --START--
INFO: Run Behavior\BuildLiteBehavior [ RunTime:0.000014s ]
INFO: [ app_init ] --END-- [ RunTime:0.000265s ]
INFO: [ app_begin ] --START--
INFO: Run Behavior\ReadHtmlCacheBehavior [ RunTime:0.000367s ]
INFO: [ app_begin ] --END-- [ RunTime:0.000404s ]
SQL: SHOW COLUMNS FROM `yk_set` [ RunTime:0.0007s ]
SQL: SELECT * FROM `yk_set` LIMIT 1   [ RunTime:0.0003s ]
SQL: SHOW COLUMNS FROM `yk_vip_set` [ RunTime:0.0008s ]
SQL: SELECT * FROM `yk_vip_set` LIMIT 1   [ RunTime:0.0001s ]
INFO: [ app_end ] --START--
INFO: Run Behavior\ShowPageTraceBehavior [ RunTime:0.000440s ]
INFO: [ app_end ] --END-- [ RunTime:0.000488s ]

[ 2017-02-24T15:08:47+08:00 ] 101.226.125.103 /App/Baseoa/index
INFO: [ app_init ] --START--
INFO: Run Behavior\BuildLiteBehavior [ RunTime:0.000012s ]
INFO: [ app_init ] --END-- [ RunTime:0.000257s ]
INFO: [ app_begin ] --START--
INFO: Run Behavior\ReadHtmlCacheBehavior [ RunTime:0.000330s ]
INFO: [ app_begin ] --END-- [ RunTime:0.000369s ]
SQL: SHOW COLUMNS FROM `yk_set` [ RunTime:0.0007s ]
SQL: SELECT * FROM `yk_set` LIMIT 1   [ RunTime:0.0002s ]
SQL: SHOW COLUMNS FROM `yk_vip_set` [ RunTime:0.0007s ]
SQL: SELECT * FROM `yk_vip_set` LIMIT 1   [ RunTime:0.0001s ]
INFO: [ app_end ] --START--
INFO: Run Behavior\ShowPageTraceBehavior [ RunTime:0.000348s ]
INFO: [ app_end ] --END-- [ RunTime:0.000389s ]

[ 2017-02-24T15:09:00+08:00 ] 115.53.101.11 /App/Baseoa/index
INFO: [ app_init ] --START--
INFO: Run Behavior\BuildLiteBehavior [ RunTime:0.000013s ]
INFO: [ app_init ] --END-- [ RunTime:0.000261s ]
INFO: [ app_begin ] --START--
INFO: Run Behavior\ReadHtmlCacheBehavior [ RunTime:0.000321s ]
INFO: [ app_begin ] --END-- [ RunTime:0.000361s ]
SQL: SHOW COLUMNS FROM `yk_set` [ RunTime:0.0007s ]
SQL: SELECT * FROM `yk_set` LIMIT 1   [ RunTime:0.0002s ]
SQL: SHOW COLUMNS FROM `yk_vip_set` [ RunTime:0.0006s ]
SQL: SELECT * FROM `yk_vip_set` LIMIT 1   [ RunTime:0.0001s ]
INFO: [ view_parse ] --START--
INFO: [ template_filter ] --START--
INFO: Run Behavior\ContentReplaceBehavior [ RunTime:0.000042s ]
INFO: [ template_filter ] --END-- [ RunTime:0.000082s ]
INFO: Run Behavior\ParseTemplateBehavior [ RunTime:0.004804s ]
INFO: [ view_parse ] --END-- [ RunTime:0.004850s ]
INFO: [ view_filter ] --START--
INFO: Run Behavior\WriteHtmlCacheBehavior [ RunTime:0.000120s ]
INFO: [ view_filter ] --END-- [ RunTime:0.000153s ]

[ 2017-02-24T19:27:10+08:00 ] 101.226.114.166 /App/Demo/reg2?pid=252
INFO: [ app_init ] --START--
INFO: Run Behavior\BuildLiteBehavior [ RunTime:0.000012s ]
INFO: [ app_init ] --END-- [ RunTime:0.000260s ]
INFO: [ app_begin ] --START--
INFO: Run Behavior\ReadHtmlCacheBehavior [ RunTime:0.000326s ]
INFO: [ app_begin ] --END-- [ RunTime:0.000364s ]
SQL: SHOW COLUMNS FROM `yk_set` [ RunTime:0.0008s ]
SQL: SELECT * FROM `yk_set` LIMIT 1   [ RunTime:0.0002s ]
SQL: SHOW COLUMNS FROM `yk_vip_set` [ RunTime:0.0007s ]
SQL: SELECT * FROM `yk_vip_set` LIMIT 1   [ RunTime:0.0001s ]
SQL: SHOW COLUMNS FROM `yk_shop_set` [ RunTime:0.0008s ]
SQL: SELECT * FROM `yk_shop_set` LIMIT 1   [ RunTime:0.0002s ]
NOTIC: [8] Undefined index: fx_userinfo /mnt/wwwroot/yikang.mubantang.com/Application/App/Controller/DemoController.class.php 第 230 行.
NOTIC: [8] Undefined index: ppid /mnt/wwwroot/yikang.mubantang.com/Application/App/Controller/DemoController.class.php 第 363 行.
NOTIC: [8] Undefined index: employee /mnt/wwwroot/yikang.mubantang.com/Application/App/Controller/DemoController.class.php 第 364 行.
NOTIC: [8] Undefined index: sqmode /mnt/wwwroot/yikang.mubantang.com/Application/App/Controller/DemoController.class.php 第 366 行.
NOTIC: [8] Undefined index: code /mnt/wwwroot/yikang.mubantang.com/Application/App/Controller/DemoController.class.php 第 369 行.
NOTIC: [8] Undefined index: sqmode /mnt/wwwroot/yikang.mubantang.com/Application/App/Controller/DemoController.class.php 第 412 行.
INFO: [ view_parse ] --START--
INFO: [ template_filter ] --START--
INFO: Run Behavior\ContentReplaceBehavior [ RunTime:0.000041s ]
INFO: [ template_filter ] --END-- [ RunTime:0.000080s ]
INFO: Run Behavior\ParseTemplateBehavior [ RunTime:0.017928s ]
INFO: [ view_parse ] --END-- [ RunTime:0.017969s ]
INFO: [ view_filter ] --START--
INFO: Run Behavior\WriteHtmlCacheBehavior [ RunTime:0.000120s ]
INFO: [ view_filter ] --END-- [ RunTime:0.000153s ]
INFO: [ view_parse ] --START--
INFO: Run Behavior\ParseTemplateBehavior [ RunTime:0.000160s ]
INFO: [ view_parse ] --END-- [ RunTime:-0.000215s ]
INFO: [ view_filter ] --START--
INFO: Run Behavior\WriteHtmlCacheBehavior [ RunTime:0.000007s ]
INFO: [ view_filter ] --END-- [ RunTime:-0.000250s ]

[ 2017-02-24T19:27:14+08:00 ] 101.226.114.166 /App/Demo/reg2?pid=252&code=051jAdVF0APqch2S0mSF0ckfVF0jAdVj&state=1
INFO: [ app_init ] --START--
INFO: Run Behavior\BuildLiteBehavior [ RunTime:0.000012s ]
INFO: [ app_init ] --END-- [ RunTime:0.000291s ]
INFO: [ app_begin ] --START--
INFO: Run Behavior\ReadHtmlCacheBehavior [ RunTime:0.000326s ]
INFO: [ app_begin ] --END-- [ RunTime:0.000363s ]
SQL: SHOW COLUMNS FROM `yk_set` [ RunTime:0.0007s ]
SQL: SELECT * FROM `yk_set` LIMIT 1   [ RunTime:0.0002s ]
SQL: SHOW COLUMNS FROM `yk_vip_set` [ RunTime:0.0007s ]
SQL: SELECT * FROM `yk_vip_set` LIMIT 1   [ RunTime:0.0001s ]
SQL: SHOW COLUMNS FROM `yk_shop_set` [ RunTime:0.0007s ]
SQL: SELECT * FROM `yk_shop_set` LIMIT 1   [ RunTime:0.0002s ]
NOTIC: [8] Undefined index: fx_userinfo /mnt/wwwroot/yikang.mubantang.com/Application/App/Controller/DemoController.class.php 第 230 行.
NOTIC: [8] Undefined index: ppid /mnt/wwwroot/yikang.mubantang.com/Application/App/Controller/DemoController.class.php 第 363 行.
NOTIC: [8] Undefined index: employee /mnt/wwwroot/yikang.mubantang.com/Application/App/Controller/DemoController.class.php 第 364 行.
NOTIC: [8] Undefined index: sqmode /mnt/wwwroot/yikang.mubantang.com/Application/App/Controller/DemoController.class.php 第 366 行.
INFO: [ app_end ] --START--
INFO: Run Behavior\ShowPageTraceBehavior [ RunTime:0.000533s ]
INFO: [ app_end ] --END-- [ RunTime:0.000617s ]

[ 2017-02-24T19:27:14+08:00 ] 101.226.114.166 /App/Demo/reg2?pid=252&code=051jAdVF0APqch2S0mSF0ckfVF0jAdVj&state=1
INFO: [ app_init ] --START--
INFO: Run Behavior\BuildLiteBehavior [ RunTime:0.000012s ]
INFO: [ app_init ] --END-- [ RunTime:0.000260s ]
INFO: [ app_begin ] --START--
INFO: Run Behavior\ReadHtmlCacheBehavior [ RunTime:0.000342s ]
INFO: [ app_begin ] --END-- [ RunTime:0.000379s ]
SQL: SHOW COLUMNS FROM `yk_set` [ RunTime:0.0007s ]
SQL: SELECT * FROM `yk_set` LIMIT 1   [ RunTime:0.0002s ]
SQL: SHOW COLUMNS FROM `yk_vip_set` [ RunTime:0.0006s ]
SQL: SELECT * FROM `yk_vip_set` LIMIT 1   [ RunTime:0.0001s ]
SQL: SHOW COLUMNS FROM `yk_shop_set` [ RunTime:0.0007s ]
SQL: SELECT * FROM `yk_shop_set` LIMIT 1   [ RunTime:0.0002s ]
SQL: SHOW COLUMNS FROM `yk_vip` [ RunTime:0.0012s ]
SQL: SELECT * FROM `yk_vip` WHERE `openid` = 'omV0nwmcOm7olURBU1ag3gIk3cCY' LIMIT 1   [ RunTime:0.0021s ]
SQL: SELECT * FROM `yk_vip` WHERE `id` = 252 LIMIT 1   [ RunTime:0.0002s ]
SQL: SHOW COLUMNS FROM `yk_vip_set` [ RunTime:0.0006s ]
SQL: SELECT * FROM `yk_vip_set` LIMIT 1   [ RunTime:0.0001s ]
SQL: INSERT INTO `yk_vip` (`openid`,`nickname`,`sex`,`language`,`city`,`province`,`country`,`headimgurl`,`score`,`exp`,`cur_exp`,`levelid`,`cctime`,`ctime`,`pid`,`path`,`plv`,`employee`) VALUES ('omV0nwmcOm7olURBU1ag3gIk3cCY','gxj','1','zh_CN','Sanming','Fujian','CN','http://wx.qlogo.cn/mmopen/ajNVdqHZLLD6b0BKFJ8YnRnzZPJ2trfyhOj1MKOwvtcHF3rt0klwxSloP17Y1RSv00JzGEFiacHqub32TiaibKuVw/0','100','20','20','1','1487935634','1487935634','252','0-252','2','0') [ RunTime:0.0003s ]
SQL: SHOW COLUMNS FROM `yk_vip_log` [ RunTime:0.0007s ]
SQL: INSERT INTO `yk_vip_log` (`ip`,`vipid`,`ctime`,`openid`,`nickname`,`event`,`score`,`exp`,`type`) VALUES ('wechat','2856','1487935634','omV0nwmcOm7olURBU1ag3gIk3cCY','gxj','会员注册','100','20','4') [ RunTime:0.0002s ]
SQL: UPDATE `yk_vip` SET `pid`='0',`plv`='1',`path`='0',`mobile`=NULL,`password`=NULL,`name`=NULL,`email`=NULL,`money`='0.00',`score`='0',`exp`='0',`cur_exp`='0',`levelid`='0',`openid`='',`nickname`='',`sex`='',`city`='',`province`='',`country`='',`language`=NULL,`headimgurl`='',`subscribe`=NULL,`subscribe_time`=NULL,`remark`=NULL,`status`='1',`ctime`='1471600098',`cctime`='1471600098',`sign`='0',`signtime`=NULL,`isfx`='1',`isfxgd`='0',`total_buy`='0',`total_yj`='0',`total_xxyj`='0',`total_xxlink`='1',`total_xxsub`='0',`total_xxunsub`='0',`total_xxbuy`='0',`txname`=NULL,`txmobile`=NULL,`txyh`=NULL,`txfh`=NULL,`txszd`=NULL,`txcard`=NULL,`employee`='0',`ticket`=NULL,`continue_sign`='0',`is_system`='1' WHERE `id` = 252 [ RunTime:0.0003s ]
INFO: [ view_parse ] --START--
INFO: [ template_filter ] --START--
INFO: Run Behavior\ContentReplaceBehavior [ RunTime:0.000036s ]
INFO: [ template_filter ] --END-- [ RunTime:0.000074s ]
INFO: Run Behavior\ParseTemplateBehavior [ RunTime:0.016931s ]
INFO: [ view_parse ] --END-- [ RunTime:0.016968s ]
INFO: [ view_filter ] --START--
INFO: Run Behavior\WriteHtmlCacheBehavior [ RunTime:0.000137s ]
INFO: [ view_filter ] --END-- [ RunTime:0.000168s ]
INFO: [ app_end ] --START--
INFO: Run Behavior\ShowPageTraceBehavior [ RunTime:0.000353s ]
INFO: [ app_end ] --END-- [ RunTime:0.000387s ]

[ 2017-02-24T19:27:16+08:00 ] 101.226.114.166 /App/Shop/index
INFO: [ app_init ] --START--
INFO: Run Behavior\BuildLiteBehavior [ RunTime:0.000013s ]
INFO: [ app_init ] --END-- [ RunTime:0.000279s ]
INFO: [ app_begin ] --START--
INFO: Run Behavior\ReadHtmlCacheBehavior [ RunTime:0.000320s ]
INFO: [ app_begin ] --END-- [ RunTime:0.000358s ]
SQL: SHOW COLUMNS FROM `yk_set` [ RunTime:0.0007s ]
SQL: SELECT * FROM `yk_set` LIMIT 1   [ RunTime:0.0002s ]
NOTIC: [8] Undefined index: ppid /mnt/wwwroot/yikang.mubantang.com/Application/App/Controller/BaseController.class.php 第 32 行.
NOTIC: [8] Undefined index: employee /mnt/wwwroot/yikang.mubantang.com/Application/App/Controller/BaseController.class.php 第 33 行.
SQL: SHOW COLUMNS FROM `yk_vip` [ RunTime:0.0010s ]
SQL: SELECT * FROM `yk_vip` WHERE `openid` = 'omV0nwmcOm7olURBU1ag3gIk3cCY' LIMIT 1   [ RunTime:0.0022s ]
SQL: UPDATE `yk_vip` SET `cctime`='1487935636' WHERE `id` = 2856 [ RunTime:0.0002s ]
NOTIC: [8] Undefined index: ppid /mnt/wwwroot/yikang.mubantang.com/Application/App/Controller/BaseController.class.php 第 132 行.

[ 2017-02-24T19:27:16+08:00 ] 101.226.114.166 /App/Shop/index/ppid/2856
INFO: [ app_init ] --START--
INFO: Run Behavior\BuildLiteBehavior [ RunTime:0.000013s ]
INFO: [ app_init ] --END-- [ RunTime:0.000305s ]
INFO: [ app_begin ] --START--
INFO: Run Behavior\ReadHtmlCacheBehavior [ RunTime:0.000574s ]
INFO: [ app_begin ] --END-- [ RunTime:0.000706s ]
SQL: SHOW COLUMNS FROM `yk_set` [ RunTime:0.0007s ]
SQL: SELECT * FROM `yk_set` LIMIT 1   [ RunTime:0.0002s ]
NOTIC: [8] Undefined index: employee /mnt/wwwroot/yikang.mubantang.com/Application/App/Controller/BaseController.class.php 第 33 行.
SQL: SHOW COLUMNS FROM `yk_vip` [ RunTime:0.0010s ]
SQL: SELECT * FROM `yk_vip` WHERE `openid` = 'omV0nwmcOm7olURBU1ag3gIk3cCY' LIMIT 1   [ RunTime:0.0021s ]
SQL: UPDATE `yk_vip` SET `cctime`='1487935636' WHERE `id` = 2856 [ RunTime:0.0002s ]
SQL: SHOW COLUMNS FROM `yk_vip_set` [ RunTime:0.0006s ]
SQL: SELECT * FROM `yk_vip_set` LIMIT 1   [ RunTime:0.0001s ]
SQL: SHOW COLUMNS FROM `yk_shop_set` [ RunTime:0.0007s ]
SQL: SELECT * FROM `yk_shop_set` LIMIT 1   [ RunTime:0.0002s ]
SQL: SELECT * FROM `yk_shop_set` WHERE ( id=1 ) LIMIT 1   [ RunTime:0.0002s ]
SQL: SHOW COLUMNS FROM `yk_upload_img` [ RunTime:0.0004s ]
SQL: SELECT * FROM `yk_upload_img` WHERE `id` = 187 LIMIT 1   [ RunTime:0.0001s ]
SQL: SHOW COLUMNS FROM `yk_shop_goods` [ RunTime:0.0012s ]
SQL: SHOW COLUMNS FROM `yk_shop_group` [ RunTime:0.0005s ]
SQL: SELECT * FROM `yk_shop_group` WHERE `status` = 1  [ RunTime:0.0002s ]
SQL: SELECT * FROM `yk_upload_img` WHERE `id` = 179 LIMIT 1   [ RunTime:0.0002s ]
SQL: SELECT * FROM `yk_upload_img` WHERE `id` = 192 LIMIT 1   [ RunTime:0.0001s ]
SQL: SELECT * FROM `yk_shop_goods` WHERE `status` = 1  [ RunTime:0.0002s ]
SQL: SELECT * FROM `yk_upload_img` WHERE `id` = 184 LIMIT 1   [ RunTime:0.0002s ]
SQL: SELECT * FROM `yk_upload_img` WHERE `id` = 182 LIMIT 1   [ RunTime:0.0001s ]
SQL: SELECT * FROM `yk_upload_img` WHERE `id` = 186 LIMIT 1   [ RunTime:0.0002s ]
SQL: SHOW COLUMNS FROM `yk_shop_cate` [ RunTime:0.0006s ]
SQL: SELECT * FROM `yk_shop_cate` WHERE `id` IN ('20','21','22','23','24','25','27')  [ RunTime:0.0001s ]
SQL: SELECT * FROM `yk_upload_img` WHERE `id` = 174 LIMIT 1   [ RunTime:0.0001s ]
SQL: SHOW COLUMNS FROM `yk_shop_ads` [ RunTime:0.0004s ]
SQL: SELECT * FROM `yk_shop_ads` WHERE ( id )  [ RunTime:0.0001s ]
SQL: SELECT * FROM `yk_upload_img` WHERE `id` = 187 LIMIT 1   [ RunTime:0.0002s ]
SQL: SELECT * FROM `yk_upload_img` WHERE `id` = 189 LIMIT 1   [ RunTime:0.0002s ]
SQL: SELECT * FROM `yk_upload_img` WHERE `id` = 188 LIMIT 1   [ RunTime:0.0001s ]
SQL: SHOW COLUMNS FROM `yk_artical` [ RunTime:0.0005s ]
SQL: SELECT * FROM `yk_artical` ORDER BY id desc LIMIT 3   [ RunTime:0.0001s ]
SQL: SELECT * FROM `yk_upload_img` WHERE `id` = 175 LIMIT 1   [ RunTime:0.0001s ]
INFO: [ view_parse ] --START--
INFO: [ template_filter ] --START--
INFO: Run Behavior\ContentReplaceBehavior [ RunTime:0.000067s ]
INFO: [ template_filter ] --END-- [ RunTime:0.000108s ]
NOTIC: [8] Undefined variable: mrtj /mnt/wwwroot/yikang.mubantang.com/Application/Runtime/Cache/App/b56b8082e02b1b878a28f8cba0cac826.php 第 153 行.
NOTIC: [8] Undefined variable: mrtj /mnt/wwwroot/yikang.mubantang.com/Application/Runtime/Cache/App/b56b8082e02b1b878a28f8cba0cac826.php 第 153 行.
NOTIC: [8] Undefined variable: actname /mnt/wwwroot/yikang.mubantang.com/Application/Runtime/Cache/App/b56b8082e02b1b878a28f8cba0cac826.php 第 185 行.
INFO: Run Behavior\ParseTemplateBehavior [ RunTime:0.012230s ]
INFO: [ view_parse ] --END-- [ RunTime:0.012268s ]
INFO: [ view_filter ] --START--
INFO: Run Behavior\WriteHtmlCacheBehavior [ RunTime:0.000128s ]
INFO: [ view_filter ] --END-- [ RunTime:0.000161s ]
INFO: [ app_end ] --START--
INFO: Run Behavior\ShowPageTraceBehavior [ RunTime:0.000388s ]
INFO: [ app_end ] --END-- [ RunTime:0.000427s ]

[ 2017-02-24T19:27:19+08:00 ] 101.226.33.237 /App/Demo/reg2?pid=252
INFO: [ app_init ] --START--
INFO: Run Behavior\BuildLiteBehavior [ RunTime:0.000014s ]
INFO: [ app_init ] --END-- [ RunTime:0.000271s ]
INFO: [ app_begin ] --START--
INFO: Run Behavior\ReadHtmlCacheBehavior [ RunTime:0.000392s ]
INFO: [ app_begin ] --END-- [ RunTime:0.000430s ]
SQL: SHOW COLUMNS FROM `yk_set` [ RunTime:0.0008s ]
SQL: SELECT * FROM `yk_set` LIMIT 1   [ RunTime:0.0002s ]
SQL: SHOW COLUMNS FROM `yk_vip_set` [ RunTime:0.0006s ]
SQL: SELECT * FROM `yk_vip_set` LIMIT 1   [ RunTime:0.0001s ]
SQL: SHOW COLUMNS FROM `yk_shop_set` [ RunTime:0.0007s ]
SQL: SELECT * FROM `yk_shop_set` LIMIT 1   [ RunTime:0.0002s ]
NOTIC: [8] Undefined index: fx_userinfo /mnt/wwwroot/yikang.mubantang.com/Application/App/Controller/DemoController.class.php 第 230 行.
NOTIC: [8] Undefined index: ppid /mnt/wwwroot/yikang.mubantang.com/Application/App/Controller/DemoController.class.php 第 363 行.
NOTIC: [8] Undefined index: employee /mnt/wwwroot/yikang.mubantang.com/Application/App/Controller/DemoController.class.php 第 364 行.
NOTIC: [8] Undefined index: sqmode /mnt/wwwroot/yikang.mubantang.com/Application/App/Controller/DemoController.class.php 第 366 行.
NOTIC: [8] Undefined index: code /mnt/wwwroot/yikang.mubantang.com/Application/App/Controller/DemoController.class.php 第 369 行.
NOTIC: [8] Undefined index: sqmode /mnt/wwwroot/yikang.mubantang.com/Application/App/Controller/DemoController.class.php 第 412 行.
INFO: [ view_parse ] --START--
INFO: [ template_filter ] --START--
INFO: Run Behavior\ContentReplaceBehavior [ RunTime:0.000042s ]
INFO: [ template_filter ] --END-- [ RunTime:0.000086s ]
INFO: Run Behavior\ParseTemplateBehavior [ RunTime:0.005427s ]
INFO: [ view_parse ] --END-- [ RunTime:0.005494s ]
INFO: [ view_filter ] --START--
INFO: Run Behavior\WriteHtmlCacheBehavior [ RunTime:0.000121s ]
INFO: [ view_filter ] --END-- [ RunTime:0.000154s ]
INFO: [ view_parse ] --START--
INFO: Run Behavior\ParseTemplateBehavior [ RunTime:0.000137s ]
INFO: [ view_parse ] --END-- [ RunTime:-0.000219s ]
INFO: [ view_filter ] --START--
INFO: Run Behavior\WriteHtmlCacheBehavior [ RunTime:0.000007s ]
INFO: [ view_filter ] --END-- [ RunTime:-0.000227s ]

[ 2017-02-24T19:27:26+08:00 ] 101.226.33.219 /App/Shop/index/ppid/2856
INFO: [ app_init ] --START--
INFO: Run Behavior\BuildLiteBehavior [ RunTime:0.000012s ]
INFO: [ app_init ] --END-- [ RunTime:0.000278s ]
INFO: [ app_begin ] --START--
INFO: Run Behavior\ReadHtmlCacheBehavior [ RunTime:0.000322s ]
INFO: [ app_begin ] --END-- [ RunTime:0.000360s ]
SQL: SHOW COLUMNS FROM `yk_set` [ RunTime:0.0007s ]
SQL: SELECT * FROM `yk_set` LIMIT 1   [ RunTime:0.0002s ]
NOTIC: [8] Undefined index: employee /mnt/wwwroot/yikang.mubantang.com/Application/App/Controller/BaseController.class.php 第 33 行.
NOTIC: [8] Undefined index: sqmode /mnt/wwwroot/yikang.mubantang.com/Application/App/Controller/BaseController.class.php 第 45 行.
NOTIC: [8] Undefined index: code /mnt/wwwroot/yikang.mubantang.com/Application/App/Controller/BaseController.class.php 第 55 行.
NOTIC: [8] Undefined index: sqmode /mnt/wwwroot/yikang.mubantang.com/Application/App/Controller/BaseController.class.php 第 94 行.
INFO: [ view_parse ] --START--
INFO: [ template_filter ] --START--
INFO: Run Behavior\ContentReplaceBehavior [ RunTime:0.000040s ]
INFO: [ template_filter ] --END-- [ RunTime:0.000080s ]
INFO: Run Behavior\ParseTemplateBehavior [ RunTime:0.004541s ]
INFO: [ view_parse ] --END-- [ RunTime:0.004583s ]
INFO: [ view_filter ] --START--
INFO: Run Behavior\WriteHtmlCacheBehavior [ RunTime:0.000120s ]
INFO: [ view_filter ] --END-- [ RunTime:0.000153s ]
INFO: [ view_parse ] --START--
INFO: Run Behavior\ParseTemplateBehavior [ RunTime:0.000136s ]
INFO: [ view_parse ] --END-- [ RunTime:-0.000210s ]
INFO: [ view_filter ] --START--
INFO: Run Behavior\WriteHtmlCacheBehavior [ RunTime:0.000008s ]
INFO: [ view_filter ] --END-- [ RunTime:-0.000222s ]

[ 2017-02-24T19:34:08+08:00 ] 123.151.138.100 /App/Shop/index/ppid/2791/
INFO: [ app_init ] --START--
INFO: Run Behavior\BuildLiteBehavior [ RunTime:0.000012s ]
INFO: [ app_init ] --END-- [ RunTime:0.000263s ]
INFO: [ app_begin ] --START--
INFO: Run Behavior\ReadHtmlCacheBehavior [ RunTime:0.000325s ]
INFO: [ app_begin ] --END-- [ RunTime:0.000384s ]
SQL: SHOW COLUMNS FROM `yk_set` [ RunTime:0.0007s ]
SQL: SELECT * FROM `yk_set` LIMIT 1   [ RunTime:0.0002s ]
NOTIC: [8] Undefined index: employee /mnt/wwwroot/yikang.mubantang.com/Application/App/Controller/BaseController.class.php 第 33 行.
NOTIC: [8] Undefined index: sqmode /mnt/wwwroot/yikang.mubantang.com/Application/App/Controller/BaseController.class.php 第 45 行.
NOTIC: [8] Undefined index: code /mnt/wwwroot/yikang.mubantang.com/Application/App/Controller/BaseController.class.php 第 55 行.
NOTIC: [8] Undefined index: sqmode /mnt/wwwroot/yikang.mubantang.com/Application/App/Controller/BaseController.class.php 第 94 行.
INFO: [ view_parse ] --START--
INFO: [ template_filter ] --START--
INFO: Run Behavior\ContentReplaceBehavior [ RunTime:0.000038s ]
INFO: [ template_filter ] --END-- [ RunTime:0.000074s ]
INFO: Run Behavior\ParseTemplateBehavior [ RunTime:0.004413s ]
INFO: [ view_parse ] --END-- [ RunTime:0.004453s ]
INFO: [ view_filter ] --START--
INFO: Run Behavior\WriteHtmlCacheBehavior [ RunTime:0.000115s ]
INFO: [ view_filter ] --END-- [ RunTime:0.000147s ]
INFO: [ view_parse ] --START--
INFO: Run Behavior\ParseTemplateBehavior [ RunTime:0.000135s ]
INFO: [ view_parse ] --END-- [ RunTime:-0.000223s ]
INFO: [ view_filter ] --START--
INFO: Run Behavior\WriteHtmlCacheBehavior [ RunTime:0.000007s ]
INFO: [ view_filter ] --END-- [ RunTime:-0.000242s ]

[ 2017-02-24T19:34:09+08:00 ] 123.151.138.100 /App/Shop/index/ppid/2791/?code=001ZlzA22BJpm11NEYw220QPA22ZlzAt&state=1
INFO: [ app_init ] --START--
INFO: Run Behavior\BuildLiteBehavior [ RunTime:0.000012s ]
INFO: [ app_init ] --END-- [ RunTime:0.000261s ]
INFO: [ app_begin ] --START--
INFO: Run Behavior\ReadHtmlCacheBehavior [ RunTime:0.000360s ]
INFO: [ app_begin ] --END-- [ RunTime:0.000398s ]
SQL: SHOW COLUMNS FROM `yk_set` [ RunTime:0.0007s ]
SQL: SELECT * FROM `yk_set` LIMIT 1   [ RunTime:0.0002s ]
NOTIC: [8] Undefined index: employee /mnt/wwwroot/yikang.mubantang.com/Application/App/Controller/BaseController.class.php 第 33 行.
NOTIC: [8] Undefined index: sqmode /mnt/wwwroot/yikang.mubantang.com/Application/App/Controller/BaseController.class.php 第 45 行.
SQL: SHOW COLUMNS FROM `yk_vip` [ RunTime:0.0015s ]
SQL: SELECT * FROM `yk_vip` WHERE `openid` = 'omV0nwom7xffWC3z3YBSzBai5bHo' LIMIT 1   [ RunTime:0.0022s ]
SQL: UPDATE `yk_vip` SET `cctime`='1487936049' WHERE `id` = 2791 [ RunTime:0.0002s ]
SQL: SHOW COLUMNS FROM `yk_vip_set` [ RunTime:0.0006s ]
SQL: SELECT * FROM `yk_vip_set` LIMIT 1   [ RunTime:0.0001s ]
SQL: SHOW COLUMNS FROM `yk_shop_set` [ RunTime:0.0006s ]
SQL: SELECT * FROM `yk_shop_set` LIMIT 1   [ RunTime:0.0002s ]
SQL: SELECT * FROM `yk_shop_set` WHERE ( id=1 ) LIMIT 1   [ RunTime:0.0002s ]
SQL: SHOW COLUMNS FROM `yk_upload_img` [ RunTime:0.0004s ]
SQL: SELECT * FROM `yk_upload_img` WHERE `id` = 187 LIMIT 1   [ RunTime:0.0001s ]
SQL: SHOW COLUMNS FROM `yk_shop_goods` [ RunTime:0.0011s ]
SQL: SHOW COLUMNS FROM `yk_shop_group` [ RunTime:0.0004s ]
SQL: SELECT * FROM `yk_shop_group` WHERE `status` = 1  [ RunTime:0.0002s ]
SQL: SELECT * FROM `yk_upload_img` WHERE `id` = 179 LIMIT 1   [ RunTime:0.0001s ]
SQL: SELECT * FROM `yk_upload_img` WHERE `id` = 192 LIMIT 1   [ RunTime:0.0001s ]
SQL: SELECT * FROM `yk_shop_goods` WHERE `status` = 1  [ RunTime:0.0002s ]
SQL: SELECT * FROM `yk_upload_img` WHERE `id` = 184 LIMIT 1   [ RunTime:0.0001s ]
SQL: SELECT * FROM `yk_upload_img` WHERE `id` = 182 LIMIT 1   [ RunTime:0.0001s ]
SQL: SELECT * FROM `yk_upload_img` WHERE `id` = 186 LIMIT 1   [ RunTime:0.0001s ]
SQL: SHOW COLUMNS FROM `yk_shop_cate` [ RunTime:0.0005s ]
SQL: SELECT * FROM `yk_shop_cate` WHERE `id` IN ('20','21','22','23','24','25','27')  [ RunTime:0.0001s ]
SQL: SELECT * FROM `yk_upload_img` WHERE `id` = 174 LIMIT 1   [ RunTime:0.0001s ]
SQL: SHOW COLUMNS FROM `yk_shop_ads` [ RunTime:0.0004s ]
SQL: SELECT * FROM `yk_shop_ads` WHERE ( id )  [ RunTime:0.0001s ]
SQL: SELECT * FROM `yk_upload_img` WHERE `id` = 187 LIMIT 1   [ RunTime:0.0001s ]
SQL: SELECT * FROM `yk_upload_img` WHERE `id` = 189 LIMIT 1   [ RunTime:0.0001s ]
SQL: SELECT * FROM `yk_upload_img` WHERE `id` = 188 LIMIT 1   [ RunTime:0.0001s ]
SQL: SHOW COLUMNS FROM `yk_artical` [ RunTime:0.0004s ]
SQL: SELECT * FROM `yk_artical` ORDER BY id desc LIMIT 3   [ RunTime:0.0001s ]
SQL: SELECT * FROM `yk_upload_img` WHERE `id` = 175 LIMIT 1   [ RunTime:0.0001s ]
INFO: [ view_parse ] --START--
INFO: [ template_filter ] --START--
INFO: Run Behavior\ContentReplaceBehavior [ RunTime:0.000072s ]
INFO: [ template_filter ] --END-- [ RunTime:0.000128s ]
NOTIC: [8] Undefined variable: mrtj /mnt/wwwroot/yikang.mubantang.com/Application/Runtime/Cache/App/b56b8082e02b1b878a28f8cba0cac826.php 第 153 行.
NOTIC: [8] Undefined variable: mrtj /mnt/wwwroot/yikang.mubantang.com/Application/Runtime/Cache/App/b56b8082e02b1b878a28f8cba0cac826.php 第 153 行.
NOTIC: [8] Undefined variable: actname /mnt/wwwroot/yikang.mubantang.com/Application/Runtime/Cache/App/b56b8082e02b1b878a28f8cba0cac826.php 第 185 行.
INFO: Run Behavior\ParseTemplateBehavior [ RunTime:0.028529s ]
INFO: [ view_parse ] --END-- [ RunTime:0.028574s ]
INFO: [ view_filter ] --START--
INFO: Run Behavior\WriteHtmlCacheBehavior [ RunTime:0.000154s ]
INFO: [ view_filter ] --END-- [ RunTime:0.000187s ]
INFO: [ app_end ] --START--
INFO: Run Behavior\ShowPageTraceBehavior [ RunTime:0.000401s ]
INFO: [ app_end ] --END-- [ RunTime:0.000441s ]

[ 2017-02-24T19:34:10+08:00 ] 123.151.138.100 /App/Shop/index/ppid/2791/?code=001ZlzA22BJpm11NEYw220QPA22ZlzAt&state=1
INFO: [ app_init ] --START--
INFO: Run Behavior\BuildLiteBehavior [ RunTime:0.000012s ]
INFO: [ app_init ] --END-- [ RunTime:0.000256s ]
INFO: [ app_begin ] --START--
INFO: Run Behavior\ReadHtmlCacheBehavior [ RunTime:0.000326s ]
INFO: [ app_begin ] --END-- [ RunTime:0.000365s ]
SQL: SHOW COLUMNS FROM `yk_set` [ RunTime:0.0008s ]
SQL: SELECT * FROM `yk_set` LIMIT 1   [ RunTime:0.0002s ]
NOTIC: [8] Undefined index: employee /mnt/wwwroot/yikang.mubantang.com/Application/App/Controller/BaseController.class.php 第 33 行.
SQL: SHOW COLUMNS FROM `yk_vip` [ RunTime:0.0011s ]
SQL: SELECT * FROM `yk_vip` WHERE `openid` = 'omV0nwom7xffWC3z3YBSzBai5bHo' LIMIT 1   [ RunTime:0.0022s ]
SQL: UPDATE `yk_vip` SET `cctime`='1487936049' WHERE `id` = 2791 [ RunTime:0.0002s ]
SQL: SHOW COLUMNS FROM `yk_vip_set` [ RunTime:0.0006s ]
SQL: SELECT * FROM `yk_vip_set` LIMIT 1   [ RunTime:0.0001s ]
SQL: SHOW COLUMNS FROM `yk_shop_set` [ RunTime:0.0007s ]
SQL: SELECT * FROM `yk_shop_set` LIMIT 1   [ RunTime:0.0002s ]
SQL: SELECT * FROM `yk_shop_set` WHERE ( id=1 ) LIMIT 1   [ RunTime:0.0002s ]
SQL: SHOW COLUMNS FROM `yk_upload_img` [ RunTime:0.0004s ]
SQL: SELECT * FROM `yk_upload_img` WHERE `id` = 187 LIMIT 1   [ RunTime:0.0001s ]
SQL: SHOW COLUMNS FROM `yk_shop_goods` [ RunTime:0.0010s ]
SQL: SHOW COLUMNS FROM `yk_shop_group` [ RunTime:0.0004s ]
SQL: SELECT * FROM `yk_shop_group` WHERE `status` = 1  [ RunTime:0.0002s ]
SQL: SELECT * FROM `yk_upload_img` WHERE `id` = 179 LIMIT 1   [ RunTime:0.0002s ]
SQL: SELECT * FROM `yk_upload_img` WHERE `id` = 192 LIMIT 1   [ RunTime:0.0001s ]
SQL: SELECT * FROM `yk_shop_goods` WHERE `status` = 1  [ RunTime:0.0002s ]
SQL: SELECT * FROM `yk_upload_img` WHERE `id` = 184 LIMIT 1   [ RunTime:0.0001s ]
SQL: SELECT * FROM `yk_upload_img` WHERE `id` = 182 LIMIT 1   [ RunTime:0.0001s ]
SQL: SELECT * FROM `yk_upload_img` WHERE `id` = 186 LIMIT 1   [ RunTime:0.0001s ]
SQL: SHOW COLUMNS FROM `yk_shop_cate` [ RunTime:0.0004s ]
SQL: SELECT * FROM `yk_shop_cate` WHERE `id` IN ('20','21','22','23','24','25','27')  [ RunTime:0.0001s ]
SQL: SELECT * FROM `yk_upload_img` WHERE `id` = 174 LIMIT 1   [ RunTime:0.0001s ]
SQL: SHOW COLUMNS FROM `yk_shop_ads` [ RunTime:0.0004s ]
SQL: SELECT * FROM `yk_shop_ads` WHERE ( id )  [ RunTime:0.0001s ]
SQL: SELECT * FROM `yk_upload_img` WHERE `id` = 187 LIMIT 1   [ RunTime:0.0001s ]
SQL: SELECT * FROM `yk_upload_img` WHERE `id` = 189 LIMIT 1   [ RunTime:0.0001s ]
SQL: SELECT * FROM `yk_upload_img` WHERE `id` = 188 LIMIT 1   [ RunTime:0.0001s ]
SQL: SHOW COLUMNS FROM `yk_artical` [ RunTime:0.0004s ]
SQL: SELECT * FROM `yk_artical` ORDER BY id desc LIMIT 3   [ RunTime:0.0001s ]
SQL: SELECT * FROM `yk_upload_img` WHERE `id` = 175 LIMIT 1   [ RunTime:0.0001s ]
INFO: [ view_parse ] --START--
INFO: [ template_filter ] --START--
INFO: Run Behavior\ContentReplaceBehavior [ RunTime:0.000070s ]
INFO: [ template_filter ] --END-- [ RunTime:0.000110s ]
NOTIC: [8] Undefined variable: mrtj /mnt/wwwroot/yikang.mubantang.com/Application/Runtime/Cache/App/b56b8082e02b1b878a28f8cba0cac826.php 第 153 行.
NOTIC: [8] Undefined variable: mrtj /mnt/wwwroot/yikang.mubantang.com/Application/Runtime/Cache/App/b56b8082e02b1b878a28f8cba0cac826.php 第 153 行.
NOTIC: [8] Undefined variable: actname /mnt/wwwroot/yikang.mubantang.com/Application/Runtime/Cache/App/b56b8082e02b1b878a28f8cba0cac826.php 第 185 行.
INFO: Run Behavior\ParseTemplateBehavior [ RunTime:0.012000s ]
INFO: [ view_parse ] --END-- [ RunTime:0.012038s ]
INFO: [ view_filter ] --START--
INFO: Run Behavior\WriteHtmlCacheBehavior [ RunTime:0.000124s ]
INFO: [ view_filter ] --END-- [ RunTime:0.000156s ]
INFO: [ app_end ] --START--
INFO: Run Behavior\ShowPageTraceBehavior [ RunTime:0.000566s ]
INFO: [ app_end ] --END-- [ RunTime:0.000661s ]

[ 2017-02-24T19:34:17+08:00 ] 180.153.160.24 /App/Shop/index/ppid/2791
INFO: [ app_init ] --START--
INFO: Run Behavior\BuildLiteBehavior [ RunTime:0.000012s ]
INFO: [ app_init ] --END-- [ RunTime:0.000258s ]
INFO: [ app_begin ] --START--
INFO: Run Behavior\ReadHtmlCacheBehavior [ RunTime:0.000326s ]
INFO: [ app_begin ] --END-- [ RunTime:0.000363s ]
SQL: SHOW COLUMNS FROM `yk_set` [ RunTime:0.0007s ]
SQL: SELECT * FROM `yk_set` LIMIT 1   [ RunTime:0.0002s ]
NOTIC: [8] Undefined index: employee /mnt/wwwroot/yikang.mubantang.com/Application/App/Controller/BaseController.class.php 第 33 行.
NOTIC: [8] Undefined index: sqmode /mnt/wwwroot/yikang.mubantang.com/Application/App/Controller/BaseController.class.php 第 45 行.
NOTIC: [8] Undefined index: code /mnt/wwwroot/yikang.mubantang.com/Application/App/Controller/BaseController.class.php 第 55 行.
NOTIC: [8] Undefined index: sqmode /mnt/wwwroot/yikang.mubantang.com/Application/App/Controller/BaseController.class.php 第 94 行.
INFO: [ view_parse ] --START--
INFO: [ template_filter ] --START--
INFO: Run Behavior\ContentReplaceBehavior [ RunTime:0.000058s ]
INFO: [ template_filter ] --END-- [ RunTime:0.000099s ]
INFO: Run Behavior\ParseTemplateBehavior [ RunTime:0.004467s ]
INFO: [ view_parse ] --END-- [ RunTime:0.004508s ]
INFO: [ view_filter ] --START--
INFO: Run Behavior\WriteHtmlCacheBehavior [ RunTime:0.000118s ]
INFO: [ view_filter ] --END-- [ RunTime:0.000150s ]
INFO: [ view_parse ] --START--
INFO: Run Behavior\ParseTemplateBehavior [ RunTime:0.000138s ]
INFO: [ view_parse ] --END-- [ RunTime:-0.000208s ]
INFO: [ view_filter ] --START--
INFO: Run Behavior\WriteHtmlCacheBehavior [ RunTime:0.000008s ]
INFO: [ view_filter ] --END-- [ RunTime:-0.000224s ]

[ 2017-02-24T19:34:38+08:00 ] 123.151.138.100 /App/Shop/index
INFO: [ app_init ] --START--
INFO: Run Behavior\BuildLiteBehavior [ RunTime:0.000016s ]
INFO: [ app_init ] --END-- [ RunTime:0.000308s ]
INFO: [ app_begin ] --START--
INFO: Run Behavior\ReadHtmlCacheBehavior [ RunTime:0.000368s ]
INFO: [ app_begin ] --END-- [ RunTime:0.000407s ]
SQL: SHOW COLUMNS FROM `yk_set` [ RunTime:0.0007s ]
SQL: SELECT * FROM `yk_set` LIMIT 1   [ RunTime:0.0002s ]
NOTIC: [8] Undefined index: ppid /mnt/wwwroot/yikang.mubantang.com/Application/App/Controller/BaseController.class.php 第 32 行.
NOTIC: [8] Undefined index: employee /mnt/wwwroot/yikang.mubantang.com/Application/App/Controller/BaseController.class.php 第 33 行.
SQL: SHOW COLUMNS FROM `yk_vip` [ RunTime:0.0011s ]
SQL: SELECT * FROM `yk_vip` WHERE `openid` = 'omV0nwom7xffWC3z3YBSzBai5bHo' LIMIT 1   [ RunTime:0.0022s ]
SQL: UPDATE `yk_vip` SET `cctime`='1487936078' WHERE `id` = 2791 [ RunTime:0.0002s ]
NOTIC: [8] Undefined index: ppid /mnt/wwwroot/yikang.mubantang.com/Application/App/Controller/BaseController.class.php 第 132 行.

[ 2017-02-24T19:34:38+08:00 ] 123.151.138.100 /App/Shop/index/ppid/2791
INFO: [ app_init ] --START--
INFO: Run Behavior\BuildLiteBehavior [ RunTime:0.000013s ]
INFO: [ app_init ] --END-- [ RunTime:0.000261s ]
INFO: [ app_begin ] --START--
INFO: Run Behavior\ReadHtmlCacheBehavior [ RunTime:0.000325s ]
INFO: [ app_begin ] --END-- [ RunTime:0.000362s ]
SQL: SHOW COLUMNS FROM `yk_set` [ RunTime:0.0007s ]
SQL: SELECT * FROM `yk_set` LIMIT 1   [ RunTime:0.0002s ]
NOTIC: [8] Undefined index: employee /mnt/wwwroot/yikang.mubantang.com/Application/App/Controller/BaseController.class.php 第 33 行.
SQL: SHOW COLUMNS FROM `yk_vip` [ RunTime:0.0010s ]
SQL: SELECT * FROM `yk_vip` WHERE `openid` = 'omV0nwom7xffWC3z3YBSzBai5bHo' LIMIT 1   [ RunTime:0.0021s ]
SQL: UPDATE `yk_vip` SET `cctime`='1487936078' WHERE `id` = 2791 [ RunTime:0.0002s ]
SQL: SHOW COLUMNS FROM `yk_vip_set` [ RunTime:0.0006s ]
SQL: SELECT * FROM `yk_vip_set` LIMIT 1   [ RunTime:0.0001s ]
SQL: SHOW COLUMNS FROM `yk_shop_set` [ RunTime:0.0007s ]
SQL: SELECT * FROM `yk_shop_set` LIMIT 1   [ RunTime:0.0002s ]
SQL: SELECT * FROM `yk_shop_set` WHERE ( id=1 ) LIMIT 1   [ RunTime:0.0002s ]
SQL: SHOW COLUMNS FROM `yk_upload_img` [ RunTime:0.0004s ]
SQL: SELECT * FROM `yk_upload_img` WHERE `id` = 187 LIMIT 1   [ RunTime:0.0001s ]
SQL: SHOW COLUMNS FROM `yk_shop_goods` [ RunTime:0.0010s ]
SQL: SHOW COLUMNS FROM `yk_shop_group` [ RunTime:0.0004s ]
SQL: SELECT * FROM `yk_shop_group` WHERE `status` = 1  [ RunTime:0.0002s ]
SQL: SELECT * FROM `yk_upload_img` WHERE `id` = 179 LIMIT 1   [ RunTime:0.0001s ]
SQL: SELECT * FROM `yk_upload_img` WHERE `id` = 192 LIMIT 1   [ RunTime:0.0002s ]
SQL: SELECT * FROM `yk_shop_goods` WHERE `status` = 1  [ RunTime:0.0002s ]
SQL: SELECT * FROM `yk_upload_img` WHERE `id` = 184 LIMIT 1   [ RunTime:0.0001s ]
SQL: SELECT * FROM `yk_upload_img` WHERE `id` = 182 LIMIT 1   [ RunTime:0.0001s ]
SQL: SELECT * FROM `yk_upload_img` WHERE `id` = 186 LIMIT 1   [ RunTime:0.0001s ]
SQL: SHOW COLUMNS FROM `yk_shop_cate` [ RunTime:0.0004s ]
SQL: SELECT * FROM `yk_shop_cate` WHERE `id` IN ('20','21','22','23','24','25','27')  [ RunTime:0.0002s ]
SQL: SELECT * FROM `yk_upload_img` WHERE `id` = 174 LIMIT 1   [ RunTime:0.0002s ]
SQL: SHOW COLUMNS FROM `yk_shop_ads` [ RunTime:0.0003s ]
SQL: SELECT * FROM `yk_shop_ads` WHERE ( id )  [ RunTime:0.0002s ]
SQL: SELECT * FROM `yk_upload_img` WHERE `id` = 187 LIMIT 1   [ RunTime:0.0001s ]
SQL: SELECT * FROM `yk_upload_img` WHERE `id` = 189 LIMIT 1   [ RunTime:0.0001s ]
SQL: SELECT * FROM `yk_upload_img` WHERE `id` = 188 LIMIT 1   [ RunTime:0.0001s ]
SQL: SHOW COLUMNS FROM `yk_artical` [ RunTime:0.0004s ]
SQL: SELECT * FROM `yk_artical` ORDER BY id desc LIMIT 3   [ RunTime:0.0001s ]
SQL: SELECT * FROM `yk_upload_img` WHERE `id` = 175 LIMIT 1   [ RunTime:0.0001s ]
INFO: [ view_parse ] --START--
INFO: [ template_filter ] --START--
INFO: Run Behavior\ContentReplaceBehavior [ RunTime:0.000065s ]
INFO: [ template_filter ] --END-- [ RunTime:0.000105s ]
NOTIC: [8] Undefined variable: mrtj /mnt/wwwroot/yikang.mubantang.com/Application/Runtime/Cache/App/b56b8082e02b1b878a28f8cba0cac826.php 第 153 行.
NOTIC: [8] Undefined variable: mrtj /mnt/wwwroot/yikang.mubantang.com/Application/Runtime/Cache/App/b56b8082e02b1b878a28f8cba0cac826.php 第 153 行.
NOTIC: [8] Undefined variable: actname /mnt/wwwroot/yikang.mubantang.com/Application/Runtime/Cache/App/b56b8082e02b1b878a28f8cba0cac826.php 第 185 行.
INFO: Run Behavior\ParseTemplateBehavior [ RunTime:0.011183s ]
INFO: [ view_parse ] --END-- [ RunTime:0.011240s ]
INFO: [ view_filter ] --START--
INFO: Run Behavior\WriteHtmlCacheBehavior [ RunTime:0.000124s ]
INFO: [ view_filter ] --END-- [ RunTime:0.000156s ]
INFO: [ app_end ] --START--
INFO: Run Behavior\ShowPageTraceBehavior [ RunTime:0.000352s ]
INFO: [ app_end ] --END-- [ RunTime:0.000391s ]

[ 2017-02-24T19:34:44+08:00 ] 163.177.82.13 /App/Shop/basket/sid/0/lasturl/L0FwcC9TaG9wL2luZGV4
INFO: [ app_init ] --START--
INFO: Run Behavior\BuildLiteBehavior [ RunTime:0.000012s ]
INFO: [ app_init ] --END-- [ RunTime:0.000256s ]
INFO: [ app_begin ] --START--
INFO: Run Behavior\ReadHtmlCacheBehavior [ RunTime:0.000520s ]
INFO: [ app_begin ] --END-- [ RunTime:0.000611s ]
SQL: SHOW COLUMNS FROM `yk_set` [ RunTime:0.0007s ]
SQL: SELECT * FROM `yk_set` LIMIT 1   [ RunTime:0.0002s ]
NOTIC: [8] Undefined index: ppid /mnt/wwwroot/yikang.mubantang.com/Application/App/Controller/BaseController.class.php 第 32 行.
NOTIC: [8] Undefined index: employee /mnt/wwwroot/yikang.mubantang.com/Application/App/Controller/BaseController.class.php 第 33 行.
SQL: SHOW COLUMNS FROM `yk_vip` [ RunTime:0.0010s ]
SQL: SELECT * FROM `yk_vip` WHERE `openid` = 'omV0nwom7xffWC3z3YBSzBai5bHo' LIMIT 1   [ RunTime:0.0023s ]
SQL: UPDATE `yk_vip` SET `cctime`='1487936083' WHERE `id` = 2791 [ RunTime:0.0003s ]
NOTIC: [8] Undefined index: ppid /mnt/wwwroot/yikang.mubantang.com/Application/App/Controller/BaseController.class.php 第 132 行.
SQL: SHOW COLUMNS FROM `yk_vip_set` [ RunTime:0.0009s ]
SQL: SELECT * FROM `yk_vip_set` LIMIT 1   [ RunTime:0.0002s ]
SQL: SHOW COLUMNS FROM `yk_shop_set` [ RunTime:0.0007s ]
SQL: SELECT * FROM `yk_shop_set` LIMIT 1   [ RunTime:0.0002s ]
SQL: SELECT * FROM `yk_shop_set` WHERE ( id=1 ) LIMIT 1   [ RunTime:0.0002s ]
SQL: SHOW COLUMNS FROM `yk_upload_img` [ RunTime:0.0004s ]
SQL: SELECT * FROM `yk_upload_img` WHERE `id` = 187 LIMIT 1   [ RunTime:0.0001s ]
SQL: SHOW COLUMNS FROM `yk_vip_level` [ RunTime:0.0004s ]
SQL: SELECT `name` FROM `yk_vip_level` WHERE ( id=1 ) LIMIT 1   [ RunTime:0.0001s ]
SQL: SHOW COLUMNS FROM `yk_vip_monthexp` [ RunTime:0.0373s ]
SQL: SELECT * FROM `yk_vip_monthexp` WHERE `month` = '2017-1' AND `vipid` = 2791 LIMIT 1   [ RunTime:0.0287s ]
SQL: SHOW COLUMNS FROM `yk_shop_basket` [ RunTime:0.0230s ]
SQL: SHOW COLUMNS FROM `yk_shop_goods` [ RunTime:0.0009s ]
SQL: SHOW COLUMNS FROM `yk_shop_goods_sku` [ RunTime:0.0134s ]
SQL: SELECT * FROM `yk_shop_basket` WHERE `sid` = 0 AND `vipid` = 2791  [ RunTime:0.0058s ]
INFO: [ view_parse ] --START--
INFO: [ template_filter ] --START--
INFO: Run Behavior\ContentReplaceBehavior [ RunTime:0.000050s ]
INFO: [ template_filter ] --END-- [ RunTime:0.000089s ]
INFO: Run Behavior\ParseTemplateBehavior [ RunTime:0.025780s ]
INFO: [ view_parse ] --END-- [ RunTime:0.025817s ]
INFO: [ view_filter ] --START--
INFO: Run Behavior\WriteHtmlCacheBehavior [ RunTime:0.000122s ]
INFO: [ view_filter ] --END-- [ RunTime:0.000154s ]
INFO: [ app_end ] --START--
INFO: Run Behavior\ShowPageTraceBehavior [ RunTime:0.000374s ]
INFO: [ app_end ] --END-- [ RunTime:0.000430s ]

[ 2017-02-24T19:34:49+08:00 ] 163.177.82.13 /App/Shop/index
INFO: [ app_init ] --START--
INFO: Run Behavior\BuildLiteBehavior [ RunTime:0.000012s ]
INFO: [ app_init ] --END-- [ RunTime:0.000262s ]
INFO: [ app_begin ] --START--
INFO: Run Behavior\ReadHtmlCacheBehavior [ RunTime:0.000326s ]
INFO: [ app_begin ] --END-- [ RunTime:0.000365s ]
SQL: SHOW COLUMNS FROM `yk_set` [ RunTime:0.0007s ]
SQL: SELECT * FROM `yk_set` LIMIT 1   [ RunTime:0.0002s ]
NOTIC: [8] Undefined index: ppid /mnt/wwwroot/yikang.mubantang.com/Application/App/Controller/BaseController.class.php 第 32 行.
NOTIC: [8] Undefined index: employee /mnt/wwwroot/yikang.mubantang.com/Application/App/Controller/BaseController.class.php 第 33 行.
SQL: SHOW COLUMNS FROM `yk_vip` [ RunTime:0.0012s ]
SQL: SELECT * FROM `yk_vip` WHERE `openid` = 'omV0nwom7xffWC3z3YBSzBai5bHo' LIMIT 1   [ RunTime:0.0022s ]
SQL: UPDATE `yk_vip` SET `cctime`='1487936089' WHERE `id` = 2791 [ RunTime:0.0055s ]
NOTIC: [8] Undefined index: ppid /mnt/wwwroot/yikang.mubantang.com/Application/App/Controller/BaseController.class.php 第 132 行.

[ 2017-02-24T19:34:49+08:00 ] 123.151.138.100 /App/Shop/index/ppid/2791
INFO: [ app_init ] --START--
INFO: Run Behavior\BuildLiteBehavior [ RunTime:0.000012s ]
INFO: [ app_init ] --END-- [ RunTime:0.000261s ]
INFO: [ app_begin ] --START--
INFO: Run Behavior\ReadHtmlCacheBehavior [ RunTime:0.000327s ]
INFO: [ app_begin ] --END-- [ RunTime:0.000365s ]
SQL: SHOW COLUMNS FROM `yk_set` [ RunTime:0.0007s ]
SQL: SELECT * FROM `yk_set` LIMIT 1   [ RunTime:0.0002s ]
NOTIC: [8] Undefined index: employee /mnt/wwwroot/yikang.mubantang.com/Application/App/Controller/BaseController.class.php 第 33 行.
SQL: SHOW COLUMNS FROM `yk_vip` [ RunTime:0.0010s ]
SQL: SELECT * FROM `yk_vip` WHERE `openid` = 'omV0nwom7xffWC3z3YBSzBai5bHo' LIMIT 1   [ RunTime:0.0021s ]
SQL: UPDATE `yk_vip` SET `cctime`='1487936089' WHERE `id` = 2791 [ RunTime:0.0002s ]
SQL: SHOW COLUMNS FROM `yk_vip_set` [ RunTime:0.0006s ]
SQL: SELECT * FROM `yk_vip_set` LIMIT 1   [ RunTime:0.0001s ]
SQL: SHOW COLUMNS FROM `yk_shop_set` [ RunTime:0.0007s ]
SQL: SELECT * FROM `yk_shop_set` LIMIT 1   [ RunTime:0.0002s ]
SQL: SELECT * FROM `yk_shop_set` WHERE ( id=1 ) LIMIT 1   [ RunTime:0.0002s ]
SQL: SHOW COLUMNS FROM `yk_upload_img` [ RunTime:0.0004s ]
SQL: SELECT * FROM `yk_upload_img` WHERE `id` = 187 LIMIT 1   [ RunTime:0.0001s ]
SQL: SHOW COLUMNS FROM `yk_shop_goods` [ RunTime:0.0010s ]
SQL: SHOW COLUMNS FROM `yk_shop_group` [ RunTime:0.0004s ]
SQL: SELECT * FROM `yk_shop_group` WHERE `status` = 1  [ RunTime:0.0002s ]
SQL: SELECT * FROM `yk_upload_img` WHERE `id` = 179 LIMIT 1   [ RunTime:0.0001s ]
SQL: SELECT * FROM `yk_upload_img` WHERE `id` = 192 LIMIT 1   [ RunTime:0.0001s ]
SQL: SELECT * FROM `yk_shop_goods` WHERE `status` = 1  [ RunTime:0.0002s ]
SQL: SELECT * FROM `yk_upload_img` WHERE `id` = 184 LIMIT 1   [ RunTime:0.0001s ]
SQL: SELECT * FROM `yk_upload_img` WHERE `id` = 182 LIMIT 1   [ RunTime:0.0001s ]
SQL: SELECT * FROM `yk_upload_img` WHERE `id` = 186 LIMIT 1   [ RunTime:0.0001s ]
SQL: SHOW COLUMNS FROM `yk_shop_cate` [ RunTime:0.0004s ]
SQL: SELECT * FROM `yk_shop_cate` WHERE `id` IN ('20','21','22','23','24','25','27')  [ RunTime:0.0001s ]
SQL: SELECT * FROM `yk_upload_img` WHERE `id` = 174 LIMIT 1   [ RunTime:0.0001s ]
SQL: SHOW COLUMNS FROM `yk_shop_ads` [ RunTime:0.0003s ]
SQL: SELECT * FROM `yk_shop_ads` WHERE ( id )  [ RunTime:0.0001s ]
SQL: SELECT * FROM `yk_upload_img` WHERE `id` = 187 LIMIT 1   [ RunTime:0.0001s ]
SQL: SELECT * FROM `yk_upload_img` WHERE `id` = 189 LIMIT 1   [ RunTime:0.0001s ]
SQL: SELECT * FROM `yk_upload_img` WHERE `id` = 188 LIMIT 1   [ RunTime:0.0001s ]
SQL: SHOW COLUMNS FROM `yk_artical` [ RunTime:0.0004s ]
SQL: SELECT * FROM `yk_artical` ORDER BY id desc LIMIT 3   [ RunTime:0.0001s ]
SQL: SELECT * FROM `yk_upload_img` WHERE `id` = 175 LIMIT 1   [ RunTime:0.0001s ]
INFO: [ view_parse ] --START--
INFO: [ template_filter ] --START--
INFO: Run Behavior\ContentReplaceBehavior [ RunTime:0.000070s ]
INFO: [ template_filter ] --END-- [ RunTime:0.000110s ]
NOTIC: [8] Undefined variable: mrtj /mnt/wwwroot/yikang.mubantang.com/Application/Runtime/Cache/App/b56b8082e02b1b878a28f8cba0cac826.php 第 153 行.
NOTIC: [8] Undefined variable: mrtj /mnt/wwwroot/yikang.mubantang.com/Application/Runtime/Cache/App/b56b8082e02b1b878a28f8cba0cac826.php 第 153 行.
NOTIC: [8] Undefined variable: actname /mnt/wwwroot/yikang.mubantang.com/Application/Runtime/Cache/App/b56b8082e02b1b878a28f8cba0cac826.php 第 185 行.
INFO: Run Behavior\ParseTemplateBehavior [ RunTime:0.011013s ]
INFO: [ view_parse ] --END-- [ RunTime:0.011049s ]
INFO: [ view_filter ] --START--
INFO: Run Behavior\WriteHtmlCacheBehavior [ RunTime:0.000122s ]
INFO: [ view_filter ] --END-- [ RunTime:0.000153s ]
INFO: [ app_end ] --START--
INFO: Run Behavior\ShowPageTraceBehavior [ RunTime:0.000592s ]
INFO: [ app_end ] --END-- [ RunTime:0.000663s ]

[ 2017-02-24T19:35:08+08:00 ] 123.151.138.100 /App/Shop/category/type/0
INFO: [ app_init ] --START--
INFO: Run Behavior\BuildLiteBehavior [ RunTime:0.000013s ]
INFO: [ app_init ] --END-- [ RunTime:0.000281s ]
INFO: [ app_begin ] --START--
INFO: Run Behavior\ReadHtmlCacheBehavior [ RunTime:0.000326s ]
INFO: [ app_begin ] --END-- [ RunTime:0.000362s ]
SQL: SHOW COLUMNS FROM `yk_set` [ RunTime:0.0007s ]
SQL: SELECT * FROM `yk_set` LIMIT 1   [ RunTime:0.0002s ]
NOTIC: [8] Undefined index: ppid /mnt/wwwroot/yikang.mubantang.com/Application/App/Controller/BaseController.class.php 第 32 行.
NOTIC: [8] Undefined index: employee /mnt/wwwroot/yikang.mubantang.com/Application/App/Controller/BaseController.class.php 第 33 行.
SQL: SHOW COLUMNS FROM `yk_vip` [ RunTime:0.0013s ]
SQL: SELECT * FROM `yk_vip` WHERE `openid` = 'omV0nwom7xffWC3z3YBSzBai5bHo' LIMIT 1   [ RunTime:0.0024s ]
SQL: UPDATE `yk_vip` SET `cctime`='1487936108' WHERE `id` = 2791 [ RunTime:0.0002s ]
NOTIC: [8] Undefined index: ppid /mnt/wwwroot/yikang.mubantang.com/Application/App/Controller/BaseController.class.php 第 132 行.
SQL: SHOW COLUMNS FROM `yk_vip_set` [ RunTime:0.0006s ]
SQL: SELECT * FROM `yk_vip_set` LIMIT 1   [ RunTime:0.0001s ]
SQL: SHOW COLUMNS FROM `yk_shop_set` [ RunTime:0.0008s ]
SQL: SELECT * FROM `yk_shop_set` LIMIT 1   [ RunTime:0.0001s ]
SQL: SELECT * FROM `yk_shop_set` WHERE ( id=1 ) LIMIT 1   [ RunTime:0.0002s ]
SQL: SHOW COLUMNS FROM `yk_upload_img` [ RunTime:0.0004s ]
SQL: SELECT * FROM `yk_upload_img` WHERE `id` = 187 LIMIT 1   [ RunTime:0.0001s ]
SQL: SHOW COLUMNS FROM `yk_shop_goods` [ RunTime:0.0006s ]
SQL: SELECT * FROM `yk_shop_goods` WHERE `status` = 1  [ RunTime:0.0002s ]
SQL: SELECT * FROM `yk_upload_img` WHERE `id` = 184 LIMIT 1   [ RunTime:0.0001s ]
SQL: SELECT * FROM `yk_upload_img` WHERE `id` = 182 LIMIT 1   [ RunTime:0.0001s ]
SQL: SELECT * FROM `yk_upload_img` WHERE `id` = 186 LIMIT 1   [ RunTime:0.0001s ]
SQL: SHOW COLUMNS FROM `yk_shop_cate` [ RunTime:0.0006s ]
SQL: SELECT * FROM `yk_shop_cate` WHERE `id` IN ('20','21','22','23','24','25','27')  [ RunTime:0.0002s ]
SQL: SELECT * FROM `yk_upload_img` WHERE `id` = 174 LIMIT 1   [ RunTime:0.0001s ]
SQL: SELECT * FROM `yk_shop_cate` WHERE ( id=0 ) LIMIT 1   [ RunTime:0.0001s ]
INFO: [ view_parse ] --START--
INFO: [ template_filter ] --START--
INFO: Run Behavior\ContentReplaceBehavior [ RunTime:0.000067s ]
INFO: [ template_filter ] --END-- [ RunTime:0.000109s ]
NOTIC: [8] Undefined variable: jsapi /mnt/wwwroot/yikang.mubantang.com/Application/Runtime/Cache/App/cb14e85b4fc58b84b59d9d9da38f3794.php 第 238 行.
NOTIC: [8] Undefined variable: jsapi /mnt/wwwroot/yikang.mubantang.com/Application/Runtime/Cache/App/cb14e85b4fc58b84b59d9d9da38f3794.php 第 239 行.
NOTIC: [8] Undefined variable: jsapi /mnt/wwwroot/yikang.mubantang.com/Application/Runtime/Cache/App/cb14e85b4fc58b84b59d9d9da38f3794.php 第 240 行.
NOTIC: [8] Undefined variable: jsapi /mnt/wwwroot/yikang.mubantang.com/Application/Runtime/Cache/App/cb14e85b4fc58b84b59d9d9da38f3794.php 第 241 行.
INFO: Run Behavior\ParseTemplateBehavior [ RunTime:0.026125s ]
INFO: [ view_parse ] --END-- [ RunTime:0.026161s ]
INFO: [ view_filter ] --START--
INFO: Run Behavior\WriteHtmlCacheBehavior [ RunTime:0.000124s ]
INFO: [ view_filter ] --END-- [ RunTime:0.000156s ]
INFO: [ app_end ] --START--
INFO: Run Behavior\ShowPageTraceBehavior [ RunTime:0.000378s ]
INFO: [ app_end ] --END-- [ RunTime:0.000417s ]

[ 2017-02-24T19:35:17+08:00 ] 163.177.82.13 /App/Shop/goods/sid/0/id/17/ppid/2791
INFO: [ app_init ] --START--
INFO: Run Behavior\BuildLiteBehavior [ RunTime:0.000013s ]
INFO: [ app_init ] --END-- [ RunTime:0.000290s ]
INFO: [ app_begin ] --START--
INFO: Run Behavior\ReadHtmlCacheBehavior [ RunTime:0.000322s ]
INFO: [ app_begin ] --END-- [ RunTime:0.000359s ]
SQL: SHOW COLUMNS FROM `yk_set` [ RunTime:0.0007s ]
SQL: SELECT * FROM `yk_set` LIMIT 1   [ RunTime:0.0002s ]
NOTIC: [8] Undefined index: employee /mnt/wwwroot/yikang.mubantang.com/Application/App/Controller/BaseController.class.php 第 33 行.
SQL: SHOW COLUMNS FROM `yk_vip` [ RunTime:0.0011s ]
SQL: SELECT * FROM `yk_vip` WHERE `openid` = 'omV0nwom7xffWC3z3YBSzBai5bHo' LIMIT 1   [ RunTime:0.0022s ]
SQL: UPDATE `yk_vip` SET `cctime`='1487936117' WHERE `id` = 2791 [ RunTime:0.0002s ]
SQL: SHOW COLUMNS FROM `yk_vip_set` [ RunTime:0.0006s ]
SQL: SELECT * FROM `yk_vip_set` LIMIT 1   [ RunTime:0.0002s ]
SQL: SHOW COLUMNS FROM `yk_shop_set` [ RunTime:0.0007s ]
SQL: SELECT * FROM `yk_shop_set` LIMIT 1   [ RunTime:0.0002s ]
SQL: SELECT * FROM `yk_shop_set` WHERE ( id=1 ) LIMIT 1   [ RunTime:0.0002s ]
SQL: SHOW COLUMNS FROM `yk_upload_img` [ RunTime:0.0003s ]
SQL: SELECT * FROM `yk_upload_img` WHERE `id` = 187 LIMIT 1   [ RunTime:0.0001s ]
SQL: SHOW COLUMNS FROM `yk_shop_goods` [ RunTime:0.0010s ]
SQL: SELECT * FROM `yk_shop_goods` WHERE ( id=17 ) LIMIT 1   [ RunTime:0.0002s ]
SQL: UPDATE `yk_shop_goods` SET `clicks`=clicks+1 WHERE ( id=17 ) [ RunTime:0.0002s ]
SQL: SHOW COLUMNS FROM `yk_shop_label` [ RunTime:0.0047s ]
SQL: SELECT `name` FROM `yk_shop_label` WHERE `id` = 0 LIMIT 1   [ RunTime:0.0020s ]
SQL: SELECT * FROM `yk_upload_img` WHERE `id` IN ('176')  [ RunTime:0.0001s ]
SQL: SELECT * FROM `yk_upload_img` WHERE `id` = 176 LIMIT 1   [ RunTime:0.0001s ]
SQL: SHOW COLUMNS FROM `yk_shop_basket` [ RunTime:0.0003s ]
SQL: SELECT SUM(num) AS tp_sum FROM `yk_shop_basket` WHERE `sid` = 0 AND `vipid` = 2791 LIMIT 1   [ RunTime:0.0002s ]
INFO: [ view_parse ] --START--
INFO: [ template_filter ] --START--
INFO: Run Behavior\ContentReplaceBehavior [ RunTime:0.000082s ]
INFO: [ template_filter ] --END-- [ RunTime:0.000137s ]
NOTIC: [8] Undefined variable: skujson /mnt/wwwroot/yikang.mubantang.com/Application/Runtime/Cache/App/53ff55a9284988d205aff13e5a85d20c.php 第 121 行.
INFO: Run Behavior\ParseTemplateBehavior [ RunTime:0.012607s ]
INFO: [ view_parse ] --END-- [ RunTime:0.012654s ]
INFO: [ view_filter ] --START--
INFO: Run Behavior\WriteHtmlCacheBehavior [ RunTime:0.000162s ]
INFO: [ view_filter ] --END-- [ RunTime:0.000209s ]
INFO: [ app_end ] --START--
INFO: Run Behavior\ShowPageTraceBehavior [ RunTime:0.000530s ]
INFO: [ app_end ] --END-- [ RunTime:0.000584s ]

[ 2017-02-24T19:35:18+08:00 ] 101.226.66.193 /App/Shop/category/type/0
INFO: [ app_init ] --START--
INFO: Run Behavior\BuildLiteBehavior [ RunTime:0.000012s ]
INFO: [ app_init ] --END-- [ RunTime:0.000287s ]
INFO: [ app_begin ] --START--
INFO: Run Behavior\ReadHtmlCacheBehavior [ RunTime:0.000323s ]
INFO: [ app_begin ] --END-- [ RunTime:0.000359s ]
SQL: SHOW COLUMNS FROM `yk_set` [ RunTime:0.0007s ]
SQL: SELECT * FROM `yk_set` LIMIT 1   [ RunTime:0.0002s ]
NOTIC: [8] Undefined index: ppid /mnt/wwwroot/yikang.mubantang.com/Application/App/Controller/BaseController.class.php 第 32 行.
NOTIC: [8] Undefined index: employee /mnt/wwwroot/yikang.mubantang.com/Application/App/Controller/BaseController.class.php 第 33 行.
NOTIC: [8] Undefined index: sqmode /mnt/wwwroot/yikang.mubantang.com/Application/App/Controller/BaseController.class.php 第 45 行.
NOTIC: [8] Undefined index: code /mnt/wwwroot/yikang.mubantang.com/Application/App/Controller/BaseController.class.php 第 55 行.
NOTIC: [8] Undefined index: sqmode /mnt/wwwroot/yikang.mubantang.com/Application/App/Controller/BaseController.class.php 第 94 行.
INFO: [ view_parse ] --START--
INFO: [ template_filter ] --START--
INFO: Run Behavior\ContentReplaceBehavior [ RunTime:0.000041s ]
INFO: [ template_filter ] --END-- [ RunTime:0.000080s ]
INFO: Run Behavior\ParseTemplateBehavior [ RunTime:0.004689s ]
INFO: [ view_parse ] --END-- [ RunTime:0.004729s ]
INFO: [ view_filter ] --START--
INFO: Run Behavior\WriteHtmlCacheBehavior [ RunTime:0.000117s ]
INFO: [ view_filter ] --END-- [ RunTime:0.000149s ]
INFO: [ view_parse ] --START--
INFO: Run Behavior\ParseTemplateBehavior [ RunTime:0.000136s ]
INFO: [ view_parse ] --END-- [ RunTime:-0.000205s ]
INFO: [ view_filter ] --START--
INFO: Run Behavior\WriteHtmlCacheBehavior [ RunTime:0.000027s ]
INFO: [ view_filter ] --END-- [ RunTime:-0.000221s ]

[ 2017-02-24T19:35:27+08:00 ] 61.151.218.118 /App/Shop/goods/sid/0/id/17/ppid/2791
INFO: [ app_init ] --START--
INFO: Run Behavior\BuildLiteBehavior [ RunTime:0.000012s ]
INFO: [ app_init ] --END-- [ RunTime:0.000259s ]
INFO: [ app_begin ] --START--
INFO: Run Behavior\ReadHtmlCacheBehavior [ RunTime:0.000349s ]
INFO: [ app_begin ] --END-- [ RunTime:0.000386s ]
SQL: SHOW COLUMNS FROM `yk_set` [ RunTime:0.0007s ]
SQL: SELECT * FROM `yk_set` LIMIT 1   [ RunTime:0.0002s ]
NOTIC: [8] Undefined index: employee /mnt/wwwroot/yikang.mubantang.com/Application/App/Controller/BaseController.class.php 第 33 行.
NOTIC: [8] Undefined index: sqmode /mnt/wwwroot/yikang.mubantang.com/Application/App/Controller/BaseController.class.php 第 45 行.
NOTIC: [8] Undefined index: code /mnt/wwwroot/yikang.mubantang.com/Application/App/Controller/BaseController.class.php 第 55 行.
NOTIC: [8] Undefined index: sqmode /mnt/wwwroot/yikang.mubantang.com/Application/App/Controller/BaseController.class.php 第 94 行.
INFO: [ view_parse ] --START--
INFO: [ template_filter ] --START--
INFO: Run Behavior\ContentReplaceBehavior [ RunTime:0.000039s ]
INFO: [ template_filter ] --END-- [ RunTime:0.000078s ]
INFO: Run Behavior\ParseTemplateBehavior [ RunTime:0.004511s ]
INFO: [ view_parse ] --END-- [ RunTime:0.004550s ]
INFO: [ view_filter ] --START--
INFO: Run Behavior\WriteHtmlCacheBehavior [ RunTime:0.000116s ]
INFO: [ view_filter ] --END-- [ RunTime:0.000149s ]
INFO: [ view_parse ] --START--
INFO: Run Behavior\ParseTemplateBehavior [ RunTime:0.000134s ]
INFO: [ view_parse ] --END-- [ RunTime:-0.000225s ]
INFO: [ view_filter ] --START--
INFO: Run Behavior\WriteHtmlCacheBehavior [ RunTime:0.000008s ]
INFO: [ view_filter ] --END-- [ RunTime:-0.000217s ]

[ 2017-02-24T19:36:32+08:00 ] 223.104.176.1 /App/Shop/fastbuy
INFO: [ app_init ] --START--
INFO: Run Behavior\BuildLiteBehavior [ RunTime:0.000012s ]
INFO: [ app_init ] --END-- [ RunTime:0.000260s ]
INFO: [ app_begin ] --START--
INFO: Run Behavior\ReadHtmlCacheBehavior [ RunTime:0.000342s ]
INFO: [ app_begin ] --END-- [ RunTime:0.000388s ]
SQL: SHOW COLUMNS FROM `yk_set` [ RunTime:0.0007s ]
SQL: SELECT * FROM `yk_set` LIMIT 1   [ RunTime:0.0002s ]
NOTIC: [8] Undefined index: ppid /mnt/wwwroot/yikang.mubantang.com/Application/App/Controller/BaseController.class.php 第 32 行.
NOTIC: [8] Undefined index: employee /mnt/wwwroot/yikang.mubantang.com/Application/App/Controller/BaseController.class.php 第 33 行.
SQL: SHOW COLUMNS FROM `yk_vip` [ RunTime:0.0010s ]
SQL: SELECT * FROM `yk_vip` WHERE `openid` = 'omV0nwom7xffWC3z3YBSzBai5bHo' LIMIT 1   [ RunTime:0.0021s ]
SQL: UPDATE `yk_vip` SET `cctime`='1487936192' WHERE `id` = 2791 [ RunTime:0.0002s ]
NOTIC: [8] Undefined index: ppid /mnt/wwwroot/yikang.mubantang.com/Application/App/Controller/BaseController.class.php 第 132 行.
SQL: SHOW COLUMNS FROM `yk_vip_set` [ RunTime:0.0006s ]
SQL: SELECT * FROM `yk_vip_set` LIMIT 1   [ RunTime:0.0001s ]
SQL: SHOW COLUMNS FROM `yk_shop_set` [ RunTime:0.0006s ]
SQL: SELECT * FROM `yk_shop_set` LIMIT 1   [ RunTime:0.0002s ]
SQL: SELECT * FROM `yk_shop_set` WHERE ( id=1 ) LIMIT 1   [ RunTime:0.0002s ]
SQL: SHOW COLUMNS FROM `yk_upload_img` [ RunTime:0.0004s ]
SQL: SELECT * FROM `yk_upload_img` WHERE `id` = 187 LIMIT 1   [ RunTime:0.0001s ]
SQL: SHOW COLUMNS FROM `yk_shop_basket` [ RunTime:0.0003s ]
SQL: DELETE FROM `yk_shop_basket` WHERE `sid` = 0 AND `vipid` = 2791 [ RunTime:0.0002s ]
SQL: INSERT INTO `yk_shop_basket` (`sid`,`goodsid`,`vipid`,`sku`,`num`) VALUES ('0','17','2791','','1') [ RunTime:0.0002s ]

[ 2017-02-24T19:36:35+08:00 ] 123.151.138.100 /App/Shop/orderMake/sid/0/lasturl/L0FwcC9TaG9wL2dvb2RzL2lkLzE3
INFO: [ app_init ] --START--
INFO: Run Behavior\BuildLiteBehavior [ RunTime:0.000012s ]
INFO: [ app_init ] --END-- [ RunTime:0.000283s ]
INFO: [ app_begin ] --START--
INFO: Run Behavior\ReadHtmlCacheBehavior [ RunTime:0.000323s ]
INFO: [ app_begin ] --END-- [ RunTime:0.000361s ]
SQL: SHOW COLUMNS FROM `yk_set` [ RunTime:0.0007s ]
SQL: SELECT * FROM `yk_set` LIMIT 1   [ RunTime:0.0002s ]
NOTIC: [8] Undefined index: ppid /mnt/wwwroot/yikang.mubantang.com/Application/App/Controller/BaseController.class.php 第 32 行.
NOTIC: [8] Undefined index: employee /mnt/wwwroot/yikang.mubantang.com/Application/App/Controller/BaseController.class.php 第 33 行.
SQL: SHOW COLUMNS FROM `yk_vip` [ RunTime:0.0010s ]
SQL: SELECT * FROM `yk_vip` WHERE `openid` = 'omV0nwom7xffWC3z3YBSzBai5bHo' LIMIT 1   [ RunTime:0.0024s ]
SQL: UPDATE `yk_vip` SET `cctime`='1487936195' WHERE `id` = 2791 [ RunTime:0.0002s ]
NOTIC: [8] Undefined index: ppid /mnt/wwwroot/yikang.mubantang.com/Application/App/Controller/BaseController.class.php 第 132 行.
SQL: SHOW COLUMNS FROM `yk_vip_set` [ RunTime:0.0006s ]
SQL: SELECT * FROM `yk_vip_set` LIMIT 1   [ RunTime:0.0001s ]
SQL: SHOW COLUMNS FROM `yk_shop_set` [ RunTime:0.0006s ]
SQL: SELECT * FROM `yk_shop_set` LIMIT 1   [ RunTime:0.0002s ]
SQL: SELECT * FROM `yk_shop_set` WHERE ( id=1 ) LIMIT 1   [ RunTime:0.0002s ]
SQL: SHOW COLUMNS FROM `yk_upload_img` [ RunTime:0.0003s ]
SQL: SELECT * FROM `yk_upload_img` WHERE `id` = 187 LIMIT 1   [ RunTime:0.0002s ]
SQL: SHOW COLUMNS FROM `yk_vip_level` [ RunTime:0.0003s ]
SQL: SELECT `name` FROM `yk_vip_level` WHERE ( id=1 ) LIMIT 1   [ RunTime:0.0001s ]
SQL: SHOW COLUMNS FROM `yk_vip_monthexp` [ RunTime:0.0004s ]
SQL: SELECT * FROM `yk_vip_monthexp` WHERE `month` = '2017-1' AND `vipid` = 2791 LIMIT 1   [ RunTime:0.0002s ]
SQL: SHOW COLUMNS FROM `yk_shop_basket` [ RunTime:0.0004s ]
SQL: SHOW COLUMNS FROM `yk_shop_goods` [ RunTime:0.0006s ]
SQL: SHOW COLUMNS FROM `yk_shop_goods_sku` [ RunTime:0.0004s ]
SQL: SELECT * FROM `yk_shop_basket` WHERE `sid` = 0 AND `vipid` = 2791  [ RunTime:0.0002s ]
SQL: SELECT * FROM `yk_shop_goods` WHERE ( id=17 ) LIMIT 1   [ RunTime:0.0002s ]
SQL: SELECT * FROM `yk_upload_img` WHERE `id` = 176 LIMIT 1   [ RunTime:0.0001s ]
NOTIC: [8] Undefined variable: sku /mnt/wwwroot/yikang.mubantang.com/Application/App/Controller/ShopController.class.php 第 837 行.
SQL: SHOW COLUMNS FROM `yk_vip_address` [ RunTime:0.0044s ]
SQL: SELECT * FROM `yk_vip_address` WHERE ( vipid=2791 ) LIMIT 1   [ RunTime:0.0158s ]
SQL: SHOW COLUMNS FROM `yk_vip_card` [ RunTime:0.0125s ]
SQL: SELECT `id`,`money` FROM `yk_vip_card` WHERE `type` = 2 AND `vipid` = 2791 AND `status` = 1 AND `usetime` = 0 AND `etime` > 1487936195 AND `usemoney` < 580  [ RunTime:0.0002s ]
INFO: [ view_parse ] --START--
INFO: [ template_filter ] --START--
INFO: Run Behavior\ContentReplaceBehavior [ RunTime:0.000051s ]
INFO: [ template_filter ] --END-- [ RunTime:0.000090s ]
INFO: Run Behavior\ParseTemplateBehavior [ RunTime:0.008555s ]
INFO: [ view_parse ] --END-- [ RunTime:0.008599s ]
INFO: [ view_filter ] --START--
INFO: Run Behavior\WriteHtmlCacheBehavior [ RunTime:0.000122s ]
INFO: [ view_filter ] --END-- [ RunTime:0.000155s ]
INFO: [ app_end ] --START--
INFO: Run Behavior\ShowPageTraceBehavior [ RunTime:0.000359s ]
INFO: [ app_end ] --END-- [ RunTime:0.000394s ]

[ 2017-02-24T19:37:09+08:00 ] 223.104.176.1 /App/Shop/addtobasket
INFO: [ app_init ] --START--
INFO: Run Behavior\BuildLiteBehavior [ RunTime:0.000013s ]
INFO: [ app_init ] --END-- [ RunTime:0.000264s ]
INFO: [ app_begin ] --START--
INFO: Run Behavior\ReadHtmlCacheBehavior [ RunTime:0.000327s ]
INFO: [ app_begin ] --END-- [ RunTime:0.000412s ]
SQL: SHOW COLUMNS FROM `yk_set` [ RunTime:0.0007s ]
SQL: SELECT * FROM `yk_set` LIMIT 1   [ RunTime:0.0002s ]
NOTIC: [8] Undefined index: ppid /mnt/wwwroot/yikang.mubantang.com/Application/App/Controller/BaseController.class.php 第 32 行.
NOTIC: [8] Undefined index: employee /mnt/wwwroot/yikang.mubantang.com/Application/App/Controller/BaseController.class.php 第 33 行.
SQL: SHOW COLUMNS FROM `yk_vip` [ RunTime:0.0011s ]
SQL: SELECT * FROM `yk_vip` WHERE `openid` = 'omV0nwom7xffWC3z3YBSzBai5bHo' LIMIT 1   [ RunTime:0.0021s ]
SQL: UPDATE `yk_vip` SET `cctime`='1487936229' WHERE `id` = 2791 [ RunTime:0.0002s ]
NOTIC: [8] Undefined index: ppid /mnt/wwwroot/yikang.mubantang.com/Application/App/Controller/BaseController.class.php 第 132 行.
SQL: SHOW COLUMNS FROM `yk_vip_set` [ RunTime:0.0006s ]
SQL: SELECT * FROM `yk_vip_set` LIMIT 1   [ RunTime:0.0001s ]
SQL: SHOW COLUMNS FROM `yk_shop_set` [ RunTime:0.0007s ]
SQL: SELECT * FROM `yk_shop_set` LIMIT 1   [ RunTime:0.0001s ]
SQL: SELECT * FROM `yk_shop_set` WHERE ( id=1 ) LIMIT 1   [ RunTime:0.0002s ]
SQL: SHOW COLUMNS FROM `yk_upload_img` [ RunTime:0.0003s ]
SQL: SELECT * FROM `yk_upload_img` WHERE `id` = 187 LIMIT 1   [ RunTime:0.0001s ]
SQL: SHOW COLUMNS FROM `yk_shop_basket` [ RunTime:0.0004s ]
SQL: SELECT * FROM `yk_shop_basket` WHERE `sid` = 0 AND `vipid` = 2791 AND `goodsid` = 17 LIMIT 1   [ RunTime:0.0002s ]
SQL: UPDATE `yk_shop_basket` SET `sid`='0',`vipid`='2791',`goodsid`='17',`sku`='',`num`='2' WHERE `id` = 767 [ RunTime:0.0002s ]
SQL: SELECT SUM(num) AS tp_sum FROM `yk_shop_basket` WHERE `sid` = 0 AND `vipid` = 2791 LIMIT 1   [ RunTime:0.0002s ]

[ 2017-02-24T19:41:07+08:00 ] 119.147.146.73 /App/Shop/index/ppid/2791/
INFO: [ app_init ] --START--
INFO: Run Behavior\BuildLiteBehavior [ RunTime:0.000012s ]
INFO: [ app_init ] --END-- [ RunTime:0.000277s ]
INFO: [ app_begin ] --START--
INFO: Run Behavior\ReadHtmlCacheBehavior [ RunTime:0.000388s ]
INFO: [ app_begin ] --END-- [ RunTime:0.000427s ]
SQL: SHOW COLUMNS FROM `yk_set` [ RunTime:0.0007s ]
SQL: SELECT * FROM `yk_set` LIMIT 1   [ RunTime:0.0002s ]
NOTIC: [8] Undefined index: employee /mnt/wwwroot/yikang.mubantang.com/Application/App/Controller/BaseController.class.php 第 33 行.
NOTIC: [8] Undefined index: sqmode /mnt/wwwroot/yikang.mubantang.com/Application/App/Controller/BaseController.class.php 第 45 行.
INFO: [ view_parse ] --START--
INFO: [ template_filter ] --START--
INFO: Run Behavior\ContentReplaceBehavior [ RunTime:0.000044s ]
INFO: [ template_filter ] --END-- [ RunTime:0.000101s ]
INFO: Run Behavior\ParseTemplateBehavior [ RunTime:0.005142s ]
INFO: [ view_parse ] --END-- [ RunTime:0.005179s ]
INFO: [ view_filter ] --START--
INFO: Run Behavior\WriteHtmlCacheBehavior [ RunTime:0.000141s ]
INFO: [ view_filter ] --END-- [ RunTime:0.000177s ]
INFO: [ view_parse ] --START--
INFO: Run Behavior\ParseTemplateBehavior [ RunTime:0.012512s ]
INFO: [ view_parse ] --END-- [ RunTime:-0.000242s ]
INFO: [ view_filter ] --START--
INFO: Run Behavior\WriteHtmlCacheBehavior [ RunTime:0.000012s ]
INFO: [ view_filter ] --END-- [ RunTime:-0.012635s ]

