[ 2017-02-01T02:13:45+08:00 ] 180.153.214.182 /App/index
INFO: [ app_init ] --START--
INFO: Run Behavior\BuildLiteBehavior [ RunTime:0.000013s ]
INFO: [ app_init ] --END-- [ RunTime:0.000265s ]
INFO: [ app_begin ] --START--
INFO: Run Behavior\ReadHtmlCacheBehavior [ RunTime:0.000348s ]
INFO: [ app_begin ] --END-- [ RunTime:0.000386s ]
SQL: SHOW COLUMNS FROM `yk_set` [ RunTime:0.0011s ]
SQL: SELECT * FROM `yk_set` LIMIT 1   [ RunTime:0.0002s ]
NOTIC: [8] Undefined index: ppid /mnt/wwwroot/yikang.mubantang.com/Application/App/Controller/BaseController.class.php 第 32 行.
NOTIC: [8] Undefined index: employee /mnt/wwwroot/yikang.mubantang.com/Application/App/Controller/BaseController.class.php 第 33 行.
NOTIC: [8] Undefined index: sqmode /mnt/wwwroot/yikang.mubantang.com/Application/App/Controller/BaseController.class.php 第 45 行.
INFO: [ view_parse ] --START--
INFO: [ template_filter ] --START--
INFO: Run Behavior\ContentReplaceBehavior [ RunTime:0.000041s ]
INFO: [ template_filter ] --END-- [ RunTime:0.000080s ]
INFO: Run Behavior\ParseTemplateBehavior [ RunTime:0.004716s ]
INFO: [ view_parse ] --END-- [ RunTime:0.004751s ]
INFO: [ view_filter ] --START--
INFO: Run Behavior\WriteHtmlCacheBehavior [ RunTime:0.000117s ]
INFO: [ view_filter ] --END-- [ RunTime:0.000149s ]
INFO: [ view_parse ] --START--
INFO: Run Behavior\ParseTemplateBehavior [ RunTime:0.000135s ]
INFO: [ view_parse ] --END-- [ RunTime:-0.000209s ]
INFO: [ view_filter ] --START--
INFO: Run Behavior\WriteHtmlCacheBehavior [ RunTime:0.000007s ]
INFO: [ view_filter ] --END-- [ RunTime:-0.000223s ]

[ 2017-02-01T11:41:19+08:00 ] 42.56.191.64 /App/Demo/reg2?pid=207
INFO: [ app_init ] --START--
INFO: Run Behavior\BuildLiteBehavior [ RunTime:0.000018s ]
INFO: [ app_init ] --END-- [ RunTime:0.000308s ]
INFO: [ app_begin ] --START--
INFO: Run Behavior\ReadHtmlCacheBehavior [ RunTime:0.000438s ]
INFO: [ app_begin ] --END-- [ RunTime:0.000488s ]
SQL: SHOW COLUMNS FROM `yk_set` [ RunTime:0.0190s ]
SQL: SELECT * FROM `yk_set` LIMIT 1   [ RunTime:0.0002s ]
SQL: SHOW COLUMNS FROM `yk_vip_set` [ RunTime:0.0007s ]
SQL: SELECT * FROM `yk_vip_set` LIMIT 1   [ RunTime:0.0001s ]
SQL: SHOW COLUMNS FROM `yk_shop_set` [ RunTime:0.0007s ]
SQL: SELECT * FROM `yk_shop_set` LIMIT 1   [ RunTime:0.0002s ]
NOTIC: [8] Undefined index: fx_userinfo /mnt/wwwroot/yikang.mubantang.com/Application/App/Controller/DemoController.class.php 第 230 行.
NOTIC: [8] Undefined index: ppid /mnt/wwwroot/yikang.mubantang.com/Application/App/Controller/DemoController.class.php 第 363 行.
NOTIC: [8] Undefined index: employee /mnt/wwwroot/yikang.mubantang.com/Application/App/Controller/DemoController.class.php 第 364 行.
NOTIC: [8] Undefined index: sqmode /mnt/wwwroot/yikang.mubantang.com/Application/App/Controller/DemoController.class.php 第 366 行.
NOTIC: [8] Undefined index: code /mnt/wwwroot/yikang.mubantang.com/Application/App/Controller/DemoController.class.php 第 369 行.
NOTIC: [8] Undefined index: sqmode /mnt/wwwroot/yikang.mubantang.com/Application/App/Controller/DemoController.class.php 第 412 行.
INFO: [ view_parse ] --START--
INFO: [ template_filter ] --START--
INFO: Run Behavior\ContentReplaceBehavior [ RunTime:0.000043s ]
INFO: [ template_filter ] --END-- [ RunTime:0.000090s ]
INFO: Run Behavior\ParseTemplateBehavior [ RunTime:0.012491s ]
INFO: [ view_parse ] --END-- [ RunTime:0.012537s ]
INFO: [ view_filter ] --START--
INFO: Run Behavior\WriteHtmlCacheBehavior [ RunTime:0.000126s ]
INFO: [ view_filter ] --END-- [ RunTime:0.000158s ]
INFO: [ view_parse ] --START--
INFO: Run Behavior\ParseTemplateBehavior [ RunTime:0.000140s ]
INFO: [ view_parse ] --END-- [ RunTime:-0.000216s ]
INFO: [ view_filter ] --START--
INFO: Run Behavior\WriteHtmlCacheBehavior [ RunTime:0.000008s ]
INFO: [ view_filter ] --END-- [ RunTime:-0.000226s ]

[ 2017-02-01T11:41:23+08:00 ] 42.56.191.64 /App/Demo/reg2?pid=207&code=031Jfq520FSYmD1tnH720UwG520Jfq5V&state=1
INFO: [ app_init ] --START--
INFO: Run Behavior\BuildLiteBehavior [ RunTime:0.000012s ]
INFO: [ app_init ] --END-- [ RunTime:0.000255s ]
INFO: [ app_begin ] --START--
INFO: Run Behavior\ReadHtmlCacheBehavior [ RunTime:0.000344s ]
INFO: [ app_begin ] --END-- [ RunTime:0.000381s ]
SQL: SHOW COLUMNS FROM `yk_set` [ RunTime:0.0009s ]
SQL: SELECT * FROM `yk_set` LIMIT 1   [ RunTime:0.0002s ]
SQL: SHOW COLUMNS FROM `yk_vip_set` [ RunTime:0.0006s ]
SQL: SELECT * FROM `yk_vip_set` LIMIT 1   [ RunTime:0.0002s ]
SQL: SHOW COLUMNS FROM `yk_shop_set` [ RunTime:0.0007s ]
SQL: SELECT * FROM `yk_shop_set` LIMIT 1   [ RunTime:0.0002s ]
NOTIC: [8] Undefined index: fx_userinfo /mnt/wwwroot/yikang.mubantang.com/Application/App/Controller/DemoController.class.php 第 230 行.
NOTIC: [8] Undefined index: ppid /mnt/wwwroot/yikang.mubantang.com/Application/App/Controller/DemoController.class.php 第 363 行.
NOTIC: [8] Undefined index: employee /mnt/wwwroot/yikang.mubantang.com/Application/App/Controller/DemoController.class.php 第 364 行.
NOTIC: [8] Undefined index: sqmode /mnt/wwwroot/yikang.mubantang.com/Application/App/Controller/DemoController.class.php 第 366 行.
INFO: [ app_end ] --START--
INFO: Run Behavior\ShowPageTraceBehavior [ RunTime:0.000570s ]
INFO: [ app_end ] --END-- [ RunTime:0.000655s ]

[ 2017-02-01T11:41:23+08:00 ] 42.56.191.64 /App/Demo/reg2?pid=207&code=031Jfq520FSYmD1tnH720UwG520Jfq5V&state=1
INFO: [ app_init ] --START--
INFO: Run Behavior\BuildLiteBehavior [ RunTime:0.000013s ]
INFO: [ app_init ] --END-- [ RunTime:0.000267s ]
INFO: [ app_begin ] --START--
INFO: Run Behavior\ReadHtmlCacheBehavior [ RunTime:0.000320s ]
INFO: [ app_begin ] --END-- [ RunTime:0.000358s ]
SQL: SHOW COLUMNS FROM `yk_set` [ RunTime:0.0007s ]
SQL: SELECT * FROM `yk_set` LIMIT 1   [ RunTime:0.0002s ]
SQL: SHOW COLUMNS FROM `yk_vip_set` [ RunTime:0.0006s ]
SQL: SELECT * FROM `yk_vip_set` LIMIT 1   [ RunTime:0.0001s ]
SQL: SHOW COLUMNS FROM `yk_shop_set` [ RunTime:0.0007s ]
SQL: SELECT * FROM `yk_shop_set` LIMIT 1   [ RunTime:0.0002s ]
SQL: SHOW COLUMNS FROM `yk_vip` [ RunTime:0.0011s ]
SQL: SELECT * FROM `yk_vip` WHERE `openid` = 'omV0nwnsxYcxQanwl_mwS1lS-7lo' LIMIT 1   [ RunTime:0.0021s ]
SQL: SELECT * FROM `yk_vip` WHERE `id` = 207 LIMIT 1   [ RunTime:0.0002s ]
SQL: SHOW COLUMNS FROM `yk_vip_set` [ RunTime:0.0006s ]
SQL: SELECT * FROM `yk_vip_set` LIMIT 1   [ RunTime:0.0001s ]
SQL: INSERT INTO `yk_vip` (`openid`,`nickname`,`sex`,`language`,`city`,`province`,`country`,`headimgurl`,`score`,`exp`,`cur_exp`,`levelid`,`cctime`,`ctime`,`pid`,`path`,`plv`,`employee`) VALUES ('omV0nwnsxYcxQanwl_mwS1lS-7lo','幸福🌸园','2','zh_CN','Yingkou','Liaoning','CN','http://wx.qlogo.cn/mmopen/PiajxSqBRaEJRX9QpvWnMWmupcl6rNADtyGYNEvBK5KeCtGatgI1HHHoiaG8suV1YTSlOIAVI7etKEtffSbO5PqQ/0','100','20','20','1','1485920483','1485920483','207','0-207','2','0') [ RunTime:0.0233s ]
SQL: SHOW COLUMNS FROM `yk_vip_log` [ RunTime:0.0106s ]
SQL: INSERT INTO `yk_vip_log` (`ip`,`vipid`,`ctime`,`openid`,`nickname`,`event`,`score`,`exp`,`type`) VALUES ('wechat','2731','1485920483','omV0nwnsxYcxQanwl_mwS1lS-7lo','幸福🌸园','会员注册','100','20','4') [ RunTime:0.0280s ]
SQL: UPDATE `yk_vip` SET `pid`='0',`plv`='1',`path`='0',`mobile`=NULL,`password`=NULL,`name`=NULL,`email`=NULL,`money`='0.00',`score`='0',`exp`='0',`cur_exp`='0',`levelid`='0',`openid`='',`nickname`='',`sex`='',`city`='',`province`='',`country`='',`language`=NULL,`headimgurl`='',`subscribe`=NULL,`subscribe_time`=NULL,`remark`=NULL,`status`='1',`ctime`='1471599671',`cctime`='1471599671',`sign`='0',`signtime`=NULL,`isfx`='1',`isfxgd`='0',`total_buy`='0',`total_yj`='0',`total_xxyj`='0',`total_xxlink`='30',`total_xxsub`='13',`total_xxunsub`='0',`total_xxbuy`='0',`txname`=NULL,`txmobile`=NULL,`txyh`=NULL,`txfh`=NULL,`txszd`=NULL,`txcard`=NULL,`employee`='0',`ticket`=NULL,`continue_sign`='0',`is_system`='1' WHERE `id` = 207 [ RunTime:0.0003s ]
INFO: [ view_parse ] --START--
INFO: [ template_filter ] --START--
INFO: Run Behavior\ContentReplaceBehavior [ RunTime:0.000037s ]
INFO: [ template_filter ] --END-- [ RunTime:0.000075s ]
INFO: Run Behavior\ParseTemplateBehavior [ RunTime:0.020485s ]
INFO: [ view_parse ] --END-- [ RunTime:0.020542s ]
INFO: [ view_filter ] --START--
INFO: Run Behavior\WriteHtmlCacheBehavior [ RunTime:0.000119s ]
INFO: [ view_filter ] --END-- [ RunTime:0.000149s ]
INFO: [ app_end ] --START--
INFO: Run Behavior\ShowPageTraceBehavior [ RunTime:0.000377s ]
INFO: [ app_end ] --END-- [ RunTime:0.000412s ]

[ 2017-02-01T11:41:24+08:00 ] 42.56.191.64 /App/Shop/index
INFO: [ app_init ] --START--
INFO: Run Behavior\BuildLiteBehavior [ RunTime:0.000012s ]
INFO: [ app_init ] --END-- [ RunTime:0.000256s ]
INFO: [ app_begin ] --START--
INFO: Run Behavior\ReadHtmlCacheBehavior [ RunTime:0.000354s ]
INFO: [ app_begin ] --END-- [ RunTime:0.000392s ]
SQL: SHOW COLUMNS FROM `yk_set` [ RunTime:0.0007s ]
SQL: SELECT * FROM `yk_set` LIMIT 1   [ RunTime:0.0002s ]
NOTIC: [8] Undefined index: ppid /mnt/wwwroot/yikang.mubantang.com/Application/App/Controller/BaseController.class.php 第 32 行.
NOTIC: [8] Undefined index: employee /mnt/wwwroot/yikang.mubantang.com/Application/App/Controller/BaseController.class.php 第 33 行.
SQL: SHOW COLUMNS FROM `yk_vip` [ RunTime:0.0011s ]
SQL: SELECT * FROM `yk_vip` WHERE `openid` = 'omV0nwnsxYcxQanwl_mwS1lS-7lo' LIMIT 1   [ RunTime:0.0023s ]
SQL: UPDATE `yk_vip` SET `cctime`='1485920484' WHERE `id` = 2731 [ RunTime:0.0215s ]
NOTIC: [8] Undefined index: ppid /mnt/wwwroot/yikang.mubantang.com/Application/App/Controller/BaseController.class.php 第 132 行.

[ 2017-02-01T11:41:25+08:00 ] 42.56.191.64 /App/Shop/index/ppid/2731
INFO: [ app_init ] --START--
INFO: Run Behavior\BuildLiteBehavior [ RunTime:0.000012s ]
INFO: [ app_init ] --END-- [ RunTime:0.000304s ]
INFO: [ app_begin ] --START--
INFO: Run Behavior\ReadHtmlCacheBehavior [ RunTime:0.000322s ]
INFO: [ app_begin ] --END-- [ RunTime:0.000360s ]
SQL: SHOW COLUMNS FROM `yk_set` [ RunTime:0.0008s ]
SQL: SELECT * FROM `yk_set` LIMIT 1   [ RunTime:0.0002s ]
NOTIC: [8] Undefined index: employee /mnt/wwwroot/yikang.mubantang.com/Application/App/Controller/BaseController.class.php 第 33 行.
SQL: SHOW COLUMNS FROM `yk_vip` [ RunTime:0.0011s ]
SQL: SELECT * FROM `yk_vip` WHERE `openid` = 'omV0nwnsxYcxQanwl_mwS1lS-7lo' LIMIT 1   [ RunTime:0.0022s ]
SQL: UPDATE `yk_vip` SET `cctime`='1485920484' WHERE `id` = 2731 [ RunTime:0.0002s ]
SQL: SHOW COLUMNS FROM `yk_vip_set` [ RunTime:0.0007s ]
SQL: SELECT * FROM `yk_vip_set` LIMIT 1   [ RunTime:0.0002s ]
SQL: SHOW COLUMNS FROM `yk_shop_set` [ RunTime:0.0007s ]
SQL: SELECT * FROM `yk_shop_set` LIMIT 1   [ RunTime:0.0002s ]
SQL: SELECT * FROM `yk_shop_set` WHERE ( id=1 ) LIMIT 1   [ RunTime:0.0002s ]
SQL: SHOW COLUMNS FROM `yk_upload_img` [ RunTime:0.0005s ]
SQL: SELECT * FROM `yk_upload_img` WHERE `id` = 187 LIMIT 1   [ RunTime:0.0001s ]
SQL: SHOW COLUMNS FROM `yk_shop_goods` [ RunTime:0.0011s ]
SQL: SHOW COLUMNS FROM `yk_shop_group` [ RunTime:0.0004s ]
SQL: SELECT * FROM `yk_shop_group` WHERE `status` = 1  [ RunTime:0.0002s ]
SQL: SELECT * FROM `yk_upload_img` WHERE `id` = 179 LIMIT 1   [ RunTime:0.0001s ]
SQL: SELECT * FROM `yk_upload_img` WHERE `id` = 192 LIMIT 1   [ RunTime:0.0001s ]
SQL: SELECT * FROM `yk_shop_goods` WHERE `status` = 1  [ RunTime:0.0002s ]
SQL: SELECT * FROM `yk_upload_img` WHERE `id` = 184 LIMIT 1   [ RunTime:0.0001s ]
SQL: SELECT * FROM `yk_upload_img` WHERE `id` = 182 LIMIT 1   [ RunTime:0.0001s ]
SQL: SELECT * FROM `yk_upload_img` WHERE `id` = 186 LIMIT 1   [ RunTime:0.0004s ]
SQL: SHOW COLUMNS FROM `yk_shop_cate` [ RunTime:0.0007s ]
SQL: SELECT * FROM `yk_shop_cate` WHERE `id` IN ('20','21','22','23','24','25','27')  [ RunTime:0.0002s ]
SQL: SELECT * FROM `yk_upload_img` WHERE `id` = 174 LIMIT 1   [ RunTime:0.0001s ]
SQL: SHOW COLUMNS FROM `yk_shop_ads` [ RunTime:0.0004s ]
SQL: SELECT * FROM `yk_shop_ads` WHERE ( id )  [ RunTime:0.0001s ]
SQL: SELECT * FROM `yk_upload_img` WHERE `id` = 187 LIMIT 1   [ RunTime:0.0001s ]
SQL: SELECT * FROM `yk_upload_img` WHERE `id` = 189 LIMIT 1   [ RunTime:0.0001s ]
SQL: SELECT * FROM `yk_upload_img` WHERE `id` = 188 LIMIT 1   [ RunTime:0.0001s ]
SQL: SHOW COLUMNS FROM `yk_artical` [ RunTime:0.0161s ]
SQL: SELECT * FROM `yk_artical` ORDER BY id desc LIMIT 3   [ RunTime:0.0001s ]
SQL: SELECT * FROM `yk_upload_img` WHERE `id` = 175 LIMIT 1   [ RunTime:0.0002s ]
INFO: [ view_parse ] --START--
INFO: [ template_filter ] --START--
INFO: Run Behavior\ContentReplaceBehavior [ RunTime:0.000068s ]
INFO: [ template_filter ] --END-- [ RunTime:0.000124s ]
NOTIC: [8] Undefined variable: mrtj /mnt/wwwroot/yikang.mubantang.com/Application/Runtime/Cache/App/b56b8082e02b1b878a28f8cba0cac826.php 第 153 行.
NOTIC: [8] Undefined variable: mrtj /mnt/wwwroot/yikang.mubantang.com/Application/Runtime/Cache/App/b56b8082e02b1b878a28f8cba0cac826.php 第 153 行.
NOTIC: [8] Undefined variable: actname /mnt/wwwroot/yikang.mubantang.com/Application/Runtime/Cache/App/b56b8082e02b1b878a28f8cba0cac826.php 第 185 行.
INFO: Run Behavior\ParseTemplateBehavior [ RunTime:0.027564s ]
INFO: [ view_parse ] --END-- [ RunTime:0.027605s ]
INFO: [ view_filter ] --START--
INFO: Run Behavior\WriteHtmlCacheBehavior [ RunTime:0.000127s ]
INFO: [ view_filter ] --END-- [ RunTime:0.000159s ]
INFO: [ app_end ] --START--
INFO: Run Behavior\ShowPageTraceBehavior [ RunTime:0.000360s ]
INFO: [ app_end ] --END-- [ RunTime:0.000401s ]

[ 2017-02-01T11:41:28+08:00 ] 101.226.89.119 /App/Demo/reg2?pid=207
INFO: [ app_init ] --START--
INFO: Run Behavior\BuildLiteBehavior [ RunTime:0.000012s ]
INFO: [ app_init ] --END-- [ RunTime:0.000255s ]
INFO: [ app_begin ] --START--
INFO: Run Behavior\ReadHtmlCacheBehavior [ RunTime:0.000323s ]
INFO: [ app_begin ] --END-- [ RunTime:0.000360s ]
SQL: SHOW COLUMNS FROM `yk_set` [ RunTime:0.0008s ]
SQL: SELECT * FROM `yk_set` LIMIT 1   [ RunTime:0.0002s ]
SQL: SHOW COLUMNS FROM `yk_vip_set` [ RunTime:0.0006s ]
SQL: SELECT * FROM `yk_vip_set` LIMIT 1   [ RunTime:0.0001s ]
SQL: SHOW COLUMNS FROM `yk_shop_set` [ RunTime:0.0007s ]
SQL: SELECT * FROM `yk_shop_set` LIMIT 1   [ RunTime:0.0002s ]
NOTIC: [8] Undefined index: fx_userinfo /mnt/wwwroot/yikang.mubantang.com/Application/App/Controller/DemoController.class.php 第 230 行.
NOTIC: [8] Undefined index: ppid /mnt/wwwroot/yikang.mubantang.com/Application/App/Controller/DemoController.class.php 第 363 行.
NOTIC: [8] Undefined index: employee /mnt/wwwroot/yikang.mubantang.com/Application/App/Controller/DemoController.class.php 第 364 行.
NOTIC: [8] Undefined index: sqmode /mnt/wwwroot/yikang.mubantang.com/Application/App/Controller/DemoController.class.php 第 366 行.
NOTIC: [8] Undefined index: code /mnt/wwwroot/yikang.mubantang.com/Application/App/Controller/DemoController.class.php 第 369 行.
NOTIC: [8] Undefined index: sqmode /mnt/wwwroot/yikang.mubantang.com/Application/App/Controller/DemoController.class.php 第 412 行.
INFO: [ view_parse ] --START--
INFO: [ template_filter ] --START--
INFO: Run Behavior\ContentReplaceBehavior [ RunTime:0.000041s ]
INFO: [ template_filter ] --END-- [ RunTime:0.000080s ]
INFO: Run Behavior\ParseTemplateBehavior [ RunTime:0.005032s ]
INFO: [ view_parse ] --END-- [ RunTime:0.005096s ]
INFO: [ view_filter ] --START--
INFO: Run Behavior\WriteHtmlCacheBehavior [ RunTime:0.000178s ]
INFO: [ view_filter ] --END-- [ RunTime:0.000215s ]
INFO: [ view_parse ] --START--
INFO: Run Behavior\ParseTemplateBehavior [ RunTime:0.000150s ]
INFO: [ view_parse ] --END-- [ RunTime:-0.000290s ]
INFO: [ view_filter ] --START--
INFO: Run Behavior\WriteHtmlCacheBehavior [ RunTime:0.000008s ]
INFO: [ view_filter ] --END-- [ RunTime:-0.000249s ]

[ 2017-02-01T11:41:41+08:00 ] 180.153.205.254 /App/Shop/index/ppid/2731
INFO: [ app_init ] --START--
INFO: Run Behavior\BuildLiteBehavior [ RunTime:0.000013s ]
INFO: [ app_init ] --END-- [ RunTime:0.000262s ]
INFO: [ app_begin ] --START--
INFO: Run Behavior\ReadHtmlCacheBehavior [ RunTime:0.000342s ]
INFO: [ app_begin ] --END-- [ RunTime:0.000381s ]
SQL: SHOW COLUMNS FROM `yk_set` [ RunTime:0.0008s ]
SQL: SELECT * FROM `yk_set` LIMIT 1   [ RunTime:0.0002s ]
NOTIC: [8] Undefined index: employee /mnt/wwwroot/yikang.mubantang.com/Application/App/Controller/BaseController.class.php 第 33 行.
NOTIC: [8] Undefined index: sqmode /mnt/wwwroot/yikang.mubantang.com/Application/App/Controller/BaseController.class.php 第 45 行.
NOTIC: [8] Undefined index: code /mnt/wwwroot/yikang.mubantang.com/Application/App/Controller/BaseController.class.php 第 55 行.
NOTIC: [8] Undefined index: sqmode /mnt/wwwroot/yikang.mubantang.com/Application/App/Controller/BaseController.class.php 第 94 行.
INFO: [ view_parse ] --START--
INFO: [ template_filter ] --START--
INFO: Run Behavior\ContentReplaceBehavior [ RunTime:0.000041s ]
INFO: [ template_filter ] --END-- [ RunTime:0.000080s ]
INFO: Run Behavior\ParseTemplateBehavior [ RunTime:0.005061s ]
INFO: [ view_parse ] --END-- [ RunTime:0.005108s ]
INFO: [ view_filter ] --START--
INFO: Run Behavior\WriteHtmlCacheBehavior [ RunTime:0.000164s ]
INFO: [ view_filter ] --END-- [ RunTime:0.000196s ]
INFO: [ view_parse ] --START--
INFO: Run Behavior\ParseTemplateBehavior [ RunTime:0.000136s ]
INFO: [ view_parse ] --END-- [ RunTime:-0.000255s ]
INFO: [ view_filter ] --START--
INFO: Run Behavior\WriteHtmlCacheBehavior [ RunTime:0.000007s ]
INFO: [ view_filter ] --END-- [ RunTime:-0.000222s ]

[ 2017-02-01T11:43:37+08:00 ] 42.56.191.64 /App/Demo/reg2?pid=207
INFO: [ app_init ] --START--
INFO: Run Behavior\BuildLiteBehavior [ RunTime:0.000012s ]
INFO: [ app_init ] --END-- [ RunTime:0.000275s ]
INFO: [ app_begin ] --START--
INFO: Run Behavior\ReadHtmlCacheBehavior [ RunTime:0.000333s ]
INFO: [ app_begin ] --END-- [ RunTime:0.000370s ]
SQL: SHOW COLUMNS FROM `yk_set` [ RunTime:0.0007s ]
SQL: SELECT * FROM `yk_set` LIMIT 1   [ RunTime:0.0002s ]
SQL: SHOW COLUMNS FROM `yk_vip_set` [ RunTime:0.0006s ]
SQL: SELECT * FROM `yk_vip_set` LIMIT 1   [ RunTime:0.0002s ]
SQL: SHOW COLUMNS FROM `yk_shop_set` [ RunTime:0.0007s ]
SQL: SELECT * FROM `yk_shop_set` LIMIT 1   [ RunTime:0.0002s ]
SQL: SHOW COLUMNS FROM `yk_vip` [ RunTime:0.0011s ]
SQL: SELECT * FROM `yk_vip` WHERE `openid` = 'omV0nwnsxYcxQanwl_mwS1lS-7lo' LIMIT 1   [ RunTime:0.0021s ]
INFO: [ view_parse ] --START--
INFO: [ template_filter ] --START--
INFO: Run Behavior\ContentReplaceBehavior [ RunTime:0.000032s ]
INFO: [ template_filter ] --END-- [ RunTime:0.000069s ]
INFO: Run Behavior\ParseTemplateBehavior [ RunTime:0.004201s ]
INFO: [ view_parse ] --END-- [ RunTime:0.004238s ]
INFO: [ view_filter ] --START--
INFO: Run Behavior\WriteHtmlCacheBehavior [ RunTime:0.000116s ]
INFO: [ view_filter ] --END-- [ RunTime:0.000146s ]

[ 2017-02-01T11:43:41+08:00 ] 42.56.191.64 /App/Shop/index
INFO: [ app_init ] --START--
INFO: Run Behavior\BuildLiteBehavior [ RunTime:0.000013s ]
INFO: [ app_init ] --END-- [ RunTime:0.000300s ]
INFO: [ app_begin ] --START--
INFO: Run Behavior\ReadHtmlCacheBehavior [ RunTime:0.000350s ]
INFO: [ app_begin ] --END-- [ RunTime:0.000386s ]
SQL: SHOW COLUMNS FROM `yk_set` [ RunTime:0.0007s ]
SQL: SELECT * FROM `yk_set` LIMIT 1   [ RunTime:0.0002s ]
NOTIC: [8] Undefined index: ppid /mnt/wwwroot/yikang.mubantang.com/Application/App/Controller/BaseController.class.php 第 32 行.
NOTIC: [8] Undefined index: employee /mnt/wwwroot/yikang.mubantang.com/Application/App/Controller/BaseController.class.php 第 33 行.
SQL: SHOW COLUMNS FROM `yk_vip` [ RunTime:0.0010s ]
SQL: SELECT * FROM `yk_vip` WHERE `openid` = 'omV0nwnsxYcxQanwl_mwS1lS-7lo' LIMIT 1   [ RunTime:0.0021s ]
SQL: UPDATE `yk_vip` SET `cctime`='1485920621' WHERE `id` = 2731 [ RunTime:0.0002s ]
NOTIC: [8] Undefined index: ppid /mnt/wwwroot/yikang.mubantang.com/Application/App/Controller/BaseController.class.php 第 132 行.

[ 2017-02-01T11:43:41+08:00 ] 42.56.191.64 /App/Shop/index/ppid/2731
INFO: [ app_init ] --START--
INFO: Run Behavior\BuildLiteBehavior [ RunTime:0.000012s ]
INFO: [ app_init ] --END-- [ RunTime:0.000302s ]
INFO: [ app_begin ] --START--
INFO: Run Behavior\ReadHtmlCacheBehavior [ RunTime:0.000326s ]
INFO: [ app_begin ] --END-- [ RunTime:0.000363s ]
SQL: SHOW COLUMNS FROM `yk_set` [ RunTime:0.0007s ]
SQL: SELECT * FROM `yk_set` LIMIT 1   [ RunTime:0.0002s ]
NOTIC: [8] Undefined index: employee /mnt/wwwroot/yikang.mubantang.com/Application/App/Controller/BaseController.class.php 第 33 行.
SQL: SHOW COLUMNS FROM `yk_vip` [ RunTime:0.0010s ]
SQL: SELECT * FROM `yk_vip` WHERE `openid` = 'omV0nwnsxYcxQanwl_mwS1lS-7lo' LIMIT 1   [ RunTime:0.0021s ]
SQL: UPDATE `yk_vip` SET `cctime`='1485920621' WHERE `id` = 2731 [ RunTime:0.0002s ]
SQL: SHOW COLUMNS FROM `yk_vip_set` [ RunTime:0.0006s ]
SQL: SELECT * FROM `yk_vip_set` LIMIT 1   [ RunTime:0.0001s ]
SQL: SHOW COLUMNS FROM `yk_shop_set` [ RunTime:0.0007s ]
SQL: SELECT * FROM `yk_shop_set` LIMIT 1   [ RunTime:0.0001s ]
SQL: SELECT * FROM `yk_shop_set` WHERE ( id=1 ) LIMIT 1   [ RunTime:0.0002s ]
SQL: SHOW COLUMNS FROM `yk_upload_img` [ RunTime:0.0004s ]
SQL: SELECT * FROM `yk_upload_img` WHERE `id` = 187 LIMIT 1   [ RunTime:0.0001s ]
SQL: SHOW COLUMNS FROM `yk_shop_goods` [ RunTime:0.0010s ]
SQL: SHOW COLUMNS FROM `yk_shop_group` [ RunTime:0.0004s ]
SQL: SELECT * FROM `yk_shop_group` WHERE `status` = 1  [ RunTime:0.0002s ]
SQL: SELECT * FROM `yk_upload_img` WHERE `id` = 179 LIMIT 1   [ RunTime:0.0001s ]
SQL: SELECT * FROM `yk_upload_img` WHERE `id` = 192 LIMIT 1   [ RunTime:0.0001s ]
SQL: SELECT * FROM `yk_shop_goods` WHERE `status` = 1  [ RunTime:0.0002s ]
SQL: SELECT * FROM `yk_upload_img` WHERE `id` = 184 LIMIT 1   [ RunTime:0.0001s ]
SQL: SELECT * FROM `yk_upload_img` WHERE `id` = 182 LIMIT 1   [ RunTime:0.0001s ]
SQL: SELECT * FROM `yk_upload_img` WHERE `id` = 186 LIMIT 1   [ RunTime:0.0001s ]
SQL: SHOW COLUMNS FROM `yk_shop_cate` [ RunTime:0.0004s ]
SQL: SELECT * FROM `yk_shop_cate` WHERE `id` IN ('20','21','22','23','24','25','27')  [ RunTime:0.0001s ]
SQL: SELECT * FROM `yk_upload_img` WHERE `id` = 174 LIMIT 1   [ RunTime:0.0001s ]
SQL: SHOW COLUMNS FROM `yk_shop_ads` [ RunTime:0.0003s ]
SQL: SELECT * FROM `yk_shop_ads` WHERE ( id )  [ RunTime:0.0001s ]
SQL: SELECT * FROM `yk_upload_img` WHERE `id` = 187 LIMIT 1   [ RunTime:0.0001s ]
SQL: SELECT * FROM `yk_upload_img` WHERE `id` = 189 LIMIT 1   [ RunTime:0.0001s ]
SQL: SELECT * FROM `yk_upload_img` WHERE `id` = 188 LIMIT 1   [ RunTime:0.0001s ]
SQL: SHOW COLUMNS FROM `yk_artical` [ RunTime:0.0004s ]
SQL: SELECT * FROM `yk_artical` ORDER BY id desc LIMIT 3   [ RunTime:0.0001s ]
SQL: SELECT * FROM `yk_upload_img` WHERE `id` = 175 LIMIT 1   [ RunTime:0.0001s ]
INFO: [ view_parse ] --START--
INFO: [ template_filter ] --START--
INFO: Run Behavior\ContentReplaceBehavior [ RunTime:0.000063s ]
INFO: [ template_filter ] --END-- [ RunTime:0.000102s ]
NOTIC: [8] Undefined variable: mrtj /mnt/wwwroot/yikang.mubantang.com/Application/Runtime/Cache/App/b56b8082e02b1b878a28f8cba0cac826.php 第 153 行.
NOTIC: [8] Undefined variable: mrtj /mnt/wwwroot/yikang.mubantang.com/Application/Runtime/Cache/App/b56b8082e02b1b878a28f8cba0cac826.php 第 153 行.
NOTIC: [8] Undefined variable: actname /mnt/wwwroot/yikang.mubantang.com/Application/Runtime/Cache/App/b56b8082e02b1b878a28f8cba0cac826.php 第 185 行.
INFO: Run Behavior\ParseTemplateBehavior [ RunTime:0.010971s ]
INFO: [ view_parse ] --END-- [ RunTime:0.011005s ]
INFO: [ view_filter ] --START--
INFO: Run Behavior\WriteHtmlCacheBehavior [ RunTime:0.000126s ]
INFO: [ view_filter ] --END-- [ RunTime:0.000158s ]
INFO: [ app_end ] --START--
INFO: Run Behavior\ShowPageTraceBehavior [ RunTime:0.000380s ]
INFO: [ app_end ] --END-- [ RunTime:0.000419s ]

[ 2017-02-01T11:51:13+08:00 ] 123.151.138.59 /App/Shop/index/ppid/2731/?from=groupmessage
INFO: [ app_init ] --START--
INFO: Run Behavior\BuildLiteBehavior [ RunTime:0.000020s ]
INFO: [ app_init ] --END-- [ RunTime:0.000407s ]
INFO: [ app_begin ] --START--
INFO: Run Behavior\ReadHtmlCacheBehavior [ RunTime:0.000516s ]
INFO: [ app_begin ] --END-- [ RunTime:0.000563s ]
SQL: SHOW COLUMNS FROM `yk_set` [ RunTime:0.0007s ]
SQL: SELECT * FROM `yk_set` LIMIT 1   [ RunTime:0.0002s ]
NOTIC: [8] Undefined index: employee /mnt/wwwroot/yikang.mubantang.com/Application/App/Controller/BaseController.class.php 第 33 行.
NOTIC: [8] Undefined index: sqmode /mnt/wwwroot/yikang.mubantang.com/Application/App/Controller/BaseController.class.php 第 45 行.
NOTIC: [8] Undefined index: code /mnt/wwwroot/yikang.mubantang.com/Application/App/Controller/BaseController.class.php 第 55 行.
NOTIC: [8] Undefined index: sqmode /mnt/wwwroot/yikang.mubantang.com/Application/App/Controller/BaseController.class.php 第 94 行.
INFO: [ view_parse ] --START--
INFO: [ template_filter ] --START--
INFO: Run Behavior\ContentReplaceBehavior [ RunTime:0.000038s ]
INFO: [ template_filter ] --END-- [ RunTime:0.000075s ]
INFO: Run Behavior\ParseTemplateBehavior [ RunTime:0.004488s ]
INFO: [ view_parse ] --END-- [ RunTime:0.004528s ]
INFO: [ view_filter ] --START--
INFO: Run Behavior\WriteHtmlCacheBehavior [ RunTime:0.000136s ]
INFO: [ view_filter ] --END-- [ RunTime:0.000168s ]
INFO: [ view_parse ] --START--
INFO: Run Behavior\ParseTemplateBehavior [ RunTime:0.000134s ]
INFO: [ view_parse ] --END-- [ RunTime:-0.000223s ]
INFO: [ view_filter ] --START--
INFO: Run Behavior\WriteHtmlCacheBehavior [ RunTime:0.000008s ]
INFO: [ view_filter ] --END-- [ RunTime:-0.000218s ]

[ 2017-02-01T11:51:13+08:00 ] 123.151.138.59 /App/Shop/index/ppid/2731/?from=groupmessage
INFO: [ app_init ] --START--
INFO: Run Behavior\BuildLiteBehavior [ RunTime:0.000013s ]
INFO: [ app_init ] --END-- [ RunTime:0.000255s ]
INFO: [ app_begin ] --START--
INFO: Run Behavior\ReadHtmlCacheBehavior [ RunTime:0.000326s ]
INFO: [ app_begin ] --END-- [ RunTime:0.000363s ]
SQL: SHOW COLUMNS FROM `yk_set` [ RunTime:0.0007s ]
SQL: SELECT * FROM `yk_set` LIMIT 1   [ RunTime:0.0002s ]
NOTIC: [8] Undefined index: employee /mnt/wwwroot/yikang.mubantang.com/Application/App/Controller/BaseController.class.php 第 33 行.
NOTIC: [8] Undefined index: sqmode /mnt/wwwroot/yikang.mubantang.com/Application/App/Controller/BaseController.class.php 第 45 行.
NOTIC: [8] Undefined index: code /mnt/wwwroot/yikang.mubantang.com/Application/App/Controller/BaseController.class.php 第 55 行.
NOTIC: [8] Undefined index: sqmode /mnt/wwwroot/yikang.mubantang.com/Application/App/Controller/BaseController.class.php 第 94 行.
INFO: [ view_parse ] --START--
INFO: [ template_filter ] --START--
INFO: Run Behavior\ContentReplaceBehavior [ RunTime:0.000038s ]
INFO: [ template_filter ] --END-- [ RunTime:0.000075s ]
INFO: Run Behavior\ParseTemplateBehavior [ RunTime:0.004538s ]
INFO: [ view_parse ] --END-- [ RunTime:0.004578s ]
INFO: [ view_filter ] --START--
INFO: Run Behavior\WriteHtmlCacheBehavior [ RunTime:0.000114s ]
INFO: [ view_filter ] --END-- [ RunTime:0.000145s ]
INFO: [ view_parse ] --START--
INFO: Run Behavior\ParseTemplateBehavior [ RunTime:0.000133s ]
INFO: [ view_parse ] --END-- [ RunTime:-0.000199s ]
INFO: [ view_filter ] --START--
INFO: Run Behavior\WriteHtmlCacheBehavior [ RunTime:0.000007s ]
INFO: [ view_filter ] --END-- [ RunTime:-0.000216s ]

[ 2017-02-01T11:53:29+08:00 ] 123.151.138.59 /App/Shop/index/ppid/2731/?from=groupmessage
INFO: [ app_init ] --START--
INFO: Run Behavior\BuildLiteBehavior [ RunTime:0.000013s ]
INFO: [ app_init ] --END-- [ RunTime:0.000261s ]
INFO: [ app_begin ] --START--
INFO: Run Behavior\ReadHtmlCacheBehavior [ RunTime:0.000317s ]
INFO: [ app_begin ] --END-- [ RunTime:0.000355s ]
SQL: SHOW COLUMNS FROM `yk_set` [ RunTime:0.0008s ]
SQL: SELECT * FROM `yk_set` LIMIT 1   [ RunTime:0.0002s ]
NOTIC: [8] Undefined index: employee /mnt/wwwroot/yikang.mubantang.com/Application/App/Controller/BaseController.class.php 第 33 行.
NOTIC: [8] Undefined index: sqmode /mnt/wwwroot/yikang.mubantang.com/Application/App/Controller/BaseController.class.php 第 45 行.
NOTIC: [8] Undefined index: code /mnt/wwwroot/yikang.mubantang.com/Application/App/Controller/BaseController.class.php 第 55 行.
NOTIC: [8] Undefined index: sqmode /mnt/wwwroot/yikang.mubantang.com/Application/App/Controller/BaseController.class.php 第 94 行.
INFO: [ view_parse ] --START--
INFO: [ template_filter ] --START--
INFO: Run Behavior\ContentReplaceBehavior [ RunTime:0.000040s ]
INFO: [ template_filter ] --END-- [ RunTime:0.000078s ]
INFO: Run Behavior\ParseTemplateBehavior [ RunTime:0.020056s ]
INFO: [ view_parse ] --END-- [ RunTime:0.020098s ]
INFO: [ view_filter ] --START--
INFO: Run Behavior\WriteHtmlCacheBehavior [ RunTime:0.000115s ]
INFO: [ view_filter ] --END-- [ RunTime:0.000147s ]
INFO: [ view_parse ] --START--
INFO: Run Behavior\ParseTemplateBehavior [ RunTime:0.000136s ]
INFO: [ view_parse ] --END-- [ RunTime:-0.000206s ]
INFO: [ view_filter ] --START--
INFO: Run Behavior\WriteHtmlCacheBehavior [ RunTime:0.000008s ]
INFO: [ view_filter ] --END-- [ RunTime:-0.000225s ]

[ 2017-02-01T11:53:30+08:00 ] 123.151.138.59 /App/Shop/index/ppid/2731/?from=groupmessage&code=031TkZ3z0U7GYh14Sh6z0tTP3z0TkZ3H&state=1
INFO: [ app_init ] --START--
INFO: Run Behavior\BuildLiteBehavior [ RunTime:0.000013s ]
INFO: [ app_init ] --END-- [ RunTime:0.000323s ]
INFO: [ app_begin ] --START--
INFO: Run Behavior\ReadHtmlCacheBehavior [ RunTime:0.000324s ]
INFO: [ app_begin ] --END-- [ RunTime:0.000360s ]
SQL: SHOW COLUMNS FROM `yk_set` [ RunTime:0.0007s ]
SQL: SELECT * FROM `yk_set` LIMIT 1   [ RunTime:0.0002s ]
NOTIC: [8] Undefined index: employee /mnt/wwwroot/yikang.mubantang.com/Application/App/Controller/BaseController.class.php 第 33 行.
NOTIC: [8] Undefined index: sqmode /mnt/wwwroot/yikang.mubantang.com/Application/App/Controller/BaseController.class.php 第 45 行.
SQL: SHOW COLUMNS FROM `yk_vip` [ RunTime:0.0014s ]
SQL: SELECT * FROM `yk_vip` WHERE `openid` = 'omV0nwn5c28g_pJiIJ9TA8f1DEjo' LIMIT 1   [ RunTime:0.0021s ]

[ 2017-02-01T11:53:30+08:00 ] 123.151.138.59 /App/Baseoa/index
INFO: [ app_init ] --START--
INFO: Run Behavior\BuildLiteBehavior [ RunTime:0.000013s ]
INFO: [ app_init ] --END-- [ RunTime:0.000261s ]
INFO: [ app_begin ] --START--
INFO: Run Behavior\ReadHtmlCacheBehavior [ RunTime:0.000348s ]
INFO: [ app_begin ] --END-- [ RunTime:0.000389s ]
SQL: SHOW COLUMNS FROM `yk_set` [ RunTime:0.0007s ]
SQL: SELECT * FROM `yk_set` LIMIT 1   [ RunTime:0.0002s ]
SQL: SHOW COLUMNS FROM `yk_vip_set` [ RunTime:0.0006s ]
SQL: SELECT * FROM `yk_vip_set` LIMIT 1   [ RunTime:0.0001s ]
INFO: [ app_end ] --START--
INFO: Run Behavior\ShowPageTraceBehavior [ RunTime:0.000364s ]
INFO: [ app_end ] --END-- [ RunTime:0.000408s ]

[ 2017-02-01T12:39:46+08:00 ] 42.56.191.64 /App/Demo/reg2?pid=207
INFO: [ app_init ] --START--
INFO: Run Behavior\BuildLiteBehavior [ RunTime:0.000013s ]
INFO: [ app_init ] --END-- [ RunTime:0.000254s ]
INFO: [ app_begin ] --START--
INFO: Run Behavior\ReadHtmlCacheBehavior [ RunTime:0.000324s ]
INFO: [ app_begin ] --END-- [ RunTime:0.000362s ]
SQL: SHOW COLUMNS FROM `yk_set` [ RunTime:0.0008s ]
SQL: SELECT * FROM `yk_set` LIMIT 1   [ RunTime:0.0002s ]
SQL: SHOW COLUMNS FROM `yk_vip_set` [ RunTime:0.0008s ]
SQL: SELECT * FROM `yk_vip_set` LIMIT 1   [ RunTime:0.0001s ]
SQL: SHOW COLUMNS FROM `yk_shop_set` [ RunTime:0.0008s ]
SQL: SELECT * FROM `yk_shop_set` LIMIT 1   [ RunTime:0.0002s ]
SQL: SHOW COLUMNS FROM `yk_vip` [ RunTime:0.0011s ]
SQL: SELECT * FROM `yk_vip` WHERE `openid` = 'omV0nwnsxYcxQanwl_mwS1lS-7lo' LIMIT 1   [ RunTime:0.0021s ]
INFO: [ view_parse ] --START--
INFO: [ template_filter ] --START--
INFO: Run Behavior\ContentReplaceBehavior [ RunTime:0.000035s ]
INFO: [ template_filter ] --END-- [ RunTime:0.000074s ]
INFO: Run Behavior\ParseTemplateBehavior [ RunTime:0.004157s ]
INFO: [ view_parse ] --END-- [ RunTime:0.004194s ]
INFO: [ view_filter ] --START--
INFO: Run Behavior\WriteHtmlCacheBehavior [ RunTime:0.000118s ]
INFO: [ view_filter ] --END-- [ RunTime:0.000148s ]

