[ 2016-08-08T07:43:15+08:00 ] 58.247.206.152 /Home/Wx/index/token/gzyikang2016?signature=f77119ad73bdf22c2abc65f32c89f949be5d7bf4&timestamp=1470613395&nonce=1101152561&openid=omV0nwjZ6PCyTIJ3RBP21xuRStAg
INFO: [ app_init ] --START--
INFO: Run Behavior\BuildLiteBehavior [ RunTime:0.000024s ]
INFO: [ app_init ] --END-- [ RunTime:0.001276s ]
INFO: [ app_begin ] --START--
INFO: Run Behavior\ReadHtmlCacheBehavior [ RunTime:0.001419s ]
INFO: [ app_begin ] --END-- [ RunTime:0.001479s ]
NOTIC: [2] Missing argument 1 for Home\Controller\WxController::__construct(), called in /home/wwwroot/yikang.mubantang.com/ThinkPHP/Common/functions.php on line 681 and defined /home/wwwroot/yikang.mubantang.com/Application/Home/Controller/WxController.class.php 第 37 行.
SQL: SHOW COLUMNS FROM `yk_shop_set` [ RunTime:0.0131s ]
SQL: SELECT * FROM `yk_shop_set` LIMIT 1   [ RunTime:0.0010s ]
SQL: SHOW COLUMNS FROM `yk_set` [ RunTime:0.0005s ]
SQL: SELECT * FROM `yk_set` LIMIT 1   [ RunTime:0.0002s ]
SQL: SHOW COLUMNS FROM `yk_vip` [ RunTime:0.0011s ]
SQL: SHOW COLUMNS FROM `yk_vip_message` [ RunTime:0.0004s ]
SQL: SHOW COLUMNS FROM `yk_vip_log_sub` [ RunTime:0.0005s ]
SQL: SHOW COLUMNS FROM `yk_employee` [ RunTime:0.0005s ]
SQL: SHOW COLUMNS FROM `yk_vip_set` [ RunTime:0.0006s ]
SQL: SELECT * FROM `yk_vip_set` LIMIT 1   [ RunTime:0.0002s ]
INFO: [ app_end ] --START--
INFO: Run Behavior\ShowPageTraceBehavior [ RunTime:0.007411s ]
INFO: [ app_end ] --END-- [ RunTime:0.007455s ]

