[ 2016-08-27T11:24:51+08:00 ] 58.247.206.158 /Home/Wx/index/token/gzyikang2016?signature=a0f9f631549600763ef9f1160544a89e837479be&timestamp=1472268290&nonce=1549386682&openid=omV0nwlvjbRj51okrIGa238hGh6c
INFO: [ app_init ] --START--
INFO: Run Behavior\BuildLiteBehavior [ RunTime:0.000015s ]
INFO: [ app_init ] --END-- [ RunTime:0.000332s ]
INFO: [ app_begin ] --START--
INFO: Run Behavior\ReadHtmlCacheBehavior [ RunTime:0.000569s ]
INFO: [ app_begin ] --END-- [ RunTime:0.000637s ]
NOTIC: [2] Missing argument 1 for Home\Controller\WxController::__construct(), called in /home/wwwroot/yikang.mubantang.com/ThinkPHP/Common/functions.php on line 681 and defined /home/wwwroot/yikang.mubantang.com/Application/Home/Controller/WxController.class.php 第 37 行.
SQL: SHOW COLUMNS FROM `yk_shop_set` [ RunTime:0.0183s ]
SQL: SELECT * FROM `yk_shop_set` LIMIT 1   [ RunTime:0.0002s ]
SQL: SHOW COLUMNS FROM `yk_set` [ RunTime:0.0164s ]
SQL: SELECT * FROM `yk_set` LIMIT 1   [ RunTime:0.0002s ]
SQL: SHOW COLUMNS FROM `yk_vip` [ RunTime:0.0199s ]
SQL: SHOW COLUMNS FROM `yk_vip_message` [ RunTime:0.0268s ]
SQL: SHOW COLUMNS FROM `yk_vip_log_sub` [ RunTime:0.0881s ]
SQL: SHOW COLUMNS FROM `yk_employee` [ RunTime:0.0203s ]
SQL: SHOW COLUMNS FROM `yk_vip_set` [ RunTime:0.0019s ]
SQL: SELECT * FROM `yk_vip_set` LIMIT 1   [ RunTime:0.0010s ]
INFO: [ app_end ] --START--
INFO: Run Behavior\ShowPageTraceBehavior [ RunTime:0.000503s ]
INFO: [ app_end ] --END-- [ RunTime:0.000562s ]

[ 2016-08-27T11:36:18+08:00 ] 58.247.206.150 /Home/Wx/index/token/gzyikang2016?signature=05260c8e76f260cba94dadb7981dd8bdd1a8d6a8&timestamp=1472268977&nonce=1607103391&openid=omV0nwlvjbRj51okrIGa238hGh6c
INFO: [ app_init ] --START--
INFO: Run Behavior\BuildLiteBehavior [ RunTime:0.000012s ]
INFO: [ app_init ] --END-- [ RunTime:0.000317s ]
INFO: [ app_begin ] --START--
INFO: Run Behavior\ReadHtmlCacheBehavior [ RunTime:0.000383s ]
INFO: [ app_begin ] --END-- [ RunTime:0.000424s ]
NOTIC: [2] Missing argument 1 for Home\Controller\WxController::__construct(), called in /home/wwwroot/yikang.mubantang.com/ThinkPHP/Common/functions.php on line 681 and defined /home/wwwroot/yikang.mubantang.com/Application/Home/Controller/WxController.class.php 第 37 行.
SQL: SHOW COLUMNS FROM `yk_shop_set` [ RunTime:0.0010s ]
SQL: SELECT * FROM `yk_shop_set` LIMIT 1   [ RunTime:0.0002s ]
SQL: SHOW COLUMNS FROM `yk_set` [ RunTime:0.0004s ]
SQL: SELECT * FROM `yk_set` LIMIT 1   [ RunTime:0.0001s ]
SQL: SHOW COLUMNS FROM `yk_vip` [ RunTime:0.0010s ]
SQL: SHOW COLUMNS FROM `yk_vip_message` [ RunTime:0.0004s ]
SQL: SHOW COLUMNS FROM `yk_vip_log_sub` [ RunTime:0.0004s ]
SQL: SHOW COLUMNS FROM `yk_employee` [ RunTime:0.0004s ]
SQL: SHOW COLUMNS FROM `yk_vip_set` [ RunTime:0.0006s ]
SQL: SELECT * FROM `yk_vip_set` LIMIT 1   [ RunTime:0.0001s ]
INFO: [ app_end ] --START--
INFO: Run Behavior\ShowPageTraceBehavior [ RunTime:0.000415s ]
INFO: [ app_end ] --END-- [ RunTime:0.000457s ]

