[ 2016-07-29T11:15:33+08:00 ] 113.108.11.52 /Home/Wxpay/pay/oid/20160729111532-214
INFO: [ app_init ] --START--
INFO: Run Behavior\BuildLiteBehavior [ RunTime:0.000014s ]
INFO: [ app_init ] --END-- [ RunTime:0.000325s ]
INFO: [ app_begin ] --START--
INFO: Run Behavior\ReadHtmlCacheBehavior [ RunTime:0.000400s ]
INFO: [ app_begin ] --END-- [ RunTime:0.000440s ]
SQL: SHOW COLUMNS FROM `yk_set` [ RunTime:0.0007s ]
SQL: SELECT * FROM `yk_set` LIMIT 1   [ RunTime:0.0002s ]
SQL: SHOW COLUMNS FROM `yk_shop_set` [ RunTime:0.0007s ]
SQL: SELECT * FROM `yk_shop_set` LIMIT 1   [ RunTime:0.0002s ]
SQL: SHOW COLUMNS FROM `yk_shop_order` [ RunTime:0.0009s ]
SQL: SELECT * FROM `yk_shop_order` WHERE `oid` = '20160729111532-214' LIMIT 1   [ RunTime:0.0005s ]
NOTIC: [8] Use of undefined constant CURLOP_TIMEOUT - assumed 'CURLOP_TIMEOUT' /home/wwwroot/yikang.mubantang.com/ThinkPHP/Library/Util/Wx/Wxpaysdk.class.php 第 234 行.
NOTIC: [2] curl_setopt() expects parameter 2 to be long, string given /home/wwwroot/yikang.mubantang.com/ThinkPHP/Library/Util/Wx/Wxpaysdk.class.php 第 234 行.
NOTIC: [2] curl_close(): 33 is not a valid cURL handle resource /home/wwwroot/yikang.mubantang.com/ThinkPHP/Library/Util/Wx/Wxpaysdk.class.php 第 253 行.
INFO: [ app_end ] --START--
INFO: Run Behavior\ShowPageTraceBehavior [ RunTime:0.000594s ]
INFO: [ app_end ] --END-- [ RunTime:0.000680s ]

[ 2016-07-29T11:18:31+08:00 ] 113.108.11.52 /Home/Wxpay/pay/oid/20160729111830-215
INFO: [ app_init ] --START--
INFO: Run Behavior\BuildLiteBehavior [ RunTime:0.000013s ]
INFO: [ app_init ] --END-- [ RunTime:0.000283s ]
INFO: [ app_begin ] --START--
INFO: Run Behavior\ReadHtmlCacheBehavior [ RunTime:0.000375s ]
INFO: [ app_begin ] --END-- [ RunTime:0.000414s ]
SQL: SHOW COLUMNS FROM `yk_set` [ RunTime:0.0007s ]
SQL: SELECT * FROM `yk_set` LIMIT 1   [ RunTime:0.0002s ]
SQL: SHOW COLUMNS FROM `yk_shop_set` [ RunTime:0.0007s ]
SQL: SELECT * FROM `yk_shop_set` LIMIT 1   [ RunTime:0.0002s ]
SQL: SHOW COLUMNS FROM `yk_shop_order` [ RunTime:0.0009s ]
SQL: SELECT * FROM `yk_shop_order` WHERE `oid` = '20160729111830-215' LIMIT 1   [ RunTime:0.0004s ]
NOTIC: [8] Use of undefined constant CURLOP_TIMEOUT - assumed 'CURLOP_TIMEOUT' /home/wwwroot/yikang.mubantang.com/ThinkPHP/Library/Util/Wx/Wxpaysdk.class.php 第 234 行.
NOTIC: [2] curl_setopt() expects parameter 2 to be long, string given /home/wwwroot/yikang.mubantang.com/ThinkPHP/Library/Util/Wx/Wxpaysdk.class.php 第 234 行.
NOTIC: [2] curl_close(): 33 is not a valid cURL handle resource /home/wwwroot/yikang.mubantang.com/ThinkPHP/Library/Util/Wx/Wxpaysdk.class.php 第 253 行.
INFO: [ app_end ] --START--
INFO: Run Behavior\ShowPageTraceBehavior [ RunTime:0.000607s ]
INFO: [ app_end ] --END-- [ RunTime:0.000665s ]

[ 2016-07-29T11:18:40+08:00 ] 101.226.33.237 /Home/Wxpay/pay/oid/20160729111532-214
INFO: [ app_init ] --START--
INFO: Run Behavior\BuildLiteBehavior [ RunTime:0.000014s ]
INFO: [ app_init ] --END-- [ RunTime:0.000313s ]
INFO: [ app_begin ] --START--
INFO: Run Behavior\ReadHtmlCacheBehavior [ RunTime:0.000355s ]
INFO: [ app_begin ] --END-- [ RunTime:0.000392s ]
SQL: SHOW COLUMNS FROM `yk_set` [ RunTime:0.0007s ]
SQL: SELECT * FROM `yk_set` LIMIT 1   [ RunTime:0.0002s ]
SQL: SHOW COLUMNS FROM `yk_shop_set` [ RunTime:0.0007s ]
SQL: SELECT * FROM `yk_shop_set` LIMIT 1   [ RunTime:0.0002s ]
NOTIC: [8] Undefined index: wxpayopenid /home/wwwroot/yikang.mubantang.com/Application/Home/Controller/WxpayController.class.php 第 66 行.
INFO: [ view_parse ] --START--
INFO: [ template_filter ] --START--
INFO: Run Behavior\ContentReplaceBehavior [ RunTime:0.000042s ]
INFO: [ template_filter ] --END-- [ RunTime:0.000085s ]
INFO: Run Behavior\ParseTemplateBehavior [ RunTime:0.004672s ]
INFO: [ view_parse ] --END-- [ RunTime:0.004714s ]
INFO: [ view_filter ] --START--
INFO: Run Behavior\WriteHtmlCacheBehavior [ RunTime:0.000171s ]
INFO: [ view_filter ] --END-- [ RunTime:0.000205s ]

[ 2016-07-29T11:18:48+08:00 ] 140.207.54.78 /Home/Wxpay/nd/
INFO: [ app_init ] --START--
INFO: Run Behavior\BuildLiteBehavior [ RunTime:0.000012s ]
INFO: [ app_init ] --END-- [ RunTime:0.000284s ]
INFO: [ app_begin ] --START--
INFO: Run Behavior\ReadHtmlCacheBehavior [ RunTime:0.000375s ]
INFO: [ app_begin ] --END-- [ RunTime:0.000415s ]
SQL: SHOW COLUMNS FROM `yk_set` [ RunTime:0.0007s ]
SQL: SELECT * FROM `yk_set` LIMIT 1   [ RunTime:0.0002s ]
SQL: SHOW COLUMNS FROM `yk_shop_set` [ RunTime:0.0007s ]
SQL: SELECT * FROM `yk_shop_set` LIMIT 1   [ RunTime:0.0002s ]
NOTIC: [2] file_put_contents(./Data/app_wxpaynd.txt): failed to open stream: Permission denied /home/wwwroot/yikang.mubantang.com/Application/Home/Controller/WxpayController.class.php 第 230 行.
NOTIC: [2] Missing argument 1 for Util\Wx\Wxpayndsdk::__construct(), called in /home/wwwroot/yikang.mubantang.com/Application/Home/Controller/WxpayController.class.php on line 232 and defined /home/wwwroot/yikang.mubantang.com/ThinkPHP/Library/Util/Wx/Wxpayndsdk.class.php 第 16 行.
SQL: SHOW COLUMNS FROM `yk_set` [ RunTime:0.0004s ]
SQL: SELECT * FROM `yk_set` LIMIT 1   [ RunTime:0.0001s ]
NOTIC: [2] Missing argument 2 for Home\Controller\WxpayController::endpay(), called in /home/wwwroot/yikang.mubantang.com/Application/Home/Controller/WxpayController.class.php on line 267 and defined /home/wwwroot/yikang.mubantang.com/Application/Home/Controller/WxpayController.class.php 第 291 行.
SQL: SHOW COLUMNS FROM `yk_shop_order` [ RunTime:0.0009s ]
SQL: SELECT * FROM `yk_shop_order` WHERE `oid` = '20160729111830-215' LIMIT 1   [ RunTime:0.0004s ]
SQL: UPDATE `yk_shop_order` SET `sid`='0',`oid`='20160729111830-215',`djqid`='0',`totalprice`='0.01',`totalnum`='1',`payprice`='0.01',`paytype`='wxpay',`paytime`='1469762327',`aliaccount`=NULL,`yf`='0',`ispay`='1',`vipid`='0',`vipopenid`='omV0nwlvjbRj51okrIGa238hGh6c',`vipname`='13111111111',`vipmobile`='13111111111',`vipaddress`='测试地址',`vipxqname`=NULL,`vipxqid`=NULL,`msg`='',`kfmsg`=NULL,`ctime`='1469762310',`ntime`=NULL,`dtime`=NULL,`etime`=NULL,`changetime`=NULL,`changemsg`=NULL,`changeadmin`=NULL,`closetime`=NULL,`closemsg`=NULL,`closeadmin`=NULL,`tuihuoprice`=NULL,`tuihuosqtime`='0',`tuihuotime`=NULL,`tuihuokd`=NULL,`tuihuokdnum`=NULL,`tuihuomsg`=NULL,`tuihuoadmin`=NULL,`status`='2',`fahuokd`=NULL,`fahuokdnum`=NULL,`items`='a:1:{i:0;a:12:{s:2:\"id\";s:3:\"482\";s:3:\"sid\";s:1:\"0\";s:5:\"vipid\";s:4:\"1139\";s:7:\"goodsid\";s:2:\"19\";s:3:\"sku\";s:0:\"\";s:3:\"num\";s:1:\"1\";s:5:\"skuid\";i:0;s:4:\"name\";s:6:\"测试\";s:7:\"skuattr\";N;s:5:\"price\";s:4:\"0.01\";s:5:\"total\";d:0.01;s:3:\"pic\";s:0:\"\";}}' WHERE `id` = 215 [ RunTime:0.0003s ]
SQL: SHOW COLUMNS FROM `yk_shop_goods` [ RunTime:0.0006s ]
SQL: SHOW COLUMNS FROM `yk_shop_goods_sku` [ RunTime:0.0004s ]
SQL: SHOW COLUMNS FROM `yk_shop_syslog_sells` [ RunTime:0.0124s ]
SQL: UPDATE `yk_shop_goods` SET `num`=num-1 WHERE ( id=19 ) [ RunTime:0.0002s ]
SQL: UPDATE `yk_shop_goods` SET `sells`=sells+1 WHERE ( id=19 ) [ RunTime:0.0001s ]
SQL: UPDATE `yk_shop_goods` SET `dissells`=dissells+1 WHERE ( id=19 ) [ RunTime:0.0001s ]
SQL: INSERT INTO `yk_shop_syslog_sells` (`oid`,`vipid`,`vipopenid`,`vipname`,`ctime`,`num`,`goodsid`,`goodsname`,`skuid`,`skuattr`,`price`,`total`) VALUES ('215','0','omV0nwlvjbRj51okrIGa238hGh6c','13111111111','1469762327','1','19','测试','0','0','0.01','0.01') [ RunTime:0.0008s ]
SQL: SHOW COLUMNS FROM `yk_shop_order_log` [ RunTime:0.0004s ]
SQL: SHOW COLUMNS FROM `yk_shop_order_syslog` [ RunTime:0.0003s ]
SQL: INSERT INTO `yk_shop_order_log` (`oid`,`msg`,`ctime`) VALUES ('215','微信付款成功','1469762327') [ RunTime:0.0001s ]
SQL: SELECT * FROM `yk_shop_order` WHERE `oid` = '20160729111830-215' LIMIT 1   [ RunTime:0.0004s ]
SQL: INSERT INTO `yk_shop_order_syslog` (`oid`,`msg`,`ctime`,`type`,`paytype`) VALUES ('215','微信付款成功','1469762327','2','wxpay') [ RunTime:0.0001s ]
SQL: SHOW COLUMNS FROM `yk_vip` [ RunTime:0.0009s ]
SQL: SELECT * FROM `yk_vip` WHERE ( id=0 ) LIMIT 1   [ RunTime:0.0002s ]
SQL: SHOW COLUMNS FROM `yk_vip` [ RunTime:0.0008s ]
SQL: SELECT * FROM `yk_vip` WHERE ( id=0 ) LIMIT 1   [ RunTime:0.0002s ]
SQL: SHOW COLUMNS FROM `yk_wx_template` [ RunTime:0.0020s ]
SQL: SELECT * FROM `yk_wx_template` WHERE `templateidshort` = 'OPENTM200444326' LIMIT 1   [ RunTime:0.0009s ]
NOTIC: [2] file_put_contents(./Data/app_wxpayok.txt): failed to open stream: Permission denied /home/wwwroot/yikang.mubantang.com/Application/Home/Controller/WxpayController.class.php 第 268 行.
INFO: [ app_end ] --START--
INFO: Run Behavior\ShowPageTraceBehavior [ RunTime:0.000592s ]
INFO: [ app_end ] --END-- [ RunTime:0.000648s ]

[ 2016-07-29T11:21:30+08:00 ] 180.153.201.158 /Home/Wxpay/pay/oid/20160729111830-215
INFO: [ app_init ] --START--
INFO: Run Behavior\BuildLiteBehavior [ RunTime:0.000016s ]
INFO: [ app_init ] --END-- [ RunTime:0.000305s ]
INFO: [ app_begin ] --START--
INFO: Run Behavior\ReadHtmlCacheBehavior [ RunTime:0.000393s ]
INFO: [ app_begin ] --END-- [ RunTime:0.000432s ]
SQL: SHOW COLUMNS FROM `yk_set` [ RunTime:0.0007s ]
SQL: SELECT * FROM `yk_set` LIMIT 1   [ RunTime:0.0002s ]
SQL: SHOW COLUMNS FROM `yk_shop_set` [ RunTime:0.0007s ]
SQL: SELECT * FROM `yk_shop_set` LIMIT 1   [ RunTime:0.0002s ]
NOTIC: [8] Undefined index: wxpayopenid /home/wwwroot/yikang.mubantang.com/Application/Home/Controller/WxpayController.class.php 第 66 行.
INFO: [ view_parse ] --START--
INFO: [ template_filter ] --START--
INFO: Run Behavior\ContentReplaceBehavior [ RunTime:0.000040s ]
INFO: [ template_filter ] --END-- [ RunTime:0.000080s ]
INFO: Run Behavior\ParseTemplateBehavior [ RunTime:0.004824s ]
INFO: [ view_parse ] --END-- [ RunTime:0.004884s ]
INFO: [ view_filter ] --START--
INFO: Run Behavior\WriteHtmlCacheBehavior [ RunTime:0.000147s ]
INFO: [ view_filter ] --END-- [ RunTime:0.000179s ]

