[ 2016-11-27T16:04:40+08:00 ] 140.207.54.73 /Home/Wx/index/token/gzyikang2016?signature=9aa6faf7efb2da1d3c707bff6193b34ab54ac8cb&timestamp=1480233880&nonce=931536722&openid=omV0nwo7LGX1q_n0A9ml2mZfb2gs
INFO: [ app_init ] --START--
INFO: Run Behavior\BuildLiteBehavior [ RunTime:0.000012s ]
INFO: [ app_init ] --END-- [ RunTime:0.000258s ]
INFO: [ app_begin ] --START--
INFO: Run Behavior\ReadHtmlCacheBehavior [ RunTime:0.000361s ]
INFO: [ app_begin ] --END-- [ RunTime:0.000404s ]
NOTIC: [2] Missing argument 1 for Home\Controller\WxController::__construct(), called in /mnt/wwwroot/yikang.mubantang.com/ThinkPHP/Common/functions.php on line 681 and defined /mnt/wwwroot/yikang.mubantang.com/Application/Home/Controller/WxController.class.php 第 37 行.
SQL: SHOW COLUMNS FROM `yk_shop_set` [ RunTime:0.0010s ]
SQL: SELECT * FROM `yk_shop_set` LIMIT 1   [ RunTime:0.0002s ]
SQL: SHOW COLUMNS FROM `yk_set` [ RunTime:0.0005s ]
SQL: SELECT * FROM `yk_set` LIMIT 1   [ RunTime:0.0001s ]
SQL: SHOW COLUMNS FROM `yk_vip` [ RunTime:0.0010s ]
SQL: SHOW COLUMNS FROM `yk_vip_message` [ RunTime:0.0047s ]
SQL: SHOW COLUMNS FROM `yk_vip_log_sub` [ RunTime:0.0034s ]
SQL: SHOW COLUMNS FROM `yk_employee` [ RunTime:0.0005s ]
SQL: SHOW COLUMNS FROM `yk_vip_set` [ RunTime:0.0006s ]
SQL: SELECT * FROM `yk_vip_set` LIMIT 1   [ RunTime:0.0002s ]
SQL: SELECT * FROM `yk_vip` WHERE `openid` = 'omV0nwo7LGX1q_n0A9ml2mZfb2gs' LIMIT 1   [ RunTime:0.0020s ]
SQL: UPDATE `yk_vip` SET `subscribe`='1' WHERE `openid` = 'omV0nwo7LGX1q_n0A9ml2mZfb2gs' [ RunTime:0.0035s ]
SQL: SELECT * FROM `yk_vip` WHERE ( id=4 ) LIMIT 1   [ RunTime:0.0002s ]
SQL: INSERT INTO `yk_vip_log_sub` (`ppid`,`from`,`fromname`,`to`,`toname`,`issub`,`ctime`) VALUES ('4','2491','泰山压顶','4','刘建明','1','1480233880') [ RunTime:0.0016s ]
SQL: UPDATE `yk_vip` SET `total_xxsub`=total_xxsub+1 WHERE ( id=4 ) [ RunTime:0.0001s ]
SQL: SHOW COLUMNS FROM `yk_upload_img` [ RunTime:0.0004s ]
NOTIC: [8192] Function split() is deprecated /mnt/wwwroot/yikang.mubantang.com/Application/Home/Controller/WxController.class.php 第 963 行.
SQL: SELECT * FROM `yk_upload_img` WHERE `id` = 167 LIMIT 1   [ RunTime:0.0001s ]
NOTIC: [8] Undefined variable: temp /mnt/wwwroot/yikang.mubantang.com/Application/Home/Controller/WxController.class.php 第 977 行.
INFO: [ app_end ] --START--
INFO: Run Behavior\ShowPageTraceBehavior [ RunTime:0.000445s ]
INFO: [ app_end ] --END-- [ RunTime:0.000486s ]

[ 2016-11-27T16:04:59+08:00 ] 180.153.214.178 /Home/Wx/index/token/gzyikang2016
INFO: [ app_init ] --START--
INFO: Run Behavior\BuildLiteBehavior [ RunTime:0.000012s ]
INFO: [ app_init ] --END-- [ RunTime:0.000283s ]
INFO: [ app_begin ] --START--
INFO: Run Behavior\ReadHtmlCacheBehavior [ RunTime:0.000328s ]
INFO: [ app_begin ] --END-- [ RunTime:0.000367s ]
NOTIC: [2] Missing argument 1 for Home\Controller\WxController::__construct(), called in /mnt/wwwroot/yikang.mubantang.com/ThinkPHP/Common/functions.php on line 681 and defined /mnt/wwwroot/yikang.mubantang.com/Application/Home/Controller/WxController.class.php 第 37 行.
SQL: SHOW COLUMNS FROM `yk_shop_set` [ RunTime:0.0011s ]
SQL: SELECT * FROM `yk_shop_set` LIMIT 1   [ RunTime:0.0003s ]
SQL: SHOW COLUMNS FROM `yk_set` [ RunTime:0.0005s ]
SQL: SELECT * FROM `yk_set` LIMIT 1   [ RunTime:0.0001s ]
SQL: SHOW COLUMNS FROM `yk_vip` [ RunTime:0.0011s ]
SQL: SHOW COLUMNS FROM `yk_vip_message` [ RunTime:0.0003s ]
SQL: SHOW COLUMNS FROM `yk_vip_log_sub` [ RunTime:0.0004s ]
SQL: SHOW COLUMNS FROM `yk_employee` [ RunTime:0.0005s ]
SQL: SHOW COLUMNS FROM `yk_vip_set` [ RunTime:0.0006s ]
SQL: SELECT * FROM `yk_vip_set` LIMIT 1   [ RunTime:0.0002s ]

[ 2016-11-27T16:05:07+08:00 ] 140.207.54.74 /Home/Wx/index/token/gzyikang2016?signature=256bfc10355844830c8ce1afffd3ed6f8b543289&timestamp=1480233906&nonce=1404980316&openid=omV0nwo7LGX1q_n0A9ml2mZfb2gs
INFO: [ app_init ] --START--
INFO: Run Behavior\BuildLiteBehavior [ RunTime:0.000032s ]
INFO: [ app_init ] --END-- [ RunTime:0.000281s ]
INFO: [ app_begin ] --START--
INFO: Run Behavior\ReadHtmlCacheBehavior [ RunTime:0.000345s ]
INFO: [ app_begin ] --END-- [ RunTime:0.000385s ]
NOTIC: [2] Missing argument 1 for Home\Controller\WxController::__construct(), called in /mnt/wwwroot/yikang.mubantang.com/ThinkPHP/Common/functions.php on line 681 and defined /mnt/wwwroot/yikang.mubantang.com/Application/Home/Controller/WxController.class.php 第 37 行.
SQL: SHOW COLUMNS FROM `yk_shop_set` [ RunTime:0.0010s ]
SQL: SELECT * FROM `yk_shop_set` LIMIT 1   [ RunTime:0.0002s ]
SQL: SHOW COLUMNS FROM `yk_set` [ RunTime:0.0005s ]
SQL: SELECT * FROM `yk_set` LIMIT 1   [ RunTime:0.0001s ]
SQL: SHOW COLUMNS FROM `yk_vip` [ RunTime:0.0011s ]
SQL: SHOW COLUMNS FROM `yk_vip_message` [ RunTime:0.0004s ]
SQL: SHOW COLUMNS FROM `yk_vip_log_sub` [ RunTime:0.0004s ]
SQL: SHOW COLUMNS FROM `yk_employee` [ RunTime:0.0005s ]
SQL: SHOW COLUMNS FROM `yk_vip_set` [ RunTime:0.0006s ]
SQL: SELECT * FROM `yk_vip_set` LIMIT 1   [ RunTime:0.0001s ]
INFO: [ app_end ] --START--
INFO: Run Behavior\ShowPageTraceBehavior [ RunTime:0.000373s ]
INFO: [ app_end ] --END-- [ RunTime:0.000416s ]

[ 2016-11-27T18:41:07+08:00 ] 14.17.37.146 /Home/Wxpay/pay/oid/20161127184106-55
INFO: [ app_init ] --START--
INFO: Run Behavior\BuildLiteBehavior [ RunTime:0.000012s ]
INFO: [ app_init ] --END-- [ RunTime:0.000260s ]
INFO: [ app_begin ] --START--
INFO: Run Behavior\ReadHtmlCacheBehavior [ RunTime:0.001090s ]
INFO: [ app_begin ] --END-- [ RunTime:0.001129s ]
SQL: SHOW COLUMNS FROM `yk_set` [ RunTime:0.0007s ]
SQL: SELECT * FROM `yk_set` LIMIT 1   [ RunTime:0.0002s ]
SQL: SHOW COLUMNS FROM `yk_shop_set` [ RunTime:0.0007s ]
SQL: SELECT * FROM `yk_shop_set` LIMIT 1   [ RunTime:0.0002s ]
SQL: SHOW COLUMNS FROM `yk_shop_order` [ RunTime:0.0009s ]
SQL: SELECT * FROM `yk_shop_order` WHERE `oid` = '20161127184106-55' LIMIT 1   [ RunTime:0.0165s ]
NOTIC: [8] Use of undefined constant CURLOP_TIMEOUT - assumed 'CURLOP_TIMEOUT' /mnt/wwwroot/yikang.mubantang.com/ThinkPHP/Library/Util/Wx/Wxpaysdk.class.php 第 234 行.
NOTIC: [2] curl_setopt() expects parameter 2 to be long, string given /mnt/wwwroot/yikang.mubantang.com/ThinkPHP/Library/Util/Wx/Wxpaysdk.class.php 第 234 行.
NOTIC: [2] curl_close(): 33 is not a valid cURL handle resource /mnt/wwwroot/yikang.mubantang.com/ThinkPHP/Library/Util/Wx/Wxpaysdk.class.php 第 253 行.
INFO: [ app_end ] --START--
INFO: Run Behavior\ShowPageTraceBehavior [ RunTime:0.000564s ]
INFO: [ app_end ] --END-- [ RunTime:0.000623s ]

[ 2016-11-27T18:42:02+08:00 ] 140.207.54.76 /Home/Wxpay/nd/
INFO: [ app_init ] --START--
INFO: Run Behavior\BuildLiteBehavior [ RunTime:0.000013s ]
INFO: [ app_init ] --END-- [ RunTime:0.000282s ]
INFO: [ app_begin ] --START--
INFO: Run Behavior\ReadHtmlCacheBehavior [ RunTime:0.000322s ]
INFO: [ app_begin ] --END-- [ RunTime:0.000361s ]
SQL: SHOW COLUMNS FROM `yk_set` [ RunTime:0.0007s ]
SQL: SELECT * FROM `yk_set` LIMIT 1   [ RunTime:0.0002s ]
SQL: SHOW COLUMNS FROM `yk_shop_set` [ RunTime:0.0007s ]
SQL: SELECT * FROM `yk_shop_set` LIMIT 1   [ RunTime:0.0002s ]
NOTIC: [2] Missing argument 1 for Util\Wx\Wxpayndsdk::__construct(), called in /mnt/wwwroot/yikang.mubantang.com/Application/Home/Controller/WxpayController.class.php on line 232 and defined /mnt/wwwroot/yikang.mubantang.com/ThinkPHP/Library/Util/Wx/Wxpayndsdk.class.php 第 16 行.
SQL: SHOW COLUMNS FROM `yk_set` [ RunTime:0.0008s ]
SQL: SELECT * FROM `yk_set` LIMIT 1   [ RunTime:0.0001s ]
NOTIC: [2] Missing argument 2 for Home\Controller\WxpayController::endpay(), called in /mnt/wwwroot/yikang.mubantang.com/Application/Home/Controller/WxpayController.class.php on line 267 and defined /mnt/wwwroot/yikang.mubantang.com/Application/Home/Controller/WxpayController.class.php 第 291 行.
SQL: SHOW COLUMNS FROM `yk_shop_order` [ RunTime:0.0009s ]
SQL: SELECT * FROM `yk_shop_order` WHERE `oid` = '20161127184106-55' LIMIT 1   [ RunTime:0.0003s ]
SQL: UPDATE `yk_shop_order` SET `sid`='0',`oid`='20161127184106-55',`djqid`='0',`totalprice`='680',`totalnum`='1',`payprice`='680',`paytype`='wxpay',`paytime`='1480243320',`aliaccount`=NULL,`yf`='0',`ispay`='1',`vipid`='2487',`vipopenid`='omV0nwmfhhIbkAlQ6unb6QBrQYCU',`vipname`='李小姐',`vipmobile`='13318839513',`vipaddress`='广州市萝岗区开创大道万科城伴山四街7号（E01栋）303房（对讲机坏，开门请打本机）',`vipxqname`=NULL,`vipxqid`=NULL,`msg`='',`kfmsg`=NULL,`ctime`='1480243266',`ntime`=NULL,`dtime`=NULL,`etime`=NULL,`changetime`=NULL,`changemsg`=NULL,`changeadmin`=NULL,`closetime`=NULL,`closemsg`=NULL,`closeadmin`=NULL,`tuihuoprice`=NULL,`tuihuosqtime`='0',`tuihuotime`=NULL,`tuihuokd`=NULL,`tuihuokdnum`=NULL,`tuihuomsg`=NULL,`tuihuoadmin`=NULL,`status`='2',`fahuokd`=NULL,`fahuokdnum`=NULL,`items`='a:1:{i:0;a:12:{s:2:\"id\";s:3:\"589\";s:3:\"sid\";s:1:\"0\";s:5:\"vipid\";s:4:\"2487\";s:7:\"goodsid\";s:2:\"18\";s:3:\"sku\";s:0:\"\";s:3:\"num\";s:1:\"1\";s:5:\"skuid\";i:0;s:4:\"name\";s:39:\"恒压咽鼓管吹张器（儿童型）\";s:7:\"skuattr\";N;s:5:\"price\";s:3:\"680\";s:5:\"total\";i:680;s:3:\"pic\";s:40:\"/Upload/img/2016-07-27/5798797fe244b.jpg\";}}' WHERE `id` = 55 [ RunTime:0.0003s ]
SQL: SHOW COLUMNS FROM `yk_shop_goods` [ RunTime:0.0006s ]
SQL: SHOW COLUMNS FROM `yk_shop_goods_sku` [ RunTime:0.0004s ]
SQL: SHOW COLUMNS FROM `yk_shop_syslog_sells` [ RunTime:0.0126s ]
SQL: UPDATE `yk_shop_goods` SET `num`=num-1 WHERE ( id=18 ) [ RunTime:0.0002s ]
SQL: UPDATE `yk_shop_goods` SET `sells`=sells+1 WHERE ( id=18 ) [ RunTime:0.0001s ]
SQL: UPDATE `yk_shop_goods` SET `dissells`=dissells+1 WHERE ( id=18 ) [ RunTime:0.0002s ]
SQL: INSERT INTO `yk_shop_syslog_sells` (`oid`,`vipid`,`vipopenid`,`vipname`,`ctime`,`num`,`goodsid`,`goodsname`,`skuid`,`skuattr`,`price`,`total`) VALUES ('55','2487','omV0nwmfhhIbkAlQ6unb6QBrQYCU','李小姐','1480243320','1','18','恒压咽鼓管吹张器（儿童型）','0','0','680','680') [ RunTime:0.0015s ]
SQL: SHOW COLUMNS FROM `yk_shop_order_log` [ RunTime:0.0037s ]
SQL: SHOW COLUMNS FROM `yk_shop_order_syslog` [ RunTime:0.0004s ]
SQL: INSERT INTO `yk_shop_order_log` (`oid`,`msg`,`ctime`) VALUES ('55','微信付款成功','1480243320') [ RunTime:0.0056s ]
SQL: SELECT * FROM `yk_shop_order` WHERE `oid` = '20161127184106-55' LIMIT 1   [ RunTime:0.0003s ]
SQL: INSERT INTO `yk_shop_order_syslog` (`oid`,`msg`,`ctime`,`type`,`paytype`) VALUES ('55','微信付款成功','1480243320','2','wxpay') [ RunTime:0.0001s ]
SQL: SHOW COLUMNS FROM `yk_vip` [ RunTime:0.0010s ]
SQL: SELECT * FROM `yk_vip` WHERE ( id=2487 ) LIMIT 1   [ RunTime:0.0002s ]
SQL: SELECT * FROM `yk_vip` WHERE ( id=0 ) LIMIT 1   [ RunTime:0.0002s ]
SQL: SHOW COLUMNS FROM `yk_sms` [ RunTime:0.0030s ]
SQL: SELECT * FROM `yk_sms` LIMIT 1   [ RunTime:0.0014s ]
SQL: SELECT * FROM `yk_sms` LIMIT 1   [ RunTime:0.0003s ]
SQL: SHOW COLUMNS FROM `yk_vip` [ RunTime:0.0014s ]
SQL: SELECT * FROM `yk_vip` WHERE ( id=2487 ) LIMIT 1   [ RunTime:0.0002s ]
SQL: UPDATE `yk_vip` SET `isfx`='1' WHERE ( id=2487 ) [ RunTime:0.0002s ]
SQL: SHOW COLUMNS FROM `yk_vip_message` [ RunTime:0.0004s ]
SQL: INSERT INTO `yk_vip_message` (`pids`,`title`,`content`,`ctime`) VALUES ('2487','您成功升级为逸康商城的分销商！','欢迎成为逸康商城的分销商，开启一个新的旅程！','1480243320') [ RunTime:0.0261s ]
SQL: SHOW COLUMNS FROM `yk_wx_template` [ RunTime:0.0038s ]
SQL: SELECT * FROM `yk_wx_template` WHERE `templateidshort` = 'OPENTM203264949' LIMIT 1   [ RunTime:0.0017s ]
SQL: SELECT * FROM `yk_vip` WHERE ( id=2487 ) LIMIT 1   [ RunTime:0.0004s ]
SQL: SHOW COLUMNS FROM `yk_fx_dslog` [ RunTime:0.0092s ]
SQL: SELECT * FROM `yk_shop_set` LIMIT 1   [ RunTime:0.0002s ]
SQL: SELECT * FROM `yk_wx_template` WHERE `templateidshort` = 'OPENTM200444326' LIMIT 1   [ RunTime:0.0001s ]
INFO: [ app_end ] --START--
INFO: Run Behavior\ShowPageTraceBehavior [ RunTime:0.000551s ]
INFO: [ app_end ] --END-- [ RunTime:0.000633s ]

