[ 2017-05-13T05:55:19+08:00 ] 58.247.206.155 /Home/Wx/index/token/gzyikang2016?signature=3a137123460fee0d26270091009700cc9211100f&timestamp=1494626119&nonce=1216360574&openid=omV0nwkuFJw-bi983kCOl73FLJFk
INFO: [ app_init ] --START--
INFO: Run Behavior\BuildLiteBehavior [ RunTime:0.000013s ]
INFO: [ app_init ] --END-- [ RunTime:0.000260s ]
INFO: [ app_begin ] --START--
INFO: Run Behavior\ReadHtmlCacheBehavior [ RunTime:0.000342s ]
INFO: [ app_begin ] --END-- [ RunTime:0.000380s ]
SQL: SHOW COLUMNS FROM `yk_shop_set` [ RunTime:0.0010s ]
SQL: SELECT * FROM `yk_shop_set` LIMIT 1   [ RunTime:0.0002s ]
SQL: SHOW COLUMNS FROM `yk_set` [ RunTime:0.0005s ]
SQL: SELECT * FROM `yk_set` LIMIT 1   [ RunTime:0.0001s ]
SQL: SHOW COLUMNS FROM `yk_vip` [ RunTime:0.0011s ]
SQL: SHOW COLUMNS FROM `yk_vip_message` [ RunTime:0.0004s ]
SQL: SHOW COLUMNS FROM `yk_vip_log_sub` [ RunTime:0.0005s ]
SQL: SHOW COLUMNS FROM `yk_employee` [ RunTime:0.0005s ]
SQL: SHOW COLUMNS FROM `yk_vip_set` [ RunTime:0.0006s ]
SQL: SELECT * FROM `yk_vip_set` LIMIT 1   [ RunTime:0.0001s ]
INFO: [ app_end ] --START--
INFO: Run Behavior\ShowPageTraceBehavior [ RunTime:0.000464s ]
INFO: [ app_end ] --END-- [ RunTime:0.000522s ]

[ 2017-05-13T11:27:24+08:00 ] 58.247.206.155 /Home/Wx/index/token/gzyikang2016?signature=f1d7f3b3c141fc590e60eb4aa66ef0c80117bc82&timestamp=1494646044&nonce=443652666&openid=omV0nwqIu3Zl9TX6t6X_FBqR9QpQ
INFO: [ app_init ] --START--
INFO: Run Behavior\BuildLiteBehavior [ RunTime:0.000036s ]
INFO: [ app_init ] --END-- [ RunTime:0.000289s ]
INFO: [ app_begin ] --START--
INFO: Run Behavior\ReadHtmlCacheBehavior [ RunTime:0.000333s ]
INFO: [ app_begin ] --END-- [ RunTime:0.000372s ]
SQL: SHOW COLUMNS FROM `yk_shop_set` [ RunTime:0.0010s ]
SQL: SELECT * FROM `yk_shop_set` LIMIT 1   [ RunTime:0.0002s ]
SQL: SHOW COLUMNS FROM `yk_set` [ RunTime:0.0004s ]
SQL: SELECT * FROM `yk_set` LIMIT 1   [ RunTime:0.0001s ]
SQL: SHOW COLUMNS FROM `yk_vip` [ RunTime:0.0010s ]
SQL: SHOW COLUMNS FROM `yk_vip_message` [ RunTime:0.0005s ]
SQL: SHOW COLUMNS FROM `yk_vip_log_sub` [ RunTime:0.0004s ]
SQL: SHOW COLUMNS FROM `yk_employee` [ RunTime:0.0005s ]
SQL: SHOW COLUMNS FROM `yk_vip_set` [ RunTime:0.0006s ]
SQL: SELECT * FROM `yk_vip_set` LIMIT 1   [ RunTime:0.0001s ]
SQL: SELECT * FROM `yk_vip` WHERE `openid` = 'omV0nwqIu3Zl9TX6t6X_FBqR9QpQ' LIMIT 1   [ RunTime:0.0038s ]
SQL: UPDATE `yk_vip` SET `subscribe`='1' WHERE `openid` = 'omV0nwqIu3Zl9TX6t6X_FBqR9QpQ' [ RunTime:0.0080s ]
SQL: SELECT * FROM `yk_vip` WHERE ( id=700 ) LIMIT 1   [ RunTime:0.0003s ]
SQL: INSERT INTO `yk_vip_log_sub` (`ppid`,`from`,`fromname`,`to`,`toname`,`issub`,`ctime`) VALUES ('700','3872','香烟有毒','700','苏述平','1','1494646044') [ RunTime:0.0002s ]
SQL: UPDATE `yk_vip` SET `total_xxsub`=total_xxsub+1 WHERE ( id=700 ) [ RunTime:0.0002s ]
SQL: SHOW COLUMNS FROM `yk_upload_img` [ RunTime:0.0008s ]
SQL: SELECT * FROM `yk_upload_img` WHERE `id` = 167 LIMIT 1   [ RunTime:0.0002s ]
INFO: [ app_end ] --START--
INFO: Run Behavior\ShowPageTraceBehavior [ RunTime:0.000502s ]
INFO: [ app_end ] --END-- [ RunTime:0.000551s ]

[ 2017-05-13T11:27:28+08:00 ] 58.247.206.147 /Home/Wx/index/token/gzyikang2016?signature=2e99406ee6c05c96180641128c2b78db4b4de403&timestamp=1494646048&nonce=2060651699&openid=omV0nwqIu3Zl9TX6t6X_FBqR9QpQ
INFO: [ app_init ] --START--
INFO: Run Behavior\BuildLiteBehavior [ RunTime:0.000016s ]
INFO: [ app_init ] --END-- [ RunTime:0.000300s ]
INFO: [ app_begin ] --START--
INFO: Run Behavior\ReadHtmlCacheBehavior [ RunTime:0.000325s ]
INFO: [ app_begin ] --END-- [ RunTime:0.000363s ]
SQL: SHOW COLUMNS FROM `yk_shop_set` [ RunTime:0.0010s ]
SQL: SELECT * FROM `yk_shop_set` LIMIT 1   [ RunTime:0.0002s ]
SQL: SHOW COLUMNS FROM `yk_set` [ RunTime:0.0004s ]
SQL: SELECT * FROM `yk_set` LIMIT 1   [ RunTime:0.0001s ]
SQL: SHOW COLUMNS FROM `yk_vip` [ RunTime:0.0010s ]
SQL: SHOW COLUMNS FROM `yk_vip_message` [ RunTime:0.0003s ]
SQL: SHOW COLUMNS FROM `yk_vip_log_sub` [ RunTime:0.0004s ]
SQL: SHOW COLUMNS FROM `yk_employee` [ RunTime:0.0005s ]
SQL: SHOW COLUMNS FROM `yk_vip_set` [ RunTime:0.0006s ]
SQL: SELECT * FROM `yk_vip_set` LIMIT 1   [ RunTime:0.0002s ]
INFO: [ app_end ] --START--
INFO: Run Behavior\ShowPageTraceBehavior [ RunTime:0.000402s ]
INFO: [ app_end ] --END-- [ RunTime:0.000444s ]

[ 2017-05-13T11:31:37+08:00 ] 58.247.206.145 /Home/Wx/index/token/gzyikang2016?signature=d3176b257d1fab179a118e4fad9f6fc9dd34b96a&timestamp=1494646296&nonce=165284267&openid=omV0nwqIu3Zl9TX6t6X_FBqR9QpQ
INFO: [ app_init ] --START--
INFO: Run Behavior\BuildLiteBehavior [ RunTime:0.000013s ]
INFO: [ app_init ] --END-- [ RunTime:0.000264s ]
INFO: [ app_begin ] --START--
INFO: Run Behavior\ReadHtmlCacheBehavior [ RunTime:0.000359s ]
INFO: [ app_begin ] --END-- [ RunTime:0.000399s ]
SQL: SHOW COLUMNS FROM `yk_shop_set` [ RunTime:0.0010s ]
SQL: SELECT * FROM `yk_shop_set` LIMIT 1   [ RunTime:0.0002s ]
SQL: SHOW COLUMNS FROM `yk_set` [ RunTime:0.0005s ]
SQL: SELECT * FROM `yk_set` LIMIT 1   [ RunTime:0.0001s ]
SQL: SHOW COLUMNS FROM `yk_vip` [ RunTime:0.0010s ]
SQL: SHOW COLUMNS FROM `yk_vip_message` [ RunTime:0.0004s ]
SQL: SHOW COLUMNS FROM `yk_vip_log_sub` [ RunTime:0.0005s ]
SQL: SHOW COLUMNS FROM `yk_employee` [ RunTime:0.0007s ]
SQL: SHOW COLUMNS FROM `yk_vip_set` [ RunTime:0.0006s ]
SQL: SELECT * FROM `yk_vip_set` LIMIT 1   [ RunTime:0.0001s ]
SQL: SELECT * FROM `yk_vip` WHERE `openid` = 'omV0nwqIu3Zl9TX6t6X_FBqR9QpQ' LIMIT 1   [ RunTime:0.0030s ]
SQL: UPDATE `yk_vip` SET `pid`='700',`plv`='2',`path`='0-700',`mobile`=NULL,`password`=NULL,`name`=NULL,`email`=NULL,`money`='0.00',`score`='101',`exp`='22',`cur_exp`='22',`levelid`='1',`openid`='omV0nwqIu3Zl9TX6t6X_FBqR9QpQ',`nickname`='香烟有毒',`sex`='1',`city`='Banan',`province`='Chongqing',`country`='CN',`language`='zh_CN',`headimgurl`='http://wx.qlogo.cn/mmopen/et9q9FvjBBpkHqMqypn888tEpNvC4YaGz3psp6Pw0KuEs65kcyt4NGr3w7VuOL2TicUf4aAvN08SMvVLAgic8msUvLS6VG6MEe/0',`subscribe`='1',`subscribe_time`=NULL,`remark`=NULL,`status`='1',`ctime`='1494646030',`cctime`='1494646297',`sign`='0',`signtime`='1494646130',`isfx`='0',`isfxgd`='0',`total_buy`='0',`total_yj`='0',`total_xxyj`='0',`total_xxlink`='0',`total_xxsub`='0',`total_xxunsub`='0',`total_xxbuy`='0',`txname`=NULL,`txmobile`=NULL,`txyh`=NULL,`txfh`=NULL,`txszd`=NULL,`txcard`=NULL,`employee`='12',`ticket`=NULL,`continue_sign`='0',`is_system`='0' WHERE `id` = 3872 [ RunTime:0.0003s ]
SQL: SHOW COLUMNS FROM `yk_wx_keyword` [ RunTime:0.0005s ]
SQL: SELECT * FROM `yk_wx_keyword` WHERE `keyword` = '你好' LIMIT 1   [ RunTime:0.0174s ]
INFO: [ app_end ] --START--
INFO: Run Behavior\ShowPageTraceBehavior [ RunTime:0.000499s ]
INFO: [ app_end ] --END-- [ RunTime:0.000541s ]

[ 2017-05-13T11:32:08+08:00 ] 58.247.206.145 /Home/Wx/index/token/gzyikang2016?signature=3d07bcbe810006ed422f1fa94514827ae41ffde3&timestamp=1494646328&nonce=188962641&openid=omV0nwqIu3Zl9TX6t6X_FBqR9QpQ
INFO: [ app_init ] --START--
INFO: Run Behavior\BuildLiteBehavior [ RunTime:0.000013s ]
INFO: [ app_init ] --END-- [ RunTime:0.000326s ]
INFO: [ app_begin ] --START--
INFO: Run Behavior\ReadHtmlCacheBehavior [ RunTime:0.000363s ]
INFO: [ app_begin ] --END-- [ RunTime:0.000402s ]
SQL: SHOW COLUMNS FROM `yk_shop_set` [ RunTime:0.0010s ]
SQL: SELECT * FROM `yk_shop_set` LIMIT 1   [ RunTime:0.0002s ]
SQL: SHOW COLUMNS FROM `yk_set` [ RunTime:0.0005s ]
SQL: SELECT * FROM `yk_set` LIMIT 1   [ RunTime:0.0001s ]
SQL: SHOW COLUMNS FROM `yk_vip` [ RunTime:0.0010s ]
SQL: SHOW COLUMNS FROM `yk_vip_message` [ RunTime:0.0003s ]
SQL: SHOW COLUMNS FROM `yk_vip_log_sub` [ RunTime:0.0004s ]
SQL: SHOW COLUMNS FROM `yk_employee` [ RunTime:0.0005s ]
SQL: SHOW COLUMNS FROM `yk_vip_set` [ RunTime:0.0006s ]
SQL: SELECT * FROM `yk_vip_set` LIMIT 1   [ RunTime:0.0001s ]
INFO: [ app_end ] --START--
INFO: Run Behavior\ShowPageTraceBehavior [ RunTime:0.000412s ]
INFO: [ app_end ] --END-- [ RunTime:0.000455s ]

[ 2017-05-13T14:00:48+08:00 ] 58.247.206.145 /Home/Wx/index/token/gzyikang2016?signature=055bd8e8295f0314abb60b2c86702dc1ac23da27&timestamp=1494655247&nonce=2137713210&openid=omV0nwqIu3Zl9TX6t6X_FBqR9QpQ
INFO: [ app_init ] --START--
INFO: Run Behavior\BuildLiteBehavior [ RunTime:0.000012s ]
INFO: [ app_init ] --END-- [ RunTime:0.000257s ]
INFO: [ app_begin ] --START--
INFO: Run Behavior\ReadHtmlCacheBehavior [ RunTime:0.000321s ]
INFO: [ app_begin ] --END-- [ RunTime:0.000362s ]
SQL: SHOW COLUMNS FROM `yk_shop_set` [ RunTime:0.0010s ]
SQL: SELECT * FROM `yk_shop_set` LIMIT 1   [ RunTime:0.0002s ]
SQL: SHOW COLUMNS FROM `yk_set` [ RunTime:0.0005s ]
SQL: SELECT * FROM `yk_set` LIMIT 1   [ RunTime:0.0001s ]
SQL: SHOW COLUMNS FROM `yk_vip` [ RunTime:0.0011s ]
SQL: SHOW COLUMNS FROM `yk_vip_message` [ RunTime:0.0004s ]
SQL: SHOW COLUMNS FROM `yk_vip_log_sub` [ RunTime:0.0004s ]
SQL: SHOW COLUMNS FROM `yk_employee` [ RunTime:0.0006s ]
SQL: SHOW COLUMNS FROM `yk_vip_set` [ RunTime:0.0008s ]
SQL: SELECT * FROM `yk_vip_set` LIMIT 1   [ RunTime:0.0001s ]
INFO: [ app_end ] --START--
INFO: Run Behavior\ShowPageTraceBehavior [ RunTime:0.000393s ]
INFO: [ app_end ] --END-- [ RunTime:0.000433s ]

[ 2017-05-13T14:13:19+08:00 ] 58.247.206.140 /Home/Wx/index/token/gzyikang2016?signature=c9d8c94286f4e91c0e26d575c595633c068511c1&timestamp=1494655999&nonce=1527683911&openid=omV0nwqIu3Zl9TX6t6X_FBqR9QpQ
INFO: [ app_init ] --START--
INFO: Run Behavior\BuildLiteBehavior [ RunTime:0.000013s ]
INFO: [ app_init ] --END-- [ RunTime:0.000261s ]
INFO: [ app_begin ] --START--
INFO: Run Behavior\ReadHtmlCacheBehavior [ RunTime:0.000341s ]
INFO: [ app_begin ] --END-- [ RunTime:0.000379s ]
SQL: SHOW COLUMNS FROM `yk_shop_set` [ RunTime:0.0009s ]
SQL: SELECT * FROM `yk_shop_set` LIMIT 1   [ RunTime:0.0002s ]
SQL: SHOW COLUMNS FROM `yk_set` [ RunTime:0.0005s ]
SQL: SELECT * FROM `yk_set` LIMIT 1   [ RunTime:0.0001s ]
SQL: SHOW COLUMNS FROM `yk_vip` [ RunTime:0.0010s ]
SQL: SHOW COLUMNS FROM `yk_vip_message` [ RunTime:0.0004s ]
SQL: SHOW COLUMNS FROM `yk_vip_log_sub` [ RunTime:0.0005s ]
SQL: SHOW COLUMNS FROM `yk_employee` [ RunTime:0.0005s ]
SQL: SHOW COLUMNS FROM `yk_vip_set` [ RunTime:0.0007s ]
SQL: SELECT * FROM `yk_vip_set` LIMIT 1   [ RunTime:0.0002s ]
SQL: SELECT * FROM `yk_vip` WHERE `openid` = 'omV0nwqIu3Zl9TX6t6X_FBqR9QpQ' LIMIT 1   [ RunTime:0.0032s ]
SQL: UPDATE `yk_vip` SET `pid`='700',`plv`='2',`path`='0-700',`mobile`=NULL,`password`=NULL,`name`=NULL,`email`=NULL,`money`='0.00',`score`='101',`exp`='22',`cur_exp`='22',`levelid`='1',`openid`='omV0nwqIu3Zl9TX6t6X_FBqR9QpQ',`nickname`='香烟有毒',`sex`='1',`city`='Banan',`province`='Chongqing',`country`='CN',`language`='zh_CN',`headimgurl`='http://wx.qlogo.cn/mmopen/et9q9FvjBBpkHqMqypn888tEpNvC4YaGz3psp6Pw0KuEs65kcyt4NGr3w7VuOL2TicUf4aAvN08SMvVLAgic8msUvLS6VG6MEe/0',`subscribe`='1',`subscribe_time`=NULL,`remark`=NULL,`status`='1',`ctime`='1494646030',`cctime`='1494655999',`sign`='0',`signtime`='1494646130',`isfx`='0',`isfxgd`='0',`total_buy`='0',`total_yj`='0',`total_xxyj`='0',`total_xxlink`='0',`total_xxsub`='0',`total_xxunsub`='0',`total_xxbuy`='0',`txname`=NULL,`txmobile`=NULL,`txyh`=NULL,`txfh`=NULL,`txszd`=NULL,`txcard`=NULL,`employee`='12',`ticket`=NULL,`continue_sign`='0',`is_system`='0' WHERE `id` = 3872 [ RunTime:0.0003s ]
SQL: SHOW COLUMNS FROM `yk_wx_keyword` [ RunTime:0.0005s ]
SQL: SELECT * FROM `yk_wx_keyword` WHERE `keyword` = '鼓张器' LIMIT 1   [ RunTime:0.0001s ]
INFO: [ app_end ] --START--
INFO: Run Behavior\ShowPageTraceBehavior [ RunTime:0.000463s ]
INFO: [ app_end ] --END-- [ RunTime:0.000503s ]

[ 2017-05-13T14:13:38+08:00 ] 58.247.206.155 /Home/Wx/index/token/gzyikang2016?signature=ca73cf7dbc48148583391c6a7d005bbbdc5b4f09&timestamp=1494656018&nonce=905627228&openid=omV0nwqIu3Zl9TX6t6X_FBqR9QpQ
INFO: [ app_init ] --START--
INFO: Run Behavior\BuildLiteBehavior [ RunTime:0.000012s ]
INFO: [ app_init ] --END-- [ RunTime:0.000258s ]
INFO: [ app_begin ] --START--
INFO: Run Behavior\ReadHtmlCacheBehavior [ RunTime:0.000363s ]
INFO: [ app_begin ] --END-- [ RunTime:0.000407s ]
SQL: SHOW COLUMNS FROM `yk_shop_set` [ RunTime:0.0009s ]
SQL: SELECT * FROM `yk_shop_set` LIMIT 1   [ RunTime:0.0002s ]
SQL: SHOW COLUMNS FROM `yk_set` [ RunTime:0.0005s ]
SQL: SELECT * FROM `yk_set` LIMIT 1   [ RunTime:0.0001s ]
SQL: SHOW COLUMNS FROM `yk_vip` [ RunTime:0.0010s ]
SQL: SHOW COLUMNS FROM `yk_vip_message` [ RunTime:0.0003s ]
SQL: SHOW COLUMNS FROM `yk_vip_log_sub` [ RunTime:0.0004s ]
SQL: SHOW COLUMNS FROM `yk_employee` [ RunTime:0.0004s ]
SQL: SHOW COLUMNS FROM `yk_vip_set` [ RunTime:0.0006s ]
SQL: SELECT * FROM `yk_vip_set` LIMIT 1   [ RunTime:0.0001s ]
SQL: SELECT * FROM `yk_vip` WHERE `openid` = 'omV0nwqIu3Zl9TX6t6X_FBqR9QpQ' LIMIT 1   [ RunTime:0.0030s ]
SQL: UPDATE `yk_vip` SET `pid`='700',`plv`='2',`path`='0-700',`mobile`=NULL,`password`=NULL,`name`=NULL,`email`=NULL,`money`='0.00',`score`='101',`exp`='22',`cur_exp`='22',`levelid`='1',`openid`='omV0nwqIu3Zl9TX6t6X_FBqR9QpQ',`nickname`='香烟有毒',`sex`='1',`city`='Banan',`province`='Chongqing',`country`='CN',`language`='zh_CN',`headimgurl`='http://wx.qlogo.cn/mmopen/et9q9FvjBBpkHqMqypn888tEpNvC4YaGz3psp6Pw0KuEs65kcyt4NGr3w7VuOL2TicUf4aAvN08SMvVLAgic8msUvLS6VG6MEe/0',`subscribe`='1',`subscribe_time`=NULL,`remark`=NULL,`status`='1',`ctime`='1494646030',`cctime`='1494656018',`sign`='0',`signtime`='1494646130',`isfx`='0',`isfxgd`='0',`total_buy`='0',`total_yj`='0',`total_xxyj`='0',`total_xxlink`='0',`total_xxsub`='0',`total_xxunsub`='0',`total_xxbuy`='0',`txname`=NULL,`txmobile`=NULL,`txyh`=NULL,`txfh`=NULL,`txszd`=NULL,`txcard`=NULL,`employee`='12',`ticket`=NULL,`continue_sign`='0',`is_system`='0' WHERE `id` = 3872 [ RunTime:0.0003s ]
SQL: SHOW COLUMNS FROM `yk_wx_keyword` [ RunTime:0.0004s ]
SQL: SELECT * FROM `yk_wx_keyword` WHERE `keyword` = '吹张器' LIMIT 1   [ RunTime:0.0001s ]
INFO: [ app_end ] --START--
INFO: Run Behavior\ShowPageTraceBehavior [ RunTime:0.000386s ]
INFO: [ app_end ] --END-- [ RunTime:0.000424s ]

[ 2017-05-13T14:20:10+08:00 ] 117.136.40.75 /Home/Wxpay/pay/oid/20170513142010-254
INFO: [ app_init ] --START--
INFO: Run Behavior\BuildLiteBehavior [ RunTime:0.000012s ]
INFO: [ app_init ] --END-- [ RunTime:0.000253s ]
INFO: [ app_begin ] --START--
INFO: Run Behavior\ReadHtmlCacheBehavior [ RunTime:0.000317s ]
INFO: [ app_begin ] --END-- [ RunTime:0.000354s ]
SQL: SHOW COLUMNS FROM `yk_set` [ RunTime:0.0007s ]
SQL: SELECT * FROM `yk_set` LIMIT 1   [ RunTime:0.0001s ]
SQL: SHOW COLUMNS FROM `yk_shop_set` [ RunTime:0.0010s ]
SQL: SELECT * FROM `yk_shop_set` LIMIT 1   [ RunTime:0.0002s ]
SQL: SHOW COLUMNS FROM `yk_shop_order` [ RunTime:0.0009s ]
SQL: SELECT * FROM `yk_shop_order` WHERE `oid` = '20170513142010-254' LIMIT 1   [ RunTime:0.0005s ]
INFO: [ app_end ] --START--
INFO: Run Behavior\ShowPageTraceBehavior [ RunTime:0.000556s ]
INFO: [ app_end ] --END-- [ RunTime:0.000621s ]

[ 2017-05-13T14:20:17+08:00 ] 140.207.54.76 /Home/Wxpay/nd/
INFO: [ app_init ] --START--
INFO: Run Behavior\BuildLiteBehavior [ RunTime:0.000013s ]
INFO: [ app_init ] --END-- [ RunTime:0.000266s ]
INFO: [ app_begin ] --START--
INFO: Run Behavior\ReadHtmlCacheBehavior [ RunTime:0.000324s ]
INFO: [ app_begin ] --END-- [ RunTime:0.000362s ]
SQL: SHOW COLUMNS FROM `yk_set` [ RunTime:0.0007s ]
SQL: SELECT * FROM `yk_set` LIMIT 1   [ RunTime:0.0001s ]
SQL: SHOW COLUMNS FROM `yk_shop_set` [ RunTime:0.0007s ]
SQL: SELECT * FROM `yk_shop_set` LIMIT 1   [ RunTime:0.0001s ]
SQL: SHOW COLUMNS FROM `yk_set` [ RunTime:0.0005s ]
SQL: SELECT * FROM `yk_set` LIMIT 1   [ RunTime:0.0001s ]
SQL: SHOW COLUMNS FROM `yk_shop_order` [ RunTime:0.0009s ]
SQL: SELECT * FROM `yk_shop_order` WHERE `oid` = '20170513142010-254' LIMIT 1   [ RunTime:0.0005s ]
SQL: UPDATE `yk_shop_order` SET `sid`='0',`oid`='20170513142010-254',`djqid`='0',`totalprice`='680',`totalnum`='1',`payprice`='680',`paytype`='wxpay',`paytime`='1494656416',`aliaccount`=NULL,`yf`='0',`ispay`='1',`vipid`='3869',`vipopenid`='omV0nwn1XzXT0-UPCPECz_49B10k',`vipname`='罗琴',`vipmobile`='15182889305',`vipaddress`='四川省达州市渠县龙凤紫凤村六组',`vipxqname`=NULL,`vipxqid`=NULL,`msg`='发申通快递或者邮政',`kfmsg`=NULL,`ctime`='1494656410',`ntime`=NULL,`dtime`=NULL,`etime`=NULL,`changetime`=NULL,`changemsg`=NULL,`changeadmin`=NULL,`closetime`=NULL,`closemsg`=NULL,`closeadmin`=NULL,`tuihuoprice`=NULL,`tuihuosqtime`='0',`tuihuotime`=NULL,`tuihuokd`=NULL,`tuihuokdnum`=NULL,`tuihuomsg`=NULL,`tuihuoadmin`=NULL,`status`='2',`fahuokd`=NULL,`fahuokdnum`=NULL,`items`='a:1:{i:0;a:12:{s:2:\"id\";s:4:\"1001\";s:3:\"sid\";s:1:\"0\";s:5:\"vipid\";s:4:\"3869\";s:7:\"goodsid\";s:2:\"18\";s:3:\"sku\";s:0:\"\";s:3:\"num\";s:1:\"1\";s:5:\"skuid\";i:0;s:4:\"name\";s:39:\"恒压咽鼓管吹张器（儿童型）\";s:7:\"skuattr\";N;s:5:\"price\";s:3:\"680\";s:5:\"total\";i:680;s:3:\"pic\";s:40:\"/Upload/img/2016-07-27/5798797fe244b.jpg\";}}',`fxsid`='700' WHERE `id` = 254 [ RunTime:0.0004s ]
SQL: SHOW COLUMNS FROM `yk_shop_goods` [ RunTime:0.0007s ]
SQL: SHOW COLUMNS FROM `yk_shop_goods_sku` [ RunTime:0.0004s ]
SQL: SHOW COLUMNS FROM `yk_shop_syslog_sells` [ RunTime:0.0005s ]
SQL: UPDATE `yk_shop_goods` SET `num`=num-1 WHERE ( id=18 ) [ RunTime:0.0002s ]
SQL: UPDATE `yk_shop_goods` SET `sells`=sells+1 WHERE ( id=18 ) [ RunTime:0.0001s ]
SQL: UPDATE `yk_shop_goods` SET `dissells`=dissells+1 WHERE ( id=18 ) [ RunTime:0.0001s ]
SQL: INSERT INTO `yk_shop_syslog_sells` (`oid`,`vipid`,`vipopenid`,`vipname`,`ctime`,`num`,`goodsid`,`goodsname`,`skuid`,`skuattr`,`price`,`total`) VALUES ('254','3869','omV0nwn1XzXT0-UPCPECz_49B10k','罗琴','1494656416','1','18','恒压咽鼓管吹张器（儿童型）','0','0','680','680') [ RunTime:0.0258s ]
SQL: SHOW COLUMNS FROM `yk_shop_order_log` [ RunTime:0.0007s ]
SQL: SHOW COLUMNS FROM `yk_shop_order_syslog` [ RunTime:0.0003s ]
SQL: INSERT INTO `yk_shop_order_log` (`oid`,`msg`,`ctime`) VALUES ('254','微信付款成功','1494656416') [ RunTime:0.0357s ]
SQL: SELECT * FROM `yk_shop_order` WHERE `oid` = '20170513142010-254' LIMIT 1   [ RunTime:0.0005s ]
SQL: INSERT INTO `yk_shop_order_syslog` (`oid`,`msg`,`ctime`,`type`,`paytype`) VALUES ('254','微信付款成功','1494656416','2','wxpay') [ RunTime:0.0001s ]
SQL: SHOW COLUMNS FROM `yk_vip` [ RunTime:0.0011s ]
SQL: SELECT * FROM `yk_vip` WHERE ( id=3869 ) LIMIT 1   [ RunTime:0.0002s ]
SQL: SELECT * FROM `yk_vip` WHERE ( id=700 ) LIMIT 1   [ RunTime:0.0002s ]
SQL: SELECT * FROM `yk_vip` WHERE ( id=700 ) LIMIT 1   [ RunTime:0.0002s ]
SQL: SELECT * FROM `yk_vip` WHERE `id` = 700 AND `is_system` = 1 LIMIT 1   [ RunTime:0.0002s ]
SQL: SELECT * FROM `yk_vip` WHERE `id` = 700 AND `is_system` = 1 LIMIT 1   [ RunTime:0.0002s ]
SQL: SHOW COLUMNS FROM `yk_sms` [ RunTime:0.0004s ]
SQL: SELECT * FROM `yk_sms` LIMIT 1   [ RunTime:0.0360s ]
SQL: SELECT * FROM `yk_sms` LIMIT 1   [ RunTime:0.0003s ]
SQL: SELECT * FROM `yk_vip` WHERE ( id=3869 ) LIMIT 1   [ RunTime:0.0004s ]
SQL: SHOW COLUMNS FROM `yk_vip` [ RunTime:0.0013s ]
SQL: SELECT * FROM `yk_vip` WHERE ( id=3869 ) LIMIT 1   [ RunTime:0.0002s ]
SQL: SHOW COLUMNS FROM `yk_fx_dslog` [ RunTime:0.0005s ]
SQL: SELECT * FROM `yk_shop_set` LIMIT 1   [ RunTime:0.0001s ]
SQL: SELECT * FROM `yk_vip` WHERE ( id=700 ) LIMIT 1   [ RunTime:0.0002s ]
SQL: SELECT * FROM `yk_shop_order` WHERE `id` IN ('254')  [ RunTime:0.0002s ]
SQL: SELECT * FROM `yk_shop_goods`  [ RunTime:0.0002s ]
SQL: INSERT INTO `yk_fx_dslog` (`oid`,`fxprice`,`ctime`,`fxyj`,`from`,`fromname`,`to`,`toname`,`status`) VALUES ('254','680','1494656416','156.4','3869','Fugui','700','苏述平','1') [ RunTime:0.0186s ]
SQL: SHOW COLUMNS FROM `yk_wx_template` [ RunTime:0.0004s ]
SQL: SELECT * FROM `yk_wx_template` WHERE `templateidshort` = 'OPENTM200444326' LIMIT 1   [ RunTime:0.0015s ]
INFO: [ app_end ] --START--
INFO: Run Behavior\ShowPageTraceBehavior [ RunTime:0.000592s ]
INFO: [ app_end ] --END-- [ RunTime:0.000672s ]

[ 2017-05-13T14:20:20+08:00 ] 58.247.206.150 /Home/Wx/index/token/gzyikang2016?signature=1e0e9c5f060fd358b9509c307470c2aa6c2d014f&timestamp=1494656419&nonce=1385935423&openid=omV0nwn1XzXT0-UPCPECz_49B10k
INFO: [ app_init ] --START--
INFO: Run Behavior\BuildLiteBehavior [ RunTime:0.000013s ]
INFO: [ app_init ] --END-- [ RunTime:0.000266s ]
INFO: [ app_begin ] --START--
INFO: Run Behavior\ReadHtmlCacheBehavior [ RunTime:0.000363s ]
INFO: [ app_begin ] --END-- [ RunTime:0.000402s ]
SQL: SHOW COLUMNS FROM `yk_shop_set` [ RunTime:0.0010s ]
SQL: SELECT * FROM `yk_shop_set` LIMIT 1   [ RunTime:0.0002s ]
SQL: SHOW COLUMNS FROM `yk_set` [ RunTime:0.0005s ]
SQL: SELECT * FROM `yk_set` LIMIT 1   [ RunTime:0.0001s ]
SQL: SHOW COLUMNS FROM `yk_vip` [ RunTime:0.0010s ]
SQL: SHOW COLUMNS FROM `yk_vip_message` [ RunTime:0.0004s ]
SQL: SHOW COLUMNS FROM `yk_vip_log_sub` [ RunTime:0.0004s ]
SQL: SHOW COLUMNS FROM `yk_employee` [ RunTime:0.0005s ]
SQL: SHOW COLUMNS FROM `yk_vip_set` [ RunTime:0.0006s ]
SQL: SELECT * FROM `yk_vip_set` LIMIT 1   [ RunTime:0.0001s ]
SQL: SELECT * FROM `yk_vip` WHERE `openid` = 'omV0nwn1XzXT0-UPCPECz_49B10k' LIMIT 1   [ RunTime:0.0030s ]
SQL: UPDATE `yk_vip` SET `subscribe`='1' WHERE `openid` = 'omV0nwn1XzXT0-UPCPECz_49B10k' [ RunTime:0.0051s ]
SQL: SELECT * FROM `yk_vip` WHERE ( id=700 ) LIMIT 1   [ RunTime:0.0002s ]
SQL: INSERT INTO `yk_vip_log_sub` (`ppid`,`from`,`fromname`,`to`,`toname`,`issub`,`ctime`) VALUES ('700','3869','Fugui','700','苏述平','1','1494656420') [ RunTime:0.0002s ]
SQL: UPDATE `yk_vip` SET `total_xxsub`=total_xxsub+1 WHERE ( id=700 ) [ RunTime:0.0001s ]
SQL: SHOW COLUMNS FROM `yk_upload_img` [ RunTime:0.0004s ]
SQL: SELECT * FROM `yk_upload_img` WHERE `id` = 167 LIMIT 1   [ RunTime:0.0001s ]
INFO: [ app_end ] --START--
INFO: Run Behavior\ShowPageTraceBehavior [ RunTime:0.000390s ]
INFO: [ app_end ] --END-- [ RunTime:0.000431s ]

[ 2017-05-13T14:20:20+08:00 ] 58.247.206.155 /Home/Wx/index/token/gzyikang2016?signature=81b8bdc13d5b0bb57b8c8180d776bbc3213dbccc&timestamp=1494656420&nonce=1889182979&openid=omV0nwqIu3Zl9TX6t6X_FBqR9QpQ
INFO: [ app_init ] --START--
INFO: Run Behavior\BuildLiteBehavior [ RunTime:0.000012s ]
INFO: [ app_init ] --END-- [ RunTime:0.000276s ]
INFO: [ app_begin ] --START--
INFO: Run Behavior\ReadHtmlCacheBehavior [ RunTime:0.000383s ]
INFO: [ app_begin ] --END-- [ RunTime:0.001246s ]
SQL: SHOW COLUMNS FROM `yk_shop_set` [ RunTime:0.0010s ]
SQL: SELECT * FROM `yk_shop_set` LIMIT 1   [ RunTime:0.0027s ]
SQL: SHOW COLUMNS FROM `yk_set` [ RunTime:0.0004s ]
SQL: SELECT * FROM `yk_set` LIMIT 1   [ RunTime:0.0001s ]
SQL: SHOW COLUMNS FROM `yk_vip` [ RunTime:0.0043s ]
SQL: SHOW COLUMNS FROM `yk_vip_message` [ RunTime:0.0022s ]
SQL: SHOW COLUMNS FROM `yk_vip_log_sub` [ RunTime:0.0004s ]
SQL: SHOW COLUMNS FROM `yk_employee` [ RunTime:0.0032s ]
SQL: SHOW COLUMNS FROM `yk_vip_set` [ RunTime:0.0006s ]
SQL: SELECT * FROM `yk_vip_set` LIMIT 1   [ RunTime:0.0001s ]
INFO: [ app_end ] --START--
INFO: Run Behavior\ShowPageTraceBehavior [ RunTime:0.000395s ]
INFO: [ app_end ] --END-- [ RunTime:0.000438s ]

[ 2017-05-13T14:20:20+08:00 ] 180.153.214.197 /Home/Wxpay/pay/oid/20170513142010-254
INFO: [ app_init ] --START--
INFO: Run Behavior\BuildLiteBehavior [ RunTime:0.000018s ]
INFO: [ app_init ] --END-- [ RunTime:0.000317s ]
INFO: [ app_begin ] --START--
INFO: Run Behavior\ReadHtmlCacheBehavior [ RunTime:0.004412s ]
INFO: [ app_begin ] --END-- [ RunTime:0.004457s ]
SQL: SHOW COLUMNS FROM `yk_set` [ RunTime:0.0005s ]
SQL: SELECT * FROM `yk_set` LIMIT 1   [ RunTime:0.0002s ]
SQL: SHOW COLUMNS FROM `yk_shop_set` [ RunTime:0.0020s ]
SQL: SELECT * FROM `yk_shop_set` LIMIT 1   [ RunTime:0.0001s ]
INFO: [ view_parse ] --START--
INFO: [ template_filter ] --START--
INFO: Run Behavior\ContentReplaceBehavior [ RunTime:0.000040s ]
INFO: [ template_filter ] --END-- [ RunTime:0.000084s ]
INFO: Run Behavior\ParseTemplateBehavior [ RunTime:0.010604s ]
INFO: [ view_parse ] --END-- [ RunTime:0.010650s ]
INFO: [ view_filter ] --START--
INFO: Run Behavior\WriteHtmlCacheBehavior [ RunTime:0.000122s ]
INFO: [ view_filter ] --END-- [ RunTime:0.000156s ]

[ 2017-05-13T14:21:32+08:00 ] 58.247.206.140 /Home/Wx/index/token/gzyikang2016?signature=5d8f43fa9918a4ed85dfa833ddb9554f423efbc4&timestamp=1494656492&nonce=109625814&openid=omV0nwn1XzXT0-UPCPECz_49B10k
INFO: [ app_init ] --START--
INFO: Run Behavior\BuildLiteBehavior [ RunTime:0.000013s ]
INFO: [ app_init ] --END-- [ RunTime:0.000284s ]
INFO: [ app_begin ] --START--
INFO: Run Behavior\ReadHtmlCacheBehavior [ RunTime:0.000316s ]
INFO: [ app_begin ] --END-- [ RunTime:0.000354s ]
SQL: SHOW COLUMNS FROM `yk_shop_set` [ RunTime:0.0010s ]
SQL: SELECT * FROM `yk_shop_set` LIMIT 1   [ RunTime:0.0002s ]
SQL: SHOW COLUMNS FROM `yk_set` [ RunTime:0.0005s ]
SQL: SELECT * FROM `yk_set` LIMIT 1   [ RunTime:0.0001s ]
SQL: SHOW COLUMNS FROM `yk_vip` [ RunTime:0.0011s ]
SQL: SHOW COLUMNS FROM `yk_vip_message` [ RunTime:0.0004s ]
SQL: SHOW COLUMNS FROM `yk_vip_log_sub` [ RunTime:0.0004s ]
SQL: SHOW COLUMNS FROM `yk_employee` [ RunTime:0.0004s ]
SQL: SHOW COLUMNS FROM `yk_vip_set` [ RunTime:0.0006s ]
SQL: SELECT * FROM `yk_vip_set` LIMIT 1   [ RunTime:0.0001s ]
INFO: [ app_end ] --START--
INFO: Run Behavior\ShowPageTraceBehavior [ RunTime:0.000406s ]
INFO: [ app_end ] --END-- [ RunTime:0.000449s ]

[ 2017-05-13T14:21:45+08:00 ] 58.247.206.140 /Home/Wx/index/token/gzyikang2016?signature=57cbd21576e91e643add4d9d03bf60209feb7427&timestamp=1494656505&nonce=1084178984&openid=omV0nwn1XzXT0-UPCPECz_49B10k
INFO: [ app_init ] --START--
INFO: Run Behavior\BuildLiteBehavior [ RunTime:0.000014s ]
INFO: [ app_init ] --END-- [ RunTime:0.000273s ]
INFO: [ app_begin ] --START--
INFO: Run Behavior\ReadHtmlCacheBehavior [ RunTime:0.000334s ]
INFO: [ app_begin ] --END-- [ RunTime:0.000372s ]
SQL: SHOW COLUMNS FROM `yk_shop_set` [ RunTime:0.0012s ]
SQL: SELECT * FROM `yk_shop_set` LIMIT 1   [ RunTime:0.0003s ]
SQL: SHOW COLUMNS FROM `yk_set` [ RunTime:0.0005s ]
SQL: SELECT * FROM `yk_set` LIMIT 1   [ RunTime:0.0002s ]
SQL: SHOW COLUMNS FROM `yk_vip` [ RunTime:0.0013s ]
SQL: SHOW COLUMNS FROM `yk_vip_message` [ RunTime:0.0005s ]
SQL: SHOW COLUMNS FROM `yk_vip_log_sub` [ RunTime:0.0004s ]
SQL: SHOW COLUMNS FROM `yk_employee` [ RunTime:0.0004s ]
SQL: SHOW COLUMNS FROM `yk_vip_set` [ RunTime:0.0006s ]
SQL: SELECT * FROM `yk_vip_set` LIMIT 1   [ RunTime:0.0002s ]
SQL: SELECT * FROM `yk_vip` WHERE `openid` = 'omV0nwn1XzXT0-UPCPECz_49B10k' LIMIT 1   [ RunTime:0.0030s ]
SQL: UPDATE `yk_vip` SET `pid`='700',`plv`='2',`path`='0-700',`mobile`=NULL,`password`=NULL,`name`=NULL,`email`=NULL,`money`='0.00',`score`='100',`exp`='20',`cur_exp`='20',`levelid`='1',`openid`='omV0nwn1XzXT0-UPCPECz_49B10k',`nickname`='Fugui',`sex`='1',`city`='Shenzhen',`province`='Guangdong',`country`='CN',`language`='zh_CN',`headimgurl`='http://wx.qlogo.cn/mmopen/ibicIPFsHMAkxHBqNvjhLUDqOTJWRMM3XnXcFRlBItzE4X2JAChKfX7hp160QcAfffBKfXw0b42HnGqfZbVunCdDprNUzN59Oc/0',`subscribe`='1',`subscribe_time`=NULL,`remark`=NULL,`status`='1',`ctime`='1494640226',`cctime`='1494656505',`sign`='0',`signtime`=NULL,`isfx`='0',`isfxgd`='0',`total_buy`='0',`total_yj`='0',`total_xxyj`='0',`total_xxlink`='1',`total_xxsub`='0',`total_xxunsub`='0',`total_xxbuy`='0',`txname`=NULL,`txmobile`=NULL,`txyh`=NULL,`txfh`=NULL,`txszd`=NULL,`txcard`=NULL,`employee`='12',`ticket`=NULL,`continue_sign`='0',`is_system`='0' WHERE `id` = 3869 [ RunTime:0.0004s ]
SQL: SHOW COLUMNS FROM `yk_wx_keyword` [ RunTime:0.0005s ]
SQL: SELECT * FROM `yk_wx_keyword` WHERE `keyword` = '收到订单了吗' LIMIT 1   [ RunTime:0.0001s ]
INFO: [ app_end ] --START--
INFO: Run Behavior\ShowPageTraceBehavior [ RunTime:0.000422s ]
INFO: [ app_end ] --END-- [ RunTime:0.000464s ]

[ 2017-05-13T14:22:26+08:00 ] 183.232.118.15 /Home/Wxpay/pay/oid/20170513142225-255
INFO: [ app_init ] --START--
INFO: Run Behavior\BuildLiteBehavior [ RunTime:0.000015s ]
INFO: [ app_init ] --END-- [ RunTime:0.000279s ]
INFO: [ app_begin ] --START--
INFO: Run Behavior\ReadHtmlCacheBehavior [ RunTime:0.000356s ]
INFO: [ app_begin ] --END-- [ RunTime:0.000393s ]
SQL: SHOW COLUMNS FROM `yk_set` [ RunTime:0.0007s ]
SQL: SELECT * FROM `yk_set` LIMIT 1   [ RunTime:0.0001s ]
SQL: SHOW COLUMNS FROM `yk_shop_set` [ RunTime:0.0007s ]
SQL: SELECT * FROM `yk_shop_set` LIMIT 1   [ RunTime:0.0001s ]
SQL: SHOW COLUMNS FROM `yk_shop_order` [ RunTime:0.0009s ]
SQL: SELECT * FROM `yk_shop_order` WHERE `oid` = '20170513142225-255' LIMIT 1   [ RunTime:0.0005s ]
INFO: [ app_end ] --START--
INFO: Run Behavior\ShowPageTraceBehavior [ RunTime:0.000578s ]
INFO: [ app_end ] --END-- [ RunTime:0.000637s ]

[ 2017-05-13T14:22:35+08:00 ] 140.207.54.76 /Home/Wxpay/nd/
INFO: [ app_init ] --START--
INFO: Run Behavior\BuildLiteBehavior [ RunTime:0.000013s ]
INFO: [ app_init ] --END-- [ RunTime:0.000259s ]
INFO: [ app_begin ] --START--
INFO: Run Behavior\ReadHtmlCacheBehavior [ RunTime:0.000317s ]
INFO: [ app_begin ] --END-- [ RunTime:0.000356s ]
SQL: SHOW COLUMNS FROM `yk_set` [ RunTime:0.0007s ]
SQL: SELECT * FROM `yk_set` LIMIT 1   [ RunTime:0.0001s ]
SQL: SHOW COLUMNS FROM `yk_shop_set` [ RunTime:0.0007s ]
SQL: SELECT * FROM `yk_shop_set` LIMIT 1   [ RunTime:0.0002s ]
SQL: SHOW COLUMNS FROM `yk_set` [ RunTime:0.0004s ]
SQL: SELECT * FROM `yk_set` LIMIT 1   [ RunTime:0.0001s ]
SQL: SHOW COLUMNS FROM `yk_shop_order` [ RunTime:0.0009s ]
SQL: SELECT * FROM `yk_shop_order` WHERE `oid` = '20170513142225-255' LIMIT 1   [ RunTime:0.0005s ]
SQL: UPDATE `yk_shop_order` SET `sid`='0',`oid`='20170513142225-255',`djqid`='0',`totalprice`='680',`totalnum`='1',`payprice`='680',`paytype`='wxpay',`paytime`='1494656555',`aliaccount`=NULL,`yf`='0',`ispay`='1',`vipid`='3872',`vipopenid`='omV0nwqIu3Zl9TX6t6X_FBqR9QpQ',`vipname`='梁锋',`vipmobile`='18983042978',`vipaddress`='重庆市巴南区东温泉镇红橙街68号',`vipxqname`=NULL,`vipxqid`=NULL,`msg`='发邮政',`kfmsg`=NULL,`ctime`='1494656545',`ntime`=NULL,`dtime`=NULL,`etime`=NULL,`changetime`=NULL,`changemsg`=NULL,`changeadmin`=NULL,`closetime`=NULL,`closemsg`=NULL,`closeadmin`=NULL,`tuihuoprice`=NULL,`tuihuosqtime`='0',`tuihuotime`=NULL,`tuihuokd`=NULL,`tuihuokdnum`=NULL,`tuihuomsg`=NULL,`tuihuoadmin`=NULL,`status`='2',`fahuokd`=NULL,`fahuokdnum`=NULL,`items`='a:1:{i:0;a:12:{s:2:\"id\";s:4:\"1000\";s:3:\"sid\";s:1:\"0\";s:5:\"vipid\";s:4:\"3872\";s:7:\"goodsid\";s:2:\"18\";s:3:\"sku\";s:0:\"\";s:3:\"num\";s:1:\"1\";s:5:\"skuid\";i:0;s:4:\"name\";s:39:\"恒压咽鼓管吹张器（儿童型）\";s:7:\"skuattr\";N;s:5:\"price\";s:3:\"680\";s:5:\"total\";i:680;s:3:\"pic\";s:40:\"/Upload/img/2016-07-27/5798797fe244b.jpg\";}}',`fxsid`='700' WHERE `id` = 255 [ RunTime:0.0003s ]
SQL: SHOW COLUMNS FROM `yk_shop_goods` [ RunTime:0.0006s ]
SQL: SHOW COLUMNS FROM `yk_shop_goods_sku` [ RunTime:0.0004s ]
SQL: SHOW COLUMNS FROM `yk_shop_syslog_sells` [ RunTime:0.0004s ]
SQL: UPDATE `yk_shop_goods` SET `num`=num-1 WHERE ( id=18 ) [ RunTime:0.0002s ]
SQL: UPDATE `yk_shop_goods` SET `sells`=sells+1 WHERE ( id=18 ) [ RunTime:0.0001s ]
SQL: UPDATE `yk_shop_goods` SET `dissells`=dissells+1 WHERE ( id=18 ) [ RunTime:0.0001s ]
SQL: INSERT INTO `yk_shop_syslog_sells` (`oid`,`vipid`,`vipopenid`,`vipname`,`ctime`,`num`,`goodsid`,`goodsname`,`skuid`,`skuattr`,`price`,`total`) VALUES ('255','3872','omV0nwqIu3Zl9TX6t6X_FBqR9QpQ','梁锋','1494656555','1','18','恒压咽鼓管吹张器（儿童型）','0','0','680','680') [ RunTime:0.0002s ]
SQL: SHOW COLUMNS FROM `yk_shop_order_log` [ RunTime:0.0003s ]
SQL: SHOW COLUMNS FROM `yk_shop_order_syslog` [ RunTime:0.0003s ]
SQL: INSERT INTO `yk_shop_order_log` (`oid`,`msg`,`ctime`) VALUES ('255','微信付款成功','1494656555') [ RunTime:0.0001s ]
SQL: SELECT * FROM `yk_shop_order` WHERE `oid` = '20170513142225-255' LIMIT 1   [ RunTime:0.0004s ]
SQL: INSERT INTO `yk_shop_order_syslog` (`oid`,`msg`,`ctime`,`type`,`paytype`) VALUES ('255','微信付款成功','1494656555','2','wxpay') [ RunTime:0.0001s ]
SQL: SHOW COLUMNS FROM `yk_vip` [ RunTime:0.0009s ]
SQL: SELECT * FROM `yk_vip` WHERE ( id=3872 ) LIMIT 1   [ RunTime:0.0002s ]
SQL: SELECT * FROM `yk_vip` WHERE ( id=700 ) LIMIT 1   [ RunTime:0.0002s ]
SQL: SELECT * FROM `yk_vip` WHERE ( id=700 ) LIMIT 1   [ RunTime:0.0002s ]
SQL: SELECT * FROM `yk_vip` WHERE `id` = 700 AND `is_system` = 1 LIMIT 1   [ RunTime:0.0002s ]
SQL: SELECT * FROM `yk_vip` WHERE `id` = 700 AND `is_system` = 1 LIMIT 1   [ RunTime:0.0002s ]
SQL: SHOW COLUMNS FROM `yk_sms` [ RunTime:0.0003s ]
SQL: SELECT * FROM `yk_sms` LIMIT 1   [ RunTime:0.0001s ]
SQL: SELECT * FROM `yk_sms` LIMIT 1   [ RunTime:0.0003s ]
SQL: SELECT * FROM `yk_vip` WHERE ( id=3872 ) LIMIT 1   [ RunTime:0.0004s ]
SQL: SHOW COLUMNS FROM `yk_vip` [ RunTime:0.0013s ]
SQL: SELECT * FROM `yk_vip` WHERE ( id=3872 ) LIMIT 1   [ RunTime:0.0002s ]
SQL: SHOW COLUMNS FROM `yk_fx_dslog` [ RunTime:0.0004s ]
SQL: SELECT * FROM `yk_shop_set` LIMIT 1   [ RunTime:0.0002s ]
SQL: SELECT * FROM `yk_vip` WHERE ( id=700 ) LIMIT 1   [ RunTime:0.0002s ]
SQL: SELECT * FROM `yk_shop_order` WHERE `id` IN ('255')  [ RunTime:0.0002s ]
SQL: SELECT * FROM `yk_shop_goods`  [ RunTime:0.0002s ]
SQL: INSERT INTO `yk_fx_dslog` (`oid`,`fxprice`,`ctime`,`fxyj`,`from`,`fromname`,`to`,`toname`,`status`) VALUES ('255','680','1494656555','156.4','3872','香烟有毒','700','苏述平','1') [ RunTime:0.0002s ]
SQL: SHOW COLUMNS FROM `yk_wx_template` [ RunTime:0.0003s ]
SQL: SELECT * FROM `yk_wx_template` WHERE `templateidshort` = 'OPENTM200444326' LIMIT 1   [ RunTime:0.0001s ]
INFO: [ app_end ] --START--
INFO: Run Behavior\ShowPageTraceBehavior [ RunTime:0.000557s ]
INFO: [ app_end ] --END-- [ RunTime:0.000636s ]

[ 2017-05-13T14:22:35+08:00 ] 58.247.206.140 /Home/Wx/index/token/gzyikang2016?signature=b6e327ee631b274b6471ce7d35432ea15289f584&timestamp=1494656555&nonce=2058252505&openid=omV0nwqIu3Zl9TX6t6X_FBqR9QpQ
INFO: [ app_init ] --START--
INFO: Run Behavior\BuildLiteBehavior [ RunTime:0.000011s ]
INFO: [ app_init ] --END-- [ RunTime:0.000262s ]
INFO: [ app_begin ] --START--
INFO: Run Behavior\ReadHtmlCacheBehavior [ RunTime:0.000322s ]
INFO: [ app_begin ] --END-- [ RunTime:0.000371s ]
SQL: SHOW COLUMNS FROM `yk_shop_set` [ RunTime:0.0010s ]
SQL: SELECT * FROM `yk_shop_set` LIMIT 1   [ RunTime:0.0002s ]
SQL: SHOW COLUMNS FROM `yk_set` [ RunTime:0.0004s ]
SQL: SELECT * FROM `yk_set` LIMIT 1   [ RunTime:0.0001s ]
SQL: SHOW COLUMNS FROM `yk_vip` [ RunTime:0.0014s ]
SQL: SHOW COLUMNS FROM `yk_vip_message` [ RunTime:0.0003s ]
SQL: SHOW COLUMNS FROM `yk_vip_log_sub` [ RunTime:0.0004s ]
SQL: SHOW COLUMNS FROM `yk_employee` [ RunTime:0.0004s ]
SQL: SHOW COLUMNS FROM `yk_vip_set` [ RunTime:0.0006s ]
SQL: SELECT * FROM `yk_vip_set` LIMIT 1   [ RunTime:0.0001s ]
INFO: [ app_end ] --START--
INFO: Run Behavior\ShowPageTraceBehavior [ RunTime:0.000384s ]
INFO: [ app_end ] --END-- [ RunTime:0.000426s ]

[ 2017-05-13T14:22:36+08:00 ] 180.153.205.253 /Home/Wxpay/pay/oid/20170513142225-255
INFO: [ app_init ] --START--
INFO: Run Behavior\BuildLiteBehavior [ RunTime:0.000014s ]
INFO: [ app_init ] --END-- [ RunTime:0.000272s ]
INFO: [ app_begin ] --START--
INFO: Run Behavior\ReadHtmlCacheBehavior [ RunTime:0.000332s ]
INFO: [ app_begin ] --END-- [ RunTime:0.000371s ]
SQL: SHOW COLUMNS FROM `yk_set` [ RunTime:0.0008s ]
SQL: SELECT * FROM `yk_set` LIMIT 1   [ RunTime:0.0001s ]
SQL: SHOW COLUMNS FROM `yk_shop_set` [ RunTime:0.0007s ]
SQL: SELECT * FROM `yk_shop_set` LIMIT 1   [ RunTime:0.0002s ]
INFO: [ view_parse ] --START--
INFO: [ template_filter ] --START--
INFO: Run Behavior\ContentReplaceBehavior [ RunTime:0.000039s ]
INFO: [ template_filter ] --END-- [ RunTime:0.000076s ]
INFO: Run Behavior\ParseTemplateBehavior [ RunTime:0.004310s ]
INFO: [ view_parse ] --END-- [ RunTime:0.004349s ]
INFO: [ view_filter ] --START--
INFO: Run Behavior\WriteHtmlCacheBehavior [ RunTime:0.000117s ]
INFO: [ view_filter ] --END-- [ RunTime:0.000149s ]

[ 2017-05-13T14:22:53+08:00 ] 58.247.206.156 /Home/Wx/index/token/gzyikang2016?signature=a69cb8fe8aaf2e1e652143904324769a1f256a96&timestamp=1494656573&nonce=1205910610&openid=omV0nwn1XzXT0-UPCPECz_49B10k
INFO: [ app_init ] --START--
INFO: Run Behavior\BuildLiteBehavior [ RunTime:0.000013s ]
INFO: [ app_init ] --END-- [ RunTime:0.000261s ]
INFO: [ app_begin ] --START--
INFO: Run Behavior\ReadHtmlCacheBehavior [ RunTime:0.000340s ]
INFO: [ app_begin ] --END-- [ RunTime:0.000378s ]
SQL: SHOW COLUMNS FROM `yk_shop_set` [ RunTime:0.0009s ]
SQL: SELECT * FROM `yk_shop_set` LIMIT 1   [ RunTime:0.0002s ]
SQL: SHOW COLUMNS FROM `yk_set` [ RunTime:0.0005s ]
SQL: SELECT * FROM `yk_set` LIMIT 1   [ RunTime:0.0001s ]
SQL: SHOW COLUMNS FROM `yk_vip` [ RunTime:0.0010s ]
SQL: SHOW COLUMNS FROM `yk_vip_message` [ RunTime:0.0003s ]
SQL: SHOW COLUMNS FROM `yk_vip_log_sub` [ RunTime:0.0004s ]
SQL: SHOW COLUMNS FROM `yk_employee` [ RunTime:0.0004s ]
SQL: SHOW COLUMNS FROM `yk_vip_set` [ RunTime:0.0006s ]
SQL: SELECT * FROM `yk_vip_set` LIMIT 1   [ RunTime:0.0001s ]
INFO: [ app_end ] --START--
INFO: Run Behavior\ShowPageTraceBehavior [ RunTime:0.000373s ]
INFO: [ app_end ] --END-- [ RunTime:0.000416s ]

