[ 2017-09-29T07:11:42+08:00 ] 140.207.54.75 /Home/Wx/index/token/gzyikang2016?signature=76665d295d1f94774ee08427207bf18e78b0bbe9&timestamp=1506640302&nonce=1298558018&openid=omV0nwlKyQIMkU4WKtp_EpCjXxok
INFO: [ app_init ] --START--
INFO: Run Behavior\BuildLiteBehavior [ RunTime:0.000012s ]
INFO: [ app_init ] --END-- [ RunTime:0.000259s ]
INFO: [ app_begin ] --START--
INFO: Run Behavior\ReadHtmlCacheBehavior [ RunTime:0.000324s ]
INFO: [ app_begin ] --END-- [ RunTime:0.000363s ]
SQL: SHOW COLUMNS FROM `yk_shop_set` [ RunTime:0.0010s ]
SQL: SELECT * FROM `yk_shop_set` LIMIT 1   [ RunTime:0.0002s ]
SQL: SHOW COLUMNS FROM `yk_set` [ RunTime:0.0005s ]
SQL: SELECT * FROM `yk_set` LIMIT 1   [ RunTime:0.0001s ]
SQL: SHOW COLUMNS FROM `yk_vip` [ RunTime:0.0011s ]
SQL: SHOW COLUMNS FROM `yk_vip_message` [ RunTime:0.0004s ]
SQL: SHOW COLUMNS FROM `yk_vip_log_sub` [ RunTime:0.0005s ]
SQL: SHOW COLUMNS FROM `yk_employee` [ RunTime:0.0006s ]
SQL: SHOW COLUMNS FROM `yk_vip_set` [ RunTime:0.0007s ]
SQL: SELECT * FROM `yk_vip_set` LIMIT 1   [ RunTime:0.0002s ]
INFO: [ app_end ] --START--
INFO: Run Behavior\ShowPageTraceBehavior [ RunTime:0.000430s ]
INFO: [ app_end ] --END-- [ RunTime:0.000476s ]

[ 2017-09-29T07:12:26+08:00 ] 140.207.54.75 /Home/Wx/index/token/gzyikang2016?signature=1672438bcff072d60660877c33695127dd9dc2fd&timestamp=1506640346&nonce=1470397590&openid=omV0nwlKyQIMkU4WKtp_EpCjXxok
INFO: [ app_init ] --START--
INFO: Run Behavior\BuildLiteBehavior [ RunTime:0.000012s ]
INFO: [ app_init ] --END-- [ RunTime:0.000258s ]
INFO: [ app_begin ] --START--
INFO: Run Behavior\ReadHtmlCacheBehavior [ RunTime:0.000325s ]
INFO: [ app_begin ] --END-- [ RunTime:0.000365s ]
SQL: SHOW COLUMNS FROM `yk_shop_set` [ RunTime:0.0010s ]
SQL: SELECT * FROM `yk_shop_set` LIMIT 1   [ RunTime:0.0002s ]
SQL: SHOW COLUMNS FROM `yk_set` [ RunTime:0.0005s ]
SQL: SELECT * FROM `yk_set` LIMIT 1   [ RunTime:0.0001s ]
SQL: SHOW COLUMNS FROM `yk_vip` [ RunTime:0.0010s ]
SQL: SHOW COLUMNS FROM `yk_vip_message` [ RunTime:0.0004s ]
SQL: SHOW COLUMNS FROM `yk_vip_log_sub` [ RunTime:0.0004s ]
SQL: SHOW COLUMNS FROM `yk_employee` [ RunTime:0.0005s ]
SQL: SHOW COLUMNS FROM `yk_vip_set` [ RunTime:0.0006s ]
SQL: SELECT * FROM `yk_vip_set` LIMIT 1   [ RunTime:0.0001s ]
INFO: [ app_end ] --START--
INFO: Run Behavior\ShowPageTraceBehavior [ RunTime:0.000380s ]
INFO: [ app_end ] --END-- [ RunTime:0.000420s ]

[ 2017-09-29T09:41:31+08:00 ] 140.207.54.75 /Home/Wx/index/token/gzyikang2016?signature=a351eaff161129b7ea882ffd27b92ebb9106c7ee&timestamp=1506649290&nonce=456824661&openid=omV0nwlqxMACrsuV9Wj2sQrbsM7c
INFO: [ app_init ] --START--
INFO: Run Behavior\BuildLiteBehavior [ RunTime:0.000012s ]
INFO: [ app_init ] --END-- [ RunTime:0.000263s ]
INFO: [ app_begin ] --START--
INFO: Run Behavior\ReadHtmlCacheBehavior [ RunTime:0.000324s ]
INFO: [ app_begin ] --END-- [ RunTime:0.000364s ]
SQL: SHOW COLUMNS FROM `yk_shop_set` [ RunTime:0.0010s ]
SQL: SELECT * FROM `yk_shop_set` LIMIT 1   [ RunTime:0.0002s ]
SQL: SHOW COLUMNS FROM `yk_set` [ RunTime:0.0008s ]
SQL: SELECT * FROM `yk_set` LIMIT 1   [ RunTime:0.0002s ]
SQL: SHOW COLUMNS FROM `yk_vip` [ RunTime:0.0011s ]
SQL: SHOW COLUMNS FROM `yk_vip_message` [ RunTime:0.0005s ]
SQL: SHOW COLUMNS FROM `yk_vip_log_sub` [ RunTime:0.0004s ]
SQL: SHOW COLUMNS FROM `yk_employee` [ RunTime:0.0005s ]
SQL: SHOW COLUMNS FROM `yk_vip_set` [ RunTime:0.0006s ]
SQL: SELECT * FROM `yk_vip_set` LIMIT 1   [ RunTime:0.0001s ]
SQL: SELECT * FROM `yk_vip` WHERE `openid` = 'omV0nwlqxMACrsuV9Wj2sQrbsM7c' LIMIT 1   [ RunTime:0.0003s ]
SQL: UPDATE `yk_vip` SET `subscribe`='1' WHERE `openid` = 'omV0nwlqxMACrsuV9Wj2sQrbsM7c' [ RunTime:0.0002s ]
SQL: SELECT * FROM `yk_vip` WHERE ( id=677 ) LIMIT 1   [ RunTime:0.0002s ]
SQL: INSERT INTO `yk_vip_log_sub` (`ppid`,`from`,`fromname`,`to`,`toname`,`issub`,`ctime`) VALUES ('677','8038','琴','677','','1','1506649291') [ RunTime:0.0002s ]
SQL: UPDATE `yk_vip` SET `total_xxsub`=total_xxsub+1 WHERE ( id=677 ) [ RunTime:0.0001s ]
SQL: SHOW COLUMNS FROM `yk_upload_img` [ RunTime:0.0004s ]
SQL: SELECT * FROM `yk_upload_img` WHERE `id` = 167 LIMIT 1   [ RunTime:0.0001s ]
INFO: [ app_end ] --START--
INFO: Run Behavior\ShowPageTraceBehavior [ RunTime:0.000412s ]
INFO: [ app_end ] --END-- [ RunTime:0.000454s ]

[ 2017-09-29T09:41:34+08:00 ] 140.207.54.75 /Home/Wx/index/token/gzyikang2016?signature=042d7e38f97ae8eecbac1b0bc8ae3df704491dae&timestamp=1506649294&nonce=2012622735&openid=omV0nwlqxMACrsuV9Wj2sQrbsM7c
INFO: [ app_init ] --START--
INFO: Run Behavior\BuildLiteBehavior [ RunTime:0.000012s ]
INFO: [ app_init ] --END-- [ RunTime:0.000259s ]
INFO: [ app_begin ] --START--
INFO: Run Behavior\ReadHtmlCacheBehavior [ RunTime:0.000340s ]
INFO: [ app_begin ] --END-- [ RunTime:0.000378s ]
SQL: SHOW COLUMNS FROM `yk_shop_set` [ RunTime:0.0010s ]
SQL: SELECT * FROM `yk_shop_set` LIMIT 1   [ RunTime:0.0002s ]
SQL: SHOW COLUMNS FROM `yk_set` [ RunTime:0.0004s ]
SQL: SELECT * FROM `yk_set` LIMIT 1   [ RunTime:0.0002s ]
SQL: SHOW COLUMNS FROM `yk_vip` [ RunTime:0.0010s ]
SQL: SHOW COLUMNS FROM `yk_vip_message` [ RunTime:0.0004s ]
SQL: SHOW COLUMNS FROM `yk_vip_log_sub` [ RunTime:0.0004s ]
SQL: SHOW COLUMNS FROM `yk_employee` [ RunTime:0.0004s ]
SQL: SHOW COLUMNS FROM `yk_vip_set` [ RunTime:0.0006s ]
SQL: SELECT * FROM `yk_vip_set` LIMIT 1   [ RunTime:0.0001s ]
INFO: [ app_end ] --START--
INFO: Run Behavior\ShowPageTraceBehavior [ RunTime:0.000388s ]
INFO: [ app_end ] --END-- [ RunTime:0.000430s ]

[ 2017-09-29T09:47:51+08:00 ] 140.207.54.75 /Home/Wx/index/token/gzyikang2016?signature=a6ae28e3eab7ee511a3ed237a9bbec00e4147e75&timestamp=1506649671&nonce=1593103204&openid=omV0nwlqxMACrsuV9Wj2sQrbsM7c
INFO: [ app_init ] --START--
INFO: Run Behavior\BuildLiteBehavior [ RunTime:0.000013s ]
INFO: [ app_init ] --END-- [ RunTime:0.000269s ]
INFO: [ app_begin ] --START--
INFO: Run Behavior\ReadHtmlCacheBehavior [ RunTime:0.000354s ]
INFO: [ app_begin ] --END-- [ RunTime:0.000394s ]
SQL: SHOW COLUMNS FROM `yk_shop_set` [ RunTime:0.0010s ]
SQL: SELECT * FROM `yk_shop_set` LIMIT 1   [ RunTime:0.0002s ]
SQL: SHOW COLUMNS FROM `yk_set` [ RunTime:0.0005s ]
SQL: SELECT * FROM `yk_set` LIMIT 1   [ RunTime:0.0001s ]
SQL: SHOW COLUMNS FROM `yk_vip` [ RunTime:0.0011s ]
SQL: SHOW COLUMNS FROM `yk_vip_message` [ RunTime:0.0004s ]
SQL: SHOW COLUMNS FROM `yk_vip_log_sub` [ RunTime:0.0004s ]
SQL: SHOW COLUMNS FROM `yk_employee` [ RunTime:0.0005s ]
SQL: SHOW COLUMNS FROM `yk_vip_set` [ RunTime:0.0006s ]
SQL: SELECT * FROM `yk_vip_set` LIMIT 1   [ RunTime:0.0001s ]
INFO: [ app_end ] --START--
INFO: Run Behavior\ShowPageTraceBehavior [ RunTime:0.000390s ]
INFO: [ app_end ] --END-- [ RunTime:0.000434s ]

[ 2017-09-29T09:55:55+08:00 ] 140.207.54.76 /Home/Wx/index/token/gzyikang2016?signature=c8c0d4cad26ce5f4724fe10964cc41afbe686862&timestamp=1506650155&nonce=528728277&openid=omV0nwlqxMACrsuV9Wj2sQrbsM7c
INFO: [ app_init ] --START--
INFO: Run Behavior\BuildLiteBehavior [ RunTime:0.000013s ]
INFO: [ app_init ] --END-- [ RunTime:0.000262s ]
INFO: [ app_begin ] --START--
INFO: Run Behavior\ReadHtmlCacheBehavior [ RunTime:0.000320s ]
INFO: [ app_begin ] --END-- [ RunTime:0.000360s ]
SQL: SHOW COLUMNS FROM `yk_shop_set` [ RunTime:0.0011s ]
SQL: SELECT * FROM `yk_shop_set` LIMIT 1   [ RunTime:0.0035s ]
SQL: SHOW COLUMNS FROM `yk_set` [ RunTime:0.0005s ]
SQL: SELECT * FROM `yk_set` LIMIT 1   [ RunTime:0.0001s ]
SQL: SHOW COLUMNS FROM `yk_vip` [ RunTime:0.0043s ]
SQL: SHOW COLUMNS FROM `yk_vip_message` [ RunTime:0.0004s ]
SQL: SHOW COLUMNS FROM `yk_vip_log_sub` [ RunTime:0.0005s ]
SQL: SHOW COLUMNS FROM `yk_employee` [ RunTime:0.0005s ]
SQL: SHOW COLUMNS FROM `yk_vip_set` [ RunTime:0.0007s ]
SQL: SELECT * FROM `yk_vip_set` LIMIT 1   [ RunTime:0.0001s ]
INFO: [ app_end ] --START--
INFO: Run Behavior\ShowPageTraceBehavior [ RunTime:0.000451s ]
INFO: [ app_end ] --END-- [ RunTime:0.000495s ]

[ 2017-09-29T10:40:00+08:00 ] 140.207.54.75 /Home/Wx/index/token/gzyikang2016?signature=30a7fc038f18871b0b0c4c6d43eb53b142f1c2a0&timestamp=1506652800&nonce=870263703&openid=omV0nwqZIr-mxnXC3tMe4_P2qLmk
INFO: [ app_init ] --START--
INFO: Run Behavior\BuildLiteBehavior [ RunTime:0.000013s ]
INFO: [ app_init ] --END-- [ RunTime:0.000255s ]
INFO: [ app_begin ] --START--
INFO: Run Behavior\ReadHtmlCacheBehavior [ RunTime:0.000367s ]
INFO: [ app_begin ] --END-- [ RunTime:0.000406s ]
SQL: SHOW COLUMNS FROM `yk_shop_set` [ RunTime:0.0011s ]
SQL: SELECT * FROM `yk_shop_set` LIMIT 1   [ RunTime:0.0002s ]
SQL: SHOW COLUMNS FROM `yk_set` [ RunTime:0.0005s ]
SQL: SELECT * FROM `yk_set` LIMIT 1   [ RunTime:0.0001s ]
SQL: SHOW COLUMNS FROM `yk_vip` [ RunTime:0.0011s ]
SQL: SHOW COLUMNS FROM `yk_vip_message` [ RunTime:0.0004s ]
SQL: SHOW COLUMNS FROM `yk_vip_log_sub` [ RunTime:0.0004s ]
SQL: SHOW COLUMNS FROM `yk_employee` [ RunTime:0.0005s ]
SQL: SHOW COLUMNS FROM `yk_vip_set` [ RunTime:0.0006s ]
SQL: SELECT * FROM `yk_vip_set` LIMIT 1   [ RunTime:0.0002s ]
INFO: [ app_end ] --START--
INFO: Run Behavior\ShowPageTraceBehavior [ RunTime:0.000374s ]
INFO: [ app_end ] --END-- [ RunTime:0.000416s ]

[ 2017-09-29T10:40:53+08:00 ] 140.207.54.76 /Home/Wx/index/token/gzyikang2016?signature=683c8d50cf0577094ff567ac7871f58ade6a96c9&timestamp=1506652853&nonce=619153216&openid=omV0nwqZIr-mxnXC3tMe4_P2qLmk
INFO: [ app_init ] --START--
INFO: Run Behavior\BuildLiteBehavior [ RunTime:0.000014s ]
INFO: [ app_init ] --END-- [ RunTime:0.000268s ]
INFO: [ app_begin ] --START--
INFO: Run Behavior\ReadHtmlCacheBehavior [ RunTime:0.000344s ]
INFO: [ app_begin ] --END-- [ RunTime:0.000382s ]
SQL: SHOW COLUMNS FROM `yk_shop_set` [ RunTime:0.0011s ]
SQL: SELECT * FROM `yk_shop_set` LIMIT 1   [ RunTime:0.0002s ]
SQL: SHOW COLUMNS FROM `yk_set` [ RunTime:0.0005s ]
SQL: SELECT * FROM `yk_set` LIMIT 1   [ RunTime:0.0001s ]
SQL: SHOW COLUMNS FROM `yk_vip` [ RunTime:0.0011s ]
SQL: SHOW COLUMNS FROM `yk_vip_message` [ RunTime:0.0004s ]
SQL: SHOW COLUMNS FROM `yk_vip_log_sub` [ RunTime:0.0005s ]
SQL: SHOW COLUMNS FROM `yk_employee` [ RunTime:0.0005s ]
SQL: SHOW COLUMNS FROM `yk_vip_set` [ RunTime:0.0006s ]
SQL: SELECT * FROM `yk_vip_set` LIMIT 1   [ RunTime:0.0001s ]
INFO: [ app_end ] --START--
INFO: Run Behavior\ShowPageTraceBehavior [ RunTime:0.000466s ]
INFO: [ app_end ] --END-- [ RunTime:0.000525s ]

[ 2017-09-29T10:41:57+08:00 ] 140.207.54.75 /Home/Wx/index/token/gzyikang2016?signature=f75f17bc606dac2a26c429332d6f51bf851558b4&timestamp=1506652917&nonce=2083313880&openid=omV0nwqZIr-mxnXC3tMe4_P2qLmk
INFO: [ app_init ] --START--
INFO: Run Behavior\BuildLiteBehavior [ RunTime:0.000012s ]
INFO: [ app_init ] --END-- [ RunTime:0.000289s ]
INFO: [ app_begin ] --START--
INFO: Run Behavior\ReadHtmlCacheBehavior [ RunTime:0.000588s ]
INFO: [ app_begin ] --END-- [ RunTime:0.000658s ]
SQL: SHOW COLUMNS FROM `yk_shop_set` [ RunTime:0.0010s ]
SQL: SELECT * FROM `yk_shop_set` LIMIT 1   [ RunTime:0.0002s ]
SQL: SHOW COLUMNS FROM `yk_set` [ RunTime:0.0004s ]
SQL: SELECT * FROM `yk_set` LIMIT 1   [ RunTime:0.0001s ]
SQL: SHOW COLUMNS FROM `yk_vip` [ RunTime:0.0010s ]
SQL: SHOW COLUMNS FROM `yk_vip_message` [ RunTime:0.0004s ]
SQL: SHOW COLUMNS FROM `yk_vip_log_sub` [ RunTime:0.0004s ]
SQL: SHOW COLUMNS FROM `yk_employee` [ RunTime:0.0005s ]
SQL: SHOW COLUMNS FROM `yk_vip_set` [ RunTime:0.0006s ]
SQL: SELECT * FROM `yk_vip_set` LIMIT 1   [ RunTime:0.0001s ]
INFO: [ app_end ] --START--
INFO: Run Behavior\ShowPageTraceBehavior [ RunTime:0.000404s ]
INFO: [ app_end ] --END-- [ RunTime:0.000449s ]

[ 2017-09-29T13:25:43+08:00 ] 117.136.70.10 /Home/Wxpay/pay/oid/20170929132542-139
INFO: [ app_init ] --START--
INFO: Run Behavior\BuildLiteBehavior [ RunTime:0.000011s ]
INFO: [ app_init ] --END-- [ RunTime:0.000254s ]
INFO: [ app_begin ] --START--
INFO: Run Behavior\ReadHtmlCacheBehavior [ RunTime:0.000350s ]
INFO: [ app_begin ] --END-- [ RunTime:0.000389s ]
SQL: SHOW COLUMNS FROM `yk_set` [ RunTime:0.0006s ]
SQL: SELECT * FROM `yk_set` LIMIT 1   [ RunTime:0.0001s ]
SQL: SHOW COLUMNS FROM `yk_shop_set` [ RunTime:0.0007s ]
SQL: SELECT * FROM `yk_shop_set` LIMIT 1   [ RunTime:0.0001s ]
SQL: SHOW COLUMNS FROM `yk_shop_order` [ RunTime:0.0009s ]
SQL: SELECT * FROM `yk_shop_order` WHERE `oid` = '20170929132542-139' LIMIT 1   [ RunTime:0.0004s ]
INFO: [ app_end ] --START--
INFO: Run Behavior\ShowPageTraceBehavior [ RunTime:0.000562s ]
INFO: [ app_end ] --END-- [ RunTime:0.000620s ]

[ 2017-09-29T13:25:58+08:00 ] 140.207.54.74 /Home/Wxpay/nd/
INFO: [ app_init ] --START--
INFO: Run Behavior\BuildLiteBehavior [ RunTime:0.000013s ]
INFO: [ app_init ] --END-- [ RunTime:0.000263s ]
INFO: [ app_begin ] --START--
INFO: Run Behavior\ReadHtmlCacheBehavior [ RunTime:0.000346s ]
INFO: [ app_begin ] --END-- [ RunTime:0.000385s ]
SQL: SHOW COLUMNS FROM `yk_set` [ RunTime:0.0007s ]
SQL: SELECT * FROM `yk_set` LIMIT 1   [ RunTime:0.0001s ]
SQL: SHOW COLUMNS FROM `yk_shop_set` [ RunTime:0.0008s ]
SQL: SELECT * FROM `yk_shop_set` LIMIT 1   [ RunTime:0.0002s ]
SQL: SHOW COLUMNS FROM `yk_set` [ RunTime:0.0005s ]
SQL: SELECT * FROM `yk_set` LIMIT 1   [ RunTime:0.0001s ]
SQL: SHOW COLUMNS FROM `yk_shop_order` [ RunTime:0.0009s ]
SQL: SELECT * FROM `yk_shop_order` WHERE `oid` = '20170929132542-139' LIMIT 1   [ RunTime:0.0004s ]
SQL: UPDATE `yk_shop_order` SET `sid`='0',`oid`='20170929132542-139',`djqid`='0',`totalprice`='780',`totalnum`='1',`payprice`='780',`paytype`='wxpay',`paytime`='1506662756',`aliaccount`=NULL,`yf`='0',`ispay`='1',`vipid`='8040',`vipopenid`='omV0nwhyUgjzXWphcA4YxzzYp-9Q',`vipname`='梅怡',`vipmobile`='13678155901',`vipaddress`='四川省成都市龙泉驿区东山国际新城c区14栋2单元1502',`vipxqname`=NULL,`vipxqid`=NULL,`msg`='',`kfmsg`=NULL,`ctime`='1506662742',`ntime`=NULL,`dtime`=NULL,`etime`=NULL,`changetime`=NULL,`changemsg`=NULL,`changeadmin`=NULL,`closetime`=NULL,`closemsg`=NULL,`closeadmin`=NULL,`tuihuoprice`=NULL,`tuihuosqtime`='0',`tuihuotime`=NULL,`tuihuokd`=NULL,`tuihuokdnum`=NULL,`tuihuomsg`=NULL,`tuihuoadmin`=NULL,`status`='3',`fahuokd`=NULL,`fahuokdnum`=NULL,`items`='a:1:{i:0;a:12:{s:2:\"id\";s:4:\"2384\";s:3:\"sid\";s:1:\"0\";s:5:\"vipid\";s:4:\"8040\";s:7:\"goodsid\";s:2:\"18\";s:3:\"sku\";s:0:\"\";s:3:\"num\";s:1:\"1\";s:5:\"skuid\";i:0;s:4:\"name\";s:39:\"恒压咽鼓管吹张器（儿童型）\";s:7:\"skuattr\";N;s:5:\"price\";s:3:\"780\";s:5:\"total\";i:780;s:3:\"pic\";s:40:\"/Upload/img/2016-07-27/5798797fe244b.jpg\";}}',`fxsid`='231' WHERE `id` = 139 [ RunTime:0.0003s ]
SQL: SHOW COLUMNS FROM `yk_shop_goods` [ RunTime:0.0006s ]
SQL: SHOW COLUMNS FROM `yk_shop_goods_sku` [ RunTime:0.0004s ]
SQL: SHOW COLUMNS FROM `yk_shop_syslog_sells` [ RunTime:0.0037s ]
SQL: UPDATE `yk_shop_goods` SET `num`=num-1 WHERE ( id=18 ) [ RunTime:0.0002s ]
SQL: UPDATE `yk_shop_goods` SET `sells`=sells+1 WHERE ( id=18 ) [ RunTime:0.0001s ]
SQL: UPDATE `yk_shop_goods` SET `dissells`=dissells+1 WHERE ( id=18 ) [ RunTime:0.0001s ]
SQL: INSERT INTO `yk_shop_syslog_sells` (`oid`,`vipid`,`vipopenid`,`vipname`,`ctime`,`num`,`goodsid`,`goodsname`,`skuid`,`skuattr`,`price`,`total`) VALUES ('139','8040','omV0nwhyUgjzXWphcA4YxzzYp-9Q','梅怡','1506662756','1','18','恒压咽鼓管吹张器（儿童型）','0','0','780','780') [ RunTime:0.0349s ]
SQL: SHOW COLUMNS FROM `yk_shop_order_log` [ RunTime:0.0112s ]
SQL: SHOW COLUMNS FROM `yk_shop_order_syslog` [ RunTime:0.0004s ]
SQL: INSERT INTO `yk_shop_order_log` (`oid`,`msg`,`ctime`) VALUES ('139','微信付款成功','1506662756') [ RunTime:0.0012s ]
SQL: INSERT INTO `yk_shop_order_syslog` (`oid`,`msg`,`ctime`,`type`,`paytype`) VALUES ('139','微信付款成功','1506662756','2','wxpay') [ RunTime:0.0001s ]
SQL: SHOW COLUMNS FROM `yk_vip` [ RunTime:0.0009s ]
SQL: SELECT * FROM `yk_vip` WHERE ( id=8040 ) LIMIT 1   [ RunTime:0.0002s ]
SQL: SELECT * FROM `yk_vip` WHERE ( id=231 ) LIMIT 1   [ RunTime:0.0002s ]
SQL: SELECT * FROM `yk_vip` WHERE ( id=231 ) LIMIT 1   [ RunTime:0.0002s ]
SQL: SELECT * FROM `yk_vip` WHERE `id` = 231 AND `is_system` = 1 LIMIT 1   [ RunTime:0.0002s ]
SQL: SELECT * FROM `yk_vip` WHERE `id` = 231 AND `is_system` = 1 LIMIT 1   [ RunTime:0.0002s ]
SQL: SHOW COLUMNS FROM `yk_mail` [ RunTime:0.0282s ]
SQL: INSERT INTO `yk_mail` (`to`,`name`,`subject`,`body`,`stime`,`ctime`,`status`) VALUES ('949257185@qq.com','逸康商城','【逸康商城】新订单，订单号：20170929132542-139，金额：780元，预设分销商:231','<html>
									<head>
									<title>【逸康商城】新订单，订单号：20170929132542-139，金额：780元，预设分销商:231</title>
									</head>
									<body>
									<table>
									<tr>
									<th>订单号: </th><td>20170929132542-139</td>
									</tr>
									<tr>
									<th>商品名: </th><td>恒压咽鼓管吹张器（儿童型）</td>
									</tr>
									<tr>
									<th>预设分销商: </th><td>231</td>
									</tr>
									<tr>
									<th>订单总额: </th><td>780元</td>
									</tr>
									<tr>
									<th>收货地址: </th><td>四川省成都市龙泉驿区东山国际新城c区14栋2单元1502</td>
									</tr>
									<tr>
									<th>收货人: </th><td>梅怡</td>
									</tr>
									<tr>
									<th>收货电话: </th><td>13678155901</td>
									</tr>
									<tr>
									<th>支付时间: </th><td>2017-09-29 13:25:56</td>
									</tr>
									<tr>
									<th>下单时间: </th><td>2017-09-29 13:25:42</td>
									</tr>
									</table>
									</body>
									</html>','1506662756','1506662756','1') [ RunTime:0.0189s ]
SQL: SHOW COLUMNS FROM `yk_sms` [ RunTime:0.0035s ]
SQL: SELECT * FROM `yk_sms` LIMIT 1   [ RunTime:0.0028s ]
SQL: SHOW COLUMNS FROM `yk_wx_template` [ RunTime:0.0049s ]
SQL: SELECT * FROM `yk_wx_template` WHERE `templateidshort` = 'OPENTM200444326' LIMIT 1   [ RunTime:0.0018s ]
INFO: [ app_end ] --START--
INFO: Run Behavior\ShowPageTraceBehavior [ RunTime:0.000572s ]
INFO: [ app_end ] --END-- [ RunTime:0.000655s ]

[ 2017-09-29T13:26:10+08:00 ] 140.207.54.76 /Home/Wxpay/nd/
INFO: [ app_init ] --START--
INFO: Run Behavior\BuildLiteBehavior [ RunTime:0.000013s ]
INFO: [ app_init ] --END-- [ RunTime:0.000288s ]
INFO: [ app_begin ] --START--
INFO: Run Behavior\ReadHtmlCacheBehavior [ RunTime:0.000329s ]
INFO: [ app_begin ] --END-- [ RunTime:0.000368s ]
SQL: SHOW COLUMNS FROM `yk_set` [ RunTime:0.0007s ]
SQL: SELECT * FROM `yk_set` LIMIT 1   [ RunTime:0.0002s ]
SQL: SHOW COLUMNS FROM `yk_shop_set` [ RunTime:0.0007s ]
SQL: SELECT * FROM `yk_shop_set` LIMIT 1   [ RunTime:0.0002s ]
SQL: SHOW COLUMNS FROM `yk_set` [ RunTime:0.0004s ]
SQL: SELECT * FROM `yk_set` LIMIT 1   [ RunTime:0.0001s ]
SQL: SHOW COLUMNS FROM `yk_shop_order` [ RunTime:0.0009s ]
SQL: SELECT * FROM `yk_shop_order` WHERE `oid` = '20170929132542-139' LIMIT 1   [ RunTime:0.0004s ]
INFO: [ app_end ] --START--
INFO: Run Behavior\ShowPageTraceBehavior [ RunTime:0.000392s ]
INFO: [ app_end ] --END-- [ RunTime:0.000431s ]

[ 2017-09-29T13:26:11+08:00 ] 140.207.54.73 /Home/Wxpay/nd/
INFO: [ app_init ] --START--
INFO: Run Behavior\BuildLiteBehavior [ RunTime:0.000016s ]
INFO: [ app_init ] --END-- [ RunTime:0.000311s ]
INFO: [ app_begin ] --START--
INFO: Run Behavior\ReadHtmlCacheBehavior [ RunTime:0.000335s ]
INFO: [ app_begin ] --END-- [ RunTime:0.000375s ]
SQL: SHOW COLUMNS FROM `yk_set` [ RunTime:0.0007s ]
SQL: SELECT * FROM `yk_set` LIMIT 1   [ RunTime:0.0001s ]
SQL: SHOW COLUMNS FROM `yk_shop_set` [ RunTime:0.0008s ]
SQL: SELECT * FROM `yk_shop_set` LIMIT 1   [ RunTime:0.0001s ]
SQL: SHOW COLUMNS FROM `yk_set` [ RunTime:0.0005s ]
SQL: SELECT * FROM `yk_set` LIMIT 1   [ RunTime:0.0001s ]
SQL: SHOW COLUMNS FROM `yk_shop_order` [ RunTime:0.0009s ]
SQL: SELECT * FROM `yk_shop_order` WHERE `oid` = '20170929132542-139' LIMIT 1   [ RunTime:0.0004s ]
INFO: [ app_end ] --START--
INFO: Run Behavior\ShowPageTraceBehavior [ RunTime:0.000409s ]
INFO: [ app_end ] --END-- [ RunTime:0.000453s ]

[ 2017-09-29T13:26:47+08:00 ] 140.207.54.76 /Home/Wx/index/token/gzyikang2016?signature=9f073757c45182aabc38f53c7b37a45326b7a4e1&timestamp=1506662807&nonce=982063769&openid=omV0nwhyUgjzXWphcA4YxzzYp-9Q
INFO: [ app_init ] --START--
INFO: Run Behavior\BuildLiteBehavior [ RunTime:0.000012s ]
INFO: [ app_init ] --END-- [ RunTime:0.000341s ]
INFO: [ app_begin ] --START--
INFO: Run Behavior\ReadHtmlCacheBehavior [ RunTime:0.000349s ]
INFO: [ app_begin ] --END-- [ RunTime:0.000388s ]
SQL: SHOW COLUMNS FROM `yk_shop_set` [ RunTime:0.0010s ]
SQL: SELECT * FROM `yk_shop_set` LIMIT 1   [ RunTime:0.0002s ]
SQL: SHOW COLUMNS FROM `yk_set` [ RunTime:0.0004s ]
SQL: SELECT * FROM `yk_set` LIMIT 1   [ RunTime:0.0003s ]
SQL: SHOW COLUMNS FROM `yk_vip` [ RunTime:0.0013s ]
SQL: SHOW COLUMNS FROM `yk_vip_message` [ RunTime:0.0004s ]
SQL: SHOW COLUMNS FROM `yk_vip_log_sub` [ RunTime:0.0005s ]
SQL: SHOW COLUMNS FROM `yk_employee` [ RunTime:0.0006s ]
SQL: SHOW COLUMNS FROM `yk_vip_set` [ RunTime:0.0006s ]
SQL: SELECT * FROM `yk_vip_set` LIMIT 1   [ RunTime:0.0002s ]
SQL: SELECT * FROM `yk_vip` WHERE `openid` = 'omV0nwhyUgjzXWphcA4YxzzYp-9Q' LIMIT 1   [ RunTime:0.0003s ]
SQL: UPDATE `yk_vip` SET `subscribe`='1' WHERE `openid` = 'omV0nwhyUgjzXWphcA4YxzzYp-9Q' [ RunTime:0.0002s ]
SQL: SELECT * FROM `yk_vip` WHERE ( id=231 ) LIMIT 1   [ RunTime:0.0002s ]
SQL: INSERT INTO `yk_vip_log_sub` (`ppid`,`from`,`fromname`,`to`,`toname`,`issub`,`ctime`) VALUES ('231','8040','','231','','1','1506662807') [ RunTime:0.0056s ]
SQL: UPDATE `yk_vip` SET `total_xxsub`=total_xxsub+1 WHERE ( id=231 ) [ RunTime:0.0001s ]
SQL: SHOW COLUMNS FROM `yk_upload_img` [ RunTime:0.0004s ]
SQL: SELECT * FROM `yk_upload_img` WHERE `id` = 167 LIMIT 1   [ RunTime:0.0001s ]
INFO: [ app_end ] --START--
INFO: Run Behavior\ShowPageTraceBehavior [ RunTime:0.000378s ]
INFO: [ app_end ] --END-- [ RunTime:0.000419s ]

[ 2017-09-29T13:26:51+08:00 ] 140.207.54.75 /Home/Wx/index/token/gzyikang2016?signature=7d1960600132d9bb245d96f0bbe125f0ceb2b5ef&timestamp=1506662810&nonce=1414462291&openid=omV0nwhyUgjzXWphcA4YxzzYp-9Q
INFO: [ app_init ] --START--
INFO: Run Behavior\BuildLiteBehavior [ RunTime:0.000012s ]
INFO: [ app_init ] --END-- [ RunTime:0.000261s ]
INFO: [ app_begin ] --START--
INFO: Run Behavior\ReadHtmlCacheBehavior [ RunTime:0.000338s ]
INFO: [ app_begin ] --END-- [ RunTime:0.000378s ]
SQL: SHOW COLUMNS FROM `yk_shop_set` [ RunTime:0.0010s ]
SQL: SELECT * FROM `yk_shop_set` LIMIT 1   [ RunTime:0.0002s ]
SQL: SHOW COLUMNS FROM `yk_set` [ RunTime:0.0005s ]
SQL: SELECT * FROM `yk_set` LIMIT 1   [ RunTime:0.0001s ]
SQL: SHOW COLUMNS FROM `yk_vip` [ RunTime:0.0010s ]
SQL: SHOW COLUMNS FROM `yk_vip_message` [ RunTime:0.0003s ]
SQL: SHOW COLUMNS FROM `yk_vip_log_sub` [ RunTime:0.0004s ]
SQL: SHOW COLUMNS FROM `yk_employee` [ RunTime:0.0004s ]
SQL: SHOW COLUMNS FROM `yk_vip_set` [ RunTime:0.0006s ]
SQL: SELECT * FROM `yk_vip_set` LIMIT 1   [ RunTime:0.0001s ]
INFO: [ app_end ] --START--
INFO: Run Behavior\ShowPageTraceBehavior [ RunTime:0.000354s ]
INFO: [ app_end ] --END-- [ RunTime:0.000395s ]

[ 2017-09-29T13:54:29+08:00 ] 140.207.54.75 /Home/Wx/index/token/gzyikang2016?signature=c203a5023fbe97f76a7a741b93d3de5408ccc406&timestamp=1506664469&nonce=898202036&openid=omV0nwoMSUHl8i9c92P8Y-uS8P7M
INFO: [ app_init ] --START--
INFO: Run Behavior\BuildLiteBehavior [ RunTime:0.000011s ]
INFO: [ app_init ] --END-- [ RunTime:0.000250s ]
INFO: [ app_begin ] --START--
INFO: Run Behavior\ReadHtmlCacheBehavior [ RunTime:0.000323s ]
INFO: [ app_begin ] --END-- [ RunTime:0.000363s ]
SQL: SHOW COLUMNS FROM `yk_shop_set` [ RunTime:0.0010s ]
SQL: SELECT * FROM `yk_shop_set` LIMIT 1   [ RunTime:0.0002s ]
SQL: SHOW COLUMNS FROM `yk_set` [ RunTime:0.0005s ]
SQL: SELECT * FROM `yk_set` LIMIT 1   [ RunTime:0.0001s ]
SQL: SHOW COLUMNS FROM `yk_vip` [ RunTime:0.0011s ]
SQL: SHOW COLUMNS FROM `yk_vip_message` [ RunTime:0.0004s ]
SQL: SHOW COLUMNS FROM `yk_vip_log_sub` [ RunTime:0.0004s ]
SQL: SHOW COLUMNS FROM `yk_employee` [ RunTime:0.0005s ]
SQL: SHOW COLUMNS FROM `yk_vip_set` [ RunTime:0.0007s ]
SQL: SELECT * FROM `yk_vip_set` LIMIT 1   [ RunTime:0.0001s ]
INFO: [ app_end ] --START--
INFO: Run Behavior\ShowPageTraceBehavior [ RunTime:0.000376s ]
INFO: [ app_end ] --END-- [ RunTime:0.000419s ]

[ 2017-09-29T15:03:04+08:00 ] 27.210.30.219 /Home/Wxpay/pay/oid/20170929150303-140
INFO: [ app_init ] --START--
INFO: Run Behavior\BuildLiteBehavior [ RunTime:0.000012s ]
INFO: [ app_init ] --END-- [ RunTime:0.000268s ]
INFO: [ app_begin ] --START--
INFO: Run Behavior\ReadHtmlCacheBehavior [ RunTime:0.000351s ]
INFO: [ app_begin ] --END-- [ RunTime:0.000389s ]
SQL: SHOW COLUMNS FROM `yk_set` [ RunTime:0.0007s ]
SQL: SELECT * FROM `yk_set` LIMIT 1   [ RunTime:0.0001s ]
SQL: SHOW COLUMNS FROM `yk_shop_set` [ RunTime:0.0007s ]
SQL: SELECT * FROM `yk_shop_set` LIMIT 1   [ RunTime:0.0002s ]
SQL: SHOW COLUMNS FROM `yk_shop_order` [ RunTime:0.0013s ]
SQL: SELECT * FROM `yk_shop_order` WHERE `oid` = '20170929150303-140' LIMIT 1   [ RunTime:0.0004s ]
INFO: [ app_end ] --START--
INFO: Run Behavior\ShowPageTraceBehavior [ RunTime:0.000542s ]
INFO: [ app_end ] --END-- [ RunTime:0.000600s ]

[ 2017-09-29T15:03:11+08:00 ] 140.207.54.74 /Home/Wxpay/nd/
INFO: [ app_init ] --START--
INFO: Run Behavior\BuildLiteBehavior [ RunTime:0.000016s ]
INFO: [ app_init ] --END-- [ RunTime:0.000283s ]
INFO: [ app_begin ] --START--
INFO: Run Behavior\ReadHtmlCacheBehavior [ RunTime:0.000433s ]
INFO: [ app_begin ] --END-- [ RunTime:0.000498s ]
SQL: SHOW COLUMNS FROM `yk_set` [ RunTime:0.0007s ]
SQL: SELECT * FROM `yk_set` LIMIT 1   [ RunTime:0.0001s ]
SQL: SHOW COLUMNS FROM `yk_shop_set` [ RunTime:0.0009s ]
SQL: SELECT * FROM `yk_shop_set` LIMIT 1   [ RunTime:0.0002s ]
SQL: SHOW COLUMNS FROM `yk_set` [ RunTime:0.0007s ]
SQL: SELECT * FROM `yk_set` LIMIT 1   [ RunTime:0.0002s ]
SQL: SHOW COLUMNS FROM `yk_shop_order` [ RunTime:0.0010s ]
SQL: SELECT * FROM `yk_shop_order` WHERE `oid` = '20170929150303-140' LIMIT 1   [ RunTime:0.0004s ]
SQL: UPDATE `yk_shop_order` SET `sid`='0',`oid`='20170929150303-140',`djqid`='0',`totalprice`='680',`totalnum`='1',`payprice`='680',`paytype`='wxpay',`paytime`='1506668590',`aliaccount`=NULL,`yf`='0',`ispay`='1',`vipid`='8041',`vipopenid`='omV0nwtovMe3ODYeM6YSR6rWJwzQ',`vipname`='黄开芳',`vipmobile`='15191502086',`vipaddress`='陕西省安康市汉滨区建民办事处康泰园小区8号楼3单元502',`vipxqname`=NULL,`vipxqid`=NULL,`msg`='',`kfmsg`=NULL,`ctime`='1506668583',`ntime`=NULL,`dtime`=NULL,`etime`=NULL,`changetime`=NULL,`changemsg`=NULL,`changeadmin`=NULL,`closetime`=NULL,`closemsg`=NULL,`closeadmin`=NULL,`tuihuoprice`=NULL,`tuihuosqtime`='0',`tuihuotime`=NULL,`tuihuokd`=NULL,`tuihuokdnum`=NULL,`tuihuomsg`=NULL,`tuihuoadmin`=NULL,`status`='3',`fahuokd`=NULL,`fahuokdnum`=NULL,`items`='a:1:{i:0;a:12:{s:2:\"id\";s:4:\"2385\";s:3:\"sid\";s:1:\"0\";s:5:\"vipid\";s:4:\"8041\";s:7:\"goodsid\";s:2:\"17\";s:3:\"sku\";s:0:\"\";s:3:\"num\";s:1:\"1\";s:5:\"skuid\";i:0;s:4:\"name\";s:35:\"恒压咽鼓管吹张器(成人型)\";s:7:\"skuattr\";N;s:5:\"price\";s:3:\"680\";s:5:\"total\";i:680;s:3:\"pic\";s:40:\"/Upload/img/2016-07-26/57972a3c5c91e.jpg\";}}',`fxsid`='3607' WHERE `id` = 140 [ RunTime:0.0055s ]
SQL: SHOW COLUMNS FROM `yk_shop_goods` [ RunTime:0.0007s ]
SQL: SHOW COLUMNS FROM `yk_shop_goods_sku` [ RunTime:0.0005s ]
SQL: SHOW COLUMNS FROM `yk_shop_syslog_sells` [ RunTime:0.0006s ]
SQL: UPDATE `yk_shop_goods` SET `num`=num-1 WHERE ( id=17 ) [ RunTime:0.0002s ]
SQL: UPDATE `yk_shop_goods` SET `sells`=sells+1 WHERE ( id=17 ) [ RunTime:0.0001s ]
SQL: UPDATE `yk_shop_goods` SET `dissells`=dissells+1 WHERE ( id=17 ) [ RunTime:0.0001s ]
SQL: INSERT INTO `yk_shop_syslog_sells` (`oid`,`vipid`,`vipopenid`,`vipname`,`ctime`,`num`,`goodsid`,`goodsname`,`skuid`,`skuattr`,`price`,`total`) VALUES ('140','8041','omV0nwtovMe3ODYeM6YSR6rWJwzQ','黄开芳','1506668590','1','17','恒压咽鼓管吹张器(成人型)','0','0','680','680') [ RunTime:0.0002s ]
SQL: SHOW COLUMNS FROM `yk_shop_order_log` [ RunTime:0.0006s ]
SQL: SHOW COLUMNS FROM `yk_shop_order_syslog` [ RunTime:0.0004s ]
SQL: INSERT INTO `yk_shop_order_log` (`oid`,`msg`,`ctime`) VALUES ('140','微信付款成功','1506668590') [ RunTime:0.0001s ]
SQL: INSERT INTO `yk_shop_order_syslog` (`oid`,`msg`,`ctime`,`type`,`paytype`) VALUES ('140','微信付款成功','1506668590','2','wxpay') [ RunTime:0.0001s ]
SQL: SHOW COLUMNS FROM `yk_vip` [ RunTime:0.0010s ]
SQL: SELECT * FROM `yk_vip` WHERE ( id=8041 ) LIMIT 1   [ RunTime:0.0002s ]
SQL: SELECT * FROM `yk_vip` WHERE ( id=3607 ) LIMIT 1   [ RunTime:0.0002s ]
SQL: SELECT * FROM `yk_vip` WHERE ( id=3607 ) LIMIT 1   [ RunTime:0.0002s ]
SQL: SELECT * FROM `yk_vip` WHERE `id` = 3607 AND `is_system` = 1 LIMIT 1   [ RunTime:0.0002s ]
SQL: SELECT * FROM `yk_vip` WHERE `id` = 3607 AND `is_system` = 1 LIMIT 1   [ RunTime:0.0002s ]
SQL: SHOW COLUMNS FROM `yk_mail` [ RunTime:0.0008s ]
SQL: INSERT INTO `yk_mail` (`to`,`name`,`subject`,`body`,`stime`,`ctime`,`status`) VALUES ('949257185@qq.com','逸康商城','【逸康商城】新订单，订单号：20170929150303-140，金额：680元，预设分销商:3607','<html>
									<head>
									<title>【逸康商城】新订单，订单号：20170929150303-140，金额：680元，预设分销商:3607</title>
									</head>
									<body>
									<table>
									<tr>
									<th>订单号: </th><td>20170929150303-140</td>
									</tr>
									<tr>
									<th>商品名: </th><td>恒压咽鼓管吹张器(成人型)</td>
									</tr>
									<tr>
									<th>预设分销商: </th><td>3607</td>
									</tr>
									<tr>
									<th>订单总额: </th><td>680元</td>
									</tr>
									<tr>
									<th>收货地址: </th><td>陕西省安康市汉滨区建民办事处康泰园小区8号楼3单元502</td>
									</tr>
									<tr>
									<th>收货人: </th><td>黄开芳</td>
									</tr>
									<tr>
									<th>收货电话: </th><td>15191502086</td>
									</tr>
									<tr>
									<th>支付时间: </th><td>2017-09-29 15:03:10</td>
									</tr>
									<tr>
									<th>下单时间: </th><td>2017-09-29 15:03:03</td>
									</tr>
									</table>
									</body>
									</html>','1506668590','1506668590','1') [ RunTime:0.0130s ]
SQL: SHOW COLUMNS FROM `yk_sms` [ RunTime:0.0006s ]
SQL: SELECT * FROM `yk_sms` LIMIT 1   [ RunTime:0.0001s ]
SQL: SHOW COLUMNS FROM `yk_wx_template` [ RunTime:0.0008s ]
SQL: SELECT * FROM `yk_wx_template` WHERE `templateidshort` = 'OPENTM200444326' LIMIT 1   [ RunTime:0.0002s ]
INFO: [ app_end ] --START--
INFO: Run Behavior\ShowPageTraceBehavior [ RunTime:0.000536s ]
INFO: [ app_end ] --END-- [ RunTime:0.000617s ]

[ 2017-09-29T15:03:20+08:00 ] 117.185.27.113 /Home/Wxpay/pay/oid/20170929150303-140
INFO: [ app_init ] --START--
INFO: Run Behavior\BuildLiteBehavior [ RunTime:0.000013s ]
INFO: [ app_init ] --END-- [ RunTime:0.000266s ]
INFO: [ app_begin ] --START--
INFO: Run Behavior\ReadHtmlCacheBehavior [ RunTime:0.000351s ]
INFO: [ app_begin ] --END-- [ RunTime:0.000389s ]
SQL: SHOW COLUMNS FROM `yk_set` [ RunTime:0.0007s ]
SQL: SELECT * FROM `yk_set` LIMIT 1   [ RunTime:0.0001s ]
SQL: SHOW COLUMNS FROM `yk_shop_set` [ RunTime:0.0008s ]
SQL: SELECT * FROM `yk_shop_set` LIMIT 1   [ RunTime:0.0002s ]
INFO: [ view_parse ] --START--
INFO: [ template_filter ] --START--
INFO: Run Behavior\ContentReplaceBehavior [ RunTime:0.000043s ]
INFO: [ template_filter ] --END-- [ RunTime:0.000089s ]
INFO: Run Behavior\ParseTemplateBehavior [ RunTime:0.010097s ]
INFO: [ view_parse ] --END-- [ RunTime:0.010156s ]
INFO: [ view_filter ] --START--
INFO: Run Behavior\WriteHtmlCacheBehavior [ RunTime:0.000121s ]
INFO: [ view_filter ] --END-- [ RunTime:0.000156s ]

[ 2017-09-29T15:03:25+08:00 ] 140.207.54.76 /Home/Wx/index/token/gzyikang2016?signature=9f70893f76c3b02552edc5292f13b0eaf0a1759a&timestamp=1506668605&nonce=279870877&openid=omV0nwtovMe3ODYeM6YSR6rWJwzQ
INFO: [ app_init ] --START--
INFO: Run Behavior\BuildLiteBehavior [ RunTime:0.000012s ]
INFO: [ app_init ] --END-- [ RunTime:0.000263s ]
INFO: [ app_begin ] --START--
INFO: Run Behavior\ReadHtmlCacheBehavior [ RunTime:0.000350s ]
INFO: [ app_begin ] --END-- [ RunTime:0.000389s ]
SQL: SHOW COLUMNS FROM `yk_shop_set` [ RunTime:0.0037s ]
SQL: SELECT * FROM `yk_shop_set` LIMIT 1   [ RunTime:0.0002s ]
SQL: SHOW COLUMNS FROM `yk_set` [ RunTime:0.0005s ]
SQL: SELECT * FROM `yk_set` LIMIT 1   [ RunTime:0.0001s ]
SQL: SHOW COLUMNS FROM `yk_vip` [ RunTime:0.0010s ]
SQL: SHOW COLUMNS FROM `yk_vip_message` [ RunTime:0.0004s ]
SQL: SHOW COLUMNS FROM `yk_vip_log_sub` [ RunTime:0.0005s ]
SQL: SHOW COLUMNS FROM `yk_employee` [ RunTime:0.0005s ]
SQL: SHOW COLUMNS FROM `yk_vip_set` [ RunTime:0.0006s ]
SQL: SELECT * FROM `yk_vip_set` LIMIT 1   [ RunTime:0.0001s ]
SQL: SELECT * FROM `yk_vip` WHERE `openid` = 'omV0nwtovMe3ODYeM6YSR6rWJwzQ' LIMIT 1   [ RunTime:0.0003s ]
SQL: UPDATE `yk_vip` SET `subscribe`='1' WHERE `openid` = 'omV0nwtovMe3ODYeM6YSR6rWJwzQ' [ RunTime:0.0059s ]
SQL: SELECT * FROM `yk_vip` WHERE ( id=3607 ) LIMIT 1   [ RunTime:0.0002s ]
SQL: INSERT INTO `yk_vip_log_sub` (`ppid`,`from`,`fromname`,`to`,`toname`,`issub`,`ctime`) VALUES ('3607','8041','马','3607','','1','1506668605') [ RunTime:0.0102s ]
SQL: UPDATE `yk_vip` SET `total_xxsub`=total_xxsub+1 WHERE ( id=3607 ) [ RunTime:0.0002s ]
SQL: SHOW COLUMNS FROM `yk_upload_img` [ RunTime:0.0004s ]
SQL: SELECT * FROM `yk_upload_img` WHERE `id` = 167 LIMIT 1   [ RunTime:0.0001s ]
INFO: [ app_end ] --START--
INFO: Run Behavior\ShowPageTraceBehavior [ RunTime:0.000448s ]
INFO: [ app_end ] --END-- [ RunTime:0.000491s ]

[ 2017-09-29T15:10:15+08:00 ] 223.104.11.96 /Home/Wxpay/pay/oid/20170929151015-141
INFO: [ app_init ] --START--
INFO: Run Behavior\BuildLiteBehavior [ RunTime:0.000011s ]
INFO: [ app_init ] --END-- [ RunTime:0.000269s ]
INFO: [ app_begin ] --START--
INFO: Run Behavior\ReadHtmlCacheBehavior [ RunTime:0.000360s ]
INFO: [ app_begin ] --END-- [ RunTime:0.000399s ]
SQL: SHOW COLUMNS FROM `yk_set` [ RunTime:0.0007s ]
SQL: SELECT * FROM `yk_set` LIMIT 1   [ RunTime:0.0002s ]
SQL: SHOW COLUMNS FROM `yk_shop_set` [ RunTime:0.0007s ]
SQL: SELECT * FROM `yk_shop_set` LIMIT 1   [ RunTime:0.0001s ]
SQL: SHOW COLUMNS FROM `yk_shop_order` [ RunTime:0.0009s ]
SQL: SELECT * FROM `yk_shop_order` WHERE `oid` = '20170929151015-141' LIMIT 1   [ RunTime:0.0004s ]
INFO: [ app_end ] --START--
INFO: Run Behavior\ShowPageTraceBehavior [ RunTime:0.000580s ]
INFO: [ app_end ] --END-- [ RunTime:0.000638s ]

[ 2017-09-29T15:10:22+08:00 ] 140.207.54.73 /Home/Wxpay/nd/
INFO: [ app_init ] --START--
INFO: Run Behavior\BuildLiteBehavior [ RunTime:0.000011s ]
INFO: [ app_init ] --END-- [ RunTime:0.000256s ]
INFO: [ app_begin ] --START--
INFO: Run Behavior\ReadHtmlCacheBehavior [ RunTime:0.000322s ]
INFO: [ app_begin ] --END-- [ RunTime:0.000362s ]
SQL: SHOW COLUMNS FROM `yk_set` [ RunTime:0.0007s ]
SQL: SELECT * FROM `yk_set` LIMIT 1   [ RunTime:0.0002s ]
SQL: SHOW COLUMNS FROM `yk_shop_set` [ RunTime:0.0007s ]
SQL: SELECT * FROM `yk_shop_set` LIMIT 1   [ RunTime:0.0002s ]
SQL: SHOW COLUMNS FROM `yk_set` [ RunTime:0.0005s ]
SQL: SELECT * FROM `yk_set` LIMIT 1   [ RunTime:0.0001s ]
SQL: SHOW COLUMNS FROM `yk_shop_order` [ RunTime:0.0009s ]
SQL: SELECT * FROM `yk_shop_order` WHERE `oid` = '20170929151015-141' LIMIT 1   [ RunTime:0.0004s ]
SQL: UPDATE `yk_shop_order` SET `sid`='0',`oid`='20170929151015-141',`djqid`='0',`totalprice`='680',`totalnum`='1',`payprice`='680',`paytype`='wxpay',`paytime`='1506669021',`aliaccount`=NULL,`yf`='0',`ispay`='1',`vipid`='8043',`vipopenid`='omV0nwhdAZaNtAIYr0kvtysPp66g',`vipname`='庞鹏',`vipmobile`='13992390677',`vipaddress`='陕西省渭南市富平县南韩大街尚城国际B座西单元五楼东户',`vipxqname`=NULL,`vipxqid`=NULL,`msg`='',`kfmsg`=NULL,`ctime`='1506669015',`ntime`=NULL,`dtime`=NULL,`etime`=NULL,`changetime`=NULL,`changemsg`=NULL,`changeadmin`=NULL,`closetime`=NULL,`closemsg`=NULL,`closeadmin`=NULL,`tuihuoprice`=NULL,`tuihuosqtime`='0',`tuihuotime`=NULL,`tuihuokd`=NULL,`tuihuokdnum`=NULL,`tuihuomsg`=NULL,`tuihuoadmin`=NULL,`status`='3',`fahuokd`=NULL,`fahuokdnum`=NULL,`items`='a:1:{i:0;a:12:{s:2:\"id\";s:4:\"2387\";s:3:\"sid\";s:1:\"0\";s:5:\"vipid\";s:4:\"8043\";s:7:\"goodsid\";s:2:\"17\";s:3:\"sku\";s:0:\"\";s:3:\"num\";s:1:\"1\";s:5:\"skuid\";i:0;s:4:\"name\";s:35:\"恒压咽鼓管吹张器(成人型)\";s:7:\"skuattr\";N;s:5:\"price\";s:3:\"680\";s:5:\"total\";i:680;s:3:\"pic\";s:40:\"/Upload/img/2016-07-26/57972a3c5c91e.jpg\";}}',`fxsid`='4874' WHERE `id` = 141 [ RunTime:0.0003s ]
SQL: SHOW COLUMNS FROM `yk_shop_goods` [ RunTime:0.0009s ]
SQL: SHOW COLUMNS FROM `yk_shop_goods_sku` [ RunTime:0.0005s ]
SQL: SHOW COLUMNS FROM `yk_shop_syslog_sells` [ RunTime:0.0005s ]
SQL: UPDATE `yk_shop_goods` SET `num`=num-1 WHERE ( id=17 ) [ RunTime:0.0002s ]
SQL: UPDATE `yk_shop_goods` SET `sells`=sells+1 WHERE ( id=17 ) [ RunTime:0.0001s ]
SQL: UPDATE `yk_shop_goods` SET `dissells`=dissells+1 WHERE ( id=17 ) [ RunTime:0.0001s ]
SQL: INSERT INTO `yk_shop_syslog_sells` (`oid`,`vipid`,`vipopenid`,`vipname`,`ctime`,`num`,`goodsid`,`goodsname`,`skuid`,`skuattr`,`price`,`total`) VALUES ('141','8043','omV0nwhdAZaNtAIYr0kvtysPp66g','庞鹏','1506669021','1','17','恒压咽鼓管吹张器(成人型)','0','0','680','680') [ RunTime:0.0002s ]
SQL: SHOW COLUMNS FROM `yk_shop_order_log` [ RunTime:0.0004s ]
SQL: SHOW COLUMNS FROM `yk_shop_order_syslog` [ RunTime:0.0004s ]
SQL: INSERT INTO `yk_shop_order_log` (`oid`,`msg`,`ctime`) VALUES ('141','微信付款成功','1506669021') [ RunTime:0.0001s ]
SQL: INSERT INTO `yk_shop_order_syslog` (`oid`,`msg`,`ctime`,`type`,`paytype`) VALUES ('141','微信付款成功','1506669021','2','wxpay') [ RunTime:0.0001s ]
SQL: SHOW COLUMNS FROM `yk_vip` [ RunTime:0.0009s ]
SQL: SELECT * FROM `yk_vip` WHERE ( id=8043 ) LIMIT 1   [ RunTime:0.0002s ]
SQL: SELECT * FROM `yk_vip` WHERE ( id=4874 ) LIMIT 1   [ RunTime:0.0002s ]
SQL: SELECT * FROM `yk_vip` WHERE ( id=4874 ) LIMIT 1   [ RunTime:0.0002s ]
SQL: SELECT * FROM `yk_vip` WHERE `id` = 4874 AND `is_system` = 1 LIMIT 1   [ RunTime:0.0002s ]
SQL: SELECT * FROM `yk_vip` WHERE `id` = 4874 AND `is_system` = 1 LIMIT 1   [ RunTime:0.0002s ]
SQL: SHOW COLUMNS FROM `yk_mail` [ RunTime:0.0005s ]
SQL: INSERT INTO `yk_mail` (`to`,`name`,`subject`,`body`,`stime`,`ctime`,`status`) VALUES ('949257185@qq.com','逸康商城','【逸康商城】新订单，订单号：20170929151015-141，金额：680元，预设分销商:4874','<html>
									<head>
									<title>【逸康商城】新订单，订单号：20170929151015-141，金额：680元，预设分销商:4874</title>
									</head>
									<body>
									<table>
									<tr>
									<th>订单号: </th><td>20170929151015-141</td>
									</tr>
									<tr>
									<th>商品名: </th><td>恒压咽鼓管吹张器(成人型)</td>
									</tr>
									<tr>
									<th>预设分销商: </th><td>4874</td>
									</tr>
									<tr>
									<th>订单总额: </th><td>680元</td>
									</tr>
									<tr>
									<th>收货地址: </th><td>陕西省渭南市富平县南韩大街尚城国际B座西单元五楼东户</td>
									</tr>
									<tr>
									<th>收货人: </th><td>庞鹏</td>
									</tr>
									<tr>
									<th>收货电话: </th><td>13992390677</td>
									</tr>
									<tr>
									<th>支付时间: </th><td>2017-09-29 15:10:21</td>
									</tr>
									<tr>
									<th>下单时间: </th><td>2017-09-29 15:10:15</td>
									</tr>
									</table>
									</body>
									</html>','1506669021','1506669021','1') [ RunTime:0.0187s ]
SQL: SHOW COLUMNS FROM `yk_sms` [ RunTime:0.0006s ]
SQL: SELECT * FROM `yk_sms` LIMIT 1   [ RunTime:0.0001s ]
SQL: SHOW COLUMNS FROM `yk_wx_template` [ RunTime:0.0005s ]
SQL: SELECT * FROM `yk_wx_template` WHERE `templateidshort` = 'OPENTM200444326' LIMIT 1   [ RunTime:0.0002s ]
INFO: [ app_end ] --START--
INFO: Run Behavior\ShowPageTraceBehavior [ RunTime:0.000541s ]
INFO: [ app_end ] --END-- [ RunTime:0.000617s ]

[ 2017-09-29T15:17:10+08:00 ] 140.207.54.76 /Home/Wx/index/token/gzyikang2016?signature=110112b0578cd49c0feabd0731be9f8eedaf78af&timestamp=1506669429&nonce=1758696651&openid=omV0nwtovMe3ODYeM6YSR6rWJwzQ
INFO: [ app_init ] --START--
INFO: Run Behavior\BuildLiteBehavior [ RunTime:0.000012s ]
INFO: [ app_init ] --END-- [ RunTime:0.000270s ]
INFO: [ app_begin ] --START--
INFO: Run Behavior\ReadHtmlCacheBehavior [ RunTime:0.000366s ]
INFO: [ app_begin ] --END-- [ RunTime:0.000405s ]
SQL: SHOW COLUMNS FROM `yk_shop_set` [ RunTime:0.0010s ]
SQL: SELECT * FROM `yk_shop_set` LIMIT 1   [ RunTime:0.0027s ]
SQL: SHOW COLUMNS FROM `yk_set` [ RunTime:0.0005s ]
SQL: SELECT * FROM `yk_set` LIMIT 1   [ RunTime:0.0001s ]
SQL: SHOW COLUMNS FROM `yk_vip` [ RunTime:0.0042s ]
SQL: SHOW COLUMNS FROM `yk_vip_message` [ RunTime:0.0004s ]
SQL: SHOW COLUMNS FROM `yk_vip_log_sub` [ RunTime:0.0005s ]
SQL: SHOW COLUMNS FROM `yk_employee` [ RunTime:0.0005s ]
SQL: SHOW COLUMNS FROM `yk_vip_set` [ RunTime:0.0006s ]
SQL: SELECT * FROM `yk_vip_set` LIMIT 1   [ RunTime:0.0001s ]
SQL: SELECT * FROM `yk_vip` WHERE `openid` = 'omV0nwtovMe3ODYeM6YSR6rWJwzQ' LIMIT 1   [ RunTime:0.0003s ]
SQL: UPDATE `yk_vip` SET `pid`='3607',`plv`='2',`path`='0-3607',`mobile`=NULL,`password`=NULL,`name`=NULL,`email`=NULL,`money`='0.00',`score`='100',`exp`='20',`cur_exp`='20',`levelid`='1',`openid`='omV0nwtovMe3ODYeM6YSR6rWJwzQ',`nickname`='马',`sex`='0',`city`='',`province`='',`country`='',`language`='zh_CN',`headimgurl`='http://wx.qlogo.cn/mmopen/vi_32/UIRCUdrQXodgbM5ibgUrDVbqVRe651PMLsmsAF8FEbNSOJh3eiaEiajjiclfXYBEeFolNgcXyxLAcibg9Kof2Zu1aEA/0',`subscribe`='1',`subscribe_time`=NULL,`remark`=NULL,`status`='1',`ctime`='1506668285',`cctime`='1506669430',`sign`='0',`signtime`=NULL,`isfx`='0',`isfxgd`='0',`total_buy`='0',`total_yj`='0',`total_xxyj`='0',`total_xxlink`='0',`total_xxsub`='0',`total_xxunsub`='0',`total_xxbuy`='0',`txname`=NULL,`txmobile`=NULL,`txyh`=NULL,`txfh`=NULL,`txszd`=NULL,`txcard`=NULL,`employee`='0',`ticket`=NULL,`continue_sign`='0',`is_system`='0' WHERE `id` = 8041 [ RunTime:0.0016s ]
SQL: SHOW COLUMNS FROM `yk_wx_keyword` [ RunTime:0.0597s ]
SQL: SELECT * FROM `yk_wx_keyword` WHERE `keyword` = '今天下单了，几号可以发货？' LIMIT 1   [ RunTime:0.0039s ]
INFO: [ app_end ] --START--
INFO: Run Behavior\ShowPageTraceBehavior [ RunTime:0.000515s ]
INFO: [ app_end ] --END-- [ RunTime:0.000557s ]

[ 2017-09-29T15:17:14+08:00 ] 140.207.54.76 /Home/Wx/index/token/gzyikang2016?signature=5cc3b779f658d01eecbe50ce7c52fa0cbab7e6d3&timestamp=1506669433&nonce=523966509&openid=omV0nwtovMe3ODYeM6YSR6rWJwzQ
INFO: [ app_init ] --START--
INFO: Run Behavior\BuildLiteBehavior [ RunTime:0.000013s ]
INFO: [ app_init ] --END-- [ RunTime:0.000278s ]
INFO: [ app_begin ] --START--
INFO: Run Behavior\ReadHtmlCacheBehavior [ RunTime:0.000323s ]
INFO: [ app_begin ] --END-- [ RunTime:0.000364s ]
SQL: SHOW COLUMNS FROM `yk_shop_set` [ RunTime:0.0010s ]
SQL: SELECT * FROM `yk_shop_set` LIMIT 1   [ RunTime:0.0002s ]
SQL: SHOW COLUMNS FROM `yk_set` [ RunTime:0.0005s ]
SQL: SELECT * FROM `yk_set` LIMIT 1   [ RunTime:0.0001s ]
SQL: SHOW COLUMNS FROM `yk_vip` [ RunTime:0.0011s ]
SQL: SHOW COLUMNS FROM `yk_vip_message` [ RunTime:0.0004s ]
SQL: SHOW COLUMNS FROM `yk_vip_log_sub` [ RunTime:0.0004s ]
SQL: SHOW COLUMNS FROM `yk_employee` [ RunTime:0.0005s ]
SQL: SHOW COLUMNS FROM `yk_vip_set` [ RunTime:0.0006s ]
SQL: SELECT * FROM `yk_vip_set` LIMIT 1   [ RunTime:0.0001s ]
INFO: [ app_end ] --START--
INFO: Run Behavior\ShowPageTraceBehavior [ RunTime:0.000424s ]
INFO: [ app_end ] --END-- [ RunTime:0.000468s ]

[ 2017-09-29T15:34:24+08:00 ] 140.207.54.79 /Home/Wx/index/token/gzyikang2016?signature=486827a3a09a4c0c95ceae1716127606c07ff4f0&timestamp=1506670464&nonce=1063836754&openid=omV0nwgHKXeEWKpDYBEom00frrb0
INFO: [ app_init ] --START--
INFO: Run Behavior\BuildLiteBehavior [ RunTime:0.000012s ]
INFO: [ app_init ] --END-- [ RunTime:0.000260s ]
INFO: [ app_begin ] --START--
INFO: Run Behavior\ReadHtmlCacheBehavior [ RunTime:0.000339s ]
INFO: [ app_begin ] --END-- [ RunTime:0.000378s ]
SQL: SHOW COLUMNS FROM `yk_shop_set` [ RunTime:0.0010s ]
SQL: SELECT * FROM `yk_shop_set` LIMIT 1   [ RunTime:0.0002s ]
SQL: SHOW COLUMNS FROM `yk_set` [ RunTime:0.0005s ]
SQL: SELECT * FROM `yk_set` LIMIT 1   [ RunTime:0.0001s ]
SQL: SHOW COLUMNS FROM `yk_vip` [ RunTime:0.0010s ]
SQL: SHOW COLUMNS FROM `yk_vip_message` [ RunTime:0.0004s ]
SQL: SHOW COLUMNS FROM `yk_vip_log_sub` [ RunTime:0.0004s ]
SQL: SHOW COLUMNS FROM `yk_employee` [ RunTime:0.0005s ]
SQL: SHOW COLUMNS FROM `yk_vip_set` [ RunTime:0.0005s ]
SQL: SELECT * FROM `yk_vip_set` LIMIT 1   [ RunTime:0.0001s ]
SQL: SELECT * FROM `yk_vip` WHERE `openid` = 'omV0nwgHKXeEWKpDYBEom00frrb0' LIMIT 1   [ RunTime:0.0003s ]
SQL: UPDATE `yk_vip` SET `subscribe`='0' WHERE `openid` = 'omV0nwgHKXeEWKpDYBEom00frrb0' [ RunTime:0.0002s ]
SQL: INSERT INTO `yk_vip_log_sub` (`ppid`,`from`,`fromname`,`to`,`toname`,`issub`,`ctime`) VALUES ('0','7956','阿园','0','逸康商城','0','1506670464') [ RunTime:0.0002s ]
INFO: [ app_end ] --START--
INFO: Run Behavior\ShowPageTraceBehavior [ RunTime:0.000390s ]
INFO: [ app_end ] --END-- [ RunTime:0.000430s ]

[ 2017-09-29T15:36:18+08:00 ] 101.226.102.141 /Home/Wxpay/pay/oid/20170929153617-142
INFO: [ app_init ] --START--
INFO: Run Behavior\BuildLiteBehavior [ RunTime:0.000012s ]
INFO: [ app_init ] --END-- [ RunTime:0.000255s ]
INFO: [ app_begin ] --START--
INFO: Run Behavior\ReadHtmlCacheBehavior [ RunTime:0.000348s ]
INFO: [ app_begin ] --END-- [ RunTime:0.000385s ]
SQL: SHOW COLUMNS FROM `yk_set` [ RunTime:0.0007s ]
SQL: SELECT * FROM `yk_set` LIMIT 1   [ RunTime:0.0001s ]
SQL: SHOW COLUMNS FROM `yk_shop_set` [ RunTime:0.0007s ]
SQL: SELECT * FROM `yk_shop_set` LIMIT 1   [ RunTime:0.0001s ]
SQL: SHOW COLUMNS FROM `yk_shop_order` [ RunTime:0.0009s ]
SQL: SELECT * FROM `yk_shop_order` WHERE `oid` = '20170929153617-142' LIMIT 1   [ RunTime:0.0004s ]
INFO: [ app_end ] --START--
INFO: Run Behavior\ShowPageTraceBehavior [ RunTime:0.000557s ]
INFO: [ app_end ] --END-- [ RunTime:0.000614s ]

[ 2017-09-29T15:37:59+08:00 ] 101.226.102.141 /Home/Wxpay/pay/oid/20170929153617-142
INFO: [ app_init ] --START--
INFO: Run Behavior\BuildLiteBehavior [ RunTime:0.000013s ]
INFO: [ app_init ] --END-- [ RunTime:0.000258s ]
INFO: [ app_begin ] --START--
INFO: Run Behavior\ReadHtmlCacheBehavior [ RunTime:0.000355s ]
INFO: [ app_begin ] --END-- [ RunTime:0.000394s ]
SQL: SHOW COLUMNS FROM `yk_set` [ RunTime:0.0007s ]
SQL: SELECT * FROM `yk_set` LIMIT 1   [ RunTime:0.0001s ]
SQL: SHOW COLUMNS FROM `yk_shop_set` [ RunTime:0.0008s ]
SQL: SELECT * FROM `yk_shop_set` LIMIT 1   [ RunTime:0.0002s ]
SQL: SHOW COLUMNS FROM `yk_shop_order` [ RunTime:0.0009s ]
SQL: SELECT * FROM `yk_shop_order` WHERE `oid` = '20170929153617-142' LIMIT 1   [ RunTime:0.0004s ]
INFO: [ app_end ] --START--
INFO: Run Behavior\ShowPageTraceBehavior [ RunTime:0.000596s ]
INFO: [ app_end ] --END-- [ RunTime:0.000655s ]

[ 2017-09-29T15:38:43+08:00 ] 140.207.54.74 /Home/Wxpay/nd/
INFO: [ app_init ] --START--
INFO: Run Behavior\BuildLiteBehavior [ RunTime:0.000012s ]
INFO: [ app_init ] --END-- [ RunTime:0.000267s ]
INFO: [ app_begin ] --START--
INFO: Run Behavior\ReadHtmlCacheBehavior [ RunTime:0.000345s ]
INFO: [ app_begin ] --END-- [ RunTime:0.000385s ]
SQL: SHOW COLUMNS FROM `yk_set` [ RunTime:0.0007s ]
SQL: SELECT * FROM `yk_set` LIMIT 1   [ RunTime:0.0001s ]
SQL: SHOW COLUMNS FROM `yk_shop_set` [ RunTime:0.0008s ]
SQL: SELECT * FROM `yk_shop_set` LIMIT 1   [ RunTime:0.0002s ]
SQL: SHOW COLUMNS FROM `yk_set` [ RunTime:0.0005s ]
SQL: SELECT * FROM `yk_set` LIMIT 1   [ RunTime:0.0001s ]
SQL: SHOW COLUMNS FROM `yk_shop_order` [ RunTime:0.0009s ]
SQL: SELECT * FROM `yk_shop_order` WHERE `oid` = '20170929153617-142' LIMIT 1   [ RunTime:0.0004s ]
SQL: UPDATE `yk_shop_order` SET `sid`='0',`oid`='20170929153617-142',`djqid`='0',`totalprice`='2040',`totalnum`='3',`payprice`='2040',`paytype`='wxpay',`paytime`='1506670722',`aliaccount`=NULL,`yf`='0',`ispay`='1',`vipid`='7956',`vipopenid`='omV0nwgHKXeEWKpDYBEom00frrb0',`vipname`='阿园',`vipmobile`='13967461035',`vipaddress`='浙江省永康市金胜路355号1单元',`vipxqname`=NULL,`vipxqid`=NULL,`msg`='',`kfmsg`=NULL,`ctime`='1506670577',`ntime`=NULL,`dtime`=NULL,`etime`=NULL,`changetime`=NULL,`changemsg`=NULL,`changeadmin`=NULL,`closetime`=NULL,`closemsg`=NULL,`closeadmin`=NULL,`tuihuoprice`=NULL,`tuihuosqtime`='0',`tuihuotime`=NULL,`tuihuokd`=NULL,`tuihuokdnum`=NULL,`tuihuomsg`=NULL,`tuihuoadmin`=NULL,`status`='3',`fahuokd`=NULL,`fahuokdnum`=NULL,`items`='a:1:{i:0;a:12:{s:2:\"id\";s:4:\"2388\";s:3:\"sid\";s:1:\"0\";s:5:\"vipid\";s:4:\"7956\";s:7:\"goodsid\";s:2:\"17\";s:3:\"sku\";s:0:\"\";s:3:\"num\";s:1:\"3\";s:5:\"skuid\";i:0;s:4:\"name\";s:35:\"恒压咽鼓管吹张器(成人型)\";s:7:\"skuattr\";N;s:5:\"price\";s:3:\"680\";s:5:\"total\";i:2040;s:3:\"pic\";s:40:\"/Upload/img/2016-07-26/57972a3c5c91e.jpg\";}}',`fxsid`='987' WHERE `id` = 142 [ RunTime:0.0003s ]
SQL: SHOW COLUMNS FROM `yk_shop_goods` [ RunTime:0.0007s ]
SQL: SHOW COLUMNS FROM `yk_shop_goods_sku` [ RunTime:0.0005s ]
SQL: SHOW COLUMNS FROM `yk_shop_syslog_sells` [ RunTime:0.0005s ]
SQL: UPDATE `yk_shop_goods` SET `num`=num-3 WHERE ( id=17 ) [ RunTime:0.0001s ]
SQL: UPDATE `yk_shop_goods` SET `sells`=sells+3 WHERE ( id=17 ) [ RunTime:0.0001s ]
SQL: UPDATE `yk_shop_goods` SET `dissells`=dissells+3 WHERE ( id=17 ) [ RunTime:0.0001s ]
SQL: INSERT INTO `yk_shop_syslog_sells` (`oid`,`vipid`,`vipopenid`,`vipname`,`ctime`,`num`,`goodsid`,`goodsname`,`skuid`,`skuattr`,`price`,`total`) VALUES ('142','7956','omV0nwgHKXeEWKpDYBEom00frrb0','阿园','1506670722','3','17','恒压咽鼓管吹张器(成人型)','0','0','680','2040') [ RunTime:0.0002s ]
SQL: SHOW COLUMNS FROM `yk_shop_order_log` [ RunTime:0.0004s ]
SQL: SHOW COLUMNS FROM `yk_shop_order_syslog` [ RunTime:0.0004s ]
SQL: INSERT INTO `yk_shop_order_log` (`oid`,`msg`,`ctime`) VALUES ('142','微信付款成功','1506670722') [ RunTime:0.0001s ]
SQL: INSERT INTO `yk_shop_order_syslog` (`oid`,`msg`,`ctime`,`type`,`paytype`) VALUES ('142','微信付款成功','1506670722','2','wxpay') [ RunTime:0.0001s ]
SQL: SHOW COLUMNS FROM `yk_vip` [ RunTime:0.0011s ]
SQL: SELECT * FROM `yk_vip` WHERE ( id=7956 ) LIMIT 1   [ RunTime:0.0002s ]
SQL: SELECT * FROM `yk_vip` WHERE ( id=987 ) LIMIT 1   [ RunTime:0.0002s ]
SQL: SELECT * FROM `yk_vip` WHERE ( id=987 ) LIMIT 1   [ RunTime:0.0002s ]
SQL: SELECT * FROM `yk_vip` WHERE `id` = 987 AND `is_system` = 1 LIMIT 1   [ RunTime:0.0002s ]
SQL: SELECT * FROM `yk_vip` WHERE `id` = 987 AND `is_system` = 1 LIMIT 1   [ RunTime:0.0002s ]
SQL: SHOW COLUMNS FROM `yk_mail` [ RunTime:0.0005s ]
SQL: INSERT INTO `yk_mail` (`to`,`name`,`subject`,`body`,`stime`,`ctime`,`status`) VALUES ('949257185@qq.com','逸康商城','【逸康商城】新订单，订单号：20170929153617-142，金额：2040元，预设分销商:987','<html>
									<head>
									<title>【逸康商城】新订单，订单号：20170929153617-142，金额：2040元，预设分销商:987</title>
									</head>
									<body>
									<table>
									<tr>
									<th>订单号: </th><td>20170929153617-142</td>
									</tr>
									<tr>
									<th>商品名: </th><td>恒压咽鼓管吹张器(成人型)</td>
									</tr>
									<tr>
									<th>预设分销商: </th><td>987</td>
									</tr>
									<tr>
									<th>订单总额: </th><td>2040元</td>
									</tr>
									<tr>
									<th>收货地址: </th><td>浙江省永康市金胜路355号1单元</td>
									</tr>
									<tr>
									<th>收货人: </th><td>阿园</td>
									</tr>
									<tr>
									<th>收货电话: </th><td>13967461035</td>
									</tr>
									<tr>
									<th>支付时间: </th><td>2017-09-29 15:38:42</td>
									</tr>
									<tr>
									<th>下单时间: </th><td>2017-09-29 15:36:17</td>
									</tr>
									</table>
									</body>
									</html>','1506670722','1506670722','1') [ RunTime:0.0334s ]
SQL: SHOW COLUMNS FROM `yk_sms` [ RunTime:0.0006s ]
SQL: SELECT * FROM `yk_sms` LIMIT 1   [ RunTime:0.0001s ]
SQL: SHOW COLUMNS FROM `yk_wx_template` [ RunTime:0.0010s ]
SQL: SELECT * FROM `yk_wx_template` WHERE `templateidshort` = 'OPENTM200444326' LIMIT 1   [ RunTime:0.0002s ]
INFO: [ app_end ] --START--
INFO: Run Behavior\ShowPageTraceBehavior [ RunTime:0.000542s ]
INFO: [ app_end ] --END-- [ RunTime:0.000644s ]

[ 2017-09-29T15:51:52+08:00 ] 140.207.54.76 /Home/Wx/index/token/gzyikang2016?signature=acf0c293d78e2a02bc291acbe6b365d1979b01c3&timestamp=1506671512&nonce=2053484456&openid=omV0nwtZm0k7j8pef9H4oFIuayBw
INFO: [ app_init ] --START--
INFO: Run Behavior\BuildLiteBehavior [ RunTime:0.000012s ]
INFO: [ app_init ] --END-- [ RunTime:0.000266s ]
INFO: [ app_begin ] --START--
INFO: Run Behavior\ReadHtmlCacheBehavior [ RunTime:0.000354s ]
INFO: [ app_begin ] --END-- [ RunTime:0.000394s ]
SQL: SHOW COLUMNS FROM `yk_shop_set` [ RunTime:0.0011s ]
SQL: SELECT * FROM `yk_shop_set` LIMIT 1   [ RunTime:0.0002s ]
SQL: SHOW COLUMNS FROM `yk_set` [ RunTime:0.0005s ]
SQL: SELECT * FROM `yk_set` LIMIT 1   [ RunTime:0.0001s ]
SQL: SHOW COLUMNS FROM `yk_vip` [ RunTime:0.0011s ]
SQL: SHOW COLUMNS FROM `yk_vip_message` [ RunTime:0.0004s ]
SQL: SHOW COLUMNS FROM `yk_vip_log_sub` [ RunTime:0.0004s ]
SQL: SHOW COLUMNS FROM `yk_employee` [ RunTime:0.0007s ]
SQL: SHOW COLUMNS FROM `yk_vip_set` [ RunTime:0.0007s ]
SQL: SELECT * FROM `yk_vip_set` LIMIT 1   [ RunTime:0.0002s ]
INFO: [ app_end ] --START--
INFO: Run Behavior\ShowPageTraceBehavior [ RunTime:0.000439s ]
INFO: [ app_end ] --END-- [ RunTime:0.000485s ]

[ 2017-09-29T16:19:43+08:00 ] 140.207.54.75 /Home/Wx/index/token/gzyikang2016?signature=795646c4faeeb4dac4ceacf9ca17aaf79417d262&timestamp=1506673183&nonce=655740697&openid=omV0nwrEEFkz8nXrvMLQwYUw6oGQ
INFO: [ app_init ] --START--
INFO: Run Behavior\BuildLiteBehavior [ RunTime:0.000012s ]
INFO: [ app_init ] --END-- [ RunTime:0.000260s ]
INFO: [ app_begin ] --START--
INFO: Run Behavior\ReadHtmlCacheBehavior [ RunTime:0.000347s ]
INFO: [ app_begin ] --END-- [ RunTime:0.000387s ]
SQL: SHOW COLUMNS FROM `yk_shop_set` [ RunTime:0.0010s ]
SQL: SELECT * FROM `yk_shop_set` LIMIT 1   [ RunTime:0.0002s ]
SQL: SHOW COLUMNS FROM `yk_set` [ RunTime:0.0005s ]
SQL: SELECT * FROM `yk_set` LIMIT 1   [ RunTime:0.0001s ]
SQL: SHOW COLUMNS FROM `yk_vip` [ RunTime:0.0011s ]
SQL: SHOW COLUMNS FROM `yk_vip_message` [ RunTime:0.0004s ]
SQL: SHOW COLUMNS FROM `yk_vip_log_sub` [ RunTime:0.0004s ]
SQL: SHOW COLUMNS FROM `yk_employee` [ RunTime:0.0005s ]
SQL: SHOW COLUMNS FROM `yk_vip_set` [ RunTime:0.0006s ]
SQL: SELECT * FROM `yk_vip_set` LIMIT 1   [ RunTime:0.0001s ]
SQL: SELECT * FROM `yk_vip` WHERE `openid` = 'omV0nwrEEFkz8nXrvMLQwYUw6oGQ' LIMIT 1   [ RunTime:0.0003s ]
SQL: UPDATE `yk_vip` SET `subscribe`='1' WHERE `openid` = 'omV0nwrEEFkz8nXrvMLQwYUw6oGQ' [ RunTime:0.0002s ]
SQL: SELECT * FROM `yk_vip` WHERE ( id=829 ) LIMIT 1   [ RunTime:0.0002s ]
SQL: INSERT INTO `yk_vip_log_sub` (`ppid`,`from`,`fromname`,`to`,`toname`,`issub`,`ctime`) VALUES ('829','8044','韩英','829','','1','1506673183') [ RunTime:0.0002s ]
SQL: UPDATE `yk_vip` SET `total_xxsub`=total_xxsub+1 WHERE ( id=829 ) [ RunTime:0.0001s ]
SQL: SHOW COLUMNS FROM `yk_upload_img` [ RunTime:0.0004s ]
SQL: SELECT * FROM `yk_upload_img` WHERE `id` = 167 LIMIT 1   [ RunTime:0.0003s ]
INFO: [ app_end ] --START--
INFO: Run Behavior\ShowPageTraceBehavior [ RunTime:0.000557s ]
INFO: [ app_end ] --END-- [ RunTime:0.000602s ]

[ 2017-09-29T16:19:55+08:00 ] 140.207.54.75 /Home/Wx/index/token/gzyikang2016?signature=e00b31d2916d1122db3536a510812302219e85f6&timestamp=1506673195&nonce=1318991839&openid=omV0nwrEEFkz8nXrvMLQwYUw6oGQ
INFO: [ app_init ] --START--
INFO: Run Behavior\BuildLiteBehavior [ RunTime:0.000014s ]
INFO: [ app_init ] --END-- [ RunTime:0.000273s ]
INFO: [ app_begin ] --START--
INFO: Run Behavior\ReadHtmlCacheBehavior [ RunTime:0.000331s ]
INFO: [ app_begin ] --END-- [ RunTime:0.000371s ]
SQL: SHOW COLUMNS FROM `yk_shop_set` [ RunTime:0.0010s ]
SQL: SELECT * FROM `yk_shop_set` LIMIT 1   [ RunTime:0.0002s ]
SQL: SHOW COLUMNS FROM `yk_set` [ RunTime:0.0005s ]
SQL: SELECT * FROM `yk_set` LIMIT 1   [ RunTime:0.0001s ]
SQL: SHOW COLUMNS FROM `yk_vip` [ RunTime:0.0013s ]
SQL: SHOW COLUMNS FROM `yk_vip_message` [ RunTime:0.0004s ]
SQL: SHOW COLUMNS FROM `yk_vip_log_sub` [ RunTime:0.0004s ]
SQL: SHOW COLUMNS FROM `yk_employee` [ RunTime:0.0004s ]
SQL: SHOW COLUMNS FROM `yk_vip_set` [ RunTime:0.0006s ]
SQL: SELECT * FROM `yk_vip_set` LIMIT 1   [ RunTime:0.0001s ]
INFO: [ app_end ] --START--
INFO: Run Behavior\ShowPageTraceBehavior [ RunTime:0.000392s ]
INFO: [ app_end ] --END-- [ RunTime:0.000437s ]

[ 2017-09-29T16:54:47+08:00 ] 140.207.54.80 /Home/Wx/index/token/gzyikang2016?signature=e82c4e82a2217a20f05468a63c0c9471f0995992&timestamp=1506675287&nonce=267194010&openid=omV0nwlB4MCAOWMo6Hd8VJ0QgawI
INFO: [ app_init ] --START--
INFO: Run Behavior\BuildLiteBehavior [ RunTime:0.000012s ]
INFO: [ app_init ] --END-- [ RunTime:0.000282s ]
INFO: [ app_begin ] --START--
INFO: Run Behavior\ReadHtmlCacheBehavior [ RunTime:0.000326s ]
INFO: [ app_begin ] --END-- [ RunTime:0.000366s ]
SQL: SHOW COLUMNS FROM `yk_shop_set` [ RunTime:0.0010s ]
SQL: SELECT * FROM `yk_shop_set` LIMIT 1   [ RunTime:0.0002s ]
SQL: SHOW COLUMNS FROM `yk_set` [ RunTime:0.0004s ]
SQL: SELECT * FROM `yk_set` LIMIT 1   [ RunTime:0.0001s ]
SQL: SHOW COLUMNS FROM `yk_vip` [ RunTime:0.0010s ]
SQL: SHOW COLUMNS FROM `yk_vip_message` [ RunTime:0.0004s ]
SQL: SHOW COLUMNS FROM `yk_vip_log_sub` [ RunTime:0.0006s ]
SQL: SHOW COLUMNS FROM `yk_employee` [ RunTime:0.0005s ]
SQL: SHOW COLUMNS FROM `yk_vip_set` [ RunTime:0.0006s ]
SQL: SELECT * FROM `yk_vip_set` LIMIT 1   [ RunTime:0.0001s ]
SQL: SELECT * FROM `yk_vip` WHERE `openid` = 'omV0nwlB4MCAOWMo6Hd8VJ0QgawI' LIMIT 1   [ RunTime:0.0003s ]
SQL: UPDATE `yk_vip` SET `subscribe`='1' WHERE `openid` = 'omV0nwlB4MCAOWMo6Hd8VJ0QgawI' [ RunTime:0.0002s ]
SQL: SELECT * FROM `yk_vip` WHERE ( id=2051 ) LIMIT 1   [ RunTime:0.0002s ]
SQL: INSERT INTO `yk_vip_log_sub` (`ppid`,`from`,`fromname`,`to`,`toname`,`issub`,`ctime`) VALUES ('2051','8045','凌云木','2051','','1','1506675287') [ RunTime:0.0001s ]
SQL: UPDATE `yk_vip` SET `total_xxsub`=total_xxsub+1 WHERE ( id=2051 ) [ RunTime:0.0001s ]
SQL: SHOW COLUMNS FROM `yk_upload_img` [ RunTime:0.0004s ]
SQL: SELECT * FROM `yk_upload_img` WHERE `id` = 167 LIMIT 1   [ RunTime:0.0001s ]
INFO: [ app_end ] --START--
INFO: Run Behavior\ShowPageTraceBehavior [ RunTime:0.000418s ]
INFO: [ app_end ] --END-- [ RunTime:0.000461s ]

[ 2017-09-29T16:54:50+08:00 ] 140.207.54.79 /Home/Wx/index/token/gzyikang2016?signature=0ee0d42e96e98b03999071e6da3eff65ddd54cd8&timestamp=1506675290&nonce=1077459245&openid=omV0nwlB4MCAOWMo6Hd8VJ0QgawI
INFO: [ app_init ] --START--
INFO: Run Behavior\BuildLiteBehavior [ RunTime:0.000014s ]
INFO: [ app_init ] --END-- [ RunTime:0.000268s ]
INFO: [ app_begin ] --START--
INFO: Run Behavior\ReadHtmlCacheBehavior [ RunTime:0.000525s ]
INFO: [ app_begin ] --END-- [ RunTime:0.000599s ]
SQL: SHOW COLUMNS FROM `yk_shop_set` [ RunTime:0.0011s ]
SQL: SELECT * FROM `yk_shop_set` LIMIT 1   [ RunTime:0.0002s ]
SQL: SHOW COLUMNS FROM `yk_set` [ RunTime:0.0004s ]
SQL: SELECT * FROM `yk_set` LIMIT 1   [ RunTime:0.0001s ]
SQL: SHOW COLUMNS FROM `yk_vip` [ RunTime:0.0010s ]
SQL: SHOW COLUMNS FROM `yk_vip_message` [ RunTime:0.0004s ]
SQL: SHOW COLUMNS FROM `yk_vip_log_sub` [ RunTime:0.0004s ]
SQL: SHOW COLUMNS FROM `yk_employee` [ RunTime:0.0005s ]
SQL: SHOW COLUMNS FROM `yk_vip_set` [ RunTime:0.0006s ]
SQL: SELECT * FROM `yk_vip_set` LIMIT 1   [ RunTime:0.0001s ]
INFO: [ app_end ] --START--
INFO: Run Behavior\ShowPageTraceBehavior [ RunTime:0.000446s ]
INFO: [ app_end ] --END-- [ RunTime:0.000493s ]

[ 2017-09-29T16:56:38+08:00 ] 123.151.153.116 /Home/Wxpay/pay/oid/20170929165637-143
INFO: [ app_init ] --START--
INFO: Run Behavior\BuildLiteBehavior [ RunTime:0.000011s ]
INFO: [ app_init ] --END-- [ RunTime:0.000268s ]
INFO: [ app_begin ] --START--
INFO: Run Behavior\ReadHtmlCacheBehavior [ RunTime:0.000335s ]
INFO: [ app_begin ] --END-- [ RunTime:0.000374s ]
SQL: SHOW COLUMNS FROM `yk_set` [ RunTime:0.0007s ]
SQL: SELECT * FROM `yk_set` LIMIT 1   [ RunTime:0.0001s ]
SQL: SHOW COLUMNS FROM `yk_shop_set` [ RunTime:0.0008s ]
SQL: SELECT * FROM `yk_shop_set` LIMIT 1   [ RunTime:0.0002s ]
SQL: SHOW COLUMNS FROM `yk_shop_order` [ RunTime:0.0009s ]
SQL: SELECT * FROM `yk_shop_order` WHERE `oid` = '20170929165637-143' LIMIT 1   [ RunTime:0.0004s ]
INFO: [ app_end ] --START--
INFO: Run Behavior\ShowPageTraceBehavior [ RunTime:0.000598s ]
INFO: [ app_end ] --END-- [ RunTime:0.000657s ]

[ 2017-09-29T16:56:47+08:00 ] 140.207.54.73 /Home/Wxpay/nd/
INFO: [ app_init ] --START--
INFO: Run Behavior\BuildLiteBehavior [ RunTime:0.000014s ]
INFO: [ app_init ] --END-- [ RunTime:0.000274s ]
INFO: [ app_begin ] --START--
INFO: Run Behavior\ReadHtmlCacheBehavior [ RunTime:0.000326s ]
INFO: [ app_begin ] --END-- [ RunTime:0.000367s ]
SQL: SHOW COLUMNS FROM `yk_set` [ RunTime:0.0007s ]
SQL: SELECT * FROM `yk_set` LIMIT 1   [ RunTime:0.0001s ]
SQL: SHOW COLUMNS FROM `yk_shop_set` [ RunTime:0.0011s ]
SQL: SELECT * FROM `yk_shop_set` LIMIT 1   [ RunTime:0.0002s ]
SQL: SHOW COLUMNS FROM `yk_set` [ RunTime:0.0005s ]
SQL: SELECT * FROM `yk_set` LIMIT 1   [ RunTime:0.0001s ]
SQL: SHOW COLUMNS FROM `yk_shop_order` [ RunTime:0.0009s ]
SQL: SELECT * FROM `yk_shop_order` WHERE `oid` = '20170929165637-143' LIMIT 1   [ RunTime:0.0004s ]
SQL: UPDATE `yk_shop_order` SET `sid`='0',`oid`='20170929165637-143',`djqid`='0',`totalprice`='680',`totalnum`='1',`payprice`='680',`paytype`='wxpay',`paytime`='1506675406',`aliaccount`=NULL,`yf`='0',`ispay`='1',`vipid`='8045',`vipopenid`='omV0nwlB4MCAOWMo6Hd8VJ0QgawI',`vipname`='戴文玉',`vipmobile`='15897182779',`vipaddress`='青海省西宁市城西区海湖星城东门',`vipxqname`=NULL,`vipxqid`=NULL,`msg`='',`kfmsg`=NULL,`ctime`='1506675397',`ntime`=NULL,`dtime`=NULL,`etime`=NULL,`changetime`=NULL,`changemsg`=NULL,`changeadmin`=NULL,`closetime`=NULL,`closemsg`=NULL,`closeadmin`=NULL,`tuihuoprice`=NULL,`tuihuosqtime`='0',`tuihuotime`=NULL,`tuihuokd`=NULL,`tuihuokdnum`=NULL,`tuihuomsg`=NULL,`tuihuoadmin`=NULL,`status`='3',`fahuokd`=NULL,`fahuokdnum`=NULL,`items`='a:1:{i:0;a:12:{s:2:\"id\";s:4:\"2389\";s:3:\"sid\";s:1:\"0\";s:5:\"vipid\";s:4:\"8045\";s:7:\"goodsid\";s:2:\"17\";s:3:\"sku\";s:0:\"\";s:3:\"num\";s:1:\"1\";s:5:\"skuid\";i:0;s:4:\"name\";s:35:\"恒压咽鼓管吹张器(成人型)\";s:7:\"skuattr\";N;s:5:\"price\";s:3:\"680\";s:5:\"total\";i:680;s:3:\"pic\";s:40:\"/Upload/img/2016-07-26/57972a3c5c91e.jpg\";}}',`fxsid`='2051' WHERE `id` = 143 [ RunTime:0.0003s ]
SQL: SHOW COLUMNS FROM `yk_shop_goods` [ RunTime:0.0007s ]
SQL: SHOW COLUMNS FROM `yk_shop_goods_sku` [ RunTime:0.0004s ]
SQL: SHOW COLUMNS FROM `yk_shop_syslog_sells` [ RunTime:0.0005s ]
SQL: UPDATE `yk_shop_goods` SET `num`=num-1 WHERE ( id=17 ) [ RunTime:0.0002s ]
SQL: UPDATE `yk_shop_goods` SET `sells`=sells+1 WHERE ( id=17 ) [ RunTime:0.0002s ]
SQL: UPDATE `yk_shop_goods` SET `dissells`=dissells+1 WHERE ( id=17 ) [ RunTime:0.0001s ]
SQL: INSERT INTO `yk_shop_syslog_sells` (`oid`,`vipid`,`vipopenid`,`vipname`,`ctime`,`num`,`goodsid`,`goodsname`,`skuid`,`skuattr`,`price`,`total`) VALUES ('143','8045','omV0nwlB4MCAOWMo6Hd8VJ0QgawI','戴文玉','1506675406','1','17','恒压咽鼓管吹张器(成人型)','0','0','680','680') [ RunTime:0.0002s ]
SQL: SHOW COLUMNS FROM `yk_shop_order_log` [ RunTime:0.0004s ]
SQL: SHOW COLUMNS FROM `yk_shop_order_syslog` [ RunTime:0.0004s ]
SQL: INSERT INTO `yk_shop_order_log` (`oid`,`msg`,`ctime`) VALUES ('143','微信付款成功','1506675406') [ RunTime:0.0001s ]
SQL: INSERT INTO `yk_shop_order_syslog` (`oid`,`msg`,`ctime`,`type`,`paytype`) VALUES ('143','微信付款成功','1506675406','2','wxpay') [ RunTime:0.0001s ]
SQL: SHOW COLUMNS FROM `yk_vip` [ RunTime:0.0009s ]
SQL: SELECT * FROM `yk_vip` WHERE ( id=8045 ) LIMIT 1   [ RunTime:0.0002s ]
SQL: SELECT * FROM `yk_vip` WHERE ( id=2051 ) LIMIT 1   [ RunTime:0.0002s ]
SQL: SELECT * FROM `yk_vip` WHERE ( id=2051 ) LIMIT 1   [ RunTime:0.0002s ]
SQL: SELECT * FROM `yk_vip` WHERE `id` = 2051 AND `is_system` = 1 LIMIT 1   [ RunTime:0.0002s ]
SQL: SELECT * FROM `yk_vip` WHERE `id` = 2051 AND `is_system` = 1 LIMIT 1   [ RunTime:0.0002s ]
SQL: SHOW COLUMNS FROM `yk_mail` [ RunTime:0.0006s ]
SQL: INSERT INTO `yk_mail` (`to`,`name`,`subject`,`body`,`stime`,`ctime`,`status`) VALUES ('949257185@qq.com','逸康商城','【逸康商城】新订单，订单号：20170929165637-143，金额：680元，预设分销商:2051','<html>
									<head>
									<title>【逸康商城】新订单，订单号：20170929165637-143，金额：680元，预设分销商:2051</title>
									</head>
									<body>
									<table>
									<tr>
									<th>订单号: </th><td>20170929165637-143</td>
									</tr>
									<tr>
									<th>商品名: </th><td>恒压咽鼓管吹张器(成人型)</td>
									</tr>
									<tr>
									<th>预设分销商: </th><td>2051</td>
									</tr>
									<tr>
									<th>订单总额: </th><td>680元</td>
									</tr>
									<tr>
									<th>收货地址: </th><td>青海省西宁市城西区海湖星城东门</td>
									</tr>
									<tr>
									<th>收货人: </th><td>戴文玉</td>
									</tr>
									<tr>
									<th>收货电话: </th><td>15897182779</td>
									</tr>
									<tr>
									<th>支付时间: </th><td>2017-09-29 16:56:46</td>
									</tr>
									<tr>
									<th>下单时间: </th><td>2017-09-29 16:56:37</td>
									</tr>
									</table>
									</body>
									</html>','1506675406','1506675406','1') [ RunTime:0.0195s ]
SQL: SHOW COLUMNS FROM `yk_sms` [ RunTime:0.0007s ]
SQL: SELECT * FROM `yk_sms` LIMIT 1   [ RunTime:0.0001s ]
SQL: SHOW COLUMNS FROM `yk_wx_template` [ RunTime:0.0008s ]
SQL: SELECT * FROM `yk_wx_template` WHERE `templateidshort` = 'OPENTM200444326' LIMIT 1   [ RunTime:0.0002s ]
INFO: [ app_end ] --START--
INFO: Run Behavior\ShowPageTraceBehavior [ RunTime:0.000539s ]
INFO: [ app_end ] --END-- [ RunTime:0.000622s ]

[ 2017-09-29T17:24:17+08:00 ] 140.207.54.75 /Home/Wx/index/token/gzyikang2016?signature=d61d1fa3bc4c090b917aa39e84085f5fcce6f329&timestamp=1506677057&nonce=913219116&openid=omV0nwoMSUHl8i9c92P8Y-uS8P7M
INFO: [ app_init ] --START--
INFO: Run Behavior\BuildLiteBehavior [ RunTime:0.000012s ]
INFO: [ app_init ] --END-- [ RunTime:0.000278s ]
INFO: [ app_begin ] --START--
INFO: Run Behavior\ReadHtmlCacheBehavior [ RunTime:0.000323s ]
INFO: [ app_begin ] --END-- [ RunTime:0.000368s ]
SQL: SHOW COLUMNS FROM `yk_shop_set` [ RunTime:0.0010s ]
SQL: SELECT * FROM `yk_shop_set` LIMIT 1   [ RunTime:0.0002s ]
SQL: SHOW COLUMNS FROM `yk_set` [ RunTime:0.0005s ]
SQL: SELECT * FROM `yk_set` LIMIT 1   [ RunTime:0.0001s ]
SQL: SHOW COLUMNS FROM `yk_vip` [ RunTime:0.0011s ]
SQL: SHOW COLUMNS FROM `yk_vip_message` [ RunTime:0.0004s ]
SQL: SHOW COLUMNS FROM `yk_vip_log_sub` [ RunTime:0.0005s ]
SQL: SHOW COLUMNS FROM `yk_employee` [ RunTime:0.0005s ]
SQL: SHOW COLUMNS FROM `yk_vip_set` [ RunTime:0.0006s ]
SQL: SELECT * FROM `yk_vip_set` LIMIT 1   [ RunTime:0.0002s ]
INFO: [ app_end ] --START--
INFO: Run Behavior\ShowPageTraceBehavior [ RunTime:0.000369s ]
INFO: [ app_end ] --END-- [ RunTime:0.000410s ]

[ 2017-09-29T18:30:12+08:00 ] 140.207.54.75 /Home/Wx/index/token/gzyikang2016?signature=a0c6ca1515992862ea9e9359d47faab947b73f63&timestamp=1506681012&nonce=42040519&openid=omV0nwlncKVfD-d4ykeXlRFIeW2o
INFO: [ app_init ] --START--
INFO: Run Behavior\BuildLiteBehavior [ RunTime:0.000016s ]
INFO: [ app_init ] --END-- [ RunTime:0.000324s ]
INFO: [ app_begin ] --START--
INFO: Run Behavior\ReadHtmlCacheBehavior [ RunTime:0.000325s ]
INFO: [ app_begin ] --END-- [ RunTime:0.000364s ]
SQL: SHOW COLUMNS FROM `yk_shop_set` [ RunTime:0.0010s ]
SQL: SELECT * FROM `yk_shop_set` LIMIT 1   [ RunTime:0.0002s ]
SQL: SHOW COLUMNS FROM `yk_set` [ RunTime:0.0005s ]
SQL: SELECT * FROM `yk_set` LIMIT 1   [ RunTime:0.0001s ]
SQL: SHOW COLUMNS FROM `yk_vip` [ RunTime:0.0011s ]
SQL: SHOW COLUMNS FROM `yk_vip_message` [ RunTime:0.0004s ]
SQL: SHOW COLUMNS FROM `yk_vip_log_sub` [ RunTime:0.0004s ]
SQL: SHOW COLUMNS FROM `yk_employee` [ RunTime:0.0005s ]
SQL: SHOW COLUMNS FROM `yk_vip_set` [ RunTime:0.0007s ]
SQL: SELECT * FROM `yk_vip_set` LIMIT 1   [ RunTime:0.0001s ]
INFO: [ app_end ] --START--
INFO: Run Behavior\ShowPageTraceBehavior [ RunTime:0.000403s ]
INFO: [ app_end ] --END-- [ RunTime:0.000445s ]

[ 2017-09-29T18:30:26+08:00 ] 140.207.54.76 /Home/Wx/index/token/gzyikang2016?signature=90d73171c5c93537d633ffbb576741abeaa6e117&timestamp=1506681026&nonce=1712380344&openid=omV0nwlncKVfD-d4ykeXlRFIeW2o
INFO: [ app_init ] --START--
INFO: Run Behavior\BuildLiteBehavior [ RunTime:0.000012s ]
INFO: [ app_init ] --END-- [ RunTime:0.000264s ]
INFO: [ app_begin ] --START--
INFO: Run Behavior\ReadHtmlCacheBehavior [ RunTime:0.000326s ]
INFO: [ app_begin ] --END-- [ RunTime:0.000366s ]
SQL: SHOW COLUMNS FROM `yk_shop_set` [ RunTime:0.0010s ]
SQL: SELECT * FROM `yk_shop_set` LIMIT 1   [ RunTime:0.0002s ]
SQL: SHOW COLUMNS FROM `yk_set` [ RunTime:0.0004s ]
SQL: SELECT * FROM `yk_set` LIMIT 1   [ RunTime:0.0001s ]
SQL: SHOW COLUMNS FROM `yk_vip` [ RunTime:0.0010s ]
SQL: SHOW COLUMNS FROM `yk_vip_message` [ RunTime:0.0003s ]
SQL: SHOW COLUMNS FROM `yk_vip_log_sub` [ RunTime:0.0004s ]
SQL: SHOW COLUMNS FROM `yk_employee` [ RunTime:0.0005s ]
SQL: SHOW COLUMNS FROM `yk_vip_set` [ RunTime:0.0006s ]
SQL: SELECT * FROM `yk_vip_set` LIMIT 1   [ RunTime:0.0001s ]
INFO: [ app_end ] --START--
INFO: Run Behavior\ShowPageTraceBehavior [ RunTime:0.000386s ]
INFO: [ app_end ] --END-- [ RunTime:0.000426s ]

[ 2017-09-29T19:28:58+08:00 ] 140.207.54.75 /Home/Wx/index/token/gzyikang2016?signature=6ffd34bd5f56052e803a28adc707afecb2f1abb2&timestamp=1506684538&nonce=1301176398&openid=omV0nwoMSUHl8i9c92P8Y-uS8P7M
INFO: [ app_init ] --START--
INFO: Run Behavior\BuildLiteBehavior [ RunTime:0.000012s ]
INFO: [ app_init ] --END-- [ RunTime:0.000257s ]
INFO: [ app_begin ] --START--
INFO: Run Behavior\ReadHtmlCacheBehavior [ RunTime:0.000349s ]
INFO: [ app_begin ] --END-- [ RunTime:0.000389s ]
SQL: SHOW COLUMNS FROM `yk_shop_set` [ RunTime:0.0010s ]
SQL: SELECT * FROM `yk_shop_set` LIMIT 1   [ RunTime:0.0002s ]
SQL: SHOW COLUMNS FROM `yk_set` [ RunTime:0.0005s ]
SQL: SELECT * FROM `yk_set` LIMIT 1   [ RunTime:0.0001s ]
SQL: SHOW COLUMNS FROM `yk_vip` [ RunTime:0.0010s ]
SQL: SHOW COLUMNS FROM `yk_vip_message` [ RunTime:0.0004s ]
SQL: SHOW COLUMNS FROM `yk_vip_log_sub` [ RunTime:0.0004s ]
SQL: SHOW COLUMNS FROM `yk_employee` [ RunTime:0.0005s ]
SQL: SHOW COLUMNS FROM `yk_vip_set` [ RunTime:0.0006s ]
SQL: SELECT * FROM `yk_vip_set` LIMIT 1   [ RunTime:0.0002s ]
INFO: [ app_end ] --START--
INFO: Run Behavior\ShowPageTraceBehavior [ RunTime:0.000444s ]
INFO: [ app_end ] --END-- [ RunTime:0.000494s ]

[ 2017-09-29T20:05:56+08:00 ] 140.207.54.75 /Home/Wx/index/token/gzyikang2016?signature=2257832d76acf3052334bfb3cc9ef4568df7b1f7&timestamp=1506686756&nonce=2057456450&openid=omV0nwlBcAHPeQJAeAix8ENw0Scc
INFO: [ app_init ] --START--
INFO: Run Behavior\BuildLiteBehavior [ RunTime:0.000012s ]
INFO: [ app_init ] --END-- [ RunTime:0.000265s ]
INFO: [ app_begin ] --START--
INFO: Run Behavior\ReadHtmlCacheBehavior [ RunTime:0.000324s ]
INFO: [ app_begin ] --END-- [ RunTime:0.000362s ]
SQL: SHOW COLUMNS FROM `yk_shop_set` [ RunTime:0.0010s ]
SQL: SELECT * FROM `yk_shop_set` LIMIT 1   [ RunTime:0.0002s ]
SQL: SHOW COLUMNS FROM `yk_set` [ RunTime:0.0007s ]
SQL: SELECT * FROM `yk_set` LIMIT 1   [ RunTime:0.0001s ]
SQL: SHOW COLUMNS FROM `yk_vip` [ RunTime:0.0011s ]
SQL: SHOW COLUMNS FROM `yk_vip_message` [ RunTime:0.0004s ]
SQL: SHOW COLUMNS FROM `yk_vip_log_sub` [ RunTime:0.0005s ]
SQL: SHOW COLUMNS FROM `yk_employee` [ RunTime:0.0005s ]
SQL: SHOW COLUMNS FROM `yk_vip_set` [ RunTime:0.0006s ]
SQL: SELECT * FROM `yk_vip_set` LIMIT 1   [ RunTime:0.0002s ]
INFO: [ app_end ] --START--
INFO: Run Behavior\ShowPageTraceBehavior [ RunTime:0.000361s ]
INFO: [ app_end ] --END-- [ RunTime:0.000402s ]

[ 2017-09-29T20:07:34+08:00 ] 140.207.54.75 /Home/Wx/index/token/gzyikang2016?signature=e053f63ab6cb9222a55c37264222658330cdf682&timestamp=1506686854&nonce=1299327332&openid=omV0nwlBcAHPeQJAeAix8ENw0Scc
INFO: [ app_init ] --START--
INFO: Run Behavior\BuildLiteBehavior [ RunTime:0.000012s ]
INFO: [ app_init ] --END-- [ RunTime:0.000277s ]
INFO: [ app_begin ] --START--
INFO: Run Behavior\ReadHtmlCacheBehavior [ RunTime:0.000323s ]
INFO: [ app_begin ] --END-- [ RunTime:0.000363s ]
SQL: SHOW COLUMNS FROM `yk_shop_set` [ RunTime:0.0010s ]
SQL: SELECT * FROM `yk_shop_set` LIMIT 1   [ RunTime:0.0002s ]
SQL: SHOW COLUMNS FROM `yk_set` [ RunTime:0.0005s ]
SQL: SELECT * FROM `yk_set` LIMIT 1   [ RunTime:0.0001s ]
SQL: SHOW COLUMNS FROM `yk_vip` [ RunTime:0.0010s ]
SQL: SHOW COLUMNS FROM `yk_vip_message` [ RunTime:0.0003s ]
SQL: SHOW COLUMNS FROM `yk_vip_log_sub` [ RunTime:0.0004s ]
SQL: SHOW COLUMNS FROM `yk_employee` [ RunTime:0.0004s ]
SQL: SHOW COLUMNS FROM `yk_vip_set` [ RunTime:0.0006s ]
SQL: SELECT * FROM `yk_vip_set` LIMIT 1   [ RunTime:0.0001s ]
INFO: [ app_end ] --START--
INFO: Run Behavior\ShowPageTraceBehavior [ RunTime:0.000353s ]
INFO: [ app_end ] --END-- [ RunTime:0.000394s ]

[ 2017-09-29T21:14:41+08:00 ] 140.207.54.76 /Home/Wx/index/token/gzyikang2016?signature=8ae9d505a59642fab15d0c7edc18a7529456d1b4&timestamp=1506690881&nonce=1721908339&openid=omV0nwhOZHRea3EF0zDRtcJE3KyE
INFO: [ app_init ] --START--
INFO: Run Behavior\BuildLiteBehavior [ RunTime:0.000012s ]
INFO: [ app_init ] --END-- [ RunTime:0.000258s ]
INFO: [ app_begin ] --START--
INFO: Run Behavior\ReadHtmlCacheBehavior [ RunTime:0.000320s ]
INFO: [ app_begin ] --END-- [ RunTime:0.000358s ]
SQL: SHOW COLUMNS FROM `yk_shop_set` [ RunTime:0.0010s ]
SQL: SELECT * FROM `yk_shop_set` LIMIT 1   [ RunTime:0.0002s ]
SQL: SHOW COLUMNS FROM `yk_set` [ RunTime:0.0004s ]
SQL: SELECT * FROM `yk_set` LIMIT 1   [ RunTime:0.0001s ]
SQL: SHOW COLUMNS FROM `yk_vip` [ RunTime:0.0010s ]
SQL: SHOW COLUMNS FROM `yk_vip_message` [ RunTime:0.0127s ]
SQL: SHOW COLUMNS FROM `yk_vip_log_sub` [ RunTime:0.0105s ]
SQL: SHOW COLUMNS FROM `yk_employee` [ RunTime:0.0007s ]
SQL: SHOW COLUMNS FROM `yk_vip_set` [ RunTime:0.0006s ]
SQL: SELECT * FROM `yk_vip_set` LIMIT 1   [ RunTime:0.0002s ]
SQL: SELECT * FROM `yk_vip` WHERE `openid` = 'omV0nwhOZHRea3EF0zDRtcJE3KyE' LIMIT 1   [ RunTime:0.0003s ]
SQL: UPDATE `yk_vip` SET `subscribe`='1' WHERE `openid` = 'omV0nwhOZHRea3EF0zDRtcJE3KyE' [ RunTime:0.0002s ]
SQL: SELECT * FROM `yk_vip` WHERE ( id=2050 ) LIMIT 1   [ RunTime:0.0002s ]
SQL: INSERT INTO `yk_vip_log_sub` (`ppid`,`from`,`fromname`,`to`,`toname`,`issub`,`ctime`) VALUES ('2050','8049','友友','2050','','1','1506690881') [ RunTime:0.0001s ]
SQL: UPDATE `yk_vip` SET `total_xxsub`=total_xxsub+1 WHERE ( id=2050 ) [ RunTime:0.0001s ]
SQL: SHOW COLUMNS FROM `yk_upload_img` [ RunTime:0.0003s ]
SQL: SELECT * FROM `yk_upload_img` WHERE `id` = 167 LIMIT 1   [ RunTime:0.0001s ]
INFO: [ app_end ] --START--
INFO: Run Behavior\ShowPageTraceBehavior [ RunTime:0.000375s ]
INFO: [ app_end ] --END-- [ RunTime:0.000413s ]

[ 2017-09-29T21:14:45+08:00 ] 140.207.54.75 /Home/Wx/index/token/gzyikang2016?signature=b9a9b37522300650ea41ecc4a2bdad9cb1d72c16&timestamp=1506690885&nonce=1309493840&openid=omV0nwhOZHRea3EF0zDRtcJE3KyE
INFO: [ app_init ] --START--
INFO: Run Behavior\BuildLiteBehavior [ RunTime:0.000012s ]
INFO: [ app_init ] --END-- [ RunTime:0.000281s ]
INFO: [ app_begin ] --START--
INFO: Run Behavior\ReadHtmlCacheBehavior [ RunTime:0.000322s ]
INFO: [ app_begin ] --END-- [ RunTime:0.000360s ]
SQL: SHOW COLUMNS FROM `yk_shop_set` [ RunTime:0.0009s ]
SQL: SELECT * FROM `yk_shop_set` LIMIT 1   [ RunTime:0.0027s ]
SQL: SHOW COLUMNS FROM `yk_set` [ RunTime:0.0005s ]
SQL: SELECT * FROM `yk_set` LIMIT 1   [ RunTime:0.0001s ]
SQL: SHOW COLUMNS FROM `yk_vip` [ RunTime:0.0010s ]
SQL: SHOW COLUMNS FROM `yk_vip_message` [ RunTime:0.0033s ]
SQL: SHOW COLUMNS FROM `yk_vip_log_sub` [ RunTime:0.0004s ]
SQL: SHOW COLUMNS FROM `yk_employee` [ RunTime:0.0005s ]
SQL: SHOW COLUMNS FROM `yk_vip_set` [ RunTime:0.0006s ]
SQL: SELECT * FROM `yk_vip_set` LIMIT 1   [ RunTime:0.0001s ]
INFO: [ app_end ] --START--
INFO: Run Behavior\ShowPageTraceBehavior [ RunTime:0.000383s ]
INFO: [ app_end ] --END-- [ RunTime:0.000425s ]

[ 2017-09-29T21:19:22+08:00 ] 123.151.176.198 /Home/Wxpay/pay/oid/20170929211921-144
INFO: [ app_init ] --START--
INFO: Run Behavior\BuildLiteBehavior [ RunTime:0.000012s ]
INFO: [ app_init ] --END-- [ RunTime:0.000252s ]
INFO: [ app_begin ] --START--
INFO: Run Behavior\ReadHtmlCacheBehavior [ RunTime:0.000328s ]
INFO: [ app_begin ] --END-- [ RunTime:0.000366s ]
SQL: SHOW COLUMNS FROM `yk_set` [ RunTime:0.0007s ]
SQL: SELECT * FROM `yk_set` LIMIT 1   [ RunTime:0.0001s ]
SQL: SHOW COLUMNS FROM `yk_shop_set` [ RunTime:0.0008s ]
SQL: SELECT * FROM `yk_shop_set` LIMIT 1   [ RunTime:0.0002s ]
SQL: SHOW COLUMNS FROM `yk_shop_order` [ RunTime:0.0009s ]
SQL: SELECT * FROM `yk_shop_order` WHERE `oid` = '20170929211921-144' LIMIT 1   [ RunTime:0.0004s ]
INFO: [ app_end ] --START--
INFO: Run Behavior\ShowPageTraceBehavior [ RunTime:0.000494s ]
INFO: [ app_end ] --END-- [ RunTime:0.000546s ]

[ 2017-09-29T21:19:34+08:00 ] 140.207.54.76 /Home/Wxpay/nd/
INFO: [ app_init ] --START--
INFO: Run Behavior\BuildLiteBehavior [ RunTime:0.000013s ]
INFO: [ app_init ] --END-- [ RunTime:0.000294s ]
INFO: [ app_begin ] --START--
INFO: Run Behavior\ReadHtmlCacheBehavior [ RunTime:0.000317s ]
INFO: [ app_begin ] --END-- [ RunTime:0.000355s ]
SQL: SHOW COLUMNS FROM `yk_set` [ RunTime:0.0007s ]
SQL: SELECT * FROM `yk_set` LIMIT 1   [ RunTime:0.0002s ]
SQL: SHOW COLUMNS FROM `yk_shop_set` [ RunTime:0.0007s ]
SQL: SELECT * FROM `yk_shop_set` LIMIT 1   [ RunTime:0.0001s ]
SQL: SHOW COLUMNS FROM `yk_set` [ RunTime:0.0005s ]
SQL: SELECT * FROM `yk_set` LIMIT 1   [ RunTime:0.0001s ]
SQL: SHOW COLUMNS FROM `yk_shop_order` [ RunTime:0.0009s ]
SQL: SELECT * FROM `yk_shop_order` WHERE `oid` = '20170929211921-144' LIMIT 1   [ RunTime:0.0004s ]
SQL: UPDATE `yk_shop_order` SET `sid`='0',`oid`='20170929211921-144',`djqid`='0',`totalprice`='680',`totalnum`='1',`payprice`='680',`paytype`='wxpay',`paytime`='1506691173',`aliaccount`=NULL,`yf`='0',`ispay`='1',`vipid`='8049',`vipopenid`='omV0nwhOZHRea3EF0zDRtcJE3KyE',`vipname`='马菊花',`vipmobile`='15202559339',`vipaddress`='青海省西宁市城东区德令哈路中先进小康新村',`vipxqname`=NULL,`vipxqid`=NULL,`msg`='',`kfmsg`=NULL,`ctime`='1506691161',`ntime`=NULL,`dtime`=NULL,`etime`=NULL,`changetime`=NULL,`changemsg`=NULL,`changeadmin`=NULL,`closetime`=NULL,`closemsg`=NULL,`closeadmin`=NULL,`tuihuoprice`=NULL,`tuihuosqtime`='0',`tuihuotime`=NULL,`tuihuokd`=NULL,`tuihuokdnum`=NULL,`tuihuomsg`=NULL,`tuihuoadmin`=NULL,`status`='3',`fahuokd`=NULL,`fahuokdnum`=NULL,`items`='a:1:{i:0;a:12:{s:2:\"id\";s:4:\"2390\";s:3:\"sid\";s:1:\"0\";s:5:\"vipid\";s:4:\"8049\";s:7:\"goodsid\";s:2:\"17\";s:3:\"sku\";s:0:\"\";s:3:\"num\";s:1:\"1\";s:5:\"skuid\";i:0;s:4:\"name\";s:35:\"恒压咽鼓管吹张器(成人型)\";s:7:\"skuattr\";N;s:5:\"price\";s:3:\"680\";s:5:\"total\";i:680;s:3:\"pic\";s:40:\"/Upload/img/2016-07-26/57972a3c5c91e.jpg\";}}',`fxsid`='2050' WHERE `id` = 144 [ RunTime:0.0003s ]
SQL: SHOW COLUMNS FROM `yk_shop_goods` [ RunTime:0.0007s ]
SQL: SHOW COLUMNS FROM `yk_shop_goods_sku` [ RunTime:0.0004s ]
SQL: SHOW COLUMNS FROM `yk_shop_syslog_sells` [ RunTime:0.0029s ]
SQL: UPDATE `yk_shop_goods` SET `num`=num-1 WHERE ( id=17 ) [ RunTime:0.0002s ]
SQL: UPDATE `yk_shop_goods` SET `sells`=sells+1 WHERE ( id=17 ) [ RunTime:0.0001s ]
SQL: UPDATE `yk_shop_goods` SET `dissells`=dissells+1 WHERE ( id=17 ) [ RunTime:0.0001s ]
SQL: INSERT INTO `yk_shop_syslog_sells` (`oid`,`vipid`,`vipopenid`,`vipname`,`ctime`,`num`,`goodsid`,`goodsname`,`skuid`,`skuattr`,`price`,`total`) VALUES ('144','8049','omV0nwhOZHRea3EF0zDRtcJE3KyE','马菊花','1506691173','1','17','恒压咽鼓管吹张器(成人型)','0','0','680','680') [ RunTime:0.1052s ]
SQL: SHOW COLUMNS FROM `yk_shop_order_log` [ RunTime:0.0151s ]
SQL: SHOW COLUMNS FROM `yk_shop_order_syslog` [ RunTime:0.0004s ]
SQL: INSERT INTO `yk_shop_order_log` (`oid`,`msg`,`ctime`) VALUES ('144','微信付款成功','1506691173') [ RunTime:0.0001s ]
SQL: INSERT INTO `yk_shop_order_syslog` (`oid`,`msg`,`ctime`,`type`,`paytype`) VALUES ('144','微信付款成功','1506691173','2','wxpay') [ RunTime:0.0001s ]
SQL: SHOW COLUMNS FROM `yk_vip` [ RunTime:0.0010s ]
SQL: SELECT * FROM `yk_vip` WHERE ( id=8049 ) LIMIT 1   [ RunTime:0.0002s ]
SQL: SELECT * FROM `yk_vip` WHERE ( id=2050 ) LIMIT 1   [ RunTime:0.0002s ]
SQL: SELECT * FROM `yk_vip` WHERE ( id=2050 ) LIMIT 1   [ RunTime:0.0002s ]
SQL: SELECT * FROM `yk_vip` WHERE `id` = 2050 AND `is_system` = 1 LIMIT 1   [ RunTime:0.0002s ]
SQL: SELECT * FROM `yk_vip` WHERE `id` = 2050 AND `is_system` = 1 LIMIT 1   [ RunTime:0.0002s ]
SQL: SHOW COLUMNS FROM `yk_mail` [ RunTime:0.0311s ]
SQL: INSERT INTO `yk_mail` (`to`,`name`,`subject`,`body`,`stime`,`ctime`,`status`) VALUES ('949257185@qq.com','逸康商城','【逸康商城】新订单，订单号：20170929211921-144，金额：680元，预设分销商:2050','<html>
									<head>
									<title>【逸康商城】新订单，订单号：20170929211921-144，金额：680元，预设分销商:2050</title>
									</head>
									<body>
									<table>
									<tr>
									<th>订单号: </th><td>20170929211921-144</td>
									</tr>
									<tr>
									<th>商品名: </th><td>恒压咽鼓管吹张器(成人型)</td>
									</tr>
									<tr>
									<th>预设分销商: </th><td>2050</td>
									</tr>
									<tr>
									<th>订单总额: </th><td>680元</td>
									</tr>
									<tr>
									<th>收货地址: </th><td>青海省西宁市城东区德令哈路中先进小康新村</td>
									</tr>
									<tr>
									<th>收货人: </th><td>马菊花</td>
									</tr>
									<tr>
									<th>收货电话: </th><td>15202559339</td>
									</tr>
									<tr>
									<th>支付时间: </th><td>2017-09-29 21:19:33</td>
									</tr>
									<tr>
									<th>下单时间: </th><td>2017-09-29 21:19:21</td>
									</tr>
									</table>
									</body>
									</html>','1506691173','1506691173','1') [ RunTime:0.0168s ]
SQL: SHOW COLUMNS FROM `yk_sms` [ RunTime:0.0125s ]
SQL: SELECT * FROM `yk_sms` LIMIT 1   [ RunTime:0.0015s ]
SQL: SHOW COLUMNS FROM `yk_wx_template` [ RunTime:0.0089s ]
SQL: SELECT * FROM `yk_wx_template` WHERE `templateidshort` = 'OPENTM200444326' LIMIT 1   [ RunTime:0.0056s ]
INFO: [ app_end ] --START--
INFO: Run Behavior\ShowPageTraceBehavior [ RunTime:0.000431s ]
INFO: [ app_end ] --END-- [ RunTime:0.000489s ]

[ 2017-09-29T21:25:31+08:00 ] 140.207.54.76 /Home/Wx/index/token/gzyikang2016?signature=5a09534ccabb24097fc23364edcdc5105117d04d&timestamp=1506691531&nonce=37702846&openid=omV0nwtZm0k7j8pef9H4oFIuayBw
INFO: [ app_init ] --START--
INFO: Run Behavior\BuildLiteBehavior [ RunTime:0.000012s ]
INFO: [ app_init ] --END-- [ RunTime:0.000257s ]
INFO: [ app_begin ] --START--
INFO: Run Behavior\ReadHtmlCacheBehavior [ RunTime:0.000344s ]
INFO: [ app_begin ] --END-- [ RunTime:0.000383s ]
SQL: SHOW COLUMNS FROM `yk_shop_set` [ RunTime:0.0011s ]
SQL: SELECT * FROM `yk_shop_set` LIMIT 1   [ RunTime:0.0002s ]
SQL: SHOW COLUMNS FROM `yk_set` [ RunTime:0.0005s ]
SQL: SELECT * FROM `yk_set` LIMIT 1   [ RunTime:0.0001s ]
SQL: SHOW COLUMNS FROM `yk_vip` [ RunTime:0.0011s ]
SQL: SHOW COLUMNS FROM `yk_vip_message` [ RunTime:0.0004s ]
SQL: SHOW COLUMNS FROM `yk_vip_log_sub` [ RunTime:0.0004s ]
SQL: SHOW COLUMNS FROM `yk_employee` [ RunTime:0.0005s ]
SQL: SHOW COLUMNS FROM `yk_vip_set` [ RunTime:0.0007s ]
SQL: SELECT * FROM `yk_vip_set` LIMIT 1   [ RunTime:0.0001s ]
INFO: [ app_end ] --START--
INFO: Run Behavior\ShowPageTraceBehavior [ RunTime:0.000381s ]
INFO: [ app_end ] --END-- [ RunTime:0.000421s ]

[ 2017-09-29T21:35:46+08:00 ] 140.207.54.80 /Home/Wx/index/token/gzyikang2016?signature=1d2b2d7f222943145ec49b4c764762f713e20ea6&timestamp=1506692146&nonce=1798595724&openid=omV0nws67-D3tKKNkBlZWPTOy06A
INFO: [ app_init ] --START--
INFO: Run Behavior\BuildLiteBehavior [ RunTime:0.000011s ]
INFO: [ app_init ] --END-- [ RunTime:0.000250s ]
INFO: [ app_begin ] --START--
INFO: Run Behavior\ReadHtmlCacheBehavior [ RunTime:0.000326s ]
INFO: [ app_begin ] --END-- [ RunTime:0.000365s ]
SQL: SHOW COLUMNS FROM `yk_shop_set` [ RunTime:0.0009s ]
SQL: SELECT * FROM `yk_shop_set` LIMIT 1   [ RunTime:0.0002s ]
SQL: SHOW COLUMNS FROM `yk_set` [ RunTime:0.0008s ]
SQL: SELECT * FROM `yk_set` LIMIT 1   [ RunTime:0.0016s ]
SQL: SHOW COLUMNS FROM `yk_vip` [ RunTime:0.0011s ]
SQL: SHOW COLUMNS FROM `yk_vip_message` [ RunTime:0.0004s ]
SQL: SHOW COLUMNS FROM `yk_vip_log_sub` [ RunTime:0.0004s ]
SQL: SHOW COLUMNS FROM `yk_employee` [ RunTime:0.0005s ]
SQL: SHOW COLUMNS FROM `yk_vip_set` [ RunTime:0.0006s ]
SQL: SELECT * FROM `yk_vip_set` LIMIT 1   [ RunTime:0.0002s ]
INFO: [ app_end ] --START--
INFO: Run Behavior\ShowPageTraceBehavior [ RunTime:0.000367s ]
INFO: [ app_end ] --END-- [ RunTime:0.000408s ]

[ 2017-09-29T21:38:40+08:00 ] 140.207.54.80 /Home/Wx/index/token/gzyikang2016?signature=f2656de04bae99f672c72275954a8466f2cd1033&timestamp=1506692320&nonce=1827241206&openid=omV0nws67-D3tKKNkBlZWPTOy06A
INFO: [ app_init ] --START--
INFO: Run Behavior\BuildLiteBehavior [ RunTime:0.000012s ]
INFO: [ app_init ] --END-- [ RunTime:0.000260s ]
INFO: [ app_begin ] --START--
INFO: Run Behavior\ReadHtmlCacheBehavior [ RunTime:0.000340s ]
INFO: [ app_begin ] --END-- [ RunTime:0.000384s ]
SQL: SHOW COLUMNS FROM `yk_shop_set` [ RunTime:0.0011s ]
SQL: SELECT * FROM `yk_shop_set` LIMIT 1   [ RunTime:0.0002s ]
SQL: SHOW COLUMNS FROM `yk_set` [ RunTime:0.0005s ]
SQL: SELECT * FROM `yk_set` LIMIT 1   [ RunTime:0.0001s ]
SQL: SHOW COLUMNS FROM `yk_vip` [ RunTime:0.0011s ]
SQL: SHOW COLUMNS FROM `yk_vip_message` [ RunTime:0.0004s ]
SQL: SHOW COLUMNS FROM `yk_vip_log_sub` [ RunTime:0.0004s ]
SQL: SHOW COLUMNS FROM `yk_employee` [ RunTime:0.0005s ]
SQL: SHOW COLUMNS FROM `yk_vip_set` [ RunTime:0.0006s ]
SQL: SELECT * FROM `yk_vip_set` LIMIT 1   [ RunTime:0.0001s ]
INFO: [ app_end ] --START--
INFO: Run Behavior\ShowPageTraceBehavior [ RunTime:0.000383s ]
INFO: [ app_end ] --END-- [ RunTime:0.000423s ]

[ 2017-09-29T21:42:52+08:00 ] 140.207.54.76 /Home/Wx/index/token/gzyikang2016?signature=a858f89c73d61e1fe165785461ffdddd252661b7&timestamp=1506692572&nonce=1012692178&openid=omV0nwpf_D2hPmNCjULy3Es6f6ko
INFO: [ app_init ] --START--
INFO: Run Behavior\BuildLiteBehavior [ RunTime:0.000011s ]
INFO: [ app_init ] --END-- [ RunTime:0.000258s ]
INFO: [ app_begin ] --START--
INFO: Run Behavior\ReadHtmlCacheBehavior [ RunTime:0.000322s ]
INFO: [ app_begin ] --END-- [ RunTime:0.000362s ]
SQL: SHOW COLUMNS FROM `yk_shop_set` [ RunTime:0.0010s ]
SQL: SELECT * FROM `yk_shop_set` LIMIT 1   [ RunTime:0.0002s ]
SQL: SHOW COLUMNS FROM `yk_set` [ RunTime:0.0005s ]
SQL: SELECT * FROM `yk_set` LIMIT 1   [ RunTime:0.0001s ]
SQL: SHOW COLUMNS FROM `yk_vip` [ RunTime:0.0011s ]
SQL: SHOW COLUMNS FROM `yk_vip_message` [ RunTime:0.0004s ]
SQL: SHOW COLUMNS FROM `yk_vip_log_sub` [ RunTime:0.0004s ]
SQL: SHOW COLUMNS FROM `yk_employee` [ RunTime:0.0005s ]
SQL: SHOW COLUMNS FROM `yk_vip_set` [ RunTime:0.0006s ]
SQL: SELECT * FROM `yk_vip_set` LIMIT 1   [ RunTime:0.0001s ]
INFO: [ app_end ] --START--
INFO: Run Behavior\ShowPageTraceBehavior [ RunTime:0.000359s ]
INFO: [ app_end ] --END-- [ RunTime:0.000400s ]

[ 2017-09-29T21:43:04+08:00 ] 140.207.54.75 /Home/Wx/index/token/gzyikang2016?signature=64dc1541ac6d6dd8e9a89276a190d1c6fcdf98db&timestamp=1506692584&nonce=761597282&openid=omV0nwpf_D2hPmNCjULy3Es6f6ko
INFO: [ app_init ] --START--
INFO: Run Behavior\BuildLiteBehavior [ RunTime:0.000012s ]
INFO: [ app_init ] --END-- [ RunTime:0.000276s ]
INFO: [ app_begin ] --START--
INFO: Run Behavior\ReadHtmlCacheBehavior [ RunTime:0.000323s ]
INFO: [ app_begin ] --END-- [ RunTime:0.000362s ]
SQL: SHOW COLUMNS FROM `yk_shop_set` [ RunTime:0.0010s ]
SQL: SELECT * FROM `yk_shop_set` LIMIT 1   [ RunTime:0.0002s ]
SQL: SHOW COLUMNS FROM `yk_set` [ RunTime:0.0005s ]
SQL: SELECT * FROM `yk_set` LIMIT 1   [ RunTime:0.0001s ]
SQL: SHOW COLUMNS FROM `yk_vip` [ RunTime:0.0013s ]
SQL: SHOW COLUMNS FROM `yk_vip_message` [ RunTime:0.0004s ]
SQL: SHOW COLUMNS FROM `yk_vip_log_sub` [ RunTime:0.0004s ]
SQL: SHOW COLUMNS FROM `yk_employee` [ RunTime:0.0005s ]
SQL: SHOW COLUMNS FROM `yk_vip_set` [ RunTime:0.0006s ]
SQL: SELECT * FROM `yk_vip_set` LIMIT 1   [ RunTime:0.0001s ]
SQL: SELECT * FROM `yk_vip` WHERE `openid` = 'omV0nwpf_D2hPmNCjULy3Es6f6ko' LIMIT 1   [ RunTime:0.0003s ]
SQL: UPDATE `yk_vip` SET `pid`='2329',`plv`='2',`path`='0-2329',`mobile`=NULL,`password`=NULL,`name`=NULL,`email`=NULL,`money`='0.00',`score`='100',`exp`='20',`cur_exp`='20',`levelid`='1',`openid`='omV0nwpf_D2hPmNCjULy3Es6f6ko',`nickname`='周娟-',`sex`='2',`city`='Tongzhou',`province`='Beijing',`country`='CN',`language`='zh_CN',`headimgurl`='http://wx.qlogo.cn/mmopen/vi_32/Q0j4TwGTfTLfGdEExExOHU0dES6icPASGdQpKZ3UlUJgAwnJ46ALsiatyiaQ1OibkCzhCAUxWB6y8shPakl0Fico2cA/0',`subscribe`='1',`subscribe_time`=NULL,`remark`=NULL,`status`='1',`ctime`='1506478171',`cctime`='1506692584',`sign`='0',`signtime`=NULL,`isfx`='0',`isfxgd`='0',`total_buy`='0',`total_yj`='0',`total_xxyj`='0',`total_xxlink`='0',`total_xxsub`='0',`total_xxunsub`='0',`total_xxbuy`='0',`txname`=NULL,`txmobile`=NULL,`txyh`=NULL,`txfh`=NULL,`txszd`=NULL,`txcard`=NULL,`employee`='27',`ticket`=NULL,`continue_sign`='0',`is_system`='0' WHERE `id` = 7974 [ RunTime:0.0003s ]
SQL: SHOW COLUMNS FROM `yk_wx_keyword` [ RunTime:0.0434s ]
SQL: SELECT * FROM `yk_wx_keyword` WHERE `keyword` = '麻烦问一下什么时候到货' LIMIT 1   [ RunTime:0.0056s ]
INFO: [ app_end ] --START--
INFO: Run Behavior\ShowPageTraceBehavior [ RunTime:0.000423s ]
INFO: [ app_end ] --END-- [ RunTime:0.000463s ]

[ 2017-09-29T22:20:21+08:00 ] 101.226.102.126 /Home/Wxpay/pay/oid/20170929222021-145
INFO: [ app_init ] --START--
INFO: Run Behavior\BuildLiteBehavior [ RunTime:0.000011s ]
INFO: [ app_init ] --END-- [ RunTime:0.000249s ]
INFO: [ app_begin ] --START--
INFO: Run Behavior\ReadHtmlCacheBehavior [ RunTime:0.000369s ]
INFO: [ app_begin ] --END-- [ RunTime:0.000408s ]
SQL: SHOW COLUMNS FROM `yk_set` [ RunTime:0.0007s ]
SQL: SELECT * FROM `yk_set` LIMIT 1   [ RunTime:0.0001s ]
SQL: SHOW COLUMNS FROM `yk_shop_set` [ RunTime:0.0007s ]
SQL: SELECT * FROM `yk_shop_set` LIMIT 1   [ RunTime:0.0001s ]
SQL: SHOW COLUMNS FROM `yk_shop_order` [ RunTime:0.0009s ]
SQL: SELECT * FROM `yk_shop_order` WHERE `oid` = '20170929222021-145' LIMIT 1   [ RunTime:0.0004s ]
INFO: [ app_end ] --START--
INFO: Run Behavior\ShowPageTraceBehavior [ RunTime:0.000557s ]
INFO: [ app_end ] --END-- [ RunTime:0.000612s ]

[ 2017-09-29T22:22:21+08:00 ] 14.17.34.237 /Home/Wxpay/pay/oid/20170929222021-145
INFO: [ app_init ] --START--
INFO: Run Behavior\BuildLiteBehavior [ RunTime:0.000013s ]
INFO: [ app_init ] --END-- [ RunTime:0.000280s ]
INFO: [ app_begin ] --START--
INFO: Run Behavior\ReadHtmlCacheBehavior [ RunTime:0.000326s ]
INFO: [ app_begin ] --END-- [ RunTime:0.000365s ]
SQL: SHOW COLUMNS FROM `yk_set` [ RunTime:0.0006s ]
SQL: SELECT * FROM `yk_set` LIMIT 1   [ RunTime:0.0001s ]
SQL: SHOW COLUMNS FROM `yk_shop_set` [ RunTime:0.0007s ]
SQL: SELECT * FROM `yk_shop_set` LIMIT 1   [ RunTime:0.0002s ]
SQL: SHOW COLUMNS FROM `yk_shop_order` [ RunTime:0.0009s ]
SQL: SELECT * FROM `yk_shop_order` WHERE `oid` = '20170929222021-145' LIMIT 1   [ RunTime:0.0004s ]
INFO: [ app_end ] --START--
INFO: Run Behavior\ShowPageTraceBehavior [ RunTime:0.000567s ]
INFO: [ app_end ] --END-- [ RunTime:0.000628s ]

[ 2017-09-29T23:44:15+08:00 ] 140.207.54.75 /Home/Wx/index/token/gzyikang2016?signature=d45eb9344584660f00beb50ab6c032990ba1e90e&timestamp=1506699855&nonce=942806380&openid=omV0nwlncKVfD-d4ykeXlRFIeW2o
INFO: [ app_init ] --START--
INFO: Run Behavior\BuildLiteBehavior [ RunTime:0.000012s ]
INFO: [ app_init ] --END-- [ RunTime:0.000259s ]
INFO: [ app_begin ] --START--
INFO: Run Behavior\ReadHtmlCacheBehavior [ RunTime:0.000321s ]
INFO: [ app_begin ] --END-- [ RunTime:0.000380s ]
SQL: SHOW COLUMNS FROM `yk_shop_set` [ RunTime:0.0011s ]
SQL: SELECT * FROM `yk_shop_set` LIMIT 1   [ RunTime:0.0002s ]
SQL: SHOW COLUMNS FROM `yk_set` [ RunTime:0.0005s ]
SQL: SELECT * FROM `yk_set` LIMIT 1   [ RunTime:0.0001s ]
SQL: SHOW COLUMNS FROM `yk_vip` [ RunTime:0.0012s ]
SQL: SHOW COLUMNS FROM `yk_vip_message` [ RunTime:0.0004s ]
SQL: SHOW COLUMNS FROM `yk_vip_log_sub` [ RunTime:0.0004s ]
SQL: SHOW COLUMNS FROM `yk_employee` [ RunTime:0.0005s ]
SQL: SHOW COLUMNS FROM `yk_vip_set` [ RunTime:0.0006s ]
SQL: SELECT * FROM `yk_vip_set` LIMIT 1   [ RunTime:0.0002s ]
INFO: [ app_end ] --START--
INFO: Run Behavior\ShowPageTraceBehavior [ RunTime:0.000355s ]
INFO: [ app_end ] --END-- [ RunTime:0.000396s ]

