[ 2017-08-14T08:14:43+08:00 ] 140.207.54.76 /Home/Wx/index/token/gzyikang2016?signature=dd712e150a965ca8fc447cf13fc896f6b37827b9&timestamp=1502669683&nonce=789931907&openid=omV0nwl6FMj2b76D7smxvgvUp8Fw
INFO: [ app_init ] --START--
INFO: Run Behavior\BuildLiteBehavior [ RunTime:0.000012s ]
INFO: [ app_init ] --END-- [ RunTime:0.000260s ]
INFO: [ app_begin ] --START--
INFO: Run Behavior\ReadHtmlCacheBehavior [ RunTime:0.000340s ]
INFO: [ app_begin ] --END-- [ RunTime:0.000378s ]
SQL: SHOW COLUMNS FROM `yk_shop_set` [ RunTime:0.0010s ]
SQL: SELECT * FROM `yk_shop_set` LIMIT 1   [ RunTime:0.0002s ]
SQL: SHOW COLUMNS FROM `yk_set` [ RunTime:0.0005s ]
SQL: SELECT * FROM `yk_set` LIMIT 1   [ RunTime:0.0001s ]
SQL: SHOW COLUMNS FROM `yk_vip` [ RunTime:0.0010s ]
SQL: SHOW COLUMNS FROM `yk_vip_message` [ RunTime:0.0004s ]
SQL: SHOW COLUMNS FROM `yk_vip_log_sub` [ RunTime:0.0005s ]
SQL: SHOW COLUMNS FROM `yk_employee` [ RunTime:0.0005s ]
SQL: SHOW COLUMNS FROM `yk_vip_set` [ RunTime:0.0006s ]
SQL: SELECT * FROM `yk_vip_set` LIMIT 1   [ RunTime:0.0002s ]
SQL: SELECT * FROM `yk_vip` WHERE `openid` = 'omV0nwl6FMj2b76D7smxvgvUp8Fw' LIMIT 1   [ RunTime:0.0052s ]
SQL: UPDATE `yk_vip` SET `subscribe`='1' WHERE `openid` = 'omV0nwl6FMj2b76D7smxvgvUp8Fw' [ RunTime:0.0090s ]
SQL: SELECT * FROM `yk_vip` WHERE ( id=222 ) LIMIT 1   [ RunTime:0.0002s ]
SQL: INSERT INTO `yk_vip_log_sub` (`ppid`,`from`,`fromname`,`to`,`toname`,`issub`,`ctime`) VALUES ('222','6025','谢岷东','222','','1','1502669683') [ RunTime:0.0131s ]
SQL: UPDATE `yk_vip` SET `total_xxsub`=total_xxsub+1 WHERE ( id=222 ) [ RunTime:0.0002s ]
SQL: SHOW COLUMNS FROM `yk_upload_img` [ RunTime:0.0005s ]
SQL: SELECT * FROM `yk_upload_img` WHERE `id` = 167 LIMIT 1   [ RunTime:0.0001s ]
INFO: [ app_end ] --START--
INFO: Run Behavior\ShowPageTraceBehavior [ RunTime:0.000515s ]
INFO: [ app_end ] --END-- [ RunTime:0.000558s ]

[ 2017-08-14T08:14:52+08:00 ] 140.207.54.75 /Home/Wx/index/token/gzyikang2016?signature=ca8b60fb1a6dae9240551843efe64fbdab49929b&timestamp=1502669691&nonce=815549010&openid=omV0nwl6FMj2b76D7smxvgvUp8Fw
INFO: [ app_init ] --START--
INFO: Run Behavior\BuildLiteBehavior [ RunTime:0.000012s ]
INFO: [ app_init ] --END-- [ RunTime:0.000256s ]
INFO: [ app_begin ] --START--
INFO: Run Behavior\ReadHtmlCacheBehavior [ RunTime:0.000317s ]
INFO: [ app_begin ] --END-- [ RunTime:0.000356s ]
SQL: SHOW COLUMNS FROM `yk_shop_set` [ RunTime:0.0009s ]
SQL: SELECT * FROM `yk_shop_set` LIMIT 1   [ RunTime:0.0002s ]
SQL: SHOW COLUMNS FROM `yk_set` [ RunTime:0.0005s ]
SQL: SELECT * FROM `yk_set` LIMIT 1   [ RunTime:0.0001s ]
SQL: SHOW COLUMNS FROM `yk_vip` [ RunTime:0.0010s ]
SQL: SHOW COLUMNS FROM `yk_vip_message` [ RunTime:0.0003s ]
SQL: SHOW COLUMNS FROM `yk_vip_log_sub` [ RunTime:0.0004s ]
SQL: SHOW COLUMNS FROM `yk_employee` [ RunTime:0.0004s ]
SQL: SHOW COLUMNS FROM `yk_vip_set` [ RunTime:0.0006s ]
SQL: SELECT * FROM `yk_vip_set` LIMIT 1   [ RunTime:0.0002s ]
INFO: [ app_end ] --START--
INFO: Run Behavior\ShowPageTraceBehavior [ RunTime:0.000366s ]
INFO: [ app_end ] --END-- [ RunTime:0.000406s ]

[ 2017-08-14T08:44:08+08:00 ] 140.207.54.76 /Home/Wx/index/token/gzyikang2016?signature=7a7441e6ebe55c9f883018213e1b624a100239f3&timestamp=1502671448&nonce=323564280&openid=omV0nwtuRxwzREtwlT8xqf7uoTWc
INFO: [ app_init ] --START--
INFO: Run Behavior\BuildLiteBehavior [ RunTime:0.000013s ]
INFO: [ app_init ] --END-- [ RunTime:0.000282s ]
INFO: [ app_begin ] --START--
INFO: Run Behavior\ReadHtmlCacheBehavior [ RunTime:0.000322s ]
INFO: [ app_begin ] --END-- [ RunTime:0.000362s ]
SQL: SHOW COLUMNS FROM `yk_shop_set` [ RunTime:0.0011s ]
SQL: SELECT * FROM `yk_shop_set` LIMIT 1   [ RunTime:0.0002s ]
SQL: SHOW COLUMNS FROM `yk_set` [ RunTime:0.0005s ]
SQL: SELECT * FROM `yk_set` LIMIT 1   [ RunTime:0.0001s ]
SQL: SHOW COLUMNS FROM `yk_vip` [ RunTime:0.0011s ]
SQL: SHOW COLUMNS FROM `yk_vip_message` [ RunTime:0.0004s ]
SQL: SHOW COLUMNS FROM `yk_vip_log_sub` [ RunTime:0.0004s ]
SQL: SHOW COLUMNS FROM `yk_employee` [ RunTime:0.0005s ]
SQL: SHOW COLUMNS FROM `yk_vip_set` [ RunTime:0.0006s ]
SQL: SELECT * FROM `yk_vip_set` LIMIT 1   [ RunTime:0.0001s ]
SQL: SELECT * FROM `yk_vip` WHERE `openid` = 'omV0nwtuRxwzREtwlT8xqf7uoTWc' LIMIT 1   [ RunTime:0.0049s ]
SQL: UPDATE `yk_vip` SET `subscribe`='1' WHERE `openid` = 'omV0nwtuRxwzREtwlT8xqf7uoTWc' [ RunTime:0.0087s ]
SQL: SELECT * FROM `yk_vip` WHERE ( id=700 ) LIMIT 1   [ RunTime:0.0002s ]
SQL: INSERT INTO `yk_vip_log_sub` (`ppid`,`from`,`fromname`,`to`,`toname`,`issub`,`ctime`) VALUES ('700','6026','青','700','张长秀','1','1502671448') [ RunTime:0.0002s ]
SQL: UPDATE `yk_vip` SET `total_xxsub`=total_xxsub+1 WHERE ( id=700 ) [ RunTime:0.0002s ]
SQL: SHOW COLUMNS FROM `yk_upload_img` [ RunTime:0.0004s ]
SQL: SELECT * FROM `yk_upload_img` WHERE `id` = 167 LIMIT 1   [ RunTime:0.0001s ]
INFO: [ app_end ] --START--
INFO: Run Behavior\ShowPageTraceBehavior [ RunTime:0.000379s ]
INFO: [ app_end ] --END-- [ RunTime:0.000421s ]

[ 2017-08-14T09:00:15+08:00 ] 101.226.125.117 /Home/Wxpay/pay/oid/20170814090014-584
INFO: [ app_init ] --START--
INFO: Run Behavior\BuildLiteBehavior [ RunTime:0.000010s ]
INFO: [ app_init ] --END-- [ RunTime:0.000269s ]
INFO: [ app_begin ] --START--
INFO: Run Behavior\ReadHtmlCacheBehavior [ RunTime:0.000329s ]
INFO: [ app_begin ] --END-- [ RunTime:0.000366s ]
SQL: SHOW COLUMNS FROM `yk_set` [ RunTime:0.0005s ]
SQL: SELECT * FROM `yk_set` LIMIT 1   [ RunTime:0.0001s ]
SQL: SHOW COLUMNS FROM `yk_shop_set` [ RunTime:0.0007s ]
SQL: SELECT * FROM `yk_shop_set` LIMIT 1   [ RunTime:0.0002s ]
SQL: SHOW COLUMNS FROM `yk_shop_order` [ RunTime:0.0009s ]
SQL: SELECT * FROM `yk_shop_order` WHERE `oid` = '20170814090014-584' LIMIT 1   [ RunTime:0.1511s ]
INFO: [ app_end ] --START--
INFO: Run Behavior\ShowPageTraceBehavior [ RunTime:0.000562s ]
INFO: [ app_end ] --END-- [ RunTime:0.000620s ]

[ 2017-08-14T09:00:29+08:00 ] 140.207.54.73 /Home/Wxpay/nd/
INFO: [ app_init ] --START--
INFO: Run Behavior\BuildLiteBehavior [ RunTime:0.000013s ]
INFO: [ app_init ] --END-- [ RunTime:0.000268s ]
INFO: [ app_begin ] --START--
INFO: Run Behavior\ReadHtmlCacheBehavior [ RunTime:0.000329s ]
INFO: [ app_begin ] --END-- [ RunTime:0.000389s ]
SQL: SHOW COLUMNS FROM `yk_set` [ RunTime:0.0023s ]
SQL: SELECT * FROM `yk_set` LIMIT 1   [ RunTime:0.0001s ]
SQL: SHOW COLUMNS FROM `yk_shop_set` [ RunTime:0.0009s ]
SQL: SELECT * FROM `yk_shop_set` LIMIT 1   [ RunTime:0.0001s ]
SQL: SHOW COLUMNS FROM `yk_set` [ RunTime:0.0007s ]
SQL: SELECT * FROM `yk_set` LIMIT 1   [ RunTime:0.0001s ]
SQL: SHOW COLUMNS FROM `yk_shop_order` [ RunTime:0.0009s ]
SQL: SELECT * FROM `yk_shop_order` WHERE `oid` = '20170814090014-584' LIMIT 1   [ RunTime:0.0009s ]
SQL: UPDATE `yk_shop_order` SET `sid`='0',`oid`='20170814090014-584',`djqid`='0',`totalprice`='680',`totalnum`='1',`payprice`='680',`paytype`='wxpay',`paytime`='1502672428',`aliaccount`=NULL,`yf`='0',`ispay`='1',`vipid`='4678',`vipopenid`='omV0nwprPX95jMtFWOnJLjfefDwE',`vipname`='任小姐',`vipmobile`='13904535053',`vipaddress`='广东省,深圳市,福田区,梅林街道新兴村 豪派公寓 6楼888号',`vipxqname`=NULL,`vipxqid`=NULL,`msg`='',`kfmsg`=NULL,`ctime`='1502672414',`ntime`=NULL,`dtime`=NULL,`etime`=NULL,`changetime`=NULL,`changemsg`=NULL,`changeadmin`=NULL,`closetime`=NULL,`closemsg`=NULL,`closeadmin`=NULL,`tuihuoprice`=NULL,`tuihuosqtime`='0',`tuihuotime`=NULL,`tuihuokd`=NULL,`tuihuokdnum`=NULL,`tuihuomsg`=NULL,`tuihuoadmin`=NULL,`status`='3',`fahuokd`=NULL,`fahuokdnum`=NULL,`items`='a:1:{i:0;a:12:{s:2:\"id\";s:4:\"1812\";s:3:\"sid\";s:1:\"0\";s:5:\"vipid\";s:4:\"4678\";s:7:\"goodsid\";s:2:\"17\";s:3:\"sku\";s:0:\"\";s:3:\"num\";s:1:\"1\";s:5:\"skuid\";i:0;s:4:\"name\";s:35:\"恒压咽鼓管吹张器(成人型)\";s:7:\"skuattr\";N;s:5:\"price\";s:3:\"680\";s:5:\"total\";i:680;s:3:\"pic\";s:40:\"/Upload/img/2016-07-26/57972a3c5c91e.jpg\";}}',`fxsid`='99' WHERE `id` = 584 [ RunTime:0.0024s ]
SQL: SHOW COLUMNS FROM `yk_shop_goods` [ RunTime:0.0007s ]
SQL: SHOW COLUMNS FROM `yk_shop_goods_sku` [ RunTime:0.0004s ]
SQL: SHOW COLUMNS FROM `yk_shop_syslog_sells` [ RunTime:0.0173s ]
SQL: UPDATE `yk_shop_goods` SET `num`=num-1 WHERE ( id=17 ) [ RunTime:0.0002s ]
SQL: UPDATE `yk_shop_goods` SET `sells`=sells+1 WHERE ( id=17 ) [ RunTime:0.0001s ]
SQL: UPDATE `yk_shop_goods` SET `dissells`=dissells+1 WHERE ( id=17 ) [ RunTime:0.0001s ]
SQL: INSERT INTO `yk_shop_syslog_sells` (`oid`,`vipid`,`vipopenid`,`vipname`,`ctime`,`num`,`goodsid`,`goodsname`,`skuid`,`skuattr`,`price`,`total`) VALUES ('584','4678','omV0nwprPX95jMtFWOnJLjfefDwE','任小姐','1502672428','1','17','恒压咽鼓管吹张器(成人型)','0','0','680','680') [ RunTime:0.0387s ]
SQL: SHOW COLUMNS FROM `yk_shop_order_log` [ RunTime:0.0016s ]
SQL: SHOW COLUMNS FROM `yk_shop_order_syslog` [ RunTime:0.0003s ]
SQL: INSERT INTO `yk_shop_order_log` (`oid`,`msg`,`ctime`) VALUES ('584','微信付款成功','1502672428') [ RunTime:0.0001s ]
SQL: INSERT INTO `yk_shop_order_syslog` (`oid`,`msg`,`ctime`,`type`,`paytype`) VALUES ('584','微信付款成功','1502672428','2','wxpay') [ RunTime:0.0001s ]
SQL: SHOW COLUMNS FROM `yk_vip` [ RunTime:0.0009s ]
SQL: SELECT * FROM `yk_vip` WHERE ( id=4678 ) LIMIT 1   [ RunTime:0.0002s ]
SQL: SELECT * FROM `yk_vip` WHERE ( id=99 ) LIMIT 1   [ RunTime:0.0002s ]
SQL: SELECT * FROM `yk_vip` WHERE ( id=99 ) LIMIT 1   [ RunTime:0.0002s ]
SQL: SELECT * FROM `yk_vip` WHERE `id` = 99 AND `is_system` = 1 LIMIT 1   [ RunTime:0.0002s ]
SQL: SELECT * FROM `yk_vip` WHERE `id` = 99 AND `is_system` = 1 LIMIT 1   [ RunTime:0.0002s ]
SQL: SHOW COLUMNS FROM `yk_mail` [ RunTime:0.0211s ]
SQL: INSERT INTO `yk_mail` (`to`,`name`,`subject`,`body`,`stime`,`ctime`,`status`) VALUES ('949257185@qq.com','逸康商城','【逸康商城】新订单，订单号：20170814090014-584，金额：680元，预设分销商:99','<html>
									<head>
									<title>【逸康商城】新订单，订单号：20170814090014-584，金额：680元，预设分销商:99</title>
									</head>
									<body>
									<table>
									<tr>
									<th>订单号: </th><td>20170814090014-584</td>
									</tr>
									<tr>
									<th>商品名: </th><td>恒压咽鼓管吹张器(成人型)</td>
									</tr>
									<tr>
									<th>预设分销商: </th><td>99</td>
									</tr>
									<tr>
									<th>订单总额: </th><td>680元</td>
									</tr>
									<tr>
									<th>收货地址: </th><td>广东省,深圳市,福田区,梅林街道新兴村 豪派公寓 6楼888号</td>
									</tr>
									<tr>
									<th>收货人: </th><td>任小姐</td>
									</tr>
									<tr>
									<th>收货电话: </th><td>13904535053</td>
									</tr>
									<tr>
									<th>支付时间: </th><td>2017-08-14 09:00:28</td>
									</tr>
									<tr>
									<th>下单时间: </th><td>2017-08-14 09:00:14</td>
									</tr>
									</table>
									</body>
									</html>','1502672428','1502672428','1') [ RunTime:0.0311s ]
SQL: SHOW COLUMNS FROM `yk_sms` [ RunTime:0.0059s ]
SQL: SELECT * FROM `yk_sms` LIMIT 1   [ RunTime:0.0013s ]
SQL: SHOW COLUMNS FROM `yk_wx_template` [ RunTime:0.0334s ]
SQL: SELECT * FROM `yk_wx_template` WHERE `templateidshort` = 'OPENTM200444326' LIMIT 1   [ RunTime:0.0066s ]
INFO: [ app_end ] --START--
INFO: Run Behavior\ShowPageTraceBehavior [ RunTime:0.000572s ]
INFO: [ app_end ] --END-- [ RunTime:0.000653s ]

[ 2017-08-14T09:23:00+08:00 ] 140.207.54.75 /Home/Wx/index/token/gzyikang2016?signature=5b6b6f850ab1911c6622371aa01903e40a3bace8&timestamp=1502673780&nonce=1060480771&openid=omV0nwtuRxwzREtwlT8xqf7uoTWc
INFO: [ app_init ] --START--
INFO: Run Behavior\BuildLiteBehavior [ RunTime:0.000014s ]
INFO: [ app_init ] --END-- [ RunTime:0.000273s ]
INFO: [ app_begin ] --START--
INFO: Run Behavior\ReadHtmlCacheBehavior [ RunTime:0.000332s ]
INFO: [ app_begin ] --END-- [ RunTime:0.000373s ]
SQL: SHOW COLUMNS FROM `yk_shop_set` [ RunTime:0.0012s ]
SQL: SELECT * FROM `yk_shop_set` LIMIT 1   [ RunTime:0.0024s ]
SQL: SHOW COLUMNS FROM `yk_set` [ RunTime:0.0005s ]
SQL: SELECT * FROM `yk_set` LIMIT 1   [ RunTime:0.0001s ]
SQL: SHOW COLUMNS FROM `yk_vip` [ RunTime:0.0040s ]
SQL: SHOW COLUMNS FROM `yk_vip_message` [ RunTime:0.0004s ]
SQL: SHOW COLUMNS FROM `yk_vip_log_sub` [ RunTime:0.0005s ]
SQL: SHOW COLUMNS FROM `yk_employee` [ RunTime:0.0005s ]
SQL: SHOW COLUMNS FROM `yk_vip_set` [ RunTime:0.0007s ]
SQL: SELECT * FROM `yk_vip_set` LIMIT 1   [ RunTime:0.0001s ]
SQL: SELECT * FROM `yk_vip` WHERE `openid` = 'omV0nwtuRxwzREtwlT8xqf7uoTWc' LIMIT 1   [ RunTime:0.0053s ]
SQL: UPDATE `yk_vip` SET `pid`='700',`plv`='2',`path`='0-700',`mobile`=NULL,`password`=NULL,`name`=NULL,`email`=NULL,`money`='0.00',`score`='100',`exp`='20',`cur_exp`='20',`levelid`='1',`openid`='omV0nwtuRxwzREtwlT8xqf7uoTWc',`nickname`='青',`sex`='1',`city`='columns',`province`='Chongqing',`country`='CN',`language`='zh_CN',`headimgurl`='http://wx.qlogo.cn/mmopen/ibicIPFsHMAkwCvT0QIWFCwLEuFicPyRGib2I5uPPpic9ZHsMYib770ViaKoMaRA6PuJpS7ibE2Q03tb9hXBPjeLL4KlA01S6aIaCQQM/0',`subscribe`='1',`subscribe_time`=NULL,`remark`=NULL,`status`='1',`ctime`='1502671061',`cctime`='1502673780',`sign`='0',`signtime`=NULL,`isfx`='0',`isfxgd`='0',`total_buy`='0',`total_yj`='0',`total_xxyj`='0',`total_xxlink`='0',`total_xxsub`='0',`total_xxunsub`='0',`total_xxbuy`='0',`txname`=NULL,`txmobile`=NULL,`txyh`=NULL,`txfh`=NULL,`txszd`=NULL,`txcard`=NULL,`employee`='12',`ticket`=NULL,`continue_sign`='0',`is_system`='0' WHERE `id` = 6026 [ RunTime:0.0036s ]
SQL: SHOW COLUMNS FROM `yk_wx_keyword` [ RunTime:0.0279s ]
SQL: SELECT * FROM `yk_wx_keyword` WHERE `keyword` = '你好' LIMIT 1   [ RunTime:0.0050s ]
INFO: [ app_end ] --START--
INFO: Run Behavior\ShowPageTraceBehavior [ RunTime:0.000381s ]
INFO: [ app_end ] --END-- [ RunTime:0.000444s ]

[ 2017-08-14T09:23:21+08:00 ] 140.207.54.75 /Home/Wx/index/token/gzyikang2016?signature=599f7a335afc2e2c237bff2d2da37fd418d5aaeb&timestamp=1502673800&nonce=1215172965&openid=omV0nwtuRxwzREtwlT8xqf7uoTWc
INFO: [ app_init ] --START--
INFO: Run Behavior\BuildLiteBehavior [ RunTime:0.000013s ]
INFO: [ app_init ] --END-- [ RunTime:0.000284s ]
INFO: [ app_begin ] --START--
INFO: Run Behavior\ReadHtmlCacheBehavior [ RunTime:0.000323s ]
INFO: [ app_begin ] --END-- [ RunTime:0.000363s ]
SQL: SHOW COLUMNS FROM `yk_shop_set` [ RunTime:0.0011s ]
SQL: SELECT * FROM `yk_shop_set` LIMIT 1   [ RunTime:0.0002s ]
SQL: SHOW COLUMNS FROM `yk_set` [ RunTime:0.0005s ]
SQL: SELECT * FROM `yk_set` LIMIT 1   [ RunTime:0.0001s ]
SQL: SHOW COLUMNS FROM `yk_vip` [ RunTime:0.0016s ]
SQL: SHOW COLUMNS FROM `yk_vip_message` [ RunTime:0.0005s ]
SQL: SHOW COLUMNS FROM `yk_vip_log_sub` [ RunTime:0.0004s ]
SQL: SHOW COLUMNS FROM `yk_employee` [ RunTime:0.0005s ]
SQL: SHOW COLUMNS FROM `yk_vip_set` [ RunTime:0.0007s ]
SQL: SELECT * FROM `yk_vip_set` LIMIT 1   [ RunTime:0.0001s ]
INFO: [ app_end ] --START--
INFO: Run Behavior\ShowPageTraceBehavior [ RunTime:0.000433s ]
INFO: [ app_end ] --END-- [ RunTime:0.000477s ]

[ 2017-08-14T09:24:55+08:00 ] 140.207.54.75 /Home/Wx/index/token/gzyikang2016?signature=0fb107e00dee5bf08c0a2c2c0430fa54a3e64a9e&timestamp=1502673895&nonce=1870835573&openid=omV0nwtuRxwzREtwlT8xqf7uoTWc
INFO: [ app_init ] --START--
INFO: Run Behavior\BuildLiteBehavior [ RunTime:0.000012s ]
INFO: [ app_init ] --END-- [ RunTime:0.000262s ]
INFO: [ app_begin ] --START--
INFO: Run Behavior\ReadHtmlCacheBehavior [ RunTime:0.000342s ]
INFO: [ app_begin ] --END-- [ RunTime:0.000380s ]
SQL: SHOW COLUMNS FROM `yk_shop_set` [ RunTime:0.0010s ]
SQL: SELECT * FROM `yk_shop_set` LIMIT 1   [ RunTime:0.0002s ]
SQL: SHOW COLUMNS FROM `yk_set` [ RunTime:0.0005s ]
SQL: SELECT * FROM `yk_set` LIMIT 1   [ RunTime:0.0001s ]
SQL: SHOW COLUMNS FROM `yk_vip` [ RunTime:0.0011s ]
SQL: SHOW COLUMNS FROM `yk_vip_message` [ RunTime:0.0004s ]
SQL: SHOW COLUMNS FROM `yk_vip_log_sub` [ RunTime:0.0005s ]
SQL: SHOW COLUMNS FROM `yk_employee` [ RunTime:0.0005s ]
SQL: SHOW COLUMNS FROM `yk_vip_set` [ RunTime:0.0006s ]
SQL: SELECT * FROM `yk_vip_set` LIMIT 1   [ RunTime:0.0001s ]
SQL: SELECT * FROM `yk_vip` WHERE `openid` = 'omV0nwtuRxwzREtwlT8xqf7uoTWc' LIMIT 1   [ RunTime:0.0052s ]
SQL: UPDATE `yk_vip` SET `pid`='700',`plv`='2',`path`='0-700',`mobile`=NULL,`password`=NULL,`name`=NULL,`email`=NULL,`money`='0.00',`score`='100',`exp`='20',`cur_exp`='20',`levelid`='1',`openid`='omV0nwtuRxwzREtwlT8xqf7uoTWc',`nickname`='青',`sex`='1',`city`='columns',`province`='Chongqing',`country`='CN',`language`='zh_CN',`headimgurl`='http://wx.qlogo.cn/mmopen/ibicIPFsHMAkwCvT0QIWFCwLEuFicPyRGib2I5uPPpic9ZHsMYib770ViaKoMaRA6PuJpS7ibE2Q03tb9hXBPjeLL4KlA01S6aIaCQQM/0',`subscribe`='1',`subscribe_time`=NULL,`remark`=NULL,`status`='1',`ctime`='1502671061',`cctime`='1502673895',`sign`='0',`signtime`=NULL,`isfx`='0',`isfxgd`='0',`total_buy`='0',`total_yj`='0',`total_xxyj`='0',`total_xxlink`='0',`total_xxsub`='0',`total_xxunsub`='0',`total_xxbuy`='0',`txname`=NULL,`txmobile`=NULL,`txyh`=NULL,`txfh`=NULL,`txszd`=NULL,`txcard`=NULL,`employee`='12',`ticket`=NULL,`continue_sign`='0',`is_system`='0' WHERE `id` = 6026 [ RunTime:0.0003s ]
SQL: SHOW COLUMNS FROM `yk_wx_keyword` [ RunTime:0.0004s ]
SQL: SELECT * FROM `yk_wx_keyword` WHERE `keyword` = '我儿子十二岁是买成人用的，还是儿童用的。' LIMIT 1   [ RunTime:0.0001s ]
INFO: [ app_end ] --START--
INFO: Run Behavior\ShowPageTraceBehavior [ RunTime:0.000529s ]
INFO: [ app_end ] --END-- [ RunTime:0.000581s ]

[ 2017-08-14T10:12:33+08:00 ] 182.131.11.51 /Home/Wxpay/pay/oid/20170814101232-585
INFO: [ app_init ] --START--
INFO: Run Behavior\BuildLiteBehavior [ RunTime:0.000021s ]
INFO: [ app_init ] --END-- [ RunTime:0.000288s ]
INFO: [ app_begin ] --START--
INFO: Run Behavior\ReadHtmlCacheBehavior [ RunTime:0.000402s ]
INFO: [ app_begin ] --END-- [ RunTime:0.000448s ]
SQL: SHOW COLUMNS FROM `yk_set` [ RunTime:0.0007s ]
SQL: SELECT * FROM `yk_set` LIMIT 1   [ RunTime:0.0040s ]
SQL: SHOW COLUMNS FROM `yk_shop_set` [ RunTime:0.0008s ]
SQL: SELECT * FROM `yk_shop_set` LIMIT 1   [ RunTime:0.0001s ]
SQL: SHOW COLUMNS FROM `yk_shop_order` [ RunTime:0.0011s ]
SQL: SELECT * FROM `yk_shop_order` WHERE `oid` = '20170814101232-585' LIMIT 1   [ RunTime:0.0029s ]
INFO: [ app_end ] --START--
INFO: Run Behavior\ShowPageTraceBehavior [ RunTime:0.000457s ]
INFO: [ app_end ] --END-- [ RunTime:0.000507s ]

[ 2017-08-14T10:12:50+08:00 ] 140.207.54.76 /Home/Wxpay/nd/
INFO: [ app_init ] --START--
INFO: Run Behavior\BuildLiteBehavior [ RunTime:0.000012s ]
INFO: [ app_init ] --END-- [ RunTime:0.000266s ]
INFO: [ app_begin ] --START--
INFO: Run Behavior\ReadHtmlCacheBehavior [ RunTime:0.000358s ]
INFO: [ app_begin ] --END-- [ RunTime:0.000398s ]
SQL: SHOW COLUMNS FROM `yk_set` [ RunTime:0.0007s ]
SQL: SELECT * FROM `yk_set` LIMIT 1   [ RunTime:0.0001s ]
SQL: SHOW COLUMNS FROM `yk_shop_set` [ RunTime:0.0007s ]
SQL: SELECT * FROM `yk_shop_set` LIMIT 1   [ RunTime:0.0001s ]
SQL: SHOW COLUMNS FROM `yk_set` [ RunTime:0.0005s ]
SQL: SELECT * FROM `yk_set` LIMIT 1   [ RunTime:0.0001s ]
SQL: SHOW COLUMNS FROM `yk_shop_order` [ RunTime:0.0009s ]
SQL: SELECT * FROM `yk_shop_order` WHERE `oid` = '20170814101232-585' LIMIT 1   [ RunTime:0.0010s ]
SQL: UPDATE `yk_shop_order` SET `sid`='0',`oid`='20170814101232-585',`djqid`='0',`totalprice`='780',`totalnum`='1',`payprice`='780',`paytype`='wxpay',`paytime`='1502676769',`aliaccount`=NULL,`yf`='0',`ispay`='1',`vipid`='6024',`vipopenid`='omV0nwpmPidY2WIddnCDWOFUVmrg',`vipname`='冉树美',`vipmobile`='15826295629',`vipaddress`='重庆市武隆区红豆市场34号',`vipxqname`=NULL,`vipxqid`=NULL,`msg`='',`kfmsg`=NULL,`ctime`='1502676752',`ntime`=NULL,`dtime`=NULL,`etime`=NULL,`changetime`=NULL,`changemsg`=NULL,`changeadmin`=NULL,`closetime`=NULL,`closemsg`=NULL,`closeadmin`=NULL,`tuihuoprice`=NULL,`tuihuosqtime`='0',`tuihuotime`=NULL,`tuihuokd`=NULL,`tuihuokdnum`=NULL,`tuihuomsg`=NULL,`tuihuoadmin`=NULL,`status`='3',`fahuokd`=NULL,`fahuokdnum`=NULL,`items`='a:1:{i:0;a:12:{s:2:\"id\";s:4:\"1814\";s:3:\"sid\";s:1:\"0\";s:5:\"vipid\";s:4:\"6024\";s:7:\"goodsid\";s:2:\"18\";s:3:\"sku\";s:0:\"\";s:3:\"num\";s:1:\"1\";s:5:\"skuid\";i:0;s:4:\"name\";s:39:\"恒压咽鼓管吹张器（儿童型）\";s:7:\"skuattr\";N;s:5:\"price\";s:3:\"780\";s:5:\"total\";i:780;s:3:\"pic\";s:40:\"/Upload/img/2016-07-27/5798797fe244b.jpg\";}}',`fxsid`='700' WHERE `id` = 585 [ RunTime:0.0003s ]
SQL: SHOW COLUMNS FROM `yk_shop_goods` [ RunTime:0.0007s ]
SQL: SHOW COLUMNS FROM `yk_shop_goods_sku` [ RunTime:0.0004s ]
SQL: SHOW COLUMNS FROM `yk_shop_syslog_sells` [ RunTime:0.0006s ]
SQL: UPDATE `yk_shop_goods` SET `num`=num-1 WHERE ( id=18 ) [ RunTime:0.0002s ]
SQL: UPDATE `yk_shop_goods` SET `sells`=sells+1 WHERE ( id=18 ) [ RunTime:0.0001s ]
SQL: UPDATE `yk_shop_goods` SET `dissells`=dissells+1 WHERE ( id=18 ) [ RunTime:0.0001s ]
SQL: INSERT INTO `yk_shop_syslog_sells` (`oid`,`vipid`,`vipopenid`,`vipname`,`ctime`,`num`,`goodsid`,`goodsname`,`skuid`,`skuattr`,`price`,`total`) VALUES ('585','6024','omV0nwpmPidY2WIddnCDWOFUVmrg','冉树美','1502676769','1','18','恒压咽鼓管吹张器（儿童型）','0','0','780','780') [ RunTime:0.0002s ]
SQL: SHOW COLUMNS FROM `yk_shop_order_log` [ RunTime:0.0004s ]
SQL: SHOW COLUMNS FROM `yk_shop_order_syslog` [ RunTime:0.0004s ]
SQL: INSERT INTO `yk_shop_order_log` (`oid`,`msg`,`ctime`) VALUES ('585','微信付款成功','1502676769') [ RunTime:0.0001s ]
SQL: INSERT INTO `yk_shop_order_syslog` (`oid`,`msg`,`ctime`,`type`,`paytype`) VALUES ('585','微信付款成功','1502676769','2','wxpay') [ RunTime:0.0001s ]
SQL: SHOW COLUMNS FROM `yk_vip` [ RunTime:0.0009s ]
SQL: SELECT * FROM `yk_vip` WHERE ( id=6024 ) LIMIT 1   [ RunTime:0.0002s ]
SQL: SELECT * FROM `yk_vip` WHERE ( id=700 ) LIMIT 1   [ RunTime:0.0002s ]
SQL: SELECT * FROM `yk_vip` WHERE ( id=700 ) LIMIT 1   [ RunTime:0.0002s ]
SQL: SELECT * FROM `yk_vip` WHERE `id` = 700 AND `is_system` = 1 LIMIT 1   [ RunTime:0.0002s ]
SQL: SELECT * FROM `yk_vip` WHERE `id` = 700 AND `is_system` = 1 LIMIT 1   [ RunTime:0.0002s ]
SQL: SHOW COLUMNS FROM `yk_mail` [ RunTime:0.0005s ]
SQL: INSERT INTO `yk_mail` (`to`,`name`,`subject`,`body`,`stime`,`ctime`,`status`) VALUES ('949257185@qq.com','逸康商城','【逸康商城】新订单，订单号：20170814101232-585，金额：780元，预设分销商:700','<html>
									<head>
									<title>【逸康商城】新订单，订单号：20170814101232-585，金额：780元，预设分销商:700</title>
									</head>
									<body>
									<table>
									<tr>
									<th>订单号: </th><td>20170814101232-585</td>
									</tr>
									<tr>
									<th>商品名: </th><td>恒压咽鼓管吹张器（儿童型）</td>
									</tr>
									<tr>
									<th>预设分销商: </th><td>700</td>
									</tr>
									<tr>
									<th>订单总额: </th><td>780元</td>
									</tr>
									<tr>
									<th>收货地址: </th><td>重庆市武隆区红豆市场34号</td>
									</tr>
									<tr>
									<th>收货人: </th><td>冉树美</td>
									</tr>
									<tr>
									<th>收货电话: </th><td>15826295629</td>
									</tr>
									<tr>
									<th>支付时间: </th><td>2017-08-14 10:12:49</td>
									</tr>
									<tr>
									<th>下单时间: </th><td>2017-08-14 10:12:32</td>
									</tr>
									</table>
									</body>
									</html>','1502676769','1502676769','1') [ RunTime:0.0243s ]
SQL: SHOW COLUMNS FROM `yk_sms` [ RunTime:0.0006s ]
SQL: SELECT * FROM `yk_sms` LIMIT 1   [ RunTime:0.0001s ]
SQL: SHOW COLUMNS FROM `yk_wx_template` [ RunTime:0.0008s ]
SQL: SELECT * FROM `yk_wx_template` WHERE `templateidshort` = 'OPENTM200444326' LIMIT 1   [ RunTime:0.0002s ]
INFO: [ app_end ] --START--
INFO: Run Behavior\ShowPageTraceBehavior [ RunTime:0.000590s ]
INFO: [ app_end ] --END-- [ RunTime:0.000684s ]

[ 2017-08-14T10:12:58+08:00 ] 140.207.54.79 /Home/Wx/index/token/gzyikang2016?signature=cd858e3d7a7d77928d445ca7617e12a3fd8ef251&timestamp=1502676778&nonce=1161174697&openid=omV0nwpmPidY2WIddnCDWOFUVmrg
INFO: [ app_init ] --START--
INFO: Run Behavior\BuildLiteBehavior [ RunTime:0.000015s ]
INFO: [ app_init ] --END-- [ RunTime:0.000292s ]
INFO: [ app_begin ] --START--
INFO: Run Behavior\ReadHtmlCacheBehavior [ RunTime:0.000350s ]
INFO: [ app_begin ] --END-- [ RunTime:0.000417s ]
SQL: SHOW COLUMNS FROM `yk_shop_set` [ RunTime:0.0010s ]
SQL: SELECT * FROM `yk_shop_set` LIMIT 1   [ RunTime:0.0002s ]
SQL: SHOW COLUMNS FROM `yk_set` [ RunTime:0.0005s ]
SQL: SELECT * FROM `yk_set` LIMIT 1   [ RunTime:0.0001s ]
SQL: SHOW COLUMNS FROM `yk_vip` [ RunTime:0.0012s ]
SQL: SHOW COLUMNS FROM `yk_vip_message` [ RunTime:0.0004s ]
SQL: SHOW COLUMNS FROM `yk_vip_log_sub` [ RunTime:0.0005s ]
SQL: SHOW COLUMNS FROM `yk_employee` [ RunTime:0.0006s ]
SQL: SHOW COLUMNS FROM `yk_vip_set` [ RunTime:0.0006s ]
SQL: SELECT * FROM `yk_vip_set` LIMIT 1   [ RunTime:0.0001s ]
SQL: SELECT * FROM `yk_vip` WHERE `openid` = 'omV0nwpmPidY2WIddnCDWOFUVmrg' LIMIT 1   [ RunTime:0.0052s ]
SQL: UPDATE `yk_vip` SET `subscribe`='1' WHERE `openid` = 'omV0nwpmPidY2WIddnCDWOFUVmrg' [ RunTime:0.0089s ]
SQL: SELECT * FROM `yk_vip` WHERE ( id=700 ) LIMIT 1   [ RunTime:0.0002s ]
SQL: INSERT INTO `yk_vip_log_sub` (`ppid`,`from`,`fromname`,`to`,`toname`,`issub`,`ctime`) VALUES ('700','6024','如梦','700','张长秀','1','1502676778') [ RunTime:0.0002s ]
SQL: UPDATE `yk_vip` SET `total_xxsub`=total_xxsub+1 WHERE ( id=700 ) [ RunTime:0.0002s ]
SQL: SHOW COLUMNS FROM `yk_upload_img` [ RunTime:0.0005s ]
SQL: SELECT * FROM `yk_upload_img` WHERE `id` = 167 LIMIT 1   [ RunTime:0.0001s ]
INFO: [ app_end ] --START--
INFO: Run Behavior\ShowPageTraceBehavior [ RunTime:0.000521s ]
INFO: [ app_end ] --END-- [ RunTime:0.000563s ]

[ 2017-08-14T10:22:09+08:00 ] 101.226.66.181 /Home/Wxpay/pay/oid/20170814101232-585
INFO: [ app_init ] --START--
INFO: Run Behavior\BuildLiteBehavior [ RunTime:0.000011s ]
INFO: [ app_init ] --END-- [ RunTime:0.000257s ]
INFO: [ app_begin ] --START--
INFO: Run Behavior\ReadHtmlCacheBehavior [ RunTime:0.000334s ]
INFO: [ app_begin ] --END-- [ RunTime:0.000373s ]
SQL: SHOW COLUMNS FROM `yk_set` [ RunTime:0.0005s ]
SQL: SELECT * FROM `yk_set` LIMIT 1   [ RunTime:0.0001s ]
SQL: SHOW COLUMNS FROM `yk_shop_set` [ RunTime:0.0008s ]
SQL: SELECT * FROM `yk_shop_set` LIMIT 1   [ RunTime:0.0102s ]
INFO: [ view_parse ] --START--
INFO: [ template_filter ] --START--
INFO: Run Behavior\ContentReplaceBehavior [ RunTime:0.000042s ]
INFO: [ template_filter ] --END-- [ RunTime:0.000087s ]
INFO: Run Behavior\ParseTemplateBehavior [ RunTime:0.012376s ]
INFO: [ view_parse ] --END-- [ RunTime:0.012450s ]
INFO: [ view_filter ] --START--
INFO: Run Behavior\WriteHtmlCacheBehavior [ RunTime:0.000127s ]
INFO: [ view_filter ] --END-- [ RunTime:0.000166s ]

[ 2017-08-14T10:31:05+08:00 ] 140.207.54.75 /Home/Wx/index/token/gzyikang2016?signature=e7249a1c03035c235aaed8ade6b70491e86bdd57&timestamp=1502677865&nonce=924863349&openid=omV0nwshRi6Z7qRaszKucX7t2gqk
INFO: [ app_init ] --START--
INFO: Run Behavior\BuildLiteBehavior [ RunTime:0.000012s ]
INFO: [ app_init ] --END-- [ RunTime:0.000290s ]
INFO: [ app_begin ] --START--
INFO: Run Behavior\ReadHtmlCacheBehavior [ RunTime:0.000333s ]
INFO: [ app_begin ] --END-- [ RunTime:0.000373s ]
SQL: SHOW COLUMNS FROM `yk_shop_set` [ RunTime:0.0011s ]
SQL: SELECT * FROM `yk_shop_set` LIMIT 1   [ RunTime:0.0002s ]
SQL: SHOW COLUMNS FROM `yk_set` [ RunTime:0.0005s ]
SQL: SELECT * FROM `yk_set` LIMIT 1   [ RunTime:0.0001s ]
SQL: SHOW COLUMNS FROM `yk_vip` [ RunTime:0.0014s ]
SQL: SHOW COLUMNS FROM `yk_vip_message` [ RunTime:0.0004s ]
SQL: SHOW COLUMNS FROM `yk_vip_log_sub` [ RunTime:0.0005s ]
SQL: SHOW COLUMNS FROM `yk_employee` [ RunTime:0.0005s ]
SQL: SHOW COLUMNS FROM `yk_vip_set` [ RunTime:0.0006s ]
SQL: SELECT * FROM `yk_vip_set` LIMIT 1   [ RunTime:0.0002s ]
INFO: [ app_end ] --START--
INFO: Run Behavior\ShowPageTraceBehavior [ RunTime:0.000401s ]
INFO: [ app_end ] --END-- [ RunTime:0.000445s ]

[ 2017-08-14T10:36:41+08:00 ] 140.207.54.75 /Home/Wx/index/token/gzyikang2016?signature=8c460be30cab053c2bcbdf644ac93fd44df2863e&timestamp=1502678201&nonce=974639943&openid=omV0nwvd_mHTJD_dMNu5kJU-Aj6w
INFO: [ app_init ] --START--
INFO: Run Behavior\BuildLiteBehavior [ RunTime:0.000012s ]
INFO: [ app_init ] --END-- [ RunTime:0.000367s ]
INFO: [ app_begin ] --START--
INFO: Run Behavior\ReadHtmlCacheBehavior [ RunTime:0.000332s ]
INFO: [ app_begin ] --END-- [ RunTime:0.000372s ]
SQL: SHOW COLUMNS FROM `yk_shop_set` [ RunTime:0.0011s ]
SQL: SELECT * FROM `yk_shop_set` LIMIT 1   [ RunTime:0.0002s ]
SQL: SHOW COLUMNS FROM `yk_set` [ RunTime:0.0005s ]
SQL: SELECT * FROM `yk_set` LIMIT 1   [ RunTime:0.0001s ]
SQL: SHOW COLUMNS FROM `yk_vip` [ RunTime:0.0011s ]
SQL: SHOW COLUMNS FROM `yk_vip_message` [ RunTime:0.0004s ]
SQL: SHOW COLUMNS FROM `yk_vip_log_sub` [ RunTime:0.0004s ]
SQL: SHOW COLUMNS FROM `yk_employee` [ RunTime:0.0005s ]
SQL: SHOW COLUMNS FROM `yk_vip_set` [ RunTime:0.0006s ]
SQL: SELECT * FROM `yk_vip_set` LIMIT 1   [ RunTime:0.0001s ]
INFO: [ app_end ] --START--
INFO: Run Behavior\ShowPageTraceBehavior [ RunTime:0.000387s ]
INFO: [ app_end ] --END-- [ RunTime:0.000431s ]

[ 2017-08-14T10:36:59+08:00 ] 140.207.54.75 /Home/Wx/index/token/gzyikang2016?signature=94b9309fbefd71c4f6bbf3396b87be433ac85f29&timestamp=1502678218&nonce=1843372371&openid=omV0nwvd_mHTJD_dMNu5kJU-Aj6w
INFO: [ app_init ] --START--
INFO: Run Behavior\BuildLiteBehavior [ RunTime:0.000012s ]
INFO: [ app_init ] --END-- [ RunTime:0.000261s ]
INFO: [ app_begin ] --START--
INFO: Run Behavior\ReadHtmlCacheBehavior [ RunTime:0.000345s ]
INFO: [ app_begin ] --END-- [ RunTime:0.000385s ]
SQL: SHOW COLUMNS FROM `yk_shop_set` [ RunTime:0.0011s ]
SQL: SELECT * FROM `yk_shop_set` LIMIT 1   [ RunTime:0.0002s ]
SQL: SHOW COLUMNS FROM `yk_set` [ RunTime:0.0005s ]
SQL: SELECT * FROM `yk_set` LIMIT 1   [ RunTime:0.0001s ]
SQL: SHOW COLUMNS FROM `yk_vip` [ RunTime:0.0011s ]
SQL: SHOW COLUMNS FROM `yk_vip_message` [ RunTime:0.0004s ]
SQL: SHOW COLUMNS FROM `yk_vip_log_sub` [ RunTime:0.0004s ]
SQL: SHOW COLUMNS FROM `yk_employee` [ RunTime:0.0005s ]
SQL: SHOW COLUMNS FROM `yk_vip_set` [ RunTime:0.0006s ]
SQL: SELECT * FROM `yk_vip_set` LIMIT 1   [ RunTime:0.0001s ]
INFO: [ app_end ] --START--
INFO: Run Behavior\ShowPageTraceBehavior [ RunTime:0.000422s ]
INFO: [ app_end ] --END-- [ RunTime:0.000466s ]

[ 2017-08-14T11:04:21+08:00 ] 140.207.54.76 /Home/Wx/index/token/gzyikang2016?signature=326c5a8dc72aa5bb7e3491b58ec4b44ac5dedd46&timestamp=1502679861&nonce=474932948&openid=omV0nwiStxIkOh7-Ttm5fk-RQmfY
INFO: [ app_init ] --START--
INFO: Run Behavior\BuildLiteBehavior [ RunTime:0.000011s ]
INFO: [ app_init ] --END-- [ RunTime:0.000251s ]
INFO: [ app_begin ] --START--
INFO: Run Behavior\ReadHtmlCacheBehavior [ RunTime:0.000334s ]
INFO: [ app_begin ] --END-- [ RunTime:0.000377s ]
SQL: SHOW COLUMNS FROM `yk_shop_set` [ RunTime:0.0011s ]
SQL: SELECT * FROM `yk_shop_set` LIMIT 1   [ RunTime:0.0004s ]
SQL: SHOW COLUMNS FROM `yk_set` [ RunTime:0.0019s ]
SQL: SELECT * FROM `yk_set` LIMIT 1   [ RunTime:0.0001s ]
SQL: SHOW COLUMNS FROM `yk_vip` [ RunTime:0.0017s ]
SQL: SHOW COLUMNS FROM `yk_vip_message` [ RunTime:0.0011s ]
SQL: SHOW COLUMNS FROM `yk_vip_log_sub` [ RunTime:0.0009s ]
SQL: SHOW COLUMNS FROM `yk_employee` [ RunTime:0.0019s ]
SQL: SHOW COLUMNS FROM `yk_vip_set` [ RunTime:0.0017s ]
SQL: SELECT * FROM `yk_vip_set` LIMIT 1   [ RunTime:0.0001s ]
INFO: [ app_end ] --START--
INFO: Run Behavior\ShowPageTraceBehavior [ RunTime:0.000450s ]
INFO: [ app_end ] --END-- [ RunTime:0.000498s ]

[ 2017-08-14T11:17:34+08:00 ] 140.207.54.79 /Home/Wx/index/token/gzyikang2016?signature=450101996d3831dd5b164ea4e2ee50f8c0fb5e8e&timestamp=1502680653&nonce=1178867931&openid=omV0nws0GD-RHaDFet0yDXhYNetU
INFO: [ app_init ] --START--
INFO: Run Behavior\BuildLiteBehavior [ RunTime:0.000016s ]
INFO: [ app_init ] --END-- [ RunTime:0.000368s ]
INFO: [ app_begin ] --START--
INFO: Run Behavior\ReadHtmlCacheBehavior [ RunTime:0.000329s ]
INFO: [ app_begin ] --END-- [ RunTime:0.000367s ]
SQL: SHOW COLUMNS FROM `yk_shop_set` [ RunTime:0.0011s ]
SQL: SELECT * FROM `yk_shop_set` LIMIT 1   [ RunTime:0.0002s ]
SQL: SHOW COLUMNS FROM `yk_set` [ RunTime:0.0006s ]
SQL: SELECT * FROM `yk_set` LIMIT 1   [ RunTime:0.0001s ]
SQL: SHOW COLUMNS FROM `yk_vip` [ RunTime:0.0019s ]
SQL: SHOW COLUMNS FROM `yk_vip_message` [ RunTime:0.0028s ]
SQL: SHOW COLUMNS FROM `yk_vip_log_sub` [ RunTime:0.0004s ]
SQL: SHOW COLUMNS FROM `yk_employee` [ RunTime:0.0005s ]
SQL: SHOW COLUMNS FROM `yk_vip_set` [ RunTime:0.0007s ]
SQL: SELECT * FROM `yk_vip_set` LIMIT 1   [ RunTime:0.0066s ]
INFO: [ app_end ] --START--
INFO: Run Behavior\ShowPageTraceBehavior [ RunTime:0.000385s ]
INFO: [ app_end ] --END-- [ RunTime:0.000430s ]

[ 2017-08-14T11:38:31+08:00 ] 140.207.54.75 /Home/Wx/index/token/gzyikang2016?signature=c853e193019fabf229223f223a199610d9ddfefe&timestamp=1502681910&nonce=1626687573&openid=omV0nwtM1MyHCt_32e4He7GXE1SM
INFO: [ app_init ] --START--
INFO: Run Behavior\BuildLiteBehavior [ RunTime:0.000013s ]
INFO: [ app_init ] --END-- [ RunTime:0.000283s ]
INFO: [ app_begin ] --START--
INFO: Run Behavior\ReadHtmlCacheBehavior [ RunTime:0.000325s ]
INFO: [ app_begin ] --END-- [ RunTime:0.000365s ]
SQL: SHOW COLUMNS FROM `yk_shop_set` [ RunTime:0.0012s ]
SQL: SELECT * FROM `yk_shop_set` LIMIT 1   [ RunTime:0.0002s ]
SQL: SHOW COLUMNS FROM `yk_set` [ RunTime:0.0005s ]
SQL: SELECT * FROM `yk_set` LIMIT 1   [ RunTime:0.0001s ]
SQL: SHOW COLUMNS FROM `yk_vip` [ RunTime:0.0011s ]
SQL: SHOW COLUMNS FROM `yk_vip_message` [ RunTime:0.0004s ]
SQL: SHOW COLUMNS FROM `yk_vip_log_sub` [ RunTime:0.0005s ]
SQL: SHOW COLUMNS FROM `yk_employee` [ RunTime:0.0006s ]
SQL: SHOW COLUMNS FROM `yk_vip_set` [ RunTime:0.0007s ]
SQL: SELECT * FROM `yk_vip_set` LIMIT 1   [ RunTime:0.0001s ]
INFO: [ app_end ] --START--
INFO: Run Behavior\ShowPageTraceBehavior [ RunTime:0.000393s ]
INFO: [ app_end ] --END-- [ RunTime:0.000436s ]

[ 2017-08-14T11:53:29+08:00 ] 140.207.54.79 /Home/Wx/index/token/gzyikang2016?signature=776e916e908ea09751de14407d092cc079bc0193&timestamp=1502682809&nonce=446841110&openid=omV0nwjfOMn3LZByYOR52qnH6TVY
INFO: [ app_init ] --START--
INFO: Run Behavior\BuildLiteBehavior [ RunTime:0.000012s ]
INFO: [ app_init ] --END-- [ RunTime:0.000264s ]
INFO: [ app_begin ] --START--
INFO: Run Behavior\ReadHtmlCacheBehavior [ RunTime:0.000350s ]
INFO: [ app_begin ] --END-- [ RunTime:0.000403s ]
SQL: SHOW COLUMNS FROM `yk_shop_set` [ RunTime:0.0011s ]
SQL: SELECT * FROM `yk_shop_set` LIMIT 1   [ RunTime:0.0002s ]
SQL: SHOW COLUMNS FROM `yk_set` [ RunTime:0.0005s ]
SQL: SELECT * FROM `yk_set` LIMIT 1   [ RunTime:0.0001s ]
SQL: SHOW COLUMNS FROM `yk_vip` [ RunTime:0.0011s ]
SQL: SHOW COLUMNS FROM `yk_vip_message` [ RunTime:0.0004s ]
SQL: SHOW COLUMNS FROM `yk_vip_log_sub` [ RunTime:0.0004s ]
SQL: SHOW COLUMNS FROM `yk_employee` [ RunTime:0.0005s ]
SQL: SHOW COLUMNS FROM `yk_vip_set` [ RunTime:0.0006s ]
SQL: SELECT * FROM `yk_vip_set` LIMIT 1   [ RunTime:0.0001s ]
INFO: [ app_end ] --START--
INFO: Run Behavior\ShowPageTraceBehavior [ RunTime:0.000369s ]
INFO: [ app_end ] --END-- [ RunTime:0.000410s ]

[ 2017-08-14T11:54:02+08:00 ] 223.73.197.201 /Home/Wxpay/pay/oid/20170814115402-586
INFO: [ app_init ] --START--
INFO: Run Behavior\BuildLiteBehavior [ RunTime:0.000012s ]
INFO: [ app_init ] --END-- [ RunTime:0.000250s ]
INFO: [ app_begin ] --START--
INFO: Run Behavior\ReadHtmlCacheBehavior [ RunTime:0.000327s ]
INFO: [ app_begin ] --END-- [ RunTime:0.000364s ]
SQL: SHOW COLUMNS FROM `yk_set` [ RunTime:0.0007s ]
SQL: SELECT * FROM `yk_set` LIMIT 1   [ RunTime:0.0001s ]
SQL: SHOW COLUMNS FROM `yk_shop_set` [ RunTime:0.0007s ]
SQL: SELECT * FROM `yk_shop_set` LIMIT 1   [ RunTime:0.0001s ]
SQL: SHOW COLUMNS FROM `yk_shop_order` [ RunTime:0.0009s ]
SQL: SELECT * FROM `yk_shop_order` WHERE `oid` = '20170814115402-586' LIMIT 1   [ RunTime:0.0008s ]
INFO: [ app_end ] --START--
INFO: Run Behavior\ShowPageTraceBehavior [ RunTime:0.000549s ]
INFO: [ app_end ] --END-- [ RunTime:0.000629s ]

[ 2017-08-14T11:55:39+08:00 ] 140.207.54.79 /Home/Wx/index/token/gzyikang2016?signature=f1c0a9ed4d7fab8b735089411049802566040014&timestamp=1502682939&nonce=1144043303&openid=omV0nwjfOMn3LZByYOR52qnH6TVY
INFO: [ app_init ] --START--
INFO: Run Behavior\BuildLiteBehavior [ RunTime:0.000016s ]
INFO: [ app_init ] --END-- [ RunTime:0.000288s ]
INFO: [ app_begin ] --START--
INFO: Run Behavior\ReadHtmlCacheBehavior [ RunTime:0.000337s ]
INFO: [ app_begin ] --END-- [ RunTime:0.000406s ]
SQL: SHOW COLUMNS FROM `yk_shop_set` [ RunTime:0.0011s ]
SQL: SELECT * FROM `yk_shop_set` LIMIT 1   [ RunTime:0.0002s ]
SQL: SHOW COLUMNS FROM `yk_set` [ RunTime:0.0005s ]
SQL: SELECT * FROM `yk_set` LIMIT 1   [ RunTime:0.0002s ]
SQL: SHOW COLUMNS FROM `yk_vip` [ RunTime:0.0011s ]
SQL: SHOW COLUMNS FROM `yk_vip_message` [ RunTime:0.0004s ]
SQL: SHOW COLUMNS FROM `yk_vip_log_sub` [ RunTime:0.0005s ]
SQL: SHOW COLUMNS FROM `yk_employee` [ RunTime:0.0005s ]
SQL: SHOW COLUMNS FROM `yk_vip_set` [ RunTime:0.0007s ]
SQL: SELECT * FROM `yk_vip_set` LIMIT 1   [ RunTime:0.0001s ]
INFO: [ app_end ] --START--
INFO: Run Behavior\ShowPageTraceBehavior [ RunTime:0.000375s ]
INFO: [ app_end ] --END-- [ RunTime:0.000440s ]

[ 2017-08-14T11:55:53+08:00 ] 223.73.197.201 /Home/Wxpay/pay/oid/20170814115402-586
INFO: [ app_init ] --START--
INFO: Run Behavior\BuildLiteBehavior [ RunTime:0.000011s ]
INFO: [ app_init ] --END-- [ RunTime:0.000267s ]
INFO: [ app_begin ] --START--
INFO: Run Behavior\ReadHtmlCacheBehavior [ RunTime:0.000320s ]
INFO: [ app_begin ] --END-- [ RunTime:0.000358s ]
SQL: SHOW COLUMNS FROM `yk_set` [ RunTime:0.0006s ]
SQL: SELECT * FROM `yk_set` LIMIT 1   [ RunTime:0.0001s ]
SQL: SHOW COLUMNS FROM `yk_shop_set` [ RunTime:0.0007s ]
SQL: SELECT * FROM `yk_shop_set` LIMIT 1   [ RunTime:0.0001s ]
SQL: SHOW COLUMNS FROM `yk_shop_order` [ RunTime:0.0008s ]
SQL: SELECT * FROM `yk_shop_order` WHERE `oid` = '20170814115402-586' LIMIT 1   [ RunTime:0.0008s ]
INFO: [ app_end ] --START--
INFO: Run Behavior\ShowPageTraceBehavior [ RunTime:0.000441s ]
INFO: [ app_end ] --END-- [ RunTime:0.000514s ]

[ 2017-08-14T12:04:03+08:00 ] 101.226.64.177 /Home/Wxpay/pay/oid/20170814115402-586
INFO: [ app_init ] --START--
INFO: Run Behavior\BuildLiteBehavior [ RunTime:0.000013s ]
INFO: [ app_init ] --END-- [ RunTime:0.000283s ]
INFO: [ app_begin ] --START--
INFO: Run Behavior\ReadHtmlCacheBehavior [ RunTime:0.000374s ]
INFO: [ app_begin ] --END-- [ RunTime:0.000411s ]
SQL: SHOW COLUMNS FROM `yk_set` [ RunTime:0.0007s ]
SQL: SELECT * FROM `yk_set` LIMIT 1   [ RunTime:0.0001s ]
SQL: SHOW COLUMNS FROM `yk_shop_set` [ RunTime:0.0009s ]
SQL: SELECT * FROM `yk_shop_set` LIMIT 1   [ RunTime:0.0002s ]
INFO: [ view_parse ] --START--
INFO: [ template_filter ] --START--
INFO: Run Behavior\ContentReplaceBehavior [ RunTime:0.000038s ]
INFO: [ template_filter ] --END-- [ RunTime:0.000084s ]
INFO: Run Behavior\ParseTemplateBehavior [ RunTime:0.010185s ]
INFO: [ view_parse ] --END-- [ RunTime:0.010238s ]
INFO: [ view_filter ] --START--
INFO: Run Behavior\WriteHtmlCacheBehavior [ RunTime:0.000120s ]
INFO: [ view_filter ] --END-- [ RunTime:0.000154s ]

[ 2017-08-14T12:13:13+08:00 ] 140.207.54.79 /Home/Wx/index/token/gzyikang2016?signature=376da7770f67911944b10b61745911532deb0c19&timestamp=1502683993&nonce=1098270749&openid=omV0nwvq4N97pHfnnf0yamlBw9D0
INFO: [ app_init ] --START--
INFO: Run Behavior\BuildLiteBehavior [ RunTime:0.000017s ]
INFO: [ app_init ] --END-- [ RunTime:0.000329s ]
INFO: [ app_begin ] --START--
INFO: Run Behavior\ReadHtmlCacheBehavior [ RunTime:0.000344s ]
INFO: [ app_begin ] --END-- [ RunTime:0.000383s ]
SQL: SHOW COLUMNS FROM `yk_shop_set` [ RunTime:0.0010s ]
SQL: SELECT * FROM `yk_shop_set` LIMIT 1   [ RunTime:0.0002s ]
SQL: SHOW COLUMNS FROM `yk_set` [ RunTime:0.0006s ]
SQL: SELECT * FROM `yk_set` LIMIT 1   [ RunTime:0.0001s ]
SQL: SHOW COLUMNS FROM `yk_vip` [ RunTime:0.0013s ]
SQL: SHOW COLUMNS FROM `yk_vip_message` [ RunTime:0.0004s ]
SQL: SHOW COLUMNS FROM `yk_vip_log_sub` [ RunTime:0.0004s ]
SQL: SHOW COLUMNS FROM `yk_employee` [ RunTime:0.0005s ]
SQL: SHOW COLUMNS FROM `yk_vip_set` [ RunTime:0.0006s ]
SQL: SELECT * FROM `yk_vip_set` LIMIT 1   [ RunTime:0.0002s ]
SQL: SELECT * FROM `yk_vip` WHERE `openid` = 'omV0nwvq4N97pHfnnf0yamlBw9D0' LIMIT 1   [ RunTime:0.0051s ]
SQL: UPDATE `yk_vip` SET `subscribe`='1' WHERE `openid` = 'omV0nwvq4N97pHfnnf0yamlBw9D0' [ RunTime:0.0107s ]
SQL: SELECT * FROM `yk_vip` WHERE ( id=3606 ) LIMIT 1   [ RunTime:0.0002s ]
SQL: INSERT INTO `yk_vip_log_sub` (`ppid`,`from`,`fromname`,`to`,`toname`,`issub`,`ctime`) VALUES ('3606','6030','a。','3606','','1','1502683993') [ RunTime:0.0002s ]
SQL: UPDATE `yk_vip` SET `total_xxsub`=total_xxsub+1 WHERE ( id=3606 ) [ RunTime:0.0002s ]
SQL: SHOW COLUMNS FROM `yk_upload_img` [ RunTime:0.0006s ]
SQL: SELECT * FROM `yk_upload_img` WHERE `id` = 167 LIMIT 1   [ RunTime:0.0001s ]
INFO: [ app_end ] --START--
INFO: Run Behavior\ShowPageTraceBehavior [ RunTime:0.000450s ]
INFO: [ app_end ] --END-- [ RunTime:0.000492s ]

[ 2017-08-14T12:13:16+08:00 ] 140.207.54.79 /Home/Wx/index/token/gzyikang2016?signature=3007bed9b28d34c312755f8e6d63b465cfe48dc6&timestamp=1502683995&nonce=363583546&openid=omV0nwvq4N97pHfnnf0yamlBw9D0
INFO: [ app_init ] --START--
INFO: Run Behavior\BuildLiteBehavior [ RunTime:0.000017s ]
INFO: [ app_init ] --END-- [ RunTime:0.000328s ]
INFO: [ app_begin ] --START--
INFO: Run Behavior\ReadHtmlCacheBehavior [ RunTime:0.000353s ]
INFO: [ app_begin ] --END-- [ RunTime:0.000402s ]
SQL: SHOW COLUMNS FROM `yk_shop_set` [ RunTime:0.0010s ]
SQL: SELECT * FROM `yk_shop_set` LIMIT 1   [ RunTime:0.0037s ]
SQL: SHOW COLUMNS FROM `yk_set` [ RunTime:0.0005s ]
SQL: SELECT * FROM `yk_set` LIMIT 1   [ RunTime:0.0001s ]
SQL: SHOW COLUMNS FROM `yk_vip` [ RunTime:0.0090s ]
SQL: SHOW COLUMNS FROM `yk_vip_message` [ RunTime:0.0004s ]
SQL: SHOW COLUMNS FROM `yk_vip_log_sub` [ RunTime:0.0004s ]
SQL: SHOW COLUMNS FROM `yk_employee` [ RunTime:0.0005s ]
SQL: SHOW COLUMNS FROM `yk_vip_set` [ RunTime:0.0006s ]
SQL: SELECT * FROM `yk_vip_set` LIMIT 1   [ RunTime:0.0002s ]
INFO: [ app_end ] --START--
INFO: Run Behavior\ShowPageTraceBehavior [ RunTime:0.000413s ]
INFO: [ app_end ] --END-- [ RunTime:0.000458s ]

[ 2017-08-14T12:13:19+08:00 ] 140.207.54.79 /Home/Wx/index/token/gzyikang2016?signature=3c8714826c5442043c3e98a0e937ee8f3f1c2a28&timestamp=1502683999&nonce=180088329&openid=omV0nwvq4N97pHfnnf0yamlBw9D0
INFO: [ app_init ] --START--
INFO: Run Behavior\BuildLiteBehavior [ RunTime:0.000022s ]
INFO: [ app_init ] --END-- [ RunTime:0.003374s ]
INFO: [ app_begin ] --START--
INFO: Run Behavior\ReadHtmlCacheBehavior [ RunTime:0.000377s ]
INFO: [ app_begin ] --END-- [ RunTime:0.000418s ]
SQL: SHOW COLUMNS FROM `yk_shop_set` [ RunTime:0.0010s ]
SQL: SELECT * FROM `yk_shop_set` LIMIT 1   [ RunTime:0.0002s ]
SQL: SHOW COLUMNS FROM `yk_set` [ RunTime:0.0005s ]
SQL: SELECT * FROM `yk_set` LIMIT 1   [ RunTime:0.0010s ]
SQL: SHOW COLUMNS FROM `yk_vip` [ RunTime:0.0014s ]
SQL: SHOW COLUMNS FROM `yk_vip_message` [ RunTime:0.0004s ]
SQL: SHOW COLUMNS FROM `yk_vip_log_sub` [ RunTime:0.0004s ]
SQL: SHOW COLUMNS FROM `yk_employee` [ RunTime:0.0112s ]
SQL: SHOW COLUMNS FROM `yk_vip_set` [ RunTime:0.0006s ]
SQL: SELECT * FROM `yk_vip_set` LIMIT 1   [ RunTime:0.0002s ]
INFO: [ app_end ] --START--
INFO: Run Behavior\ShowPageTraceBehavior [ RunTime:0.000444s ]
INFO: [ app_end ] --END-- [ RunTime:0.000493s ]

[ 2017-08-14T12:15:55+08:00 ] 140.207.54.79 /Home/Wx/index/token/gzyikang2016?signature=b7fe297fa94d293b3c2a1bcfff13eb681de2514b&timestamp=1502684154&nonce=9640522&openid=omV0nwvq4N97pHfnnf0yamlBw9D0
INFO: [ app_init ] --START--
INFO: Run Behavior\BuildLiteBehavior [ RunTime:0.000013s ]
INFO: [ app_init ] --END-- [ RunTime:0.000274s ]
INFO: [ app_begin ] --START--
INFO: Run Behavior\ReadHtmlCacheBehavior [ RunTime:0.000364s ]
INFO: [ app_begin ] --END-- [ RunTime:0.000403s ]
SQL: SHOW COLUMNS FROM `yk_shop_set` [ RunTime:0.0010s ]
SQL: SELECT * FROM `yk_shop_set` LIMIT 1   [ RunTime:0.0002s ]
SQL: SHOW COLUMNS FROM `yk_set` [ RunTime:0.0005s ]
SQL: SELECT * FROM `yk_set` LIMIT 1   [ RunTime:0.0001s ]
SQL: SHOW COLUMNS FROM `yk_vip` [ RunTime:0.0011s ]
SQL: SHOW COLUMNS FROM `yk_vip_message` [ RunTime:0.0004s ]
SQL: SHOW COLUMNS FROM `yk_vip_log_sub` [ RunTime:0.0004s ]
SQL: SHOW COLUMNS FROM `yk_employee` [ RunTime:0.0005s ]
SQL: SHOW COLUMNS FROM `yk_vip_set` [ RunTime:0.0006s ]
SQL: SELECT * FROM `yk_vip_set` LIMIT 1   [ RunTime:0.0001s ]
INFO: [ app_end ] --START--
INFO: Run Behavior\ShowPageTraceBehavior [ RunTime:0.000383s ]
INFO: [ app_end ] --END-- [ RunTime:0.000426s ]

[ 2017-08-14T12:17:55+08:00 ] 113.133.215.144 /Home/Wxpay/pay/oid/20170814121754-587
INFO: [ app_init ] --START--
INFO: Run Behavior\BuildLiteBehavior [ RunTime:0.000010s ]
INFO: [ app_init ] --END-- [ RunTime:0.000252s ]
INFO: [ app_begin ] --START--
INFO: Run Behavior\ReadHtmlCacheBehavior [ RunTime:0.000329s ]
INFO: [ app_begin ] --END-- [ RunTime:0.000367s ]
SQL: SHOW COLUMNS FROM `yk_set` [ RunTime:0.0005s ]
SQL: SELECT * FROM `yk_set` LIMIT 1   [ RunTime:0.0001s ]
SQL: SHOW COLUMNS FROM `yk_shop_set` [ RunTime:0.0007s ]
SQL: SELECT * FROM `yk_shop_set` LIMIT 1   [ RunTime:0.0006s ]
SQL: SHOW COLUMNS FROM `yk_shop_order` [ RunTime:0.0009s ]
SQL: SELECT * FROM `yk_shop_order` WHERE `oid` = '20170814121754-587' LIMIT 1   [ RunTime:0.0008s ]
INFO: [ app_end ] --START--
INFO: Run Behavior\ShowPageTraceBehavior [ RunTime:0.000582s ]
INFO: [ app_end ] --END-- [ RunTime:0.000640s ]

[ 2017-08-14T12:18:02+08:00 ] 140.207.54.76 /Home/Wxpay/nd/
INFO: [ app_init ] --START--
INFO: Run Behavior\BuildLiteBehavior [ RunTime:0.000012s ]
INFO: [ app_init ] --END-- [ RunTime:0.000279s ]
INFO: [ app_begin ] --START--
INFO: Run Behavior\ReadHtmlCacheBehavior [ RunTime:0.000324s ]
INFO: [ app_begin ] --END-- [ RunTime:0.000362s ]
SQL: SHOW COLUMNS FROM `yk_set` [ RunTime:0.0007s ]
SQL: SELECT * FROM `yk_set` LIMIT 1   [ RunTime:0.0001s ]
SQL: SHOW COLUMNS FROM `yk_shop_set` [ RunTime:0.0007s ]
SQL: SELECT * FROM `yk_shop_set` LIMIT 1   [ RunTime:0.0001s ]
SQL: SHOW COLUMNS FROM `yk_set` [ RunTime:0.0005s ]
SQL: SELECT * FROM `yk_set` LIMIT 1   [ RunTime:0.0001s ]
SQL: SHOW COLUMNS FROM `yk_shop_order` [ RunTime:0.0009s ]
SQL: SELECT * FROM `yk_shop_order` WHERE `oid` = '20170814121754-587' LIMIT 1   [ RunTime:0.0008s ]
SQL: UPDATE `yk_shop_order` SET `sid`='0',`oid`='20170814121754-587',`djqid`='0',`totalprice`='780',`totalnum`='1',`payprice`='780',`paytype`='wxpay',`paytime`='1502684280',`aliaccount`=NULL,`yf`='0',`ispay`='1',`vipid`='6030',`vipopenid`='omV0nwvq4N97pHfnnf0yamlBw9D0',`vipname`='潘小惠',`vipmobile`='18009153444',`vipaddress`='陕西省安康市岚皋县新街孟家桥燕燕衣橱',`vipxqname`=NULL,`vipxqid`=NULL,`msg`='',`kfmsg`=NULL,`ctime`='1502684274',`ntime`=NULL,`dtime`=NULL,`etime`=NULL,`changetime`=NULL,`changemsg`=NULL,`changeadmin`=NULL,`closetime`=NULL,`closemsg`=NULL,`closeadmin`=NULL,`tuihuoprice`=NULL,`tuihuosqtime`='0',`tuihuotime`=NULL,`tuihuokd`=NULL,`tuihuokdnum`=NULL,`tuihuomsg`=NULL,`tuihuoadmin`=NULL,`status`='3',`fahuokd`=NULL,`fahuokdnum`=NULL,`items`='a:1:{i:0;a:12:{s:2:\"id\";s:4:\"1817\";s:3:\"sid\";s:1:\"0\";s:5:\"vipid\";s:4:\"6030\";s:7:\"goodsid\";s:2:\"18\";s:3:\"sku\";s:0:\"\";s:3:\"num\";s:1:\"1\";s:5:\"skuid\";i:0;s:4:\"name\";s:39:\"恒压咽鼓管吹张器（儿童型）\";s:7:\"skuattr\";N;s:5:\"price\";s:3:\"780\";s:5:\"total\";i:780;s:3:\"pic\";s:40:\"/Upload/img/2016-07-27/5798797fe244b.jpg\";}}',`fxsid`='3606' WHERE `id` = 587 [ RunTime:0.0003s ]
SQL: SHOW COLUMNS FROM `yk_shop_goods` [ RunTime:0.0007s ]
SQL: SHOW COLUMNS FROM `yk_shop_goods_sku` [ RunTime:0.0004s ]
SQL: SHOW COLUMNS FROM `yk_shop_syslog_sells` [ RunTime:0.0123s ]
SQL: UPDATE `yk_shop_goods` SET `num`=num-1 WHERE ( id=18 ) [ RunTime:0.0002s ]
SQL: UPDATE `yk_shop_goods` SET `sells`=sells+1 WHERE ( id=18 ) [ RunTime:0.0001s ]
SQL: UPDATE `yk_shop_goods` SET `dissells`=dissells+1 WHERE ( id=18 ) [ RunTime:0.0002s ]
SQL: INSERT INTO `yk_shop_syslog_sells` (`oid`,`vipid`,`vipopenid`,`vipname`,`ctime`,`num`,`goodsid`,`goodsname`,`skuid`,`skuattr`,`price`,`total`) VALUES ('587','6030','omV0nwvq4N97pHfnnf0yamlBw9D0','潘小惠','1502684280','1','18','恒压咽鼓管吹张器（儿童型）','0','0','780','780') [ RunTime:0.0099s ]
SQL: SHOW COLUMNS FROM `yk_shop_order_log` [ RunTime:0.0004s ]
SQL: SHOW COLUMNS FROM `yk_shop_order_syslog` [ RunTime:0.0003s ]
SQL: INSERT INTO `yk_shop_order_log` (`oid`,`msg`,`ctime`) VALUES ('587','微信付款成功','1502684280') [ RunTime:0.0001s ]
SQL: INSERT INTO `yk_shop_order_syslog` (`oid`,`msg`,`ctime`,`type`,`paytype`) VALUES ('587','微信付款成功','1502684280','2','wxpay') [ RunTime:0.0001s ]
SQL: SHOW COLUMNS FROM `yk_vip` [ RunTime:0.0009s ]
SQL: SELECT * FROM `yk_vip` WHERE ( id=6030 ) LIMIT 1   [ RunTime:0.0002s ]
SQL: SELECT * FROM `yk_vip` WHERE ( id=3606 ) LIMIT 1   [ RunTime:0.0002s ]
SQL: SELECT * FROM `yk_vip` WHERE ( id=3606 ) LIMIT 1   [ RunTime:0.0002s ]
SQL: SELECT * FROM `yk_vip` WHERE `id` = 3606 AND `is_system` = 1 LIMIT 1   [ RunTime:0.0002s ]
SQL: SELECT * FROM `yk_vip` WHERE `id` = 3606 AND `is_system` = 1 LIMIT 1   [ RunTime:0.0002s ]
SQL: SHOW COLUMNS FROM `yk_mail` [ RunTime:0.0237s ]
SQL: INSERT INTO `yk_mail` (`to`,`name`,`subject`,`body`,`stime`,`ctime`,`status`) VALUES ('949257185@qq.com','逸康商城','【逸康商城】新订单，订单号：20170814121754-587，金额：780元，预设分销商:3606','<html>
									<head>
									<title>【逸康商城】新订单，订单号：20170814121754-587，金额：780元，预设分销商:3606</title>
									</head>
									<body>
									<table>
									<tr>
									<th>订单号: </th><td>20170814121754-587</td>
									</tr>
									<tr>
									<th>商品名: </th><td>恒压咽鼓管吹张器（儿童型）</td>
									</tr>
									<tr>
									<th>预设分销商: </th><td>3606</td>
									</tr>
									<tr>
									<th>订单总额: </th><td>780元</td>
									</tr>
									<tr>
									<th>收货地址: </th><td>陕西省安康市岚皋县新街孟家桥燕燕衣橱</td>
									</tr>
									<tr>
									<th>收货人: </th><td>潘小惠</td>
									</tr>
									<tr>
									<th>收货电话: </th><td>18009153444</td>
									</tr>
									<tr>
									<th>支付时间: </th><td>2017-08-14 12:18:00</td>
									</tr>
									<tr>
									<th>下单时间: </th><td>2017-08-14 12:17:54</td>
									</tr>
									</table>
									</body>
									</html>','1502684281','1502684281','1') [ RunTime:0.0278s ]
SQL: SHOW COLUMNS FROM `yk_sms` [ RunTime:0.0035s ]
SQL: SELECT * FROM `yk_sms` LIMIT 1   [ RunTime:0.0012s ]
SQL: SHOW COLUMNS FROM `yk_wx_template` [ RunTime:0.0084s ]
SQL: SELECT * FROM `yk_wx_template` WHERE `templateidshort` = 'OPENTM200444326' LIMIT 1   [ RunTime:0.0066s ]
INFO: [ app_end ] --START--
INFO: Run Behavior\ShowPageTraceBehavior [ RunTime:0.000550s ]
INFO: [ app_end ] --END-- [ RunTime:0.000631s ]

[ 2017-08-14T12:26:01+08:00 ] 101.226.89.122 /Home/Wxpay/pay/oid/20170814121754-587
INFO: [ app_init ] --START--
INFO: Run Behavior\BuildLiteBehavior [ RunTime:0.000014s ]
INFO: [ app_init ] --END-- [ RunTime:0.000284s ]
INFO: [ app_begin ] --START--
INFO: Run Behavior\ReadHtmlCacheBehavior [ RunTime:0.000326s ]
INFO: [ app_begin ] --END-- [ RunTime:0.000365s ]
SQL: SHOW COLUMNS FROM `yk_set` [ RunTime:0.0008s ]
SQL: SELECT * FROM `yk_set` LIMIT 1   [ RunTime:0.0002s ]
SQL: SHOW COLUMNS FROM `yk_shop_set` [ RunTime:0.0050s ]
SQL: SELECT * FROM `yk_shop_set` LIMIT 1   [ RunTime:0.0002s ]
INFO: [ view_parse ] --START--
INFO: [ template_filter ] --START--
INFO: Run Behavior\ContentReplaceBehavior [ RunTime:0.000043s ]
INFO: [ template_filter ] --END-- [ RunTime:0.000086s ]
INFO: Run Behavior\ParseTemplateBehavior [ RunTime:0.006479s ]
INFO: [ view_parse ] --END-- [ RunTime:0.006519s ]
INFO: [ view_filter ] --START--
INFO: Run Behavior\WriteHtmlCacheBehavior [ RunTime:0.000143s ]
INFO: [ view_filter ] --END-- [ RunTime:0.000177s ]

[ 2017-08-14T15:25:20+08:00 ] 182.131.11.234 /Home/Wxpay/pay/oid/20170814152519-588
INFO: [ app_init ] --START--
INFO: Run Behavior\BuildLiteBehavior [ RunTime:0.000030s ]
INFO: [ app_init ] --END-- [ RunTime:0.000286s ]
INFO: [ app_begin ] --START--
INFO: Run Behavior\ReadHtmlCacheBehavior [ RunTime:0.000625s ]
INFO: [ app_begin ] --END-- [ RunTime:0.000702s ]
SQL: SHOW COLUMNS FROM `yk_set` [ RunTime:0.0008s ]
SQL: SELECT * FROM `yk_set` LIMIT 1   [ RunTime:0.0001s ]
SQL: SHOW COLUMNS FROM `yk_shop_set` [ RunTime:0.0008s ]
SQL: SELECT * FROM `yk_shop_set` LIMIT 1   [ RunTime:0.0001s ]
SQL: SHOW COLUMNS FROM `yk_shop_order` [ RunTime:0.0009s ]
SQL: SELECT * FROM `yk_shop_order` WHERE `oid` = '20170814152519-588' LIMIT 1   [ RunTime:0.0007s ]
INFO: [ app_end ] --START--
INFO: Run Behavior\ShowPageTraceBehavior [ RunTime:0.000574s ]
INFO: [ app_end ] --END-- [ RunTime:0.000632s ]

[ 2017-08-14T15:25:39+08:00 ] 140.207.54.76 /Home/Wxpay/nd/
INFO: [ app_init ] --START--
INFO: Run Behavior\BuildLiteBehavior [ RunTime:0.000011s ]
INFO: [ app_init ] --END-- [ RunTime:0.000255s ]
INFO: [ app_begin ] --START--
INFO: Run Behavior\ReadHtmlCacheBehavior [ RunTime:0.000348s ]
INFO: [ app_begin ] --END-- [ RunTime:0.000387s ]
SQL: SHOW COLUMNS FROM `yk_set` [ RunTime:0.0006s ]
SQL: SELECT * FROM `yk_set` LIMIT 1   [ RunTime:0.0001s ]
SQL: SHOW COLUMNS FROM `yk_shop_set` [ RunTime:0.0008s ]
SQL: SELECT * FROM `yk_shop_set` LIMIT 1   [ RunTime:0.0001s ]
SQL: SHOW COLUMNS FROM `yk_set` [ RunTime:0.0005s ]
SQL: SELECT * FROM `yk_set` LIMIT 1   [ RunTime:0.0001s ]
SQL: SHOW COLUMNS FROM `yk_shop_order` [ RunTime:0.0010s ]
SQL: SELECT * FROM `yk_shop_order` WHERE `oid` = '20170814152519-588' LIMIT 1   [ RunTime:0.0008s ]
SQL: UPDATE `yk_shop_order` SET `sid`='0',`oid`='20170814152519-588',`djqid`='0',`totalprice`='680',`totalnum`='1',`payprice`='680',`paytype`='wxpay',`paytime`='1502695537',`aliaccount`=NULL,`yf`='0',`ispay`='1',`vipid`='6025',`vipopenid`='omV0nwl6FMj2b76D7smxvgvUp8Fw',`vipname`='谢岷东',`vipmobile`='13908138969',`vipaddress`='四川省乐山市中区凤凰路中段270号',`vipxqname`=NULL,`vipxqid`=NULL,`msg`='',`kfmsg`=NULL,`ctime`='1502695519',`ntime`=NULL,`dtime`=NULL,`etime`=NULL,`changetime`=NULL,`changemsg`=NULL,`changeadmin`=NULL,`closetime`=NULL,`closemsg`=NULL,`closeadmin`=NULL,`tuihuoprice`=NULL,`tuihuosqtime`='0',`tuihuotime`=NULL,`tuihuokd`=NULL,`tuihuokdnum`=NULL,`tuihuomsg`=NULL,`tuihuoadmin`=NULL,`status`='3',`fahuokd`=NULL,`fahuokdnum`=NULL,`items`='a:1:{i:0;a:12:{s:2:\"id\";s:4:\"1819\";s:3:\"sid\";s:1:\"0\";s:5:\"vipid\";s:4:\"6025\";s:7:\"goodsid\";s:2:\"17\";s:3:\"sku\";s:0:\"\";s:3:\"num\";s:1:\"1\";s:5:\"skuid\";i:0;s:4:\"name\";s:35:\"恒压咽鼓管吹张器(成人型)\";s:7:\"skuattr\";N;s:5:\"price\";s:3:\"680\";s:5:\"total\";i:680;s:3:\"pic\";s:40:\"/Upload/img/2016-07-26/57972a3c5c91e.jpg\";}}',`fxsid`='222' WHERE `id` = 588 [ RunTime:0.0003s ]
SQL: SHOW COLUMNS FROM `yk_shop_goods` [ RunTime:0.0007s ]
SQL: SHOW COLUMNS FROM `yk_shop_goods_sku` [ RunTime:0.0005s ]
SQL: SHOW COLUMNS FROM `yk_shop_syslog_sells` [ RunTime:0.0116s ]
SQL: UPDATE `yk_shop_goods` SET `num`=num-1 WHERE ( id=17 ) [ RunTime:0.0001s ]
SQL: UPDATE `yk_shop_goods` SET `sells`=sells+1 WHERE ( id=17 ) [ RunTime:0.0002s ]
SQL: UPDATE `yk_shop_goods` SET `dissells`=dissells+1 WHERE ( id=17 ) [ RunTime:0.0001s ]
SQL: INSERT INTO `yk_shop_syslog_sells` (`oid`,`vipid`,`vipopenid`,`vipname`,`ctime`,`num`,`goodsid`,`goodsname`,`skuid`,`skuattr`,`price`,`total`) VALUES ('588','6025','omV0nwl6FMj2b76D7smxvgvUp8Fw','谢岷东','1502695537','1','17','恒压咽鼓管吹张器(成人型)','0','0','680','680') [ RunTime:0.0292s ]
SQL: SHOW COLUMNS FROM `yk_shop_order_log` [ RunTime:0.0021s ]
SQL: SHOW COLUMNS FROM `yk_shop_order_syslog` [ RunTime:0.0004s ]
SQL: INSERT INTO `yk_shop_order_log` (`oid`,`msg`,`ctime`) VALUES ('588','微信付款成功','1502695537') [ RunTime:0.0001s ]
SQL: INSERT INTO `yk_shop_order_syslog` (`oid`,`msg`,`ctime`,`type`,`paytype`) VALUES ('588','微信付款成功','1502695537','2','wxpay') [ RunTime:0.0001s ]
SQL: SHOW COLUMNS FROM `yk_vip` [ RunTime:0.0010s ]
SQL: SELECT * FROM `yk_vip` WHERE ( id=6025 ) LIMIT 1   [ RunTime:0.0002s ]
SQL: SELECT * FROM `yk_vip` WHERE ( id=222 ) LIMIT 1   [ RunTime:0.0002s ]
SQL: SELECT * FROM `yk_vip` WHERE ( id=222 ) LIMIT 1   [ RunTime:0.0002s ]
SQL: SELECT * FROM `yk_vip` WHERE `id` = 222 AND `is_system` = 1 LIMIT 1   [ RunTime:0.0002s ]
SQL: SELECT * FROM `yk_vip` WHERE `id` = 222 AND `is_system` = 1 LIMIT 1   [ RunTime:0.0002s ]
SQL: SHOW COLUMNS FROM `yk_mail` [ RunTime:0.0145s ]
SQL: INSERT INTO `yk_mail` (`to`,`name`,`subject`,`body`,`stime`,`ctime`,`status`) VALUES ('949257185@qq.com','逸康商城','【逸康商城】新订单，订单号：20170814152519-588，金额：680元，预设分销商:222','<html>
									<head>
									<title>【逸康商城】新订单，订单号：20170814152519-588，金额：680元，预设分销商:222</title>
									</head>
									<body>
									<table>
									<tr>
									<th>订单号: </th><td>20170814152519-588</td>
									</tr>
									<tr>
									<th>商品名: </th><td>恒压咽鼓管吹张器(成人型)</td>
									</tr>
									<tr>
									<th>预设分销商: </th><td>222</td>
									</tr>
									<tr>
									<th>订单总额: </th><td>680元</td>
									</tr>
									<tr>
									<th>收货地址: </th><td>四川省乐山市中区凤凰路中段270号</td>
									</tr>
									<tr>
									<th>收货人: </th><td>谢岷东</td>
									</tr>
									<tr>
									<th>收货电话: </th><td>13908138969</td>
									</tr>
									<tr>
									<th>支付时间: </th><td>2017-08-14 15:25:37</td>
									</tr>
									<tr>
									<th>下单时间: </th><td>2017-08-14 15:25:19</td>
									</tr>
									</table>
									</body>
									</html>','1502695538','1502695538','1') [ RunTime:0.0043s ]
SQL: SHOW COLUMNS FROM `yk_sms` [ RunTime:0.0127s ]
SQL: SELECT * FROM `yk_sms` LIMIT 1   [ RunTime:0.0011s ]
SQL: SHOW COLUMNS FROM `yk_wx_template` [ RunTime:0.0021s ]
SQL: SELECT * FROM `yk_wx_template` WHERE `templateidshort` = 'OPENTM200444326' LIMIT 1   [ RunTime:0.0015s ]
INFO: [ app_end ] --START--
INFO: Run Behavior\ShowPageTraceBehavior [ RunTime:0.000548s ]
INFO: [ app_end ] --END-- [ RunTime:0.000627s ]

[ 2017-08-14T16:10:37+08:00 ] 140.207.54.79 /Home/Wx/index/token/gzyikang2016?signature=16b39a0c2902d79855e64c7c8983e697ad3c3d79&timestamp=1502698237&nonce=26251422&openid=omV0nwqjnmO7vEc-9N2NDzku6FmU
INFO: [ app_init ] --START--
INFO: Run Behavior\BuildLiteBehavior [ RunTime:0.000012s ]
INFO: [ app_init ] --END-- [ RunTime:0.000266s ]
INFO: [ app_begin ] --START--
INFO: Run Behavior\ReadHtmlCacheBehavior [ RunTime:0.000321s ]
INFO: [ app_begin ] --END-- [ RunTime:0.000360s ]
SQL: SHOW COLUMNS FROM `yk_shop_set` [ RunTime:0.0011s ]
SQL: SELECT * FROM `yk_shop_set` LIMIT 1   [ RunTime:0.0002s ]
SQL: SHOW COLUMNS FROM `yk_set` [ RunTime:0.0009s ]
SQL: SELECT * FROM `yk_set` LIMIT 1   [ RunTime:0.0001s ]
SQL: SHOW COLUMNS FROM `yk_vip` [ RunTime:0.0012s ]
SQL: SHOW COLUMNS FROM `yk_vip_message` [ RunTime:0.0136s ]
SQL: SHOW COLUMNS FROM `yk_vip_log_sub` [ RunTime:0.0005s ]
SQL: SHOW COLUMNS FROM `yk_employee` [ RunTime:0.0013s ]
SQL: SHOW COLUMNS FROM `yk_vip_set` [ RunTime:0.0020s ]
SQL: SELECT * FROM `yk_vip_set` LIMIT 1   [ RunTime:0.0001s ]
INFO: [ app_end ] --START--
INFO: Run Behavior\ShowPageTraceBehavior [ RunTime:0.000422s ]
INFO: [ app_end ] --END-- [ RunTime:0.000468s ]

[ 2017-08-14T17:36:14+08:00 ] 140.207.54.79 /Home/Wx/index/token/gzyikang2016?signature=c37b8848d399a5797d71adb10cc6718cbdfc2ee8&timestamp=1502703374&nonce=701771671&openid=omV0nwkD1njohp1HfZFqucV1c8e4
INFO: [ app_init ] --START--
INFO: Run Behavior\BuildLiteBehavior [ RunTime:0.000013s ]
INFO: [ app_init ] --END-- [ RunTime:0.000262s ]
INFO: [ app_begin ] --START--
INFO: Run Behavior\ReadHtmlCacheBehavior [ RunTime:0.000446s ]
INFO: [ app_begin ] --END-- [ RunTime:0.000516s ]
SQL: SHOW COLUMNS FROM `yk_shop_set` [ RunTime:0.0010s ]
SQL: SELECT * FROM `yk_shop_set` LIMIT 1   [ RunTime:0.0002s ]
SQL: SHOW COLUMNS FROM `yk_set` [ RunTime:0.0005s ]
SQL: SELECT * FROM `yk_set` LIMIT 1   [ RunTime:0.0002s ]
SQL: SHOW COLUMNS FROM `yk_vip` [ RunTime:0.0016s ]
SQL: SHOW COLUMNS FROM `yk_vip_message` [ RunTime:0.0005s ]
SQL: SHOW COLUMNS FROM `yk_vip_log_sub` [ RunTime:0.0005s ]
SQL: SHOW COLUMNS FROM `yk_employee` [ RunTime:0.0006s ]
SQL: SHOW COLUMNS FROM `yk_vip_set` [ RunTime:0.0007s ]
SQL: SELECT * FROM `yk_vip_set` LIMIT 1   [ RunTime:0.0002s ]
INFO: [ app_end ] --START--
INFO: Run Behavior\ShowPageTraceBehavior [ RunTime:0.000434s ]
INFO: [ app_end ] --END-- [ RunTime:0.000480s ]

[ 2017-08-14T17:46:12+08:00 ] 140.207.54.79 /Home/Wx/index/token/gzyikang2016?signature=a7806c257c4846a8fe17416721e4868f2b785933&timestamp=1502703972&nonce=1144408192&openid=omV0nwkD1njohp1HfZFqucV1c8e4
INFO: [ app_init ] --START--
INFO: Run Behavior\BuildLiteBehavior [ RunTime:0.000012s ]
INFO: [ app_init ] --END-- [ RunTime:0.000297s ]
INFO: [ app_begin ] --START--
INFO: Run Behavior\ReadHtmlCacheBehavior [ RunTime:0.000327s ]
INFO: [ app_begin ] --END-- [ RunTime:0.000366s ]
SQL: SHOW COLUMNS FROM `yk_shop_set` [ RunTime:0.0010s ]
SQL: SELECT * FROM `yk_shop_set` LIMIT 1   [ RunTime:0.0002s ]
SQL: SHOW COLUMNS FROM `yk_set` [ RunTime:0.0005s ]
SQL: SELECT * FROM `yk_set` LIMIT 1   [ RunTime:0.0001s ]
SQL: SHOW COLUMNS FROM `yk_vip` [ RunTime:0.0011s ]
SQL: SHOW COLUMNS FROM `yk_vip_message` [ RunTime:0.0004s ]
SQL: SHOW COLUMNS FROM `yk_vip_log_sub` [ RunTime:0.0005s ]
SQL: SHOW COLUMNS FROM `yk_employee` [ RunTime:0.0006s ]
SQL: SHOW COLUMNS FROM `yk_vip_set` [ RunTime:0.0007s ]
SQL: SELECT * FROM `yk_vip_set` LIMIT 1   [ RunTime:0.0001s ]
INFO: [ app_end ] --START--
INFO: Run Behavior\ShowPageTraceBehavior [ RunTime:0.000614s ]
INFO: [ app_end ] --END-- [ RunTime:0.000656s ]

[ 2017-08-14T17:46:22+08:00 ] 140.207.54.80 /Home/Wx/index/token/gzyikang2016?signature=a5787fabf63ebc06cd7216bd1ffd9d91a6849630&timestamp=1502703982&nonce=1072156311&openid=omV0nwkD1njohp1HfZFqucV1c8e4
INFO: [ app_init ] --START--
INFO: Run Behavior\BuildLiteBehavior [ RunTime:0.000013s ]
INFO: [ app_init ] --END-- [ RunTime:0.004436s ]
INFO: [ app_begin ] --START--
INFO: Run Behavior\ReadHtmlCacheBehavior [ RunTime:0.000326s ]
INFO: [ app_begin ] --END-- [ RunTime:0.000365s ]
SQL: SHOW COLUMNS FROM `yk_shop_set` [ RunTime:0.0010s ]
SQL: SELECT * FROM `yk_shop_set` LIMIT 1   [ RunTime:0.0002s ]
SQL: SHOW COLUMNS FROM `yk_set` [ RunTime:0.0005s ]
SQL: SELECT * FROM `yk_set` LIMIT 1   [ RunTime:0.0027s ]
SQL: SHOW COLUMNS FROM `yk_vip` [ RunTime:0.0043s ]
SQL: SHOW COLUMNS FROM `yk_vip_message` [ RunTime:0.0004s ]
SQL: SHOW COLUMNS FROM `yk_vip_log_sub` [ RunTime:0.0004s ]
SQL: SHOW COLUMNS FROM `yk_employee` [ RunTime:0.0005s ]
SQL: SHOW COLUMNS FROM `yk_vip_set` [ RunTime:0.0006s ]
SQL: SELECT * FROM `yk_vip_set` LIMIT 1   [ RunTime:0.0002s ]
INFO: [ app_end ] --START--
INFO: Run Behavior\ShowPageTraceBehavior [ RunTime:0.000375s ]
INFO: [ app_end ] --END-- [ RunTime:0.000418s ]

[ 2017-08-14T18:02:48+08:00 ] 140.207.54.80 /Home/Wx/index/token/gzyikang2016?signature=cb20d978e176f6463206669200142a1ca57f6eba&timestamp=1502704967&nonce=1654165712&openid=omV0nwkD1njohp1HfZFqucV1c8e4
INFO: [ app_init ] --START--
INFO: Run Behavior\BuildLiteBehavior [ RunTime:0.000012s ]
INFO: [ app_init ] --END-- [ RunTime:0.000286s ]
INFO: [ app_begin ] --START--
INFO: Run Behavior\ReadHtmlCacheBehavior [ RunTime:0.000346s ]
INFO: [ app_begin ] --END-- [ RunTime:0.000385s ]
SQL: SHOW COLUMNS FROM `yk_shop_set` [ RunTime:0.0011s ]
SQL: SELECT * FROM `yk_shop_set` LIMIT 1   [ RunTime:0.0002s ]
SQL: SHOW COLUMNS FROM `yk_set` [ RunTime:0.0005s ]
SQL: SELECT * FROM `yk_set` LIMIT 1   [ RunTime:0.0001s ]
SQL: SHOW COLUMNS FROM `yk_vip` [ RunTime:0.0011s ]
SQL: SHOW COLUMNS FROM `yk_vip_message` [ RunTime:0.0004s ]
SQL: SHOW COLUMNS FROM `yk_vip_log_sub` [ RunTime:0.0005s ]
SQL: SHOW COLUMNS FROM `yk_employee` [ RunTime:0.0005s ]
SQL: SHOW COLUMNS FROM `yk_vip_set` [ RunTime:0.0006s ]
SQL: SELECT * FROM `yk_vip_set` LIMIT 1   [ RunTime:0.0001s ]
INFO: [ app_end ] --START--
INFO: Run Behavior\ShowPageTraceBehavior [ RunTime:0.000381s ]
INFO: [ app_end ] --END-- [ RunTime:0.000425s ]

[ 2017-08-14T19:27:14+08:00 ] 140.207.54.75 /Home/Wx/index/token/gzyikang2016?signature=6a6c1cc5f9ab0e62bb8d5ea33eb9291347e3e541&timestamp=1502710033&nonce=214458179&openid=omV0nwlW3LH6c4Q3jcjgOrpjYmDg
INFO: [ app_init ] --START--
INFO: Run Behavior\BuildLiteBehavior [ RunTime:0.000012s ]
INFO: [ app_init ] --END-- [ RunTime:0.000258s ]
INFO: [ app_begin ] --START--
INFO: Run Behavior\ReadHtmlCacheBehavior [ RunTime:0.000343s ]
INFO: [ app_begin ] --END-- [ RunTime:0.000382s ]
SQL: SHOW COLUMNS FROM `yk_shop_set` [ RunTime:0.0011s ]
SQL: SELECT * FROM `yk_shop_set` LIMIT 1   [ RunTime:0.0002s ]
SQL: SHOW COLUMNS FROM `yk_set` [ RunTime:0.0005s ]
SQL: SELECT * FROM `yk_set` LIMIT 1   [ RunTime:0.0001s ]
SQL: SHOW COLUMNS FROM `yk_vip` [ RunTime:0.0011s ]
SQL: SHOW COLUMNS FROM `yk_vip_message` [ RunTime:0.0004s ]
SQL: SHOW COLUMNS FROM `yk_vip_log_sub` [ RunTime:0.0005s ]
SQL: SHOW COLUMNS FROM `yk_employee` [ RunTime:0.0005s ]
SQL: SHOW COLUMNS FROM `yk_vip_set` [ RunTime:0.0007s ]
SQL: SELECT * FROM `yk_vip_set` LIMIT 1   [ RunTime:0.0001s ]
INFO: [ app_end ] --START--
INFO: Run Behavior\ShowPageTraceBehavior [ RunTime:0.000404s ]
INFO: [ app_end ] --END-- [ RunTime:0.000450s ]

[ 2017-08-14T19:45:44+08:00 ] 140.207.54.75 /Home/Wx/index/token/gzyikang2016?signature=f85513e1efb38965ad0d27adfcc6152158fb0be1&timestamp=1502711144&nonce=1858541948&openid=omV0nwtuRxwzREtwlT8xqf7uoTWc
INFO: [ app_init ] --START--
INFO: Run Behavior\BuildLiteBehavior [ RunTime:0.000015s ]
INFO: [ app_init ] --END-- [ RunTime:0.000296s ]
INFO: [ app_begin ] --START--
INFO: Run Behavior\ReadHtmlCacheBehavior [ RunTime:0.000328s ]
INFO: [ app_begin ] --END-- [ RunTime:0.000368s ]
SQL: SHOW COLUMNS FROM `yk_shop_set` [ RunTime:0.0012s ]
SQL: SELECT * FROM `yk_shop_set` LIMIT 1   [ RunTime:0.0002s ]
SQL: SHOW COLUMNS FROM `yk_set` [ RunTime:0.0006s ]
SQL: SELECT * FROM `yk_set` LIMIT 1   [ RunTime:0.0001s ]
SQL: SHOW COLUMNS FROM `yk_vip` [ RunTime:0.0014s ]
SQL: SHOW COLUMNS FROM `yk_vip_message` [ RunTime:0.0005s ]
SQL: SHOW COLUMNS FROM `yk_vip_log_sub` [ RunTime:0.0006s ]
SQL: SHOW COLUMNS FROM `yk_employee` [ RunTime:0.0005s ]
SQL: SHOW COLUMNS FROM `yk_vip_set` [ RunTime:0.0006s ]
SQL: SELECT * FROM `yk_vip_set` LIMIT 1   [ RunTime:0.0002s ]
INFO: [ app_end ] --START--
INFO: Run Behavior\ShowPageTraceBehavior [ RunTime:0.000411s ]
INFO: [ app_end ] --END-- [ RunTime:0.000460s ]

[ 2017-08-14T19:46:25+08:00 ] 140.207.54.75 /Home/Wx/index/token/gzyikang2016?signature=0cad5a4fe3c85011e44011f0acb285a176153301&timestamp=1502711184&nonce=1118394832&openid=omV0nwtuRxwzREtwlT8xqf7uoTWc
INFO: [ app_init ] --START--
INFO: Run Behavior\BuildLiteBehavior [ RunTime:0.000013s ]
INFO: [ app_init ] --END-- [ RunTime:0.000273s ]
INFO: [ app_begin ] --START--
INFO: Run Behavior\ReadHtmlCacheBehavior [ RunTime:0.000321s ]
INFO: [ app_begin ] --END-- [ RunTime:0.000359s ]
SQL: SHOW COLUMNS FROM `yk_shop_set` [ RunTime:0.0010s ]
SQL: SELECT * FROM `yk_shop_set` LIMIT 1   [ RunTime:0.0002s ]
SQL: SHOW COLUMNS FROM `yk_set` [ RunTime:0.0004s ]
SQL: SELECT * FROM `yk_set` LIMIT 1   [ RunTime:0.0001s ]
SQL: SHOW COLUMNS FROM `yk_vip` [ RunTime:0.0013s ]
SQL: SHOW COLUMNS FROM `yk_vip_message` [ RunTime:0.0004s ]
SQL: SHOW COLUMNS FROM `yk_vip_log_sub` [ RunTime:0.0005s ]
SQL: SHOW COLUMNS FROM `yk_employee` [ RunTime:0.0005s ]
SQL: SHOW COLUMNS FROM `yk_vip_set` [ RunTime:0.0006s ]
SQL: SELECT * FROM `yk_vip_set` LIMIT 1   [ RunTime:0.0001s ]
INFO: [ app_end ] --START--
INFO: Run Behavior\ShowPageTraceBehavior [ RunTime:0.000411s ]
INFO: [ app_end ] --END-- [ RunTime:0.000455s ]

[ 2017-08-14T19:53:34+08:00 ] 140.207.54.75 /Home/Wx/index/token/gzyikang2016?signature=1747b16d183935b6d335dd149b3a1635935a41b1&timestamp=1502711614&nonce=1134889275&openid=omV0nwtuRxwzREtwlT8xqf7uoTWc
INFO: [ app_init ] --START--
INFO: Run Behavior\BuildLiteBehavior [ RunTime:0.000013s ]
INFO: [ app_init ] --END-- [ RunTime:0.000273s ]
INFO: [ app_begin ] --START--
INFO: Run Behavior\ReadHtmlCacheBehavior [ RunTime:0.000367s ]
INFO: [ app_begin ] --END-- [ RunTime:0.000413s ]
SQL: SHOW COLUMNS FROM `yk_shop_set` [ RunTime:0.0010s ]
SQL: SELECT * FROM `yk_shop_set` LIMIT 1   [ RunTime:0.0002s ]
SQL: SHOW COLUMNS FROM `yk_set` [ RunTime:0.0005s ]
SQL: SELECT * FROM `yk_set` LIMIT 1   [ RunTime:0.0001s ]
SQL: SHOW COLUMNS FROM `yk_vip` [ RunTime:0.0011s ]
SQL: SHOW COLUMNS FROM `yk_vip_message` [ RunTime:0.0004s ]
SQL: SHOW COLUMNS FROM `yk_vip_log_sub` [ RunTime:0.0005s ]
SQL: SHOW COLUMNS FROM `yk_employee` [ RunTime:0.0005s ]
SQL: SHOW COLUMNS FROM `yk_vip_set` [ RunTime:0.0006s ]
SQL: SELECT * FROM `yk_vip_set` LIMIT 1   [ RunTime:0.0002s ]
INFO: [ app_end ] --START--
INFO: Run Behavior\ShowPageTraceBehavior [ RunTime:0.000393s ]
INFO: [ app_end ] --END-- [ RunTime:0.000434s ]

[ 2017-08-14T20:50:47+08:00 ] 140.207.54.75 /Home/Wx/index/token/gzyikang2016?signature=6081fb558b47e4aa37f6dbcab0db103d23fec1ef&timestamp=1502715046&nonce=917986895&openid=omV0nwtuRxwzREtwlT8xqf7uoTWc
INFO: [ app_init ] --START--
INFO: Run Behavior\BuildLiteBehavior [ RunTime:0.000013s ]
INFO: [ app_init ] --END-- [ RunTime:0.000279s ]
INFO: [ app_begin ] --START--
INFO: Run Behavior\ReadHtmlCacheBehavior [ RunTime:0.000320s ]
INFO: [ app_begin ] --END-- [ RunTime:0.000359s ]
SQL: SHOW COLUMNS FROM `yk_shop_set` [ RunTime:0.0011s ]
SQL: SELECT * FROM `yk_shop_set` LIMIT 1   [ RunTime:0.0002s ]
SQL: SHOW COLUMNS FROM `yk_set` [ RunTime:0.0005s ]
SQL: SELECT * FROM `yk_set` LIMIT 1   [ RunTime:0.0001s ]
SQL: SHOW COLUMNS FROM `yk_vip` [ RunTime:0.0012s ]
SQL: SHOW COLUMNS FROM `yk_vip_message` [ RunTime:0.0004s ]
SQL: SHOW COLUMNS FROM `yk_vip_log_sub` [ RunTime:0.0005s ]
SQL: SHOW COLUMNS FROM `yk_employee` [ RunTime:0.0005s ]
SQL: SHOW COLUMNS FROM `yk_vip_set` [ RunTime:0.0006s ]
SQL: SELECT * FROM `yk_vip_set` LIMIT 1   [ RunTime:0.0001s ]
INFO: [ app_end ] --START--
INFO: Run Behavior\ShowPageTraceBehavior [ RunTime:0.000390s ]
INFO: [ app_end ] --END-- [ RunTime:0.000432s ]

[ 2017-08-14T20:51:17+08:00 ] 140.207.54.76 /Home/Wx/index/token/gzyikang2016?signature=25c439bc7306ec41817e782ea861a7c19b758368&timestamp=1502715076&nonce=1337997428&openid=omV0nwtuRxwzREtwlT8xqf7uoTWc
INFO: [ app_init ] --START--
INFO: Run Behavior\BuildLiteBehavior [ RunTime:0.000013s ]
INFO: [ app_init ] --END-- [ RunTime:0.000265s ]
INFO: [ app_begin ] --START--
INFO: Run Behavior\ReadHtmlCacheBehavior [ RunTime:0.000321s ]
INFO: [ app_begin ] --END-- [ RunTime:0.000360s ]
SQL: SHOW COLUMNS FROM `yk_shop_set` [ RunTime:0.0010s ]
SQL: SELECT * FROM `yk_shop_set` LIMIT 1   [ RunTime:0.0002s ]
SQL: SHOW COLUMNS FROM `yk_set` [ RunTime:0.0005s ]
SQL: SELECT * FROM `yk_set` LIMIT 1   [ RunTime:0.0001s ]
SQL: SHOW COLUMNS FROM `yk_vip` [ RunTime:0.0010s ]
SQL: SHOW COLUMNS FROM `yk_vip_message` [ RunTime:0.0005s ]
SQL: SHOW COLUMNS FROM `yk_vip_log_sub` [ RunTime:0.0004s ]
SQL: SHOW COLUMNS FROM `yk_employee` [ RunTime:0.0005s ]
SQL: SHOW COLUMNS FROM `yk_vip_set` [ RunTime:0.0006s ]
SQL: SELECT * FROM `yk_vip_set` LIMIT 1   [ RunTime:0.0001s ]
INFO: [ app_end ] --START--
INFO: Run Behavior\ShowPageTraceBehavior [ RunTime:0.000502s ]
INFO: [ app_end ] --END-- [ RunTime:0.000556s ]

[ 2017-08-14T20:55:02+08:00 ] 140.207.54.76 /Home/Wx/index/token/gzyikang2016?signature=e773a186767f44b244f29dbc8450791703e8faaa&timestamp=1502715302&nonce=190117554&openid=omV0nwtuRxwzREtwlT8xqf7uoTWc
INFO: [ app_init ] --START--
INFO: Run Behavior\BuildLiteBehavior [ RunTime:0.000013s ]
INFO: [ app_init ] --END-- [ RunTime:0.000260s ]
INFO: [ app_begin ] --START--
INFO: Run Behavior\ReadHtmlCacheBehavior [ RunTime:0.000345s ]
INFO: [ app_begin ] --END-- [ RunTime:0.000382s ]
SQL: SHOW COLUMNS FROM `yk_shop_set` [ RunTime:0.0010s ]
SQL: SELECT * FROM `yk_shop_set` LIMIT 1   [ RunTime:0.0002s ]
SQL: SHOW COLUMNS FROM `yk_set` [ RunTime:0.0005s ]
SQL: SELECT * FROM `yk_set` LIMIT 1   [ RunTime:0.0001s ]
SQL: SHOW COLUMNS FROM `yk_vip` [ RunTime:0.0010s ]
SQL: SHOW COLUMNS FROM `yk_vip_message` [ RunTime:0.0004s ]
SQL: SHOW COLUMNS FROM `yk_vip_log_sub` [ RunTime:0.0004s ]
SQL: SHOW COLUMNS FROM `yk_employee` [ RunTime:0.0005s ]
SQL: SHOW COLUMNS FROM `yk_vip_set` [ RunTime:0.0006s ]
SQL: SELECT * FROM `yk_vip_set` LIMIT 1   [ RunTime:0.0001s ]
INFO: [ app_end ] --START--
INFO: Run Behavior\ShowPageTraceBehavior [ RunTime:0.000359s ]
INFO: [ app_end ] --END-- [ RunTime:0.000400s ]

[ 2017-08-14T20:57:56+08:00 ] 182.131.12.11 /Home/Wxpay/pay/oid/20170814205755-590
INFO: [ app_init ] --START--
INFO: Run Behavior\BuildLiteBehavior [ RunTime:0.000012s ]
INFO: [ app_init ] --END-- [ RunTime:0.000270s ]
INFO: [ app_begin ] --START--
INFO: Run Behavior\ReadHtmlCacheBehavior [ RunTime:0.000379s ]
INFO: [ app_begin ] --END-- [ RunTime:0.000417s ]
SQL: SHOW COLUMNS FROM `yk_set` [ RunTime:0.0007s ]
SQL: SELECT * FROM `yk_set` LIMIT 1   [ RunTime:0.0001s ]
SQL: SHOW COLUMNS FROM `yk_shop_set` [ RunTime:0.0008s ]
SQL: SELECT * FROM `yk_shop_set` LIMIT 1   [ RunTime:0.0004s ]
SQL: SHOW COLUMNS FROM `yk_shop_order` [ RunTime:0.0009s ]
SQL: SELECT * FROM `yk_shop_order` WHERE `oid` = '20170814205755-590' LIMIT 1   [ RunTime:0.1823s ]
INFO: [ app_end ] --START--
INFO: Run Behavior\ShowPageTraceBehavior [ RunTime:0.000585s ]
INFO: [ app_end ] --END-- [ RunTime:0.000644s ]

[ 2017-08-14T20:58:05+08:00 ] 101.226.99.197 /Home/Wxpay/pay/oid/20170814205755-590
INFO: [ app_init ] --START--
INFO: Run Behavior\BuildLiteBehavior [ RunTime:0.000012s ]
INFO: [ app_init ] --END-- [ RunTime:0.000255s ]
INFO: [ app_begin ] --START--
INFO: Run Behavior\ReadHtmlCacheBehavior [ RunTime:0.000324s ]
INFO: [ app_begin ] --END-- [ RunTime:0.000362s ]
SQL: SHOW COLUMNS FROM `yk_set` [ RunTime:0.0007s ]
SQL: SELECT * FROM `yk_set` LIMIT 1   [ RunTime:0.0001s ]
SQL: SHOW COLUMNS FROM `yk_shop_set` [ RunTime:0.0007s ]
SQL: SELECT * FROM `yk_shop_set` LIMIT 1   [ RunTime:0.0001s ]
INFO: [ view_parse ] --START--
INFO: [ template_filter ] --START--
INFO: Run Behavior\ContentReplaceBehavior [ RunTime:0.000040s ]
INFO: [ template_filter ] --END-- [ RunTime:0.000080s ]
INFO: Run Behavior\ParseTemplateBehavior [ RunTime:0.007231s ]
INFO: [ view_parse ] --END-- [ RunTime:0.007276s ]
INFO: [ view_filter ] --START--
INFO: Run Behavior\WriteHtmlCacheBehavior [ RunTime:0.000118s ]
INFO: [ view_filter ] --END-- [ RunTime:0.000152s ]

[ 2017-08-14T21:33:08+08:00 ] 110.52.211.149 /Home/Wxpay/pay/oid/20170814213307-591
INFO: [ app_init ] --START--
INFO: Run Behavior\BuildLiteBehavior [ RunTime:0.000012s ]
INFO: [ app_init ] --END-- [ RunTime:0.000258s ]
INFO: [ app_begin ] --START--
INFO: Run Behavior\ReadHtmlCacheBehavior [ RunTime:0.000321s ]
INFO: [ app_begin ] --END-- [ RunTime:0.000360s ]
SQL: SHOW COLUMNS FROM `yk_set` [ RunTime:0.0007s ]
SQL: SELECT * FROM `yk_set` LIMIT 1   [ RunTime:0.0002s ]
SQL: SHOW COLUMNS FROM `yk_shop_set` [ RunTime:0.0008s ]
SQL: SELECT * FROM `yk_shop_set` LIMIT 1   [ RunTime:0.0002s ]
SQL: SHOW COLUMNS FROM `yk_shop_order` [ RunTime:0.0012s ]
SQL: SELECT * FROM `yk_shop_order` WHERE `oid` = '20170814213307-591' LIMIT 1   [ RunTime:0.0008s ]
INFO: [ app_end ] --START--
INFO: Run Behavior\ShowPageTraceBehavior [ RunTime:0.000566s ]
INFO: [ app_end ] --END-- [ RunTime:0.000626s ]

[ 2017-08-14T21:33:17+08:00 ] 101.226.68.161 /Home/Wxpay/pay/oid/20170814213307-591
INFO: [ app_init ] --START--
INFO: Run Behavior\BuildLiteBehavior [ RunTime:0.000012s ]
INFO: [ app_init ] --END-- [ RunTime:0.000257s ]
INFO: [ app_begin ] --START--
INFO: Run Behavior\ReadHtmlCacheBehavior [ RunTime:0.000326s ]
INFO: [ app_begin ] --END-- [ RunTime:0.000364s ]
SQL: SHOW COLUMNS FROM `yk_set` [ RunTime:0.0010s ]
SQL: SELECT * FROM `yk_set` LIMIT 1   [ RunTime:0.0001s ]
SQL: SHOW COLUMNS FROM `yk_shop_set` [ RunTime:0.0007s ]
SQL: SELECT * FROM `yk_shop_set` LIMIT 1   [ RunTime:0.0002s ]
INFO: [ view_parse ] --START--
INFO: [ template_filter ] --START--
INFO: Run Behavior\ContentReplaceBehavior [ RunTime:0.000036s ]
INFO: [ template_filter ] --END-- [ RunTime:0.000074s ]
INFO: Run Behavior\ParseTemplateBehavior [ RunTime:0.004326s ]
INFO: [ view_parse ] --END-- [ RunTime:0.004363s ]
INFO: [ view_filter ] --START--
INFO: Run Behavior\WriteHtmlCacheBehavior [ RunTime:0.000115s ]
INFO: [ view_filter ] --END-- [ RunTime:0.000148s ]

[ 2017-08-14T21:52:21+08:00 ] 110.52.211.149 /Home/Wxpay/pay/oid/20170814215220-592
INFO: [ app_init ] --START--
INFO: Run Behavior\BuildLiteBehavior [ RunTime:0.000012s ]
INFO: [ app_init ] --END-- [ RunTime:0.000260s ]
INFO: [ app_begin ] --START--
INFO: Run Behavior\ReadHtmlCacheBehavior [ RunTime:0.000346s ]
INFO: [ app_begin ] --END-- [ RunTime:0.000385s ]
SQL: SHOW COLUMNS FROM `yk_set` [ RunTime:0.0007s ]
SQL: SELECT * FROM `yk_set` LIMIT 1   [ RunTime:0.0001s ]
SQL: SHOW COLUMNS FROM `yk_shop_set` [ RunTime:0.0007s ]
SQL: SELECT * FROM `yk_shop_set` LIMIT 1   [ RunTime:0.0001s ]
SQL: SHOW COLUMNS FROM `yk_shop_order` [ RunTime:0.0009s ]
SQL: SELECT * FROM `yk_shop_order` WHERE `oid` = '20170814215220-592' LIMIT 1   [ RunTime:0.0009s ]
INFO: [ app_end ] --START--
INFO: Run Behavior\ShowPageTraceBehavior [ RunTime:0.000583s ]
INFO: [ app_end ] --END-- [ RunTime:0.000641s ]

[ 2017-08-14T21:52:28+08:00 ] 140.207.54.73 /Home/Wxpay/nd/
INFO: [ app_init ] --START--
INFO: Run Behavior\BuildLiteBehavior [ RunTime:0.000014s ]
INFO: [ app_init ] --END-- [ RunTime:0.000270s ]
INFO: [ app_begin ] --START--
INFO: Run Behavior\ReadHtmlCacheBehavior [ RunTime:0.000356s ]
INFO: [ app_begin ] --END-- [ RunTime:0.000396s ]
SQL: SHOW COLUMNS FROM `yk_set` [ RunTime:0.0007s ]
SQL: SELECT * FROM `yk_set` LIMIT 1   [ RunTime:0.0002s ]
SQL: SHOW COLUMNS FROM `yk_shop_set` [ RunTime:0.0008s ]
SQL: SELECT * FROM `yk_shop_set` LIMIT 1   [ RunTime:0.0002s ]
SQL: SHOW COLUMNS FROM `yk_set` [ RunTime:0.0005s ]
SQL: SELECT * FROM `yk_set` LIMIT 1   [ RunTime:0.0001s ]
SQL: SHOW COLUMNS FROM `yk_shop_order` [ RunTime:0.0009s ]
SQL: SELECT * FROM `yk_shop_order` WHERE `oid` = '20170814215220-592' LIMIT 1   [ RunTime:0.0008s ]
SQL: UPDATE `yk_shop_order` SET `sid`='0',`oid`='20170814215220-592',`djqid`='0',`totalprice`='680',`totalnum`='1',`payprice`='680',`paytype`='wxpay',`paytime`='1502718747',`aliaccount`=NULL,`yf`='0',`ispay`='1',`vipid`='5887',`vipopenid`='omV0nwnUDUVvZMo9rJeflkDZKnV8',`vipname`='乔阅',`vipmobile`='18569068931',`vipaddress`='湖南省长沙市岳麓区梅溪湖街道金茂梅溪湖14栋801',`vipxqname`=NULL,`vipxqid`=NULL,`msg`='请亲确认商品质量，及早发货，等着用哦',`kfmsg`=NULL,`ctime`='1502718740',`ntime`=NULL,`dtime`=NULL,`etime`=NULL,`changetime`=NULL,`changemsg`=NULL,`changeadmin`=NULL,`closetime`=NULL,`closemsg`=NULL,`closeadmin`=NULL,`tuihuoprice`=NULL,`tuihuosqtime`='0',`tuihuotime`=NULL,`tuihuokd`=NULL,`tuihuokdnum`=NULL,`tuihuomsg`=NULL,`tuihuoadmin`=NULL,`status`='3',`fahuokd`=NULL,`fahuokdnum`=NULL,`items`='a:1:{i:0;a:12:{s:2:\"id\";s:4:\"1824\";s:3:\"sid\";s:1:\"0\";s:5:\"vipid\";s:4:\"5887\";s:7:\"goodsid\";s:2:\"17\";s:3:\"sku\";s:0:\"\";s:3:\"num\";s:1:\"1\";s:5:\"skuid\";i:0;s:4:\"name\";s:35:\"恒压咽鼓管吹张器(成人型)\";s:7:\"skuattr\";N;s:5:\"price\";s:3:\"680\";s:5:\"total\";i:680;s:3:\"pic\";s:40:\"/Upload/img/2016-07-26/57972a3c5c91e.jpg\";}}',`fxsid`='220' WHERE `id` = 592 [ RunTime:0.0003s ]
SQL: SHOW COLUMNS FROM `yk_shop_goods` [ RunTime:0.0007s ]
SQL: SHOW COLUMNS FROM `yk_shop_goods_sku` [ RunTime:0.0004s ]
SQL: SHOW COLUMNS FROM `yk_shop_syslog_sells` [ RunTime:0.0181s ]
SQL: UPDATE `yk_shop_goods` SET `num`=num-1 WHERE ( id=17 ) [ RunTime:0.0002s ]
SQL: UPDATE `yk_shop_goods` SET `sells`=sells+1 WHERE ( id=17 ) [ RunTime:0.0001s ]
SQL: UPDATE `yk_shop_goods` SET `dissells`=dissells+1 WHERE ( id=17 ) [ RunTime:0.0001s ]
SQL: INSERT INTO `yk_shop_syslog_sells` (`oid`,`vipid`,`vipopenid`,`vipname`,`ctime`,`num`,`goodsid`,`goodsname`,`skuid`,`skuattr`,`price`,`total`) VALUES ('592','5887','omV0nwnUDUVvZMo9rJeflkDZKnV8','乔阅','1502718747','1','17','恒压咽鼓管吹张器(成人型)','0','0','680','680') [ RunTime:0.1134s ]
SQL: SHOW COLUMNS FROM `yk_shop_order_log` [ RunTime:0.0031s ]
SQL: SHOW COLUMNS FROM `yk_shop_order_syslog` [ RunTime:0.0004s ]
SQL: INSERT INTO `yk_shop_order_log` (`oid`,`msg`,`ctime`) VALUES ('592','微信付款成功','1502718747') [ RunTime:0.0054s ]
SQL: INSERT INTO `yk_shop_order_syslog` (`oid`,`msg`,`ctime`,`type`,`paytype`) VALUES ('592','微信付款成功','1502718747','2','wxpay') [ RunTime:0.0001s ]
SQL: SHOW COLUMNS FROM `yk_vip` [ RunTime:0.0011s ]
SQL: SELECT * FROM `yk_vip` WHERE ( id=5887 ) LIMIT 1   [ RunTime:0.0002s ]
SQL: SELECT * FROM `yk_vip` WHERE ( id=220 ) LIMIT 1   [ RunTime:0.0002s ]
SQL: SELECT * FROM `yk_vip` WHERE ( id=220 ) LIMIT 1   [ RunTime:0.0002s ]
SQL: SELECT * FROM `yk_vip` WHERE `id` = 220 AND `is_system` = 1 LIMIT 1   [ RunTime:0.0002s ]
SQL: SELECT * FROM `yk_vip` WHERE `id` = 220 AND `is_system` = 1 LIMIT 1   [ RunTime:0.0002s ]
SQL: SHOW COLUMNS FROM `yk_mail` [ RunTime:0.0297s ]
SQL: INSERT INTO `yk_mail` (`to`,`name`,`subject`,`body`,`stime`,`ctime`,`status`) VALUES ('949257185@qq.com','逸康商城','【逸康商城】新订单，订单号：20170814215220-592，金额：680元，预设分销商:220','<html>
									<head>
									<title>【逸康商城】新订单，订单号：20170814215220-592，金额：680元，预设分销商:220</title>
									</head>
									<body>
									<table>
									<tr>
									<th>订单号: </th><td>20170814215220-592</td>
									</tr>
									<tr>
									<th>商品名: </th><td>恒压咽鼓管吹张器(成人型)</td>
									</tr>
									<tr>
									<th>预设分销商: </th><td>220</td>
									</tr>
									<tr>
									<th>订单总额: </th><td>680元</td>
									</tr>
									<tr>
									<th>收货地址: </th><td>湖南省长沙市岳麓区梅溪湖街道金茂梅溪湖14栋801</td>
									</tr>
									<tr>
									<th>收货人: </th><td>乔阅</td>
									</tr>
									<tr>
									<th>收货电话: </th><td>18569068931</td>
									</tr>
									<tr>
									<th>支付时间: </th><td>2017-08-14 21:52:27</td>
									</tr>
									<tr>
									<th>下单时间: </th><td>2017-08-14 21:52:20</td>
									</tr>
									</table>
									</body>
									</html>','1502718747','1502718747','1') [ RunTime:0.0173s ]
SQL: SHOW COLUMNS FROM `yk_sms` [ RunTime:0.0049s ]
SQL: SELECT * FROM `yk_sms` LIMIT 1   [ RunTime:0.0019s ]
SQL: SHOW COLUMNS FROM `yk_wx_template` [ RunTime:0.0130s ]
SQL: SELECT * FROM `yk_wx_template` WHERE `templateidshort` = 'OPENTM200444326' LIMIT 1   [ RunTime:0.0067s ]
INFO: [ app_end ] --START--
INFO: Run Behavior\ShowPageTraceBehavior [ RunTime:0.000524s ]
INFO: [ app_end ] --END-- [ RunTime:0.000607s ]

[ 2017-08-14T21:52:30+08:00 ] 101.226.33.201 /Home/Wxpay/pay/oid/20170814215220-592
INFO: [ app_init ] --START--
INFO: Run Behavior\BuildLiteBehavior [ RunTime:0.000014s ]
INFO: [ app_init ] --END-- [ RunTime:0.000274s ]
INFO: [ app_begin ] --START--
INFO: Run Behavior\ReadHtmlCacheBehavior [ RunTime:0.000349s ]
INFO: [ app_begin ] --END-- [ RunTime:0.000388s ]
SQL: SHOW COLUMNS FROM `yk_set` [ RunTime:0.0008s ]
SQL: SELECT * FROM `yk_set` LIMIT 1   [ RunTime:0.0002s ]
SQL: SHOW COLUMNS FROM `yk_shop_set` [ RunTime:0.0011s ]
SQL: SELECT * FROM `yk_shop_set` LIMIT 1   [ RunTime:0.0002s ]
INFO: [ view_parse ] --START--
INFO: [ template_filter ] --START--
INFO: Run Behavior\ContentReplaceBehavior [ RunTime:0.000067s ]
INFO: [ template_filter ] --END-- [ RunTime:0.000132s ]
INFO: Run Behavior\ParseTemplateBehavior [ RunTime:0.005307s ]
INFO: [ view_parse ] --END-- [ RunTime:0.005360s ]
INFO: [ view_filter ] --START--
INFO: Run Behavior\WriteHtmlCacheBehavior [ RunTime:0.000121s ]
INFO: [ view_filter ] --END-- [ RunTime:0.000155s ]

[ 2017-08-14T22:15:25+08:00 ] 123.151.139.155 /Home/Wxpay/pay/oid/20170814221525-593
INFO: [ app_init ] --START--
INFO: Run Behavior\BuildLiteBehavior [ RunTime:0.000012s ]
INFO: [ app_init ] --END-- [ RunTime:0.000261s ]
INFO: [ app_begin ] --START--
INFO: Run Behavior\ReadHtmlCacheBehavior [ RunTime:0.000350s ]
INFO: [ app_begin ] --END-- [ RunTime:0.000389s ]
SQL: SHOW COLUMNS FROM `yk_set` [ RunTime:0.0007s ]
SQL: SELECT * FROM `yk_set` LIMIT 1   [ RunTime:0.0001s ]
SQL: SHOW COLUMNS FROM `yk_shop_set` [ RunTime:0.0008s ]
SQL: SELECT * FROM `yk_shop_set` LIMIT 1   [ RunTime:0.0001s ]
SQL: SHOW COLUMNS FROM `yk_shop_order` [ RunTime:0.0009s ]
SQL: SELECT * FROM `yk_shop_order` WHERE `oid` = '20170814221525-593' LIMIT 1   [ RunTime:0.0011s ]
INFO: [ app_end ] --START--
INFO: Run Behavior\ShowPageTraceBehavior [ RunTime:0.000569s ]
INFO: [ app_end ] --END-- [ RunTime:0.000627s ]

[ 2017-08-14T22:15:39+08:00 ] 140.207.54.76 /Home/Wxpay/nd/
INFO: [ app_init ] --START--
INFO: Run Behavior\BuildLiteBehavior [ RunTime:0.000013s ]
INFO: [ app_init ] --END-- [ RunTime:0.000267s ]
INFO: [ app_begin ] --START--
INFO: Run Behavior\ReadHtmlCacheBehavior [ RunTime:0.000322s ]
INFO: [ app_begin ] --END-- [ RunTime:0.000362s ]
SQL: SHOW COLUMNS FROM `yk_set` [ RunTime:0.0007s ]
SQL: SELECT * FROM `yk_set` LIMIT 1   [ RunTime:0.0001s ]
SQL: SHOW COLUMNS FROM `yk_shop_set` [ RunTime:0.0007s ]
SQL: SELECT * FROM `yk_shop_set` LIMIT 1   [ RunTime:0.0002s ]
SQL: SHOW COLUMNS FROM `yk_set` [ RunTime:0.0007s ]
SQL: SELECT * FROM `yk_set` LIMIT 1   [ RunTime:0.0001s ]
SQL: SHOW COLUMNS FROM `yk_shop_order` [ RunTime:0.0009s ]
SQL: SELECT * FROM `yk_shop_order` WHERE `oid` = '20170814221525-593' LIMIT 1   [ RunTime:0.0008s ]
SQL: UPDATE `yk_shop_order` SET `sid`='0',`oid`='20170814221525-593',`djqid`='0',`totalprice`='680',`totalnum`='1',`payprice`='680',`paytype`='wxpay',`paytime`='1502720138',`aliaccount`=NULL,`yf`='0',`ispay`='1',`vipid`='6021',`vipopenid`='omV0nwnYvIjiHvNaJ0cdYRX7ZqVo',`vipname`='刘翔宇',`vipmobile`='15935301962',`vipaddress`='山西省大同市矿区清泉街文瀛湖和一区',`vipxqname`=NULL,`vipxqid`=NULL,`msg`='保证质量，成人，',`kfmsg`=NULL,`ctime`='1502720125',`ntime`=NULL,`dtime`=NULL,`etime`=NULL,`changetime`=NULL,`changemsg`=NULL,`changeadmin`=NULL,`closetime`=NULL,`closemsg`=NULL,`closeadmin`=NULL,`tuihuoprice`=NULL,`tuihuosqtime`='0',`tuihuotime`=NULL,`tuihuokd`=NULL,`tuihuokdnum`=NULL,`tuihuomsg`=NULL,`tuihuoadmin`=NULL,`status`='3',`fahuokd`=NULL,`fahuokdnum`=NULL,`items`='a:1:{i:0;a:12:{s:2:\"id\";s:4:\"1809\";s:3:\"sid\";s:1:\"0\";s:5:\"vipid\";s:4:\"6021\";s:7:\"goodsid\";s:2:\"17\";s:3:\"sku\";s:0:\"\";s:3:\"num\";s:1:\"1\";s:5:\"skuid\";i:0;s:4:\"name\";s:35:\"恒压咽鼓管吹张器(成人型)\";s:7:\"skuattr\";N;s:5:\"price\";s:3:\"680\";s:5:\"total\";i:680;s:3:\"pic\";s:40:\"/Upload/img/2016-07-26/57972a3c5c91e.jpg\";}}',`fxsid`='1003' WHERE `id` = 593 [ RunTime:0.0003s ]
SQL: SHOW COLUMNS FROM `yk_shop_goods` [ RunTime:0.0007s ]
SQL: SHOW COLUMNS FROM `yk_shop_goods_sku` [ RunTime:0.0004s ]
SQL: SHOW COLUMNS FROM `yk_shop_syslog_sells` [ RunTime:0.0005s ]
SQL: UPDATE `yk_shop_goods` SET `num`=num-1 WHERE ( id=17 ) [ RunTime:0.0001s ]
SQL: UPDATE `yk_shop_goods` SET `sells`=sells+1 WHERE ( id=17 ) [ RunTime:0.0001s ]
SQL: UPDATE `yk_shop_goods` SET `dissells`=dissells+1 WHERE ( id=17 ) [ RunTime:0.0001s ]
SQL: INSERT INTO `yk_shop_syslog_sells` (`oid`,`vipid`,`vipopenid`,`vipname`,`ctime`,`num`,`goodsid`,`goodsname`,`skuid`,`skuattr`,`price`,`total`) VALUES ('593','6021','omV0nwnYvIjiHvNaJ0cdYRX7ZqVo','刘翔宇','1502720138','1','17','恒压咽鼓管吹张器(成人型)','0','0','680','680') [ RunTime:0.0002s ]
SQL: SHOW COLUMNS FROM `yk_shop_order_log` [ RunTime:0.0004s ]
SQL: SHOW COLUMNS FROM `yk_shop_order_syslog` [ RunTime:0.0004s ]
SQL: INSERT INTO `yk_shop_order_log` (`oid`,`msg`,`ctime`) VALUES ('593','微信付款成功','1502720138') [ RunTime:0.0001s ]
SQL: INSERT INTO `yk_shop_order_syslog` (`oid`,`msg`,`ctime`,`type`,`paytype`) VALUES ('593','微信付款成功','1502720138','2','wxpay') [ RunTime:0.0001s ]
SQL: SHOW COLUMNS FROM `yk_vip` [ RunTime:0.0010s ]
SQL: SELECT * FROM `yk_vip` WHERE ( id=6021 ) LIMIT 1   [ RunTime:0.0002s ]
SQL: SELECT * FROM `yk_vip` WHERE ( id=1003 ) LIMIT 1   [ RunTime:0.0002s ]
SQL: SELECT * FROM `yk_vip` WHERE ( id=1003 ) LIMIT 1   [ RunTime:0.0002s ]
SQL: SELECT * FROM `yk_vip` WHERE `id` = 1003 AND `is_system` = 1 LIMIT 1   [ RunTime:0.0002s ]
SQL: SELECT * FROM `yk_vip` WHERE `id` = 1003 AND `is_system` = 1 LIMIT 1   [ RunTime:0.0002s ]
SQL: SHOW COLUMNS FROM `yk_mail` [ RunTime:0.0005s ]
SQL: INSERT INTO `yk_mail` (`to`,`name`,`subject`,`body`,`stime`,`ctime`,`status`) VALUES ('949257185@qq.com','逸康商城','【逸康商城】新订单，订单号：20170814221525-593，金额：680元，预设分销商:1003','<html>
									<head>
									<title>【逸康商城】新订单，订单号：20170814221525-593，金额：680元，预设分销商:1003</title>
									</head>
									<body>
									<table>
									<tr>
									<th>订单号: </th><td>20170814221525-593</td>
									</tr>
									<tr>
									<th>商品名: </th><td>恒压咽鼓管吹张器(成人型)</td>
									</tr>
									<tr>
									<th>预设分销商: </th><td>1003</td>
									</tr>
									<tr>
									<th>订单总额: </th><td>680元</td>
									</tr>
									<tr>
									<th>收货地址: </th><td>山西省大同市矿区清泉街文瀛湖和一区</td>
									</tr>
									<tr>
									<th>收货人: </th><td>刘翔宇</td>
									</tr>
									<tr>
									<th>收货电话: </th><td>15935301962</td>
									</tr>
									<tr>
									<th>支付时间: </th><td>2017-08-14 22:15:38</td>
									</tr>
									<tr>
									<th>下单时间: </th><td>2017-08-14 22:15:25</td>
									</tr>
									</table>
									</body>
									</html>','1502720138','1502720138','1') [ RunTime:0.0154s ]
SQL: SHOW COLUMNS FROM `yk_sms` [ RunTime:0.0006s ]
SQL: SELECT * FROM `yk_sms` LIMIT 1   [ RunTime:0.0001s ]
SQL: SHOW COLUMNS FROM `yk_wx_template` [ RunTime:0.0009s ]
SQL: SELECT * FROM `yk_wx_template` WHERE `templateidshort` = 'OPENTM200444326' LIMIT 1   [ RunTime:0.0002s ]
INFO: [ app_end ] --START--
INFO: Run Behavior\ShowPageTraceBehavior [ RunTime:0.000558s ]
INFO: [ app_end ] --END-- [ RunTime:0.000638s ]

[ 2017-08-14T22:22:27+08:00 ] 101.226.89.121 /Home/Wxpay/pay/oid/20170814221525-593
INFO: [ app_init ] --START--
INFO: Run Behavior\BuildLiteBehavior [ RunTime:0.000017s ]
INFO: [ app_init ] --END-- [ RunTime:0.000284s ]
INFO: [ app_begin ] --START--
INFO: Run Behavior\ReadHtmlCacheBehavior [ RunTime:0.000326s ]
INFO: [ app_begin ] --END-- [ RunTime:0.000365s ]
SQL: SHOW COLUMNS FROM `yk_set` [ RunTime:0.0008s ]
SQL: SELECT * FROM `yk_set` LIMIT 1   [ RunTime:0.0001s ]
SQL: SHOW COLUMNS FROM `yk_shop_set` [ RunTime:0.0008s ]
SQL: SELECT * FROM `yk_shop_set` LIMIT 1   [ RunTime:0.0002s ]
INFO: [ view_parse ] --START--
INFO: [ template_filter ] --START--
INFO: Run Behavior\ContentReplaceBehavior [ RunTime:0.000037s ]
INFO: [ template_filter ] --END-- [ RunTime:0.000075s ]
INFO: Run Behavior\ParseTemplateBehavior [ RunTime:0.004404s ]
INFO: [ view_parse ] --END-- [ RunTime:0.004442s ]
INFO: [ view_filter ] --START--
INFO: Run Behavior\WriteHtmlCacheBehavior [ RunTime:0.000118s ]
INFO: [ view_filter ] --END-- [ RunTime:0.000150s ]

