[ 2017-09-14T00:15:03+08:00 ] 140.207.54.75 /Home/Wx/index/token/gzyikang2016?signature=726b5c06b8932cb88fc891d135ff2c292553433f&timestamp=1505319304&nonce=464276999&openid=omV0nwsVEqqkJJOhznu2WN2AKVcQ
INFO: [ app_init ] --START--
INFO: Run Behavior\BuildLiteBehavior [ RunTime:0.000013s ]
INFO: [ app_init ] --END-- [ RunTime:0.000283s ]
INFO: [ app_begin ] --START--
INFO: Run Behavior\ReadHtmlCacheBehavior [ RunTime:0.000344s ]
INFO: [ app_begin ] --END-- [ RunTime:0.000384s ]
SQL: SHOW COLUMNS FROM `yk_shop_set` [ RunTime:0.0011s ]
SQL: SELECT * FROM `yk_shop_set` LIMIT 1   [ RunTime:0.0002s ]
SQL: SHOW COLUMNS FROM `yk_set` [ RunTime:0.0005s ]
SQL: SELECT * FROM `yk_set` LIMIT 1   [ RunTime:0.0001s ]
SQL: SHOW COLUMNS FROM `yk_vip` [ RunTime:0.0011s ]
SQL: SHOW COLUMNS FROM `yk_vip_message` [ RunTime:0.0004s ]
SQL: SHOW COLUMNS FROM `yk_vip_log_sub` [ RunTime:0.0141s ]
SQL: SHOW COLUMNS FROM `yk_employee` [ RunTime:0.0005s ]
SQL: SHOW COLUMNS FROM `yk_vip_set` [ RunTime:0.0006s ]
SQL: SELECT * FROM `yk_vip_set` LIMIT 1   [ RunTime:0.0001s ]
INFO: [ app_end ] --START--
INFO: Run Behavior\ShowPageTraceBehavior [ RunTime:0.000389s ]
INFO: [ app_end ] --END-- [ RunTime:0.000430s ]

[ 2017-09-14T00:15:35+08:00 ] 140.207.54.75 /Home/Wx/index/token/gzyikang2016?signature=dfbc8fe2f7fbc6e4fa07e9c927ca9bb38f9c9b3e&timestamp=1505319335&nonce=602440367&openid=omV0nwsVEqqkJJOhznu2WN2AKVcQ
INFO: [ app_init ] --START--
INFO: Run Behavior\BuildLiteBehavior [ RunTime:0.000013s ]
INFO: [ app_init ] --END-- [ RunTime:0.000265s ]
INFO: [ app_begin ] --START--
INFO: Run Behavior\ReadHtmlCacheBehavior [ RunTime:0.000319s ]
INFO: [ app_begin ] --END-- [ RunTime:0.000358s ]
SQL: SHOW COLUMNS FROM `yk_shop_set` [ RunTime:0.0010s ]
SQL: SELECT * FROM `yk_shop_set` LIMIT 1   [ RunTime:0.0002s ]
SQL: SHOW COLUMNS FROM `yk_set` [ RunTime:0.0005s ]
SQL: SELECT * FROM `yk_set` LIMIT 1   [ RunTime:0.0001s ]
SQL: SHOW COLUMNS FROM `yk_vip` [ RunTime:0.0010s ]
SQL: SHOW COLUMNS FROM `yk_vip_message` [ RunTime:0.0003s ]
SQL: SHOW COLUMNS FROM `yk_vip_log_sub` [ RunTime:0.0004s ]
SQL: SHOW COLUMNS FROM `yk_employee` [ RunTime:0.0005s ]
SQL: SHOW COLUMNS FROM `yk_vip_set` [ RunTime:0.0006s ]
SQL: SELECT * FROM `yk_vip_set` LIMIT 1   [ RunTime:0.0001s ]
SQL: SELECT * FROM `yk_vip` WHERE `openid` = 'omV0nwsVEqqkJJOhznu2WN2AKVcQ' LIMIT 1   [ RunTime:0.0140s ]
SQL: UPDATE `yk_vip` SET `subscribe`='1',`openid`='omV0nwsVEqqkJJOhznu2WN2AKVcQ',`nickname`='haha~朵朵',`sex`='2',`language`='zh_CN',`city`='成都',`province`='四川',`country`='中国',`headimgurl`='http://wx.qlogo.cn/mmopen/et9q9FvjBBrWTHaspb8926DL6MnQicbWo0NBdauLHvtcHhQGJVa8NbxW52T54oUGIia7ia6WicUapYXGXvk4IVrKRyg1OSPgdFicic/0',`subscribe_time`='1505212534',`remark`='',`cctime`='1505319335' WHERE `id` = 6627 [ RunTime:0.0004s ]
SQL: SHOW COLUMNS FROM `yk_wx_keyword` [ RunTime:0.0168s ]
SQL: SELECT * FROM `yk_wx_keyword` WHERE `keyword` = '你好！我的快递什么时候到' LIMIT 1   [ RunTime:0.0061s ]
INFO: [ app_end ] --START--
INFO: Run Behavior\ShowPageTraceBehavior [ RunTime:0.000521s ]
INFO: [ app_end ] --END-- [ RunTime:0.000564s ]

[ 2017-09-14T00:15:55+08:00 ] 140.207.54.75 /Home/Wx/index/token/gzyikang2016?signature=cf103788afd8a20cbdf0e9bb7bdbccfe934b96f6&timestamp=1505319356&nonce=1048861504&openid=omV0nwsVEqqkJJOhznu2WN2AKVcQ
INFO: [ app_init ] --START--
INFO: Run Behavior\BuildLiteBehavior [ RunTime:0.000012s ]
INFO: [ app_init ] --END-- [ RunTime:0.000260s ]
INFO: [ app_begin ] --START--
INFO: Run Behavior\ReadHtmlCacheBehavior [ RunTime:0.000350s ]
INFO: [ app_begin ] --END-- [ RunTime:0.000391s ]
SQL: SHOW COLUMNS FROM `yk_shop_set` [ RunTime:0.0010s ]
SQL: SELECT * FROM `yk_shop_set` LIMIT 1   [ RunTime:0.0002s ]
SQL: SHOW COLUMNS FROM `yk_set` [ RunTime:0.0004s ]
SQL: SELECT * FROM `yk_set` LIMIT 1   [ RunTime:0.0001s ]
SQL: SHOW COLUMNS FROM `yk_vip` [ RunTime:0.0010s ]
SQL: SHOW COLUMNS FROM `yk_vip_message` [ RunTime:0.0004s ]
SQL: SHOW COLUMNS FROM `yk_vip_log_sub` [ RunTime:0.0004s ]
SQL: SHOW COLUMNS FROM `yk_employee` [ RunTime:0.0005s ]
SQL: SHOW COLUMNS FROM `yk_vip_set` [ RunTime:0.0006s ]
SQL: SELECT * FROM `yk_vip_set` LIMIT 1   [ RunTime:0.0001s ]
INFO: [ app_end ] --START--
INFO: Run Behavior\ShowPageTraceBehavior [ RunTime:0.000418s ]
INFO: [ app_end ] --END-- [ RunTime:0.000461s ]

[ 2017-09-14T00:17:35+08:00 ] 140.207.54.75 /Home/Wx/index/token/gzyikang2016?signature=023f2d208db178b9772c54bfcaec2ed6fab1c6a7&timestamp=1505319455&nonce=991478942&openid=omV0nwsVEqqkJJOhznu2WN2AKVcQ
INFO: [ app_init ] --START--
INFO: Run Behavior\BuildLiteBehavior [ RunTime:0.000015s ]
INFO: [ app_init ] --END-- [ RunTime:0.000301s ]
INFO: [ app_begin ] --START--
INFO: Run Behavior\ReadHtmlCacheBehavior [ RunTime:0.000326s ]
INFO: [ app_begin ] --END-- [ RunTime:0.000365s ]
SQL: SHOW COLUMNS FROM `yk_shop_set` [ RunTime:0.0010s ]
SQL: SELECT * FROM `yk_shop_set` LIMIT 1   [ RunTime:0.0002s ]
SQL: SHOW COLUMNS FROM `yk_set` [ RunTime:0.0005s ]
SQL: SELECT * FROM `yk_set` LIMIT 1   [ RunTime:0.0001s ]
SQL: SHOW COLUMNS FROM `yk_vip` [ RunTime:0.0010s ]
SQL: SHOW COLUMNS FROM `yk_vip_message` [ RunTime:0.0003s ]
SQL: SHOW COLUMNS FROM `yk_vip_log_sub` [ RunTime:0.0004s ]
SQL: SHOW COLUMNS FROM `yk_employee` [ RunTime:0.0004s ]
SQL: SHOW COLUMNS FROM `yk_vip_set` [ RunTime:0.0006s ]
SQL: SELECT * FROM `yk_vip_set` LIMIT 1   [ RunTime:0.0001s ]
INFO: [ app_end ] --START--
INFO: Run Behavior\ShowPageTraceBehavior [ RunTime:0.000376s ]
INFO: [ app_end ] --END-- [ RunTime:0.000419s ]

[ 2017-09-14T01:10:52+08:00 ] 140.207.54.79 /Home/Wx/index/token/gzyikang2016?signature=1c84ae108ea1d25c3651882017c1140a87f3b1cb&timestamp=1505322652&nonce=1722774579&openid=omV0nwnsZ_wofcRSeuXwDk5jMPfk
INFO: [ app_init ] --START--
INFO: Run Behavior\BuildLiteBehavior [ RunTime:0.000033s ]
INFO: [ app_init ] --END-- [ RunTime:0.000300s ]
INFO: [ app_begin ] --START--
INFO: Run Behavior\ReadHtmlCacheBehavior [ RunTime:0.000351s ]
INFO: [ app_begin ] --END-- [ RunTime:0.000394s ]
SQL: SHOW COLUMNS FROM `yk_shop_set` [ RunTime:0.0011s ]
SQL: SELECT * FROM `yk_shop_set` LIMIT 1   [ RunTime:0.0002s ]
SQL: SHOW COLUMNS FROM `yk_set` [ RunTime:0.0006s ]
SQL: SELECT * FROM `yk_set` LIMIT 1   [ RunTime:0.0001s ]
SQL: SHOW COLUMNS FROM `yk_vip` [ RunTime:0.0014s ]
SQL: SHOW COLUMNS FROM `yk_vip_message` [ RunTime:0.0004s ]
SQL: SHOW COLUMNS FROM `yk_vip_log_sub` [ RunTime:0.0004s ]
SQL: SHOW COLUMNS FROM `yk_employee` [ RunTime:0.0005s ]
SQL: SHOW COLUMNS FROM `yk_vip_set` [ RunTime:0.0007s ]
SQL: SELECT * FROM `yk_vip_set` LIMIT 1   [ RunTime:0.0002s ]
SQL: SELECT * FROM `yk_vip` WHERE `openid` = 'omV0nwnsZ_wofcRSeuXwDk5jMPfk' LIMIT 1   [ RunTime:0.0157s ]
SQL: UPDATE `yk_vip` SET `subscribe`='0' WHERE `openid` = 'omV0nwnsZ_wofcRSeuXwDk5jMPfk' [ RunTime:0.0004s ]
SQL: INSERT INTO `yk_vip_log_sub` (`ppid`,`from`,`fromname`,`to`,`toname`,`issub`,`ctime`) VALUES ('0','3059','博艺','0','逸康商城','0','1505322652') [ RunTime:0.0002s ]
INFO: [ app_end ] --START--
INFO: Run Behavior\ShowPageTraceBehavior [ RunTime:0.000728s ]
INFO: [ app_end ] --END-- [ RunTime:0.000793s ]

[ 2017-09-14T07:47:55+08:00 ] 140.207.54.75 /Home/Wx/index/token/gzyikang2016?signature=0f0532c9684ae9cbda666f482b212949cff6ef7d&timestamp=1505346476&nonce=549520313&openid=omV0nwsVEqqkJJOhznu2WN2AKVcQ
INFO: [ app_init ] --START--
INFO: Run Behavior\BuildLiteBehavior [ RunTime:0.000012s ]
INFO: [ app_init ] --END-- [ RunTime:0.000285s ]
INFO: [ app_begin ] --START--
INFO: Run Behavior\ReadHtmlCacheBehavior [ RunTime:0.000323s ]
INFO: [ app_begin ] --END-- [ RunTime:0.000363s ]
SQL: SHOW COLUMNS FROM `yk_shop_set` [ RunTime:0.0509s ]
SQL: SELECT * FROM `yk_shop_set` LIMIT 1   [ RunTime:0.0013s ]
SQL: SHOW COLUMNS FROM `yk_set` [ RunTime:0.0145s ]
SQL: SELECT * FROM `yk_set` LIMIT 1   [ RunTime:0.0029s ]
SQL: SHOW COLUMNS FROM `yk_vip` [ RunTime:0.0733s ]
SQL: SHOW COLUMNS FROM `yk_vip_message` [ RunTime:0.0058s ]
SQL: SHOW COLUMNS FROM `yk_vip_log_sub` [ RunTime:0.0031s ]
SQL: SHOW COLUMNS FROM `yk_employee` [ RunTime:0.0112s ]
SQL: SHOW COLUMNS FROM `yk_vip_set` [ RunTime:0.0018s ]
SQL: SELECT * FROM `yk_vip_set` LIMIT 1   [ RunTime:0.0017s ]
SQL: SELECT * FROM `yk_vip` WHERE `openid` = 'omV0nwsVEqqkJJOhznu2WN2AKVcQ' LIMIT 1   [ RunTime:0.0319s ]
SQL: UPDATE `yk_vip` SET `pid`='212',`plv`='2',`path`='0-212',`mobile`=NULL,`password`=NULL,`name`=NULL,`email`=NULL,`money`='0.00',`score`='100',`exp`='20',`cur_exp`='20',`levelid`='1',`openid`='omV0nwsVEqqkJJOhznu2WN2AKVcQ',`nickname`='haha~朵朵',`sex`='2',`city`='成都',`province`='四川',`country`='中国',`language`='zh_CN',`headimgurl`='http://wx.qlogo.cn/mmopen/et9q9FvjBBrWTHaspb8926DL6MnQicbWo0NBdauLHvtcHhQGJVa8NbxW52T54oUGIia7ia6WicUapYXGXvk4IVrKRyg1OSPgdFicic/0',`subscribe`='1',`subscribe_time`='1505212534',`remark`='',`status`='1',`ctime`='1505189902',`cctime`='1505346475',`sign`='0',`signtime`=NULL,`isfx`='0',`isfxgd`='0',`total_buy`='0',`total_yj`='0',`total_xxyj`='0',`total_xxlink`='1',`total_xxsub`='0',`total_xxunsub`='0',`total_xxbuy`='0',`txname`=NULL,`txmobile`=NULL,`txyh`=NULL,`txfh`=NULL,`txszd`=NULL,`txcard`=NULL,`employee`='17',`ticket`=NULL,`continue_sign`='0',`is_system`='0' WHERE `id` = 6627 [ RunTime:0.0286s ]
SQL: SHOW COLUMNS FROM `yk_wx_keyword` [ RunTime:0.0005s ]
SQL: SELECT * FROM `yk_wx_keyword` WHERE `keyword` = '你好！我的快递什么时候到' LIMIT 1   [ RunTime:0.0002s ]
INFO: [ app_end ] --START--
INFO: Run Behavior\ShowPageTraceBehavior [ RunTime:0.000422s ]
INFO: [ app_end ] --END-- [ RunTime:0.000465s ]

[ 2017-09-14T07:49:28+08:00 ] 140.207.54.75 /Home/Wx/index/token/gzyikang2016?signature=ea09802a9861dcb2d4dcc05a243fd9de3969f620&timestamp=1505346569&nonce=320661356&openid=omV0nwsVEqqkJJOhznu2WN2AKVcQ
INFO: [ app_init ] --START--
INFO: Run Behavior\BuildLiteBehavior [ RunTime:0.000013s ]
INFO: [ app_init ] --END-- [ RunTime:0.000283s ]
INFO: [ app_begin ] --START--
INFO: Run Behavior\ReadHtmlCacheBehavior [ RunTime:0.000338s ]
INFO: [ app_begin ] --END-- [ RunTime:0.000376s ]
SQL: SHOW COLUMNS FROM `yk_shop_set` [ RunTime:0.0010s ]
SQL: SELECT * FROM `yk_shop_set` LIMIT 1   [ RunTime:0.0002s ]
SQL: SHOW COLUMNS FROM `yk_set` [ RunTime:0.0005s ]
SQL: SELECT * FROM `yk_set` LIMIT 1   [ RunTime:0.0001s ]
SQL: SHOW COLUMNS FROM `yk_vip` [ RunTime:0.0010s ]
SQL: SHOW COLUMNS FROM `yk_vip_message` [ RunTime:0.0003s ]
SQL: SHOW COLUMNS FROM `yk_vip_log_sub` [ RunTime:0.0004s ]
SQL: SHOW COLUMNS FROM `yk_employee` [ RunTime:0.0005s ]
SQL: SHOW COLUMNS FROM `yk_vip_set` [ RunTime:0.0006s ]
SQL: SELECT * FROM `yk_vip_set` LIMIT 1   [ RunTime:0.0002s ]
INFO: [ app_end ] --START--
INFO: Run Behavior\ShowPageTraceBehavior [ RunTime:0.000366s ]
INFO: [ app_end ] --END-- [ RunTime:0.000407s ]

[ 2017-09-14T08:24:44+08:00 ] 140.207.54.80 /Home/Wx/index/token/gzyikang2016?signature=95a0863bf79705363657cad13c2871b8cff1fb10&timestamp=1505348684&nonce=1482305836&openid=omV0nwhgwcY4o9QvNNWt8JoFJuDk
INFO: [ app_init ] --START--
INFO: Run Behavior\BuildLiteBehavior [ RunTime:0.000013s ]
INFO: [ app_init ] --END-- [ RunTime:0.000271s ]
INFO: [ app_begin ] --START--
INFO: Run Behavior\ReadHtmlCacheBehavior [ RunTime:0.000369s ]
INFO: [ app_begin ] --END-- [ RunTime:0.000411s ]
SQL: SHOW COLUMNS FROM `yk_shop_set` [ RunTime:0.0010s ]
SQL: SELECT * FROM `yk_shop_set` LIMIT 1   [ RunTime:0.0002s ]
SQL: SHOW COLUMNS FROM `yk_set` [ RunTime:0.0005s ]
SQL: SELECT * FROM `yk_set` LIMIT 1   [ RunTime:0.0001s ]
SQL: SHOW COLUMNS FROM `yk_vip` [ RunTime:0.0011s ]
SQL: SHOW COLUMNS FROM `yk_vip_message` [ RunTime:0.0004s ]
SQL: SHOW COLUMNS FROM `yk_vip_log_sub` [ RunTime:0.0004s ]
SQL: SHOW COLUMNS FROM `yk_employee` [ RunTime:0.0005s ]
SQL: SHOW COLUMNS FROM `yk_vip_set` [ RunTime:0.0006s ]
SQL: SELECT * FROM `yk_vip_set` LIMIT 1   [ RunTime:0.0001s ]
INFO: [ app_end ] --START--
INFO: Run Behavior\ShowPageTraceBehavior [ RunTime:0.000372s ]
INFO: [ app_end ] --END-- [ RunTime:0.000414s ]

[ 2017-09-14T08:27:51+08:00 ] 182.131.10.215 /Home/Wxpay/pay/oid/20170914082750-63
INFO: [ app_init ] --START--
INFO: Run Behavior\BuildLiteBehavior [ RunTime:0.000012s ]
INFO: [ app_init ] --END-- [ RunTime:0.000287s ]
INFO: [ app_begin ] --START--
INFO: Run Behavior\ReadHtmlCacheBehavior [ RunTime:0.000338s ]
INFO: [ app_begin ] --END-- [ RunTime:0.000384s ]
SQL: SHOW COLUMNS FROM `yk_set` [ RunTime:0.0007s ]
SQL: SELECT * FROM `yk_set` LIMIT 1   [ RunTime:0.0001s ]
SQL: SHOW COLUMNS FROM `yk_shop_set` [ RunTime:0.0007s ]
SQL: SELECT * FROM `yk_shop_set` LIMIT 1   [ RunTime:0.0001s ]
SQL: SHOW COLUMNS FROM `yk_shop_order` [ RunTime:0.0009s ]
SQL: SELECT * FROM `yk_shop_order` WHERE `oid` = '20170914082750-63' LIMIT 1   [ RunTime:0.0003s ]
INFO: [ app_end ] --START--
INFO: Run Behavior\ShowPageTraceBehavior [ RunTime:0.000585s ]
INFO: [ app_end ] --END-- [ RunTime:0.000644s ]

[ 2017-09-14T08:28:11+08:00 ] 140.207.54.73 /Home/Wxpay/nd/
INFO: [ app_init ] --START--
INFO: Run Behavior\BuildLiteBehavior [ RunTime:0.000013s ]
INFO: [ app_init ] --END-- [ RunTime:0.000267s ]
INFO: [ app_begin ] --START--
INFO: Run Behavior\ReadHtmlCacheBehavior [ RunTime:0.000349s ]
INFO: [ app_begin ] --END-- [ RunTime:0.000388s ]
SQL: SHOW COLUMNS FROM `yk_set` [ RunTime:0.0007s ]
SQL: SELECT * FROM `yk_set` LIMIT 1   [ RunTime:0.0002s ]
SQL: SHOW COLUMNS FROM `yk_shop_set` [ RunTime:0.0007s ]
SQL: SELECT * FROM `yk_shop_set` LIMIT 1   [ RunTime:0.0002s ]
SQL: SHOW COLUMNS FROM `yk_set` [ RunTime:0.0005s ]
SQL: SELECT * FROM `yk_set` LIMIT 1   [ RunTime:0.0001s ]
SQL: SHOW COLUMNS FROM `yk_shop_order` [ RunTime:0.0009s ]
SQL: SELECT * FROM `yk_shop_order` WHERE `oid` = '20170914082750-63' LIMIT 1   [ RunTime:0.0003s ]
SQL: UPDATE `yk_shop_order` SET `sid`='0',`oid`='20170914082750-63',`djqid`='0',`totalprice`='680',`totalnum`='1',`payprice`='680',`paytype`='wxpay',`paytime`='1505348889',`aliaccount`=NULL,`yf`='0',`ispay`='1',`vipid`='6652',`vipopenid`='omV0nwhgwcY4o9QvNNWt8JoFJuDk',`vipname`='杨丽',`vipmobile`='13882540851',`vipaddress`='四川省遂宁市射洪县房管局安宁巷2号',`vipxqname`=NULL,`vipxqid`=NULL,`msg`='',`kfmsg`=NULL,`ctime`='1505348870',`ntime`=NULL,`dtime`=NULL,`etime`=NULL,`changetime`=NULL,`changemsg`=NULL,`changeadmin`=NULL,`closetime`=NULL,`closemsg`=NULL,`closeadmin`=NULL,`tuihuoprice`=NULL,`tuihuosqtime`='0',`tuihuotime`=NULL,`tuihuokd`=NULL,`tuihuokdnum`=NULL,`tuihuomsg`=NULL,`tuihuoadmin`=NULL,`status`='3',`fahuokd`=NULL,`fahuokdnum`=NULL,`items`='a:1:{i:0;a:12:{s:2:\"id\";s:4:\"2211\";s:3:\"sid\";s:1:\"0\";s:5:\"vipid\";s:4:\"6652\";s:7:\"goodsid\";s:2:\"17\";s:3:\"sku\";s:0:\"\";s:3:\"num\";s:1:\"1\";s:5:\"skuid\";i:0;s:4:\"name\";s:35:\"恒压咽鼓管吹张器(成人型)\";s:7:\"skuattr\";N;s:5:\"price\";s:3:\"680\";s:5:\"total\";i:680;s:3:\"pic\";s:40:\"/Upload/img/2016-07-26/57972a3c5c91e.jpg\";}}',`fxsid`='231' WHERE `id` = 63 [ RunTime:0.0003s ]
SQL: SHOW COLUMNS FROM `yk_shop_goods` [ RunTime:0.0006s ]
SQL: SHOW COLUMNS FROM `yk_shop_goods_sku` [ RunTime:0.0004s ]
SQL: SHOW COLUMNS FROM `yk_shop_syslog_sells` [ RunTime:0.0204s ]
SQL: UPDATE `yk_shop_goods` SET `num`=num-1 WHERE ( id=17 ) [ RunTime:0.0002s ]
SQL: UPDATE `yk_shop_goods` SET `sells`=sells+1 WHERE ( id=17 ) [ RunTime:0.0001s ]
SQL: UPDATE `yk_shop_goods` SET `dissells`=dissells+1 WHERE ( id=17 ) [ RunTime:0.0001s ]
SQL: INSERT INTO `yk_shop_syslog_sells` (`oid`,`vipid`,`vipopenid`,`vipname`,`ctime`,`num`,`goodsid`,`goodsname`,`skuid`,`skuattr`,`price`,`total`) VALUES ('63','6652','omV0nwhgwcY4o9QvNNWt8JoFJuDk','杨丽','1505348889','1','17','恒压咽鼓管吹张器(成人型)','0','0','680','680') [ RunTime:0.0403s ]
SQL: SHOW COLUMNS FROM `yk_shop_order_log` [ RunTime:0.0004s ]
SQL: SHOW COLUMNS FROM `yk_shop_order_syslog` [ RunTime:0.0004s ]
SQL: INSERT INTO `yk_shop_order_log` (`oid`,`msg`,`ctime`) VALUES ('63','微信付款成功','1505348889') [ RunTime:0.0001s ]
SQL: INSERT INTO `yk_shop_order_syslog` (`oid`,`msg`,`ctime`,`type`,`paytype`) VALUES ('63','微信付款成功','1505348889','2','wxpay') [ RunTime:0.0001s ]
SQL: SHOW COLUMNS FROM `yk_vip` [ RunTime:0.0010s ]
SQL: SELECT * FROM `yk_vip` WHERE ( id=6652 ) LIMIT 1   [ RunTime:0.0002s ]
SQL: SELECT * FROM `yk_vip` WHERE ( id=231 ) LIMIT 1   [ RunTime:0.0002s ]
SQL: SELECT * FROM `yk_vip` WHERE ( id=231 ) LIMIT 1   [ RunTime:0.0002s ]
SQL: SELECT * FROM `yk_vip` WHERE `id` = 231 AND `is_system` = 1 LIMIT 1   [ RunTime:0.0002s ]
SQL: SELECT * FROM `yk_vip` WHERE `id` = 231 AND `is_system` = 1 LIMIT 1   [ RunTime:0.0002s ]
SQL: SHOW COLUMNS FROM `yk_mail` [ RunTime:0.0153s ]
SQL: INSERT INTO `yk_mail` (`to`,`name`,`subject`,`body`,`stime`,`ctime`,`status`) VALUES ('949257185@qq.com','逸康商城','【逸康商城】新订单，订单号：20170914082750-63，金额：680元，预设分销商:231','<html>
									<head>
									<title>【逸康商城】新订单，订单号：20170914082750-63，金额：680元，预设分销商:231</title>
									</head>
									<body>
									<table>
									<tr>
									<th>订单号: </th><td>20170914082750-63</td>
									</tr>
									<tr>
									<th>商品名: </th><td>恒压咽鼓管吹张器(成人型)</td>
									</tr>
									<tr>
									<th>预设分销商: </th><td>231</td>
									</tr>
									<tr>
									<th>订单总额: </th><td>680元</td>
									</tr>
									<tr>
									<th>收货地址: </th><td>四川省遂宁市射洪县房管局安宁巷2号</td>
									</tr>
									<tr>
									<th>收货人: </th><td>杨丽</td>
									</tr>
									<tr>
									<th>收货电话: </th><td>13882540851</td>
									</tr>
									<tr>
									<th>支付时间: </th><td>2017-09-14 08:28:09</td>
									</tr>
									<tr>
									<th>下单时间: </th><td>2017-09-14 08:27:50</td>
									</tr>
									</table>
									</body>
									</html>','1505348890','1505348890','1') [ RunTime:0.0163s ]
SQL: SHOW COLUMNS FROM `yk_sms` [ RunTime:0.0033s ]
SQL: SELECT * FROM `yk_sms` LIMIT 1   [ RunTime:0.0013s ]
SQL: SHOW COLUMNS FROM `yk_wx_template` [ RunTime:0.0142s ]
SQL: SELECT * FROM `yk_wx_template` WHERE `templateidshort` = 'OPENTM200444326' LIMIT 1   [ RunTime:0.0073s ]
INFO: [ app_end ] --START--
INFO: Run Behavior\ShowPageTraceBehavior [ RunTime:0.000593s ]
INFO: [ app_end ] --END-- [ RunTime:0.000676s ]

[ 2017-09-14T08:31:52+08:00 ] 140.207.54.79 /Home/Wx/index/token/gzyikang2016?signature=4338a5d1239a2eba2d3a6c7a19e3cc8d383f8360&timestamp=1505349113&nonce=432994172&openid=omV0nwhgwcY4o9QvNNWt8JoFJuDk
INFO: [ app_init ] --START--
INFO: Run Behavior\BuildLiteBehavior [ RunTime:0.000013s ]
INFO: [ app_init ] --END-- [ RunTime:0.000290s ]
INFO: [ app_begin ] --START--
INFO: Run Behavior\ReadHtmlCacheBehavior [ RunTime:0.000364s ]
INFO: [ app_begin ] --END-- [ RunTime:0.000410s ]
SQL: SHOW COLUMNS FROM `yk_shop_set` [ RunTime:0.0010s ]
SQL: SELECT * FROM `yk_shop_set` LIMIT 1   [ RunTime:0.0002s ]
SQL: SHOW COLUMNS FROM `yk_set` [ RunTime:0.0004s ]
SQL: SELECT * FROM `yk_set` LIMIT 1   [ RunTime:0.0001s ]
SQL: SHOW COLUMNS FROM `yk_vip` [ RunTime:0.0014s ]
SQL: SHOW COLUMNS FROM `yk_vip_message` [ RunTime:0.0004s ]
SQL: SHOW COLUMNS FROM `yk_vip_log_sub` [ RunTime:0.0004s ]
SQL: SHOW COLUMNS FROM `yk_employee` [ RunTime:0.0005s ]
SQL: SHOW COLUMNS FROM `yk_vip_set` [ RunTime:0.0006s ]
SQL: SELECT * FROM `yk_vip_set` LIMIT 1   [ RunTime:0.0001s ]
INFO: [ app_end ] --START--
INFO: Run Behavior\ShowPageTraceBehavior [ RunTime:0.000383s ]
INFO: [ app_end ] --END-- [ RunTime:0.000426s ]

[ 2017-09-14T08:32:50+08:00 ] 140.207.124.105 /Home/Wxpay/pay/oid/20170914082750-63
INFO: [ app_init ] --START--
INFO: Run Behavior\BuildLiteBehavior [ RunTime:0.000012s ]
INFO: [ app_init ] --END-- [ RunTime:0.000257s ]
INFO: [ app_begin ] --START--
INFO: Run Behavior\ReadHtmlCacheBehavior [ RunTime:0.000351s ]
INFO: [ app_begin ] --END-- [ RunTime:0.000388s ]
SQL: SHOW COLUMNS FROM `yk_set` [ RunTime:0.0007s ]
SQL: SELECT * FROM `yk_set` LIMIT 1   [ RunTime:0.0001s ]
SQL: SHOW COLUMNS FROM `yk_shop_set` [ RunTime:0.0008s ]
SQL: SELECT * FROM `yk_shop_set` LIMIT 1   [ RunTime:0.0001s ]
INFO: [ view_parse ] --START--
INFO: [ template_filter ] --START--
INFO: Run Behavior\ContentReplaceBehavior [ RunTime:0.000035s ]
INFO: [ template_filter ] --END-- [ RunTime:0.000073s ]
INFO: Run Behavior\ParseTemplateBehavior [ RunTime:0.010268s ]
INFO: [ view_parse ] --END-- [ RunTime:0.010310s ]
INFO: [ view_filter ] --START--
INFO: Run Behavior\WriteHtmlCacheBehavior [ RunTime:0.000117s ]
INFO: [ view_filter ] --END-- [ RunTime:0.000150s ]

[ 2017-09-14T08:52:20+08:00 ] 140.207.54.76 /Home/Wx/index/token/gzyikang2016?signature=1a78c1167824284d86bcc943b9db86d4d0c13b09&timestamp=1505350340&nonce=1017073328&openid=omV0nwsroj2izUXEKT90Hy7TOtS8
INFO: [ app_init ] --START--
INFO: Run Behavior\BuildLiteBehavior [ RunTime:0.000015s ]
INFO: [ app_init ] --END-- [ RunTime:0.000276s ]
INFO: [ app_begin ] --START--
INFO: Run Behavior\ReadHtmlCacheBehavior [ RunTime:0.000352s ]
INFO: [ app_begin ] --END-- [ RunTime:0.000392s ]
SQL: SHOW COLUMNS FROM `yk_shop_set` [ RunTime:0.0010s ]
SQL: SELECT * FROM `yk_shop_set` LIMIT 1   [ RunTime:0.0002s ]
SQL: SHOW COLUMNS FROM `yk_set` [ RunTime:0.0005s ]
SQL: SELECT * FROM `yk_set` LIMIT 1   [ RunTime:0.0001s ]
SQL: SHOW COLUMNS FROM `yk_vip` [ RunTime:0.0011s ]
SQL: SHOW COLUMNS FROM `yk_vip_message` [ RunTime:0.0004s ]
SQL: SHOW COLUMNS FROM `yk_vip_log_sub` [ RunTime:0.0005s ]
SQL: SHOW COLUMNS FROM `yk_employee` [ RunTime:0.0005s ]
SQL: SHOW COLUMNS FROM `yk_vip_set` [ RunTime:0.0006s ]
SQL: SELECT * FROM `yk_vip_set` LIMIT 1   [ RunTime:0.0002s ]
INFO: [ app_end ] --START--
INFO: Run Behavior\ShowPageTraceBehavior [ RunTime:0.000363s ]
INFO: [ app_end ] --END-- [ RunTime:0.000403s ]

[ 2017-09-14T10:07:07+08:00 ] 140.207.54.79 /Home/Wx/index/token/gzyikang2016?signature=cfba5a06c3363b4fd2b95a59be06a7153fd98677&timestamp=1505354827&nonce=1962115484&openid=omV0nwlPXevlAisrsjI7OmiiM1Uk
INFO: [ app_init ] --START--
INFO: Run Behavior\BuildLiteBehavior [ RunTime:0.000013s ]
INFO: [ app_init ] --END-- [ RunTime:0.000292s ]
INFO: [ app_begin ] --START--
INFO: Run Behavior\ReadHtmlCacheBehavior [ RunTime:0.000379s ]
INFO: [ app_begin ] --END-- [ RunTime:0.000418s ]
SQL: SHOW COLUMNS FROM `yk_shop_set` [ RunTime:0.0011s ]
SQL: SELECT * FROM `yk_shop_set` LIMIT 1   [ RunTime:0.0002s ]
SQL: SHOW COLUMNS FROM `yk_set` [ RunTime:0.0005s ]
SQL: SELECT * FROM `yk_set` LIMIT 1   [ RunTime:0.0001s ]
SQL: SHOW COLUMNS FROM `yk_vip` [ RunTime:0.0012s ]
SQL: SHOW COLUMNS FROM `yk_vip_message` [ RunTime:0.0004s ]
SQL: SHOW COLUMNS FROM `yk_vip_log_sub` [ RunTime:0.0005s ]
SQL: SHOW COLUMNS FROM `yk_employee` [ RunTime:0.0005s ]
SQL: SHOW COLUMNS FROM `yk_vip_set` [ RunTime:0.0006s ]
SQL: SELECT * FROM `yk_vip_set` LIMIT 1   [ RunTime:0.0001s ]
INFO: [ app_end ] --START--
INFO: Run Behavior\ShowPageTraceBehavior [ RunTime:0.000497s ]
INFO: [ app_end ] --END-- [ RunTime:0.000552s ]

[ 2017-09-14T10:07:13+08:00 ] 140.207.54.75 /Home/Wx/index/token/gzyikang2016?signature=9c2e80c297dd168607044bc1826bd73b7c74cb6e&timestamp=1505354833&nonce=22183824&openid=omV0nwpwPUWRXEidPdWffcxgLL8o
INFO: [ app_init ] --START--
INFO: Run Behavior\BuildLiteBehavior [ RunTime:0.000012s ]
INFO: [ app_init ] --END-- [ RunTime:0.000279s ]
INFO: [ app_begin ] --START--
INFO: Run Behavior\ReadHtmlCacheBehavior [ RunTime:0.000329s ]
INFO: [ app_begin ] --END-- [ RunTime:0.000369s ]
SQL: SHOW COLUMNS FROM `yk_shop_set` [ RunTime:0.0010s ]
SQL: SELECT * FROM `yk_shop_set` LIMIT 1   [ RunTime:0.0002s ]
SQL: SHOW COLUMNS FROM `yk_set` [ RunTime:0.0005s ]
SQL: SELECT * FROM `yk_set` LIMIT 1   [ RunTime:0.0001s ]
SQL: SHOW COLUMNS FROM `yk_vip` [ RunTime:0.0010s ]
SQL: SHOW COLUMNS FROM `yk_vip_message` [ RunTime:0.0003s ]
SQL: SHOW COLUMNS FROM `yk_vip_log_sub` [ RunTime:0.0004s ]
SQL: SHOW COLUMNS FROM `yk_employee` [ RunTime:0.0005s ]
SQL: SHOW COLUMNS FROM `yk_vip_set` [ RunTime:0.0006s ]
SQL: SELECT * FROM `yk_vip_set` LIMIT 1   [ RunTime:0.0001s ]
INFO: [ app_end ] --START--
INFO: Run Behavior\ShowPageTraceBehavior [ RunTime:0.000428s ]
INFO: [ app_end ] --END-- [ RunTime:0.000472s ]

[ 2017-09-14T11:06:17+08:00 ] 140.207.54.76 /Home/Wx/index/token/gzyikang2016?signature=6648b93fa497e571b7d9c957a95764233f05d28d&timestamp=1505358377&nonce=1528312021&openid=omV0nwmHpRzt12Y-EMDsFwKlSfzE
INFO: [ app_init ] --START--
INFO: Run Behavior\BuildLiteBehavior [ RunTime:0.000012s ]
INFO: [ app_init ] --END-- [ RunTime:0.000264s ]
INFO: [ app_begin ] --START--
INFO: Run Behavior\ReadHtmlCacheBehavior [ RunTime:0.000343s ]
INFO: [ app_begin ] --END-- [ RunTime:0.000383s ]
SQL: SHOW COLUMNS FROM `yk_shop_set` [ RunTime:0.0010s ]
SQL: SELECT * FROM `yk_shop_set` LIMIT 1   [ RunTime:0.0002s ]
SQL: SHOW COLUMNS FROM `yk_set` [ RunTime:0.0005s ]
SQL: SELECT * FROM `yk_set` LIMIT 1   [ RunTime:0.0001s ]
SQL: SHOW COLUMNS FROM `yk_vip` [ RunTime:0.0010s ]
SQL: SHOW COLUMNS FROM `yk_vip_message` [ RunTime:0.0004s ]
SQL: SHOW COLUMNS FROM `yk_vip_log_sub` [ RunTime:0.0004s ]
SQL: SHOW COLUMNS FROM `yk_employee` [ RunTime:0.0005s ]
SQL: SHOW COLUMNS FROM `yk_vip_set` [ RunTime:0.0006s ]
SQL: SELECT * FROM `yk_vip_set` LIMIT 1   [ RunTime:0.0001s ]
SQL: SELECT * FROM `yk_vip` WHERE `openid` = 'omV0nwmHpRzt12Y-EMDsFwKlSfzE' LIMIT 1   [ RunTime:0.0003s ]
SQL: UPDATE `yk_vip` SET `subscribe`='1' WHERE `openid` = 'omV0nwmHpRzt12Y-EMDsFwKlSfzE' [ RunTime:0.0002s ]
SQL: SELECT * FROM `yk_vip` WHERE ( id=2431 ) LIMIT 1   [ RunTime:0.0002s ]
SQL: INSERT INTO `yk_vip_log_sub` (`ppid`,`from`,`fromname`,`to`,`toname`,`issub`,`ctime`) VALUES ('2431','6680','裴文兴同大附院13935203902','2431','','1','1505358377') [ RunTime:0.0002s ]
SQL: UPDATE `yk_vip` SET `total_xxsub`=total_xxsub+1 WHERE ( id=2431 ) [ RunTime:0.0001s ]
SQL: SHOW COLUMNS FROM `yk_upload_img` [ RunTime:0.0004s ]
SQL: SELECT * FROM `yk_upload_img` WHERE `id` = 167 LIMIT 1   [ RunTime:0.0001s ]
INFO: [ app_end ] --START--
INFO: Run Behavior\ShowPageTraceBehavior [ RunTime:0.000435s ]
INFO: [ app_end ] --END-- [ RunTime:0.000476s ]

[ 2017-09-14T11:06:40+08:00 ] 140.207.54.75 /Home/Wx/index/token/gzyikang2016?signature=863a9338c0b8457c90d978245d7e7ebde92a2ad6&timestamp=1505358400&nonce=991757344&openid=omV0nwmHpRzt12Y-EMDsFwKlSfzE
INFO: [ app_init ] --START--
INFO: Run Behavior\BuildLiteBehavior [ RunTime:0.000012s ]
INFO: [ app_init ] --END-- [ RunTime:0.000281s ]
INFO: [ app_begin ] --START--
INFO: Run Behavior\ReadHtmlCacheBehavior [ RunTime:0.000319s ]
INFO: [ app_begin ] --END-- [ RunTime:0.000358s ]
SQL: SHOW COLUMNS FROM `yk_shop_set` [ RunTime:0.0010s ]
SQL: SELECT * FROM `yk_shop_set` LIMIT 1   [ RunTime:0.0002s ]
SQL: SHOW COLUMNS FROM `yk_set` [ RunTime:0.0005s ]
SQL: SELECT * FROM `yk_set` LIMIT 1   [ RunTime:0.0001s ]
SQL: SHOW COLUMNS FROM `yk_vip` [ RunTime:0.0012s ]
SQL: SHOW COLUMNS FROM `yk_vip_message` [ RunTime:0.0004s ]
SQL: SHOW COLUMNS FROM `yk_vip_log_sub` [ RunTime:0.0004s ]
SQL: SHOW COLUMNS FROM `yk_employee` [ RunTime:0.0004s ]
SQL: SHOW COLUMNS FROM `yk_vip_set` [ RunTime:0.0006s ]
SQL: SELECT * FROM `yk_vip_set` LIMIT 1   [ RunTime:0.0001s ]
INFO: [ app_end ] --START--
INFO: Run Behavior\ShowPageTraceBehavior [ RunTime:0.000392s ]
INFO: [ app_end ] --END-- [ RunTime:0.000433s ]

[ 2017-09-14T11:06:40+08:00 ] 140.207.54.75 /Home/Wx/index/token/gzyikang2016?signature=d9ed97119d47a8e88231767e2fee58bb5e186e17&timestamp=1505358400&nonce=31867407&openid=omV0nwmHpRzt12Y-EMDsFwKlSfzE
INFO: [ app_init ] --START--
INFO: Run Behavior\BuildLiteBehavior [ RunTime:0.000012s ]
INFO: [ app_init ] --END-- [ RunTime:0.000290s ]
INFO: [ app_begin ] --START--
INFO: Run Behavior\ReadHtmlCacheBehavior [ RunTime:0.000339s ]
INFO: [ app_begin ] --END-- [ RunTime:0.000379s ]
SQL: SHOW COLUMNS FROM `yk_shop_set` [ RunTime:0.0010s ]
SQL: SELECT * FROM `yk_shop_set` LIMIT 1   [ RunTime:0.0002s ]
SQL: SHOW COLUMNS FROM `yk_set` [ RunTime:0.0004s ]
SQL: SELECT * FROM `yk_set` LIMIT 1   [ RunTime:0.0001s ]
SQL: SHOW COLUMNS FROM `yk_vip` [ RunTime:0.0010s ]
SQL: SHOW COLUMNS FROM `yk_vip_message` [ RunTime:0.0003s ]
SQL: SHOW COLUMNS FROM `yk_vip_log_sub` [ RunTime:0.0004s ]
SQL: SHOW COLUMNS FROM `yk_employee` [ RunTime:0.0005s ]
SQL: SHOW COLUMNS FROM `yk_vip_set` [ RunTime:0.0005s ]
SQL: SELECT * FROM `yk_vip_set` LIMIT 1   [ RunTime:0.0001s ]
INFO: [ app_end ] --START--
INFO: Run Behavior\ShowPageTraceBehavior [ RunTime:0.000363s ]
INFO: [ app_end ] --END-- [ RunTime:0.000404s ]

[ 2017-09-14T11:19:46+08:00 ] 140.207.54.80 /Home/Wx/index/token/gzyikang2016?signature=db1d461dfd1f23de2b443f642e44a4e2028bdfc2&timestamp=1505359186&nonce=571041791&openid=omV0nws04e_mZ3Nn_W1Pm2EWC2Vc
INFO: [ app_init ] --START--
INFO: Run Behavior\BuildLiteBehavior [ RunTime:0.000012s ]
INFO: [ app_init ] --END-- [ RunTime:0.000261s ]
INFO: [ app_begin ] --START--
INFO: Run Behavior\ReadHtmlCacheBehavior [ RunTime:0.000324s ]
INFO: [ app_begin ] --END-- [ RunTime:0.000362s ]
SQL: SHOW COLUMNS FROM `yk_shop_set` [ RunTime:0.0010s ]
SQL: SELECT * FROM `yk_shop_set` LIMIT 1   [ RunTime:0.0002s ]
SQL: SHOW COLUMNS FROM `yk_set` [ RunTime:0.0006s ]
SQL: SELECT * FROM `yk_set` LIMIT 1   [ RunTime:0.0001s ]
SQL: SHOW COLUMNS FROM `yk_vip` [ RunTime:0.0011s ]
SQL: SHOW COLUMNS FROM `yk_vip_message` [ RunTime:0.0004s ]
SQL: SHOW COLUMNS FROM `yk_vip_log_sub` [ RunTime:0.0004s ]
SQL: SHOW COLUMNS FROM `yk_employee` [ RunTime:0.0005s ]
SQL: SHOW COLUMNS FROM `yk_vip_set` [ RunTime:0.0006s ]
SQL: SELECT * FROM `yk_vip_set` LIMIT 1   [ RunTime:0.0001s ]
INFO: [ app_end ] --START--
INFO: Run Behavior\ShowPageTraceBehavior [ RunTime:0.000445s ]
INFO: [ app_end ] --END-- [ RunTime:0.000493s ]

[ 2017-09-14T11:30:29+08:00 ] 140.207.54.80 /Home/Wx/index/token/gzyikang2016?signature=178835c3fea705d2ae5f7b3debcbf9e1b430902f&timestamp=1505359830&nonce=646162792&openid=omV0nwhgwcY4o9QvNNWt8JoFJuDk
INFO: [ app_init ] --START--
INFO: Run Behavior\BuildLiteBehavior [ RunTime:0.000014s ]
INFO: [ app_init ] --END-- [ RunTime:0.000265s ]
INFO: [ app_begin ] --START--
INFO: Run Behavior\ReadHtmlCacheBehavior [ RunTime:0.000352s ]
INFO: [ app_begin ] --END-- [ RunTime:0.000390s ]
SQL: SHOW COLUMNS FROM `yk_shop_set` [ RunTime:0.0011s ]
SQL: SELECT * FROM `yk_shop_set` LIMIT 1   [ RunTime:0.0002s ]
SQL: SHOW COLUMNS FROM `yk_set` [ RunTime:0.0006s ]
SQL: SELECT * FROM `yk_set` LIMIT 1   [ RunTime:0.0001s ]
SQL: SHOW COLUMNS FROM `yk_vip` [ RunTime:0.0016s ]
SQL: SHOW COLUMNS FROM `yk_vip_message` [ RunTime:0.0006s ]
SQL: SHOW COLUMNS FROM `yk_vip_log_sub` [ RunTime:0.0007s ]
SQL: SHOW COLUMNS FROM `yk_employee` [ RunTime:0.0005s ]
SQL: SHOW COLUMNS FROM `yk_vip_set` [ RunTime:0.0006s ]
SQL: SELECT * FROM `yk_vip_set` LIMIT 1   [ RunTime:0.0001s ]
INFO: [ app_end ] --START--
INFO: Run Behavior\ShowPageTraceBehavior [ RunTime:0.000428s ]
INFO: [ app_end ] --END-- [ RunTime:0.000471s ]

[ 2017-09-14T12:00:51+08:00 ] 140.207.54.80 /Home/Wx/index/token/gzyikang2016?signature=6edb2468feab85f2db8211883ed079a8c73fd469&timestamp=1505361651&nonce=1034781810&openid=omV0nwlPXevlAisrsjI7OmiiM1Uk
INFO: [ app_init ] --START--
INFO: Run Behavior\BuildLiteBehavior [ RunTime:0.000034s ]
INFO: [ app_init ] --END-- [ RunTime:0.001859s ]
INFO: [ app_begin ] --START--
INFO: Run Behavior\ReadHtmlCacheBehavior [ RunTime:0.001740s ]
INFO: [ app_begin ] --END-- [ RunTime:0.001780s ]
SQL: SHOW COLUMNS FROM `yk_shop_set` [ RunTime:0.0194s ]
SQL: SELECT * FROM `yk_shop_set` LIMIT 1   [ RunTime:0.0015s ]
SQL: SHOW COLUMNS FROM `yk_set` [ RunTime:0.0096s ]
SQL: SELECT * FROM `yk_set` LIMIT 1   [ RunTime:0.0032s ]
SQL: SHOW COLUMNS FROM `yk_vip` [ RunTime:0.0115s ]
SQL: SHOW COLUMNS FROM `yk_vip_message` [ RunTime:0.0123s ]
SQL: SHOW COLUMNS FROM `yk_vip_log_sub` [ RunTime:0.0023s ]
SQL: SHOW COLUMNS FROM `yk_employee` [ RunTime:0.0180s ]
SQL: SHOW COLUMNS FROM `yk_vip_set` [ RunTime:0.0018s ]
SQL: SELECT * FROM `yk_vip_set` LIMIT 1   [ RunTime:0.0011s ]
INFO: [ app_end ] --START--
INFO: Run Behavior\ShowPageTraceBehavior [ RunTime:0.001739s ]
INFO: [ app_end ] --END-- [ RunTime:0.001786s ]

[ 2017-09-14T12:04:03+08:00 ] 140.207.54.75 /Home/Wx/index/token/gzyikang2016?signature=c6dc9251d6f025c4931a0c1cdc17b0512c6e3b76&timestamp=1505361843&nonce=323239315&openid=omV0nwhi6F35ADOy80D1SsiXu5VA
INFO: [ app_init ] --START--
INFO: Run Behavior\BuildLiteBehavior [ RunTime:0.000011s ]
INFO: [ app_init ] --END-- [ RunTime:0.000253s ]
INFO: [ app_begin ] --START--
INFO: Run Behavior\ReadHtmlCacheBehavior [ RunTime:0.000320s ]
INFO: [ app_begin ] --END-- [ RunTime:0.000358s ]
SQL: SHOW COLUMNS FROM `yk_shop_set` [ RunTime:0.0041s ]
SQL: SELECT * FROM `yk_shop_set` LIMIT 1   [ RunTime:0.0034s ]
SQL: SHOW COLUMNS FROM `yk_set` [ RunTime:0.0005s ]
SQL: SELECT * FROM `yk_set` LIMIT 1   [ RunTime:0.0001s ]
SQL: SHOW COLUMNS FROM `yk_vip` [ RunTime:0.0045s ]
SQL: SHOW COLUMNS FROM `yk_vip_message` [ RunTime:0.0004s ]
SQL: SHOW COLUMNS FROM `yk_vip_log_sub` [ RunTime:0.0004s ]
SQL: SHOW COLUMNS FROM `yk_employee` [ RunTime:0.0005s ]
SQL: SHOW COLUMNS FROM `yk_vip_set` [ RunTime:0.0006s ]
SQL: SELECT * FROM `yk_vip_set` LIMIT 1   [ RunTime:0.0002s ]
INFO: [ app_end ] --START--
INFO: Run Behavior\ShowPageTraceBehavior [ RunTime:0.000374s ]
INFO: [ app_end ] --END-- [ RunTime:0.000439s ]

[ 2017-09-14T13:02:48+08:00 ] 140.207.54.76 /Home/Wx/index/token/gzyikang2016?signature=2ededfd0ddeb6077112369e9b17cf6d38c80b025&timestamp=1505365369&nonce=2033266923&openid=omV0nwsVEqqkJJOhznu2WN2AKVcQ
INFO: [ app_init ] --START--
INFO: Run Behavior\BuildLiteBehavior [ RunTime:0.000012s ]
INFO: [ app_init ] --END-- [ RunTime:0.000301s ]
INFO: [ app_begin ] --START--
INFO: Run Behavior\ReadHtmlCacheBehavior [ RunTime:0.000371s ]
INFO: [ app_begin ] --END-- [ RunTime:0.000418s ]
SQL: SHOW COLUMNS FROM `yk_shop_set` [ RunTime:0.0011s ]
SQL: SELECT * FROM `yk_shop_set` LIMIT 1   [ RunTime:0.0002s ]
SQL: SHOW COLUMNS FROM `yk_set` [ RunTime:0.0005s ]
SQL: SELECT * FROM `yk_set` LIMIT 1   [ RunTime:0.0001s ]
SQL: SHOW COLUMNS FROM `yk_vip` [ RunTime:0.0010s ]
SQL: SHOW COLUMNS FROM `yk_vip_message` [ RunTime:0.0004s ]
SQL: SHOW COLUMNS FROM `yk_vip_log_sub` [ RunTime:0.0004s ]
SQL: SHOW COLUMNS FROM `yk_employee` [ RunTime:0.0005s ]
SQL: SHOW COLUMNS FROM `yk_vip_set` [ RunTime:0.0006s ]
SQL: SELECT * FROM `yk_vip_set` LIMIT 1   [ RunTime:0.0001s ]
SQL: SELECT * FROM `yk_vip` WHERE `openid` = 'omV0nwsVEqqkJJOhznu2WN2AKVcQ' LIMIT 1   [ RunTime:0.0454s ]
SQL: UPDATE `yk_vip` SET `pid`='212',`plv`='2',`path`='0-212',`mobile`=NULL,`password`=NULL,`name`=NULL,`email`=NULL,`money`='0.00',`score`='100',`exp`='20',`cur_exp`='20',`levelid`='1',`openid`='omV0nwsVEqqkJJOhznu2WN2AKVcQ',`nickname`='haha~朵朵',`sex`='2',`city`='成都',`province`='四川',`country`='中国',`language`='zh_CN',`headimgurl`='http://wx.qlogo.cn/mmopen/et9q9FvjBBrWTHaspb8926DL6MnQicbWo0NBdauLHvtcHhQGJVa8NbxW52T54oUGIia7ia6WicUapYXGXvk4IVrKRyg1OSPgdFicic/0',`subscribe`='1',`subscribe_time`='1505212534',`remark`='',`status`='1',`ctime`='1505189902',`cctime`='1505365368',`sign`='0',`signtime`=NULL,`isfx`='0',`isfxgd`='0',`total_buy`='0',`total_yj`='0',`total_xxyj`='0',`total_xxlink`='1',`total_xxsub`='0',`total_xxunsub`='0',`total_xxbuy`='0',`txname`=NULL,`txmobile`=NULL,`txyh`=NULL,`txfh`=NULL,`txszd`=NULL,`txcard`=NULL,`employee`='17',`ticket`=NULL,`continue_sign`='0',`is_system`='0' WHERE `id` = 6627 [ RunTime:0.0003s ]
SQL: SHOW COLUMNS FROM `yk_wx_keyword` [ RunTime:0.0165s ]
SQL: SELECT * FROM `yk_wx_keyword` WHERE `keyword` = '你好！我的快递什么时候到' LIMIT 1   [ RunTime:0.0052s ]
INFO: [ app_end ] --START--
INFO: Run Behavior\ShowPageTraceBehavior [ RunTime:0.000453s ]
INFO: [ app_end ] --END-- [ RunTime:0.000496s ]

[ 2017-09-14T13:03:07+08:00 ] 140.207.54.75 /Home/Wx/index/token/gzyikang2016?signature=a90506f77888550765e7aac51c6dff7777a06577&timestamp=1505365387&nonce=2063496959&openid=omV0nwsVEqqkJJOhznu2WN2AKVcQ
INFO: [ app_init ] --START--
INFO: Run Behavior\BuildLiteBehavior [ RunTime:0.000012s ]
INFO: [ app_init ] --END-- [ RunTime:0.000281s ]
INFO: [ app_begin ] --START--
INFO: Run Behavior\ReadHtmlCacheBehavior [ RunTime:0.000324s ]
INFO: [ app_begin ] --END-- [ RunTime:0.000362s ]
SQL: SHOW COLUMNS FROM `yk_shop_set` [ RunTime:0.0010s ]
SQL: SELECT * FROM `yk_shop_set` LIMIT 1   [ RunTime:0.0002s ]
SQL: SHOW COLUMNS FROM `yk_set` [ RunTime:0.0005s ]
SQL: SELECT * FROM `yk_set` LIMIT 1   [ RunTime:0.0001s ]
SQL: SHOW COLUMNS FROM `yk_vip` [ RunTime:0.0010s ]
SQL: SHOW COLUMNS FROM `yk_vip_message` [ RunTime:0.0004s ]
SQL: SHOW COLUMNS FROM `yk_vip_log_sub` [ RunTime:0.0004s ]
SQL: SHOW COLUMNS FROM `yk_employee` [ RunTime:0.0004s ]
SQL: SHOW COLUMNS FROM `yk_vip_set` [ RunTime:0.0006s ]
SQL: SELECT * FROM `yk_vip_set` LIMIT 1   [ RunTime:0.0001s ]
INFO: [ app_end ] --START--
INFO: Run Behavior\ShowPageTraceBehavior [ RunTime:0.000388s ]
INFO: [ app_end ] --END-- [ RunTime:0.000429s ]

[ 2017-09-14T14:02:58+08:00 ] 140.207.54.75 /Home/Wx/index/token/gzyikang2016?signature=a8088c990f91abb9f4d2ad925a86314428cd73fe&timestamp=1505368979&nonce=1683445186&openid=omV0nwqqoGrOu1-HVBV38vDNvD5c
INFO: [ app_init ] --START--
INFO: Run Behavior\BuildLiteBehavior [ RunTime:0.000013s ]
INFO: [ app_init ] --END-- [ RunTime:0.000281s ]
INFO: [ app_begin ] --START--
INFO: Run Behavior\ReadHtmlCacheBehavior [ RunTime:0.000336s ]
INFO: [ app_begin ] --END-- [ RunTime:0.000375s ]
SQL: SHOW COLUMNS FROM `yk_shop_set` [ RunTime:0.0010s ]
SQL: SELECT * FROM `yk_shop_set` LIMIT 1   [ RunTime:0.0002s ]
SQL: SHOW COLUMNS FROM `yk_set` [ RunTime:0.0005s ]
SQL: SELECT * FROM `yk_set` LIMIT 1   [ RunTime:0.0001s ]
SQL: SHOW COLUMNS FROM `yk_vip` [ RunTime:0.0010s ]
SQL: SHOW COLUMNS FROM `yk_vip_message` [ RunTime:0.0005s ]
SQL: SHOW COLUMNS FROM `yk_vip_log_sub` [ RunTime:0.0004s ]
SQL: SHOW COLUMNS FROM `yk_employee` [ RunTime:0.0005s ]
SQL: SHOW COLUMNS FROM `yk_vip_set` [ RunTime:0.0006s ]
SQL: SELECT * FROM `yk_vip_set` LIMIT 1   [ RunTime:0.0001s ]
SQL: SELECT * FROM `yk_vip` WHERE `openid` = 'omV0nwqqoGrOu1-HVBV38vDNvD5c' LIMIT 1   [ RunTime:0.0003s ]
SQL: UPDATE `yk_vip` SET `subscribe`='1' WHERE `openid` = 'omV0nwqqoGrOu1-HVBV38vDNvD5c' [ RunTime:0.0002s ]
SQL: SELECT * FROM `yk_vip` WHERE ( id=3606 ) LIMIT 1   [ RunTime:0.0002s ]
SQL: INSERT INTO `yk_vip_log_sub` (`ppid`,`from`,`fromname`,`to`,`toname`,`issub`,`ctime`) VALUES ('3606','6526','Mr.衣橱','3606','','1','1505368978') [ RunTime:0.0446s ]
SQL: UPDATE `yk_vip` SET `total_xxsub`=total_xxsub+1 WHERE ( id=3606 ) [ RunTime:0.0002s ]
SQL: SHOW COLUMNS FROM `yk_upload_img` [ RunTime:0.0004s ]
SQL: SELECT * FROM `yk_upload_img` WHERE `id` = 167 LIMIT 1   [ RunTime:0.0001s ]
INFO: [ app_end ] --START--
INFO: Run Behavior\ShowPageTraceBehavior [ RunTime:0.000388s ]
INFO: [ app_end ] --END-- [ RunTime:0.000450s ]

[ 2017-09-14T15:03:05+08:00 ] 140.207.54.75 /Home/Wx/index/token/gzyikang2016?signature=1945a07ae9e226b193ad166580b898d1507d6173&timestamp=1505372585&nonce=519246697&openid=omV0nwqqoGrOu1-HVBV38vDNvD5c
INFO: [ app_init ] --START--
INFO: Run Behavior\BuildLiteBehavior [ RunTime:0.000017s ]
INFO: [ app_init ] --END-- [ RunTime:0.000301s ]
INFO: [ app_begin ] --START--
INFO: Run Behavior\ReadHtmlCacheBehavior [ RunTime:0.000390s ]
INFO: [ app_begin ] --END-- [ RunTime:0.000432s ]
SQL: SHOW COLUMNS FROM `yk_shop_set` [ RunTime:0.0010s ]
SQL: SELECT * FROM `yk_shop_set` LIMIT 1   [ RunTime:0.0002s ]
SQL: SHOW COLUMNS FROM `yk_set` [ RunTime:0.0005s ]
SQL: SELECT * FROM `yk_set` LIMIT 1   [ RunTime:0.0001s ]
SQL: SHOW COLUMNS FROM `yk_vip` [ RunTime:0.0010s ]
SQL: SHOW COLUMNS FROM `yk_vip_message` [ RunTime:0.0167s ]
SQL: SHOW COLUMNS FROM `yk_vip_log_sub` [ RunTime:0.0043s ]
SQL: SHOW COLUMNS FROM `yk_employee` [ RunTime:0.0029s ]
SQL: SHOW COLUMNS FROM `yk_vip_set` [ RunTime:0.0007s ]
SQL: SELECT * FROM `yk_vip_set` LIMIT 1   [ RunTime:0.0001s ]
INFO: [ app_end ] --START--
INFO: Run Behavior\ShowPageTraceBehavior [ RunTime:0.000473s ]
INFO: [ app_end ] --END-- [ RunTime:0.000524s ]

[ 2017-09-14T15:03:17+08:00 ] 140.207.54.76 /Home/Wx/index/token/gzyikang2016?signature=f8a77bfd73c5449e7c3e57317fa563e14e5371fd&timestamp=1505372597&nonce=1890956200&openid=omV0nwqqoGrOu1-HVBV38vDNvD5c
INFO: [ app_init ] --START--
INFO: Run Behavior\BuildLiteBehavior [ RunTime:0.000012s ]
INFO: [ app_init ] --END-- [ RunTime:0.000260s ]
INFO: [ app_begin ] --START--
INFO: Run Behavior\ReadHtmlCacheBehavior [ RunTime:0.000325s ]
INFO: [ app_begin ] --END-- [ RunTime:0.000365s ]
SQL: SHOW COLUMNS FROM `yk_shop_set` [ RunTime:0.0010s ]
SQL: SELECT * FROM `yk_shop_set` LIMIT 1   [ RunTime:0.0002s ]
SQL: SHOW COLUMNS FROM `yk_set` [ RunTime:0.0004s ]
SQL: SELECT * FROM `yk_set` LIMIT 1   [ RunTime:0.0001s ]
SQL: SHOW COLUMNS FROM `yk_vip` [ RunTime:0.0010s ]
SQL: SHOW COLUMNS FROM `yk_vip_message` [ RunTime:0.0004s ]
SQL: SHOW COLUMNS FROM `yk_vip_log_sub` [ RunTime:0.0004s ]
SQL: SHOW COLUMNS FROM `yk_employee` [ RunTime:0.0004s ]
SQL: SHOW COLUMNS FROM `yk_vip_set` [ RunTime:0.0006s ]
SQL: SELECT * FROM `yk_vip_set` LIMIT 1   [ RunTime:0.0001s ]
INFO: [ app_end ] --START--
INFO: Run Behavior\ShowPageTraceBehavior [ RunTime:0.000388s ]
INFO: [ app_end ] --END-- [ RunTime:0.000428s ]

[ 2017-09-14T15:29:28+08:00 ] 140.207.54.79 /Home/Wx/index/token/gzyikang2016?signature=9fabade1dc139b8b835427e07cfe3e6d912d49df&timestamp=1505374168&nonce=83400249&openid=omV0nwpaK20k2XwL-1WYwRZp9mmM
INFO: [ app_init ] --START--
INFO: Run Behavior\BuildLiteBehavior [ RunTime:0.000012s ]
INFO: [ app_init ] --END-- [ RunTime:0.000260s ]
INFO: [ app_begin ] --START--
INFO: Run Behavior\ReadHtmlCacheBehavior [ RunTime:0.000343s ]
INFO: [ app_begin ] --END-- [ RunTime:0.000383s ]
SQL: SHOW COLUMNS FROM `yk_shop_set` [ RunTime:0.0011s ]
SQL: SELECT * FROM `yk_shop_set` LIMIT 1   [ RunTime:0.0002s ]
SQL: SHOW COLUMNS FROM `yk_set` [ RunTime:0.0005s ]
SQL: SELECT * FROM `yk_set` LIMIT 1   [ RunTime:0.0001s ]
SQL: SHOW COLUMNS FROM `yk_vip` [ RunTime:0.0011s ]
SQL: SHOW COLUMNS FROM `yk_vip_message` [ RunTime:0.0004s ]
SQL: SHOW COLUMNS FROM `yk_vip_log_sub` [ RunTime:0.0004s ]
SQL: SHOW COLUMNS FROM `yk_employee` [ RunTime:0.0005s ]
SQL: SHOW COLUMNS FROM `yk_vip_set` [ RunTime:0.0006s ]
SQL: SELECT * FROM `yk_vip_set` LIMIT 1   [ RunTime:0.0001s ]
INFO: [ app_end ] --START--
INFO: Run Behavior\ShowPageTraceBehavior [ RunTime:0.000394s ]
INFO: [ app_end ] --END-- [ RunTime:0.000434s ]

[ 2017-09-14T15:57:39+08:00 ] 140.207.54.75 /Home/Wx/index/token/gzyikang2016?signature=7bef7d1380189cb28243a872826adb0ff1649bca&timestamp=1505375860&nonce=192843775&openid=omV0nwhzwdJ98D86BNHyo_L1yKGo
INFO: [ app_init ] --START--
INFO: Run Behavior\BuildLiteBehavior [ RunTime:0.000013s ]
INFO: [ app_init ] --END-- [ RunTime:0.000282s ]
INFO: [ app_begin ] --START--
INFO: Run Behavior\ReadHtmlCacheBehavior [ RunTime:0.000326s ]
INFO: [ app_begin ] --END-- [ RunTime:0.000365s ]
SQL: SHOW COLUMNS FROM `yk_shop_set` [ RunTime:0.0011s ]
SQL: SELECT * FROM `yk_shop_set` LIMIT 1   [ RunTime:0.0002s ]
SQL: SHOW COLUMNS FROM `yk_set` [ RunTime:0.0005s ]
SQL: SELECT * FROM `yk_set` LIMIT 1   [ RunTime:0.0001s ]
SQL: SHOW COLUMNS FROM `yk_vip` [ RunTime:0.0014s ]
SQL: SHOW COLUMNS FROM `yk_vip_message` [ RunTime:0.0005s ]
SQL: SHOW COLUMNS FROM `yk_vip_log_sub` [ RunTime:0.0004s ]
SQL: SHOW COLUMNS FROM `yk_employee` [ RunTime:0.0006s ]
SQL: SHOW COLUMNS FROM `yk_vip_set` [ RunTime:0.0007s ]
SQL: SELECT * FROM `yk_vip_set` LIMIT 1   [ RunTime:0.0001s ]
SQL: SELECT * FROM `yk_vip` WHERE `openid` = 'omV0nwhzwdJ98D86BNHyo_L1yKGo' LIMIT 1   [ RunTime:0.0003s ]
SQL: UPDATE `yk_vip` SET `subscribe`='0' WHERE `openid` = 'omV0nwhzwdJ98D86BNHyo_L1yKGo' [ RunTime:0.0002s ]
SQL: INSERT INTO `yk_vip_log_sub` (`ppid`,`from`,`fromname`,`to`,`toname`,`issub`,`ctime`) VALUES ('0','5527','小程','0','逸康商城','0','1505375859') [ RunTime:0.0168s ]
INFO: [ app_end ] --START--
INFO: Run Behavior\ShowPageTraceBehavior [ RunTime:0.000427s ]
INFO: [ app_end ] --END-- [ RunTime:0.000486s ]

[ 2017-09-14T16:56:44+08:00 ] 140.207.54.79 /Home/Wx/index/token/gzyikang2016?signature=a01108e56525ab8ae44ddfff6c8f3f8e4733e204&timestamp=1505379404&nonce=291532780&openid=omV0nwhgwcY4o9QvNNWt8JoFJuDk
INFO: [ app_init ] --START--
INFO: Run Behavior\BuildLiteBehavior [ RunTime:0.000012s ]
INFO: [ app_init ] --END-- [ RunTime:0.000259s ]
INFO: [ app_begin ] --START--
INFO: Run Behavior\ReadHtmlCacheBehavior [ RunTime:0.000364s ]
INFO: [ app_begin ] --END-- [ RunTime:0.000407s ]
SQL: SHOW COLUMNS FROM `yk_shop_set` [ RunTime:0.0011s ]
SQL: SELECT * FROM `yk_shop_set` LIMIT 1   [ RunTime:0.0002s ]
SQL: SHOW COLUMNS FROM `yk_set` [ RunTime:0.0005s ]
SQL: SELECT * FROM `yk_set` LIMIT 1   [ RunTime:0.0001s ]
SQL: SHOW COLUMNS FROM `yk_vip` [ RunTime:0.0011s ]
SQL: SHOW COLUMNS FROM `yk_vip_message` [ RunTime:0.0130s ]
SQL: SHOW COLUMNS FROM `yk_vip_log_sub` [ RunTime:0.0049s ]
SQL: SHOW COLUMNS FROM `yk_employee` [ RunTime:0.0045s ]
SQL: SHOW COLUMNS FROM `yk_vip_set` [ RunTime:0.0007s ]
SQL: SELECT * FROM `yk_vip_set` LIMIT 1   [ RunTime:0.0001s ]
INFO: [ app_end ] --START--
INFO: Run Behavior\ShowPageTraceBehavior [ RunTime:0.000474s ]
INFO: [ app_end ] --END-- [ RunTime:0.000521s ]

[ 2017-09-14T17:00:04+08:00 ] 140.207.54.75 /Home/Wx/index/token/gzyikang2016?signature=e8d0cfe395f6736a8525fb82566433b676161dac&timestamp=1505379604&nonce=475319713&openid=omV0nwqqoGrOu1-HVBV38vDNvD5c
INFO: [ app_init ] --START--
INFO: Run Behavior\BuildLiteBehavior [ RunTime:0.000014s ]
INFO: [ app_init ] --END-- [ RunTime:0.000273s ]
INFO: [ app_begin ] --START--
INFO: Run Behavior\ReadHtmlCacheBehavior [ RunTime:0.000342s ]
INFO: [ app_begin ] --END-- [ RunTime:0.000382s ]
SQL: SHOW COLUMNS FROM `yk_shop_set` [ RunTime:0.0012s ]
SQL: SELECT * FROM `yk_shop_set` LIMIT 1   [ RunTime:0.0002s ]
SQL: SHOW COLUMNS FROM `yk_set` [ RunTime:0.0005s ]
SQL: SELECT * FROM `yk_set` LIMIT 1   [ RunTime:0.0001s ]
SQL: SHOW COLUMNS FROM `yk_vip` [ RunTime:0.0014s ]
SQL: SHOW COLUMNS FROM `yk_vip_message` [ RunTime:0.0034s ]
SQL: SHOW COLUMNS FROM `yk_vip_log_sub` [ RunTime:0.0004s ]
SQL: SHOW COLUMNS FROM `yk_employee` [ RunTime:0.0005s ]
SQL: SHOW COLUMNS FROM `yk_vip_set` [ RunTime:0.0007s ]
SQL: SELECT * FROM `yk_vip_set` LIMIT 1   [ RunTime:0.0036s ]
INFO: [ app_end ] --START--
INFO: Run Behavior\ShowPageTraceBehavior [ RunTime:0.000394s ]
INFO: [ app_end ] --END-- [ RunTime:0.000440s ]

[ 2017-09-14T17:01:13+08:00 ] 117.35.62.131 /Home/Wxpay/pay/oid/20170914170112-64
INFO: [ app_init ] --START--
INFO: Run Behavior\BuildLiteBehavior [ RunTime:0.000014s ]
INFO: [ app_init ] --END-- [ RunTime:0.000369s ]
INFO: [ app_begin ] --START--
INFO: Run Behavior\ReadHtmlCacheBehavior [ RunTime:0.000337s ]
INFO: [ app_begin ] --END-- [ RunTime:0.000395s ]
SQL: SHOW COLUMNS FROM `yk_set` [ RunTime:0.0008s ]
SQL: SELECT * FROM `yk_set` LIMIT 1   [ RunTime:0.0001s ]
SQL: SHOW COLUMNS FROM `yk_shop_set` [ RunTime:0.0008s ]
SQL: SELECT * FROM `yk_shop_set` LIMIT 1   [ RunTime:0.0001s ]
SQL: SHOW COLUMNS FROM `yk_shop_order` [ RunTime:0.0012s ]
SQL: SELECT * FROM `yk_shop_order` WHERE `oid` = '20170914170112-64' LIMIT 1   [ RunTime:0.0260s ]
INFO: [ app_end ] --START--
INFO: Run Behavior\ShowPageTraceBehavior [ RunTime:0.000589s ]
INFO: [ app_end ] --END-- [ RunTime:0.000646s ]

[ 2017-09-14T17:01:27+08:00 ] 140.207.54.76 /Home/Wxpay/nd/
INFO: [ app_init ] --START--
INFO: Run Behavior\BuildLiteBehavior [ RunTime:0.000013s ]
INFO: [ app_init ] --END-- [ RunTime:0.000283s ]
INFO: [ app_begin ] --START--
INFO: Run Behavior\ReadHtmlCacheBehavior [ RunTime:0.000372s ]
INFO: [ app_begin ] --END-- [ RunTime:0.000412s ]
SQL: SHOW COLUMNS FROM `yk_set` [ RunTime:0.0007s ]
SQL: SELECT * FROM `yk_set` LIMIT 1   [ RunTime:0.0002s ]
SQL: SHOW COLUMNS FROM `yk_shop_set` [ RunTime:0.0007s ]
SQL: SELECT * FROM `yk_shop_set` LIMIT 1   [ RunTime:0.0002s ]
SQL: SHOW COLUMNS FROM `yk_set` [ RunTime:0.0005s ]
SQL: SELECT * FROM `yk_set` LIMIT 1   [ RunTime:0.0001s ]
SQL: SHOW COLUMNS FROM `yk_shop_order` [ RunTime:0.0009s ]
SQL: SELECT * FROM `yk_shop_order` WHERE `oid` = '20170914170112-64' LIMIT 1   [ RunTime:0.0003s ]
SQL: UPDATE `yk_shop_order` SET `sid`='0',`oid`='20170914170112-64',`djqid`='0',`totalprice`='680',`totalnum`='1',`payprice`='680',`paytype`='wxpay',`paytime`='1505379685',`aliaccount`=NULL,`yf`='0',`ispay`='1',`vipid`='6526',`vipopenid`='omV0nwqqoGrOu1-HVBV38vDNvD5c',`vipname`='王珊珊',`vipmobile`='18309152733',`vipaddress`='陕西省安康市汉滨区金州路双提巷银座商城16号',`vipxqname`=NULL,`vipxqid`=NULL,`msg`='',`kfmsg`=NULL,`ctime`='1505379672',`ntime`=NULL,`dtime`=NULL,`etime`=NULL,`changetime`=NULL,`changemsg`=NULL,`changeadmin`=NULL,`closetime`=NULL,`closemsg`=NULL,`closeadmin`=NULL,`tuihuoprice`=NULL,`tuihuosqtime`='0',`tuihuotime`=NULL,`tuihuokd`=NULL,`tuihuokdnum`=NULL,`tuihuomsg`=NULL,`tuihuoadmin`=NULL,`status`='3',`fahuokd`=NULL,`fahuokdnum`=NULL,`items`='a:1:{i:0;a:12:{s:2:\"id\";s:4:\"2219\";s:3:\"sid\";s:1:\"0\";s:5:\"vipid\";s:4:\"6526\";s:7:\"goodsid\";s:2:\"17\";s:3:\"sku\";s:0:\"\";s:3:\"num\";s:1:\"1\";s:5:\"skuid\";i:0;s:4:\"name\";s:35:\"恒压咽鼓管吹张器(成人型)\";s:7:\"skuattr\";N;s:5:\"price\";s:3:\"680\";s:5:\"total\";i:680;s:3:\"pic\";s:40:\"/Upload/img/2016-07-26/57972a3c5c91e.jpg\";}}',`fxsid`='3606' WHERE `id` = 64 [ RunTime:0.0003s ]
SQL: SHOW COLUMNS FROM `yk_shop_goods` [ RunTime:0.0007s ]
SQL: SHOW COLUMNS FROM `yk_shop_goods_sku` [ RunTime:0.0004s ]
SQL: SHOW COLUMNS FROM `yk_shop_syslog_sells` [ RunTime:0.0151s ]
SQL: UPDATE `yk_shop_goods` SET `num`=num-1 WHERE ( id=17 ) [ RunTime:0.0002s ]
SQL: UPDATE `yk_shop_goods` SET `sells`=sells+1 WHERE ( id=17 ) [ RunTime:0.0001s ]
SQL: UPDATE `yk_shop_goods` SET `dissells`=dissells+1 WHERE ( id=17 ) [ RunTime:0.0001s ]
SQL: INSERT INTO `yk_shop_syslog_sells` (`oid`,`vipid`,`vipopenid`,`vipname`,`ctime`,`num`,`goodsid`,`goodsname`,`skuid`,`skuattr`,`price`,`total`) VALUES ('64','6526','omV0nwqqoGrOu1-HVBV38vDNvD5c','王珊珊','1505379685','1','17','恒压咽鼓管吹张器(成人型)','0','0','680','680') [ RunTime:0.1291s ]
SQL: SHOW COLUMNS FROM `yk_shop_order_log` [ RunTime:0.0007s ]
SQL: SHOW COLUMNS FROM `yk_shop_order_syslog` [ RunTime:0.0004s ]
SQL: INSERT INTO `yk_shop_order_log` (`oid`,`msg`,`ctime`) VALUES ('64','微信付款成功','1505379685') [ RunTime:0.0002s ]
SQL: INSERT INTO `yk_shop_order_syslog` (`oid`,`msg`,`ctime`,`type`,`paytype`) VALUES ('64','微信付款成功','1505379685','2','wxpay') [ RunTime:0.0001s ]
SQL: SHOW COLUMNS FROM `yk_vip` [ RunTime:0.0011s ]
SQL: SELECT * FROM `yk_vip` WHERE ( id=6526 ) LIMIT 1   [ RunTime:0.0002s ]
SQL: SELECT * FROM `yk_vip` WHERE ( id=3606 ) LIMIT 1   [ RunTime:0.0002s ]
SQL: SELECT * FROM `yk_vip` WHERE ( id=3606 ) LIMIT 1   [ RunTime:0.0002s ]
SQL: SELECT * FROM `yk_vip` WHERE `id` = 3606 AND `is_system` = 1 LIMIT 1   [ RunTime:0.0002s ]
SQL: SELECT * FROM `yk_vip` WHERE `id` = 3606 AND `is_system` = 1 LIMIT 1   [ RunTime:0.0002s ]
SQL: SHOW COLUMNS FROM `yk_mail` [ RunTime:0.0269s ]
SQL: INSERT INTO `yk_mail` (`to`,`name`,`subject`,`body`,`stime`,`ctime`,`status`) VALUES ('949257185@qq.com','逸康商城','【逸康商城】新订单，订单号：20170914170112-64，金额：680元，预设分销商:3606','<html>
									<head>
									<title>【逸康商城】新订单，订单号：20170914170112-64，金额：680元，预设分销商:3606</title>
									</head>
									<body>
									<table>
									<tr>
									<th>订单号: </th><td>20170914170112-64</td>
									</tr>
									<tr>
									<th>商品名: </th><td>恒压咽鼓管吹张器(成人型)</td>
									</tr>
									<tr>
									<th>预设分销商: </th><td>3606</td>
									</tr>
									<tr>
									<th>订单总额: </th><td>680元</td>
									</tr>
									<tr>
									<th>收货地址: </th><td>陕西省安康市汉滨区金州路双提巷银座商城16号</td>
									</tr>
									<tr>
									<th>收货人: </th><td>王珊珊</td>
									</tr>
									<tr>
									<th>收货电话: </th><td>18309152733</td>
									</tr>
									<tr>
									<th>支付时间: </th><td>2017-09-14 17:01:25</td>
									</tr>
									<tr>
									<th>下单时间: </th><td>2017-09-14 17:01:12</td>
									</tr>
									</table>
									</body>
									</html>','1505379686','1505379686','1') [ RunTime:0.0104s ]
SQL: SHOW COLUMNS FROM `yk_sms` [ RunTime:0.0131s ]
SQL: SELECT * FROM `yk_sms` LIMIT 1   [ RunTime:0.0012s ]
SQL: SHOW COLUMNS FROM `yk_wx_template` [ RunTime:0.0138s ]
SQL: SELECT * FROM `yk_wx_template` WHERE `templateidshort` = 'OPENTM200444326' LIMIT 1   [ RunTime:0.0069s ]
INFO: [ app_end ] --START--
INFO: Run Behavior\ShowPageTraceBehavior [ RunTime:0.000545s ]
INFO: [ app_end ] --END-- [ RunTime:0.000628s ]

[ 2017-09-14T17:34:22+08:00 ] 140.207.54.76 /Home/Wx/index/token/gzyikang2016?signature=6129d8eb135388cdb376b0aa38013aebc6cb44fc&timestamp=1505381663&nonce=1976196037&openid=omV0nwr7MltkzFwPL4NAj42UqZ5I
INFO: [ app_init ] --START--
INFO: Run Behavior\BuildLiteBehavior [ RunTime:0.000014s ]
INFO: [ app_init ] --END-- [ RunTime:0.000271s ]
INFO: [ app_begin ] --START--
INFO: Run Behavior\ReadHtmlCacheBehavior [ RunTime:0.000356s ]
INFO: [ app_begin ] --END-- [ RunTime:0.000395s ]
SQL: SHOW COLUMNS FROM `yk_shop_set` [ RunTime:0.0011s ]
SQL: SELECT * FROM `yk_shop_set` LIMIT 1   [ RunTime:0.0002s ]
SQL: SHOW COLUMNS FROM `yk_set` [ RunTime:0.0005s ]
SQL: SELECT * FROM `yk_set` LIMIT 1   [ RunTime:0.0001s ]
SQL: SHOW COLUMNS FROM `yk_vip` [ RunTime:0.0011s ]
SQL: SHOW COLUMNS FROM `yk_vip_message` [ RunTime:0.0004s ]
SQL: SHOW COLUMNS FROM `yk_vip_log_sub` [ RunTime:0.0005s ]
SQL: SHOW COLUMNS FROM `yk_employee` [ RunTime:0.0005s ]
SQL: SHOW COLUMNS FROM `yk_vip_set` [ RunTime:0.0006s ]
SQL: SELECT * FROM `yk_vip_set` LIMIT 1   [ RunTime:0.0001s ]
SQL: SELECT * FROM `yk_vip` WHERE `openid` = 'omV0nwr7MltkzFwPL4NAj42UqZ5I' LIMIT 1   [ RunTime:0.0003s ]
SQL: UPDATE `yk_vip` SET `subscribe`='1' WHERE `openid` = 'omV0nwr7MltkzFwPL4NAj42UqZ5I' [ RunTime:0.0002s ]
SQL: SELECT * FROM `yk_vip` WHERE ( id=1279 ) LIMIT 1   [ RunTime:0.0002s ]
SQL: INSERT INTO `yk_vip_log_sub` (`ppid`,`from`,`fromname`,`to`,`toname`,`issub`,`ctime`) VALUES ('1279','6686','','1279','','1','1505381662') [ RunTime:0.0078s ]
SQL: UPDATE `yk_vip` SET `total_xxsub`=total_xxsub+1 WHERE ( id=1279 ) [ RunTime:0.0002s ]
SQL: SHOW COLUMNS FROM `yk_upload_img` [ RunTime:0.0005s ]
SQL: SELECT * FROM `yk_upload_img` WHERE `id` = 167 LIMIT 1   [ RunTime:0.0001s ]
INFO: [ app_end ] --START--
INFO: Run Behavior\ShowPageTraceBehavior [ RunTime:0.000458s ]
INFO: [ app_end ] --END-- [ RunTime:0.000499s ]

[ 2017-09-14T17:34:25+08:00 ] 140.207.54.75 /Home/Wx/index/token/gzyikang2016?signature=b101250bf93230cd4d0185f7579e50ace59f60f3&timestamp=1505381666&nonce=15248814&openid=omV0nwr7MltkzFwPL4NAj42UqZ5I
INFO: [ app_init ] --START--
INFO: Run Behavior\BuildLiteBehavior [ RunTime:0.000013s ]
INFO: [ app_init ] --END-- [ RunTime:0.000287s ]
INFO: [ app_begin ] --START--
INFO: Run Behavior\ReadHtmlCacheBehavior [ RunTime:0.000323s ]
INFO: [ app_begin ] --END-- [ RunTime:0.000362s ]
SQL: SHOW COLUMNS FROM `yk_shop_set` [ RunTime:0.0010s ]
SQL: SELECT * FROM `yk_shop_set` LIMIT 1   [ RunTime:0.0002s ]
SQL: SHOW COLUMNS FROM `yk_set` [ RunTime:0.0004s ]
SQL: SELECT * FROM `yk_set` LIMIT 1   [ RunTime:0.0001s ]
SQL: SHOW COLUMNS FROM `yk_vip` [ RunTime:0.0010s ]
SQL: SHOW COLUMNS FROM `yk_vip_message` [ RunTime:0.0003s ]
SQL: SHOW COLUMNS FROM `yk_vip_log_sub` [ RunTime:0.0004s ]
SQL: SHOW COLUMNS FROM `yk_employee` [ RunTime:0.0004s ]
SQL: SHOW COLUMNS FROM `yk_vip_set` [ RunTime:0.0006s ]
SQL: SELECT * FROM `yk_vip_set` LIMIT 1   [ RunTime:0.0001s ]
INFO: [ app_end ] --START--
INFO: Run Behavior\ShowPageTraceBehavior [ RunTime:0.000378s ]
INFO: [ app_end ] --END-- [ RunTime:0.000421s ]

[ 2017-09-14T17:36:45+08:00 ] 140.207.54.75 /Home/Wx/index/token/gzyikang2016?signature=ed762def22cb6932937f0178c2ced9eef3ebd816&timestamp=1505381806&nonce=111657379&openid=omV0nwr7MltkzFwPL4NAj42UqZ5I
INFO: [ app_init ] --START--
INFO: Run Behavior\BuildLiteBehavior [ RunTime:0.000012s ]
INFO: [ app_init ] --END-- [ RunTime:0.000280s ]
INFO: [ app_begin ] --START--
INFO: Run Behavior\ReadHtmlCacheBehavior [ RunTime:0.000325s ]
INFO: [ app_begin ] --END-- [ RunTime:0.000363s ]
SQL: SHOW COLUMNS FROM `yk_shop_set` [ RunTime:0.0010s ]
SQL: SELECT * FROM `yk_shop_set` LIMIT 1   [ RunTime:0.0002s ]
SQL: SHOW COLUMNS FROM `yk_set` [ RunTime:0.0005s ]
SQL: SELECT * FROM `yk_set` LIMIT 1   [ RunTime:0.0001s ]
SQL: SHOW COLUMNS FROM `yk_vip` [ RunTime:0.0010s ]
SQL: SHOW COLUMNS FROM `yk_vip_message` [ RunTime:0.0003s ]
SQL: SHOW COLUMNS FROM `yk_vip_log_sub` [ RunTime:0.0004s ]
SQL: SHOW COLUMNS FROM `yk_employee` [ RunTime:0.0004s ]
SQL: SHOW COLUMNS FROM `yk_vip_set` [ RunTime:0.0006s ]
SQL: SELECT * FROM `yk_vip_set` LIMIT 1   [ RunTime:0.0001s ]
INFO: [ app_end ] --START--
INFO: Run Behavior\ShowPageTraceBehavior [ RunTime:0.000375s ]
INFO: [ app_end ] --END-- [ RunTime:0.000417s ]

[ 2017-09-14T18:04:30+08:00 ] 140.207.54.75 /Home/Wx/index/token/gzyikang2016?signature=4c0bb98135a9051118e03f0221176ed3751117e9&timestamp=1505383471&nonce=1252736641&openid=omV0nwiStxIkOh7-Ttm5fk-RQmfY
INFO: [ app_init ] --START--
INFO: Run Behavior\BuildLiteBehavior [ RunTime:0.000012s ]
INFO: [ app_init ] --END-- [ RunTime:0.000257s ]
INFO: [ app_begin ] --START--
INFO: Run Behavior\ReadHtmlCacheBehavior [ RunTime:0.000348s ]
INFO: [ app_begin ] --END-- [ RunTime:0.000389s ]
SQL: SHOW COLUMNS FROM `yk_shop_set` [ RunTime:0.0011s ]
SQL: SELECT * FROM `yk_shop_set` LIMIT 1   [ RunTime:0.0002s ]
SQL: SHOW COLUMNS FROM `yk_set` [ RunTime:0.0005s ]
SQL: SELECT * FROM `yk_set` LIMIT 1   [ RunTime:0.0001s ]
SQL: SHOW COLUMNS FROM `yk_vip` [ RunTime:0.0011s ]
SQL: SHOW COLUMNS FROM `yk_vip_message` [ RunTime:0.0004s ]
SQL: SHOW COLUMNS FROM `yk_vip_log_sub` [ RunTime:0.0004s ]
SQL: SHOW COLUMNS FROM `yk_employee` [ RunTime:0.0005s ]
SQL: SHOW COLUMNS FROM `yk_vip_set` [ RunTime:0.0006s ]
SQL: SELECT * FROM `yk_vip_set` LIMIT 1   [ RunTime:0.0001s ]
INFO: [ app_end ] --START--
INFO: Run Behavior\ShowPageTraceBehavior [ RunTime:0.000376s ]
INFO: [ app_end ] --END-- [ RunTime:0.000418s ]

[ 2017-09-14T18:04:55+08:00 ] 140.207.54.75 /Home/Wx/index/token/gzyikang2016?signature=eb8bf52f9170eb07f41039f24dde5f7e1e2b86a1&timestamp=1505383496&nonce=269405893&openid=omV0nwiEvJNc9Q9Fvn0eHE1dathU
INFO: [ app_init ] --START--
INFO: Run Behavior\BuildLiteBehavior [ RunTime:0.000012s ]
INFO: [ app_init ] --END-- [ RunTime:0.000263s ]
INFO: [ app_begin ] --START--
INFO: Run Behavior\ReadHtmlCacheBehavior [ RunTime:0.000346s ]
INFO: [ app_begin ] --END-- [ RunTime:0.000386s ]
SQL: SHOW COLUMNS FROM `yk_shop_set` [ RunTime:0.0010s ]
SQL: SELECT * FROM `yk_shop_set` LIMIT 1   [ RunTime:0.0002s ]
SQL: SHOW COLUMNS FROM `yk_set` [ RunTime:0.0005s ]
SQL: SELECT * FROM `yk_set` LIMIT 1   [ RunTime:0.0001s ]
SQL: SHOW COLUMNS FROM `yk_vip` [ RunTime:0.0010s ]
SQL: SHOW COLUMNS FROM `yk_vip_message` [ RunTime:0.0003s ]
SQL: SHOW COLUMNS FROM `yk_vip_log_sub` [ RunTime:0.0004s ]
SQL: SHOW COLUMNS FROM `yk_employee` [ RunTime:0.0005s ]
SQL: SHOW COLUMNS FROM `yk_vip_set` [ RunTime:0.0006s ]
SQL: SELECT * FROM `yk_vip_set` LIMIT 1   [ RunTime:0.0002s ]
SQL: SELECT * FROM `yk_vip` WHERE `openid` = 'omV0nwiEvJNc9Q9Fvn0eHE1dathU' LIMIT 1   [ RunTime:0.0003s ]
SQL: UPDATE `yk_vip` SET `subscribe`='1' WHERE `openid` = 'omV0nwiEvJNc9Q9Fvn0eHE1dathU' [ RunTime:0.0002s ]
SQL: SELECT * FROM `yk_vip` WHERE ( id=3701 ) LIMIT 1   [ RunTime:0.0150s ]
SQL: INSERT INTO `yk_vip_log_sub` (`ppid`,`from`,`fromname`,`to`,`toname`,`issub`,`ctime`) VALUES ('3701','6675','心静如冰','3701','','1','1505383495') [ RunTime:0.0002s ]
SQL: UPDATE `yk_vip` SET `total_xxsub`=total_xxsub+1 WHERE ( id=3701 ) [ RunTime:0.0001s ]
SQL: SHOW COLUMNS FROM `yk_upload_img` [ RunTime:0.0004s ]
SQL: SELECT * FROM `yk_upload_img` WHERE `id` = 167 LIMIT 1   [ RunTime:0.0001s ]
INFO: [ app_end ] --START--
INFO: Run Behavior\ShowPageTraceBehavior [ RunTime:0.000393s ]
INFO: [ app_end ] --END-- [ RunTime:0.000433s ]

[ 2017-09-14T18:07:59+08:00 ] 140.207.54.75 /Home/Wx/index/token/gzyikang2016?signature=02d707524541f0dfcedfbf5908928d134a3499b0&timestamp=1505383680&nonce=452912976&openid=omV0nwiEvJNc9Q9Fvn0eHE1dathU
INFO: [ app_init ] --START--
INFO: Run Behavior\BuildLiteBehavior [ RunTime:0.000012s ]
INFO: [ app_init ] --END-- [ RunTime:0.000258s ]
INFO: [ app_begin ] --START--
INFO: Run Behavior\ReadHtmlCacheBehavior [ RunTime:0.000343s ]
INFO: [ app_begin ] --END-- [ RunTime:0.000383s ]
SQL: SHOW COLUMNS FROM `yk_shop_set` [ RunTime:0.0010s ]
SQL: SELECT * FROM `yk_shop_set` LIMIT 1   [ RunTime:0.0002s ]
SQL: SHOW COLUMNS FROM `yk_set` [ RunTime:0.0005s ]
SQL: SELECT * FROM `yk_set` LIMIT 1   [ RunTime:0.0001s ]
SQL: SHOW COLUMNS FROM `yk_vip` [ RunTime:0.0011s ]
SQL: SHOW COLUMNS FROM `yk_vip_message` [ RunTime:0.0004s ]
SQL: SHOW COLUMNS FROM `yk_vip_log_sub` [ RunTime:0.0004s ]
SQL: SHOW COLUMNS FROM `yk_employee` [ RunTime:0.0005s ]
SQL: SHOW COLUMNS FROM `yk_vip_set` [ RunTime:0.0007s ]
SQL: SELECT * FROM `yk_vip_set` LIMIT 1   [ RunTime:0.0001s ]
INFO: [ app_end ] --START--
INFO: Run Behavior\ShowPageTraceBehavior [ RunTime:0.000367s ]
INFO: [ app_end ] --END-- [ RunTime:0.000410s ]

[ 2017-09-14T18:39:24+08:00 ] 140.207.54.75 /Home/Wx/index/token/gzyikang2016?signature=dd8f905bc875bf4e88d12b9ff18d368efc0c55cc&timestamp=1505385565&nonce=1973286410&openid=omV0nwgFq61xd0R30GjI0lIBGGEY
INFO: [ app_init ] --START--
INFO: Run Behavior\BuildLiteBehavior [ RunTime:0.000032s ]
INFO: [ app_init ] --END-- [ RunTime:0.000282s ]
INFO: [ app_begin ] --START--
INFO: Run Behavior\ReadHtmlCacheBehavior [ RunTime:0.000325s ]
INFO: [ app_begin ] --END-- [ RunTime:0.000362s ]
SQL: SHOW COLUMNS FROM `yk_shop_set` [ RunTime:0.0010s ]
SQL: SELECT * FROM `yk_shop_set` LIMIT 1   [ RunTime:0.0002s ]
SQL: SHOW COLUMNS FROM `yk_set` [ RunTime:0.0005s ]
SQL: SELECT * FROM `yk_set` LIMIT 1   [ RunTime:0.0001s ]
SQL: SHOW COLUMNS FROM `yk_vip` [ RunTime:0.0010s ]
SQL: SHOW COLUMNS FROM `yk_vip_message` [ RunTime:0.0186s ]
SQL: SHOW COLUMNS FROM `yk_vip_log_sub` [ RunTime:0.0005s ]
SQL: SHOW COLUMNS FROM `yk_employee` [ RunTime:0.0006s ]
SQL: SHOW COLUMNS FROM `yk_vip_set` [ RunTime:0.0006s ]
SQL: SELECT * FROM `yk_vip_set` LIMIT 1   [ RunTime:0.0002s ]
SQL: SELECT * FROM `yk_vip` WHERE `openid` = 'omV0nwgFq61xd0R30GjI0lIBGGEY' LIMIT 1   [ RunTime:0.0003s ]
SQL: UPDATE `yk_vip` SET `subscribe`='1' WHERE `openid` = 'omV0nwgFq61xd0R30GjI0lIBGGEY' [ RunTime:0.0002s ]
SQL: SELECT * FROM `yk_vip` WHERE ( id=1117 ) LIMIT 1   [ RunTime:0.0002s ]
SQL: INSERT INTO `yk_vip_log_sub` (`ppid`,`from`,`fromname`,`to`,`toname`,`issub`,`ctime`) VALUES ('1117','6690','戚傲成','1117','','1','1505385564') [ RunTime:0.0002s ]
SQL: UPDATE `yk_vip` SET `total_xxsub`=total_xxsub+1 WHERE ( id=1117 ) [ RunTime:0.0001s ]
SQL: SHOW COLUMNS FROM `yk_upload_img` [ RunTime:0.0004s ]
SQL: SELECT * FROM `yk_upload_img` WHERE `id` = 167 LIMIT 1   [ RunTime:0.0001s ]
INFO: [ app_end ] --START--
INFO: Run Behavior\ShowPageTraceBehavior [ RunTime:0.000460s ]
INFO: [ app_end ] --END-- [ RunTime:0.000502s ]

[ 2017-09-14T19:15:35+08:00 ] 140.207.54.75 /Home/Wx/index/token/gzyikang2016?signature=99d4a4e61ba48d63c7eef604e524da338f0f43c7&timestamp=1505387735&nonce=1664709361&openid=omV0nwrTp_D1JMscsG9zCvuc-9Lw
INFO: [ app_init ] --START--
INFO: Run Behavior\BuildLiteBehavior [ RunTime:0.000013s ]
INFO: [ app_init ] --END-- [ RunTime:0.000266s ]
INFO: [ app_begin ] --START--
INFO: Run Behavior\ReadHtmlCacheBehavior [ RunTime:0.000331s ]
INFO: [ app_begin ] --END-- [ RunTime:0.000369s ]
SQL: SHOW COLUMNS FROM `yk_shop_set` [ RunTime:0.0011s ]
SQL: SELECT * FROM `yk_shop_set` LIMIT 1   [ RunTime:0.0002s ]
SQL: SHOW COLUMNS FROM `yk_set` [ RunTime:0.0006s ]
SQL: SELECT * FROM `yk_set` LIMIT 1   [ RunTime:0.0001s ]
SQL: SHOW COLUMNS FROM `yk_vip` [ RunTime:0.0011s ]
SQL: SHOW COLUMNS FROM `yk_vip_message` [ RunTime:0.0004s ]
SQL: SHOW COLUMNS FROM `yk_vip_log_sub` [ RunTime:0.0004s ]
SQL: SHOW COLUMNS FROM `yk_employee` [ RunTime:0.0005s ]
SQL: SHOW COLUMNS FROM `yk_vip_set` [ RunTime:0.0006s ]
SQL: SELECT * FROM `yk_vip_set` LIMIT 1   [ RunTime:0.0001s ]
INFO: [ app_end ] --START--
INFO: Run Behavior\ShowPageTraceBehavior [ RunTime:0.000398s ]
INFO: [ app_end ] --END-- [ RunTime:0.000441s ]

[ 2017-09-14T21:15:12+08:00 ] 140.207.54.75 /Home/Wx/index/token/gzyikang2016?signature=b9b6c30e4604a8ec3bfb0171b6bd388231485dac&timestamp=1505394913&nonce=66838706&openid=omV0nwsgnwmCDxQ2QBdLrlcraaAU
INFO: [ app_init ] --START--
INFO: Run Behavior\BuildLiteBehavior [ RunTime:0.000013s ]
INFO: [ app_init ] --END-- [ RunTime:0.000284s ]
INFO: [ app_begin ] --START--
INFO: Run Behavior\ReadHtmlCacheBehavior [ RunTime:0.000325s ]
INFO: [ app_begin ] --END-- [ RunTime:0.000364s ]
SQL: SHOW COLUMNS FROM `yk_shop_set` [ RunTime:0.0010s ]
SQL: SELECT * FROM `yk_shop_set` LIMIT 1   [ RunTime:0.0002s ]
SQL: SHOW COLUMNS FROM `yk_set` [ RunTime:0.0004s ]
SQL: SELECT * FROM `yk_set` LIMIT 1   [ RunTime:0.0001s ]
SQL: SHOW COLUMNS FROM `yk_vip` [ RunTime:0.0009s ]
SQL: SHOW COLUMNS FROM `yk_vip_message` [ RunTime:0.0004s ]
SQL: SHOW COLUMNS FROM `yk_vip_log_sub` [ RunTime:0.0005s ]
SQL: SHOW COLUMNS FROM `yk_employee` [ RunTime:0.0005s ]
SQL: SHOW COLUMNS FROM `yk_vip_set` [ RunTime:0.0005s ]
SQL: SELECT * FROM `yk_vip_set` LIMIT 1   [ RunTime:0.0002s ]
SQL: SELECT * FROM `yk_vip` WHERE `openid` = 'omV0nwsgnwmCDxQ2QBdLrlcraaAU' LIMIT 1   [ RunTime:0.0003s ]
SQL: UPDATE `yk_vip` SET `subscribe`='1' WHERE `openid` = 'omV0nwsgnwmCDxQ2QBdLrlcraaAU' [ RunTime:0.0002s ]
SQL: SELECT * FROM `yk_vip` WHERE ( id=1267 ) LIMIT 1   [ RunTime:0.0002s ]
SQL: INSERT INTO `yk_vip_log_sub` (`ppid`,`from`,`fromname`,`to`,`toname`,`issub`,`ctime`) VALUES ('1267','6692','菜菜','1267','','1','1505394912') [ RunTime:0.0002s ]
SQL: UPDATE `yk_vip` SET `total_xxsub`=total_xxsub+1 WHERE ( id=1267 ) [ RunTime:0.0001s ]
SQL: SHOW COLUMNS FROM `yk_upload_img` [ RunTime:0.0004s ]
SQL: SELECT * FROM `yk_upload_img` WHERE `id` = 167 LIMIT 1   [ RunTime:0.0001s ]
INFO: [ app_end ] --START--
INFO: Run Behavior\ShowPageTraceBehavior [ RunTime:0.000398s ]
INFO: [ app_end ] --END-- [ RunTime:0.000439s ]

[ 2017-09-14T21:15:17+08:00 ] 140.207.54.75 /Home/Wx/index/token/gzyikang2016?signature=fbd368926c8c08059fb978a7ffdd01061fa6087c&timestamp=1505394918&nonce=363516894&openid=omV0nwsgnwmCDxQ2QBdLrlcraaAU
INFO: [ app_init ] --START--
INFO: Run Behavior\BuildLiteBehavior [ RunTime:0.000012s ]
INFO: [ app_init ] --END-- [ RunTime:0.000266s ]
INFO: [ app_begin ] --START--
INFO: Run Behavior\ReadHtmlCacheBehavior [ RunTime:0.000354s ]
INFO: [ app_begin ] --END-- [ RunTime:0.000394s ]
SQL: SHOW COLUMNS FROM `yk_shop_set` [ RunTime:0.0010s ]
SQL: SELECT * FROM `yk_shop_set` LIMIT 1   [ RunTime:0.0002s ]
SQL: SHOW COLUMNS FROM `yk_set` [ RunTime:0.0004s ]
SQL: SELECT * FROM `yk_set` LIMIT 1   [ RunTime:0.0001s ]
SQL: SHOW COLUMNS FROM `yk_vip` [ RunTime:0.0010s ]
SQL: SHOW COLUMNS FROM `yk_vip_message` [ RunTime:0.0003s ]
SQL: SHOW COLUMNS FROM `yk_vip_log_sub` [ RunTime:0.0004s ]
SQL: SHOW COLUMNS FROM `yk_employee` [ RunTime:0.0006s ]
SQL: SHOW COLUMNS FROM `yk_vip_set` [ RunTime:0.0006s ]
SQL: SELECT * FROM `yk_vip_set` LIMIT 1   [ RunTime:0.0002s ]
INFO: [ app_end ] --START--
INFO: Run Behavior\ShowPageTraceBehavior [ RunTime:0.000374s ]
INFO: [ app_end ] --END-- [ RunTime:0.000418s ]

[ 2017-09-14T22:00:51+08:00 ] 140.207.54.80 /Home/Wx/index/token/gzyikang2016?signature=2e4e630e10e3b32b5eb78b68d4079988f4fb4378&timestamp=1505397651&nonce=409801258&openid=omV0nwnpJS59-j9U54Ev8-JkuRMY
INFO: [ app_init ] --START--
INFO: Run Behavior\BuildLiteBehavior [ RunTime:0.000012s ]
INFO: [ app_init ] --END-- [ RunTime:0.000260s ]
INFO: [ app_begin ] --START--
INFO: Run Behavior\ReadHtmlCacheBehavior [ RunTime:0.000328s ]
INFO: [ app_begin ] --END-- [ RunTime:0.000369s ]
SQL: SHOW COLUMNS FROM `yk_shop_set` [ RunTime:0.0011s ]
SQL: SELECT * FROM `yk_shop_set` LIMIT 1   [ RunTime:0.0002s ]
SQL: SHOW COLUMNS FROM `yk_set` [ RunTime:0.0005s ]
SQL: SELECT * FROM `yk_set` LIMIT 1   [ RunTime:0.0001s ]
SQL: SHOW COLUMNS FROM `yk_vip` [ RunTime:0.0011s ]
SQL: SHOW COLUMNS FROM `yk_vip_message` [ RunTime:0.0004s ]
SQL: SHOW COLUMNS FROM `yk_vip_log_sub` [ RunTime:0.0004s ]
SQL: SHOW COLUMNS FROM `yk_employee` [ RunTime:0.0005s ]
SQL: SHOW COLUMNS FROM `yk_vip_set` [ RunTime:0.0006s ]
SQL: SELECT * FROM `yk_vip_set` LIMIT 1   [ RunTime:0.0001s ]
SQL: SELECT * FROM `yk_vip` WHERE `openid` = 'omV0nwnpJS59-j9U54Ev8-JkuRMY' LIMIT 1   [ RunTime:0.0084s ]
SQL: SELECT * FROM `yk_vip_set` LIMIT 1   [ RunTime:0.0003s ]
SQL: SELECT * FROM `yk_employee` WHERE `weight` > 0  [ RunTime:0.0003s ]
SQL: SELECT SUM(weight) AS tp_sum FROM `yk_employee` WHERE `weight` > 0 LIMIT 1   [ RunTime:0.0002s ]
SQL: INSERT INTO `yk_vip` (`subscribe`,`openid`,`nickname`,`sex`,`language`,`city`,`province`,`country`,`headimgurl`,`subscribe_time`,`remark`,`score`,`exp`,`cur_exp`,`levelid`,`cctime`,`ctime`,`pid`,`path`,`plv`,`employee`) VALUES ('1','omV0nwnpJS59-j9U54Ev8-JkuRMY','🐯郑艳芳🌺','2','zh_CN','郑州','河南','中国','http://wx.qlogo.cn/mmopen/ibicIPFsHMAky8SFaNDawFlpkkKcktzoJePAgPZMQyjCnTC4fUS6NpgSH1s7wapyjvbzpzdjA7VfnQyCiaMEYHe6tjeSZ2cZlMW/0','1505397651','','100','20','20','1','1505397651','1505397651','0','0','1','0') [ RunTime:0.0004s ]
SQL: SHOW COLUMNS FROM `yk_vip_log` [ RunTime:0.0007s ]
SQL: INSERT INTO `yk_vip_log` (`ip`,`vipid`,`ctime`,`openid`,`nickname`,`event`,`score`,`exp`,`type`) VALUES ('wechat','6693','1505397651','omV0nwnpJS59-j9U54Ev8-JkuRMY','🐯郑艳芳🌺','会员注册','100','20','4') [ RunTime:0.0001s ]
SQL: INSERT INTO `yk_vip_log_sub` (`ppid`,`from`,`fromname`,`to`,`toname`,`issub`,`ctime`) VALUES ('0','6693','🐯郑艳芳🌺','0','逸康商城','1','1505397651') [ RunTime:0.0002s ]
SQL: SELECT * FROM `yk_vip` WHERE `id` = 0 LIMIT 1   [ RunTime:0.0002s ]
SQL: SHOW COLUMNS FROM `yk_upload_img` [ RunTime:0.0004s ]
SQL: SELECT * FROM `yk_upload_img` WHERE `id` = 167 LIMIT 1   [ RunTime:0.0001s ]
INFO: [ app_end ] --START--
INFO: Run Behavior\ShowPageTraceBehavior [ RunTime:0.000502s ]
INFO: [ app_end ] --END-- [ RunTime:0.000545s ]

[ 2017-09-14T22:42:14+08:00 ] 140.207.54.75 /Home/Wx/index/token/gzyikang2016?signature=206b712c62a8f7ba3ca269f1f44f38bdf6ad2d5d&timestamp=1505400134&nonce=1609263723&openid=omV0nwlQwNZ5b0JhvXMfTSVx5tQU
INFO: [ app_init ] --START--
INFO: Run Behavior\BuildLiteBehavior [ RunTime:0.000012s ]
INFO: [ app_init ] --END-- [ RunTime:0.000295s ]
INFO: [ app_begin ] --START--
INFO: Run Behavior\ReadHtmlCacheBehavior [ RunTime:0.000328s ]
INFO: [ app_begin ] --END-- [ RunTime:0.000366s ]
SQL: SHOW COLUMNS FROM `yk_shop_set` [ RunTime:0.0011s ]
SQL: SELECT * FROM `yk_shop_set` LIMIT 1   [ RunTime:0.0002s ]
SQL: SHOW COLUMNS FROM `yk_set` [ RunTime:0.0005s ]
SQL: SELECT * FROM `yk_set` LIMIT 1   [ RunTime:0.0001s ]
SQL: SHOW COLUMNS FROM `yk_vip` [ RunTime:0.0011s ]
SQL: SHOW COLUMNS FROM `yk_vip_message` [ RunTime:0.0004s ]
SQL: SHOW COLUMNS FROM `yk_vip_log_sub` [ RunTime:0.0004s ]
SQL: SHOW COLUMNS FROM `yk_employee` [ RunTime:0.0005s ]
SQL: SHOW COLUMNS FROM `yk_vip_set` [ RunTime:0.0006s ]
SQL: SELECT * FROM `yk_vip_set` LIMIT 1   [ RunTime:0.0001s ]
SQL: SELECT * FROM `yk_vip` WHERE `openid` = 'omV0nwlQwNZ5b0JhvXMfTSVx5tQU' LIMIT 1   [ RunTime:0.0196s ]
SQL: SELECT * FROM `yk_vip_set` LIMIT 1   [ RunTime:0.0003s ]
SQL: SELECT * FROM `yk_employee` WHERE `weight` > 0  [ RunTime:0.0002s ]
SQL: SELECT SUM(weight) AS tp_sum FROM `yk_employee` WHERE `weight` > 0 LIMIT 1   [ RunTime:0.0002s ]
SQL: INSERT INTO `yk_vip` (`subscribe`,`openid`,`nickname`,`sex`,`language`,`city`,`province`,`country`,`headimgurl`,`subscribe_time`,`remark`,`score`,`exp`,`cur_exp`,`levelid`,`cctime`,`ctime`,`pid`,`path`,`plv`,`employee`) VALUES ('1','omV0nwlQwNZ5b0JhvXMfTSVx5tQU','黄鹂','1','zh_CN','','','百慕大','http://wx.qlogo.cn/mmopen/6NzMNMwu8Ttr5W2XLmMDFtVECAs2H3XMnIOqcoDcVYcXL26BZ2AUKPV1BRqb6wngbrz5yWdWKicAaqQvT08kRpEv5WW8OzfE5/0','1505400134','','100','20','20','1','1505400134','1505400134','0','0','1','0') [ RunTime:0.0004s ]
SQL: SHOW COLUMNS FROM `yk_vip_log` [ RunTime:0.0007s ]
SQL: INSERT INTO `yk_vip_log` (`ip`,`vipid`,`ctime`,`openid`,`nickname`,`event`,`score`,`exp`,`type`) VALUES ('wechat','6694','1505400134','omV0nwlQwNZ5b0JhvXMfTSVx5tQU','黄鹂','会员注册','100','20','4') [ RunTime:0.0001s ]
SQL: INSERT INTO `yk_vip_log_sub` (`ppid`,`from`,`fromname`,`to`,`toname`,`issub`,`ctime`) VALUES ('0','6694','黄鹂','0','逸康商城','1','1505400134') [ RunTime:0.0001s ]
SQL: SELECT * FROM `yk_vip` WHERE `id` = 0 LIMIT 1   [ RunTime:0.0002s ]
SQL: SHOW COLUMNS FROM `yk_upload_img` [ RunTime:0.0004s ]
SQL: SELECT * FROM `yk_upload_img` WHERE `id` = 167 LIMIT 1   [ RunTime:0.0001s ]
INFO: [ app_end ] --START--
INFO: Run Behavior\ShowPageTraceBehavior [ RunTime:0.000515s ]
INFO: [ app_end ] --END-- [ RunTime:0.000558s ]

[ 2017-09-14T23:16:26+08:00 ] 140.207.54.79 /Home/Wx/index/token/gzyikang2016?signature=43ae3e32a922f54a3f173b79eb90dc75de4ffa2e&timestamp=1505402187&nonce=1533509276&openid=omV0nwpcfoirD-BOweOEsTGC3ozM
INFO: [ app_init ] --START--
INFO: Run Behavior\BuildLiteBehavior [ RunTime:0.000013s ]
INFO: [ app_init ] --END-- [ RunTime:0.000322s ]
INFO: [ app_begin ] --START--
INFO: Run Behavior\ReadHtmlCacheBehavior [ RunTime:0.000348s ]
INFO: [ app_begin ] --END-- [ RunTime:0.000388s ]
SQL: SHOW COLUMNS FROM `yk_shop_set` [ RunTime:0.0011s ]
SQL: SELECT * FROM `yk_shop_set` LIMIT 1   [ RunTime:0.0002s ]
SQL: SHOW COLUMNS FROM `yk_set` [ RunTime:0.0005s ]
SQL: SELECT * FROM `yk_set` LIMIT 1   [ RunTime:0.0001s ]
SQL: SHOW COLUMNS FROM `yk_vip` [ RunTime:0.0014s ]
SQL: SHOW COLUMNS FROM `yk_vip_message` [ RunTime:0.0007s ]
SQL: SHOW COLUMNS FROM `yk_vip_log_sub` [ RunTime:0.0007s ]
SQL: SHOW COLUMNS FROM `yk_employee` [ RunTime:0.0005s ]
SQL: SHOW COLUMNS FROM `yk_vip_set` [ RunTime:0.0006s ]
SQL: SELECT * FROM `yk_vip_set` LIMIT 1   [ RunTime:0.0001s ]
INFO: [ app_end ] --START--
INFO: Run Behavior\ShowPageTraceBehavior [ RunTime:0.000380s ]
INFO: [ app_end ] --END-- [ RunTime:0.000423s ]

[ 2017-09-14T23:17:19+08:00 ] 140.207.54.79 /Home/Wx/index/token/gzyikang2016?signature=f38a0e38809debe568d6cfdbe8890747b5c58365&timestamp=1505402240&nonce=434778892&openid=omV0nwpcfoirD-BOweOEsTGC3ozM
INFO: [ app_init ] --START--
INFO: Run Behavior\BuildLiteBehavior [ RunTime:0.000012s ]
INFO: [ app_init ] --END-- [ RunTime:0.000258s ]
INFO: [ app_begin ] --START--
INFO: Run Behavior\ReadHtmlCacheBehavior [ RunTime:0.000325s ]
INFO: [ app_begin ] --END-- [ RunTime:0.000364s ]
SQL: SHOW COLUMNS FROM `yk_shop_set` [ RunTime:0.0010s ]
SQL: SELECT * FROM `yk_shop_set` LIMIT 1   [ RunTime:0.0002s ]
SQL: SHOW COLUMNS FROM `yk_set` [ RunTime:0.0005s ]
SQL: SELECT * FROM `yk_set` LIMIT 1   [ RunTime:0.0001s ]
SQL: SHOW COLUMNS FROM `yk_vip` [ RunTime:0.0010s ]
SQL: SHOW COLUMNS FROM `yk_vip_message` [ RunTime:0.0004s ]
SQL: SHOW COLUMNS FROM `yk_vip_log_sub` [ RunTime:0.0004s ]
SQL: SHOW COLUMNS FROM `yk_employee` [ RunTime:0.0004s ]
SQL: SHOW COLUMNS FROM `yk_vip_set` [ RunTime:0.0006s ]
SQL: SELECT * FROM `yk_vip_set` LIMIT 1   [ RunTime:0.0001s ]
INFO: [ app_end ] --START--
INFO: Run Behavior\ShowPageTraceBehavior [ RunTime:0.000364s ]
INFO: [ app_end ] --END-- [ RunTime:0.000406s ]

