[ 2016-11-30T14:12:43+08:00 ] 180.153.206.18 /APP/BASEOA/INDEX?CODE=011RU9HU1LK2UA0ZOWIU1XXNHU1RU9HP&STATE=1
INFO: [ app_init ] --START--
INFO: Run Behavior\BuildLiteBehavior [ RunTime:0.000013s ]
INFO: [ app_init ] --END-- [ RunTime:0.000260s ]
ERR: 无法加载模块:APP

[ 2016-11-30T14:12:44+08:00 ] 112.65.193.13 /APP/SHOP/INDEX/PPID/2494
INFO: [ app_init ] --START--
INFO: Run Behavior\BuildLiteBehavior [ RunTime:0.000013s ]
INFO: [ app_init ] --END-- [ RunTime:0.000263s ]
ERR: 无法加载模块:APP

[ 2016-11-30T14:13:50+08:00 ] 101.226.33.226 /APP/SHOP/CATEGORY/TYPE/0
INFO: [ app_init ] --START--
INFO: Run Behavior\BuildLiteBehavior [ RunTime:0.000012s ]
INFO: [ app_init ] --END-- [ RunTime:0.000262s ]
ERR: 无法加载模块:APP

[ 2016-11-30T14:13:54+08:00 ] 180.153.214.198 /APP/SHOP/GOODS/SID/0/ID/18/PPID/2494
INFO: [ app_init ] --START--
INFO: Run Behavior\BuildLiteBehavior [ RunTime:0.000013s ]
INFO: [ app_init ] --END-- [ RunTime:0.000259s ]
ERR: 无法加载模块:APP

[ 2016-11-30T16:17:11+08:00 ] 117.185.27.114 /ADMIN/PUBLIC/VERIFY
INFO: [ app_init ] --START--
INFO: Run Behavior\BuildLiteBehavior [ RunTime:0.000014s ]
INFO: [ app_init ] --END-- [ RunTime:0.000285s ]
ERR: 无法加载模块:ADMIN

[ 2016-11-30T16:17:11+08:00 ] 101.226.79.182 /ADMIN/PUBLIC/VERIFY
INFO: [ app_init ] --START--
INFO: Run Behavior\BuildLiteBehavior [ RunTime:0.000011s ]
INFO: [ app_init ] --END-- [ RunTime:0.004319s ]
ERR: 无法加载模块:ADMIN

[ 2016-11-30T16:17:16+08:00 ] 101.226.89.122 /ADMIN
INFO: [ app_init ] --START--
INFO: Run Behavior\BuildLiteBehavior [ RunTime:0.000012s ]
INFO: [ app_init ] --END-- [ RunTime:0.000260s ]
ERR: 无法加载模块:ADMIN

[ 2016-11-30T16:17:19+08:00 ] 101.226.51.229 /ADMIN/PUBLIC/LOGIN
INFO: [ app_init ] --START--
INFO: Run Behavior\BuildLiteBehavior [ RunTime:0.000014s ]
INFO: [ app_init ] --END-- [ RunTime:0.000283s ]
ERR: 无法加载模块:ADMIN

[ 2016-11-30T16:17:21+08:00 ] 180.153.214.182 /ADMIN/PUBLIC/VERIFY
INFO: [ app_init ] --START--
INFO: Run Behavior\BuildLiteBehavior [ RunTime:0.000013s ]
INFO: [ app_init ] --END-- [ RunTime:0.000284s ]
ERR: 无法加载模块:ADMIN

[ 2016-11-30T16:17:28+08:00 ] 140.207.185.109 /ADMIN/INDEX/MAIN
INFO: [ app_init ] --START--
INFO: Run Behavior\BuildLiteBehavior [ RunTime:0.000012s ]
INFO: [ app_init ] --END-- [ RunTime:0.000261s ]
ERR: 无法加载模块:ADMIN

[ 2016-11-30T16:17:28+08:00 ] 101.226.33.203 /ADMIN/INDEX/INDEX
INFO: [ app_init ] --START--
INFO: Run Behavior\BuildLiteBehavior [ RunTime:0.000013s ]
INFO: [ app_init ] --END-- [ RunTime:0.000293s ]
ERR: 无法加载模块:ADMIN

[ 2016-11-30T16:17:36+08:00 ] 140.207.185.107 /ADMIN/SHOP/ORDER
INFO: [ app_init ] --START--
INFO: Run Behavior\BuildLiteBehavior [ RunTime:0.000015s ]
INFO: [ app_init ] --END-- [ RunTime:0.000300s ]
ERR: 无法加载模块:ADMIN

[ 2016-11-30T16:17:55+08:00 ] 101.226.33.238 /ADMIN/SHOP/ORDER/STATUS/2
INFO: [ app_init ] --START--
INFO: Run Behavior\BuildLiteBehavior [ RunTime:0.000016s ]
INFO: [ app_init ] --END-- [ RunTime:0.000294s ]
ERR: 无法加载模块:ADMIN

[ 2016-11-30T16:31:20+08:00 ] 140.207.185.107 /APP/SHOP/ORDERMAKE/SID/0/LASTURL/L0FWCC9TAG9WL2DVB2RZL2LKLZE4
INFO: [ app_init ] --START--
INFO: Run Behavior\BuildLiteBehavior [ RunTime:0.000013s ]
INFO: [ app_init ] --END-- [ RunTime:0.000260s ]
ERR: 无法加载模块:APP

[ 2016-11-30T16:32:27+08:00 ] 112.65.193.15 /APP/SHOP/PAY/SID/0/ORDERID/56
INFO: [ app_init ] --START--
INFO: Run Behavior\BuildLiteBehavior [ RunTime:0.000013s ]
INFO: [ app_init ] --END-- [ RunTime:0.000262s ]
ERR: 无法加载模块:APP

[ 2016-11-30T16:32:59+08:00 ] 180.153.163.190 /APP/SHOP/ORDERLIST/SID/0
INFO: [ app_init ] --START--
INFO: Run Behavior\BuildLiteBehavior [ RunTime:0.000014s ]
INFO: [ app_init ] --END-- [ RunTime:0.000259s ]
ERR: 无法加载模块:APP

[ 2016-11-30T16:33:00+08:00 ] 180.153.160.24 /HOME/WX/INDEX/TOKEN/GZYIKANG2016
INFO: [ app_init ] --START--
INFO: Run Behavior\BuildLiteBehavior [ RunTime:0.000013s ]
INFO: [ app_init ] --END-- [ RunTime:0.000267s ]
ERR: 无法加载模块:HOME

[ 2016-11-30T16:33:10+08:00 ] 180.153.214.191 /APP/SHOP/ORDERDETAIL/SID/0/ORDERID/56
INFO: [ app_init ] --START--
INFO: Run Behavior\BuildLiteBehavior [ RunTime:0.000013s ]
INFO: [ app_init ] --END-- [ RunTime:0.000285s ]
ERR: 无法加载模块:APP

[ 2016-11-30T16:38:16+08:00 ] 117.185.27.114 /APP/SHOP/GOODS/PPID/2494/ID/18?FROM=SINGLEMESSAGE&ISAPPINSTALLED=0
INFO: [ app_init ] --START--
INFO: Run Behavior\BuildLiteBehavior [ RunTime:0.000013s ]
INFO: [ app_init ] --END-- [ RunTime:0.000286s ]
ERR: 无法加载模块:APP

[ 2016-11-30T16:50:44+08:00 ] 180.153.214.176 /APP/SHOP/INDEX/PPID/7?FROM=SINGLEMESSAGE
INFO: [ app_init ] --START--
INFO: Run Behavior\BuildLiteBehavior [ RunTime:0.000013s ]
INFO: [ app_init ] --END-- [ RunTime:0.000271s ]
ERR: 无法加载模块:APP

[ 2016-11-30T16:50:52+08:00 ] 117.185.27.114 /APP/SHOP/INDEX/PPID/2495
INFO: [ app_init ] --START--
INFO: Run Behavior\BuildLiteBehavior [ RunTime:0.000014s ]
INFO: [ app_init ] --END-- [ RunTime:0.000342s ]
ERR: 无法加载模块:APP

[ 2016-11-30T16:50:57+08:00 ] 61.151.228.22 /APP/BASEOA/INDEX?CODE=031O7FOA07PTCC2PNOPA0DAOOA0O7FOJ&STATE=1
INFO: [ app_init ] --START--
INFO: Run Behavior\BuildLiteBehavior [ RunTime:0.000013s ]
INFO: [ app_init ] --END-- [ RunTime:0.000282s ]
ERR: 无法加载模块:APP

[ 2016-11-30T16:51:12+08:00 ] 101.226.89.123 /APP/BASEOA/INDEX?CODE=001LIIGR1NSDPP0HOBER13WNGR1LIIGS&STATE=1
INFO: [ app_init ] --START--
INFO: Run Behavior\BuildLiteBehavior [ RunTime:0.000013s ]
INFO: [ app_init ] --END-- [ RunTime:0.000271s ]
ERR: 无法加载模块:APP

[ 2016-11-30T16:51:12+08:00 ] 101.226.33.216 /APP/BASEOA/INDEX?CODE=001LIIGR1NSDPP0HOBER13WNGR1LIIGS&STATE=1
INFO: [ app_init ] --START--
INFO: Run Behavior\BuildLiteBehavior [ RunTime:0.000013s ]
INFO: [ app_init ] --END-- [ RunTime:0.000275s ]
ERR: 无法加载模块:APP

[ 2016-11-30T16:51:17+08:00 ] 180.153.214.188 /APP/BASEOA/INDEX?CODE=001LIIGR1NSDPP0HOBER13WNGR1LIIGS&STATE=1
INFO: [ app_init ] --START--
INFO: Run Behavior\BuildLiteBehavior [ RunTime:0.000013s ]
INFO: [ app_init ] --END-- [ RunTime:0.000281s ]
ERR: 无法加载模块:APP

[ 2016-11-30T16:51:20+08:00 ] 101.226.33.217 /APP/BASEOA/INDEX?CODE=001LIIGR1NSDPP0HOBER13WNGR1LIIGS&STATE=1
INFO: [ app_init ] --START--
INFO: Run Behavior\BuildLiteBehavior [ RunTime:0.000012s ]
INFO: [ app_init ] --END-- [ RunTime:0.000258s ]
ERR: 无法加载模块:APP

[ 2016-11-30T16:51:34+08:00 ] 101.226.33.224 /APP/BASEOA/INDEX?CODE=001LIIGR1NSDPP0HOBER13WNGR1LIIGS&STATE=1
INFO: [ app_init ] --START--
INFO: Run Behavior\BuildLiteBehavior [ RunTime:0.000016s ]
INFO: [ app_init ] --END-- [ RunTime:0.000305s ]
ERR: 无法加载模块:APP

[ 2016-11-30T16:51:58+08:00 ] 101.226.69.246 /APP/SHOP/INDEX/PPID/3/?FROM=SINGLEMESSAGE
INFO: [ app_init ] --START--
INFO: Run Behavior\BuildLiteBehavior [ RunTime:0.000014s ]
INFO: [ app_init ] --END-- [ RunTime:0.000266s ]
ERR: 无法加载模块:APP

[ 2016-11-30T16:52:17+08:00 ] 180.153.205.253 /APP/SHOP/INDEX/PPID/3/?FROM=SINGLEMESSAGE
INFO: [ app_init ] --START--
INFO: Run Behavior\BuildLiteBehavior [ RunTime:0.000013s ]
INFO: [ app_init ] --END-- [ RunTime:0.000263s ]
ERR: 无法加载模块:APP

[ 2016-11-30T16:52:28+08:00 ] 101.226.33.206 /APP/BASEOA/INDEX?CODE=0315FERJ1PNMKI0W3NSJ1U25RJ15FERN&STATE=1
INFO: [ app_init ] --START--
INFO: Run Behavior\BuildLiteBehavior [ RunTime:0.000012s ]
INFO: [ app_init ] --END-- [ RunTime:0.000262s ]
ERR: 无法加载模块:APP

[ 2016-11-30T16:52:37+08:00 ] 180.163.1.46 /APP/SHOP/INDEX/PPID/2496
INFO: [ app_init ] --START--
INFO: Run Behavior\BuildLiteBehavior [ RunTime:0.000012s ]
INFO: [ app_init ] --END-- [ RunTime:0.000258s ]
ERR: 无法加载模块:APP

