[ 2016-09-25T09:37:57+08:00 ] 163.177.93.224 /
INFO: [ app_init ] --START--
INFO: Run Behavior\BuildLiteBehavior [ RunTime:0.000012s ]
INFO: [ app_init ] --END-- [ RunTime:0.000313s ]
INFO: [ app_begin ] --START--
INFO: Run Behavior\ReadHtmlCacheBehavior [ RunTime:0.000360s ]
INFO: [ app_begin ] --END-- [ RunTime:0.000401s ]
SQL: SHOW COLUMNS FROM `yk_set` [ RunTime:0.0007s ]
SQL: SELECT * FROM `yk_set` LIMIT 1   [ RunTime:0.0002s ]
SQL: SHOW COLUMNS FROM `yk_cms_set` [ RunTime:0.0110s ]
SQL: SELECT * FROM `yk_cms_set` LIMIT 1   [ RunTime:0.0069s ]
SQL: SHOW COLUMNS FROM `yk_shop_set` [ RunTime:0.0007s ]
SQL: SELECT * FROM `yk_shop_set` LIMIT 1   [ RunTime:0.0002s ]

[ 2016-09-25T09:37:58+08:00 ] 14.17.37.43 /favicon.ico
INFO: [ app_init ] --START--
INFO: Run Behavior\BuildLiteBehavior [ RunTime:0.000012s ]
INFO: [ app_init ] --END-- [ RunTime:0.000298s ]

[ 2016-09-25T09:38:06+08:00 ] 183.232.118.16 /
INFO: [ app_init ] --START--
INFO: Run Behavior\BuildLiteBehavior [ RunTime:0.000017s ]
INFO: [ app_init ] --END-- [ RunTime:0.000343s ]
INFO: [ app_begin ] --START--
INFO: Run Behavior\ReadHtmlCacheBehavior [ RunTime:0.000467s ]
INFO: [ app_begin ] --END-- [ RunTime:0.000524s ]
SQL: SHOW COLUMNS FROM `yk_set` [ RunTime:0.0007s ]
SQL: SELECT * FROM `yk_set` LIMIT 1   [ RunTime:0.0002s ]
SQL: SHOW COLUMNS FROM `yk_cms_set` [ RunTime:0.0004s ]
SQL: SELECT * FROM `yk_cms_set` LIMIT 1   [ RunTime:0.0001s ]
SQL: SHOW COLUMNS FROM `yk_shop_set` [ RunTime:0.0007s ]
SQL: SELECT * FROM `yk_shop_set` LIMIT 1   [ RunTime:0.0002s ]

[ 2016-09-25T12:29:01+08:00 ] 183.9.134.108 /favicon.ico
INFO: [ app_init ] --START--
INFO: Run Behavior\BuildLiteBehavior [ RunTime:0.000013s ]
INFO: [ app_init ] --END-- [ RunTime:0.000312s ]

[ 2016-09-25T12:42:41+08:00 ] 183.9.134.108 /favicon.ico
INFO: [ app_init ] --START--
INFO: Run Behavior\BuildLiteBehavior [ RunTime:0.000013s ]
INFO: [ app_init ] --END-- [ RunTime:0.000308s ]

[ 2016-09-25T12:48:02+08:00 ] 183.9.134.108 /favicon.ico
INFO: [ app_init ] --START--
INFO: Run Behavior\BuildLiteBehavior [ RunTime:0.000013s ]
INFO: [ app_init ] --END-- [ RunTime:0.000282s ]

[ 2016-09-25T12:50:11+08:00 ] 183.9.134.108 /favicon.ico
INFO: [ app_init ] --START--
INFO: Run Behavior\BuildLiteBehavior [ RunTime:0.000012s ]
INFO: [ app_init ] --END-- [ RunTime:0.000282s ]

[ 2016-09-25T13:11:59+08:00 ] 123.126.126.125 /
INFO: [ app_init ] --START--
INFO: Run Behavior\BuildLiteBehavior [ RunTime:0.000010s ]
INFO: [ app_init ] --END-- [ RunTime:0.000285s ]
INFO: [ app_begin ] --START--
INFO: Run Behavior\ReadHtmlCacheBehavior [ RunTime:0.000345s ]
INFO: [ app_begin ] --END-- [ RunTime:0.000384s ]
SQL: SHOW COLUMNS FROM `yk_set` [ RunTime:0.0006s ]
SQL: SELECT * FROM `yk_set` LIMIT 1   [ RunTime:0.0001s ]
SQL: SHOW COLUMNS FROM `yk_cms_set` [ RunTime:0.0260s ]
SQL: SELECT * FROM `yk_cms_set` LIMIT 1   [ RunTime:0.0001s ]
SQL: SHOW COLUMNS FROM `yk_shop_set` [ RunTime:0.0007s ]
SQL: SELECT * FROM `yk_shop_set` LIMIT 1   [ RunTime:0.0002s ]

[ 2016-09-25T13:12:00+08:00 ] 111.161.105.15 /
INFO: [ app_init ] --START--
INFO: Run Behavior\BuildLiteBehavior [ RunTime:0.000014s ]
INFO: [ app_init ] --END-- [ RunTime:0.000295s ]
INFO: [ app_begin ] --START--
INFO: Run Behavior\ReadHtmlCacheBehavior [ RunTime:0.000387s ]
INFO: [ app_begin ] --END-- [ RunTime:0.000425s ]
SQL: SHOW COLUMNS FROM `yk_set` [ RunTime:0.0010s ]
SQL: SELECT * FROM `yk_set` LIMIT 1   [ RunTime:0.0002s ]
SQL: SHOW COLUMNS FROM `yk_cms_set` [ RunTime:0.0004s ]
SQL: SELECT * FROM `yk_cms_set` LIMIT 1   [ RunTime:0.0001s ]
SQL: SHOW COLUMNS FROM `yk_shop_set` [ RunTime:0.0007s ]
SQL: SELECT * FROM `yk_shop_set` LIMIT 1   [ RunTime:0.0002s ]

[ 2016-09-25T13:12:01+08:00 ] 111.161.57.163 /
INFO: [ app_init ] --START--
INFO: Run Behavior\BuildLiteBehavior [ RunTime:0.000013s ]
INFO: [ app_init ] --END-- [ RunTime:0.000292s ]
INFO: [ app_begin ] --START--
INFO: Run Behavior\ReadHtmlCacheBehavior [ RunTime:0.000388s ]
INFO: [ app_begin ] --END-- [ RunTime:0.000430s ]
SQL: SHOW COLUMNS FROM `yk_set` [ RunTime:0.0005s ]
SQL: SELECT * FROM `yk_set` LIMIT 1   [ RunTime:0.0002s ]
SQL: SHOW COLUMNS FROM `yk_cms_set` [ RunTime:0.0024s ]
SQL: SELECT * FROM `yk_cms_set` LIMIT 1   [ RunTime:0.0001s ]
SQL: SHOW COLUMNS FROM `yk_shop_set` [ RunTime:0.0014s ]
SQL: SELECT * FROM `yk_shop_set` LIMIT 1   [ RunTime:0.0002s ]

[ 2016-09-25T13:12:01+08:00 ] 125.39.57.38 /
INFO: [ app_init ] --START--
INFO: Run Behavior\BuildLiteBehavior [ RunTime:0.000011s ]
INFO: [ app_init ] --END-- [ RunTime:0.000294s ]
INFO: [ app_begin ] --START--
INFO: Run Behavior\ReadHtmlCacheBehavior [ RunTime:0.000616s ]
INFO: [ app_begin ] --END-- [ RunTime:0.000662s ]
SQL: SHOW COLUMNS FROM `yk_set` [ RunTime:0.0007s ]
SQL: SELECT * FROM `yk_set` LIMIT 1   [ RunTime:0.0013s ]
SQL: SHOW COLUMNS FROM `yk_cms_set` [ RunTime:0.0029s ]
SQL: SELECT * FROM `yk_cms_set` LIMIT 1   [ RunTime:0.0001s ]
SQL: SHOW COLUMNS FROM `yk_shop_set` [ RunTime:0.0048s ]
SQL: SELECT * FROM `yk_shop_set` LIMIT 1   [ RunTime:0.0002s ]

[ 2016-09-25T13:12:01+08:00 ] 111.161.52.28 /
INFO: [ app_init ] --START--
INFO: Run Behavior\BuildLiteBehavior [ RunTime:0.000011s ]
INFO: [ app_init ] --END-- [ RunTime:0.000272s ]
INFO: [ app_begin ] --START--
INFO: Run Behavior\ReadHtmlCacheBehavior [ RunTime:0.000374s ]
INFO: [ app_begin ] --END-- [ RunTime:0.000412s ]
SQL: SHOW COLUMNS FROM `yk_set` [ RunTime:0.0005s ]
SQL: SELECT * FROM `yk_set` LIMIT 1   [ RunTime:0.0015s ]
SQL: SHOW COLUMNS FROM `yk_cms_set` [ RunTime:0.0013s ]
SQL: SELECT * FROM `yk_cms_set` LIMIT 1   [ RunTime:0.0022s ]
SQL: SHOW COLUMNS FROM `yk_shop_set` [ RunTime:0.0007s ]
SQL: SELECT * FROM `yk_shop_set` LIMIT 1   [ RunTime:0.0033s ]

[ 2016-09-25T13:12:01+08:00 ] 125.39.57.38 /
INFO: [ app_init ] --START--
INFO: Run Behavior\BuildLiteBehavior [ RunTime:0.000010s ]
INFO: [ app_init ] --END-- [ RunTime:0.000271s ]
INFO: [ app_begin ] --START--
INFO: Run Behavior\ReadHtmlCacheBehavior [ RunTime:0.009412s ]
INFO: [ app_begin ] --END-- [ RunTime:0.009452s ]
SQL: SHOW COLUMNS FROM `yk_set` [ RunTime:0.0005s ]
SQL: SELECT * FROM `yk_set` LIMIT 1   [ RunTime:0.0036s ]
SQL: SHOW COLUMNS FROM `yk_cms_set` [ RunTime:0.0004s ]
SQL: SELECT * FROM `yk_cms_set` LIMIT 1   [ RunTime:0.0055s ]
SQL: SHOW COLUMNS FROM `yk_shop_set` [ RunTime:0.0007s ]
SQL: SELECT * FROM `yk_shop_set` LIMIT 1   [ RunTime:0.0003s ]

[ 2016-09-25T13:12:01+08:00 ] 111.161.52.28 /
INFO: [ app_init ] --START--
INFO: Run Behavior\BuildLiteBehavior [ RunTime:0.000010s ]
INFO: [ app_init ] --END-- [ RunTime:0.000273s ]
INFO: [ app_begin ] --START--
INFO: Run Behavior\ReadHtmlCacheBehavior [ RunTime:0.000416s ]
INFO: [ app_begin ] --END-- [ RunTime:0.000456s ]
SQL: SHOW COLUMNS FROM `yk_set` [ RunTime:0.0006s ]
SQL: SELECT * FROM `yk_set` LIMIT 1   [ RunTime:0.0002s ]
SQL: SHOW COLUMNS FROM `yk_cms_set` [ RunTime:0.0069s ]
SQL: SELECT * FROM `yk_cms_set` LIMIT 1   [ RunTime:0.0001s ]
SQL: SHOW COLUMNS FROM `yk_shop_set` [ RunTime:0.0035s ]
SQL: SELECT * FROM `yk_shop_set` LIMIT 1   [ RunTime:0.0002s ]

[ 2016-09-25T13:12:01+08:00 ] 125.39.57.39 /
INFO: [ app_init ] --START--
INFO: Run Behavior\BuildLiteBehavior [ RunTime:0.000011s ]
INFO: [ app_init ] --END-- [ RunTime:0.000274s ]
INFO: [ app_begin ] --START--
INFO: Run Behavior\ReadHtmlCacheBehavior [ RunTime:0.000361s ]
INFO: [ app_begin ] --END-- [ RunTime:0.000400s ]
SQL: SHOW COLUMNS FROM `yk_set` [ RunTime:0.0005s ]
SQL: SELECT * FROM `yk_set` LIMIT 1   [ RunTime:0.0002s ]
SQL: SHOW COLUMNS FROM `yk_cms_set` [ RunTime:0.0005s ]
SQL: SELECT * FROM `yk_cms_set` LIMIT 1   [ RunTime:0.0001s ]
SQL: SHOW COLUMNS FROM `yk_shop_set` [ RunTime:0.0097s ]
SQL: SELECT * FROM `yk_shop_set` LIMIT 1   [ RunTime:0.0002s ]

[ 2016-09-25T13:12:01+08:00 ] 125.39.210.31 /
INFO: [ app_init ] --START--
INFO: Run Behavior\BuildLiteBehavior [ RunTime:0.000014s ]
INFO: [ app_init ] --END-- [ RunTime:0.000326s ]
INFO: [ app_begin ] --START--
INFO: Run Behavior\ReadHtmlCacheBehavior [ RunTime:0.006394s ]
INFO: [ app_begin ] --END-- [ RunTime:0.006434s ]
SQL: SHOW COLUMNS FROM `yk_set` [ RunTime:0.0026s ]
SQL: SELECT * FROM `yk_set` LIMIT 1   [ RunTime:0.0024s ]
SQL: SHOW COLUMNS FROM `yk_cms_set` [ RunTime:0.0006s ]
SQL: SELECT * FROM `yk_cms_set` LIMIT 1   [ RunTime:0.0003s ]
SQL: SHOW COLUMNS FROM `yk_shop_set` [ RunTime:0.0016s ]
SQL: SELECT * FROM `yk_shop_set` LIMIT 1   [ RunTime:0.0002s ]

[ 2016-09-25T13:12:01+08:00 ] 111.161.52.234 /
INFO: [ app_init ] --START--
INFO: Run Behavior\BuildLiteBehavior [ RunTime:0.000011s ]
INFO: [ app_init ] --END-- [ RunTime:0.000301s ]
INFO: [ app_begin ] --START--
INFO: Run Behavior\ReadHtmlCacheBehavior [ RunTime:0.000379s ]
INFO: [ app_begin ] --END-- [ RunTime:0.000417s ]
SQL: SHOW COLUMNS FROM `yk_set` [ RunTime:0.0007s ]
SQL: SELECT * FROM `yk_set` LIMIT 1   [ RunTime:0.0048s ]
SQL: SHOW COLUMNS FROM `yk_cms_set` [ RunTime:0.0009s ]
SQL: SELECT * FROM `yk_cms_set` LIMIT 1   [ RunTime:0.0003s ]
SQL: SHOW COLUMNS FROM `yk_shop_set` [ RunTime:0.0014s ]
SQL: SELECT * FROM `yk_shop_set` LIMIT 1   [ RunTime:0.0021s ]

[ 2016-09-25T13:12:01+08:00 ] 111.161.52.230 /
INFO: [ app_init ] --START--
INFO: Run Behavior\BuildLiteBehavior [ RunTime:0.000012s ]
INFO: [ app_init ] --END-- [ RunTime:0.006306s ]
INFO: [ app_begin ] --START--
INFO: Run Behavior\ReadHtmlCacheBehavior [ RunTime:0.000414s ]
INFO: [ app_begin ] --END-- [ RunTime:0.000453s ]
SQL: SHOW COLUMNS FROM `yk_set` [ RunTime:0.0014s ]
SQL: SELECT * FROM `yk_set` LIMIT 1   [ RunTime:0.0002s ]
SQL: SHOW COLUMNS FROM `yk_cms_set` [ RunTime:0.0004s ]
SQL: SELECT * FROM `yk_cms_set` LIMIT 1   [ RunTime:0.0008s ]
SQL: SHOW COLUMNS FROM `yk_shop_set` [ RunTime:0.0007s ]
SQL: SELECT * FROM `yk_shop_set` LIMIT 1   [ RunTime:0.0012s ]

[ 2016-09-25T13:12:01+08:00 ] 123.126.118.139 /
INFO: [ app_init ] --START--
INFO: Run Behavior\BuildLiteBehavior [ RunTime:0.000013s ]
INFO: [ app_init ] --END-- [ RunTime:0.006313s ]
INFO: [ app_begin ] --START--
INFO: Run Behavior\ReadHtmlCacheBehavior [ RunTime:0.000352s ]
INFO: [ app_begin ] --END-- [ RunTime:0.000390s ]
SQL: SHOW COLUMNS FROM `yk_set` [ RunTime:0.0005s ]
SQL: SELECT * FROM `yk_set` LIMIT 1   [ RunTime:0.0012s ]
SQL: SHOW COLUMNS FROM `yk_cms_set` [ RunTime:0.0004s ]
SQL: SELECT * FROM `yk_cms_set` LIMIT 1   [ RunTime:0.0012s ]
SQL: SHOW COLUMNS FROM `yk_shop_set` [ RunTime:0.0007s ]
SQL: SELECT * FROM `yk_shop_set` LIMIT 1   [ RunTime:0.0016s ]

[ 2016-09-25T13:12:04+08:00 ] 123.151.64.142 /favicon.ico
INFO: [ app_init ] --START--
INFO: Run Behavior\BuildLiteBehavior [ RunTime:0.000010s ]
INFO: [ app_init ] --END-- [ RunTime:0.000286s ]

[ 2016-09-25T13:12:10+08:00 ] 111.30.132.194 /
INFO: [ app_init ] --START--
INFO: Run Behavior\BuildLiteBehavior [ RunTime:0.000012s ]
INFO: [ app_init ] --END-- [ RunTime:0.000282s ]
INFO: [ app_begin ] --START--
INFO: Run Behavior\ReadHtmlCacheBehavior [ RunTime:0.000371s ]
INFO: [ app_begin ] --END-- [ RunTime:0.000409s ]
SQL: SHOW COLUMNS FROM `yk_set` [ RunTime:0.0007s ]
SQL: SELECT * FROM `yk_set` LIMIT 1   [ RunTime:0.0002s ]
SQL: SHOW COLUMNS FROM `yk_cms_set` [ RunTime:0.0004s ]
SQL: SELECT * FROM `yk_cms_set` LIMIT 1   [ RunTime:0.0001s ]
SQL: SHOW COLUMNS FROM `yk_shop_set` [ RunTime:0.0007s ]
SQL: SELECT * FROM `yk_shop_set` LIMIT 1   [ RunTime:0.0002s ]

[ 2016-09-25T13:12:28+08:00 ] 123.151.64.142 /favicon.ico
INFO: [ app_init ] --START--
INFO: Run Behavior\BuildLiteBehavior [ RunTime:0.000012s ]
INFO: [ app_init ] --END-- [ RunTime:0.000304s ]

[ 2016-09-25T14:16:17+08:00 ] 183.61.51.195 /
INFO: [ app_init ] --START--
INFO: Run Behavior\BuildLiteBehavior [ RunTime:0.000012s ]
INFO: [ app_init ] --END-- [ RunTime:0.000283s ]
INFO: [ app_begin ] --START--
INFO: Run Behavior\ReadHtmlCacheBehavior [ RunTime:0.000384s ]
INFO: [ app_begin ] --END-- [ RunTime:0.000424s ]
SQL: SHOW COLUMNS FROM `yk_set` [ RunTime:0.0008s ]
SQL: SELECT * FROM `yk_set` LIMIT 1   [ RunTime:0.0002s ]
SQL: SHOW COLUMNS FROM `yk_cms_set` [ RunTime:0.0005s ]
SQL: SELECT * FROM `yk_cms_set` LIMIT 1   [ RunTime:0.0001s ]
SQL: SHOW COLUMNS FROM `yk_shop_set` [ RunTime:0.0008s ]
SQL: SELECT * FROM `yk_shop_set` LIMIT 1   [ RunTime:0.0002s ]

[ 2016-09-25T14:16:29+08:00 ] 219.133.40.16 /favicon.ico
INFO: [ app_init ] --START--
INFO: Run Behavior\BuildLiteBehavior [ RunTime:0.000012s ]
INFO: [ app_init ] --END-- [ RunTime:0.000317s ]

[ 2016-09-25T14:37:13+08:00 ] 183.60.52.5 /
INFO: [ app_init ] --START--
INFO: Run Behavior\BuildLiteBehavior [ RunTime:0.000011s ]
INFO: [ app_init ] --END-- [ RunTime:0.000280s ]
INFO: [ app_begin ] --START--
INFO: Run Behavior\ReadHtmlCacheBehavior [ RunTime:0.000373s ]
INFO: [ app_begin ] --END-- [ RunTime:0.000411s ]
SQL: SHOW COLUMNS FROM `yk_set` [ RunTime:0.0005s ]
SQL: SELECT * FROM `yk_set` LIMIT 1   [ RunTime:0.0007s ]
SQL: SHOW COLUMNS FROM `yk_cms_set` [ RunTime:0.0005s ]
SQL: SELECT * FROM `yk_cms_set` LIMIT 1   [ RunTime:0.0005s ]
SQL: SHOW COLUMNS FROM `yk_shop_set` [ RunTime:0.0007s ]
SQL: SELECT * FROM `yk_shop_set` LIMIT 1   [ RunTime:0.0002s ]

[ 2016-09-25T14:37:13+08:00 ] 163.177.69.13 /
INFO: [ app_init ] --START--
INFO: Run Behavior\BuildLiteBehavior [ RunTime:0.000011s ]
INFO: [ app_init ] --END-- [ RunTime:0.000274s ]
INFO: [ app_begin ] --START--
INFO: Run Behavior\ReadHtmlCacheBehavior [ RunTime:0.000370s ]
INFO: [ app_begin ] --END-- [ RunTime:0.000408s ]
SQL: SHOW COLUMNS FROM `yk_set` [ RunTime:0.0007s ]
SQL: SELECT * FROM `yk_set` LIMIT 1   [ RunTime:0.0001s ]
SQL: SHOW COLUMNS FROM `yk_cms_set` [ RunTime:0.0004s ]
SQL: SELECT * FROM `yk_cms_set` LIMIT 1   [ RunTime:0.0001s ]
SQL: SHOW COLUMNS FROM `yk_shop_set` [ RunTime:0.0007s ]
SQL: SELECT * FROM `yk_shop_set` LIMIT 1   [ RunTime:0.0002s ]

[ 2016-09-25T14:37:18+08:00 ] 219.133.40.16 /favicon.ico
INFO: [ app_init ] --START--
INFO: Run Behavior\BuildLiteBehavior [ RunTime:0.000012s ]
INFO: [ app_init ] --END-- [ RunTime:0.000285s ]

[ 2016-09-25T15:01:51+08:00 ] 117.136.66.160 /Admin/Public/login
INFO: [ app_init ] --START--
INFO: Run Behavior\BuildLiteBehavior [ RunTime:0.000013s ]
INFO: [ app_init ] --END-- [ RunTime:0.000313s ]
INFO: [ app_begin ] --START--
INFO: Run Behavior\ReadHtmlCacheBehavior [ RunTime:0.000373s ]
INFO: [ app_begin ] --END-- [ RunTime:0.000410s ]
SQL: SHOW COLUMNS FROM `yk_set` [ RunTime:0.0007s ]
SQL: SELECT * FROM `yk_set` LIMIT 1   [ RunTime:0.0002s ]
SQL: SHOW COLUMNS FROM `yk_cms_set` [ RunTime:0.0004s ]
SQL: SELECT * FROM `yk_cms_set` LIMIT 1   [ RunTime:0.0001s ]
SQL: SHOW COLUMNS FROM `yk_shop_set` [ RunTime:0.0007s ]
SQL: SELECT * FROM `yk_shop_set` LIMIT 1   [ RunTime:0.0002s ]
NOTIC: [8] Undefined index: uid /mnt/wwwroot/yikang.mubantang.com/Application/Admin/Controller/PublicController.class.php 第 49 行.
INFO: [ view_parse ] --START--
INFO: [ template_filter ] --START--
INFO: Run Behavior\ContentReplaceBehavior [ RunTime:0.000051s ]
INFO: [ template_filter ] --END-- [ RunTime:0.000105s ]
INFO: Run Behavior\ParseTemplateBehavior [ RunTime:0.025237s ]
INFO: [ view_parse ] --END-- [ RunTime:0.025312s ]
INFO: [ view_filter ] --START--
INFO: Run Behavior\WriteHtmlCacheBehavior [ RunTime:0.000169s ]
INFO: [ view_filter ] --END-- [ RunTime:0.000203s ]
INFO: [ app_end ] --START--
INFO: Run Behavior\ShowPageTraceBehavior [ RunTime:0.000434s ]
INFO: [ app_end ] --END-- [ RunTime:0.000469s ]

[ 2016-09-25T15:01:51+08:00 ] 117.136.66.160 /Admin/Public/verify
INFO: [ app_init ] --START--
INFO: Run Behavior\BuildLiteBehavior [ RunTime:0.000012s ]
INFO: [ app_init ] --END-- [ RunTime:0.000286s ]
INFO: [ app_begin ] --START--
INFO: Run Behavior\ReadHtmlCacheBehavior [ RunTime:0.000355s ]
INFO: [ app_begin ] --END-- [ RunTime:0.000416s ]
SQL: SHOW COLUMNS FROM `yk_set` [ RunTime:0.0007s ]
SQL: SELECT * FROM `yk_set` LIMIT 1   [ RunTime:0.0002s ]
SQL: SHOW COLUMNS FROM `yk_cms_set` [ RunTime:0.0004s ]
SQL: SELECT * FROM `yk_cms_set` LIMIT 1   [ RunTime:0.0001s ]
SQL: SHOW COLUMNS FROM `yk_shop_set` [ RunTime:0.0007s ]
SQL: SELECT * FROM `yk_shop_set` LIMIT 1   [ RunTime:0.0002s ]
INFO: [ app_end ] --START--
INFO: Run Behavior\ShowPageTraceBehavior [ RunTime:0.000544s ]
INFO: [ app_end ] --END-- [ RunTime:0.000638s ]

[ 2016-09-25T15:02:26+08:00 ] 117.136.66.160 /Admin/Public/login
INFO: [ app_init ] --START--
INFO: Run Behavior\BuildLiteBehavior [ RunTime:0.000012s ]
INFO: [ app_init ] --END-- [ RunTime:0.000312s ]
INFO: [ app_begin ] --START--
INFO: Run Behavior\ReadHtmlCacheBehavior [ RunTime:0.000351s ]
INFO: [ app_begin ] --END-- [ RunTime:0.000389s ]
SQL: SHOW COLUMNS FROM `yk_set` [ RunTime:0.0007s ]
SQL: SELECT * FROM `yk_set` LIMIT 1   [ RunTime:0.0002s ]
SQL: SHOW COLUMNS FROM `yk_cms_set` [ RunTime:0.0004s ]
SQL: SELECT * FROM `yk_cms_set` LIMIT 1   [ RunTime:0.0001s ]
SQL: SHOW COLUMNS FROM `yk_shop_set` [ RunTime:0.0007s ]
SQL: SELECT * FROM `yk_shop_set` LIMIT 1   [ RunTime:0.0002s ]
NOTIC: [8] Undefined index: uid /mnt/wwwroot/yikang.mubantang.com/Application/Admin/Controller/PublicController.class.php 第 49 行.
INFO: [ view_parse ] --START--
INFO: [ template_filter ] --START--
INFO: Run Behavior\ContentReplaceBehavior [ RunTime:0.000041s ]
INFO: [ template_filter ] --END-- [ RunTime:0.000079s ]
INFO: Run Behavior\ParseTemplateBehavior [ RunTime:0.004733s ]
INFO: [ view_parse ] --END-- [ RunTime:0.004769s ]
INFO: [ view_filter ] --START--
INFO: Run Behavior\WriteHtmlCacheBehavior [ RunTime:0.000159s ]
INFO: [ view_filter ] --END-- [ RunTime:0.000191s ]
INFO: [ app_end ] --START--
INFO: Run Behavior\ShowPageTraceBehavior [ RunTime:0.000380s ]
INFO: [ app_end ] --END-- [ RunTime:0.000413s ]

[ 2016-09-25T15:02:26+08:00 ] 117.136.66.160 /Admin/Public/verify
INFO: [ app_init ] --START--
INFO: Run Behavior\BuildLiteBehavior [ RunTime:0.000013s ]
INFO: [ app_init ] --END-- [ RunTime:0.000302s ]
INFO: [ app_begin ] --START--
INFO: Run Behavior\ReadHtmlCacheBehavior [ RunTime:0.000356s ]
INFO: [ app_begin ] --END-- [ RunTime:0.000414s ]
SQL: SHOW COLUMNS FROM `yk_set` [ RunTime:0.0007s ]
SQL: SELECT * FROM `yk_set` LIMIT 1   [ RunTime:0.0002s ]
SQL: SHOW COLUMNS FROM `yk_cms_set` [ RunTime:0.0004s ]
SQL: SELECT * FROM `yk_cms_set` LIMIT 1   [ RunTime:0.0001s ]
SQL: SHOW COLUMNS FROM `yk_shop_set` [ RunTime:0.0007s ]
SQL: SELECT * FROM `yk_shop_set` LIMIT 1   [ RunTime:0.0002s ]
INFO: [ app_end ] --START--
INFO: Run Behavior\ShowPageTraceBehavior [ RunTime:0.000397s ]
INFO: [ app_end ] --END-- [ RunTime:0.000440s ]

[ 2016-09-25T15:02:42+08:00 ] 117.136.66.160 /Admin/Public/login
INFO: [ app_init ] --START--
INFO: Run Behavior\BuildLiteBehavior [ RunTime:0.000012s ]
INFO: [ app_init ] --END-- [ RunTime:0.000282s ]
INFO: [ app_begin ] --START--
INFO: Run Behavior\ReadHtmlCacheBehavior [ RunTime:0.000369s ]
INFO: [ app_begin ] --END-- [ RunTime:0.000407s ]
SQL: SHOW COLUMNS FROM `yk_set` [ RunTime:0.0010s ]
SQL: SELECT * FROM `yk_set` LIMIT 1   [ RunTime:0.0003s ]
SQL: SHOW COLUMNS FROM `yk_cms_set` [ RunTime:0.0004s ]
SQL: SELECT * FROM `yk_cms_set` LIMIT 1   [ RunTime:0.0001s ]
SQL: SHOW COLUMNS FROM `yk_shop_set` [ RunTime:0.0007s ]
SQL: SELECT * FROM `yk_shop_set` LIMIT 1   [ RunTime:0.0002s ]
INFO: [ view_parse ] --START--
INFO: [ template_filter ] --START--
INFO: Run Behavior\ContentReplaceBehavior [ RunTime:0.000035s ]
INFO: [ template_filter ] --END-- [ RunTime:0.000073s ]
INFO: Run Behavior\ParseTemplateBehavior [ RunTime:0.021979s ]
INFO: [ view_parse ] --END-- [ RunTime:0.022020s ]
INFO: [ view_filter ] --START--
INFO: Run Behavior\WriteHtmlCacheBehavior [ RunTime:0.000146s ]
INFO: [ view_filter ] --END-- [ RunTime:0.000177s ]

[ 2016-09-25T15:02:45+08:00 ] 117.136.66.160 /Admin/Public/login
INFO: [ app_init ] --START--
INFO: Run Behavior\BuildLiteBehavior [ RunTime:0.000011s ]
INFO: [ app_init ] --END-- [ RunTime:0.000284s ]
INFO: [ app_begin ] --START--
INFO: Run Behavior\ReadHtmlCacheBehavior [ RunTime:0.000361s ]
INFO: [ app_begin ] --END-- [ RunTime:0.000407s ]
SQL: SHOW COLUMNS FROM `yk_set` [ RunTime:0.0007s ]
SQL: SELECT * FROM `yk_set` LIMIT 1   [ RunTime:0.0002s ]
SQL: SHOW COLUMNS FROM `yk_cms_set` [ RunTime:0.0004s ]
SQL: SELECT * FROM `yk_cms_set` LIMIT 1   [ RunTime:0.0001s ]
SQL: SHOW COLUMNS FROM `yk_shop_set` [ RunTime:0.0007s ]
SQL: SELECT * FROM `yk_shop_set` LIMIT 1   [ RunTime:0.0002s ]
NOTIC: [8] Undefined index: uid /mnt/wwwroot/yikang.mubantang.com/Application/Admin/Controller/PublicController.class.php 第 49 行.
INFO: [ view_parse ] --START--
INFO: [ template_filter ] --START--
INFO: Run Behavior\ContentReplaceBehavior [ RunTime:0.000045s ]
INFO: [ template_filter ] --END-- [ RunTime:0.000083s ]
INFO: Run Behavior\ParseTemplateBehavior [ RunTime:0.004948s ]
INFO: [ view_parse ] --END-- [ RunTime:0.004994s ]
INFO: [ view_filter ] --START--
INFO: Run Behavior\WriteHtmlCacheBehavior [ RunTime:0.000144s ]
INFO: [ view_filter ] --END-- [ RunTime:0.000176s ]
INFO: [ app_end ] --START--
INFO: Run Behavior\ShowPageTraceBehavior [ RunTime:0.000378s ]
INFO: [ app_end ] --END-- [ RunTime:0.000411s ]

[ 2016-09-25T15:03:02+08:00 ] 117.136.66.160 /Admin/Public/login
INFO: [ app_init ] --START--
INFO: Run Behavior\BuildLiteBehavior [ RunTime:0.000012s ]
INFO: [ app_init ] --END-- [ RunTime:0.000280s ]
INFO: [ app_begin ] --START--
INFO: Run Behavior\ReadHtmlCacheBehavior [ RunTime:0.000370s ]
INFO: [ app_begin ] --END-- [ RunTime:0.000410s ]
SQL: SHOW COLUMNS FROM `yk_set` [ RunTime:0.0007s ]
SQL: SELECT * FROM `yk_set` LIMIT 1   [ RunTime:0.0002s ]
SQL: SHOW COLUMNS FROM `yk_cms_set` [ RunTime:0.0004s ]
SQL: SELECT * FROM `yk_cms_set` LIMIT 1   [ RunTime:0.0001s ]
SQL: SHOW COLUMNS FROM `yk_shop_set` [ RunTime:0.0007s ]
SQL: SELECT * FROM `yk_shop_set` LIMIT 1   [ RunTime:0.0002s ]
SQL: SHOW COLUMNS FROM `yk_user` [ RunTime:0.0105s ]
SQL: SELECT * FROM `yk_user` WHERE `username` = 'admin' AND `userpass` = '21232f297a57a5a743894a0e4a801fc3' LIMIT 1   [ RunTime:0.0051s ]
SQL: SHOW COLUMNS FROM `yk_employee` [ RunTime:0.0004s ]
SQL: SELECT * FROM `yk_employee` WHERE `username` = 'admin' AND `userpass` = '21232f297a57a5a743894a0e4a801fc3' LIMIT 1   [ RunTime:0.0002s ]

[ 2016-09-25T15:03:03+08:00 ] 117.136.66.160 /Admin/Index/index
INFO: [ app_init ] --START--
INFO: Run Behavior\BuildLiteBehavior [ RunTime:0.000011s ]
INFO: [ app_init ] --END-- [ RunTime:0.000283s ]
INFO: [ app_begin ] --START--
INFO: Run Behavior\ReadHtmlCacheBehavior [ RunTime:0.000374s ]
INFO: [ app_begin ] --END-- [ RunTime:0.000413s ]
SQL: SHOW COLUMNS FROM `yk_set` [ RunTime:0.0007s ]
SQL: SELECT * FROM `yk_set` LIMIT 1   [ RunTime:0.0002s ]
SQL: SHOW COLUMNS FROM `yk_cms_set` [ RunTime:0.0004s ]
SQL: SELECT * FROM `yk_cms_set` LIMIT 1   [ RunTime:0.0001s ]
SQL: SHOW COLUMNS FROM `yk_shop_set` [ RunTime:0.0007s ]
SQL: SELECT * FROM `yk_shop_set` LIMIT 1   [ RunTime:0.0002s ]
SQL: SHOW COLUMNS FROM `yk_user_oath` [ RunTime:0.0032s ]
SQL: SELECT * FROM `yk_user_oath`  [ RunTime:0.0012s ]
INFO: [ view_parse ] --START--
INFO: [ template_filter ] --START--
INFO: Run Behavior\ContentReplaceBehavior [ RunTime:0.000155s ]
INFO: [ template_filter ] --END-- [ RunTime:0.000199s ]
INFO: Run Behavior\ParseTemplateBehavior [ RunTime:0.048406s ]
INFO: [ view_parse ] --END-- [ RunTime:0.048449s ]
INFO: [ view_filter ] --START--
INFO: Run Behavior\WriteHtmlCacheBehavior [ RunTime:0.000148s ]
INFO: [ view_filter ] --END-- [ RunTime:0.000181s ]
INFO: [ app_end ] --START--
INFO: Run Behavior\ShowPageTraceBehavior [ RunTime:0.000420s ]
INFO: [ app_end ] --END-- [ RunTime:0.000463s ]

[ 2016-09-25T15:03:04+08:00 ] 117.136.66.160 /Admin/Index/main
INFO: [ app_init ] --START--
INFO: Run Behavior\BuildLiteBehavior [ RunTime:0.000012s ]
INFO: [ app_init ] --END-- [ RunTime:0.000283s ]
INFO: [ app_begin ] --START--
INFO: Run Behavior\ReadHtmlCacheBehavior [ RunTime:0.000352s ]
INFO: [ app_begin ] --END-- [ RunTime:0.000389s ]
SQL: SHOW COLUMNS FROM `yk_set` [ RunTime:0.0007s ]
SQL: SELECT * FROM `yk_set` LIMIT 1   [ RunTime:0.0002s ]
SQL: SHOW COLUMNS FROM `yk_cms_set` [ RunTime:0.0004s ]
SQL: SELECT * FROM `yk_cms_set` LIMIT 1   [ RunTime:0.0001s ]
SQL: SHOW COLUMNS FROM `yk_shop_set` [ RunTime:0.0007s ]
SQL: SELECT * FROM `yk_shop_set` LIMIT 1   [ RunTime:0.0002s ]
INFO: [ view_parse ] --START--
INFO: [ template_filter ] --START--
INFO: Run Behavior\ContentReplaceBehavior [ RunTime:0.000031s ]
INFO: [ template_filter ] --END-- [ RunTime:0.000067s ]
INFO: Run Behavior\ParseTemplateBehavior [ RunTime:0.014975s ]
INFO: [ view_parse ] --END-- [ RunTime:0.015011s ]
INFO: [ view_filter ] --START--
INFO: Run Behavior\WriteHtmlCacheBehavior [ RunTime:0.000145s ]
INFO: [ view_filter ] --END-- [ RunTime:0.000175s ]
SQL: SHOW COLUMNS FROM `yk_vip` [ RunTime:0.0010s ]
SQL: SELECT COUNT(*) AS tp_count FROM `yk_vip` LIMIT 1   [ RunTime:0.0001s ]
SQL: SELECT COUNT(*) AS tp_count FROM `yk_vip` WHERE ( subscribe=1 ) LIMIT 1   [ RunTime:0.0004s ]
SQL: SELECT COUNT(*) AS tp_count FROM `yk_vip` WHERE `ctime` BETWEEN 1474732800 AND 1474819199 LIMIT 1   [ RunTime:0.0004s ]
SQL: SELECT COUNT(*) AS tp_count FROM `yk_vip` WHERE `ctime` BETWEEN 1474646400 AND 1474732799 LIMIT 1   [ RunTime:0.0003s ]
SQL: SHOW COLUMNS FROM `yk_shop_order` [ RunTime:0.0008s ]
SQL: SELECT COUNT(*) AS tp_count FROM `yk_shop_order` LIMIT 1   [ RunTime:0.0001s ]
SQL: SELECT COUNT(*) AS tp_count FROM `yk_shop_order` WHERE ( status=0 ) LIMIT 1   [ RunTime:0.0002s ]
SQL: SELECT COUNT(*) AS tp_count FROM `yk_shop_order` WHERE ( status=1 ) LIMIT 1   [ RunTime:0.0002s ]
SQL: SELECT COUNT(*) AS tp_count FROM `yk_shop_order` WHERE ( status=2 ) LIMIT 1   [ RunTime:0.0001s ]
SQL: SELECT COUNT(*) AS tp_count FROM `yk_shop_order` WHERE ( status=3 ) LIMIT 1   [ RunTime:0.0002s ]
SQL: SELECT COUNT(*) AS tp_count FROM `yk_shop_order` WHERE ( status=4 ) LIMIT 1   [ RunTime:0.0001s ]
SQL: SELECT COUNT(*) AS tp_count FROM `yk_shop_order` WHERE ( status=5 ) LIMIT 1   [ RunTime:0.0001s ]
SQL: SELECT COUNT(*) AS tp_count FROM `yk_shop_order` WHERE ( status=6 ) LIMIT 1   [ RunTime:0.0001s ]
SQL: SELECT COUNT(*) AS tp_count FROM `yk_shop_order` WHERE `ctime` BETWEEN 1474732800 AND 1474819199 LIMIT 1   [ RunTime:0.0002s ]
SQL: SELECT COUNT(*) AS tp_count FROM `yk_shop_order` WHERE `ctime` BETWEEN 1474646400 AND 1474732799 LIMIT 1   [ RunTime:0.0002s ]
SQL: SHOW COLUMNS FROM `yk_fx_syslog` [ RunTime:0.0022s ]
SQL: SELECT SUM(fxyj) AS tp_sum FROM `yk_fx_syslog` LIMIT 1   [ RunTime:0.0013s ]
SQL: SELECT SUM(fxyj) AS tp_sum FROM `yk_fx_syslog` WHERE `ctime` BETWEEN 1474732800 AND 1474819199 LIMIT 1   [ RunTime:0.0001s ]
SQL: SELECT SUM(fxyj) AS tp_sum FROM `yk_fx_syslog` WHERE `ctime` BETWEEN 1474646400 AND 1474732799 LIMIT 1   [ RunTime:0.0001s ]
NOTIC: [2] Division by zero /mnt/wwwroot/yikang.mubantang.com/Application/Admin/Controller/IndexController.class.php 第 144 行.
SQL: SELECT COUNT(*) AS tp_count FROM `yk_vip` WHERE `isfx` = 0 AND `isfxgd` = 0 LIMIT 1   [ RunTime:0.0004s ]
SQL: SELECT COUNT(*) AS tp_count FROM `yk_vip` WHERE `isfx` = 1 AND `isfxgd` = 0 LIMIT 1   [ RunTime:0.0004s ]
SQL: SELECT COUNT(*) AS tp_count FROM `yk_vip` WHERE ( isfxgd=1 ) LIMIT 1   [ RunTime:0.0003s ]
SQL: SHOW COLUMNS FROM `yk_vip_log_sub` [ RunTime:0.0004s ]
SQL: SELECT * FROM `yk_vip_log_sub` ORDER BY ctime desc LIMIT 5   [ RunTime:0.0017s ]
SQL: SELECT * FROM `yk_vip` WHERE ( id=369 ) LIMIT 1   [ RunTime:0.0002s ]
SQL: SELECT * FROM `yk_vip` WHERE ( id=365 ) LIMIT 1   [ RunTime:0.0002s ]
SQL: SELECT * FROM `yk_vip` WHERE ( id=365 ) LIMIT 1   [ RunTime:0.0002s ]
SQL: SELECT * FROM `yk_vip` WHERE ( id=366 ) LIMIT 1   [ RunTime:0.0002s ]
SQL: SELECT * FROM `yk_vip` WHERE ( id=365 ) LIMIT 1   [ RunTime:0.0002s ]
SQL: SELECT * FROM `yk_fx_syslog` ORDER BY ctime desc LIMIT 5   [ RunTime:0.0001s ]
SQL: SELECT * FROM `yk_vip` WHERE ( id=38 ) LIMIT 1   [ RunTime:0.0002s ]
SQL: SHOW COLUMNS FROM `yk_fx_log_tj` [ RunTime:0.0022s ]
SQL: SELECT * FROM `yk_fx_log_tj` ORDER BY ctime desc LIMIT 5   [ RunTime:0.0001s ]
SQL: SELECT * FROM `yk_shop_order` WHERE `ispay` = 1 AND `status` = 2 ORDER BY ctime desc LIMIT 5   [ RunTime:0.0003s ]
SQL: SELECT * FROM `yk_vip` WHERE ( id=369 ) LIMIT 1   [ RunTime:0.0002s ]
SQL: SELECT * FROM `yk_vip` WHERE ( id=349 ) LIMIT 1   [ RunTime:0.0002s ]
SQL: SELECT * FROM `yk_vip` WHERE ( id=346 ) LIMIT 1   [ RunTime:0.0002s ]
SQL: SELECT * FROM `yk_vip` WHERE ( id=335 ) LIMIT 1   [ RunTime:0.0002s ]
SQL: SELECT * FROM `yk_vip` WHERE ( id=330 ) LIMIT 1   [ RunTime:0.0002s ]
SQL: SELECT SUM(totalprice) AS tp_sum FROM `yk_shop_order` WHERE `ispay` = 1 LIMIT 1   [ RunTime:0.0002s ]
SQL: SELECT SUM(totalprice) AS tp_sum FROM `yk_shop_order` WHERE `status` = 5 LIMIT 1   [ RunTime:0.0002s ]
SQL: SELECT SUM(totalnum) AS tp_sum FROM `yk_shop_order` WHERE `ispay` = 1 LIMIT 1   [ RunTime:0.0002s ]
SQL: SHOW COLUMNS FROM `yk_vip_tx` [ RunTime:0.0033s ]
SQL: SELECT SUM(txprice) AS tp_sum FROM `yk_vip_tx` WHERE `status` = 2 LIMIT 1   [ RunTime:0.0001s ]
INFO: [ view_parse ] --START--
INFO: [ template_filter ] --START--
INFO: Run Behavior\ContentReplaceBehavior [ RunTime:0.000085s ]
INFO: [ template_filter ] --END-- [ RunTime:-0.046784s ]
INFO: Run Behavior\ParseTemplateBehavior [ RunTime:0.020949s ]
INFO: [ view_parse ] --END-- [ RunTime:-0.027183s ]
INFO: [ view_filter ] --START--
INFO: Run Behavior\WriteHtmlCacheBehavior [ RunTime:0.000011s ]
INFO: [ view_filter ] --END-- [ RunTime:-0.048000s ]
INFO: [ app_end ] --START--
INFO: Run Behavior\ShowPageTraceBehavior [ RunTime:0.000442s ]
INFO: [ app_end ] --END-- [ RunTime:0.000486s ]

[ 2016-09-25T15:04:56+08:00 ] 180.153.205.252 /Admin/Public/login
INFO: [ app_init ] --START--
INFO: Run Behavior\BuildLiteBehavior [ RunTime:0.000015s ]
INFO: [ app_init ] --END-- [ RunTime:0.000319s ]
INFO: [ app_begin ] --START--
INFO: Run Behavior\ReadHtmlCacheBehavior [ RunTime:0.000356s ]
INFO: [ app_begin ] --END-- [ RunTime:0.000399s ]
SQL: SHOW COLUMNS FROM `yk_set` [ RunTime:0.0007s ]
SQL: SELECT * FROM `yk_set` LIMIT 1   [ RunTime:0.0002s ]
SQL: SHOW COLUMNS FROM `yk_cms_set` [ RunTime:0.0004s ]
SQL: SELECT * FROM `yk_cms_set` LIMIT 1   [ RunTime:0.0001s ]
SQL: SHOW COLUMNS FROM `yk_shop_set` [ RunTime:0.0007s ]
SQL: SELECT * FROM `yk_shop_set` LIMIT 1   [ RunTime:0.0002s ]
NOTIC: [8] Undefined index: uid /mnt/wwwroot/yikang.mubantang.com/Application/Admin/Controller/PublicController.class.php 第 49 行.
INFO: [ view_parse ] --START--
INFO: [ template_filter ] --START--
INFO: Run Behavior\ContentReplaceBehavior [ RunTime:0.000046s ]
INFO: [ template_filter ] --END-- [ RunTime:0.000084s ]
INFO: Run Behavior\ParseTemplateBehavior [ RunTime:0.005045s ]
INFO: [ view_parse ] --END-- [ RunTime:0.005084s ]
INFO: [ view_filter ] --START--
INFO: Run Behavior\WriteHtmlCacheBehavior [ RunTime:0.000142s ]
INFO: [ view_filter ] --END-- [ RunTime:0.000173s ]
INFO: [ app_end ] --START--
INFO: Run Behavior\ShowPageTraceBehavior [ RunTime:0.000383s ]
INFO: [ app_end ] --END-- [ RunTime:0.000418s ]

[ 2016-09-25T15:05:16+08:00 ] 117.136.66.160 /Admin/Index/main
INFO: [ app_init ] --START--
INFO: Run Behavior\BuildLiteBehavior [ RunTime:0.000013s ]
INFO: [ app_init ] --END-- [ RunTime:0.000303s ]
INFO: [ app_begin ] --START--
INFO: Run Behavior\ReadHtmlCacheBehavior [ RunTime:0.000350s ]
INFO: [ app_begin ] --END-- [ RunTime:0.000386s ]
SQL: SHOW COLUMNS FROM `yk_set` [ RunTime:0.0007s ]
SQL: SELECT * FROM `yk_set` LIMIT 1   [ RunTime:0.0002s ]
SQL: SHOW COLUMNS FROM `yk_cms_set` [ RunTime:0.0004s ]
SQL: SELECT * FROM `yk_cms_set` LIMIT 1   [ RunTime:0.0001s ]
SQL: SHOW COLUMNS FROM `yk_shop_set` [ RunTime:0.0007s ]
SQL: SELECT * FROM `yk_shop_set` LIMIT 1   [ RunTime:0.0002s ]
INFO: [ view_parse ] --START--
INFO: [ template_filter ] --START--
INFO: Run Behavior\ContentReplaceBehavior [ RunTime:0.000028s ]
INFO: [ template_filter ] --END-- [ RunTime:0.000063s ]
INFO: Run Behavior\ParseTemplateBehavior [ RunTime:0.004706s ]
INFO: [ view_parse ] --END-- [ RunTime:0.004741s ]
INFO: [ view_filter ] --START--
INFO: Run Behavior\WriteHtmlCacheBehavior [ RunTime:0.000142s ]
INFO: [ view_filter ] --END-- [ RunTime:0.000172s ]
SQL: SHOW COLUMNS FROM `yk_vip` [ RunTime:0.0010s ]
SQL: SELECT COUNT(*) AS tp_count FROM `yk_vip` LIMIT 1   [ RunTime:0.0001s ]
SQL: SELECT COUNT(*) AS tp_count FROM `yk_vip` WHERE ( subscribe=1 ) LIMIT 1   [ RunTime:0.0004s ]
SQL: SELECT COUNT(*) AS tp_count FROM `yk_vip` WHERE `ctime` BETWEEN 1474732800 AND 1474819199 LIMIT 1   [ RunTime:0.0003s ]
SQL: SELECT COUNT(*) AS tp_count FROM `yk_vip` WHERE `ctime` BETWEEN 1474646400 AND 1474732799 LIMIT 1   [ RunTime:0.0003s ]
SQL: SHOW COLUMNS FROM `yk_shop_order` [ RunTime:0.0008s ]
SQL: SELECT COUNT(*) AS tp_count FROM `yk_shop_order` LIMIT 1   [ RunTime:0.0001s ]
SQL: SELECT COUNT(*) AS tp_count FROM `yk_shop_order` WHERE ( status=0 ) LIMIT 1   [ RunTime:0.0002s ]
SQL: SELECT COUNT(*) AS tp_count FROM `yk_shop_order` WHERE ( status=1 ) LIMIT 1   [ RunTime:0.0002s ]
SQL: SELECT COUNT(*) AS tp_count FROM `yk_shop_order` WHERE ( status=2 ) LIMIT 1   [ RunTime:0.0001s ]
SQL: SELECT COUNT(*) AS tp_count FROM `yk_shop_order` WHERE ( status=3 ) LIMIT 1   [ RunTime:0.0001s ]
SQL: SELECT COUNT(*) AS tp_count FROM `yk_shop_order` WHERE ( status=4 ) LIMIT 1   [ RunTime:0.0002s ]
SQL: SELECT COUNT(*) AS tp_count FROM `yk_shop_order` WHERE ( status=5 ) LIMIT 1   [ RunTime:0.0001s ]
SQL: SELECT COUNT(*) AS tp_count FROM `yk_shop_order` WHERE ( status=6 ) LIMIT 1   [ RunTime:0.0001s ]
SQL: SELECT COUNT(*) AS tp_count FROM `yk_shop_order` WHERE `ctime` BETWEEN 1474732800 AND 1474819199 LIMIT 1   [ RunTime:0.0002s ]
SQL: SELECT COUNT(*) AS tp_count FROM `yk_shop_order` WHERE `ctime` BETWEEN 1474646400 AND 1474732799 LIMIT 1   [ RunTime:0.0002s ]
SQL: SHOW COLUMNS FROM `yk_fx_syslog` [ RunTime:0.0004s ]
SQL: SELECT SUM(fxyj) AS tp_sum FROM `yk_fx_syslog` LIMIT 1   [ RunTime:0.0001s ]
SQL: SELECT SUM(fxyj) AS tp_sum FROM `yk_fx_syslog` WHERE `ctime` BETWEEN 1474732800 AND 1474819199 LIMIT 1   [ RunTime:0.0001s ]
SQL: SELECT SUM(fxyj) AS tp_sum FROM `yk_fx_syslog` WHERE `ctime` BETWEEN 1474646400 AND 1474732799 LIMIT 1   [ RunTime:0.0001s ]
NOTIC: [2] Division by zero /mnt/wwwroot/yikang.mubantang.com/Application/Admin/Controller/IndexController.class.php 第 144 行.
SQL: SELECT COUNT(*) AS tp_count FROM `yk_vip` WHERE `isfx` = 0 AND `isfxgd` = 0 LIMIT 1   [ RunTime:0.0004s ]
SQL: SELECT COUNT(*) AS tp_count FROM `yk_vip` WHERE `isfx` = 1 AND `isfxgd` = 0 LIMIT 1   [ RunTime:0.0004s ]
SQL: SELECT COUNT(*) AS tp_count FROM `yk_vip` WHERE ( isfxgd=1 ) LIMIT 1   [ RunTime:0.0003s ]
SQL: SHOW COLUMNS FROM `yk_vip_log_sub` [ RunTime:0.0004s ]
SQL: SELECT * FROM `yk_vip_log_sub` ORDER BY ctime desc LIMIT 5   [ RunTime:0.0002s ]
SQL: SELECT * FROM `yk_vip` WHERE ( id=369 ) LIMIT 1   [ RunTime:0.0002s ]
SQL: SELECT * FROM `yk_vip` WHERE ( id=365 ) LIMIT 1   [ RunTime:0.0002s ]
SQL: SELECT * FROM `yk_vip` WHERE ( id=365 ) LIMIT 1   [ RunTime:0.0002s ]
SQL: SELECT * FROM `yk_vip` WHERE ( id=366 ) LIMIT 1   [ RunTime:0.0002s ]
SQL: SELECT * FROM `yk_vip` WHERE ( id=365 ) LIMIT 1   [ RunTime:0.0002s ]
SQL: SELECT * FROM `yk_fx_syslog` ORDER BY ctime desc LIMIT 5   [ RunTime:0.0001s ]
SQL: SELECT * FROM `yk_vip` WHERE ( id=38 ) LIMIT 1   [ RunTime:0.0002s ]
SQL: SHOW COLUMNS FROM `yk_fx_log_tj` [ RunTime:0.0004s ]
SQL: SELECT * FROM `yk_fx_log_tj` ORDER BY ctime desc LIMIT 5   [ RunTime:0.0001s ]
SQL: SELECT * FROM `yk_shop_order` WHERE `ispay` = 1 AND `status` = 2 ORDER BY ctime desc LIMIT 5   [ RunTime:0.0003s ]
SQL: SELECT * FROM `yk_vip` WHERE ( id=369 ) LIMIT 1   [ RunTime:0.0002s ]
SQL: SELECT * FROM `yk_vip` WHERE ( id=349 ) LIMIT 1   [ RunTime:0.0002s ]
SQL: SELECT * FROM `yk_vip` WHERE ( id=346 ) LIMIT 1   [ RunTime:0.0002s ]
SQL: SELECT * FROM `yk_vip` WHERE ( id=335 ) LIMIT 1   [ RunTime:0.0002s ]
SQL: SELECT * FROM `yk_vip` WHERE ( id=330 ) LIMIT 1   [ RunTime:0.0002s ]
SQL: SELECT SUM(totalprice) AS tp_sum FROM `yk_shop_order` WHERE `ispay` = 1 LIMIT 1   [ RunTime:0.0002s ]
SQL: SELECT SUM(totalprice) AS tp_sum FROM `yk_shop_order` WHERE `status` = 5 LIMIT 1   [ RunTime:0.0002s ]
SQL: SELECT SUM(totalnum) AS tp_sum FROM `yk_shop_order` WHERE `ispay` = 1 LIMIT 1   [ RunTime:0.0002s ]
SQL: SHOW COLUMNS FROM `yk_vip_tx` [ RunTime:0.0004s ]
SQL: SELECT SUM(txprice) AS tp_sum FROM `yk_vip_tx` WHERE `status` = 2 LIMIT 1   [ RunTime:0.0001s ]
INFO: [ view_parse ] --START--
INFO: [ template_filter ] --START--
INFO: Run Behavior\ContentReplaceBehavior [ RunTime:0.000080s ]
INFO: [ template_filter ] --END-- [ RunTime:-0.032769s ]
INFO: Run Behavior\ParseTemplateBehavior [ RunTime:0.018060s ]
INFO: [ view_parse ] --END-- [ RunTime:-0.016919s ]
INFO: [ view_filter ] --START--
INFO: Run Behavior\WriteHtmlCacheBehavior [ RunTime:0.000009s ]
INFO: [ view_filter ] --END-- [ RunTime:-0.034847s ]
INFO: [ app_end ] --START--
INFO: Run Behavior\ShowPageTraceBehavior [ RunTime:0.000372s ]
INFO: [ app_end ] --END-- [ RunTime:0.000410s ]

[ 2016-09-25T15:06:10+08:00 ] 101.226.89.119 /Admin/Index/index
INFO: [ app_init ] --START--
INFO: Run Behavior\BuildLiteBehavior [ RunTime:0.000012s ]
INFO: [ app_init ] --END-- [ RunTime:0.000285s ]
INFO: [ app_begin ] --START--
INFO: Run Behavior\ReadHtmlCacheBehavior [ RunTime:0.000346s ]
INFO: [ app_begin ] --END-- [ RunTime:0.000386s ]
SQL: SHOW COLUMNS FROM `yk_set` [ RunTime:0.0007s ]
SQL: SELECT * FROM `yk_set` LIMIT 1   [ RunTime:0.0002s ]
SQL: SHOW COLUMNS FROM `yk_cms_set` [ RunTime:0.0004s ]
SQL: SELECT * FROM `yk_cms_set` LIMIT 1   [ RunTime:0.0001s ]
SQL: SHOW COLUMNS FROM `yk_shop_set` [ RunTime:0.0007s ]
SQL: SELECT * FROM `yk_shop_set` LIMIT 1   [ RunTime:0.0002s ]

[ 2016-09-25T15:06:10+08:00 ] 101.226.89.119 /Admin/Public/login
INFO: [ app_init ] --START--
INFO: Run Behavior\BuildLiteBehavior [ RunTime:0.000012s ]
INFO: [ app_init ] --END-- [ RunTime:0.000299s ]
INFO: [ app_begin ] --START--
INFO: Run Behavior\ReadHtmlCacheBehavior [ RunTime:0.000378s ]
INFO: [ app_begin ] --END-- [ RunTime:0.000417s ]
SQL: SHOW COLUMNS FROM `yk_set` [ RunTime:0.0005s ]
SQL: SELECT * FROM `yk_set` LIMIT 1   [ RunTime:0.0002s ]
SQL: SHOW COLUMNS FROM `yk_cms_set` [ RunTime:0.0004s ]
SQL: SELECT * FROM `yk_cms_set` LIMIT 1   [ RunTime:0.0001s ]
SQL: SHOW COLUMNS FROM `yk_shop_set` [ RunTime:0.0006s ]
SQL: SELECT * FROM `yk_shop_set` LIMIT 1   [ RunTime:0.0002s ]
NOTIC: [8] Undefined index: uid /mnt/wwwroot/yikang.mubantang.com/Application/Admin/Controller/PublicController.class.php 第 49 行.
INFO: [ view_parse ] --START--
INFO: [ template_filter ] --START--
INFO: Run Behavior\ContentReplaceBehavior [ RunTime:0.000044s ]
INFO: [ template_filter ] --END-- [ RunTime:0.000090s ]
INFO: Run Behavior\ParseTemplateBehavior [ RunTime:0.004860s ]
INFO: [ view_parse ] --END-- [ RunTime:0.004898s ]
INFO: [ view_filter ] --START--
INFO: Run Behavior\WriteHtmlCacheBehavior [ RunTime:0.000140s ]
INFO: [ view_filter ] --END-- [ RunTime:0.000172s ]
INFO: [ app_end ] --START--
INFO: Run Behavior\ShowPageTraceBehavior [ RunTime:0.000364s ]
INFO: [ app_end ] --END-- [ RunTime:0.000397s ]

[ 2016-09-25T15:06:34+08:00 ] 117.136.66.160 /Admin/Public/login
INFO: [ app_init ] --START--
INFO: Run Behavior\BuildLiteBehavior [ RunTime:0.000012s ]
INFO: [ app_init ] --END-- [ RunTime:0.000281s ]
INFO: [ app_begin ] --START--
INFO: Run Behavior\ReadHtmlCacheBehavior [ RunTime:0.000350s ]
INFO: [ app_begin ] --END-- [ RunTime:0.000388s ]
SQL: SHOW COLUMNS FROM `yk_set` [ RunTime:0.0007s ]
SQL: SELECT * FROM `yk_set` LIMIT 1   [ RunTime:0.0002s ]
SQL: SHOW COLUMNS FROM `yk_cms_set` [ RunTime:0.0004s ]
SQL: SELECT * FROM `yk_cms_set` LIMIT 1   [ RunTime:0.0001s ]
SQL: SHOW COLUMNS FROM `yk_shop_set` [ RunTime:0.0008s ]
SQL: SELECT * FROM `yk_shop_set` LIMIT 1   [ RunTime:0.0002s ]

[ 2016-09-25T15:06:34+08:00 ] 117.136.66.160 /Admin/Index/index
INFO: [ app_init ] --START--
INFO: Run Behavior\BuildLiteBehavior [ RunTime:0.000011s ]
INFO: [ app_init ] --END-- [ RunTime:0.000272s ]
INFO: [ app_begin ] --START--
INFO: Run Behavior\ReadHtmlCacheBehavior [ RunTime:0.000370s ]
INFO: [ app_begin ] --END-- [ RunTime:0.000408s ]
SQL: SHOW COLUMNS FROM `yk_set` [ RunTime:0.0006s ]
SQL: SELECT * FROM `yk_set` LIMIT 1   [ RunTime:0.0001s ]
SQL: SHOW COLUMNS FROM `yk_cms_set` [ RunTime:0.0004s ]
SQL: SELECT * FROM `yk_cms_set` LIMIT 1   [ RunTime:0.0001s ]
SQL: SHOW COLUMNS FROM `yk_shop_set` [ RunTime:0.0007s ]
SQL: SELECT * FROM `yk_shop_set` LIMIT 1   [ RunTime:0.0002s ]
SQL: SHOW COLUMNS FROM `yk_user_oath` [ RunTime:0.0003s ]
SQL: SELECT * FROM `yk_user_oath`  [ RunTime:0.0001s ]
INFO: [ view_parse ] --START--
INFO: [ template_filter ] --START--
INFO: Run Behavior\ContentReplaceBehavior [ RunTime:0.000131s ]
INFO: [ template_filter ] --END-- [ RunTime:0.000172s ]
INFO: Run Behavior\ParseTemplateBehavior [ RunTime:0.024067s ]
INFO: [ view_parse ] --END-- [ RunTime:0.024105s ]
INFO: [ view_filter ] --START--
INFO: Run Behavior\WriteHtmlCacheBehavior [ RunTime:0.000143s ]
INFO: [ view_filter ] --END-- [ RunTime:0.000176s ]
INFO: [ app_end ] --START--
INFO: Run Behavior\ShowPageTraceBehavior [ RunTime:0.000355s ]
INFO: [ app_end ] --END-- [ RunTime:0.000391s ]

[ 2016-09-25T15:06:34+08:00 ] 117.136.66.160 /Admin/Index/main
INFO: [ app_init ] --START--
INFO: Run Behavior\BuildLiteBehavior [ RunTime:0.000017s ]
INFO: [ app_init ] --END-- [ RunTime:0.000306s ]
INFO: [ app_begin ] --START--
INFO: Run Behavior\ReadHtmlCacheBehavior [ RunTime:0.000368s ]
INFO: [ app_begin ] --END-- [ RunTime:0.000404s ]
SQL: SHOW COLUMNS FROM `yk_set` [ RunTime:0.0008s ]
SQL: SELECT * FROM `yk_set` LIMIT 1   [ RunTime:0.0002s ]
SQL: SHOW COLUMNS FROM `yk_cms_set` [ RunTime:0.0004s ]
SQL: SELECT * FROM `yk_cms_set` LIMIT 1   [ RunTime:0.0001s ]
SQL: SHOW COLUMNS FROM `yk_shop_set` [ RunTime:0.0007s ]
SQL: SELECT * FROM `yk_shop_set` LIMIT 1   [ RunTime:0.0002s ]
INFO: [ view_parse ] --START--
INFO: [ template_filter ] --START--
INFO: Run Behavior\ContentReplaceBehavior [ RunTime:0.000034s ]
INFO: [ template_filter ] --END-- [ RunTime:0.000070s ]
INFO: Run Behavior\ParseTemplateBehavior [ RunTime:0.005184s ]
INFO: [ view_parse ] --END-- [ RunTime:0.005219s ]
INFO: [ view_filter ] --START--
INFO: Run Behavior\WriteHtmlCacheBehavior [ RunTime:0.000145s ]
INFO: [ view_filter ] --END-- [ RunTime:0.000175s ]
SQL: SHOW COLUMNS FROM `yk_vip` [ RunTime:0.0010s ]
SQL: SELECT COUNT(*) AS tp_count FROM `yk_vip` LIMIT 1   [ RunTime:0.0001s ]
SQL: SELECT COUNT(*) AS tp_count FROM `yk_vip` WHERE ( subscribe=1 ) LIMIT 1   [ RunTime:0.0004s ]
SQL: SELECT COUNT(*) AS tp_count FROM `yk_vip` WHERE `ctime` BETWEEN 1474732800 AND 1474819199 LIMIT 1   [ RunTime:0.0004s ]
SQL: SELECT COUNT(*) AS tp_count FROM `yk_vip` WHERE `ctime` BETWEEN 1474646400 AND 1474732799 LIMIT 1   [ RunTime:0.0003s ]
SQL: SHOW COLUMNS FROM `yk_shop_order` [ RunTime:0.0008s ]
SQL: SELECT COUNT(*) AS tp_count FROM `yk_shop_order` LIMIT 1   [ RunTime:0.0001s ]
SQL: SELECT COUNT(*) AS tp_count FROM `yk_shop_order` WHERE ( status=0 ) LIMIT 1   [ RunTime:0.0002s ]
SQL: SELECT COUNT(*) AS tp_count FROM `yk_shop_order` WHERE ( status=1 ) LIMIT 1   [ RunTime:0.0002s ]
SQL: SELECT COUNT(*) AS tp_count FROM `yk_shop_order` WHERE ( status=2 ) LIMIT 1   [ RunTime:0.0001s ]
SQL: SELECT COUNT(*) AS tp_count FROM `yk_shop_order` WHERE ( status=3 ) LIMIT 1   [ RunTime:0.0002s ]
SQL: SELECT COUNT(*) AS tp_count FROM `yk_shop_order` WHERE ( status=4 ) LIMIT 1   [ RunTime:0.0001s ]
SQL: SELECT COUNT(*) AS tp_count FROM `yk_shop_order` WHERE ( status=5 ) LIMIT 1   [ RunTime:0.0001s ]
SQL: SELECT COUNT(*) AS tp_count FROM `yk_shop_order` WHERE ( status=6 ) LIMIT 1   [ RunTime:0.0001s ]
SQL: SELECT COUNT(*) AS tp_count FROM `yk_shop_order` WHERE `ctime` BETWEEN 1474732800 AND 1474819199 LIMIT 1   [ RunTime:0.0002s ]
SQL: SELECT COUNT(*) AS tp_count FROM `yk_shop_order` WHERE `ctime` BETWEEN 1474646400 AND 1474732799 LIMIT 1   [ RunTime:0.0001s ]
SQL: SHOW COLUMNS FROM `yk_fx_syslog` [ RunTime:0.0004s ]
SQL: SELECT SUM(fxyj) AS tp_sum FROM `yk_fx_syslog` LIMIT 1   [ RunTime:0.0001s ]
SQL: SELECT SUM(fxyj) AS tp_sum FROM `yk_fx_syslog` WHERE `ctime` BETWEEN 1474732800 AND 1474819199 LIMIT 1   [ RunTime:0.0001s ]
SQL: SELECT SUM(fxyj) AS tp_sum FROM `yk_fx_syslog` WHERE `ctime` BETWEEN 1474646400 AND 1474732799 LIMIT 1   [ RunTime:0.0001s ]
NOTIC: [2] Division by zero /mnt/wwwroot/yikang.mubantang.com/Application/Admin/Controller/IndexController.class.php 第 144 行.
SQL: SELECT COUNT(*) AS tp_count FROM `yk_vip` WHERE `isfx` = 0 AND `isfxgd` = 0 LIMIT 1   [ RunTime:0.0004s ]
SQL: SELECT COUNT(*) AS tp_count FROM `yk_vip` WHERE `isfx` = 1 AND `isfxgd` = 0 LIMIT 1   [ RunTime:0.0003s ]
SQL: SELECT COUNT(*) AS tp_count FROM `yk_vip` WHERE ( isfxgd=1 ) LIMIT 1   [ RunTime:0.0003s ]
SQL: SHOW COLUMNS FROM `yk_vip_log_sub` [ RunTime:0.0004s ]
SQL: SELECT * FROM `yk_vip_log_sub` ORDER BY ctime desc LIMIT 5   [ RunTime:0.0002s ]
SQL: SELECT * FROM `yk_vip` WHERE ( id=369 ) LIMIT 1   [ RunTime:0.0002s ]
SQL: SELECT * FROM `yk_vip` WHERE ( id=365 ) LIMIT 1   [ RunTime:0.0002s ]
SQL: SELECT * FROM `yk_vip` WHERE ( id=365 ) LIMIT 1   [ RunTime:0.0002s ]
SQL: SELECT * FROM `yk_vip` WHERE ( id=366 ) LIMIT 1   [ RunTime:0.0002s ]
SQL: SELECT * FROM `yk_vip` WHERE ( id=365 ) LIMIT 1   [ RunTime:0.0002s ]
SQL: SELECT * FROM `yk_fx_syslog` ORDER BY ctime desc LIMIT 5   [ RunTime:0.0001s ]
SQL: SELECT * FROM `yk_vip` WHERE ( id=38 ) LIMIT 1   [ RunTime:0.0002s ]
SQL: SHOW COLUMNS FROM `yk_fx_log_tj` [ RunTime:0.0003s ]
SQL: SELECT * FROM `yk_fx_log_tj` ORDER BY ctime desc LIMIT 5   [ RunTime:0.0001s ]
SQL: SELECT * FROM `yk_shop_order` WHERE `ispay` = 1 AND `status` = 2 ORDER BY ctime desc LIMIT 5   [ RunTime:0.0003s ]
SQL: SELECT * FROM `yk_vip` WHERE ( id=369 ) LIMIT 1   [ RunTime:0.0002s ]
SQL: SELECT * FROM `yk_vip` WHERE ( id=349 ) LIMIT 1   [ RunTime:0.0002s ]
SQL: SELECT * FROM `yk_vip` WHERE ( id=346 ) LIMIT 1   [ RunTime:0.0002s ]
SQL: SELECT * FROM `yk_vip` WHERE ( id=335 ) LIMIT 1   [ RunTime:0.0002s ]
SQL: SELECT * FROM `yk_vip` WHERE ( id=330 ) LIMIT 1   [ RunTime:0.0002s ]
SQL: SELECT SUM(totalprice) AS tp_sum FROM `yk_shop_order` WHERE `ispay` = 1 LIMIT 1   [ RunTime:0.0002s ]
SQL: SELECT SUM(totalprice) AS tp_sum FROM `yk_shop_order` WHERE `status` = 5 LIMIT 1   [ RunTime:0.0002s ]
SQL: SELECT SUM(totalnum) AS tp_sum FROM `yk_shop_order` WHERE `ispay` = 1 LIMIT 1   [ RunTime:0.0002s ]
SQL: SHOW COLUMNS FROM `yk_vip_tx` [ RunTime:0.0004s ]
SQL: SELECT SUM(txprice) AS tp_sum FROM `yk_vip_tx` WHERE `status` = 2 LIMIT 1   [ RunTime:0.0001s ]
INFO: [ view_parse ] --START--
INFO: [ template_filter ] --START--
INFO: Run Behavior\ContentReplaceBehavior [ RunTime:0.000081s ]
INFO: [ template_filter ] --END-- [ RunTime:-0.032843s ]
INFO: Run Behavior\ParseTemplateBehavior [ RunTime:0.017895s ]
INFO: [ view_parse ] --END-- [ RunTime:-0.017160s ]
INFO: [ view_filter ] --START--
INFO: Run Behavior\WriteHtmlCacheBehavior [ RunTime:0.000010s ]
INFO: [ view_filter ] --END-- [ RunTime:-0.034920s ]
INFO: [ app_end ] --START--
INFO: Run Behavior\ShowPageTraceBehavior [ RunTime:0.000414s ]
INFO: [ app_end ] --END-- [ RunTime:0.000454s ]

[ 2016-09-25T16:46:09+08:00 ] 183.9.134.108 /favicon.ico
INFO: [ app_init ] --START--
INFO: Run Behavior\BuildLiteBehavior [ RunTime:0.000013s ]
INFO: [ app_init ] --END-- [ RunTime:0.000301s ]

[ 2016-09-25T18:14:52+08:00 ] 183.9.134.108 /favicon.ico
INFO: [ app_init ] --START--
INFO: Run Behavior\BuildLiteBehavior [ RunTime:0.000012s ]
INFO: [ app_init ] --END-- [ RunTime:0.000290s ]

