[ 2016-10-12T10:30:53+08:00 ] 140.207.55.79 /
INFO: [ app_init ] --START--
INFO: Run Behavior\BuildLiteBehavior [ RunTime:0.000011s ]
INFO: [ app_init ] --END-- [ RunTime:0.000294s ]
INFO: [ app_begin ] --START--
INFO: Run Behavior\ReadHtmlCacheBehavior [ RunTime:0.000351s ]
INFO: [ app_begin ] --END-- [ RunTime:0.000389s ]
SQL: SHOW COLUMNS FROM `yk_set` [ RunTime:0.0006s ]
SQL: SELECT * FROM `yk_set` LIMIT 1   [ RunTime:0.0001s ]
SQL: SHOW COLUMNS FROM `yk_cms_set` [ RunTime:0.0004s ]
SQL: SELECT * FROM `yk_cms_set` LIMIT 1   [ RunTime:0.0001s ]
SQL: SHOW COLUMNS FROM `yk_shop_set` [ RunTime:0.0007s ]
SQL: SELECT * FROM `yk_shop_set` LIMIT 1   [ RunTime:0.0002s ]

[ 2016-10-12T10:30:53+08:00 ] 140.207.185.125 /
INFO: [ app_init ] --START--
INFO: Run Behavior\BuildLiteBehavior [ RunTime:0.000011s ]
INFO: [ app_init ] --END-- [ RunTime:0.000275s ]
INFO: [ app_begin ] --START--
INFO: Run Behavior\ReadHtmlCacheBehavior [ RunTime:0.000347s ]
INFO: [ app_begin ] --END-- [ RunTime:0.000384s ]
SQL: SHOW COLUMNS FROM `yk_set` [ RunTime:0.0006s ]
SQL: SELECT * FROM `yk_set` LIMIT 1   [ RunTime:0.0001s ]
SQL: SHOW COLUMNS FROM `yk_cms_set` [ RunTime:0.0004s ]
SQL: SELECT * FROM `yk_cms_set` LIMIT 1   [ RunTime:0.0001s ]
SQL: SHOW COLUMNS FROM `yk_shop_set` [ RunTime:0.0007s ]
SQL: SELECT * FROM `yk_shop_set` LIMIT 1   [ RunTime:0.0002s ]

[ 2016-10-12T10:31:03+08:00 ] 117.185.27.102 /
INFO: [ app_init ] --START--
INFO: Run Behavior\BuildLiteBehavior [ RunTime:0.000012s ]
INFO: [ app_init ] --END-- [ RunTime:0.000364s ]
INFO: [ app_begin ] --START--
INFO: Run Behavior\ReadHtmlCacheBehavior [ RunTime:0.000508s ]
INFO: [ app_begin ] --END-- [ RunTime:0.000546s ]
SQL: SHOW COLUMNS FROM `yk_set` [ RunTime:0.0007s ]
SQL: SELECT * FROM `yk_set` LIMIT 1   [ RunTime:0.0002s ]
SQL: SHOW COLUMNS FROM `yk_cms_set` [ RunTime:0.0004s ]
SQL: SELECT * FROM `yk_cms_set` LIMIT 1   [ RunTime:0.0001s ]
SQL: SHOW COLUMNS FROM `yk_shop_set` [ RunTime:0.0007s ]
SQL: SELECT * FROM `yk_shop_set` LIMIT 1   [ RunTime:0.0002s ]

[ 2016-10-12T10:31:11+08:00 ] 101.226.125.120 /favicon.ico
INFO: [ app_init ] --START--
INFO: Run Behavior\BuildLiteBehavior [ RunTime:0.000011s ]
INFO: [ app_init ] --END-- [ RunTime:0.000285s ]

[ 2016-10-12T10:31:11+08:00 ] 101.226.125.120 /favicon.ico
INFO: [ app_init ] --START--
INFO: Run Behavior\BuildLiteBehavior [ RunTime:0.000012s ]
INFO: [ app_init ] --END-- [ RunTime:0.000307s ]

[ 2016-10-12T12:36:51+08:00 ] 124.161.23.61 /
INFO: [ app_init ] --START--
INFO: Run Behavior\BuildLiteBehavior [ RunTime:0.000012s ]
INFO: [ app_init ] --END-- [ RunTime:0.000286s ]
INFO: [ app_begin ] --START--
INFO: Run Behavior\ReadHtmlCacheBehavior [ RunTime:0.000479s ]
INFO: [ app_begin ] --END-- [ RunTime:0.000518s ]
SQL: SHOW COLUMNS FROM `yk_set` [ RunTime:0.0007s ]
SQL: SELECT * FROM `yk_set` LIMIT 1   [ RunTime:0.0002s ]
SQL: SHOW COLUMNS FROM `yk_cms_set` [ RunTime:0.0004s ]
SQL: SELECT * FROM `yk_cms_set` LIMIT 1   [ RunTime:0.0001s ]
SQL: SHOW COLUMNS FROM `yk_shop_set` [ RunTime:0.0009s ]
SQL: SELECT * FROM `yk_shop_set` LIMIT 1   [ RunTime:0.0017s ]

[ 2016-10-12T12:36:51+08:00 ] 124.161.23.60 /
INFO: [ app_init ] --START--
INFO: Run Behavior\BuildLiteBehavior [ RunTime:0.000010s ]
INFO: [ app_init ] --END-- [ RunTime:0.000271s ]
INFO: [ app_begin ] --START--
INFO: Run Behavior\ReadHtmlCacheBehavior [ RunTime:0.000353s ]
INFO: [ app_begin ] --END-- [ RunTime:0.004424s ]
SQL: SHOW COLUMNS FROM `yk_set` [ RunTime:0.0005s ]
SQL: SELECT * FROM `yk_set` LIMIT 1   [ RunTime:0.0001s ]
SQL: SHOW COLUMNS FROM `yk_cms_set` [ RunTime:0.0004s ]
SQL: SELECT * FROM `yk_cms_set` LIMIT 1   [ RunTime:0.0016s ]
SQL: SHOW COLUMNS FROM `yk_shop_set` [ RunTime:0.0006s ]
SQL: SELECT * FROM `yk_shop_set` LIMIT 1   [ RunTime:0.0002s ]

[ 2016-10-12T12:36:51+08:00 ] 117.175.88.50 /
INFO: [ app_init ] --START--
INFO: Run Behavior\BuildLiteBehavior [ RunTime:0.000012s ]
INFO: [ app_init ] --END-- [ RunTime:0.000305s ]
INFO: [ app_begin ] --START--
INFO: Run Behavior\ReadHtmlCacheBehavior [ RunTime:0.000352s ]
INFO: [ app_begin ] --END-- [ RunTime:0.000389s ]
SQL: SHOW COLUMNS FROM `yk_set` [ RunTime:0.0005s ]
SQL: SELECT * FROM `yk_set` LIMIT 1   [ RunTime:0.0002s ]
SQL: SHOW COLUMNS FROM `yk_cms_set` [ RunTime:0.0006s ]
SQL: SELECT * FROM `yk_cms_set` LIMIT 1   [ RunTime:0.0006s ]
SQL: SHOW COLUMNS FROM `yk_shop_set` [ RunTime:0.0007s ]
SQL: SELECT * FROM `yk_shop_set` LIMIT 1   [ RunTime:0.0012s ]

[ 2016-10-12T12:36:51+08:00 ] 223.85.132.35 /
INFO: [ app_init ] --START--
INFO: Run Behavior\BuildLiteBehavior [ RunTime:0.000010s ]
INFO: [ app_init ] --END-- [ RunTime:0.000266s ]
INFO: [ app_begin ] --START--
INFO: Run Behavior\ReadHtmlCacheBehavior [ RunTime:0.000372s ]
INFO: [ app_begin ] --END-- [ RunTime:0.000410s ]
SQL: SHOW COLUMNS FROM `yk_set` [ RunTime:0.0007s ]
SQL: SELECT * FROM `yk_set` LIMIT 1   [ RunTime:0.0012s ]
SQL: SHOW COLUMNS FROM `yk_cms_set` [ RunTime:0.0009s ]
SQL: SELECT * FROM `yk_cms_set` LIMIT 1   [ RunTime:0.0013s ]
SQL: SHOW COLUMNS FROM `yk_shop_set` [ RunTime:0.0006s ]
SQL: SELECT * FROM `yk_shop_set` LIMIT 1   [ RunTime:0.0016s ]

[ 2016-10-12T12:36:56+08:00 ] 124.161.23.11 /
INFO: [ app_init ] --START--
INFO: Run Behavior\BuildLiteBehavior [ RunTime:0.000012s ]
INFO: [ app_init ] --END-- [ RunTime:0.000302s ]
INFO: [ app_begin ] --START--
INFO: Run Behavior\ReadHtmlCacheBehavior [ RunTime:0.000349s ]
INFO: [ app_begin ] --END-- [ RunTime:0.000387s ]
SQL: SHOW COLUMNS FROM `yk_set` [ RunTime:0.0006s ]
SQL: SELECT * FROM `yk_set` LIMIT 1   [ RunTime:0.0005s ]
SQL: SHOW COLUMNS FROM `yk_cms_set` [ RunTime:0.0004s ]
SQL: SELECT * FROM `yk_cms_set` LIMIT 1   [ RunTime:0.0001s ]
SQL: SHOW COLUMNS FROM `yk_shop_set` [ RunTime:0.0009s ]
SQL: SELECT * FROM `yk_shop_set` LIMIT 1   [ RunTime:0.0002s ]

[ 2016-10-12T12:36:56+08:00 ] 223.85.132.24 /
INFO: [ app_init ] --START--
INFO: Run Behavior\BuildLiteBehavior [ RunTime:0.000011s ]
INFO: [ app_init ] --END-- [ RunTime:0.000272s ]
INFO: [ app_begin ] --START--
INFO: Run Behavior\ReadHtmlCacheBehavior [ RunTime:0.000368s ]
INFO: [ app_begin ] --END-- [ RunTime:0.000406s ]
SQL: SHOW COLUMNS FROM `yk_set` [ RunTime:0.0005s ]
SQL: SELECT * FROM `yk_set` LIMIT 1   [ RunTime:0.0005s ]
SQL: SHOW COLUMNS FROM `yk_cms_set` [ RunTime:0.0004s ]
SQL: SELECT * FROM `yk_cms_set` LIMIT 1   [ RunTime:0.0001s ]
SQL: SHOW COLUMNS FROM `yk_shop_set` [ RunTime:0.0007s ]
SQL: SELECT * FROM `yk_shop_set` LIMIT 1   [ RunTime:0.0002s ]

[ 2016-10-12T12:37:21+08:00 ] 182.140.177.166 /favicon.ico
INFO: [ app_init ] --START--
INFO: Run Behavior\BuildLiteBehavior [ RunTime:0.000013s ]
INFO: [ app_init ] --END-- [ RunTime:0.000306s ]

[ 2016-10-12T12:38:51+08:00 ] 182.140.177.166 /favicon.ico
INFO: [ app_init ] --START--
INFO: Run Behavior\BuildLiteBehavior [ RunTime:0.000013s ]
INFO: [ app_init ] --END-- [ RunTime:0.000288s ]

[ 2016-10-12T12:39:00+08:00 ] 182.140.177.166 /favicon.ico
INFO: [ app_init ] --START--
INFO: Run Behavior\BuildLiteBehavior [ RunTime:0.000011s ]
INFO: [ app_init ] --END-- [ RunTime:0.000280s ]

[ 2016-10-12T12:39:10+08:00 ] 110.155.171.42 /favicon.ico
INFO: [ app_init ] --START--
INFO: Run Behavior\BuildLiteBehavior [ RunTime:0.000012s ]
INFO: [ app_init ] --END-- [ RunTime:0.000311s ]

[ 2016-10-12T13:25:11+08:00 ] 163.177.93.244 /
INFO: [ app_init ] --START--
INFO: Run Behavior\BuildLiteBehavior [ RunTime:0.000015s ]
INFO: [ app_init ] --END-- [ RunTime:0.000320s ]
INFO: [ app_begin ] --START--
INFO: Run Behavior\ReadHtmlCacheBehavior [ RunTime:0.000358s ]
INFO: [ app_begin ] --END-- [ RunTime:0.000396s ]
SQL: SHOW COLUMNS FROM `yk_set` [ RunTime:0.0007s ]
SQL: SELECT * FROM `yk_set` LIMIT 1   [ RunTime:0.0002s ]
SQL: SHOW COLUMNS FROM `yk_cms_set` [ RunTime:0.0004s ]
SQL: SELECT * FROM `yk_cms_set` LIMIT 1   [ RunTime:0.0001s ]
SQL: SHOW COLUMNS FROM `yk_shop_set` [ RunTime:0.0008s ]
SQL: SELECT * FROM `yk_shop_set` LIMIT 1   [ RunTime:0.0002s ]

[ 2016-10-12T13:25:12+08:00 ] 183.232.90.80 /
INFO: [ app_init ] --START--
INFO: Run Behavior\BuildLiteBehavior [ RunTime:0.000013s ]
INFO: [ app_init ] --END-- [ RunTime:0.000303s ]
INFO: [ app_begin ] --START--
INFO: Run Behavior\ReadHtmlCacheBehavior [ RunTime:0.000371s ]
INFO: [ app_begin ] --END-- [ RunTime:0.000410s ]
SQL: SHOW COLUMNS FROM `yk_set` [ RunTime:0.0007s ]
SQL: SELECT * FROM `yk_set` LIMIT 1   [ RunTime:0.0002s ]
SQL: SHOW COLUMNS FROM `yk_cms_set` [ RunTime:0.0004s ]
SQL: SELECT * FROM `yk_cms_set` LIMIT 1   [ RunTime:0.0001s ]
SQL: SHOW COLUMNS FROM `yk_shop_set` [ RunTime:0.0007s ]
SQL: SELECT * FROM `yk_shop_set` LIMIT 1   [ RunTime:0.0002s ]

[ 2016-10-12T14:54:27+08:00 ] 113.119.76.69 /
INFO: [ app_init ] --START--
INFO: Run Behavior\BuildLiteBehavior [ RunTime:0.000013s ]
INFO: [ app_init ] --END-- [ RunTime:0.000331s ]
INFO: [ app_begin ] --START--
INFO: Run Behavior\ReadHtmlCacheBehavior [ RunTime:0.000350s ]
INFO: [ app_begin ] --END-- [ RunTime:0.000390s ]
SQL: SHOW COLUMNS FROM `yk_set` [ RunTime:0.0008s ]
SQL: SELECT * FROM `yk_set` LIMIT 1   [ RunTime:0.0002s ]
SQL: SHOW COLUMNS FROM `yk_cms_set` [ RunTime:0.0006s ]
SQL: SELECT * FROM `yk_cms_set` LIMIT 1   [ RunTime:0.0001s ]
SQL: SHOW COLUMNS FROM `yk_shop_set` [ RunTime:0.0008s ]
SQL: SELECT * FROM `yk_shop_set` LIMIT 1   [ RunTime:0.0002s ]

[ 2016-10-12T14:54:27+08:00 ] 113.119.76.69 /Admin/Public/login
INFO: [ app_init ] --START--
INFO: Run Behavior\BuildLiteBehavior [ RunTime:0.000012s ]
INFO: [ app_init ] --END-- [ RunTime:0.000300s ]
INFO: [ app_begin ] --START--
INFO: Run Behavior\ReadHtmlCacheBehavior [ RunTime:0.000346s ]
INFO: [ app_begin ] --END-- [ RunTime:0.000383s ]
SQL: SHOW COLUMNS FROM `yk_set` [ RunTime:0.0007s ]
SQL: SELECT * FROM `yk_set` LIMIT 1   [ RunTime:0.0002s ]
SQL: SHOW COLUMNS FROM `yk_cms_set` [ RunTime:0.0004s ]
SQL: SELECT * FROM `yk_cms_set` LIMIT 1   [ RunTime:0.0001s ]
SQL: SHOW COLUMNS FROM `yk_shop_set` [ RunTime:0.0008s ]
SQL: SELECT * FROM `yk_shop_set` LIMIT 1   [ RunTime:0.0002s ]
NOTIC: [8] Undefined index: uid /mnt/wwwroot/yikang.mubantang.com/Application/Admin/Controller/PublicController.class.php 第 49 行.
INFO: [ view_parse ] --START--
INFO: [ template_filter ] --START--
INFO: Run Behavior\ContentReplaceBehavior [ RunTime:0.000080s ]
INFO: [ template_filter ] --END-- [ RunTime:0.000137s ]
INFO: Run Behavior\ParseTemplateBehavior [ RunTime:0.109006s ]
INFO: [ view_parse ] --END-- [ RunTime:0.109044s ]
INFO: [ view_filter ] --START--
INFO: Run Behavior\WriteHtmlCacheBehavior [ RunTime:0.000144s ]
INFO: [ view_filter ] --END-- [ RunTime:0.000176s ]
INFO: [ app_end ] --START--
INFO: Run Behavior\ShowPageTraceBehavior [ RunTime:0.000382s ]
INFO: [ app_end ] --END-- [ RunTime:0.000418s ]

[ 2016-10-12T14:54:58+08:00 ] 113.119.76.69 /Admin/Public/login
INFO: [ app_init ] --START--
INFO: Run Behavior\BuildLiteBehavior [ RunTime:0.000012s ]
INFO: [ app_init ] --END-- [ RunTime:0.000307s ]
INFO: [ app_begin ] --START--
INFO: Run Behavior\ReadHtmlCacheBehavior [ RunTime:0.000354s ]
INFO: [ app_begin ] --END-- [ RunTime:0.000393s ]
SQL: SHOW COLUMNS FROM `yk_set` [ RunTime:0.0007s ]
SQL: SELECT * FROM `yk_set` LIMIT 1   [ RunTime:0.0002s ]
SQL: SHOW COLUMNS FROM `yk_cms_set` [ RunTime:0.0004s ]
SQL: SELECT * FROM `yk_cms_set` LIMIT 1   [ RunTime:0.0001s ]
SQL: SHOW COLUMNS FROM `yk_shop_set` [ RunTime:0.0007s ]
SQL: SELECT * FROM `yk_shop_set` LIMIT 1   [ RunTime:0.0002s ]
NOTIC: [8] Undefined index: uid /mnt/wwwroot/yikang.mubantang.com/Application/Admin/Controller/PublicController.class.php 第 49 行.
INFO: [ view_parse ] --START--
INFO: [ template_filter ] --START--
INFO: Run Behavior\ContentReplaceBehavior [ RunTime:0.000044s ]
INFO: [ template_filter ] --END-- [ RunTime:0.000081s ]
INFO: Run Behavior\ParseTemplateBehavior [ RunTime:0.004854s ]
INFO: [ view_parse ] --END-- [ RunTime:0.004891s ]
INFO: [ view_filter ] --START--
INFO: Run Behavior\WriteHtmlCacheBehavior [ RunTime:0.000146s ]
INFO: [ view_filter ] --END-- [ RunTime:0.000178s ]
INFO: [ app_end ] --START--
INFO: Run Behavior\ShowPageTraceBehavior [ RunTime:0.000378s ]
INFO: [ app_end ] --END-- [ RunTime:0.000459s ]

[ 2016-10-12T14:56:01+08:00 ] 113.119.76.69 /Admin/Public/verify
INFO: [ app_init ] --START--
INFO: Run Behavior\BuildLiteBehavior [ RunTime:0.000013s ]
INFO: [ app_init ] --END-- [ RunTime:0.000287s ]
INFO: [ app_begin ] --START--
INFO: Run Behavior\ReadHtmlCacheBehavior [ RunTime:0.000396s ]
INFO: [ app_begin ] --END-- [ RunTime:0.000435s ]
SQL: SHOW COLUMNS FROM `yk_set` [ RunTime:0.0008s ]
SQL: SELECT * FROM `yk_set` LIMIT 1   [ RunTime:0.0002s ]
SQL: SHOW COLUMNS FROM `yk_cms_set` [ RunTime:0.0004s ]
SQL: SELECT * FROM `yk_cms_set` LIMIT 1   [ RunTime:0.0001s ]
SQL: SHOW COLUMNS FROM `yk_shop_set` [ RunTime:0.0008s ]
SQL: SELECT * FROM `yk_shop_set` LIMIT 1   [ RunTime:0.0002s ]
INFO: [ app_end ] --START--
INFO: Run Behavior\ShowPageTraceBehavior [ RunTime:0.000424s ]
INFO: [ app_end ] --END-- [ RunTime:0.000466s ]

[ 2016-10-12T14:56:14+08:00 ] 113.119.76.69 /Admin/Public/login
INFO: [ app_init ] --START--
INFO: Run Behavior\BuildLiteBehavior [ RunTime:0.000013s ]
INFO: [ app_init ] --END-- [ RunTime:0.000314s ]
INFO: [ app_begin ] --START--
INFO: Run Behavior\ReadHtmlCacheBehavior [ RunTime:0.000435s ]
INFO: [ app_begin ] --END-- [ RunTime:0.000473s ]
SQL: SHOW COLUMNS FROM `yk_set` [ RunTime:0.0008s ]
SQL: SELECT * FROM `yk_set` LIMIT 1   [ RunTime:0.0002s ]
SQL: SHOW COLUMNS FROM `yk_cms_set` [ RunTime:0.0101s ]
SQL: SELECT * FROM `yk_cms_set` LIMIT 1   [ RunTime:0.0001s ]
SQL: SHOW COLUMNS FROM `yk_shop_set` [ RunTime:0.0008s ]
SQL: SELECT * FROM `yk_shop_set` LIMIT 1   [ RunTime:0.0002s ]
SQL: SHOW COLUMNS FROM `yk_user` [ RunTime:0.0182s ]
SQL: SELECT * FROM `yk_user` WHERE `username` = 'admin' AND `userpass` = '21232f297a57a5a743894a0e4a801fc3' LIMIT 1   [ RunTime:0.0046s ]
SQL: SHOW COLUMNS FROM `yk_employee` [ RunTime:0.0005s ]
SQL: SELECT * FROM `yk_employee` WHERE `username` = 'admin' AND `userpass` = '21232f297a57a5a743894a0e4a801fc3' LIMIT 1   [ RunTime:0.0002s ]

[ 2016-10-12T14:56:17+08:00 ] 113.119.76.69 /Admin/Index/index
INFO: [ app_init ] --START--
INFO: Run Behavior\BuildLiteBehavior [ RunTime:0.000012s ]
INFO: [ app_init ] --END-- [ RunTime:0.000281s ]
INFO: [ app_begin ] --START--
INFO: Run Behavior\ReadHtmlCacheBehavior [ RunTime:0.000349s ]
INFO: [ app_begin ] --END-- [ RunTime:0.000388s ]
SQL: SHOW COLUMNS FROM `yk_set` [ RunTime:0.0007s ]
SQL: SELECT * FROM `yk_set` LIMIT 1   [ RunTime:0.0002s ]
SQL: SHOW COLUMNS FROM `yk_cms_set` [ RunTime:0.0004s ]
SQL: SELECT * FROM `yk_cms_set` LIMIT 1   [ RunTime:0.0001s ]
SQL: SHOW COLUMNS FROM `yk_shop_set` [ RunTime:0.0007s ]
SQL: SELECT * FROM `yk_shop_set` LIMIT 1   [ RunTime:0.0002s ]
SQL: SHOW COLUMNS FROM `yk_user_oath` [ RunTime:0.0038s ]
SQL: SELECT * FROM `yk_user_oath`  [ RunTime:0.0009s ]
INFO: [ view_parse ] --START--
INFO: [ template_filter ] --START--
INFO: Run Behavior\ContentReplaceBehavior [ RunTime:0.000138s ]
INFO: [ template_filter ] --END-- [ RunTime:0.000187s ]
INFO: Run Behavior\ParseTemplateBehavior [ RunTime:0.062326s ]
INFO: [ view_parse ] --END-- [ RunTime:0.062366s ]
INFO: [ view_filter ] --START--
INFO: Run Behavior\WriteHtmlCacheBehavior [ RunTime:0.000155s ]
INFO: [ view_filter ] --END-- [ RunTime:0.000189s ]
INFO: [ app_end ] --START--
INFO: Run Behavior\ShowPageTraceBehavior [ RunTime:0.000377s ]
INFO: [ app_end ] --END-- [ RunTime:0.000417s ]

[ 2016-10-12T15:02:01+08:00 ] 117.136.32.108 /Admin/Index/index
INFO: [ app_init ] --START--
INFO: Run Behavior\BuildLiteBehavior [ RunTime:0.000014s ]
INFO: [ app_init ] --END-- [ RunTime:0.000308s ]
INFO: [ app_begin ] --START--
INFO: Run Behavior\ReadHtmlCacheBehavior [ RunTime:0.000401s ]
INFO: [ app_begin ] --END-- [ RunTime:0.000441s ]
SQL: SHOW COLUMNS FROM `yk_set` [ RunTime:0.0007s ]
SQL: SELECT * FROM `yk_set` LIMIT 1   [ RunTime:0.0002s ]
SQL: SHOW COLUMNS FROM `yk_cms_set` [ RunTime:0.0004s ]
SQL: SELECT * FROM `yk_cms_set` LIMIT 1   [ RunTime:0.0001s ]
SQL: SHOW COLUMNS FROM `yk_shop_set` [ RunTime:0.0007s ]
SQL: SELECT * FROM `yk_shop_set` LIMIT 1   [ RunTime:0.0002s ]
SQL: SHOW COLUMNS FROM `yk_user_oath` [ RunTime:0.0005s ]
SQL: SELECT * FROM `yk_user_oath`  [ RunTime:0.0001s ]
INFO: [ view_parse ] --START--
INFO: [ template_filter ] --START--
INFO: Run Behavior\ContentReplaceBehavior [ RunTime:0.000158s ]
INFO: [ template_filter ] --END-- [ RunTime:0.000204s ]
INFO: Run Behavior\ParseTemplateBehavior [ RunTime:0.024558s ]
INFO: [ view_parse ] --END-- [ RunTime:0.024606s ]
INFO: [ view_filter ] --START--
INFO: Run Behavior\WriteHtmlCacheBehavior [ RunTime:0.000155s ]
INFO: [ view_filter ] --END-- [ RunTime:0.000194s ]
INFO: [ app_end ] --START--
INFO: Run Behavior\ShowPageTraceBehavior [ RunTime:0.000473s ]
INFO: [ app_end ] --END-- [ RunTime:0.000514s ]

[ 2016-10-12T15:02:02+08:00 ] 117.136.32.108 /Admin/Index/main
INFO: [ app_init ] --START--
INFO: Run Behavior\BuildLiteBehavior [ RunTime:0.000012s ]
INFO: [ app_init ] --END-- [ RunTime:0.000296s ]
INFO: [ app_begin ] --START--
INFO: Run Behavior\ReadHtmlCacheBehavior [ RunTime:0.000438s ]
INFO: [ app_begin ] --END-- [ RunTime:0.000474s ]
SQL: SHOW COLUMNS FROM `yk_set` [ RunTime:0.0007s ]
SQL: SELECT * FROM `yk_set` LIMIT 1   [ RunTime:0.0002s ]
SQL: SHOW COLUMNS FROM `yk_cms_set` [ RunTime:0.0004s ]
SQL: SELECT * FROM `yk_cms_set` LIMIT 1   [ RunTime:0.0001s ]
SQL: SHOW COLUMNS FROM `yk_shop_set` [ RunTime:0.0007s ]
SQL: SELECT * FROM `yk_shop_set` LIMIT 1   [ RunTime:0.0002s ]
INFO: [ view_parse ] --START--
INFO: [ template_filter ] --START--
INFO: Run Behavior\ContentReplaceBehavior [ RunTime:0.000030s ]
INFO: [ template_filter ] --END-- [ RunTime:0.000085s ]
INFO: Run Behavior\ParseTemplateBehavior [ RunTime:0.035368s ]
INFO: [ view_parse ] --END-- [ RunTime:0.035403s ]
INFO: [ view_filter ] --START--
INFO: Run Behavior\WriteHtmlCacheBehavior [ RunTime:0.000150s ]
INFO: [ view_filter ] --END-- [ RunTime:0.000180s ]
SQL: SHOW COLUMNS FROM `yk_vip` [ RunTime:0.0011s ]
SQL: SELECT COUNT(*) AS tp_count FROM `yk_vip` LIMIT 1   [ RunTime:0.0001s ]
SQL: SELECT COUNT(*) AS tp_count FROM `yk_vip` WHERE ( subscribe=1 ) LIMIT 1   [ RunTime:0.0004s ]
SQL: SELECT COUNT(*) AS tp_count FROM `yk_vip` WHERE `ctime` BETWEEN 1476201600 AND 1476287999 LIMIT 1   [ RunTime:0.0004s ]
SQL: SELECT COUNT(*) AS tp_count FROM `yk_vip` WHERE `ctime` BETWEEN 1476115200 AND 1476201599 LIMIT 1   [ RunTime:0.0003s ]
SQL: SHOW COLUMNS FROM `yk_shop_order` [ RunTime:0.0234s ]
SQL: SELECT COUNT(*) AS tp_count FROM `yk_shop_order` LIMIT 1   [ RunTime:0.0001s ]
SQL: SELECT COUNT(*) AS tp_count FROM `yk_shop_order` WHERE ( status=0 ) LIMIT 1   [ RunTime:0.0217s ]
SQL: SELECT COUNT(*) AS tp_count FROM `yk_shop_order` WHERE ( status=1 ) LIMIT 1   [ RunTime:0.0003s ]
SQL: SELECT COUNT(*) AS tp_count FROM `yk_shop_order` WHERE ( status=2 ) LIMIT 1   [ RunTime:0.0002s ]
SQL: SELECT COUNT(*) AS tp_count FROM `yk_shop_order` WHERE ( status=3 ) LIMIT 1   [ RunTime:0.0002s ]
SQL: SELECT COUNT(*) AS tp_count FROM `yk_shop_order` WHERE ( status=4 ) LIMIT 1   [ RunTime:0.0002s ]
SQL: SELECT COUNT(*) AS tp_count FROM `yk_shop_order` WHERE ( status=5 ) LIMIT 1   [ RunTime:0.0002s ]
SQL: SELECT COUNT(*) AS tp_count FROM `yk_shop_order` WHERE ( status=6 ) LIMIT 1   [ RunTime:0.0002s ]
SQL: SELECT COUNT(*) AS tp_count FROM `yk_shop_order` WHERE `ctime` BETWEEN 1476201600 AND 1476287999 LIMIT 1   [ RunTime:0.0002s ]
SQL: SELECT COUNT(*) AS tp_count FROM `yk_shop_order` WHERE `ctime` BETWEEN 1476115200 AND 1476201599 LIMIT 1   [ RunTime:0.0002s ]
SQL: SHOW COLUMNS FROM `yk_fx_syslog` [ RunTime:0.0031s ]
SQL: SELECT SUM(fxyj) AS tp_sum FROM `yk_fx_syslog` LIMIT 1   [ RunTime:0.0013s ]
SQL: SELECT SUM(fxyj) AS tp_sum FROM `yk_fx_syslog` WHERE `ctime` BETWEEN 1476201600 AND 1476287999 LIMIT 1   [ RunTime:0.0001s ]
SQL: SELECT SUM(fxyj) AS tp_sum FROM `yk_fx_syslog` WHERE `ctime` BETWEEN 1476115200 AND 1476201599 LIMIT 1   [ RunTime:0.0001s ]
NOTIC: [2] Division by zero /mnt/wwwroot/yikang.mubantang.com/Application/Admin/Controller/IndexController.class.php 第 144 行.
SQL: SELECT COUNT(*) AS tp_count FROM `yk_vip` WHERE `isfx` = 0 AND `isfxgd` = 0 LIMIT 1   [ RunTime:0.0004s ]
SQL: SELECT COUNT(*) AS tp_count FROM `yk_vip` WHERE `isfx` = 1 AND `isfxgd` = 0 LIMIT 1   [ RunTime:0.0004s ]
SQL: SELECT COUNT(*) AS tp_count FROM `yk_vip` WHERE ( isfxgd=1 ) LIMIT 1   [ RunTime:0.0003s ]
SQL: SHOW COLUMNS FROM `yk_vip_log_sub` [ RunTime:0.0005s ]
SQL: SELECT * FROM `yk_vip_log_sub` ORDER BY ctime desc LIMIT 5   [ RunTime:0.0042s ]
SQL: SELECT * FROM `yk_vip` WHERE ( id=391 ) LIMIT 1   [ RunTime:0.0002s ]
SQL: SELECT * FROM `yk_vip` WHERE ( id=388 ) LIMIT 1   [ RunTime:0.0002s ]
SQL: SELECT * FROM `yk_vip` WHERE ( id=384 ) LIMIT 1   [ RunTime:0.0002s ]
SQL: SELECT * FROM `yk_vip` WHERE ( id=381 ) LIMIT 1   [ RunTime:0.0002s ]
SQL: SELECT * FROM `yk_vip` WHERE ( id=382 ) LIMIT 1   [ RunTime:0.0002s ]
SQL: SELECT * FROM `yk_fx_syslog` ORDER BY ctime desc LIMIT 5   [ RunTime:0.0001s ]
SQL: SELECT * FROM `yk_vip` WHERE ( id=38 ) LIMIT 1   [ RunTime:0.0002s ]
SQL: SHOW COLUMNS FROM `yk_fx_log_tj` [ RunTime:0.0030s ]
SQL: SELECT * FROM `yk_fx_log_tj` ORDER BY ctime desc LIMIT 5   [ RunTime:0.0001s ]
SQL: SELECT * FROM `yk_shop_order` WHERE `ispay` = 1 AND `status` = 2 ORDER BY ctime desc LIMIT 5   [ RunTime:0.0003s ]
SQL: SELECT * FROM `yk_vip` WHERE ( id=380 ) LIMIT 1   [ RunTime:0.0002s ]
SQL: SELECT * FROM `yk_vip` WHERE ( id=382 ) LIMIT 1   [ RunTime:0.0002s ]
SQL: SELECT * FROM `yk_vip` WHERE ( id=367 ) LIMIT 1   [ RunTime:0.0002s ]
SQL: SELECT * FROM `yk_vip` WHERE ( id=150 ) LIMIT 1   [ RunTime:0.0002s ]
SQL: SELECT * FROM `yk_vip` WHERE ( id=371 ) LIMIT 1   [ RunTime:0.0002s ]
SQL: SELECT SUM(totalprice) AS tp_sum FROM `yk_shop_order` WHERE `ispay` = 1 LIMIT 1   [ RunTime:0.0002s ]
SQL: SELECT SUM(totalprice) AS tp_sum FROM `yk_shop_order` WHERE `status` = 5 LIMIT 1   [ RunTime:0.0002s ]
SQL: SELECT SUM(totalnum) AS tp_sum FROM `yk_shop_order` WHERE `ispay` = 1 LIMIT 1   [ RunTime:0.0002s ]
SQL: SHOW COLUMNS FROM `yk_vip_tx` [ RunTime:0.0027s ]
SQL: SELECT SUM(txprice) AS tp_sum FROM `yk_vip_tx` WHERE `status` = 2 LIMIT 1   [ RunTime:0.0001s ]
INFO: [ view_parse ] --START--
INFO: [ template_filter ] --START--
INFO: Run Behavior\ContentReplaceBehavior [ RunTime:0.000086s ]
INFO: [ template_filter ] --END-- [ RunTime:-0.096695s ]
INFO: Run Behavior\ParseTemplateBehavior [ RunTime:0.022074s ]
INFO: [ view_parse ] --END-- [ RunTime:-0.076071s ]
INFO: [ view_filter ] --START--
INFO: Run Behavior\WriteHtmlCacheBehavior [ RunTime:0.000011s ]
INFO: [ view_filter ] --END-- [ RunTime:-0.098011s ]
INFO: [ app_end ] --START--
INFO: Run Behavior\ShowPageTraceBehavior [ RunTime:0.000440s ]
INFO: [ app_end ] --END-- [ RunTime:0.000478s ]

[ 2016-10-12T15:06:11+08:00 ] 117.136.32.108 /Admin/Shop/orderReport
INFO: [ app_init ] --START--
INFO: Run Behavior\BuildLiteBehavior [ RunTime:0.000013s ]
INFO: [ app_init ] --END-- [ RunTime:0.000296s ]
INFO: [ app_begin ] --START--
INFO: Run Behavior\ReadHtmlCacheBehavior [ RunTime:0.000370s ]
INFO: [ app_begin ] --END-- [ RunTime:0.000406s ]
SQL: SHOW COLUMNS FROM `yk_set` [ RunTime:0.0007s ]
SQL: SELECT * FROM `yk_set` LIMIT 1   [ RunTime:0.0002s ]
SQL: SHOW COLUMNS FROM `yk_cms_set` [ RunTime:0.0004s ]
SQL: SELECT * FROM `yk_cms_set` LIMIT 1   [ RunTime:0.0001s ]
SQL: SHOW COLUMNS FROM `yk_shop_set` [ RunTime:0.0007s ]
SQL: SELECT * FROM `yk_shop_set` LIMIT 1   [ RunTime:0.0002s ]
SQL: SELECT * FROM `yk_shop_set` LIMIT 1   [ RunTime:0.0002s ]
SQL: SHOW COLUMNS FROM `yk_vip_set` [ RunTime:0.0006s ]
SQL: SELECT * FROM `yk_vip_set` LIMIT 1   [ RunTime:0.0001s ]
SQL: SHOW COLUMNS FROM `yk_shop_goods` [ RunTime:0.0007s ]
SQL: SHOW COLUMNS FROM `yk_shop_goods_sku` [ RunTime:0.0162s ]
SQL: SHOW COLUMNS FROM `yk_shop_order` [ RunTime:0.0010s ]
SQL: SELECT * FROM `yk_shop_order` WHERE ( ctime>1476201600 )  [ RunTime:0.0003s ]
NOTIC: [8] Undefined variable: goods /mnt/wwwroot/yikang.mubantang.com/Application/Admin/Model/ShopOrderModel.class.php 第 18 行.
NOTIC: [2] Invalid argument supplied for foreach() /mnt/wwwroot/yikang.mubantang.com/Application/Admin/Model/ShopOrderModel.class.php 第 18 行.
SQL: SELECT * FROM `yk_shop_goods`  [ RunTime:0.0002s ]
SQL: SELECT * FROM `yk_shop_goods_sku`  [ RunTime:0.0015s ]
INFO: [ view_parse ] --START--
INFO: [ template_filter ] --START--
INFO: Run Behavior\ContentReplaceBehavior [ RunTime:0.000041s ]
INFO: [ template_filter ] --END-- [ RunTime:0.000076s ]
NOTIC: [8] Undefined variable: breadhtml /mnt/wwwroot/yikang.mubantang.com/Application/Runtime/Cache/Admin/2a04b1f8de22c7507c715bc1de2ded10.php 第 65 行.
INFO: Run Behavior\ParseTemplateBehavior [ RunTime:0.017340s ]
INFO: [ view_parse ] --END-- [ RunTime:0.017375s ]
INFO: [ view_filter ] --START--
INFO: Run Behavior\WriteHtmlCacheBehavior [ RunTime:0.000145s ]
INFO: [ view_filter ] --END-- [ RunTime:0.000174s ]
INFO: [ app_end ] --START--
INFO: Run Behavior\ShowPageTraceBehavior [ RunTime:0.000378s ]
INFO: [ app_end ] --END-- [ RunTime:0.000411s ]

[ 2016-10-12T15:06:14+08:00 ] 117.136.32.108 /Admin/Shop/order/status/9
INFO: [ app_init ] --START--
INFO: Run Behavior\BuildLiteBehavior [ RunTime:0.000012s ]
INFO: [ app_init ] --END-- [ RunTime:0.000303s ]
INFO: [ app_begin ] --START--
INFO: Run Behavior\ReadHtmlCacheBehavior [ RunTime:0.000350s ]
INFO: [ app_begin ] --END-- [ RunTime:0.000386s ]
SQL: SHOW COLUMNS FROM `yk_set` [ RunTime:0.0007s ]
SQL: SELECT * FROM `yk_set` LIMIT 1   [ RunTime:0.0002s ]
SQL: SHOW COLUMNS FROM `yk_cms_set` [ RunTime:0.0004s ]
SQL: SELECT * FROM `yk_cms_set` LIMIT 1   [ RunTime:0.0001s ]
SQL: SHOW COLUMNS FROM `yk_shop_set` [ RunTime:0.0007s ]
SQL: SELECT * FROM `yk_shop_set` LIMIT 1   [ RunTime:0.0002s ]
SQL: SELECT * FROM `yk_shop_set` LIMIT 1   [ RunTime:0.0002s ]
SQL: SHOW COLUMNS FROM `yk_vip_set` [ RunTime:0.0006s ]
SQL: SELECT * FROM `yk_vip_set` LIMIT 1   [ RunTime:0.0001s ]
INFO: [ view_parse ] --START--
INFO: [ template_filter ] --START--
INFO: Run Behavior\ContentReplaceBehavior [ RunTime:0.000049s ]
INFO: [ template_filter ] --END-- [ RunTime:0.000087s ]
INFO: Run Behavior\ParseTemplateBehavior [ RunTime:0.004868s ]
INFO: [ view_parse ] --END-- [ RunTime:0.004901s ]
INFO: [ view_filter ] --START--
INFO: Run Behavior\WriteHtmlCacheBehavior [ RunTime:0.000143s ]
INFO: [ view_filter ] --END-- [ RunTime:0.000173s ]
SQL: SHOW COLUMNS FROM `yk_shop_order` [ RunTime:0.0009s ]
NOTIC: [8] Undefined index: p /mnt/wwwroot/yikang.mubantang.com/Application/Admin/Controller/ShopController.class.php 第 1101 行.
ERR: SQLSTATE[23000]: Integrity constraint violation: 1052 Column 'ctime' in where clause is ambiguous

[ 2016-10-12T15:06:15+08:00 ] 117.136.32.108 /Admin/Shop/order
INFO: [ app_init ] --START--
INFO: Run Behavior\BuildLiteBehavior [ RunTime:0.000013s ]
INFO: [ app_init ] --END-- [ RunTime:0.000286s ]
INFO: [ app_begin ] --START--
INFO: Run Behavior\ReadHtmlCacheBehavior [ RunTime:0.000354s ]
INFO: [ app_begin ] --END-- [ RunTime:0.000389s ]
SQL: SHOW COLUMNS FROM `yk_set` [ RunTime:0.0007s ]
SQL: SELECT * FROM `yk_set` LIMIT 1   [ RunTime:0.0002s ]
SQL: SHOW COLUMNS FROM `yk_cms_set` [ RunTime:0.0004s ]
SQL: SELECT * FROM `yk_cms_set` LIMIT 1   [ RunTime:0.0001s ]
SQL: SHOW COLUMNS FROM `yk_shop_set` [ RunTime:0.0007s ]
SQL: SELECT * FROM `yk_shop_set` LIMIT 1   [ RunTime:0.0002s ]
SQL: SELECT * FROM `yk_shop_set` LIMIT 1   [ RunTime:0.0001s ]
SQL: SHOW COLUMNS FROM `yk_vip_set` [ RunTime:0.0006s ]
SQL: SELECT * FROM `yk_vip_set` LIMIT 1   [ RunTime:0.0001s ]
INFO: [ view_parse ] --START--
INFO: [ template_filter ] --START--
INFO: Run Behavior\ContentReplaceBehavior [ RunTime:0.000030s ]
INFO: [ template_filter ] --END-- [ RunTime:0.000066s ]
INFO: Run Behavior\ParseTemplateBehavior [ RunTime:0.004730s ]
INFO: [ view_parse ] --END-- [ RunTime:0.004763s ]
INFO: [ view_filter ] --START--
INFO: Run Behavior\WriteHtmlCacheBehavior [ RunTime:0.000144s ]
INFO: [ view_filter ] --END-- [ RunTime:0.000175s ]
SQL: SHOW COLUMNS FROM `yk_shop_order` [ RunTime:0.0008s ]
NOTIC: [8] Undefined index: p /mnt/wwwroot/yikang.mubantang.com/Application/Admin/Controller/ShopController.class.php 第 1101 行.
NOTIC: [8] Undefined variable: map /mnt/wwwroot/yikang.mubantang.com/Application/Admin/Controller/ShopController.class.php 第 1113 行.
SQL: SELECT O.*,V.pid FROM yk_shop_order as O LEFT JOIN `yk_vip` AS V ON V.id = O.vipid  ORDER BY ctime desc LIMIT 0,20   [ RunTime:0.0006s ]
NOTIC: [8] Undefined variable: map /mnt/wwwroot/yikang.mubantang.com/Application/Admin/Controller/ShopController.class.php 第 1117 行.
SQL: SELECT COUNT(*) AS tp_count FROM `yk_shop_order` LIMIT 1   [ RunTime:0.0001s ]
NOTIC: [2] Missing argument 6 for Admin\Controller\BaseController::getPage(), called in /mnt/wwwroot/yikang.mubantang.com/Application/Admin/Controller/ShopController.class.php on line 1118 and defined /mnt/wwwroot/yikang.mubantang.com/Application/Admin/Controller/BaseController.class.php 第 91 行.
NOTIC: [8] Undefined variable: map /mnt/wwwroot/yikang.mubantang.com/Application/Admin/Controller/BaseController.class.php 第 103 行.
INFO: [ view_parse ] --START--
INFO: [ template_filter ] --START--
INFO: Run Behavior\ContentReplaceBehavior [ RunTime:0.000052s ]
INFO: [ template_filter ] --END-- [ RunTime:-0.028913s ]
INFO: Run Behavior\ParseTemplateBehavior [ RunTime:0.027651s ]
INFO: [ view_parse ] --END-- [ RunTime:-0.004483s ]
INFO: [ view_filter ] --START--
INFO: Run Behavior\WriteHtmlCacheBehavior [ RunTime:0.000010s ]
INFO: [ view_filter ] --END-- [ RunTime:-0.032001s ]
INFO: [ app_end ] --START--
INFO: Run Behavior\ShowPageTraceBehavior [ RunTime:0.000401s ]
INFO: [ app_end ] --END-- [ RunTime:0.000439s ]

[ 2016-10-12T15:06:26+08:00 ] 117.136.32.108 /Admin/Shop/orderDetail/id/38
INFO: [ app_init ] --START--
INFO: Run Behavior\BuildLiteBehavior [ RunTime:0.000012s ]
INFO: [ app_init ] --END-- [ RunTime:0.000279s ]
INFO: [ app_begin ] --START--
INFO: Run Behavior\ReadHtmlCacheBehavior [ RunTime:0.000353s ]
INFO: [ app_begin ] --END-- [ RunTime:0.000387s ]
SQL: SHOW COLUMNS FROM `yk_set` [ RunTime:0.0007s ]
SQL: SELECT * FROM `yk_set` LIMIT 1   [ RunTime:0.0002s ]
SQL: SHOW COLUMNS FROM `yk_cms_set` [ RunTime:0.0004s ]
SQL: SELECT * FROM `yk_cms_set` LIMIT 1   [ RunTime:0.0001s ]
SQL: SHOW COLUMNS FROM `yk_shop_set` [ RunTime:0.0007s ]
SQL: SELECT * FROM `yk_shop_set` LIMIT 1   [ RunTime:0.0002s ]
SQL: SELECT * FROM `yk_shop_set` LIMIT 1   [ RunTime:0.0001s ]
SQL: SHOW COLUMNS FROM `yk_vip_set` [ RunTime:0.0006s ]
SQL: SELECT * FROM `yk_vip_set` LIMIT 1   [ RunTime:0.0001s ]
SQL: SHOW COLUMNS FROM `yk_shop_order` [ RunTime:0.0008s ]
SQL: SHOW COLUMNS FROM `yk_shop_order_log` [ RunTime:0.0044s ]
INFO: [ view_parse ] --START--
INFO: [ template_filter ] --START--
INFO: Run Behavior\ContentReplaceBehavior [ RunTime:0.000029s ]
INFO: [ template_filter ] --END-- [ RunTime:0.000063s ]
INFO: Run Behavior\ParseTemplateBehavior [ RunTime:0.004698s ]
INFO: [ view_parse ] --END-- [ RunTime:0.004731s ]
INFO: [ view_filter ] --START--
INFO: Run Behavior\WriteHtmlCacheBehavior [ RunTime:0.000146s ]
INFO: [ view_filter ] --END-- [ RunTime:0.000175s ]
SQL: SELECT * FROM `yk_shop_order` WHERE ( id=38 ) LIMIT 1   [ RunTime:0.0002s ]
SQL: SHOW COLUMNS FROM `yk_vip` [ RunTime:0.0009s ]
SQL: SELECT * FROM `yk_vip` WHERE ( id=380 ) LIMIT 1   [ RunTime:0.0002s ]
SQL: SELECT * FROM `yk_shop_order_log` WHERE ( oid=38 )  [ RunTime:0.0012s ]
SQL: SHOW COLUMNS FROM `yk_fx_syslog` [ RunTime:0.0004s ]
SQL: SELECT * FROM `yk_fx_syslog` WHERE ( oid=38 )  [ RunTime:0.0001s ]
INFO: [ view_parse ] --START--
INFO: [ template_filter ] --START--
INFO: Run Behavior\ContentReplaceBehavior [ RunTime:0.000045s ]
INFO: [ template_filter ] --END-- [ RunTime:-0.013329s ]
NOTIC: [8] Undefined variable: status /mnt/wwwroot/yikang.mubantang.com/Application/Runtime/Cache/Admin/5d84228a57f02c791c9386a290850748.php 第 27 行.
INFO: Run Behavior\ParseTemplateBehavior [ RunTime:0.010525s ]
INFO: [ view_parse ] --END-- [ RunTime:-0.004149s ]
INFO: [ view_filter ] --START--
INFO: Run Behavior\WriteHtmlCacheBehavior [ RunTime:0.000008s ]
INFO: [ view_filter ] --END-- [ RunTime:-0.014532s ]
INFO: [ app_end ] --START--
INFO: Run Behavior\ShowPageTraceBehavior [ RunTime:0.000388s ]
INFO: [ app_end ] --END-- [ RunTime:0.000426s ]

[ 2016-10-12T15:06:42+08:00 ] 117.136.32.108 /Admin/Shop/order
INFO: [ app_init ] --START--
INFO: Run Behavior\BuildLiteBehavior [ RunTime:0.000012s ]
INFO: [ app_init ] --END-- [ RunTime:0.000285s ]
INFO: [ app_begin ] --START--
INFO: Run Behavior\ReadHtmlCacheBehavior [ RunTime:0.000351s ]
INFO: [ app_begin ] --END-- [ RunTime:0.000387s ]
SQL: SHOW COLUMNS FROM `yk_set` [ RunTime:0.0007s ]
SQL: SELECT * FROM `yk_set` LIMIT 1   [ RunTime:0.0002s ]
SQL: SHOW COLUMNS FROM `yk_cms_set` [ RunTime:0.0004s ]
SQL: SELECT * FROM `yk_cms_set` LIMIT 1   [ RunTime:0.0001s ]
SQL: SHOW COLUMNS FROM `yk_shop_set` [ RunTime:0.0007s ]
SQL: SELECT * FROM `yk_shop_set` LIMIT 1   [ RunTime:0.0002s ]
SQL: SELECT * FROM `yk_shop_set` LIMIT 1   [ RunTime:0.0001s ]
SQL: SHOW COLUMNS FROM `yk_vip_set` [ RunTime:0.0006s ]
SQL: SELECT * FROM `yk_vip_set` LIMIT 1   [ RunTime:0.0002s ]
INFO: [ view_parse ] --START--
INFO: [ template_filter ] --START--
INFO: Run Behavior\ContentReplaceBehavior [ RunTime:0.000033s ]
INFO: [ template_filter ] --END-- [ RunTime:0.000071s ]
INFO: Run Behavior\ParseTemplateBehavior [ RunTime:0.004956s ]
INFO: [ view_parse ] --END-- [ RunTime:0.005025s ]
INFO: [ view_filter ] --START--
INFO: Run Behavior\WriteHtmlCacheBehavior [ RunTime:0.000150s ]
INFO: [ view_filter ] --END-- [ RunTime:0.000181s ]
SQL: SHOW COLUMNS FROM `yk_shop_order` [ RunTime:0.0010s ]
NOTIC: [8] Undefined index: p /mnt/wwwroot/yikang.mubantang.com/Application/Admin/Controller/ShopController.class.php 第 1101 行.
NOTIC: [8] Undefined variable: map /mnt/wwwroot/yikang.mubantang.com/Application/Admin/Controller/ShopController.class.php 第 1113 行.
SQL: SELECT O.*,V.pid FROM yk_shop_order as O LEFT JOIN `yk_vip` AS V ON V.id = O.vipid  ORDER BY ctime desc LIMIT 0,20   [ RunTime:0.0006s ]
NOTIC: [8] Undefined variable: map /mnt/wwwroot/yikang.mubantang.com/Application/Admin/Controller/ShopController.class.php 第 1117 行.
SQL: SELECT COUNT(*) AS tp_count FROM `yk_shop_order` LIMIT 1   [ RunTime:0.0001s ]
NOTIC: [2] Missing argument 6 for Admin\Controller\BaseController::getPage(), called in /mnt/wwwroot/yikang.mubantang.com/Application/Admin/Controller/ShopController.class.php on line 1118 and defined /mnt/wwwroot/yikang.mubantang.com/Application/Admin/Controller/BaseController.class.php 第 91 行.
NOTIC: [8] Undefined variable: map /mnt/wwwroot/yikang.mubantang.com/Application/Admin/Controller/BaseController.class.php 第 103 行.
INFO: [ view_parse ] --START--
INFO: [ template_filter ] --START--
INFO: Run Behavior\ContentReplaceBehavior [ RunTime:0.000050s ]
INFO: [ template_filter ] --END-- [ RunTime:-0.012436s ]
INFO: Run Behavior\ParseTemplateBehavior [ RunTime:0.011548s ]
INFO: [ view_parse ] --END-- [ RunTime:-0.003309s ]
INFO: [ view_filter ] --START--
INFO: Run Behavior\WriteHtmlCacheBehavior [ RunTime:0.000009s ]
INFO: [ view_filter ] --END-- [ RunTime:-0.014710s ]
INFO: [ app_end ] --START--
INFO: Run Behavior\ShowPageTraceBehavior [ RunTime:0.000393s ]
INFO: [ app_end ] --END-- [ RunTime:0.000433s ]

[ 2016-10-12T15:09:01+08:00 ] 117.136.32.108 /Admin/Shop/order/status/5
INFO: [ app_init ] --START--
INFO: Run Behavior\BuildLiteBehavior [ RunTime:0.000013s ]
INFO: [ app_init ] --END-- [ RunTime:0.000289s ]
INFO: [ app_begin ] --START--
INFO: Run Behavior\ReadHtmlCacheBehavior [ RunTime:0.000378s ]
INFO: [ app_begin ] --END-- [ RunTime:0.000413s ]
SQL: SHOW COLUMNS FROM `yk_set` [ RunTime:0.0007s ]
SQL: SELECT * FROM `yk_set` LIMIT 1   [ RunTime:0.0002s ]
SQL: SHOW COLUMNS FROM `yk_cms_set` [ RunTime:0.0004s ]
SQL: SELECT * FROM `yk_cms_set` LIMIT 1   [ RunTime:0.0001s ]
SQL: SHOW COLUMNS FROM `yk_shop_set` [ RunTime:0.0007s ]
SQL: SELECT * FROM `yk_shop_set` LIMIT 1   [ RunTime:0.0002s ]
SQL: SELECT * FROM `yk_shop_set` LIMIT 1   [ RunTime:0.0001s ]
SQL: SHOW COLUMNS FROM `yk_vip_set` [ RunTime:0.0006s ]
SQL: SELECT * FROM `yk_vip_set` LIMIT 1   [ RunTime:0.0001s ]
INFO: [ view_parse ] --START--
INFO: [ template_filter ] --START--
INFO: Run Behavior\ContentReplaceBehavior [ RunTime:0.000033s ]
INFO: [ template_filter ] --END-- [ RunTime:0.000070s ]
INFO: Run Behavior\ParseTemplateBehavior [ RunTime:0.004753s ]
INFO: [ view_parse ] --END-- [ RunTime:0.004788s ]
INFO: [ view_filter ] --START--
INFO: Run Behavior\WriteHtmlCacheBehavior [ RunTime:0.000145s ]
INFO: [ view_filter ] --END-- [ RunTime:0.000175s ]
SQL: SHOW COLUMNS FROM `yk_shop_order` [ RunTime:0.0009s ]
NOTIC: [8] Undefined index: p /mnt/wwwroot/yikang.mubantang.com/Application/Admin/Controller/ShopController.class.php 第 1101 行.
ERR: SQLSTATE[23000]: Integrity constraint violation: 1052 Column 'status' in where clause is ambiguous

[ 2016-10-12T15:09:09+08:00 ] 117.136.32.108 /Admin/Index/index
INFO: [ app_init ] --START--
INFO: Run Behavior\BuildLiteBehavior [ RunTime:0.000011s ]
INFO: [ app_init ] --END-- [ RunTime:0.000285s ]
INFO: [ app_begin ] --START--
INFO: Run Behavior\ReadHtmlCacheBehavior [ RunTime:0.000381s ]
INFO: [ app_begin ] --END-- [ RunTime:0.000418s ]
SQL: SHOW COLUMNS FROM `yk_set` [ RunTime:0.0007s ]
SQL: SELECT * FROM `yk_set` LIMIT 1   [ RunTime:0.0002s ]
SQL: SHOW COLUMNS FROM `yk_cms_set` [ RunTime:0.0004s ]
SQL: SELECT * FROM `yk_cms_set` LIMIT 1   [ RunTime:0.0001s ]
SQL: SHOW COLUMNS FROM `yk_shop_set` [ RunTime:0.0007s ]
SQL: SELECT * FROM `yk_shop_set` LIMIT 1   [ RunTime:0.0002s ]
SQL: SHOW COLUMNS FROM `yk_user_oath` [ RunTime:0.0004s ]
SQL: SELECT * FROM `yk_user_oath`  [ RunTime:0.0001s ]
INFO: [ view_parse ] --START--
INFO: [ template_filter ] --START--
INFO: Run Behavior\ContentReplaceBehavior [ RunTime:0.000134s ]
INFO: [ template_filter ] --END-- [ RunTime:0.000177s ]
INFO: Run Behavior\ParseTemplateBehavior [ RunTime:0.024309s ]
INFO: [ view_parse ] --END-- [ RunTime:0.024363s ]
INFO: [ view_filter ] --START--
INFO: Run Behavior\WriteHtmlCacheBehavior [ RunTime:0.000149s ]
INFO: [ view_filter ] --END-- [ RunTime:0.000180s ]
INFO: [ app_end ] --START--
INFO: Run Behavior\ShowPageTraceBehavior [ RunTime:0.000365s ]
INFO: [ app_end ] --END-- [ RunTime:0.000403s ]

[ 2016-10-12T15:09:09+08:00 ] 117.136.32.108 /Admin/Index/main
INFO: [ app_init ] --START--
INFO: Run Behavior\BuildLiteBehavior [ RunTime:0.000012s ]
INFO: [ app_init ] --END-- [ RunTime:0.000282s ]
INFO: [ app_begin ] --START--
INFO: Run Behavior\ReadHtmlCacheBehavior [ RunTime:0.000374s ]
INFO: [ app_begin ] --END-- [ RunTime:0.000409s ]
SQL: SHOW COLUMNS FROM `yk_set` [ RunTime:0.0007s ]
SQL: SELECT * FROM `yk_set` LIMIT 1   [ RunTime:0.0002s ]
SQL: SHOW COLUMNS FROM `yk_cms_set` [ RunTime:0.0004s ]
SQL: SELECT * FROM `yk_cms_set` LIMIT 1   [ RunTime:0.0001s ]
SQL: SHOW COLUMNS FROM `yk_shop_set` [ RunTime:0.0007s ]
SQL: SELECT * FROM `yk_shop_set` LIMIT 1   [ RunTime:0.0002s ]
INFO: [ view_parse ] --START--
INFO: [ template_filter ] --START--
INFO: Run Behavior\ContentReplaceBehavior [ RunTime:0.000028s ]
INFO: [ template_filter ] --END-- [ RunTime:0.000063s ]
INFO: Run Behavior\ParseTemplateBehavior [ RunTime:0.004793s ]
INFO: [ view_parse ] --END-- [ RunTime:0.004828s ]
INFO: [ view_filter ] --START--
INFO: Run Behavior\WriteHtmlCacheBehavior [ RunTime:0.000143s ]
INFO: [ view_filter ] --END-- [ RunTime:0.000174s ]
SQL: SHOW COLUMNS FROM `yk_vip` [ RunTime:0.0010s ]
SQL: SELECT COUNT(*) AS tp_count FROM `yk_vip` LIMIT 1   [ RunTime:0.0001s ]
SQL: SELECT COUNT(*) AS tp_count FROM `yk_vip` WHERE ( subscribe=1 ) LIMIT 1   [ RunTime:0.0004s ]
SQL: SELECT COUNT(*) AS tp_count FROM `yk_vip` WHERE `ctime` BETWEEN 1476201600 AND 1476287999 LIMIT 1   [ RunTime:0.0004s ]
SQL: SELECT COUNT(*) AS tp_count FROM `yk_vip` WHERE `ctime` BETWEEN 1476115200 AND 1476201599 LIMIT 1   [ RunTime:0.0004s ]
SQL: SHOW COLUMNS FROM `yk_shop_order` [ RunTime:0.0008s ]
SQL: SELECT COUNT(*) AS tp_count FROM `yk_shop_order` LIMIT 1   [ RunTime:0.0001s ]
SQL: SELECT COUNT(*) AS tp_count FROM `yk_shop_order` WHERE ( status=0 ) LIMIT 1   [ RunTime:0.0002s ]
SQL: SELECT COUNT(*) AS tp_count FROM `yk_shop_order` WHERE ( status=1 ) LIMIT 1   [ RunTime:0.0002s ]
SQL: SELECT COUNT(*) AS tp_count FROM `yk_shop_order` WHERE ( status=2 ) LIMIT 1   [ RunTime:0.0002s ]
SQL: SELECT COUNT(*) AS tp_count FROM `yk_shop_order` WHERE ( status=3 ) LIMIT 1   [ RunTime:0.0002s ]
SQL: SELECT COUNT(*) AS tp_count FROM `yk_shop_order` WHERE ( status=4 ) LIMIT 1   [ RunTime:0.0002s ]
SQL: SELECT COUNT(*) AS tp_count FROM `yk_shop_order` WHERE ( status=5 ) LIMIT 1   [ RunTime:0.0002s ]
SQL: SELECT COUNT(*) AS tp_count FROM `yk_shop_order` WHERE ( status=6 ) LIMIT 1   [ RunTime:0.0002s ]
SQL: SELECT COUNT(*) AS tp_count FROM `yk_shop_order` WHERE `ctime` BETWEEN 1476201600 AND 1476287999 LIMIT 1   [ RunTime:0.0002s ]
SQL: SELECT COUNT(*) AS tp_count FROM `yk_shop_order` WHERE `ctime` BETWEEN 1476115200 AND 1476201599 LIMIT 1   [ RunTime:0.0001s ]
SQL: SHOW COLUMNS FROM `yk_fx_syslog` [ RunTime:0.0004s ]
SQL: SELECT SUM(fxyj) AS tp_sum FROM `yk_fx_syslog` LIMIT 1   [ RunTime:0.0001s ]
SQL: SELECT SUM(fxyj) AS tp_sum FROM `yk_fx_syslog` WHERE `ctime` BETWEEN 1476201600 AND 1476287999 LIMIT 1   [ RunTime:0.0001s ]
SQL: SELECT SUM(fxyj) AS tp_sum FROM `yk_fx_syslog` WHERE `ctime` BETWEEN 1476115200 AND 1476201599 LIMIT 1   [ RunTime:0.0001s ]
NOTIC: [2] Division by zero /mnt/wwwroot/yikang.mubantang.com/Application/Admin/Controller/IndexController.class.php 第 144 行.
SQL: SELECT COUNT(*) AS tp_count FROM `yk_vip` WHERE `isfx` = 0 AND `isfxgd` = 0 LIMIT 1   [ RunTime:0.0004s ]
SQL: SELECT COUNT(*) AS tp_count FROM `yk_vip` WHERE `isfx` = 1 AND `isfxgd` = 0 LIMIT 1   [ RunTime:0.0004s ]
SQL: SELECT COUNT(*) AS tp_count FROM `yk_vip` WHERE ( isfxgd=1 ) LIMIT 1   [ RunTime:0.0003s ]
SQL: SHOW COLUMNS FROM `yk_vip_log_sub` [ RunTime:0.0004s ]
SQL: SELECT * FROM `yk_vip_log_sub` ORDER BY ctime desc LIMIT 5   [ RunTime:0.0002s ]
SQL: SELECT * FROM `yk_vip` WHERE ( id=391 ) LIMIT 1   [ RunTime:0.0002s ]
SQL: SELECT * FROM `yk_vip` WHERE ( id=388 ) LIMIT 1   [ RunTime:0.0002s ]
SQL: SELECT * FROM `yk_vip` WHERE ( id=384 ) LIMIT 1   [ RunTime:0.0002s ]
SQL: SELECT * FROM `yk_vip` WHERE ( id=381 ) LIMIT 1   [ RunTime:0.0002s ]
SQL: SELECT * FROM `yk_vip` WHERE ( id=382 ) LIMIT 1   [ RunTime:0.0003s ]
SQL: SELECT * FROM `yk_fx_syslog` ORDER BY ctime desc LIMIT 5   [ RunTime:0.0001s ]
SQL: SELECT * FROM `yk_vip` WHERE ( id=38 ) LIMIT 1   [ RunTime:0.0002s ]
SQL: SHOW COLUMNS FROM `yk_fx_log_tj` [ RunTime:0.0004s ]
SQL: SELECT * FROM `yk_fx_log_tj` ORDER BY ctime desc LIMIT 5   [ RunTime:0.0001s ]
SQL: SELECT * FROM `yk_shop_order` WHERE `ispay` = 1 AND `status` = 2 ORDER BY ctime desc LIMIT 5   [ RunTime:0.0002s ]
SQL: SELECT * FROM `yk_vip` WHERE ( id=380 ) LIMIT 1   [ RunTime:0.0002s ]
SQL: SELECT * FROM `yk_vip` WHERE ( id=382 ) LIMIT 1   [ RunTime:0.0002s ]
SQL: SELECT * FROM `yk_vip` WHERE ( id=367 ) LIMIT 1   [ RunTime:0.0002s ]
SQL: SELECT * FROM `yk_vip` WHERE ( id=150 ) LIMIT 1   [ RunTime:0.0002s ]
SQL: SELECT * FROM `yk_vip` WHERE ( id=371 ) LIMIT 1   [ RunTime:0.0002s ]
SQL: SELECT SUM(totalprice) AS tp_sum FROM `yk_shop_order` WHERE `ispay` = 1 LIMIT 1   [ RunTime:0.0002s ]
SQL: SELECT SUM(totalprice) AS tp_sum FROM `yk_shop_order` WHERE `status` = 5 LIMIT 1   [ RunTime:0.0002s ]
SQL: SELECT SUM(totalnum) AS tp_sum FROM `yk_shop_order` WHERE `ispay` = 1 LIMIT 1   [ RunTime:0.0002s ]
SQL: SHOW COLUMNS FROM `yk_vip_tx` [ RunTime:0.0004s ]
SQL: SELECT SUM(txprice) AS tp_sum FROM `yk_vip_tx` WHERE `status` = 2 LIMIT 1   [ RunTime:0.0001s ]
INFO: [ view_parse ] --START--
INFO: [ template_filter ] --START--
INFO: Run Behavior\ContentReplaceBehavior [ RunTime:0.000085s ]
INFO: [ template_filter ] --END-- [ RunTime:-0.033329s ]
INFO: Run Behavior\ParseTemplateBehavior [ RunTime:0.018452s ]
INFO: [ view_parse ] --END-- [ RunTime:-0.017221s ]
INFO: [ view_filter ] --START--
INFO: Run Behavior\WriteHtmlCacheBehavior [ RunTime:0.000010s ]
INFO: [ view_filter ] --END-- [ RunTime:-0.035518s ]
INFO: [ app_end ] --START--
INFO: Run Behavior\ShowPageTraceBehavior [ RunTime:0.000423s ]
INFO: [ app_end ] --END-- [ RunTime:0.000461s ]

[ 2016-10-12T15:14:15+08:00 ] 117.136.32.108 /Admin/Shop/goods
INFO: [ app_init ] --START--
INFO: Run Behavior\BuildLiteBehavior [ RunTime:0.000014s ]
INFO: [ app_init ] --END-- [ RunTime:0.000305s ]
INFO: [ app_begin ] --START--
INFO: Run Behavior\ReadHtmlCacheBehavior [ RunTime:0.000379s ]
INFO: [ app_begin ] --END-- [ RunTime:0.000416s ]
SQL: SHOW COLUMNS FROM `yk_set` [ RunTime:0.0007s ]
SQL: SELECT * FROM `yk_set` LIMIT 1   [ RunTime:0.0002s ]
SQL: SHOW COLUMNS FROM `yk_cms_set` [ RunTime:0.0004s ]
SQL: SELECT * FROM `yk_cms_set` LIMIT 1   [ RunTime:0.0001s ]
SQL: SHOW COLUMNS FROM `yk_shop_set` [ RunTime:0.0007s ]
SQL: SELECT * FROM `yk_shop_set` LIMIT 1   [ RunTime:0.0002s ]
SQL: SELECT * FROM `yk_shop_set` LIMIT 1   [ RunTime:0.0001s ]
SQL: SHOW COLUMNS FROM `yk_vip_set` [ RunTime:0.0006s ]
SQL: SELECT * FROM `yk_vip_set` LIMIT 1   [ RunTime:0.0001s ]
INFO: [ view_parse ] --START--
INFO: [ template_filter ] --START--
INFO: Run Behavior\ContentReplaceBehavior [ RunTime:0.000032s ]
INFO: [ template_filter ] --END-- [ RunTime:0.000068s ]
INFO: Run Behavior\ParseTemplateBehavior [ RunTime:0.004831s ]
INFO: [ view_parse ] --END-- [ RunTime:0.004864s ]
INFO: [ view_filter ] --START--
INFO: Run Behavior\WriteHtmlCacheBehavior [ RunTime:0.000144s ]
INFO: [ view_filter ] --END-- [ RunTime:0.000174s ]
SQL: SHOW COLUMNS FROM `yk_shop_goods` [ RunTime:0.0007s ]
NOTIC: [8] Undefined index: p /mnt/wwwroot/yikang.mubantang.com/Application/Admin/Controller/ShopController.class.php 第 97 行.
NOTIC: [8] Undefined variable: map /mnt/wwwroot/yikang.mubantang.com/Application/Admin/Controller/ShopController.class.php 第 104 行.
SQL: SELECT * FROM `yk_shop_goods` LIMIT 0,20   [ RunTime:0.0002s ]
NOTIC: [8] Undefined variable: map /mnt/wwwroot/yikang.mubantang.com/Application/Admin/Controller/ShopController.class.php 第 105 行.
SQL: SELECT COUNT(*) AS tp_count FROM `yk_shop_goods` LIMIT 1   [ RunTime:0.0001s ]
NOTIC: [2] Missing argument 6 for Admin\Controller\BaseController::getPage(), called in /mnt/wwwroot/yikang.mubantang.com/Application/Admin/Controller/ShopController.class.php on line 106 and defined /mnt/wwwroot/yikang.mubantang.com/Application/Admin/Controller/BaseController.class.php 第 91 行.
NOTIC: [8] Undefined variable: map /mnt/wwwroot/yikang.mubantang.com/Application/Admin/Controller/BaseController.class.php 第 103 行.
INFO: [ view_parse ] --START--
INFO: [ template_filter ] --START--
INFO: Run Behavior\ContentReplaceBehavior [ RunTime:0.000036s ]
INFO: [ template_filter ] --END-- [ RunTime:-0.020220s ]
INFO: Run Behavior\ParseTemplateBehavior [ RunTime:0.018493s ]
INFO: [ view_parse ] --END-- [ RunTime:-0.002326s ]
INFO: [ view_filter ] --START--
INFO: Run Behavior\WriteHtmlCacheBehavior [ RunTime:0.000008s ]
INFO: [ view_filter ] --END-- [ RunTime:-0.020682s ]
INFO: [ app_end ] --START--
INFO: Run Behavior\ShowPageTraceBehavior [ RunTime:0.000403s ]
INFO: [ app_end ] --END-- [ RunTime:0.000440s ]

[ 2016-10-12T15:14:22+08:00 ] 117.136.32.108 /Admin/Shop/goodsSet/id/18
INFO: [ app_init ] --START--
INFO: Run Behavior\BuildLiteBehavior [ RunTime:0.000013s ]
INFO: [ app_init ] --END-- [ RunTime:0.000302s ]
INFO: [ app_begin ] --START--
INFO: Run Behavior\ReadHtmlCacheBehavior [ RunTime:0.000401s ]
INFO: [ app_begin ] --END-- [ RunTime:0.000436s ]
SQL: SHOW COLUMNS FROM `yk_set` [ RunTime:0.0007s ]
SQL: SELECT * FROM `yk_set` LIMIT 1   [ RunTime:0.0002s ]
SQL: SHOW COLUMNS FROM `yk_cms_set` [ RunTime:0.0005s ]
SQL: SELECT * FROM `yk_cms_set` LIMIT 1   [ RunTime:0.0002s ]
SQL: SHOW COLUMNS FROM `yk_shop_set` [ RunTime:0.0007s ]
SQL: SELECT * FROM `yk_shop_set` LIMIT 1   [ RunTime:0.0002s ]
SQL: SELECT * FROM `yk_shop_set` LIMIT 1   [ RunTime:0.0001s ]
SQL: SHOW COLUMNS FROM `yk_vip_set` [ RunTime:0.0006s ]
SQL: SELECT * FROM `yk_vip_set` LIMIT 1   [ RunTime:0.0001s ]
SQL: SHOW COLUMNS FROM `yk_shop_goods` [ RunTime:0.0006s ]
INFO: [ view_parse ] --START--
INFO: [ template_filter ] --START--
INFO: Run Behavior\ContentReplaceBehavior [ RunTime:0.000032s ]
INFO: [ template_filter ] --END-- [ RunTime:0.000067s ]
INFO: Run Behavior\ParseTemplateBehavior [ RunTime:0.004726s ]
INFO: [ view_parse ] --END-- [ RunTime:0.004759s ]
INFO: [ view_filter ] --START--
INFO: Run Behavior\WriteHtmlCacheBehavior [ RunTime:0.000186s ]
INFO: [ view_filter ] --END-- [ RunTime:0.000215s ]
SQL: SHOW COLUMNS FROM `yk_shop_label` [ RunTime:0.0005s ]
SQL: SELECT * FROM `yk_shop_label`  [ RunTime:0.0001s ]
SQL: SHOW COLUMNS FROM `yk_shop_cate` [ RunTime:0.0005s ]
NOTIC: [2] Missing argument 4 for appTree(), called in /mnt/wwwroot/yikang.mubantang.com/Application/Admin/Controller/ShopController.class.php on line 164 and defined /mnt/wwwroot/yikang.mubantang.com/Application/Common/Common/function.php 第 279 行.
NOTIC: [8] Undefined variable: map /mnt/wwwroot/yikang.mubantang.com/Application/Common/Common/function.php 第 281 行.
SQL: SELECT `id`,`pid`,`name`,`sorts`,concat(path,'-',id) as bpath FROM `yk_shop_cate` ORDER BY sorts desc  [ RunTime:0.0001s ]
SQL: SELECT * FROM `yk_shop_goods` WHERE ( id=18 ) LIMIT 1   [ RunTime:0.0002s ]
INFO: [ view_parse ] --START--
INFO: [ template_filter ] --START--
INFO: Run Behavior\ContentReplaceBehavior [ RunTime:0.000056s ]
INFO: [ template_filter ] --END-- [ RunTime:-0.026600s ]
NOTIC: [8] Undefined index: _child /mnt/wwwroot/yikang.mubantang.com/Application/Runtime/Cache/Admin/2f73b4e2349942aaa817bec043f52f9e.php 第 36 行.
INFO: Run Behavior\ParseTemplateBehavior [ RunTime:0.025719s ]
INFO: [ view_parse ] --END-- [ RunTime:-0.002247s ]
INFO: [ view_filter ] --START--
INFO: Run Behavior\WriteHtmlCacheBehavior [ RunTime:0.000009s ]
INFO: [ view_filter ] --END-- [ RunTime:-0.027784s ]
INFO: [ app_end ] --START--
INFO: Run Behavior\ShowPageTraceBehavior [ RunTime:0.000418s ]
INFO: [ app_end ] --END-- [ RunTime:0.000455s ]

