[ 2016-11-22T17:09:36+08:00 ] 14.215.56.38 /Admin/Vip/message
INFO: [ app_init ] --START--
INFO: Run Behavior\BuildLiteBehavior [ RunTime:0.000011s ]
INFO: [ app_init ] --END-- [ RunTime:0.000246s ]
INFO: [ app_begin ] --START--
INFO: Run Behavior\ReadHtmlCacheBehavior [ RunTime:0.000326s ]
INFO: [ app_begin ] --END-- [ RunTime:0.000362s ]
SQL: SHOW COLUMNS FROM `yk_set` [ RunTime:0.0007s ]
SQL: SELECT * FROM `yk_set` LIMIT 1   [ RunTime:0.0002s ]
SQL: SHOW COLUMNS FROM `yk_cms_set` [ RunTime:0.0004s ]
SQL: SELECT * FROM `yk_cms_set` LIMIT 1   [ RunTime:0.0028s ]
SQL: SHOW COLUMNS FROM `yk_shop_set` [ RunTime:0.0007s ]
SQL: SELECT * FROM `yk_shop_set` LIMIT 1   [ RunTime:0.0002s ]
INFO: [ view_parse ] --START--
INFO: [ template_filter ] --START--
INFO: Run Behavior\ContentReplaceBehavior [ RunTime:0.000036s ]
INFO: [ template_filter ] --END-- [ RunTime:0.000072s ]
INFO: Run Behavior\ParseTemplateBehavior [ RunTime:0.004637s ]
INFO: [ view_parse ] --END-- [ RunTime:0.007696s ]
INFO: [ view_filter ] --START--
INFO: Run Behavior\WriteHtmlCacheBehavior [ RunTime:0.000126s ]
INFO: [ view_filter ] --END-- [ RunTime:0.000158s ]
SQL: SHOW COLUMNS FROM `yk_vip_message` [ RunTime:0.0283s ]
NOTIC: [8] Undefined index: p /mnt/wwwroot/yikang.mubantang.com/Application/Admin/Controller/VipController.class.php 第 725 行.
NOTIC: [8] Undefined variable: map /mnt/wwwroot/yikang.mubantang.com/Application/Admin/Controller/VipController.class.php 第 732 行.
SQL: SELECT * FROM `yk_vip_message` ORDER BY id desc LIMIT 0,20   [ RunTime:0.0045s ]
NOTIC: [8] Undefined variable: map /mnt/wwwroot/yikang.mubantang.com/Application/Admin/Controller/VipController.class.php 第 733 行.
SQL: SELECT COUNT(*) AS tp_count FROM `yk_vip_message` LIMIT 1   [ RunTime:0.0001s ]
NOTIC: [2] Missing argument 6 for Admin\Controller\BaseController::getPage(), called in /mnt/wwwroot/yikang.mubantang.com/Application/Admin/Controller/VipController.class.php on line 734 and defined /mnt/wwwroot/yikang.mubantang.com/Application/Admin/Controller/BaseController.class.php 第 91 行.
NOTIC: [8] Undefined variable: map /mnt/wwwroot/yikang.mubantang.com/Application/Admin/Controller/BaseController.class.php 第 103 行.
INFO: [ view_parse ] --START--
INFO: [ template_filter ] --START--
INFO: Run Behavior\ContentReplaceBehavior [ RunTime:0.000035s ]
INFO: [ template_filter ] --END-- [ RunTime:-0.043366s ]
INFO: Run Behavior\ParseTemplateBehavior [ RunTime:0.008029s ]
INFO: [ view_parse ] --END-- [ RunTime:-0.034477s ]
INFO: [ view_filter ] --START--
INFO: Run Behavior\WriteHtmlCacheBehavior [ RunTime:0.000009s ]
INFO: [ view_filter ] --END-- [ RunTime:-0.042378s ]
INFO: [ app_end ] --START--
INFO: Run Behavior\ShowPageTraceBehavior [ RunTime:0.000389s ]
INFO: [ app_end ] --END-- [ RunTime:0.000428s ]

[ 2016-11-22T17:09:54+08:00 ] 14.215.56.38 /Admin/Vip/message
INFO: [ app_init ] --START--
INFO: Run Behavior\BuildLiteBehavior [ RunTime:0.000016s ]
INFO: [ app_init ] --END-- [ RunTime:0.000293s ]
INFO: [ app_begin ] --START--
INFO: Run Behavior\ReadHtmlCacheBehavior [ RunTime:0.000333s ]
INFO: [ app_begin ] --END-- [ RunTime:0.000368s ]
SQL: SHOW COLUMNS FROM `yk_set` [ RunTime:0.0007s ]
SQL: SELECT * FROM `yk_set` LIMIT 1   [ RunTime:0.0002s ]
SQL: SHOW COLUMNS FROM `yk_cms_set` [ RunTime:0.0004s ]
SQL: SELECT * FROM `yk_cms_set` LIMIT 1   [ RunTime:0.0001s ]
SQL: SHOW COLUMNS FROM `yk_shop_set` [ RunTime:0.0010s ]
SQL: SELECT * FROM `yk_shop_set` LIMIT 1   [ RunTime:0.0002s ]
INFO: [ view_parse ] --START--
INFO: [ template_filter ] --START--
INFO: Run Behavior\ContentReplaceBehavior [ RunTime:0.000027s ]
INFO: [ template_filter ] --END-- [ RunTime:0.000062s ]
INFO: Run Behavior\ParseTemplateBehavior [ RunTime:0.004546s ]
INFO: [ view_parse ] --END-- [ RunTime:0.004582s ]
INFO: [ view_filter ] --START--
INFO: Run Behavior\WriteHtmlCacheBehavior [ RunTime:0.000119s ]
INFO: [ view_filter ] --END-- [ RunTime:0.000168s ]
SQL: SHOW COLUMNS FROM `yk_vip_message` [ RunTime:0.0004s ]
NOTIC: [8] Undefined index: p /mnt/wwwroot/yikang.mubantang.com/Application/Admin/Controller/VipController.class.php 第 725 行.
NOTIC: [8] Undefined variable: map /mnt/wwwroot/yikang.mubantang.com/Application/Admin/Controller/VipController.class.php 第 732 行.
SQL: SELECT * FROM `yk_vip_message` ORDER BY id desc LIMIT 0,20   [ RunTime:0.0002s ]
NOTIC: [8] Undefined variable: map /mnt/wwwroot/yikang.mubantang.com/Application/Admin/Controller/VipController.class.php 第 733 行.
SQL: SELECT COUNT(*) AS tp_count FROM `yk_vip_message` LIMIT 1   [ RunTime:0.0001s ]
NOTIC: [2] Missing argument 6 for Admin\Controller\BaseController::getPage(), called in /mnt/wwwroot/yikang.mubantang.com/Application/Admin/Controller/VipController.class.php on line 734 and defined /mnt/wwwroot/yikang.mubantang.com/Application/Admin/Controller/BaseController.class.php 第 91 行.
NOTIC: [8] Undefined variable: map /mnt/wwwroot/yikang.mubantang.com/Application/Admin/Controller/BaseController.class.php 第 103 行.
INFO: [ view_parse ] --START--
INFO: [ template_filter ] --START--
INFO: Run Behavior\ContentReplaceBehavior [ RunTime:0.000030s ]
INFO: [ template_filter ] --END-- [ RunTime:-0.004997s ]
INFO: Run Behavior\ParseTemplateBehavior [ RunTime:0.004773s ]
INFO: [ view_parse ] --END-- [ RunTime:-0.001880s ]
INFO: [ view_filter ] --START--
INFO: Run Behavior\WriteHtmlCacheBehavior [ RunTime:0.000008s ]
INFO: [ view_filter ] --END-- [ RunTime:-0.006519s ]
INFO: [ app_end ] --START--
INFO: Run Behavior\ShowPageTraceBehavior [ RunTime:0.000361s ]
INFO: [ app_end ] --END-- [ RunTime:0.000398s ]

[ 2016-11-22T20:13:32+08:00 ] 115.175.152.129 /favicon.ico
INFO: [ app_init ] --START--
INFO: Run Behavior\BuildLiteBehavior [ RunTime:0.000015s ]
INFO: [ app_init ] --END-- [ RunTime:0.000272s ]

[ 2016-11-22T20:13:32+08:00 ] 115.175.152.129 /favicon.ico
INFO: [ app_init ] --START--
INFO: Run Behavior\BuildLiteBehavior [ RunTime:0.000014s ]
INFO: [ app_init ] --END-- [ RunTime:0.000293s ]

