[ 2017-09-02T07:48:04+08:00 ] 222.22.52.87 /favicon.ico
INFO: [ app_init ] --START--
INFO: Run Behavior\BuildLiteBehavior [ RunTime:0.000012s ]
INFO: [ app_init ] --END-- [ RunTime:0.000261s ]

[ 2017-09-02T08:06:51+08:00 ] 42.156.251.206 /
INFO: [ app_init ] --START--
INFO: Run Behavior\BuildLiteBehavior [ RunTime:0.000015s ]
INFO: [ app_init ] --END-- [ RunTime:0.000304s ]
INFO: [ app_begin ] --START--
INFO: Run Behavior\ReadHtmlCacheBehavior [ RunTime:0.000326s ]
INFO: [ app_begin ] --END-- [ RunTime:0.000365s ]
SQL: SHOW COLUMNS FROM `yk_set` [ RunTime:0.0008s ]
SQL: SELECT * FROM `yk_set` LIMIT 1   [ RunTime:0.0001s ]
SQL: SHOW COLUMNS FROM `yk_cms_set` [ RunTime:0.0175s ]
SQL: SELECT * FROM `yk_cms_set` LIMIT 1   [ RunTime:0.0011s ]
SQL: SHOW COLUMNS FROM `yk_shop_set` [ RunTime:0.0009s ]
SQL: SELECT * FROM `yk_shop_set` LIMIT 1   [ RunTime:0.0002s ]

[ 2017-09-02T08:06:51+08:00 ] 42.156.251.206 /Admin/Public/login
INFO: [ app_init ] --START--
INFO: Run Behavior\BuildLiteBehavior [ RunTime:0.000012s ]
INFO: [ app_init ] --END-- [ RunTime:0.000262s ]
INFO: [ app_begin ] --START--
INFO: Run Behavior\ReadHtmlCacheBehavior [ RunTime:0.000332s ]
INFO: [ app_begin ] --END-- [ RunTime:0.000371s ]
SQL: SHOW COLUMNS FROM `yk_set` [ RunTime:0.0007s ]
SQL: SELECT * FROM `yk_set` LIMIT 1   [ RunTime:0.0002s ]
SQL: SHOW COLUMNS FROM `yk_cms_set` [ RunTime:0.0004s ]
SQL: SELECT * FROM `yk_cms_set` LIMIT 1   [ RunTime:0.0002s ]
SQL: SHOW COLUMNS FROM `yk_shop_set` [ RunTime:0.0007s ]
SQL: SELECT * FROM `yk_shop_set` LIMIT 1   [ RunTime:0.0002s ]
INFO: [ view_parse ] --START--
INFO: [ template_filter ] --START--
INFO: Run Behavior\ContentReplaceBehavior [ RunTime:0.000044s ]
INFO: [ template_filter ] --END-- [ RunTime:0.000084s ]
INFO: Run Behavior\ParseTemplateBehavior [ RunTime:0.024689s ]
INFO: [ view_parse ] --END-- [ RunTime:0.024730s ]
INFO: [ view_filter ] --START--
INFO: Run Behavior\WriteHtmlCacheBehavior [ RunTime:0.000120s ]
INFO: [ view_filter ] --END-- [ RunTime:0.000151s ]
INFO: [ app_end ] --START--
INFO: Run Behavior\ShowPageTraceBehavior [ RunTime:0.000358s ]
INFO: [ app_end ] --END-- [ RunTime:0.000392s ]

[ 2017-09-02T08:06:51+08:00 ] 42.156.251.206 /
INFO: [ app_init ] --START--
INFO: Run Behavior\BuildLiteBehavior [ RunTime:0.000011s ]
INFO: [ app_init ] --END-- [ RunTime:0.000275s ]
INFO: [ app_begin ] --START--
INFO: Run Behavior\ReadHtmlCacheBehavior [ RunTime:0.000399s ]
INFO: [ app_begin ] --END-- [ RunTime:0.000438s ]
SQL: SHOW COLUMNS FROM `yk_set` [ RunTime:0.0007s ]
SQL: SELECT * FROM `yk_set` LIMIT 1   [ RunTime:0.0001s ]
SQL: SHOW COLUMNS FROM `yk_cms_set` [ RunTime:0.0004s ]
SQL: SELECT * FROM `yk_cms_set` LIMIT 1   [ RunTime:0.0001s ]
SQL: SHOW COLUMNS FROM `yk_shop_set` [ RunTime:0.0007s ]
SQL: SELECT * FROM `yk_shop_set` LIMIT 1   [ RunTime:0.0001s ]

[ 2017-09-02T08:06:51+08:00 ] 42.156.251.206 /Admin/Public/login
INFO: [ app_init ] --START--
INFO: Run Behavior\BuildLiteBehavior [ RunTime:0.000012s ]
INFO: [ app_init ] --END-- [ RunTime:0.000253s ]
INFO: [ app_begin ] --START--
INFO: Run Behavior\ReadHtmlCacheBehavior [ RunTime:0.000331s ]
INFO: [ app_begin ] --END-- [ RunTime:0.000371s ]
SQL: SHOW COLUMNS FROM `yk_set` [ RunTime:0.0006s ]
SQL: SELECT * FROM `yk_set` LIMIT 1   [ RunTime:0.0001s ]
SQL: SHOW COLUMNS FROM `yk_cms_set` [ RunTime:0.0004s ]
SQL: SELECT * FROM `yk_cms_set` LIMIT 1   [ RunTime:0.0001s ]
SQL: SHOW COLUMNS FROM `yk_shop_set` [ RunTime:0.0007s ]
SQL: SELECT * FROM `yk_shop_set` LIMIT 1   [ RunTime:0.0001s ]
INFO: [ view_parse ] --START--
INFO: [ template_filter ] --START--
INFO: Run Behavior\ContentReplaceBehavior [ RunTime:0.000041s ]
INFO: [ template_filter ] --END-- [ RunTime:0.000079s ]
INFO: Run Behavior\ParseTemplateBehavior [ RunTime:0.004745s ]
INFO: [ view_parse ] --END-- [ RunTime:0.004781s ]
INFO: [ view_filter ] --START--
INFO: Run Behavior\WriteHtmlCacheBehavior [ RunTime:0.000118s ]
INFO: [ view_filter ] --END-- [ RunTime:0.000149s ]
INFO: [ app_end ] --START--
INFO: Run Behavior\ShowPageTraceBehavior [ RunTime:0.000342s ]
INFO: [ app_end ] --END-- [ RunTime:0.000377s ]

[ 2017-09-02T09:00:06+08:00 ] 117.185.27.142 /
INFO: [ app_init ] --START--
INFO: Run Behavior\BuildLiteBehavior [ RunTime:0.000012s ]
INFO: [ app_init ] --END-- [ RunTime:0.000279s ]
INFO: [ app_begin ] --START--
INFO: Run Behavior\ReadHtmlCacheBehavior [ RunTime:0.000345s ]
INFO: [ app_begin ] --END-- [ RunTime:0.000382s ]
SQL: SHOW COLUMNS FROM `yk_set` [ RunTime:0.0007s ]
SQL: SELECT * FROM `yk_set` LIMIT 1   [ RunTime:0.0002s ]
SQL: SHOW COLUMNS FROM `yk_cms_set` [ RunTime:0.0004s ]
SQL: SELECT * FROM `yk_cms_set` LIMIT 1   [ RunTime:0.0001s ]
SQL: SHOW COLUMNS FROM `yk_shop_set` [ RunTime:0.0007s ]
SQL: SELECT * FROM `yk_shop_set` LIMIT 1   [ RunTime:0.0002s ]

[ 2017-09-02T09:00:06+08:00 ] 140.207.54.180 /
INFO: [ app_init ] --START--
INFO: Run Behavior\BuildLiteBehavior [ RunTime:0.000012s ]
INFO: [ app_init ] --END-- [ RunTime:0.000298s ]
INFO: [ app_begin ] --START--
INFO: Run Behavior\ReadHtmlCacheBehavior [ RunTime:0.000328s ]
INFO: [ app_begin ] --END-- [ RunTime:0.000367s ]
SQL: SHOW COLUMNS FROM `yk_set` [ RunTime:0.0007s ]
SQL: SELECT * FROM `yk_set` LIMIT 1   [ RunTime:0.0001s ]
SQL: SHOW COLUMNS FROM `yk_cms_set` [ RunTime:0.0003s ]
SQL: SELECT * FROM `yk_cms_set` LIMIT 1   [ RunTime:0.0001s ]
SQL: SHOW COLUMNS FROM `yk_shop_set` [ RunTime:0.0007s ]
SQL: SELECT * FROM `yk_shop_set` LIMIT 1   [ RunTime:0.0001s ]

[ 2017-09-02T09:06:56+08:00 ] 125.39.210.27 /
INFO: [ app_init ] --START--
INFO: Run Behavior\BuildLiteBehavior [ RunTime:0.000012s ]
INFO: [ app_init ] --END-- [ RunTime:0.000262s ]
INFO: [ app_begin ] --START--
INFO: Run Behavior\ReadHtmlCacheBehavior [ RunTime:0.000352s ]
INFO: [ app_begin ] --END-- [ RunTime:0.000391s ]
SQL: SHOW COLUMNS FROM `yk_set` [ RunTime:0.0007s ]
SQL: SELECT * FROM `yk_set` LIMIT 1   [ RunTime:0.0002s ]
SQL: SHOW COLUMNS FROM `yk_cms_set` [ RunTime:0.0004s ]
SQL: SELECT * FROM `yk_cms_set` LIMIT 1   [ RunTime:0.0001s ]
SQL: SHOW COLUMNS FROM `yk_shop_set` [ RunTime:0.0007s ]
SQL: SELECT * FROM `yk_shop_set` LIMIT 1   [ RunTime:0.0002s ]

[ 2017-09-02T09:07:01+08:00 ] 111.30.137.188 /
INFO: [ app_init ] --START--
INFO: Run Behavior\BuildLiteBehavior [ RunTime:0.000014s ]
INFO: [ app_init ] --END-- [ RunTime:0.000275s ]
INFO: [ app_begin ] --START--
INFO: Run Behavior\ReadHtmlCacheBehavior [ RunTime:0.000338s ]
INFO: [ app_begin ] --END-- [ RunTime:0.000377s ]
SQL: SHOW COLUMNS FROM `yk_set` [ RunTime:0.0006s ]
SQL: SELECT * FROM `yk_set` LIMIT 1   [ RunTime:0.0001s ]
SQL: SHOW COLUMNS FROM `yk_cms_set` [ RunTime:0.0031s ]
SQL: SELECT * FROM `yk_cms_set` LIMIT 1   [ RunTime:0.0001s ]
SQL: SHOW COLUMNS FROM `yk_shop_set` [ RunTime:0.0045s ]
SQL: SELECT * FROM `yk_shop_set` LIMIT 1   [ RunTime:0.0002s ]

[ 2017-09-02T09:49:01+08:00 ] 183.232.90.97 /
INFO: [ app_init ] --START--
INFO: Run Behavior\BuildLiteBehavior [ RunTime:0.000016s ]
INFO: [ app_init ] --END-- [ RunTime:0.000285s ]
INFO: [ app_begin ] --START--
INFO: Run Behavior\ReadHtmlCacheBehavior [ RunTime:0.009269s ]
INFO: [ app_begin ] --END-- [ RunTime:0.009332s ]
SQL: SHOW COLUMNS FROM `yk_set` [ RunTime:0.0007s ]
SQL: SELECT * FROM `yk_set` LIMIT 1   [ RunTime:0.0001s ]
SQL: SHOW COLUMNS FROM `yk_cms_set` [ RunTime:0.0004s ]
SQL: SELECT * FROM `yk_cms_set` LIMIT 1   [ RunTime:0.0001s ]
SQL: SHOW COLUMNS FROM `yk_shop_set` [ RunTime:0.0045s ]
SQL: SELECT * FROM `yk_shop_set` LIMIT 1   [ RunTime:0.0002s ]

[ 2017-09-02T09:49:01+08:00 ] 163.177.93.244 /
INFO: [ app_init ] --START--
INFO: Run Behavior\BuildLiteBehavior [ RunTime:0.000011s ]
INFO: [ app_init ] --END-- [ RunTime:0.000262s ]
INFO: [ app_begin ] --START--
INFO: Run Behavior\ReadHtmlCacheBehavior [ RunTime:0.000371s ]
INFO: [ app_begin ] --END-- [ RunTime:0.000411s ]
SQL: SHOW COLUMNS FROM `yk_set` [ RunTime:0.0030s ]
SQL: SELECT * FROM `yk_set` LIMIT 1   [ RunTime:0.0001s ]
SQL: SHOW COLUMNS FROM `yk_cms_set` [ RunTime:0.0003s ]
SQL: SELECT * FROM `yk_cms_set` LIMIT 1   [ RunTime:0.0016s ]
SQL: SHOW COLUMNS FROM `yk_shop_set` [ RunTime:0.0007s ]
SQL: SELECT * FROM `yk_shop_set` LIMIT 1   [ RunTime:0.0001s ]

[ 2017-09-02T10:05:19+08:00 ] 163.177.93.243 /
INFO: [ app_init ] --START--
INFO: Run Behavior\BuildLiteBehavior [ RunTime:0.000011s ]
INFO: [ app_init ] --END-- [ RunTime:0.000252s ]
INFO: [ app_begin ] --START--
INFO: Run Behavior\ReadHtmlCacheBehavior [ RunTime:0.000339s ]
INFO: [ app_begin ] --END-- [ RunTime:0.000386s ]
SQL: SHOW COLUMNS FROM `yk_set` [ RunTime:0.0005s ]
SQL: SELECT * FROM `yk_set` LIMIT 1   [ RunTime:0.0010s ]
SQL: SHOW COLUMNS FROM `yk_cms_set` [ RunTime:0.0029s ]
SQL: SELECT * FROM `yk_cms_set` LIMIT 1   [ RunTime:0.0001s ]
SQL: SHOW COLUMNS FROM `yk_shop_set` [ RunTime:0.0025s ]
SQL: SELECT * FROM `yk_shop_set` LIMIT 1   [ RunTime:0.0002s ]

[ 2017-09-02T10:05:19+08:00 ] 120.198.202.48 /
INFO: [ app_init ] --START--
INFO: Run Behavior\BuildLiteBehavior [ RunTime:0.000016s ]
INFO: [ app_init ] --END-- [ RunTime:0.000387s ]
INFO: [ app_begin ] --START--
INFO: Run Behavior\ReadHtmlCacheBehavior [ RunTime:0.000386s ]
INFO: [ app_begin ] --END-- [ RunTime:0.000426s ]
SQL: SHOW COLUMNS FROM `yk_set` [ RunTime:0.0005s ]
SQL: SELECT * FROM `yk_set` LIMIT 1   [ RunTime:0.0001s ]
SQL: SHOW COLUMNS FROM `yk_cms_set` [ RunTime:0.0004s ]
SQL: SELECT * FROM `yk_cms_set` LIMIT 1   [ RunTime:0.0001s ]
SQL: SHOW COLUMNS FROM `yk_shop_set` [ RunTime:0.0007s ]
SQL: SELECT * FROM `yk_shop_set` LIMIT 1   [ RunTime:0.0002s ]

[ 2017-09-02T10:34:18+08:00 ] 175.155.112.40 /
INFO: [ app_init ] --START--
INFO: Run Behavior\BuildLiteBehavior [ RunTime:0.000012s ]
INFO: [ app_init ] --END-- [ RunTime:0.000287s ]
INFO: [ app_begin ] --START--
INFO: Run Behavior\ReadHtmlCacheBehavior [ RunTime:0.000329s ]
INFO: [ app_begin ] --END-- [ RunTime:0.000372s ]
SQL: SHOW COLUMNS FROM `yk_set` [ RunTime:0.0007s ]
SQL: SELECT * FROM `yk_set` LIMIT 1   [ RunTime:0.0001s ]
SQL: SHOW COLUMNS FROM `yk_cms_set` [ RunTime:0.0004s ]
SQL: SELECT * FROM `yk_cms_set` LIMIT 1   [ RunTime:0.0001s ]
SQL: SHOW COLUMNS FROM `yk_shop_set` [ RunTime:0.0008s ]
SQL: SELECT * FROM `yk_shop_set` LIMIT 1   [ RunTime:0.0001s ]

[ 2017-09-02T10:34:20+08:00 ] 223.85.132.24 /
INFO: [ app_init ] --START--
INFO: Run Behavior\BuildLiteBehavior [ RunTime:0.000015s ]
INFO: [ app_init ] --END-- [ RunTime:0.000335s ]
INFO: [ app_begin ] --START--
INFO: Run Behavior\ReadHtmlCacheBehavior [ RunTime:0.000418s ]
INFO: [ app_begin ] --END-- [ RunTime:0.000472s ]
SQL: SHOW COLUMNS FROM `yk_set` [ RunTime:0.0007s ]
SQL: SELECT * FROM `yk_set` LIMIT 1   [ RunTime:0.0001s ]
SQL: SHOW COLUMNS FROM `yk_cms_set` [ RunTime:0.0003s ]
SQL: SELECT * FROM `yk_cms_set` LIMIT 1   [ RunTime:0.0001s ]
SQL: SHOW COLUMNS FROM `yk_shop_set` [ RunTime:0.0007s ]
SQL: SELECT * FROM `yk_shop_set` LIMIT 1   [ RunTime:0.0002s ]

[ 2017-09-02T10:38:58+08:00 ] 111.161.105.18 /
INFO: [ app_init ] --START--
INFO: Run Behavior\BuildLiteBehavior [ RunTime:0.000010s ]
INFO: [ app_init ] --END-- [ RunTime:0.000245s ]
INFO: [ app_begin ] --START--
INFO: Run Behavior\ReadHtmlCacheBehavior [ RunTime:0.000342s ]
INFO: [ app_begin ] --END-- [ RunTime:0.000380s ]
SQL: SHOW COLUMNS FROM `yk_set` [ RunTime:0.0005s ]
SQL: SELECT * FROM `yk_set` LIMIT 1   [ RunTime:0.0001s ]
SQL: SHOW COLUMNS FROM `yk_cms_set` [ RunTime:0.0004s ]
SQL: SELECT * FROM `yk_cms_set` LIMIT 1   [ RunTime:0.0001s ]
SQL: SHOW COLUMNS FROM `yk_shop_set` [ RunTime:0.0007s ]
SQL: SELECT * FROM `yk_shop_set` LIMIT 1   [ RunTime:0.0001s ]

[ 2017-09-02T10:55:17+08:00 ] 163.177.94.114 /
INFO: [ app_init ] --START--
INFO: Run Behavior\BuildLiteBehavior [ RunTime:0.000012s ]
INFO: [ app_init ] --END-- [ RunTime:0.000258s ]
INFO: [ app_begin ] --START--
INFO: Run Behavior\ReadHtmlCacheBehavior [ RunTime:0.000330s ]
INFO: [ app_begin ] --END-- [ RunTime:0.000368s ]
SQL: SHOW COLUMNS FROM `yk_set` [ RunTime:0.0007s ]
SQL: SELECT * FROM `yk_set` LIMIT 1   [ RunTime:0.0001s ]
SQL: SHOW COLUMNS FROM `yk_cms_set` [ RunTime:0.0004s ]
SQL: SELECT * FROM `yk_cms_set` LIMIT 1   [ RunTime:0.0001s ]
SQL: SHOW COLUMNS FROM `yk_shop_set` [ RunTime:0.0007s ]
SQL: SELECT * FROM `yk_shop_set` LIMIT 1   [ RunTime:0.0001s ]

[ 2017-09-02T10:55:19+08:00 ] 183.232.90.79 /
INFO: [ app_init ] --START--
INFO: Run Behavior\BuildLiteBehavior [ RunTime:0.000025s ]
INFO: [ app_init ] --END-- [ RunTime:0.000401s ]
INFO: [ app_begin ] --START--
INFO: Run Behavior\ReadHtmlCacheBehavior [ RunTime:0.000454s ]
INFO: [ app_begin ] --END-- [ RunTime:0.000504s ]
SQL: SHOW COLUMNS FROM `yk_set` [ RunTime:0.0009s ]
SQL: SELECT * FROM `yk_set` LIMIT 1   [ RunTime:0.0002s ]
SQL: SHOW COLUMNS FROM `yk_cms_set` [ RunTime:0.0004s ]
SQL: SELECT * FROM `yk_cms_set` LIMIT 1   [ RunTime:0.0001s ]
SQL: SHOW COLUMNS FROM `yk_shop_set` [ RunTime:0.0007s ]
SQL: SELECT * FROM `yk_shop_set` LIMIT 1   [ RunTime:0.0002s ]

[ 2017-09-02T11:38:54+08:00 ] 101.226.125.118 /Admin/Index/index
INFO: [ app_init ] --START--
INFO: Run Behavior\BuildLiteBehavior [ RunTime:0.000012s ]
INFO: [ app_init ] --END-- [ RunTime:0.000260s ]
INFO: [ app_begin ] --START--
INFO: Run Behavior\ReadHtmlCacheBehavior [ RunTime:0.000363s ]
INFO: [ app_begin ] --END-- [ RunTime:0.000405s ]
SQL: SHOW COLUMNS FROM `yk_set` [ RunTime:0.0007s ]
SQL: SELECT * FROM `yk_set` LIMIT 1   [ RunTime:0.0001s ]
SQL: SHOW COLUMNS FROM `yk_cms_set` [ RunTime:0.0090s ]
SQL: SELECT * FROM `yk_cms_set` LIMIT 1   [ RunTime:0.0070s ]
SQL: SHOW COLUMNS FROM `yk_shop_set` [ RunTime:0.0007s ]
SQL: SELECT * FROM `yk_shop_set` LIMIT 1   [ RunTime:0.0001s ]

[ 2017-09-02T11:38:54+08:00 ] 101.226.125.118 /Admin/Public/login
INFO: [ app_init ] --START--
INFO: Run Behavior\BuildLiteBehavior [ RunTime:0.000011s ]
INFO: [ app_init ] --END-- [ RunTime:0.000273s ]
INFO: [ app_begin ] --START--
INFO: Run Behavior\ReadHtmlCacheBehavior [ RunTime:0.000328s ]
INFO: [ app_begin ] --END-- [ RunTime:0.000366s ]
SQL: SHOW COLUMNS FROM `yk_set` [ RunTime:0.0006s ]
SQL: SELECT * FROM `yk_set` LIMIT 1   [ RunTime:0.0001s ]
SQL: SHOW COLUMNS FROM `yk_cms_set` [ RunTime:0.0004s ]
SQL: SELECT * FROM `yk_cms_set` LIMIT 1   [ RunTime:0.0001s ]
SQL: SHOW COLUMNS FROM `yk_shop_set` [ RunTime:0.0007s ]
SQL: SELECT * FROM `yk_shop_set` LIMIT 1   [ RunTime:0.0001s ]
INFO: [ view_parse ] --START--
INFO: [ template_filter ] --START--
INFO: Run Behavior\ContentReplaceBehavior [ RunTime:0.000041s ]
INFO: [ template_filter ] --END-- [ RunTime:0.000079s ]
INFO: Run Behavior\ParseTemplateBehavior [ RunTime:0.022034s ]
INFO: [ view_parse ] --END-- [ RunTime:0.022074s ]
INFO: [ view_filter ] --START--
INFO: Run Behavior\WriteHtmlCacheBehavior [ RunTime:0.000116s ]
INFO: [ view_filter ] --END-- [ RunTime:0.000147s ]
INFO: [ app_end ] --START--
INFO: Run Behavior\ShowPageTraceBehavior [ RunTime:0.000345s ]
INFO: [ app_end ] --END-- [ RunTime:0.000378s ]

[ 2017-09-02T11:38:55+08:00 ] 114.233.75.36 /Admin/Public/verify
INFO: [ app_init ] --START--
INFO: Run Behavior\BuildLiteBehavior [ RunTime:0.000017s ]
INFO: [ app_init ] --END-- [ RunTime:0.000355s ]
INFO: [ app_begin ] --START--
INFO: Run Behavior\ReadHtmlCacheBehavior [ RunTime:0.000359s ]
INFO: [ app_begin ] --END-- [ RunTime:0.000420s ]
SQL: SHOW COLUMNS FROM `yk_set` [ RunTime:0.0007s ]
SQL: SELECT * FROM `yk_set` LIMIT 1   [ RunTime:0.0001s ]
SQL: SHOW COLUMNS FROM `yk_cms_set` [ RunTime:0.0004s ]
SQL: SELECT * FROM `yk_cms_set` LIMIT 1   [ RunTime:0.0001s ]
SQL: SHOW COLUMNS FROM `yk_shop_set` [ RunTime:0.0007s ]
SQL: SELECT * FROM `yk_shop_set` LIMIT 1   [ RunTime:0.0004s ]
INFO: [ app_end ] --START--
INFO: Run Behavior\ShowPageTraceBehavior [ RunTime:0.000397s ]
INFO: [ app_end ] --END-- [ RunTime:0.000445s ]

[ 2017-09-02T11:39:02+08:00 ] 117.185.27.115 /Admin/Index/index
INFO: [ app_init ] --START--
INFO: Run Behavior\BuildLiteBehavior [ RunTime:0.000012s ]
INFO: [ app_init ] --END-- [ RunTime:0.000276s ]
INFO: [ app_begin ] --START--
INFO: Run Behavior\ReadHtmlCacheBehavior [ RunTime:0.000350s ]
INFO: [ app_begin ] --END-- [ RunTime:0.000389s ]
SQL: SHOW COLUMNS FROM `yk_set` [ RunTime:0.0007s ]
SQL: SELECT * FROM `yk_set` LIMIT 1   [ RunTime:0.0002s ]
SQL: SHOW COLUMNS FROM `yk_cms_set` [ RunTime:0.0004s ]
SQL: SELECT * FROM `yk_cms_set` LIMIT 1   [ RunTime:0.0001s ]
SQL: SHOW COLUMNS FROM `yk_shop_set` [ RunTime:0.0007s ]
SQL: SELECT * FROM `yk_shop_set` LIMIT 1   [ RunTime:0.0002s ]

[ 2017-09-02T11:39:03+08:00 ] 117.185.27.115 /Admin/Public/login
INFO: [ app_init ] --START--
INFO: Run Behavior\BuildLiteBehavior [ RunTime:0.000012s ]
INFO: [ app_init ] --END-- [ RunTime:0.000258s ]
INFO: [ app_begin ] --START--
INFO: Run Behavior\ReadHtmlCacheBehavior [ RunTime:0.000339s ]
INFO: [ app_begin ] --END-- [ RunTime:0.000378s ]
SQL: SHOW COLUMNS FROM `yk_set` [ RunTime:0.0007s ]
SQL: SELECT * FROM `yk_set` LIMIT 1   [ RunTime:0.0001s ]
SQL: SHOW COLUMNS FROM `yk_cms_set` [ RunTime:0.0004s ]
SQL: SELECT * FROM `yk_cms_set` LIMIT 1   [ RunTime:0.0001s ]
SQL: SHOW COLUMNS FROM `yk_shop_set` [ RunTime:0.0007s ]
SQL: SELECT * FROM `yk_shop_set` LIMIT 1   [ RunTime:0.0002s ]
INFO: [ view_parse ] --START--
INFO: [ template_filter ] --START--
INFO: Run Behavior\ContentReplaceBehavior [ RunTime:0.000042s ]
INFO: [ template_filter ] --END-- [ RunTime:0.000078s ]
INFO: Run Behavior\ParseTemplateBehavior [ RunTime:0.004656s ]
INFO: [ view_parse ] --END-- [ RunTime:0.004692s ]
INFO: [ view_filter ] --START--
INFO: Run Behavior\WriteHtmlCacheBehavior [ RunTime:0.000118s ]
INFO: [ view_filter ] --END-- [ RunTime:0.000148s ]
INFO: [ app_end ] --START--
INFO: Run Behavior\ShowPageTraceBehavior [ RunTime:0.000344s ]
INFO: [ app_end ] --END-- [ RunTime:0.000379s ]

[ 2017-09-02T11:39:11+08:00 ] 114.233.75.36 /Admin/Public/verify
INFO: [ app_init ] --START--
INFO: Run Behavior\BuildLiteBehavior [ RunTime:0.000013s ]
INFO: [ app_init ] --END-- [ RunTime:0.000262s ]
INFO: [ app_begin ] --START--
INFO: Run Behavior\ReadHtmlCacheBehavior [ RunTime:0.000327s ]
INFO: [ app_begin ] --END-- [ RunTime:0.000365s ]
SQL: SHOW COLUMNS FROM `yk_set` [ RunTime:0.0007s ]
SQL: SELECT * FROM `yk_set` LIMIT 1   [ RunTime:0.0001s ]
SQL: SHOW COLUMNS FROM `yk_cms_set` [ RunTime:0.0004s ]
SQL: SELECT * FROM `yk_cms_set` LIMIT 1   [ RunTime:0.0001s ]
SQL: SHOW COLUMNS FROM `yk_shop_set` [ RunTime:0.0008s ]
SQL: SELECT * FROM `yk_shop_set` LIMIT 1   [ RunTime:0.0002s ]
INFO: [ app_end ] --START--
INFO: Run Behavior\ShowPageTraceBehavior [ RunTime:0.000413s ]
INFO: [ app_end ] --END-- [ RunTime:0.000459s ]

[ 2017-09-02T11:39:19+08:00 ] 101.226.125.118 /Admin/Public/login
INFO: [ app_init ] --START--
INFO: Run Behavior\BuildLiteBehavior [ RunTime:0.000013s ]
INFO: [ app_init ] --END-- [ RunTime:0.000264s ]
INFO: [ app_begin ] --START--
INFO: Run Behavior\ReadHtmlCacheBehavior [ RunTime:0.000346s ]
INFO: [ app_begin ] --END-- [ RunTime:0.000385s ]
SQL: SHOW COLUMNS FROM `yk_set` [ RunTime:0.0007s ]
SQL: SELECT * FROM `yk_set` LIMIT 1   [ RunTime:0.0001s ]
SQL: SHOW COLUMNS FROM `yk_cms_set` [ RunTime:0.0004s ]
SQL: SELECT * FROM `yk_cms_set` LIMIT 1   [ RunTime:0.0001s ]
SQL: SHOW COLUMNS FROM `yk_shop_set` [ RunTime:0.0008s ]
SQL: SELECT * FROM `yk_shop_set` LIMIT 1   [ RunTime:0.0002s ]
SQL: SHOW COLUMNS FROM `yk_user` [ RunTime:0.0209s ]
SQL: SELECT * FROM `yk_user` WHERE `username` = '13788288206' AND `userpass` = '21218cca77804d2ba1922c33e0151105' LIMIT 1   [ RunTime:0.0050s ]
SQL: SHOW COLUMNS FROM `yk_employee` [ RunTime:0.0014s ]
SQL: SELECT * FROM `yk_employee` WHERE `username` = '13788288206' AND `userpass` = '21218cca77804d2ba1922c33e0151105' LIMIT 1   [ RunTime:0.0160s ]

[ 2017-09-02T11:39:19+08:00 ] 101.226.125.118 /Admin/Index/index
INFO: [ app_init ] --START--
INFO: Run Behavior\BuildLiteBehavior [ RunTime:0.000011s ]
INFO: [ app_init ] --END-- [ RunTime:0.000271s ]
INFO: [ app_begin ] --START--
INFO: Run Behavior\ReadHtmlCacheBehavior [ RunTime:0.000346s ]
INFO: [ app_begin ] --END-- [ RunTime:0.000384s ]
SQL: SHOW COLUMNS FROM `yk_set` [ RunTime:0.0007s ]
SQL: SELECT * FROM `yk_set` LIMIT 1   [ RunTime:0.0001s ]
SQL: SHOW COLUMNS FROM `yk_cms_set` [ RunTime:0.0004s ]
SQL: SELECT * FROM `yk_cms_set` LIMIT 1   [ RunTime:0.0001s ]
SQL: SHOW COLUMNS FROM `yk_shop_set` [ RunTime:0.0007s ]
SQL: SELECT * FROM `yk_shop_set` LIMIT 1   [ RunTime:0.0001s ]
SQL: SHOW COLUMNS FROM `yk_user_oath` [ RunTime:0.0403s ]
SQL: SELECT * FROM `yk_user_oath`  [ RunTime:0.0012s ]
INFO: [ view_parse ] --START--
INFO: [ template_filter ] --START--
INFO: Run Behavior\ContentReplaceBehavior [ RunTime:0.000136s ]
INFO: [ template_filter ] --END-- [ RunTime:0.000183s ]
INFO: Run Behavior\ParseTemplateBehavior [ RunTime:0.070605s ]
INFO: [ view_parse ] --END-- [ RunTime:0.070647s ]
INFO: [ view_filter ] --START--
INFO: Run Behavior\WriteHtmlCacheBehavior [ RunTime:0.000123s ]
INFO: [ view_filter ] --END-- [ RunTime:0.000156s ]
INFO: [ app_end ] --START--
INFO: Run Behavior\ShowPageTraceBehavior [ RunTime:0.000356s ]
INFO: [ app_end ] --END-- [ RunTime:0.000399s ]

[ 2017-09-02T11:39:19+08:00 ] 101.226.125.118 /Admin/Index/index
INFO: [ app_init ] --START--
INFO: Run Behavior\BuildLiteBehavior [ RunTime:0.000011s ]
INFO: [ app_init ] --END-- [ RunTime:0.000270s ]
INFO: [ app_begin ] --START--
INFO: Run Behavior\ReadHtmlCacheBehavior [ RunTime:0.000333s ]
INFO: [ app_begin ] --END-- [ RunTime:0.000372s ]
SQL: SHOW COLUMNS FROM `yk_set` [ RunTime:0.0007s ]
SQL: SELECT * FROM `yk_set` LIMIT 1   [ RunTime:0.0001s ]
SQL: SHOW COLUMNS FROM `yk_cms_set` [ RunTime:0.0004s ]
SQL: SELECT * FROM `yk_cms_set` LIMIT 1   [ RunTime:0.0001s ]
SQL: SHOW COLUMNS FROM `yk_shop_set` [ RunTime:0.0007s ]
SQL: SELECT * FROM `yk_shop_set` LIMIT 1   [ RunTime:0.0001s ]
SQL: SHOW COLUMNS FROM `yk_user_oath` [ RunTime:0.0003s ]
SQL: SELECT * FROM `yk_user_oath`  [ RunTime:0.0001s ]
INFO: [ view_parse ] --START--
INFO: [ template_filter ] --START--
INFO: Run Behavior\ContentReplaceBehavior [ RunTime:0.000134s ]
INFO: [ template_filter ] --END-- [ RunTime:0.000177s ]
INFO: Run Behavior\ParseTemplateBehavior [ RunTime:0.036031s ]
INFO: [ view_parse ] --END-- [ RunTime:0.036068s ]
INFO: [ view_filter ] --START--
INFO: Run Behavior\WriteHtmlCacheBehavior [ RunTime:0.000123s ]
INFO: [ view_filter ] --END-- [ RunTime:0.000156s ]
INFO: [ app_end ] --START--
INFO: Run Behavior\ShowPageTraceBehavior [ RunTime:0.000374s ]
INFO: [ app_end ] --END-- [ RunTime:0.000413s ]

[ 2017-09-02T11:39:21+08:00 ] 101.226.125.118 /Admin/Employee/main
INFO: [ app_init ] --START--
INFO: Run Behavior\BuildLiteBehavior [ RunTime:0.000012s ]
INFO: [ app_init ] --END-- [ RunTime:0.000261s ]
INFO: [ app_begin ] --START--
INFO: Run Behavior\ReadHtmlCacheBehavior [ RunTime:0.000326s ]
INFO: [ app_begin ] --END-- [ RunTime:0.000363s ]
SQL: SHOW COLUMNS FROM `yk_set` [ RunTime:0.0007s ]
SQL: SELECT * FROM `yk_set` LIMIT 1   [ RunTime:0.0001s ]
SQL: SHOW COLUMNS FROM `yk_cms_set` [ RunTime:0.0004s ]
SQL: SELECT * FROM `yk_cms_set` LIMIT 1   [ RunTime:0.0001s ]
SQL: SHOW COLUMNS FROM `yk_shop_set` [ RunTime:0.0007s ]
SQL: SELECT * FROM `yk_shop_set` LIMIT 1   [ RunTime:0.0001s ]
SQL: SHOW COLUMNS FROM `yk_employee` [ RunTime:0.0005s ]
INFO: [ view_parse ] --START--
INFO: [ template_filter ] --START--
INFO: Run Behavior\ContentReplaceBehavior [ RunTime:0.000031s ]
INFO: [ template_filter ] --END-- [ RunTime:0.000068s ]
INFO: Run Behavior\ParseTemplateBehavior [ RunTime:0.098737s ]
INFO: [ view_parse ] --END-- [ RunTime:0.098775s ]
INFO: [ view_filter ] --START--
INFO: Run Behavior\WriteHtmlCacheBehavior [ RunTime:0.000127s ]
INFO: [ view_filter ] --END-- [ RunTime:0.000156s ]
INFO: [ app_end ] --START--
INFO: Run Behavior\ShowPageTraceBehavior [ RunTime:0.000391s ]
INFO: [ app_end ] --END-- [ RunTime:0.000425s ]

[ 2017-09-02T11:39:28+08:00 ] 101.226.125.118 /Admin/Employee/orderCenter/status/3
INFO: [ app_init ] --START--
INFO: Run Behavior\BuildLiteBehavior [ RunTime:0.000012s ]
INFO: [ app_init ] --END-- [ RunTime:0.000265s ]
INFO: [ app_begin ] --START--
INFO: Run Behavior\ReadHtmlCacheBehavior [ RunTime:0.000357s ]
INFO: [ app_begin ] --END-- [ RunTime:0.000394s ]
SQL: SHOW COLUMNS FROM `yk_set` [ RunTime:0.0007s ]
SQL: SELECT * FROM `yk_set` LIMIT 1   [ RunTime:0.0002s ]
SQL: SHOW COLUMNS FROM `yk_cms_set` [ RunTime:0.0004s ]
SQL: SELECT * FROM `yk_cms_set` LIMIT 1   [ RunTime:0.0001s ]
SQL: SHOW COLUMNS FROM `yk_shop_set` [ RunTime:0.0008s ]
SQL: SELECT * FROM `yk_shop_set` LIMIT 1   [ RunTime:0.0002s ]
SQL: SHOW COLUMNS FROM `yk_employee` [ RunTime:0.0004s ]
INFO: [ view_parse ] --START--
INFO: [ template_filter ] --START--
INFO: Run Behavior\ContentReplaceBehavior [ RunTime:0.000029s ]
INFO: [ template_filter ] --END-- [ RunTime:0.000068s ]
INFO: Run Behavior\ParseTemplateBehavior [ RunTime:0.016550s ]
INFO: [ view_parse ] --END-- [ RunTime:0.016583s ]
INFO: [ view_filter ] --START--
INFO: Run Behavior\WriteHtmlCacheBehavior [ RunTime:0.000120s ]
INFO: [ view_filter ] --END-- [ RunTime:0.000150s ]
SQL: SHOW COLUMNS FROM `yk_vip` [ RunTime:0.0010s ]
SQL: SELECT `id`,`path` FROM `yk_vip` WHERE `employee` = 21 AND `is_system` = 1  [ RunTime:0.1113s ]
SQL: SELECT `id` FROM `yk_vip` WHERE `path` LIKE '0-2101%'  [ RunTime:0.0051s ]
SQL: SELECT `id` FROM `yk_vip` WHERE `path` LIKE '0-2102%'  [ RunTime:0.0049s ]
SQL: SELECT `id` FROM `yk_vip` WHERE `path` LIKE '0-2103%'  [ RunTime:0.0049s ]
SQL: SELECT `id` FROM `yk_vip` WHERE `path` LIKE '0-2104%'  [ RunTime:0.0050s ]
SQL: SELECT `id` FROM `yk_vip` WHERE `path` LIKE '0-2105%'  [ RunTime:0.0049s ]
SQL: SELECT `id` FROM `yk_vip` WHERE `path` LIKE '0-2106%'  [ RunTime:0.0050s ]
SQL: SELECT `id` FROM `yk_vip` WHERE `path` LIKE '0-2107%'  [ RunTime:0.0049s ]
SQL: SELECT `id` FROM `yk_vip` WHERE `path` LIKE '0-2108%'  [ RunTime:0.0050s ]
SQL: SELECT `id` FROM `yk_vip` WHERE `path` LIKE '0-2109%'  [ RunTime:0.0050s ]
SQL: SELECT `id` FROM `yk_vip` WHERE `path` LIKE '0-2110%'  [ RunTime:0.0049s ]
SQL: SELECT `id` FROM `yk_vip` WHERE `path` LIKE '0-2111%'  [ RunTime:0.0049s ]
SQL: SELECT `id` FROM `yk_vip` WHERE `path` LIKE '0-2112%'  [ RunTime:0.0049s ]
SQL: SELECT `id` FROM `yk_vip` WHERE `path` LIKE '0-2113%'  [ RunTime:0.0049s ]
SQL: SELECT `id` FROM `yk_vip` WHERE `path` LIKE '0-2114%'  [ RunTime:0.0050s ]
SQL: SELECT `id` FROM `yk_vip` WHERE `path` LIKE '0-2115%'  [ RunTime:0.0049s ]
SQL: SELECT `id` FROM `yk_vip` WHERE `path` LIKE '0-2116%'  [ RunTime:0.0050s ]
SQL: SELECT `id` FROM `yk_vip` WHERE `path` LIKE '0-2117%'  [ RunTime:0.0050s ]
SQL: SELECT `id` FROM `yk_vip` WHERE `path` LIKE '0-2118%'  [ RunTime:0.0049s ]
SQL: SELECT `id` FROM `yk_vip` WHERE `path` LIKE '0-2119%'  [ RunTime:0.0049s ]
SQL: SELECT `id` FROM `yk_vip` WHERE `path` LIKE '0-2120%'  [ RunTime:0.0049s ]
SQL: SELECT `id` FROM `yk_vip` WHERE `path` LIKE '0-2121%'  [ RunTime:0.0063s ]
SQL: SELECT `id` FROM `yk_vip` WHERE `path` LIKE '0-2122%'  [ RunTime:0.0049s ]
SQL: SELECT `id` FROM `yk_vip` WHERE `path` LIKE '0-2123%'  [ RunTime:0.0050s ]
SQL: SELECT `id` FROM `yk_vip` WHERE `path` LIKE '0-2124%'  [ RunTime:0.0050s ]
SQL: SELECT `id` FROM `yk_vip` WHERE `path` LIKE '0-2125%'  [ RunTime:0.0050s ]
SQL: SELECT `id` FROM `yk_vip` WHERE `path` LIKE '0-2126%'  [ RunTime:0.0049s ]
SQL: SELECT `id` FROM `yk_vip` WHERE `path` LIKE '0-2127%'  [ RunTime:0.0049s ]
SQL: SELECT `id` FROM `yk_vip` WHERE `path` LIKE '0-2128%'  [ RunTime:0.0049s ]
SQL: SELECT `id` FROM `yk_vip` WHERE `path` LIKE '0-2129%'  [ RunTime:0.0050s ]
SQL: SELECT `id` FROM `yk_vip` WHERE `path` LIKE '0-2130%'  [ RunTime:0.0049s ]
SQL: SELECT `id` FROM `yk_vip` WHERE `path` LIKE '0-3623%'  [ RunTime:0.0049s ]
SQL: SELECT `id` FROM `yk_vip` WHERE `path` LIKE '0-3624%'  [ RunTime:0.0049s ]
SQL: SELECT `id` FROM `yk_vip` WHERE `path` LIKE '0-3625%'  [ RunTime:0.0049s ]
SQL: SELECT `id` FROM `yk_vip` WHERE `path` LIKE '0-3626%'  [ RunTime:0.0049s ]
SQL: SELECT `id` FROM `yk_vip` WHERE `path` LIKE '0-3627%'  [ RunTime:0.0049s ]
SQL: SELECT `id` FROM `yk_vip` WHERE `path` LIKE '0-3628%'  [ RunTime:0.0049s ]
SQL: SELECT `id` FROM `yk_vip` WHERE `path` LIKE '0-3629%'  [ RunTime:0.0050s ]
SQL: SELECT `id` FROM `yk_vip` WHERE `path` LIKE '0-3630%'  [ RunTime:0.0049s ]
SQL: SELECT `id` FROM `yk_vip` WHERE `path` LIKE '0-3631%'  [ RunTime:0.0049s ]
SQL: SELECT `id` FROM `yk_vip` WHERE `path` LIKE '0-3632%'  [ RunTime:0.0049s ]
SQL: SELECT `id` FROM `yk_vip` WHERE `path` LIKE '0-3643%'  [ RunTime:0.0049s ]
SQL: SELECT `id` FROM `yk_vip` WHERE `path` LIKE '0-3644%'  [ RunTime:0.0049s ]
SQL: SELECT `id` FROM `yk_vip` WHERE `path` LIKE '0-3645%'  [ RunTime:0.0050s ]
SQL: SELECT `id` FROM `yk_vip` WHERE `path` LIKE '0-3646%'  [ RunTime:0.0049s ]
SQL: SELECT `id` FROM `yk_vip` WHERE `path` LIKE '0-3647%'  [ RunTime:0.0050s ]
SQL: SELECT `id` FROM `yk_vip` WHERE `path` LIKE '0-3648%'  [ RunTime:0.0049s ]
SQL: SELECT `id` FROM `yk_vip` WHERE `path` LIKE '0-3649%'  [ RunTime:0.0049s ]
SQL: SELECT `id` FROM `yk_vip` WHERE `path` LIKE '0-3650%'  [ RunTime:0.0050s ]
SQL: SELECT `id` FROM `yk_vip` WHERE `path` LIKE '0-3651%'  [ RunTime:0.0049s ]
SQL: SELECT `id` FROM `yk_vip` WHERE `path` LIKE '0-3652%'  [ RunTime:0.0049s ]
SQL: SHOW COLUMNS FROM `yk_shop_order` [ RunTime:0.0114s ]
SQL: SELECT O.*,V.pid,V.name as pname FROM yk_shop_order as O LEFT JOIN `yk_vip` AS V ON V.id = O.vipid  WHERE O.status = '3' AND `vipid` IN ('4529','5804','5824','4193','4640','4651','4774','5557','6315','6329','4216','3999','4135','4132','4139') ORDER BY O.ctime desc LIMIT 0,20   [ RunTime:0.0013s ]
SQL: SELECT COUNT(*) AS tp_count FROM yk_shop_order as O LEFT JOIN `yk_vip` AS V ON V.id = O.vipid  WHERE O.status = '3' AND `vipid` IN ('4529','5804','5824','4193','4640','4651','4774','5557','6315','6329','4216','3999','4135','4132','4139') LIMIT 1   [ RunTime:0.0002s ]
INFO: [ view_parse ] --START--
INFO: [ template_filter ] --START--
INFO: Run Behavior\ContentReplaceBehavior [ RunTime:0.000055s ]
INFO: [ template_filter ] --END-- [ RunTime:-0.413487s ]
INFO: Run Behavior\ParseTemplateBehavior [ RunTime:0.032020s ]
INFO: [ view_parse ] --END-- [ RunTime:-0.382846s ]
INFO: [ view_filter ] --START--
INFO: Run Behavior\WriteHtmlCacheBehavior [ RunTime:0.000010s ]
INFO: [ view_filter ] --END-- [ RunTime:-0.414749s ]
INFO: [ app_end ] --START--
INFO: Run Behavior\ShowPageTraceBehavior [ RunTime:0.000398s ]
INFO: [ app_end ] --END-- [ RunTime:0.000438s ]

[ 2017-09-02T11:39:39+08:00 ] 101.226.125.118 /Admin/Employee/orderCenter/status/3
INFO: [ app_init ] --START--
INFO: Run Behavior\BuildLiteBehavior [ RunTime:0.000012s ]
INFO: [ app_init ] --END-- [ RunTime:0.000290s ]
INFO: [ app_begin ] --START--
INFO: Run Behavior\ReadHtmlCacheBehavior [ RunTime:0.000333s ]
INFO: [ app_begin ] --END-- [ RunTime:0.000367s ]
SQL: SHOW COLUMNS FROM `yk_set` [ RunTime:0.0008s ]
SQL: SELECT * FROM `yk_set` LIMIT 1   [ RunTime:0.0002s ]
SQL: SHOW COLUMNS FROM `yk_cms_set` [ RunTime:0.0004s ]
SQL: SELECT * FROM `yk_cms_set` LIMIT 1   [ RunTime:0.0001s ]
SQL: SHOW COLUMNS FROM `yk_shop_set` [ RunTime:0.0007s ]
SQL: SELECT * FROM `yk_shop_set` LIMIT 1   [ RunTime:0.0001s ]
SQL: SHOW COLUMNS FROM `yk_employee` [ RunTime:0.0004s ]
INFO: [ view_parse ] --START--
INFO: [ template_filter ] --START--
INFO: Run Behavior\ContentReplaceBehavior [ RunTime:0.000039s ]
INFO: [ template_filter ] --END-- [ RunTime:0.000097s ]
INFO: Run Behavior\ParseTemplateBehavior [ RunTime:0.005479s ]
INFO: [ view_parse ] --END-- [ RunTime:0.005522s ]
INFO: [ view_filter ] --START--
INFO: Run Behavior\WriteHtmlCacheBehavior [ RunTime:0.000139s ]
INFO: [ view_filter ] --END-- [ RunTime:0.000171s ]
SQL: SHOW COLUMNS FROM `yk_vip` [ RunTime:0.0011s ]
SQL: SELECT `id`,`path` FROM `yk_vip` WHERE `employee` = 21 AND `is_system` = 1  [ RunTime:0.0049s ]
SQL: SELECT `id` FROM `yk_vip` WHERE `path` LIKE '0-2101%'  [ RunTime:0.0050s ]
SQL: SELECT `id` FROM `yk_vip` WHERE `path` LIKE '0-2102%'  [ RunTime:0.0064s ]
SQL: SELECT `id` FROM `yk_vip` WHERE `path` LIKE '0-2103%'  [ RunTime:0.0057s ]
SQL: SELECT `id` FROM `yk_vip` WHERE `path` LIKE '0-2104%'  [ RunTime:0.0052s ]
SQL: SELECT `id` FROM `yk_vip` WHERE `path` LIKE '0-2105%'  [ RunTime:0.0052s ]
SQL: SELECT `id` FROM `yk_vip` WHERE `path` LIKE '0-2106%'  [ RunTime:0.0053s ]
SQL: SELECT `id` FROM `yk_vip` WHERE `path` LIKE '0-2107%'  [ RunTime:0.0050s ]
SQL: SELECT `id` FROM `yk_vip` WHERE `path` LIKE '0-2108%'  [ RunTime:0.0051s ]
SQL: SELECT `id` FROM `yk_vip` WHERE `path` LIKE '0-2109%'  [ RunTime:0.0049s ]
SQL: SELECT `id` FROM `yk_vip` WHERE `path` LIKE '0-2110%'  [ RunTime:0.0049s ]
SQL: SELECT `id` FROM `yk_vip` WHERE `path` LIKE '0-2111%'  [ RunTime:0.0050s ]
SQL: SELECT `id` FROM `yk_vip` WHERE `path` LIKE '0-2112%'  [ RunTime:0.0049s ]
SQL: SELECT `id` FROM `yk_vip` WHERE `path` LIKE '0-2113%'  [ RunTime:0.0049s ]
SQL: SELECT `id` FROM `yk_vip` WHERE `path` LIKE '0-2114%'  [ RunTime:0.0050s ]
SQL: SELECT `id` FROM `yk_vip` WHERE `path` LIKE '0-2115%'  [ RunTime:0.0049s ]
SQL: SELECT `id` FROM `yk_vip` WHERE `path` LIKE '0-2116%'  [ RunTime:0.0050s ]
SQL: SELECT `id` FROM `yk_vip` WHERE `path` LIKE '0-2117%'  [ RunTime:0.0049s ]
SQL: SELECT `id` FROM `yk_vip` WHERE `path` LIKE '0-2118%'  [ RunTime:0.0050s ]
SQL: SELECT `id` FROM `yk_vip` WHERE `path` LIKE '0-2119%'  [ RunTime:0.0049s ]
SQL: SELECT `id` FROM `yk_vip` WHERE `path` LIKE '0-2120%'  [ RunTime:0.0049s ]
SQL: SELECT `id` FROM `yk_vip` WHERE `path` LIKE '0-2121%'  [ RunTime:0.0049s ]
SQL: SELECT `id` FROM `yk_vip` WHERE `path` LIKE '0-2122%'  [ RunTime:0.0049s ]
SQL: SELECT `id` FROM `yk_vip` WHERE `path` LIKE '0-2123%'  [ RunTime:0.0049s ]
SQL: SELECT `id` FROM `yk_vip` WHERE `path` LIKE '0-2124%'  [ RunTime:0.0049s ]
SQL: SELECT `id` FROM `yk_vip` WHERE `path` LIKE '0-2125%'  [ RunTime:0.0049s ]
SQL: SELECT `id` FROM `yk_vip` WHERE `path` LIKE '0-2126%'  [ RunTime:0.0050s ]
SQL: SELECT `id` FROM `yk_vip` WHERE `path` LIKE '0-2127%'  [ RunTime:0.0049s ]
SQL: SELECT `id` FROM `yk_vip` WHERE `path` LIKE '0-2128%'  [ RunTime:0.0049s ]
SQL: SELECT `id` FROM `yk_vip` WHERE `path` LIKE '0-2129%'  [ RunTime:0.0055s ]
SQL: SELECT `id` FROM `yk_vip` WHERE `path` LIKE '0-2130%'  [ RunTime:0.0050s ]
SQL: SELECT `id` FROM `yk_vip` WHERE `path` LIKE '0-3623%'  [ RunTime:0.0051s ]
SQL: SELECT `id` FROM `yk_vip` WHERE `path` LIKE '0-3624%'  [ RunTime:0.0052s ]
SQL: SELECT `id` FROM `yk_vip` WHERE `path` LIKE '0-3625%'  [ RunTime:0.0050s ]
SQL: SELECT `id` FROM `yk_vip` WHERE `path` LIKE '0-3626%'  [ RunTime:0.0052s ]
SQL: SELECT `id` FROM `yk_vip` WHERE `path` LIKE '0-3627%'  [ RunTime:0.0049s ]
SQL: SELECT `id` FROM `yk_vip` WHERE `path` LIKE '0-3628%'  [ RunTime:0.0052s ]
SQL: SELECT `id` FROM `yk_vip` WHERE `path` LIKE '0-3629%'  [ RunTime:0.0049s ]
SQL: SELECT `id` FROM `yk_vip` WHERE `path` LIKE '0-3630%'  [ RunTime:0.0052s ]
SQL: SELECT `id` FROM `yk_vip` WHERE `path` LIKE '0-3631%'  [ RunTime:0.0051s ]
SQL: SELECT `id` FROM `yk_vip` WHERE `path` LIKE '0-3632%'  [ RunTime:0.0049s ]
SQL: SELECT `id` FROM `yk_vip` WHERE `path` LIKE '0-3643%'  [ RunTime:0.0049s ]
SQL: SELECT `id` FROM `yk_vip` WHERE `path` LIKE '0-3644%'  [ RunTime:0.0051s ]
SQL: SELECT `id` FROM `yk_vip` WHERE `path` LIKE '0-3645%'  [ RunTime:0.0052s ]
SQL: SELECT `id` FROM `yk_vip` WHERE `path` LIKE '0-3646%'  [ RunTime:0.0050s ]
SQL: SELECT `id` FROM `yk_vip` WHERE `path` LIKE '0-3647%'  [ RunTime:0.0049s ]
SQL: SELECT `id` FROM `yk_vip` WHERE `path` LIKE '0-3648%'  [ RunTime:0.0051s ]
SQL: SELECT `id` FROM `yk_vip` WHERE `path` LIKE '0-3649%'  [ RunTime:0.0050s ]
SQL: SELECT `id` FROM `yk_vip` WHERE `path` LIKE '0-3650%'  [ RunTime:0.0052s ]
SQL: SELECT `id` FROM `yk_vip` WHERE `path` LIKE '0-3651%'  [ RunTime:0.0051s ]
SQL: SELECT `id` FROM `yk_vip` WHERE `path` LIKE '0-3652%'  [ RunTime:0.0050s ]
SQL: SHOW COLUMNS FROM `yk_shop_order` [ RunTime:0.0011s ]
SQL: SELECT O.*,V.pid,V.name as pname FROM yk_shop_order as O LEFT JOIN `yk_vip` AS V ON V.id = O.vipid  WHERE O.status = '3' AND `vipid` IN ('4529','5804','5824','4193','4640','4651','4774','5557','6315','6329','4216','3999','4135','4132','4139') ORDER BY O.ctime desc LIMIT 0,20   [ RunTime:0.0003s ]
SQL: SELECT COUNT(*) AS tp_count FROM yk_shop_order as O LEFT JOIN `yk_vip` AS V ON V.id = O.vipid  WHERE O.status = '3' AND `vipid` IN ('4529','5804','5824','4193','4640','4651','4774','5557','6315','6329','4216','3999','4135','4132','4139') LIMIT 1   [ RunTime:0.0003s ]
INFO: [ view_parse ] --START--
INFO: [ template_filter ] --START--
INFO: Run Behavior\ContentReplaceBehavior [ RunTime:0.000059s ]
INFO: [ template_filter ] --END-- [ RunTime:-0.277526s ]
INFO: Run Behavior\ParseTemplateBehavior [ RunTime:0.008806s ]
INFO: [ view_parse ] --END-- [ RunTime:-0.269923s ]
INFO: [ view_filter ] --START--
INFO: Run Behavior\WriteHtmlCacheBehavior [ RunTime:0.000014s ]
INFO: [ view_filter ] --END-- [ RunTime:-0.278593s ]
INFO: [ app_end ] --START--
INFO: Run Behavior\ShowPageTraceBehavior [ RunTime:0.000474s ]
INFO: [ app_end ] --END-- [ RunTime:0.000513s ]

[ 2017-09-02T11:40:42+08:00 ] 101.226.125.118 /Admin/Public/login
INFO: [ app_init ] --START--
INFO: Run Behavior\BuildLiteBehavior [ RunTime:0.000014s ]
INFO: [ app_init ] --END-- [ RunTime:0.000267s ]
INFO: [ app_begin ] --START--
INFO: Run Behavior\ReadHtmlCacheBehavior [ RunTime:0.000331s ]
INFO: [ app_begin ] --END-- [ RunTime:0.000369s ]
SQL: SHOW COLUMNS FROM `yk_set` [ RunTime:0.0008s ]
SQL: SELECT * FROM `yk_set` LIMIT 1   [ RunTime:0.0001s ]
SQL: SHOW COLUMNS FROM `yk_cms_set` [ RunTime:0.0004s ]
SQL: SELECT * FROM `yk_cms_set` LIMIT 1   [ RunTime:0.0001s ]
SQL: SHOW COLUMNS FROM `yk_shop_set` [ RunTime:0.0008s ]
SQL: SELECT * FROM `yk_shop_set` LIMIT 1   [ RunTime:0.0002s ]

[ 2017-09-02T11:40:42+08:00 ] 101.226.125.118 /Admin/Index/index
INFO: [ app_init ] --START--
INFO: Run Behavior\BuildLiteBehavior [ RunTime:0.000013s ]
INFO: [ app_init ] --END-- [ RunTime:0.000293s ]
INFO: [ app_begin ] --START--
INFO: Run Behavior\ReadHtmlCacheBehavior [ RunTime:0.000337s ]
INFO: [ app_begin ] --END-- [ RunTime:0.000401s ]
SQL: SHOW COLUMNS FROM `yk_set` [ RunTime:0.0007s ]
SQL: SELECT * FROM `yk_set` LIMIT 1   [ RunTime:0.0001s ]
SQL: SHOW COLUMNS FROM `yk_cms_set` [ RunTime:0.0004s ]
SQL: SELECT * FROM `yk_cms_set` LIMIT 1   [ RunTime:0.0001s ]
SQL: SHOW COLUMNS FROM `yk_shop_set` [ RunTime:0.0007s ]
SQL: SELECT * FROM `yk_shop_set` LIMIT 1   [ RunTime:0.0001s ]
SQL: SHOW COLUMNS FROM `yk_user_oath` [ RunTime:0.0004s ]
SQL: SELECT * FROM `yk_user_oath`  [ RunTime:0.0001s ]
INFO: [ view_parse ] --START--
INFO: [ template_filter ] --START--
INFO: Run Behavior\ContentReplaceBehavior [ RunTime:0.000144s ]
INFO: [ template_filter ] --END-- [ RunTime:0.000193s ]
INFO: Run Behavior\ParseTemplateBehavior [ RunTime:0.026541s ]
INFO: [ view_parse ] --END-- [ RunTime:0.026580s ]
INFO: [ view_filter ] --START--
INFO: Run Behavior\WriteHtmlCacheBehavior [ RunTime:0.000131s ]
INFO: [ view_filter ] --END-- [ RunTime:0.000164s ]
INFO: [ app_end ] --START--
INFO: Run Behavior\ShowPageTraceBehavior [ RunTime:0.000370s ]
INFO: [ app_end ] --END-- [ RunTime:0.000410s ]

[ 2017-09-02T11:40:42+08:00 ] 101.226.125.118 /Admin/Public/login
INFO: [ app_init ] --START--
INFO: Run Behavior\BuildLiteBehavior [ RunTime:0.000013s ]
INFO: [ app_init ] --END-- [ RunTime:0.000285s ]
INFO: [ app_begin ] --START--
INFO: Run Behavior\ReadHtmlCacheBehavior [ RunTime:0.000325s ]
INFO: [ app_begin ] --END-- [ RunTime:0.000363s ]
SQL: SHOW COLUMNS FROM `yk_set` [ RunTime:0.0007s ]
SQL: SELECT * FROM `yk_set` LIMIT 1   [ RunTime:0.0001s ]
SQL: SHOW COLUMNS FROM `yk_cms_set` [ RunTime:0.0004s ]
SQL: SELECT * FROM `yk_cms_set` LIMIT 1   [ RunTime:0.0001s ]
SQL: SHOW COLUMNS FROM `yk_shop_set` [ RunTime:0.0007s ]
SQL: SELECT * FROM `yk_shop_set` LIMIT 1   [ RunTime:0.0002s ]

[ 2017-09-02T11:40:43+08:00 ] 101.226.125.118 /Admin/Index/index
INFO: [ app_init ] --START--
INFO: Run Behavior\BuildLiteBehavior [ RunTime:0.000015s ]
INFO: [ app_init ] --END-- [ RunTime:0.000295s ]
INFO: [ app_begin ] --START--
INFO: Run Behavior\ReadHtmlCacheBehavior [ RunTime:0.000490s ]
INFO: [ app_begin ] --END-- [ RunTime:0.000548s ]
SQL: SHOW COLUMNS FROM `yk_set` [ RunTime:0.0007s ]
SQL: SELECT * FROM `yk_set` LIMIT 1   [ RunTime:0.0002s ]
SQL: SHOW COLUMNS FROM `yk_cms_set` [ RunTime:0.0005s ]
SQL: SELECT * FROM `yk_cms_set` LIMIT 1   [ RunTime:0.0002s ]
SQL: SHOW COLUMNS FROM `yk_shop_set` [ RunTime:0.0012s ]
SQL: SELECT * FROM `yk_shop_set` LIMIT 1   [ RunTime:0.0002s ]
SQL: SHOW COLUMNS FROM `yk_user_oath` [ RunTime:0.0005s ]
SQL: SELECT * FROM `yk_user_oath`  [ RunTime:0.0002s ]
INFO: [ view_parse ] --START--
INFO: [ template_filter ] --START--
INFO: Run Behavior\ContentReplaceBehavior [ RunTime:0.000139s ]
INFO: [ template_filter ] --END-- [ RunTime:0.000185s ]
INFO: Run Behavior\ParseTemplateBehavior [ RunTime:0.031644s ]
INFO: [ view_parse ] --END-- [ RunTime:0.031685s ]
INFO: [ view_filter ] --START--
INFO: Run Behavior\WriteHtmlCacheBehavior [ RunTime:0.000147s ]
INFO: [ view_filter ] --END-- [ RunTime:0.000181s ]
INFO: [ app_end ] --START--
INFO: Run Behavior\ShowPageTraceBehavior [ RunTime:0.000370s ]
INFO: [ app_end ] --END-- [ RunTime:0.000415s ]

[ 2017-09-02T11:40:43+08:00 ] 101.226.125.118 /Admin/Public/login
INFO: [ app_init ] --START--
INFO: Run Behavior\BuildLiteBehavior [ RunTime:0.000011s ]
INFO: [ app_init ] --END-- [ RunTime:0.000249s ]
INFO: [ app_begin ] --START--
INFO: Run Behavior\ReadHtmlCacheBehavior [ RunTime:0.000354s ]
INFO: [ app_begin ] --END-- [ RunTime:0.000392s ]
SQL: SHOW COLUMNS FROM `yk_set` [ RunTime:0.0006s ]
SQL: SELECT * FROM `yk_set` LIMIT 1   [ RunTime:0.0001s ]
SQL: SHOW COLUMNS FROM `yk_cms_set` [ RunTime:0.0004s ]
SQL: SELECT * FROM `yk_cms_set` LIMIT 1   [ RunTime:0.0001s ]
SQL: SHOW COLUMNS FROM `yk_shop_set` [ RunTime:0.0007s ]
SQL: SELECT * FROM `yk_shop_set` LIMIT 1   [ RunTime:0.0001s ]

[ 2017-09-02T11:40:44+08:00 ] 101.226.125.118 /Admin/Index/index
INFO: [ app_init ] --START--
INFO: Run Behavior\BuildLiteBehavior [ RunTime:0.000012s ]
INFO: [ app_init ] --END-- [ RunTime:0.000262s ]
INFO: [ app_begin ] --START--
INFO: Run Behavior\ReadHtmlCacheBehavior [ RunTime:0.000347s ]
INFO: [ app_begin ] --END-- [ RunTime:0.000386s ]
SQL: SHOW COLUMNS FROM `yk_set` [ RunTime:0.0007s ]
SQL: SELECT * FROM `yk_set` LIMIT 1   [ RunTime:0.0001s ]
SQL: SHOW COLUMNS FROM `yk_cms_set` [ RunTime:0.0004s ]
SQL: SELECT * FROM `yk_cms_set` LIMIT 1   [ RunTime:0.0001s ]
SQL: SHOW COLUMNS FROM `yk_shop_set` [ RunTime:0.0007s ]
SQL: SELECT * FROM `yk_shop_set` LIMIT 1   [ RunTime:0.0001s ]
SQL: SHOW COLUMNS FROM `yk_user_oath` [ RunTime:0.0004s ]
SQL: SELECT * FROM `yk_user_oath`  [ RunTime:0.0001s ]
INFO: [ view_parse ] --START--
INFO: [ template_filter ] --START--
INFO: Run Behavior\ContentReplaceBehavior [ RunTime:0.000150s ]
INFO: [ template_filter ] --END-- [ RunTime:0.000196s ]
INFO: Run Behavior\ParseTemplateBehavior [ RunTime:0.052547s ]
INFO: [ view_parse ] --END-- [ RunTime:0.052598s ]
INFO: [ view_filter ] --START--
INFO: Run Behavior\WriteHtmlCacheBehavior [ RunTime:0.000181s ]
INFO: [ view_filter ] --END-- [ RunTime:0.000235s ]
INFO: [ app_end ] --START--
INFO: Run Behavior\ShowPageTraceBehavior [ RunTime:0.000584s ]
INFO: [ app_end ] --END-- [ RunTime:0.000647s ]

[ 2017-09-02T11:40:45+08:00 ] 101.226.125.118 /Admin/Employee/main
INFO: [ app_init ] --START--
INFO: Run Behavior\BuildLiteBehavior [ RunTime:0.000012s ]
INFO: [ app_init ] --END-- [ RunTime:0.000262s ]
INFO: [ app_begin ] --START--
INFO: Run Behavior\ReadHtmlCacheBehavior [ RunTime:0.000324s ]
INFO: [ app_begin ] --END-- [ RunTime:0.000360s ]
SQL: SHOW COLUMNS FROM `yk_set` [ RunTime:0.0007s ]
SQL: SELECT * FROM `yk_set` LIMIT 1   [ RunTime:0.0033s ]
SQL: SHOW COLUMNS FROM `yk_cms_set` [ RunTime:0.0004s ]
SQL: SELECT * FROM `yk_cms_set` LIMIT 1   [ RunTime:0.0002s ]
SQL: SHOW COLUMNS FROM `yk_shop_set` [ RunTime:0.0007s ]
SQL: SELECT * FROM `yk_shop_set` LIMIT 1   [ RunTime:0.0002s ]
SQL: SHOW COLUMNS FROM `yk_employee` [ RunTime:0.0005s ]
INFO: [ view_parse ] --START--
INFO: [ template_filter ] --START--
INFO: Run Behavior\ContentReplaceBehavior [ RunTime:0.000026s ]
INFO: [ template_filter ] --END-- [ RunTime:0.000060s ]
INFO: Run Behavior\ParseTemplateBehavior [ RunTime:0.003652s ]
INFO: [ view_parse ] --END-- [ RunTime:0.003684s ]
INFO: [ view_filter ] --START--
INFO: Run Behavior\WriteHtmlCacheBehavior [ RunTime:0.000140s ]
INFO: [ view_filter ] --END-- [ RunTime:0.000169s ]
INFO: [ app_end ] --START--
INFO: Run Behavior\ShowPageTraceBehavior [ RunTime:0.000340s ]
INFO: [ app_end ] --END-- [ RunTime:0.000371s ]

[ 2017-09-02T11:40:53+08:00 ] 101.226.125.118 /Admin/Employee/orderCenter/status/5
INFO: [ app_init ] --START--
INFO: Run Behavior\BuildLiteBehavior [ RunTime:0.000012s ]
INFO: [ app_init ] --END-- [ RunTime:0.000281s ]
INFO: [ app_begin ] --START--
INFO: Run Behavior\ReadHtmlCacheBehavior [ RunTime:0.000330s ]
INFO: [ app_begin ] --END-- [ RunTime:0.000365s ]
SQL: SHOW COLUMNS FROM `yk_set` [ RunTime:0.0007s ]
SQL: SELECT * FROM `yk_set` LIMIT 1   [ RunTime:0.0001s ]
SQL: SHOW COLUMNS FROM `yk_cms_set` [ RunTime:0.0004s ]
SQL: SELECT * FROM `yk_cms_set` LIMIT 1   [ RunTime:0.0001s ]
SQL: SHOW COLUMNS FROM `yk_shop_set` [ RunTime:0.0007s ]
SQL: SELECT * FROM `yk_shop_set` LIMIT 1   [ RunTime:0.0001s ]
SQL: SHOW COLUMNS FROM `yk_employee` [ RunTime:0.0004s ]
INFO: [ view_parse ] --START--
INFO: [ template_filter ] --START--
INFO: Run Behavior\ContentReplaceBehavior [ RunTime:0.000030s ]
INFO: [ template_filter ] --END-- [ RunTime:0.000072s ]
INFO: Run Behavior\ParseTemplateBehavior [ RunTime:0.004711s ]
INFO: [ view_parse ] --END-- [ RunTime:0.004744s ]
INFO: [ view_filter ] --START--
INFO: Run Behavior\WriteHtmlCacheBehavior [ RunTime:0.000125s ]
INFO: [ view_filter ] --END-- [ RunTime:0.000155s ]
SQL: SHOW COLUMNS FROM `yk_vip` [ RunTime:0.0011s ]
SQL: SELECT `id`,`path` FROM `yk_vip` WHERE `employee` = 21 AND `is_system` = 1  [ RunTime:0.0048s ]
SQL: SELECT `id` FROM `yk_vip` WHERE `path` LIKE '0-2101%'  [ RunTime:0.0049s ]
SQL: SELECT `id` FROM `yk_vip` WHERE `path` LIKE '0-2102%'  [ RunTime:0.0049s ]
SQL: SELECT `id` FROM `yk_vip` WHERE `path` LIKE '0-2103%'  [ RunTime:0.0049s ]
SQL: SELECT `id` FROM `yk_vip` WHERE `path` LIKE '0-2104%'  [ RunTime:0.0049s ]
SQL: SELECT `id` FROM `yk_vip` WHERE `path` LIKE '0-2105%'  [ RunTime:0.0049s ]
SQL: SELECT `id` FROM `yk_vip` WHERE `path` LIKE '0-2106%'  [ RunTime:0.0048s ]
SQL: SELECT `id` FROM `yk_vip` WHERE `path` LIKE '0-2107%'  [ RunTime:0.0051s ]
SQL: SELECT `id` FROM `yk_vip` WHERE `path` LIKE '0-2108%'  [ RunTime:0.0050s ]
SQL: SELECT `id` FROM `yk_vip` WHERE `path` LIKE '0-2109%'  [ RunTime:0.0051s ]
SQL: SELECT `id` FROM `yk_vip` WHERE `path` LIKE '0-2110%'  [ RunTime:0.0050s ]
SQL: SELECT `id` FROM `yk_vip` WHERE `path` LIKE '0-2111%'  [ RunTime:0.0050s ]
SQL: SELECT `id` FROM `yk_vip` WHERE `path` LIKE '0-2112%'  [ RunTime:0.0049s ]
SQL: SELECT `id` FROM `yk_vip` WHERE `path` LIKE '0-2113%'  [ RunTime:0.0050s ]
SQL: SELECT `id` FROM `yk_vip` WHERE `path` LIKE '0-2114%'  [ RunTime:0.0055s ]
SQL: SELECT `id` FROM `yk_vip` WHERE `path` LIKE '0-2115%'  [ RunTime:0.0051s ]
SQL: SELECT `id` FROM `yk_vip` WHERE `path` LIKE '0-2116%'  [ RunTime:0.0048s ]
SQL: SELECT `id` FROM `yk_vip` WHERE `path` LIKE '0-2117%'  [ RunTime:0.0049s ]
SQL: SELECT `id` FROM `yk_vip` WHERE `path` LIKE '0-2118%'  [ RunTime:0.0049s ]
SQL: SELECT `id` FROM `yk_vip` WHERE `path` LIKE '0-2119%'  [ RunTime:0.0059s ]
SQL: SELECT `id` FROM `yk_vip` WHERE `path` LIKE '0-2120%'  [ RunTime:0.0065s ]
SQL: SELECT `id` FROM `yk_vip` WHERE `path` LIKE '0-2121%'  [ RunTime:0.0051s ]
SQL: SELECT `id` FROM `yk_vip` WHERE `path` LIKE '0-2122%'  [ RunTime:0.0063s ]
SQL: SELECT `id` FROM `yk_vip` WHERE `path` LIKE '0-2123%'  [ RunTime:0.0050s ]
SQL: SELECT `id` FROM `yk_vip` WHERE `path` LIKE '0-2124%'  [ RunTime:0.0049s ]
SQL: SELECT `id` FROM `yk_vip` WHERE `path` LIKE '0-2125%'  [ RunTime:0.0049s ]
SQL: SELECT `id` FROM `yk_vip` WHERE `path` LIKE '0-2126%'  [ RunTime:0.0049s ]
SQL: SELECT `id` FROM `yk_vip` WHERE `path` LIKE '0-2127%'  [ RunTime:0.0049s ]
SQL: SELECT `id` FROM `yk_vip` WHERE `path` LIKE '0-2128%'  [ RunTime:0.0048s ]
SQL: SELECT `id` FROM `yk_vip` WHERE `path` LIKE '0-2129%'  [ RunTime:0.0052s ]
SQL: SELECT `id` FROM `yk_vip` WHERE `path` LIKE '0-2130%'  [ RunTime:0.0052s ]
SQL: SELECT `id` FROM `yk_vip` WHERE `path` LIKE '0-3623%'  [ RunTime:0.0050s ]
SQL: SELECT `id` FROM `yk_vip` WHERE `path` LIKE '0-3624%'  [ RunTime:0.0049s ]
SQL: SELECT `id` FROM `yk_vip` WHERE `path` LIKE '0-3625%'  [ RunTime:0.0048s ]
SQL: SELECT `id` FROM `yk_vip` WHERE `path` LIKE '0-3626%'  [ RunTime:0.0050s ]
SQL: SELECT `id` FROM `yk_vip` WHERE `path` LIKE '0-3627%'  [ RunTime:0.0049s ]
SQL: SELECT `id` FROM `yk_vip` WHERE `path` LIKE '0-3628%'  [ RunTime:0.0048s ]
SQL: SELECT `id` FROM `yk_vip` WHERE `path` LIKE '0-3629%'  [ RunTime:0.0048s ]
SQL: SELECT `id` FROM `yk_vip` WHERE `path` LIKE '0-3630%'  [ RunTime:0.0049s ]
SQL: SELECT `id` FROM `yk_vip` WHERE `path` LIKE '0-3631%'  [ RunTime:0.0049s ]
SQL: SELECT `id` FROM `yk_vip` WHERE `path` LIKE '0-3632%'  [ RunTime:0.0048s ]
SQL: SELECT `id` FROM `yk_vip` WHERE `path` LIKE '0-3643%'  [ RunTime:0.0048s ]
SQL: SELECT `id` FROM `yk_vip` WHERE `path` LIKE '0-3644%'  [ RunTime:0.0049s ]
SQL: SELECT `id` FROM `yk_vip` WHERE `path` LIKE '0-3645%'  [ RunTime:0.0048s ]
SQL: SELECT `id` FROM `yk_vip` WHERE `path` LIKE '0-3646%'  [ RunTime:0.0048s ]
SQL: SELECT `id` FROM `yk_vip` WHERE `path` LIKE '0-3647%'  [ RunTime:0.0049s ]
SQL: SELECT `id` FROM `yk_vip` WHERE `path` LIKE '0-3648%'  [ RunTime:0.0048s ]
SQL: SELECT `id` FROM `yk_vip` WHERE `path` LIKE '0-3649%'  [ RunTime:0.0049s ]
SQL: SELECT `id` FROM `yk_vip` WHERE `path` LIKE '0-3650%'  [ RunTime:0.0048s ]
SQL: SELECT `id` FROM `yk_vip` WHERE `path` LIKE '0-3651%'  [ RunTime:0.0051s ]
SQL: SELECT `id` FROM `yk_vip` WHERE `path` LIKE '0-3652%'  [ RunTime:0.0056s ]
SQL: SHOW COLUMNS FROM `yk_shop_order` [ RunTime:0.0013s ]
SQL: SELECT O.*,V.pid,V.name as pname FROM yk_shop_order as O LEFT JOIN `yk_vip` AS V ON V.id = O.vipid  WHERE O.status = '5' AND `vipid` IN ('4529','5804','5824','4193','4640','4651','4774','5557','6315','6329','4216','3999','4135','4132','4139') ORDER BY O.ctime desc LIMIT 0,20   [ RunTime:0.0004s ]
SQL: SELECT COUNT(*) AS tp_count FROM yk_shop_order as O LEFT JOIN `yk_vip` AS V ON V.id = O.vipid  WHERE O.status = '5' AND `vipid` IN ('4529','5804','5824','4193','4640','4651','4774','5557','6315','6329','4216','3999','4135','4132','4139') LIMIT 1   [ RunTime:0.0003s ]
INFO: [ view_parse ] --START--
INFO: [ template_filter ] --START--
INFO: Run Behavior\ContentReplaceBehavior [ RunTime:0.000056s ]
INFO: [ template_filter ] --END-- [ RunTime:-0.275908s ]
INFO: Run Behavior\ParseTemplateBehavior [ RunTime:0.008953s ]
INFO: [ view_parse ] --END-- [ RunTime:-0.268315s ]
INFO: [ view_filter ] --START--
INFO: Run Behavior\WriteHtmlCacheBehavior [ RunTime:0.000012s ]
INFO: [ view_filter ] --END-- [ RunTime:-0.277147s ]
INFO: [ app_end ] --START--
INFO: Run Behavior\ShowPageTraceBehavior [ RunTime:0.000382s ]
INFO: [ app_end ] --END-- [ RunTime:0.000421s ]

[ 2017-09-02T11:40:58+08:00 ] 101.226.125.118 /Admin/Employee/orderCenter/status/3
INFO: [ app_init ] --START--
INFO: Run Behavior\BuildLiteBehavior [ RunTime:0.000012s ]
INFO: [ app_init ] --END-- [ RunTime:0.000260s ]
INFO: [ app_begin ] --START--
INFO: Run Behavior\ReadHtmlCacheBehavior [ RunTime:0.000373s ]
INFO: [ app_begin ] --END-- [ RunTime:0.000408s ]
SQL: SHOW COLUMNS FROM `yk_set` [ RunTime:0.0007s ]
SQL: SELECT * FROM `yk_set` LIMIT 1   [ RunTime:0.0001s ]
SQL: SHOW COLUMNS FROM `yk_cms_set` [ RunTime:0.0004s ]
SQL: SELECT * FROM `yk_cms_set` LIMIT 1   [ RunTime:0.0001s ]
SQL: SHOW COLUMNS FROM `yk_shop_set` [ RunTime:0.0007s ]
SQL: SELECT * FROM `yk_shop_set` LIMIT 1   [ RunTime:0.0001s ]
SQL: SHOW COLUMNS FROM `yk_employee` [ RunTime:0.0004s ]
INFO: [ view_parse ] --START--
INFO: [ template_filter ] --START--
INFO: Run Behavior\ContentReplaceBehavior [ RunTime:0.000048s ]
INFO: [ template_filter ] --END-- [ RunTime:0.000087s ]
INFO: Run Behavior\ParseTemplateBehavior [ RunTime:0.004596s ]
INFO: [ view_parse ] --END-- [ RunTime:0.004628s ]
INFO: [ view_filter ] --START--
INFO: Run Behavior\WriteHtmlCacheBehavior [ RunTime:0.000118s ]
INFO: [ view_filter ] --END-- [ RunTime:0.000148s ]
SQL: SHOW COLUMNS FROM `yk_vip` [ RunTime:0.0009s ]
SQL: SELECT `id`,`path` FROM `yk_vip` WHERE `employee` = 21 AND `is_system` = 1  [ RunTime:0.0051s ]
SQL: SELECT `id` FROM `yk_vip` WHERE `path` LIKE '0-2101%'  [ RunTime:0.0052s ]
SQL: SELECT `id` FROM `yk_vip` WHERE `path` LIKE '0-2102%'  [ RunTime:0.0049s ]
SQL: SELECT `id` FROM `yk_vip` WHERE `path` LIKE '0-2103%'  [ RunTime:0.0049s ]
SQL: SELECT `id` FROM `yk_vip` WHERE `path` LIKE '0-2104%'  [ RunTime:0.0048s ]
SQL: SELECT `id` FROM `yk_vip` WHERE `path` LIKE '0-2105%'  [ RunTime:0.0048s ]
SQL: SELECT `id` FROM `yk_vip` WHERE `path` LIKE '0-2106%'  [ RunTime:0.0049s ]
SQL: SELECT `id` FROM `yk_vip` WHERE `path` LIKE '0-2107%'  [ RunTime:0.0048s ]
SQL: SELECT `id` FROM `yk_vip` WHERE `path` LIKE '0-2108%'  [ RunTime:0.0049s ]
SQL: SELECT `id` FROM `yk_vip` WHERE `path` LIKE '0-2109%'  [ RunTime:0.0048s ]
SQL: SELECT `id` FROM `yk_vip` WHERE `path` LIKE '0-2110%'  [ RunTime:0.0049s ]
SQL: SELECT `id` FROM `yk_vip` WHERE `path` LIKE '0-2111%'  [ RunTime:0.0049s ]
SQL: SELECT `id` FROM `yk_vip` WHERE `path` LIKE '0-2112%'  [ RunTime:0.0049s ]
SQL: SELECT `id` FROM `yk_vip` WHERE `path` LIKE '0-2113%'  [ RunTime:0.0048s ]
SQL: SELECT `id` FROM `yk_vip` WHERE `path` LIKE '0-2114%'  [ RunTime:0.0052s ]
SQL: SELECT `id` FROM `yk_vip` WHERE `path` LIKE '0-2115%'  [ RunTime:0.0050s ]
SQL: SELECT `id` FROM `yk_vip` WHERE `path` LIKE '0-2116%'  [ RunTime:0.0099s ]
SQL: SELECT `id` FROM `yk_vip` WHERE `path` LIKE '0-2117%'  [ RunTime:0.0079s ]
SQL: SELECT `id` FROM `yk_vip` WHERE `path` LIKE '0-2118%'  [ RunTime:0.0091s ]
SQL: SELECT `id` FROM `yk_vip` WHERE `path` LIKE '0-2119%'  [ RunTime:0.0048s ]
SQL: SELECT `id` FROM `yk_vip` WHERE `path` LIKE '0-2120%'  [ RunTime:0.0048s ]
SQL: SELECT `id` FROM `yk_vip` WHERE `path` LIKE '0-2121%'  [ RunTime:0.0049s ]
SQL: SELECT `id` FROM `yk_vip` WHERE `path` LIKE '0-2122%'  [ RunTime:0.0048s ]
SQL: SELECT `id` FROM `yk_vip` WHERE `path` LIKE '0-2123%'  [ RunTime:0.0049s ]
SQL: SELECT `id` FROM `yk_vip` WHERE `path` LIKE '0-2124%'  [ RunTime:0.0048s ]
SQL: SELECT `id` FROM `yk_vip` WHERE `path` LIKE '0-2125%'  [ RunTime:0.0048s ]
SQL: SELECT `id` FROM `yk_vip` WHERE `path` LIKE '0-2126%'  [ RunTime:0.0048s ]
SQL: SELECT `id` FROM `yk_vip` WHERE `path` LIKE '0-2127%'  [ RunTime:0.0048s ]
SQL: SELECT `id` FROM `yk_vip` WHERE `path` LIKE '0-2128%'  [ RunTime:0.0049s ]
SQL: SELECT `id` FROM `yk_vip` WHERE `path` LIKE '0-2129%'  [ RunTime:0.0049s ]
SQL: SELECT `id` FROM `yk_vip` WHERE `path` LIKE '0-2130%'  [ RunTime:0.0048s ]
SQL: SELECT `id` FROM `yk_vip` WHERE `path` LIKE '0-3623%'  [ RunTime:0.0049s ]
SQL: SELECT `id` FROM `yk_vip` WHERE `path` LIKE '0-3624%'  [ RunTime:0.0049s ]
SQL: SELECT `id` FROM `yk_vip` WHERE `path` LIKE '0-3625%'  [ RunTime:0.0048s ]
SQL: SELECT `id` FROM `yk_vip` WHERE `path` LIKE '0-3626%'  [ RunTime:0.0048s ]
SQL: SELECT `id` FROM `yk_vip` WHERE `path` LIKE '0-3627%'  [ RunTime:0.0048s ]
SQL: SELECT `id` FROM `yk_vip` WHERE `path` LIKE '0-3628%'  [ RunTime:0.0050s ]
SQL: SELECT `id` FROM `yk_vip` WHERE `path` LIKE '0-3629%'  [ RunTime:0.0048s ]
SQL: SELECT `id` FROM `yk_vip` WHERE `path` LIKE '0-3630%'  [ RunTime:0.0051s ]
SQL: SELECT `id` FROM `yk_vip` WHERE `path` LIKE '0-3631%'  [ RunTime:0.0087s ]
SQL: SELECT `id` FROM `yk_vip` WHERE `path` LIKE '0-3632%'  [ RunTime:0.0049s ]
SQL: SELECT `id` FROM `yk_vip` WHERE `path` LIKE '0-3643%'  [ RunTime:0.0048s ]
SQL: SELECT `id` FROM `yk_vip` WHERE `path` LIKE '0-3644%'  [ RunTime:0.0048s ]
SQL: SELECT `id` FROM `yk_vip` WHERE `path` LIKE '0-3645%'  [ RunTime:0.0049s ]
SQL: SELECT `id` FROM `yk_vip` WHERE `path` LIKE '0-3646%'  [ RunTime:0.0048s ]
SQL: SELECT `id` FROM `yk_vip` WHERE `path` LIKE '0-3647%'  [ RunTime:0.0048s ]
SQL: SELECT `id` FROM `yk_vip` WHERE `path` LIKE '0-3648%'  [ RunTime:0.0048s ]
SQL: SELECT `id` FROM `yk_vip` WHERE `path` LIKE '0-3649%'  [ RunTime:0.0049s ]
SQL: SELECT `id` FROM `yk_vip` WHERE `path` LIKE '0-3650%'  [ RunTime:0.0049s ]
SQL: SELECT `id` FROM `yk_vip` WHERE `path` LIKE '0-3651%'  [ RunTime:0.0048s ]
SQL: SELECT `id` FROM `yk_vip` WHERE `path` LIKE '0-3652%'  [ RunTime:0.0048s ]
SQL: SHOW COLUMNS FROM `yk_shop_order` [ RunTime:0.0011s ]
SQL: SELECT O.*,V.pid,V.name as pname FROM yk_shop_order as O LEFT JOIN `yk_vip` AS V ON V.id = O.vipid  WHERE O.status = '3' AND `vipid` IN ('4529','5804','5824','4193','4640','4651','4774','5557','6315','6329','4216','3999','4135','4132','4139') ORDER BY O.ctime desc LIMIT 0,20   [ RunTime:0.0004s ]
SQL: SELECT COUNT(*) AS tp_count FROM yk_shop_order as O LEFT JOIN `yk_vip` AS V ON V.id = O.vipid  WHERE O.status = '3' AND `vipid` IN ('4529','5804','5824','4193','4640','4651','4774','5557','6315','6329','4216','3999','4135','4132','4139') LIMIT 1   [ RunTime:0.0003s ]
INFO: [ view_parse ] --START--
INFO: [ template_filter ] --START--
INFO: Run Behavior\ContentReplaceBehavior [ RunTime:0.000055s ]
INFO: [ template_filter ] --END-- [ RunTime:-0.283127s ]
INFO: Run Behavior\ParseTemplateBehavior [ RunTime:0.008880s ]
INFO: [ view_parse ] --END-- [ RunTime:-0.275782s ]
INFO: [ view_filter ] --START--
INFO: Run Behavior\WriteHtmlCacheBehavior [ RunTime:0.000019s ]
INFO: [ view_filter ] --END-- [ RunTime:-0.284600s ]
INFO: [ app_end ] --START--
INFO: Run Behavior\ShowPageTraceBehavior [ RunTime:0.000542s ]
INFO: [ app_end ] --END-- [ RunTime:0.000581s ]

[ 2017-09-02T11:41:00+08:00 ] 101.226.125.118 /Admin/Employee/orderCenter/status/2
INFO: [ app_init ] --START--
INFO: Run Behavior\BuildLiteBehavior [ RunTime:0.000015s ]
INFO: [ app_init ] --END-- [ RunTime:0.000279s ]
INFO: [ app_begin ] --START--
INFO: Run Behavior\ReadHtmlCacheBehavior [ RunTime:0.000341s ]
INFO: [ app_begin ] --END-- [ RunTime:0.000378s ]
SQL: SHOW COLUMNS FROM `yk_set` [ RunTime:0.0007s ]
SQL: SELECT * FROM `yk_set` LIMIT 1   [ RunTime:0.0001s ]
SQL: SHOW COLUMNS FROM `yk_cms_set` [ RunTime:0.0004s ]
SQL: SELECT * FROM `yk_cms_set` LIMIT 1   [ RunTime:0.0001s ]
SQL: SHOW COLUMNS FROM `yk_shop_set` [ RunTime:0.0009s ]
SQL: SELECT * FROM `yk_shop_set` LIMIT 1   [ RunTime:0.0002s ]
SQL: SHOW COLUMNS FROM `yk_employee` [ RunTime:0.0005s ]
INFO: [ view_parse ] --START--
INFO: [ template_filter ] --START--
INFO: Run Behavior\ContentReplaceBehavior [ RunTime:0.000034s ]
INFO: [ template_filter ] --END-- [ RunTime:0.000075s ]
INFO: Run Behavior\ParseTemplateBehavior [ RunTime:0.004888s ]
INFO: [ view_parse ] --END-- [ RunTime:0.004924s ]
INFO: [ view_filter ] --START--
INFO: Run Behavior\WriteHtmlCacheBehavior [ RunTime:0.000123s ]
INFO: [ view_filter ] --END-- [ RunTime:0.000154s ]
SQL: SHOW COLUMNS FROM `yk_vip` [ RunTime:0.0010s ]
SQL: SELECT `id`,`path` FROM `yk_vip` WHERE `employee` = 21 AND `is_system` = 1  [ RunTime:0.0049s ]
SQL: SELECT `id` FROM `yk_vip` WHERE `path` LIKE '0-2101%'  [ RunTime:0.0054s ]
SQL: SELECT `id` FROM `yk_vip` WHERE `path` LIKE '0-2102%'  [ RunTime:0.0049s ]
SQL: SELECT `id` FROM `yk_vip` WHERE `path` LIKE '0-2103%'  [ RunTime:0.0049s ]
SQL: SELECT `id` FROM `yk_vip` WHERE `path` LIKE '0-2104%'  [ RunTime:0.0050s ]
SQL: SELECT `id` FROM `yk_vip` WHERE `path` LIKE '0-2105%'  [ RunTime:0.0050s ]
SQL: SELECT `id` FROM `yk_vip` WHERE `path` LIKE '0-2106%'  [ RunTime:0.0066s ]
SQL: SELECT `id` FROM `yk_vip` WHERE `path` LIKE '0-2107%'  [ RunTime:0.0051s ]
SQL: SELECT `id` FROM `yk_vip` WHERE `path` LIKE '0-2108%'  [ RunTime:0.0051s ]
SQL: SELECT `id` FROM `yk_vip` WHERE `path` LIKE '0-2109%'  [ RunTime:0.0050s ]
SQL: SELECT `id` FROM `yk_vip` WHERE `path` LIKE '0-2110%'  [ RunTime:0.0049s ]
SQL: SELECT `id` FROM `yk_vip` WHERE `path` LIKE '0-2111%'  [ RunTime:0.0049s ]
SQL: SELECT `id` FROM `yk_vip` WHERE `path` LIKE '0-2112%'  [ RunTime:0.0049s ]
SQL: SELECT `id` FROM `yk_vip` WHERE `path` LIKE '0-2113%'  [ RunTime:0.0049s ]
SQL: SELECT `id` FROM `yk_vip` WHERE `path` LIKE '0-2114%'  [ RunTime:0.0049s ]
SQL: SELECT `id` FROM `yk_vip` WHERE `path` LIKE '0-2115%'  [ RunTime:0.0049s ]
SQL: SELECT `id` FROM `yk_vip` WHERE `path` LIKE '0-2116%'  [ RunTime:0.0049s ]
SQL: SELECT `id` FROM `yk_vip` WHERE `path` LIKE '0-2117%'  [ RunTime:0.0048s ]
SQL: SELECT `id` FROM `yk_vip` WHERE `path` LIKE '0-2118%'  [ RunTime:0.0048s ]
SQL: SELECT `id` FROM `yk_vip` WHERE `path` LIKE '0-2119%'  [ RunTime:0.0048s ]
SQL: SELECT `id` FROM `yk_vip` WHERE `path` LIKE '0-2120%'  [ RunTime:0.0049s ]
SQL: SELECT `id` FROM `yk_vip` WHERE `path` LIKE '0-2121%'  [ RunTime:0.0048s ]
SQL: SELECT `id` FROM `yk_vip` WHERE `path` LIKE '0-2122%'  [ RunTime:0.0048s ]
SQL: SELECT `id` FROM `yk_vip` WHERE `path` LIKE '0-2123%'  [ RunTime:0.0050s ]
SQL: SELECT `id` FROM `yk_vip` WHERE `path` LIKE '0-2124%'  [ RunTime:0.0048s ]
SQL: SELECT `id` FROM `yk_vip` WHERE `path` LIKE '0-2125%'  [ RunTime:0.0049s ]
SQL: SELECT `id` FROM `yk_vip` WHERE `path` LIKE '0-2126%'  [ RunTime:0.0052s ]
SQL: SELECT `id` FROM `yk_vip` WHERE `path` LIKE '0-2127%'  [ RunTime:0.0048s ]
SQL: SELECT `id` FROM `yk_vip` WHERE `path` LIKE '0-2128%'  [ RunTime:0.0049s ]
SQL: SELECT `id` FROM `yk_vip` WHERE `path` LIKE '0-2129%'  [ RunTime:0.0048s ]
SQL: SELECT `id` FROM `yk_vip` WHERE `path` LIKE '0-2130%'  [ RunTime:0.0048s ]
SQL: SELECT `id` FROM `yk_vip` WHERE `path` LIKE '0-3623%'  [ RunTime:0.0048s ]
SQL: SELECT `id` FROM `yk_vip` WHERE `path` LIKE '0-3624%'  [ RunTime:0.0049s ]
SQL: SELECT `id` FROM `yk_vip` WHERE `path` LIKE '0-3625%'  [ RunTime:0.0048s ]
SQL: SELECT `id` FROM `yk_vip` WHERE `path` LIKE '0-3626%'  [ RunTime:0.0075s ]
SQL: SELECT `id` FROM `yk_vip` WHERE `path` LIKE '0-3627%'  [ RunTime:0.0110s ]
SQL: SELECT `id` FROM `yk_vip` WHERE `path` LIKE '0-3628%'  [ RunTime:0.0079s ]
SQL: SELECT `id` FROM `yk_vip` WHERE `path` LIKE '0-3629%'  [ RunTime:0.0089s ]
SQL: SELECT `id` FROM `yk_vip` WHERE `path` LIKE '0-3630%'  [ RunTime:0.0048s ]
SQL: SELECT `id` FROM `yk_vip` WHERE `path` LIKE '0-3631%'  [ RunTime:0.0048s ]
SQL: SELECT `id` FROM `yk_vip` WHERE `path` LIKE '0-3632%'  [ RunTime:0.0048s ]
SQL: SELECT `id` FROM `yk_vip` WHERE `path` LIKE '0-3643%'  [ RunTime:0.0048s ]
SQL: SELECT `id` FROM `yk_vip` WHERE `path` LIKE '0-3644%'  [ RunTime:0.0049s ]
SQL: SELECT `id` FROM `yk_vip` WHERE `path` LIKE '0-3645%'  [ RunTime:0.0049s ]
SQL: SELECT `id` FROM `yk_vip` WHERE `path` LIKE '0-3646%'  [ RunTime:0.0048s ]
SQL: SELECT `id` FROM `yk_vip` WHERE `path` LIKE '0-3647%'  [ RunTime:0.0049s ]
SQL: SELECT `id` FROM `yk_vip` WHERE `path` LIKE '0-3648%'  [ RunTime:0.0048s ]
SQL: SELECT `id` FROM `yk_vip` WHERE `path` LIKE '0-3649%'  [ RunTime:0.0049s ]
SQL: SELECT `id` FROM `yk_vip` WHERE `path` LIKE '0-3650%'  [ RunTime:0.0052s ]
SQL: SELECT `id` FROM `yk_vip` WHERE `path` LIKE '0-3651%'  [ RunTime:0.0049s ]
SQL: SELECT `id` FROM `yk_vip` WHERE `path` LIKE '0-3652%'  [ RunTime:0.0048s ]
SQL: SHOW COLUMNS FROM `yk_shop_order` [ RunTime:0.0011s ]
SQL: SELECT O.*,V.pid,V.name as pname FROM yk_shop_order as O LEFT JOIN `yk_vip` AS V ON V.id = O.vipid  WHERE O.status = '2' AND `vipid` IN ('4529','5804','5824','4193','4640','4651','4774','5557','6315','6329','4216','3999','4135','4132','4139') ORDER BY O.ctime desc LIMIT 0,20   [ RunTime:0.0003s ]
SQL: SELECT COUNT(*) AS tp_count FROM yk_shop_order as O LEFT JOIN `yk_vip` AS V ON V.id = O.vipid  WHERE O.status = '2' AND `vipid` IN ('4529','5804','5824','4193','4640','4651','4774','5557','6315','6329','4216','3999','4135','4132','4139') LIMIT 1   [ RunTime:0.0002s ]
INFO: [ view_parse ] --START--
INFO: [ template_filter ] --START--
INFO: Run Behavior\ContentReplaceBehavior [ RunTime:0.000056s ]
INFO: [ template_filter ] --END-- [ RunTime:-0.285923s ]
INFO: Run Behavior\ParseTemplateBehavior [ RunTime:0.008842s ]
INFO: [ view_parse ] --END-- [ RunTime:-0.278547s ]
INFO: [ view_filter ] --START--
INFO: Run Behavior\WriteHtmlCacheBehavior [ RunTime:0.000010s ]
INFO: [ view_filter ] --END-- [ RunTime:-0.287268s ]
INFO: [ app_end ] --START--
INFO: Run Behavior\ShowPageTraceBehavior [ RunTime:0.000372s ]
INFO: [ app_end ] --END-- [ RunTime:0.000411s ]

[ 2017-09-02T12:37:14+08:00 ] 183.232.90.65 /
INFO: [ app_init ] --START--
INFO: Run Behavior\BuildLiteBehavior [ RunTime:0.000011s ]
INFO: [ app_init ] --END-- [ RunTime:0.000273s ]
INFO: [ app_begin ] --START--
INFO: Run Behavior\ReadHtmlCacheBehavior [ RunTime:0.000326s ]
INFO: [ app_begin ] --END-- [ RunTime:0.000369s ]
SQL: SHOW COLUMNS FROM `yk_set` [ RunTime:0.0062s ]
SQL: SELECT * FROM `yk_set` LIMIT 1   [ RunTime:0.0001s ]
SQL: SHOW COLUMNS FROM `yk_cms_set` [ RunTime:0.0004s ]
SQL: SELECT * FROM `yk_cms_set` LIMIT 1   [ RunTime:0.0001s ]
SQL: SHOW COLUMNS FROM `yk_shop_set` [ RunTime:0.0008s ]
SQL: SELECT * FROM `yk_shop_set` LIMIT 1   [ RunTime:0.0002s ]

[ 2017-09-02T12:37:14+08:00 ] 163.177.94.120 /
INFO: [ app_init ] --START--
INFO: Run Behavior\BuildLiteBehavior [ RunTime:0.000010s ]
INFO: [ app_init ] --END-- [ RunTime:0.000247s ]
INFO: [ app_begin ] --START--
INFO: Run Behavior\ReadHtmlCacheBehavior [ RunTime:0.000330s ]
INFO: [ app_begin ] --END-- [ RunTime:0.000369s ]
SQL: SHOW COLUMNS FROM `yk_set` [ RunTime:0.0005s ]
SQL: SELECT * FROM `yk_set` LIMIT 1   [ RunTime:0.0001s ]
SQL: SHOW COLUMNS FROM `yk_cms_set` [ RunTime:0.0004s ]
SQL: SELECT * FROM `yk_cms_set` LIMIT 1   [ RunTime:0.0001s ]
SQL: SHOW COLUMNS FROM `yk_shop_set` [ RunTime:0.0007s ]
SQL: SELECT * FROM `yk_shop_set` LIMIT 1   [ RunTime:0.0001s ]

[ 2017-09-02T12:55:05+08:00 ] 111.161.105.15 /
INFO: [ app_init ] --START--
INFO: Run Behavior\BuildLiteBehavior [ RunTime:0.000011s ]
INFO: [ app_init ] --END-- [ RunTime:0.000278s ]
INFO: [ app_begin ] --START--
INFO: Run Behavior\ReadHtmlCacheBehavior [ RunTime:0.000339s ]
INFO: [ app_begin ] --END-- [ RunTime:0.000376s ]
SQL: SHOW COLUMNS FROM `yk_set` [ RunTime:0.0005s ]
SQL: SELECT * FROM `yk_set` LIMIT 1   [ RunTime:0.0001s ]
SQL: SHOW COLUMNS FROM `yk_cms_set` [ RunTime:0.0004s ]
SQL: SELECT * FROM `yk_cms_set` LIMIT 1   [ RunTime:0.0001s ]
SQL: SHOW COLUMNS FROM `yk_shop_set` [ RunTime:0.0007s ]
SQL: SELECT * FROM `yk_shop_set` LIMIT 1   [ RunTime:0.0001s ]

[ 2017-09-02T14:12:41+08:00 ] 111.161.105.17 /
INFO: [ app_init ] --START--
INFO: Run Behavior\BuildLiteBehavior [ RunTime:0.000013s ]
INFO: [ app_init ] --END-- [ RunTime:0.000266s ]
INFO: [ app_begin ] --START--
INFO: Run Behavior\ReadHtmlCacheBehavior [ RunTime:0.000361s ]
INFO: [ app_begin ] --END-- [ RunTime:0.000408s ]
SQL: SHOW COLUMNS FROM `yk_set` [ RunTime:0.0006s ]
SQL: SELECT * FROM `yk_set` LIMIT 1   [ RunTime:0.0001s ]
SQL: SHOW COLUMNS FROM `yk_cms_set` [ RunTime:0.0229s ]
SQL: SELECT * FROM `yk_cms_set` LIMIT 1   [ RunTime:0.0001s ]
SQL: SHOW COLUMNS FROM `yk_shop_set` [ RunTime:0.0008s ]
SQL: SELECT * FROM `yk_shop_set` LIMIT 1   [ RunTime:0.0001s ]

[ 2017-09-02T14:12:45+08:00 ] 111.30.141.104 /
INFO: [ app_init ] --START--
INFO: Run Behavior\BuildLiteBehavior [ RunTime:0.000012s ]
INFO: [ app_init ] --END-- [ RunTime:0.000262s ]
INFO: [ app_begin ] --START--
INFO: Run Behavior\ReadHtmlCacheBehavior [ RunTime:0.000356s ]
INFO: [ app_begin ] --END-- [ RunTime:0.000394s ]
SQL: SHOW COLUMNS FROM `yk_set` [ RunTime:0.0007s ]
SQL: SELECT * FROM `yk_set` LIMIT 1   [ RunTime:0.0001s ]
SQL: SHOW COLUMNS FROM `yk_cms_set` [ RunTime:0.0004s ]
SQL: SELECT * FROM `yk_cms_set` LIMIT 1   [ RunTime:0.0002s ]
SQL: SHOW COLUMNS FROM `yk_shop_set` [ RunTime:0.0007s ]
SQL: SELECT * FROM `yk_shop_set` LIMIT 1   [ RunTime:0.0001s ]

[ 2017-09-02T14:42:09+08:00 ] 101.199.108.59 /
INFO: [ app_init ] --START--
INFO: Run Behavior\BuildLiteBehavior [ RunTime:0.000014s ]
INFO: [ app_init ] --END-- [ RunTime:0.000269s ]
INFO: [ app_begin ] --START--
INFO: Run Behavior\ReadHtmlCacheBehavior [ RunTime:0.000353s ]
INFO: [ app_begin ] --END-- [ RunTime:0.000392s ]
SQL: SHOW COLUMNS FROM `yk_set` [ RunTime:0.0007s ]
SQL: SELECT * FROM `yk_set` LIMIT 1   [ RunTime:0.0002s ]
SQL: SHOW COLUMNS FROM `yk_cms_set` [ RunTime:0.0004s ]
SQL: SELECT * FROM `yk_cms_set` LIMIT 1   [ RunTime:0.0001s ]
SQL: SHOW COLUMNS FROM `yk_shop_set` [ RunTime:0.0008s ]
SQL: SELECT * FROM `yk_shop_set` LIMIT 1   [ RunTime:0.0002s ]

[ 2017-09-02T14:42:10+08:00 ] 101.199.108.59 /Admin/Public/login
INFO: [ app_init ] --START--
INFO: Run Behavior\BuildLiteBehavior [ RunTime:0.000013s ]
INFO: [ app_init ] --END-- [ RunTime:0.000272s ]
INFO: [ app_begin ] --START--
INFO: Run Behavior\ReadHtmlCacheBehavior [ RunTime:0.000355s ]
INFO: [ app_begin ] --END-- [ RunTime:0.000394s ]
SQL: SHOW COLUMNS FROM `yk_set` [ RunTime:0.0007s ]
SQL: SELECT * FROM `yk_set` LIMIT 1   [ RunTime:0.0002s ]
SQL: SHOW COLUMNS FROM `yk_cms_set` [ RunTime:0.0004s ]
SQL: SELECT * FROM `yk_cms_set` LIMIT 1   [ RunTime:0.0001s ]
SQL: SHOW COLUMNS FROM `yk_shop_set` [ RunTime:0.0007s ]
SQL: SELECT * FROM `yk_shop_set` LIMIT 1   [ RunTime:0.0002s ]
INFO: [ view_parse ] --START--
INFO: [ template_filter ] --START--
INFO: Run Behavior\ContentReplaceBehavior [ RunTime:0.000052s ]
INFO: [ template_filter ] --END-- [ RunTime:0.000113s ]
INFO: Run Behavior\ParseTemplateBehavior [ RunTime:0.005318s ]
INFO: [ view_parse ] --END-- [ RunTime:0.005363s ]
INFO: [ view_filter ] --START--
INFO: Run Behavior\WriteHtmlCacheBehavior [ RunTime:0.000123s ]
INFO: [ view_filter ] --END-- [ RunTime:0.000156s ]
INFO: [ app_end ] --START--
INFO: Run Behavior\ShowPageTraceBehavior [ RunTime:0.000400s ]
INFO: [ app_end ] --END-- [ RunTime:0.000435s ]

[ 2017-09-02T14:42:15+08:00 ] 106.120.162.109 /
INFO: [ app_init ] --START--
INFO: Run Behavior\BuildLiteBehavior [ RunTime:0.000012s ]
INFO: [ app_init ] --END-- [ RunTime:0.000262s ]
INFO: [ app_begin ] --START--
INFO: Run Behavior\ReadHtmlCacheBehavior [ RunTime:0.000345s ]
INFO: [ app_begin ] --END-- [ RunTime:0.000382s ]
SQL: SHOW COLUMNS FROM `yk_set` [ RunTime:0.0007s ]
SQL: SELECT * FROM `yk_set` LIMIT 1   [ RunTime:0.0002s ]
SQL: SHOW COLUMNS FROM `yk_cms_set` [ RunTime:0.0004s ]
SQL: SELECT * FROM `yk_cms_set` LIMIT 1   [ RunTime:0.0001s ]
SQL: SHOW COLUMNS FROM `yk_shop_set` [ RunTime:0.0007s ]
SQL: SELECT * FROM `yk_shop_set` LIMIT 1   [ RunTime:0.0001s ]

[ 2017-09-02T14:42:15+08:00 ] 106.120.162.109 /Admin/Public/login
INFO: [ app_init ] --START--
INFO: Run Behavior\BuildLiteBehavior [ RunTime:0.000011s ]
INFO: [ app_init ] --END-- [ RunTime:0.000251s ]
INFO: [ app_begin ] --START--
INFO: Run Behavior\ReadHtmlCacheBehavior [ RunTime:0.000349s ]
INFO: [ app_begin ] --END-- [ RunTime:0.000387s ]
SQL: SHOW COLUMNS FROM `yk_set` [ RunTime:0.0006s ]
SQL: SELECT * FROM `yk_set` LIMIT 1   [ RunTime:0.0001s ]
SQL: SHOW COLUMNS FROM `yk_cms_set` [ RunTime:0.0004s ]
SQL: SELECT * FROM `yk_cms_set` LIMIT 1   [ RunTime:0.0001s ]
SQL: SHOW COLUMNS FROM `yk_shop_set` [ RunTime:0.0007s ]
SQL: SELECT * FROM `yk_shop_set` LIMIT 1   [ RunTime:0.0001s ]
INFO: [ view_parse ] --START--
INFO: [ template_filter ] --START--
INFO: Run Behavior\ContentReplaceBehavior [ RunTime:0.000040s ]
INFO: [ template_filter ] --END-- [ RunTime:0.000078s ]
INFO: Run Behavior\ParseTemplateBehavior [ RunTime:0.004620s ]
INFO: [ view_parse ] --END-- [ RunTime:0.004656s ]
INFO: [ view_filter ] --START--
INFO: Run Behavior\WriteHtmlCacheBehavior [ RunTime:0.000118s ]
INFO: [ view_filter ] --END-- [ RunTime:0.000149s ]
INFO: [ app_end ] --START--
INFO: Run Behavior\ShowPageTraceBehavior [ RunTime:0.000419s ]
INFO: [ app_end ] --END-- [ RunTime:0.000455s ]

[ 2017-09-02T14:42:15+08:00 ] 106.120.162.109 /Admin/Public/verify
INFO: [ app_init ] --START--
INFO: Run Behavior\BuildLiteBehavior [ RunTime:0.000012s ]
INFO: [ app_init ] --END-- [ RunTime:0.000283s ]
INFO: [ app_begin ] --START--
INFO: Run Behavior\ReadHtmlCacheBehavior [ RunTime:0.000331s ]
INFO: [ app_begin ] --END-- [ RunTime:0.000369s ]
SQL: SHOW COLUMNS FROM `yk_set` [ RunTime:0.0007s ]
SQL: SELECT * FROM `yk_set` LIMIT 1   [ RunTime:0.0002s ]
SQL: SHOW COLUMNS FROM `yk_cms_set` [ RunTime:0.0004s ]
SQL: SELECT * FROM `yk_cms_set` LIMIT 1   [ RunTime:0.0001s ]
SQL: SHOW COLUMNS FROM `yk_shop_set` [ RunTime:0.0007s ]
SQL: SELECT * FROM `yk_shop_set` LIMIT 1   [ RunTime:0.0001s ]
INFO: [ app_end ] --START--
INFO: Run Behavior\ShowPageTraceBehavior [ RunTime:0.000464s ]
INFO: [ app_end ] --END-- [ RunTime:0.000515s ]

[ 2017-09-02T15:09:53+08:00 ] 183.232.118.14 /
INFO: [ app_init ] --START--
INFO: Run Behavior\BuildLiteBehavior [ RunTime:0.000012s ]
INFO: [ app_init ] --END-- [ RunTime:0.000260s ]
INFO: [ app_begin ] --START--
INFO: Run Behavior\ReadHtmlCacheBehavior [ RunTime:0.000358s ]
INFO: [ app_begin ] --END-- [ RunTime:0.000412s ]
SQL: SHOW COLUMNS FROM `yk_set` [ RunTime:0.0007s ]
SQL: SELECT * FROM `yk_set` LIMIT 1   [ RunTime:0.0002s ]
SQL: SHOW COLUMNS FROM `yk_cms_set` [ RunTime:0.0004s ]
SQL: SELECT * FROM `yk_cms_set` LIMIT 1   [ RunTime:0.0001s ]
SQL: SHOW COLUMNS FROM `yk_shop_set` [ RunTime:0.0008s ]
SQL: SELECT * FROM `yk_shop_set` LIMIT 1   [ RunTime:0.0002s ]

[ 2017-09-02T15:09:53+08:00 ] 163.177.93.244 /
INFO: [ app_init ] --START--
INFO: Run Behavior\BuildLiteBehavior [ RunTime:0.000011s ]
INFO: [ app_init ] --END-- [ RunTime:0.000256s ]
INFO: [ app_begin ] --START--
INFO: Run Behavior\ReadHtmlCacheBehavior [ RunTime:0.000329s ]
INFO: [ app_begin ] --END-- [ RunTime:0.000367s ]
SQL: SHOW COLUMNS FROM `yk_set` [ RunTime:0.0007s ]
SQL: SELECT * FROM `yk_set` LIMIT 1   [ RunTime:0.0001s ]
SQL: SHOW COLUMNS FROM `yk_cms_set` [ RunTime:0.0003s ]
SQL: SELECT * FROM `yk_cms_set` LIMIT 1   [ RunTime:0.0001s ]
SQL: SHOW COLUMNS FROM `yk_shop_set` [ RunTime:0.0007s ]
SQL: SELECT * FROM `yk_shop_set` LIMIT 1   [ RunTime:0.0001s ]

[ 2017-09-02T16:56:54+08:00 ] 111.161.57.68 /
INFO: [ app_init ] --START--
INFO: Run Behavior\BuildLiteBehavior [ RunTime:0.000012s ]
INFO: [ app_init ] --END-- [ RunTime:0.000249s ]
INFO: [ app_begin ] --START--
INFO: Run Behavior\ReadHtmlCacheBehavior [ RunTime:0.000328s ]
INFO: [ app_begin ] --END-- [ RunTime:0.000367s ]
SQL: SHOW COLUMNS FROM `yk_set` [ RunTime:0.0006s ]
SQL: SELECT * FROM `yk_set` LIMIT 1   [ RunTime:0.0001s ]
SQL: SHOW COLUMNS FROM `yk_cms_set` [ RunTime:0.0152s ]
SQL: SELECT * FROM `yk_cms_set` LIMIT 1   [ RunTime:0.0010s ]
SQL: SHOW COLUMNS FROM `yk_shop_set` [ RunTime:0.0007s ]
SQL: SELECT * FROM `yk_shop_set` LIMIT 1   [ RunTime:0.0001s ]

[ 2017-09-02T16:57:03+08:00 ] 111.30.137.185 /
INFO: [ app_init ] --START--
INFO: Run Behavior\BuildLiteBehavior [ RunTime:0.000011s ]
INFO: [ app_init ] --END-- [ RunTime:0.000258s ]
INFO: [ app_begin ] --START--
INFO: Run Behavior\ReadHtmlCacheBehavior [ RunTime:0.000330s ]
INFO: [ app_begin ] --END-- [ RunTime:0.000394s ]
SQL: SHOW COLUMNS FROM `yk_set` [ RunTime:0.0007s ]
SQL: SELECT * FROM `yk_set` LIMIT 1   [ RunTime:0.0001s ]
SQL: SHOW COLUMNS FROM `yk_cms_set` [ RunTime:0.0004s ]
SQL: SELECT * FROM `yk_cms_set` LIMIT 1   [ RunTime:0.0001s ]
SQL: SHOW COLUMNS FROM `yk_shop_set` [ RunTime:0.0007s ]
SQL: SELECT * FROM `yk_shop_set` LIMIT 1   [ RunTime:0.0001s ]

[ 2017-09-02T18:13:37+08:00 ] 61.49.56.47 /
INFO: [ app_init ] --START--
INFO: Run Behavior\BuildLiteBehavior [ RunTime:0.000012s ]
INFO: [ app_init ] --END-- [ RunTime:0.000263s ]
INFO: [ app_begin ] --START--
INFO: Run Behavior\ReadHtmlCacheBehavior [ RunTime:0.002612s ]
INFO: [ app_begin ] --END-- [ RunTime:0.002651s ]
SQL: SHOW COLUMNS FROM `yk_set` [ RunTime:0.0178s ]
SQL: SELECT * FROM `yk_set` LIMIT 1   [ RunTime:0.0050s ]
SQL: SHOW COLUMNS FROM `yk_cms_set` [ RunTime:0.0004s ]
SQL: SELECT * FROM `yk_cms_set` LIMIT 1   [ RunTime:0.0001s ]
SQL: SHOW COLUMNS FROM `yk_shop_set` [ RunTime:0.0592s ]
SQL: SELECT * FROM `yk_shop_set` LIMIT 1   [ RunTime:0.0002s ]

[ 2017-09-02T18:13:38+08:00 ] 111.30.141.105 /
INFO: [ app_init ] --START--
INFO: Run Behavior\BuildLiteBehavior [ RunTime:0.000012s ]
INFO: [ app_init ] --END-- [ RunTime:0.000272s ]
INFO: [ app_begin ] --START--
INFO: Run Behavior\ReadHtmlCacheBehavior [ RunTime:0.000349s ]
INFO: [ app_begin ] --END-- [ RunTime:0.000386s ]
SQL: SHOW COLUMNS FROM `yk_set` [ RunTime:0.0007s ]
SQL: SELECT * FROM `yk_set` LIMIT 1   [ RunTime:0.0002s ]
SQL: SHOW COLUMNS FROM `yk_cms_set` [ RunTime:0.0004s ]
SQL: SELECT * FROM `yk_cms_set` LIMIT 1   [ RunTime:0.0001s ]
SQL: SHOW COLUMNS FROM `yk_shop_set` [ RunTime:0.0008s ]
SQL: SELECT * FROM `yk_shop_set` LIMIT 1   [ RunTime:0.0001s ]

[ 2017-09-02T18:30:45+08:00 ] 111.161.59.193 /
INFO: [ app_init ] --START--
INFO: Run Behavior\BuildLiteBehavior [ RunTime:0.000012s ]
INFO: [ app_init ] --END-- [ RunTime:0.000259s ]
INFO: [ app_begin ] --START--
INFO: Run Behavior\ReadHtmlCacheBehavior [ RunTime:0.000355s ]
INFO: [ app_begin ] --END-- [ RunTime:0.000393s ]
SQL: SHOW COLUMNS FROM `yk_set` [ RunTime:0.0007s ]
SQL: SELECT * FROM `yk_set` LIMIT 1   [ RunTime:0.0001s ]
SQL: SHOW COLUMNS FROM `yk_cms_set` [ RunTime:0.0004s ]
SQL: SELECT * FROM `yk_cms_set` LIMIT 1   [ RunTime:0.0001s ]
SQL: SHOW COLUMNS FROM `yk_shop_set` [ RunTime:0.0008s ]
SQL: SELECT * FROM `yk_shop_set` LIMIT 1   [ RunTime:0.0002s ]

[ 2017-09-02T18:30:52+08:00 ] 111.30.132.212 /
INFO: [ app_init ] --START--
INFO: Run Behavior\BuildLiteBehavior [ RunTime:0.000020s ]
INFO: [ app_init ] --END-- [ RunTime:0.000407s ]
INFO: [ app_begin ] --START--
INFO: Run Behavior\ReadHtmlCacheBehavior [ RunTime:0.000510s ]
INFO: [ app_begin ] --END-- [ RunTime:0.000556s ]
SQL: SHOW COLUMNS FROM `yk_set` [ RunTime:0.0007s ]
SQL: SELECT * FROM `yk_set` LIMIT 1   [ RunTime:0.0002s ]
SQL: SHOW COLUMNS FROM `yk_cms_set` [ RunTime:0.0004s ]
SQL: SELECT * FROM `yk_cms_set` LIMIT 1   [ RunTime:0.0001s ]
SQL: SHOW COLUMNS FROM `yk_shop_set` [ RunTime:0.0007s ]
SQL: SELECT * FROM `yk_shop_set` LIMIT 1   [ RunTime:0.0001s ]

[ 2017-09-02T20:10:25+08:00 ] 58.217.192.54 /
INFO: [ app_init ] --START--
INFO: Run Behavior\BuildLiteBehavior [ RunTime:0.000013s ]
INFO: [ app_init ] --END-- [ RunTime:0.000284s ]
INFO: [ app_begin ] --START--
INFO: Run Behavior\ReadHtmlCacheBehavior [ RunTime:0.000323s ]
INFO: [ app_begin ] --END-- [ RunTime:0.000361s ]
SQL: SHOW COLUMNS FROM `yk_set` [ RunTime:0.0008s ]
SQL: SELECT * FROM `yk_set` LIMIT 1   [ RunTime:0.0001s ]
SQL: SHOW COLUMNS FROM `yk_cms_set` [ RunTime:0.0005s ]
SQL: SELECT * FROM `yk_cms_set` LIMIT 1   [ RunTime:0.0001s ]
SQL: SHOW COLUMNS FROM `yk_shop_set` [ RunTime:0.0008s ]
SQL: SELECT * FROM `yk_shop_set` LIMIT 1   [ RunTime:0.0001s ]

