[ 2017-05-28T12:54:16+08:00 ] 183.232.90.143 /
INFO: [ app_init ] --START--
INFO: Run Behavior\BuildLiteBehavior [ RunTime:0.000016s ]
INFO: [ app_init ] --END-- [ RunTime:0.000276s ]
INFO: [ app_begin ] --START--
INFO: Run Behavior\ReadHtmlCacheBehavior [ RunTime:0.000392s ]
INFO: [ app_begin ] --END-- [ RunTime:0.000445s ]
SQL: SHOW COLUMNS FROM `yk_set` [ RunTime:0.0007s ]
SQL: SELECT * FROM `yk_set` LIMIT 1   [ RunTime:0.0002s ]
SQL: SHOW COLUMNS FROM `yk_cms_set` [ RunTime:0.0166s ]
SQL: SELECT * FROM `yk_cms_set` LIMIT 1   [ RunTime:0.0011s ]
SQL: SHOW COLUMNS FROM `yk_shop_set` [ RunTime:0.0008s ]
SQL: SELECT * FROM `yk_shop_set` LIMIT 1   [ RunTime:0.0001s ]

[ 2017-05-28T16:04:09+08:00 ] 140.205.201.30 /
INFO: [ app_init ] --START--
INFO: Run Behavior\BuildLiteBehavior [ RunTime:0.000012s ]
INFO: [ app_init ] --END-- [ RunTime:0.000257s ]
INFO: [ app_begin ] --START--
INFO: Run Behavior\ReadHtmlCacheBehavior [ RunTime:0.000344s ]
INFO: [ app_begin ] --END-- [ RunTime:0.000383s ]
SQL: SHOW COLUMNS FROM `yk_set` [ RunTime:0.0008s ]
SQL: SELECT * FROM `yk_set` LIMIT 1   [ RunTime:0.0001s ]
SQL: SHOW COLUMNS FROM `yk_cms_set` [ RunTime:0.0005s ]
SQL: SELECT * FROM `yk_cms_set` LIMIT 1   [ RunTime:0.0001s ]
SQL: SHOW COLUMNS FROM `yk_shop_set` [ RunTime:0.0008s ]
SQL: SELECT * FROM `yk_shop_set` LIMIT 1   [ RunTime:0.0001s ]

[ 2017-05-28T16:04:09+08:00 ] 140.205.201.30 /Admin/Public/login
INFO: [ app_init ] --START--
INFO: Run Behavior\BuildLiteBehavior [ RunTime:0.000012s ]
INFO: [ app_init ] --END-- [ RunTime:0.000260s ]
INFO: [ app_begin ] --START--
INFO: Run Behavior\ReadHtmlCacheBehavior [ RunTime:0.000347s ]
INFO: [ app_begin ] --END-- [ RunTime:0.000386s ]
SQL: SHOW COLUMNS FROM `yk_set` [ RunTime:0.0007s ]
SQL: SELECT * FROM `yk_set` LIMIT 1   [ RunTime:0.0001s ]
SQL: SHOW COLUMNS FROM `yk_cms_set` [ RunTime:0.0004s ]
SQL: SELECT * FROM `yk_cms_set` LIMIT 1   [ RunTime:0.0001s ]
SQL: SHOW COLUMNS FROM `yk_shop_set` [ RunTime:0.0007s ]
SQL: SELECT * FROM `yk_shop_set` LIMIT 1   [ RunTime:0.0002s ]
INFO: [ view_parse ] --START--
INFO: [ template_filter ] --START--
INFO: Run Behavior\ContentReplaceBehavior [ RunTime:0.000052s ]
INFO: [ template_filter ] --END-- [ RunTime:0.000101s ]
INFO: Run Behavior\ParseTemplateBehavior [ RunTime:0.029132s ]
INFO: [ view_parse ] --END-- [ RunTime:0.029172s ]
INFO: [ view_filter ] --START--
INFO: Run Behavior\WriteHtmlCacheBehavior [ RunTime:0.000122s ]
INFO: [ view_filter ] --END-- [ RunTime:0.000153s ]
INFO: [ app_end ] --START--
INFO: Run Behavior\ShowPageTraceBehavior [ RunTime:0.000383s ]
INFO: [ app_end ] --END-- [ RunTime:0.000419s ]

[ 2017-05-28T16:04:34+08:00 ] 140.205.201.30 /dfshealth.html
INFO: [ app_init ] --START--
INFO: Run Behavior\BuildLiteBehavior [ RunTime:0.000015s ]
INFO: [ app_init ] --END-- [ RunTime:0.000280s ]
INFO: [ app_begin ] --START--
INFO: Run Behavior\ReadHtmlCacheBehavior [ RunTime:0.000334s ]
INFO: [ app_begin ] --END-- [ RunTime:0.000373s ]
ERR: 无法加载控制器:Dfshealth

[ 2017-05-28T16:09:29+08:00 ] 140.205.201.30 /master-status
INFO: [ app_init ] --START--
INFO: Run Behavior\BuildLiteBehavior [ RunTime:0.000024s ]
INFO: [ app_init ] --END-- [ RunTime:0.000473s ]
INFO: [ app_begin ] --START--
INFO: Run Behavior\ReadHtmlCacheBehavior [ RunTime:0.000374s ]
INFO: [ app_begin ] --END-- [ RunTime:0.000431s ]
ERR: 无法加载控制器:Master-status

[ 2017-05-28T16:10:29+08:00 ] 140.205.201.30 /nbtmdwcjshzp
INFO: [ app_init ] --START--
INFO: Run Behavior\BuildLiteBehavior [ RunTime:0.000017s ]
INFO: [ app_init ] --END-- [ RunTime:0.000406s ]
INFO: [ app_begin ] --START--
INFO: Run Behavior\ReadHtmlCacheBehavior [ RunTime:0.000361s ]
INFO: [ app_begin ] --END-- [ RunTime:0.000401s ]
ERR: 无法加载控制器:Nbtmdwcjshzp

[ 2017-05-28T16:10:29+08:00 ] 140.205.201.30 /nbtmdwcjshzp
INFO: [ app_init ] --START--
INFO: Run Behavior\BuildLiteBehavior [ RunTime:0.000012s ]
INFO: [ app_init ] --END-- [ RunTime:0.000264s ]
INFO: [ app_begin ] --START--
INFO: Run Behavior\ReadHtmlCacheBehavior [ RunTime:0.000324s ]
INFO: [ app_begin ] --END-- [ RunTime:0.000363s ]
ERR: 无法加载控制器:Nbtmdwcjshzp

[ 2017-05-28T16:10:29+08:00 ] 140.205.201.30 /nbtmdwcjshzp
INFO: [ app_init ] --START--
INFO: Run Behavior\BuildLiteBehavior [ RunTime:0.000015s ]
INFO: [ app_init ] --END-- [ RunTime:0.000298s ]
INFO: [ app_begin ] --START--
INFO: Run Behavior\ReadHtmlCacheBehavior [ RunTime:0.000329s ]
INFO: [ app_begin ] --END-- [ RunTime:0.000367s ]
ERR: 无法加载控制器:Nbtmdwcjshzp

[ 2017-05-28T16:10:30+08:00 ] 140.205.201.30 /rs-status
INFO: [ app_init ] --START--
INFO: Run Behavior\BuildLiteBehavior [ RunTime:0.000011s ]
INFO: [ app_init ] --END-- [ RunTime:0.000257s ]
INFO: [ app_begin ] --START--
INFO: Run Behavior\ReadHtmlCacheBehavior [ RunTime:0.000331s ]
INFO: [ app_begin ] --END-- [ RunTime:0.000396s ]
ERR: 无法加载控制器:Rs-status

[ 2017-05-28T16:11:41+08:00 ] 140.205.201.30 /index.php
INFO: [ app_init ] --START--
INFO: Run Behavior\BuildLiteBehavior [ RunTime:0.000013s ]
INFO: [ app_init ] --END-- [ RunTime:0.000267s ]
INFO: [ app_begin ] --START--
INFO: Run Behavior\ReadHtmlCacheBehavior [ RunTime:0.000368s ]
INFO: [ app_begin ] --END-- [ RunTime:0.000406s ]
SQL: SHOW COLUMNS FROM `yk_set` [ RunTime:0.0008s ]
SQL: SELECT * FROM `yk_set` LIMIT 1   [ RunTime:0.0001s ]
SQL: SHOW COLUMNS FROM `yk_cms_set` [ RunTime:0.0005s ]
SQL: SELECT * FROM `yk_cms_set` LIMIT 1   [ RunTime:0.0001s ]
SQL: SHOW COLUMNS FROM `yk_shop_set` [ RunTime:0.0008s ]
SQL: SELECT * FROM `yk_shop_set` LIMIT 1   [ RunTime:0.0001s ]

[ 2017-05-28T16:15:06+08:00 ] 140.205.201.30 /jobs/
INFO: [ app_init ] --START--
INFO: Run Behavior\BuildLiteBehavior [ RunTime:0.000015s ]
INFO: [ app_init ] --END-- [ RunTime:0.000307s ]
INFO: [ app_begin ] --START--
INFO: Run Behavior\ReadHtmlCacheBehavior [ RunTime:0.000396s ]
INFO: [ app_begin ] --END-- [ RunTime:0.000435s ]
ERR: 无法加载控制器:Jobs

[ 2017-05-28T16:20:18+08:00 ] 140.205.201.30 /
INFO: [ app_init ] --START--
INFO: Run Behavior\BuildLiteBehavior [ RunTime:0.000078s ]
INFO: [ app_init ] --END-- [ RunTime:0.000374s ]
INFO: [ app_begin ] --START--
INFO: Run Behavior\ReadHtmlCacheBehavior [ RunTime:0.000404s ]
INFO: [ app_begin ] --END-- [ RunTime:0.000444s ]
SQL: SHOW COLUMNS FROM `yk_set` [ RunTime:0.0008s ]
SQL: SELECT * FROM `yk_set` LIMIT 1   [ RunTime:0.0002s ]
SQL: SHOW COLUMNS FROM `yk_cms_set` [ RunTime:0.0005s ]
SQL: SELECT * FROM `yk_cms_set` LIMIT 1   [ RunTime:0.0001s ]
SQL: SHOW COLUMNS FROM `yk_shop_set` [ RunTime:0.0008s ]
SQL: SELECT * FROM `yk_shop_set` LIMIT 1   [ RunTime:0.0001s ]

[ 2017-05-28T16:25:25+08:00 ] 140.205.201.30 /
INFO: [ app_init ] --START--
INFO: Run Behavior\BuildLiteBehavior [ RunTime:0.000018s ]
INFO: [ app_init ] --END-- [ RunTime:0.000379s ]
INFO: [ app_begin ] --START--
INFO: Run Behavior\ReadHtmlCacheBehavior [ RunTime:0.000375s ]
INFO: [ app_begin ] --END-- [ RunTime:0.000414s ]
SQL: SHOW COLUMNS FROM `yk_set` [ RunTime:0.0008s ]
SQL: SELECT * FROM `yk_set` LIMIT 1   [ RunTime:0.0001s ]
SQL: SHOW COLUMNS FROM `yk_cms_set` [ RunTime:0.0004s ]
SQL: SELECT * FROM `yk_cms_set` LIMIT 1   [ RunTime:0.0001s ]
SQL: SHOW COLUMNS FROM `yk_shop_set` [ RunTime:0.0008s ]
SQL: SELECT * FROM `yk_shop_set` LIMIT 1   [ RunTime:0.0002s ]

[ 2017-05-28T16:25:42+08:00 ] 140.205.201.30 /
INFO: [ app_init ] --START--
INFO: Run Behavior\BuildLiteBehavior [ RunTime:0.000012s ]
INFO: [ app_init ] --END-- [ RunTime:0.000260s ]
INFO: [ app_begin ] --START--
INFO: Run Behavior\ReadHtmlCacheBehavior [ RunTime:0.000322s ]
INFO: [ app_begin ] --END-- [ RunTime:0.000360s ]
SQL: SHOW COLUMNS FROM `yk_set` [ RunTime:0.0007s ]
SQL: SELECT * FROM `yk_set` LIMIT 1   [ RunTime:0.0002s ]
SQL: SHOW COLUMNS FROM `yk_cms_set` [ RunTime:0.0004s ]
SQL: SELECT * FROM `yk_cms_set` LIMIT 1   [ RunTime:0.0001s ]
SQL: SHOW COLUMNS FROM `yk_shop_set` [ RunTime:0.0007s ]
SQL: SELECT * FROM `yk_shop_set` LIMIT 1   [ RunTime:0.0001s ]

[ 2017-05-28T16:26:17+08:00 ] 140.205.201.30 /hwi/
INFO: [ app_init ] --START--
INFO: Run Behavior\BuildLiteBehavior [ RunTime:0.000012s ]
INFO: [ app_init ] --END-- [ RunTime:0.000291s ]
INFO: [ app_begin ] --START--
INFO: Run Behavior\ReadHtmlCacheBehavior [ RunTime:0.000331s ]
INFO: [ app_begin ] --END-- [ RunTime:0.000370s ]
ERR: 无法加载控制器:Hwi

[ 2017-05-28T16:26:55+08:00 ] 140.205.201.30 /
INFO: [ app_init ] --START--
INFO: Run Behavior\BuildLiteBehavior [ RunTime:0.000018s ]
INFO: [ app_init ] --END-- [ RunTime:0.000283s ]
INFO: [ app_begin ] --START--
INFO: Run Behavior\ReadHtmlCacheBehavior [ RunTime:0.000359s ]
INFO: [ app_begin ] --END-- [ RunTime:0.000398s ]
SQL: SHOW COLUMNS FROM `yk_set` [ RunTime:0.0007s ]
SQL: SELECT * FROM `yk_set` LIMIT 1   [ RunTime:0.0002s ]
SQL: SHOW COLUMNS FROM `yk_cms_set` [ RunTime:0.0004s ]
SQL: SELECT * FROM `yk_cms_set` LIMIT 1   [ RunTime:0.0001s ]
SQL: SHOW COLUMNS FROM `yk_shop_set` [ RunTime:0.0007s ]
SQL: SELECT * FROM `yk_shop_set` LIMIT 1   [ RunTime:0.0001s ]

[ 2017-05-28T16:27:03+08:00 ] 140.205.201.30 /
INFO: [ app_init ] --START--
INFO: Run Behavior\BuildLiteBehavior [ RunTime:0.000012s ]
INFO: [ app_init ] --END-- [ RunTime:0.000263s ]
INFO: [ app_begin ] --START--
INFO: Run Behavior\ReadHtmlCacheBehavior [ RunTime:0.000330s ]
INFO: [ app_begin ] --END-- [ RunTime:0.000390s ]
SQL: SHOW COLUMNS FROM `yk_set` [ RunTime:0.0007s ]
SQL: SELECT * FROM `yk_set` LIMIT 1   [ RunTime:0.0001s ]
SQL: SHOW COLUMNS FROM `yk_cms_set` [ RunTime:0.0004s ]
SQL: SELECT * FROM `yk_cms_set` LIMIT 1   [ RunTime:0.0001s ]
SQL: SHOW COLUMNS FROM `yk_shop_set` [ RunTime:0.0007s ]
SQL: SELECT * FROM `yk_shop_set` LIMIT 1   [ RunTime:0.0001s ]

[ 2017-05-28T16:27:22+08:00 ] 140.205.201.30 /
INFO: [ app_init ] --START--
INFO: Run Behavior\BuildLiteBehavior [ RunTime:0.000033s ]
INFO: [ app_init ] --END-- [ RunTime:0.000283s ]
INFO: [ app_begin ] --START--
INFO: Run Behavior\ReadHtmlCacheBehavior [ RunTime:0.000336s ]
INFO: [ app_begin ] --END-- [ RunTime:0.000375s ]
SQL: SHOW COLUMNS FROM `yk_set` [ RunTime:0.0007s ]
SQL: SELECT * FROM `yk_set` LIMIT 1   [ RunTime:0.0002s ]
SQL: SHOW COLUMNS FROM `yk_cms_set` [ RunTime:0.0004s ]
SQL: SELECT * FROM `yk_cms_set` LIMIT 1   [ RunTime:0.0001s ]
SQL: SHOW COLUMNS FROM `yk_shop_set` [ RunTime:0.0007s ]
SQL: SELECT * FROM `yk_shop_set` LIMIT 1   [ RunTime:0.0002s ]

[ 2017-05-28T16:32:51+08:00 ] 140.205.201.30 /index.php?task=project&view=grid&id=1&pid=updatexml(0x3a,concat(1,(md5(233))),1)&format=raw&option=com_myportfolio&Itemid=125
INFO: [ app_init ] --START--
INFO: Run Behavior\BuildLiteBehavior [ RunTime:0.000015s ]
INFO: [ app_init ] --END-- [ RunTime:0.000276s ]
INFO: [ app_begin ] --START--
INFO: Run Behavior\ReadHtmlCacheBehavior [ RunTime:0.000358s ]
INFO: [ app_begin ] --END-- [ RunTime:0.000397s ]
SQL: SHOW COLUMNS FROM `yk_set` [ RunTime:0.0007s ]
SQL: SELECT * FROM `yk_set` LIMIT 1   [ RunTime:0.0001s ]
SQL: SHOW COLUMNS FROM `yk_cms_set` [ RunTime:0.0004s ]
SQL: SELECT * FROM `yk_cms_set` LIMIT 1   [ RunTime:0.0001s ]
SQL: SHOW COLUMNS FROM `yk_shop_set` [ RunTime:0.0008s ]
SQL: SELECT * FROM `yk_shop_set` LIMIT 1   [ RunTime:0.0002s ]

[ 2017-05-28T16:34:14+08:00 ] 140.205.201.30 /index.php?option=com_fields&view=fields&layout=modal&list%5Bfullordering%5D=updatexml(0x3a,concat(1,md5(233)),1)
INFO: [ app_init ] --START--
INFO: Run Behavior\BuildLiteBehavior [ RunTime:0.000016s ]
INFO: [ app_init ] --END-- [ RunTime:0.000309s ]
INFO: [ app_begin ] --START--
INFO: Run Behavior\ReadHtmlCacheBehavior [ RunTime:0.000354s ]
INFO: [ app_begin ] --END-- [ RunTime:0.000392s ]
SQL: SHOW COLUMNS FROM `yk_set` [ RunTime:0.0007s ]
SQL: SELECT * FROM `yk_set` LIMIT 1   [ RunTime:0.0002s ]
SQL: SHOW COLUMNS FROM `yk_cms_set` [ RunTime:0.0004s ]
SQL: SELECT * FROM `yk_cms_set` LIMIT 1   [ RunTime:0.0001s ]
SQL: SHOW COLUMNS FROM `yk_shop_set` [ RunTime:0.0008s ]
SQL: SELECT * FROM `yk_shop_set` LIMIT 1   [ RunTime:0.0002s ]

[ 2017-05-28T16:34:42+08:00 ] 140.205.201.30 /uddiexplorer/SearchPublicRegistries.jsp?operator=http://www.alibaba.com/&rdoSearch=name&txtSearchname=sdf&txtSearchkey=&txtSearchfor=&selfor=Business+location&btnSubmit=Search
INFO: [ app_init ] --START--
INFO: Run Behavior\BuildLiteBehavior [ RunTime:0.000013s ]
INFO: [ app_init ] --END-- [ RunTime:0.000271s ]
INFO: [ app_begin ] --START--
INFO: Run Behavior\ReadHtmlCacheBehavior [ RunTime:0.000332s ]
INFO: [ app_begin ] --END-- [ RunTime:0.000374s ]
ERR: 无法加载控制器:Uddiexplorer

[ 2017-05-28T16:36:03+08:00 ] 140.205.201.30 /clusters.jsf
INFO: [ app_init ] --START--
INFO: Run Behavior\BuildLiteBehavior [ RunTime:0.000018s ]
INFO: [ app_init ] --END-- [ RunTime:0.000392s ]
INFO: [ app_begin ] --START--
INFO: Run Behavior\ReadHtmlCacheBehavior [ RunTime:0.000366s ]
INFO: [ app_begin ] --END-- [ RunTime:0.000406s ]
ERR: 无法加载控制器:Clusters

[ 2017-05-28T16:37:49+08:00 ] 140.205.201.30 /
INFO: [ app_init ] --START--
INFO: Run Behavior\BuildLiteBehavior [ RunTime:0.000013s ]
INFO: [ app_init ] --END-- [ RunTime:0.000278s ]
INFO: [ app_begin ] --START--
INFO: Run Behavior\ReadHtmlCacheBehavior [ RunTime:0.000335s ]
INFO: [ app_begin ] --END-- [ RunTime:0.000374s ]
SQL: SHOW COLUMNS FROM `yk_set` [ RunTime:0.0007s ]
SQL: SELECT * FROM `yk_set` LIMIT 1   [ RunTime:0.0001s ]
SQL: SHOW COLUMNS FROM `yk_cms_set` [ RunTime:0.0004s ]
SQL: SELECT * FROM `yk_cms_set` LIMIT 1   [ RunTime:0.0001s ]
SQL: SHOW COLUMNS FROM `yk_shop_set` [ RunTime:0.0007s ]
SQL: SELECT * FROM `yk_shop_set` LIMIT 1   [ RunTime:0.0001s ]

[ 2017-05-28T16:38:26+08:00 ] 140.205.201.30 /Admin/Public/login
INFO: [ app_init ] --START--
INFO: Run Behavior\BuildLiteBehavior [ RunTime:0.000012s ]
INFO: [ app_init ] --END-- [ RunTime:0.000279s ]
INFO: [ app_begin ] --START--
INFO: Run Behavior\ReadHtmlCacheBehavior [ RunTime:0.000327s ]
INFO: [ app_begin ] --END-- [ RunTime:0.000366s ]
SQL: SHOW COLUMNS FROM `yk_set` [ RunTime:0.0007s ]
SQL: SELECT * FROM `yk_set` LIMIT 1   [ RunTime:0.0001s ]
SQL: SHOW COLUMNS FROM `yk_cms_set` [ RunTime:0.0004s ]
SQL: SELECT * FROM `yk_cms_set` LIMIT 1   [ RunTime:0.0001s ]
SQL: SHOW COLUMNS FROM `yk_shop_set` [ RunTime:0.0007s ]
SQL: SELECT * FROM `yk_shop_set` LIMIT 1   [ RunTime:0.0002s ]
INFO: [ view_parse ] --START--
INFO: [ template_filter ] --START--
INFO: Run Behavior\ContentReplaceBehavior [ RunTime:0.000057s ]
INFO: [ template_filter ] --END-- [ RunTime:0.000098s ]
INFO: Run Behavior\ParseTemplateBehavior [ RunTime:0.004755s ]
INFO: [ view_parse ] --END-- [ RunTime:0.004792s ]
INFO: [ view_filter ] --START--
INFO: Run Behavior\WriteHtmlCacheBehavior [ RunTime:0.000134s ]
INFO: [ view_filter ] --END-- [ RunTime:0.000171s ]
INFO: [ app_end ] --START--
INFO: Run Behavior\ShowPageTraceBehavior [ RunTime:0.000426s ]
INFO: [ app_end ] --END-- [ RunTime:0.000464s ]

[ 2017-05-28T16:39:11+08:00 ] 140.205.201.30 /dfshealth.jsp
INFO: [ app_init ] --START--
INFO: Run Behavior\BuildLiteBehavior [ RunTime:0.000012s ]
INFO: [ app_init ] --END-- [ RunTime:0.000289s ]
INFO: [ app_begin ] --START--
INFO: Run Behavior\ReadHtmlCacheBehavior [ RunTime:0.000327s ]
INFO: [ app_begin ] --END-- [ RunTime:0.000387s ]
ERR: 无法加载控制器:Dfshealth

[ 2017-05-28T16:39:43+08:00 ] 140.205.201.30 /hadoop/dfshealth.jsp
INFO: [ app_init ] --START--
INFO: Run Behavior\BuildLiteBehavior [ RunTime:0.000015s ]
INFO: [ app_init ] --END-- [ RunTime:0.000270s ]
INFO: [ app_begin ] --START--
INFO: Run Behavior\ReadHtmlCacheBehavior [ RunTime:0.000330s ]
INFO: [ app_begin ] --END-- [ RunTime:0.000369s ]
ERR: 无法加载控制器:Hadoop

[ 2017-05-28T16:45:20+08:00 ] 140.205.201.30 /about/
INFO: [ app_init ] --START--
INFO: Run Behavior\BuildLiteBehavior [ RunTime:0.000015s ]
INFO: [ app_init ] --END-- [ RunTime:0.000300s ]
INFO: [ app_begin ] --START--
INFO: Run Behavior\ReadHtmlCacheBehavior [ RunTime:0.000398s ]
INFO: [ app_begin ] --END-- [ RunTime:0.000436s ]
ERR: 无法加载控制器:About

[ 2017-05-28T16:46:48+08:00 ] 140.205.201.30 /
INFO: [ app_init ] --START--
INFO: Run Behavior\BuildLiteBehavior [ RunTime:0.000013s ]
INFO: [ app_init ] --END-- [ RunTime:0.000260s ]
INFO: [ app_begin ] --START--
INFO: Run Behavior\ReadHtmlCacheBehavior [ RunTime:0.000341s ]
INFO: [ app_begin ] --END-- [ RunTime:0.000380s ]
SQL: SHOW COLUMNS FROM `yk_set` [ RunTime:0.0007s ]
SQL: SELECT * FROM `yk_set` LIMIT 1   [ RunTime:0.0001s ]
SQL: SHOW COLUMNS FROM `yk_cms_set` [ RunTime:0.0004s ]
SQL: SELECT * FROM `yk_cms_set` LIMIT 1   [ RunTime:0.0001s ]
SQL: SHOW COLUMNS FROM `yk_shop_set` [ RunTime:0.0008s ]
SQL: SELECT * FROM `yk_shop_set` LIMIT 1   [ RunTime:0.0001s ]

[ 2017-05-28T16:48:33+08:00 ] 140.205.201.1 /?.tmp=t
INFO: [ app_init ] --START--
INFO: Run Behavior\BuildLiteBehavior [ RunTime:0.000014s ]
INFO: [ app_init ] --END-- [ RunTime:0.000275s ]
INFO: [ app_begin ] --START--
INFO: Run Behavior\ReadHtmlCacheBehavior [ RunTime:0.000334s ]
INFO: [ app_begin ] --END-- [ RunTime:0.000373s ]
SQL: SHOW COLUMNS FROM `yk_set` [ RunTime:0.0007s ]
SQL: SELECT * FROM `yk_set` LIMIT 1   [ RunTime:0.0001s ]
SQL: SHOW COLUMNS FROM `yk_cms_set` [ RunTime:0.0004s ]
SQL: SELECT * FROM `yk_cms_set` LIMIT 1   [ RunTime:0.0001s ]
SQL: SHOW COLUMNS FROM `yk_shop_set` [ RunTime:0.0007s ]
SQL: SELECT * FROM `yk_shop_set` LIMIT 1   [ RunTime:0.0002s ]

[ 2017-05-28T16:48:34+08:00 ] 140.205.201.1 /Admin/Public/login
INFO: [ app_init ] --START--
INFO: Run Behavior\BuildLiteBehavior [ RunTime:0.000012s ]
INFO: [ app_init ] --END-- [ RunTime:0.000258s ]
INFO: [ app_begin ] --START--
INFO: Run Behavior\ReadHtmlCacheBehavior [ RunTime:0.000346s ]
INFO: [ app_begin ] --END-- [ RunTime:0.000384s ]
SQL: SHOW COLUMNS FROM `yk_set` [ RunTime:0.0007s ]
SQL: SELECT * FROM `yk_set` LIMIT 1   [ RunTime:0.0001s ]
SQL: SHOW COLUMNS FROM `yk_cms_set` [ RunTime:0.0004s ]
SQL: SELECT * FROM `yk_cms_set` LIMIT 1   [ RunTime:0.0001s ]
SQL: SHOW COLUMNS FROM `yk_shop_set` [ RunTime:0.0007s ]
SQL: SELECT * FROM `yk_shop_set` LIMIT 1   [ RunTime:0.0001s ]
INFO: [ view_parse ] --START--
INFO: [ template_filter ] --START--
INFO: Run Behavior\ContentReplaceBehavior [ RunTime:0.000042s ]
INFO: [ template_filter ] --END-- [ RunTime:0.000080s ]
INFO: Run Behavior\ParseTemplateBehavior [ RunTime:0.004610s ]
INFO: [ view_parse ] --END-- [ RunTime:0.004646s ]
INFO: [ view_filter ] --START--
INFO: Run Behavior\WriteHtmlCacheBehavior [ RunTime:0.000116s ]
INFO: [ view_filter ] --END-- [ RunTime:0.000147s ]
INFO: [ app_end ] --START--
INFO: Run Behavior\ShowPageTraceBehavior [ RunTime:0.000342s ]
INFO: [ app_end ] --END-- [ RunTime:0.000376s ]

[ 2017-05-28T16:49:51+08:00 ] 140.205.201.30 /'%22/%3E%3C/script%3E%3Cscript%3Ealert()%3C/script%3E
INFO: [ app_init ] --START--
INFO: Run Behavior\BuildLiteBehavior [ RunTime:0.000014s ]
INFO: [ app_init ] --END-- [ RunTime:0.000272s ]
INFO: [ app_begin ] --START--
INFO: Run Behavior\ReadHtmlCacheBehavior [ RunTime:0.000339s ]
INFO: [ app_begin ] --END-- [ RunTime:0.000378s ]
ERR: 无法加载控制器:'"

[ 2017-05-28T16:50:43+08:00 ] 140.205.201.30 /%27%22%2f%3E%3C%2fscript%3E%3Cscript%3Ealert%28%29%3C%2fscript%3E
INFO: [ app_init ] --START--
INFO: Run Behavior\BuildLiteBehavior [ RunTime:0.000018s ]
INFO: [ app_init ] --END-- [ RunTime:0.000311s ]
INFO: [ app_begin ] --START--
INFO: Run Behavior\ReadHtmlCacheBehavior [ RunTime:0.000373s ]
INFO: [ app_begin ] --END-- [ RunTime:0.000410s ]
ERR: 无法加载控制器:'"

[ 2017-05-28T16:51:24+08:00 ] 140.205.201.30 /%2527%2522%252f%253E%253C%252fscript%253E%253Cscript%253Ealert%2528%2529%253C%252fscript%253E
INFO: [ app_init ] --START--
INFO: Run Behavior\BuildLiteBehavior [ RunTime:0.000018s ]
INFO: [ app_init ] --END-- [ RunTime:0.000332s ]
INFO: [ app_begin ] --START--
INFO: Run Behavior\ReadHtmlCacheBehavior [ RunTime:0.000362s ]
INFO: [ app_begin ] --END-- [ RunTime:0.000402s ]
ERR: 无法加载控制器:%27%22%2f%3E%3C%2fscript%3E%3Cscript%3Ealert%28%29%3C%2fscript%3E

[ 2017-05-28T16:51:39+08:00 ] 140.205.201.30 /'%22/%3E%3C/script%3E%3Cscript%3Ealert()%3C/script%3E/?.tmp=t
INFO: [ app_init ] --START--
INFO: Run Behavior\BuildLiteBehavior [ RunTime:0.000023s ]
INFO: [ app_init ] --END-- [ RunTime:0.000407s ]
INFO: [ app_begin ] --START--
INFO: Run Behavior\ReadHtmlCacheBehavior [ RunTime:0.000379s ]
INFO: [ app_begin ] --END-- [ RunTime:0.000417s ]
ERR: 无法加载控制器:'"

[ 2017-05-28T16:51:46+08:00 ] 140.205.201.30 /%27%22%2f%3E%3C%2fscript%3E%3Cscript%3Ealert%28%29%3C%2fscript%3E/?.tmp=t
INFO: [ app_init ] --START--
INFO: Run Behavior\BuildLiteBehavior [ RunTime:0.000014s ]
INFO: [ app_init ] --END-- [ RunTime:0.000272s ]
INFO: [ app_begin ] --START--
INFO: Run Behavior\ReadHtmlCacheBehavior [ RunTime:0.000334s ]
INFO: [ app_begin ] --END-- [ RunTime:0.000372s ]
ERR: 无法加载控制器:'"

[ 2017-05-28T16:51:51+08:00 ] 140.205.201.30 /%2527%2522%252f%253E%253C%252fscript%253E%253Cscript%253Ealert%2528%2529%253C%252fscript%253E/?.tmp=t
INFO: [ app_init ] --START--
INFO: Run Behavior\BuildLiteBehavior [ RunTime:0.000013s ]
INFO: [ app_init ] --END-- [ RunTime:0.000261s ]
INFO: [ app_begin ] --START--
INFO: Run Behavior\ReadHtmlCacheBehavior [ RunTime:0.000363s ]
INFO: [ app_begin ] --END-- [ RunTime:0.000402s ]
ERR: 无法加载控制器:%27%22%2f%3E%3C%2fscript%3E%3Cscript%3Ealert%28%29%3C%2fscript%3E

[ 2017-05-28T16:52:05+08:00 ] 140.205.201.30 /'%22+onmouseover=alert()+d='%22
INFO: [ app_init ] --START--
INFO: Run Behavior\BuildLiteBehavior [ RunTime:0.000014s ]
INFO: [ app_init ] --END-- [ RunTime:0.000303s ]
INFO: [ app_begin ] --START--
INFO: Run Behavior\ReadHtmlCacheBehavior [ RunTime:0.000327s ]
INFO: [ app_begin ] --END-- [ RunTime:0.000366s ]
ERR: 无法加载控制器:'"+onmouseover=alert()+d='"

[ 2017-05-28T16:52:14+08:00 ] 140.205.201.30 /%27%22%20onmouseover%3Dalert%28%29%20d%3D%27%22
INFO: [ app_init ] --START--
INFO: Run Behavior\BuildLiteBehavior [ RunTime:0.000014s ]
INFO: [ app_init ] --END-- [ RunTime:0.000304s ]
INFO: [ app_begin ] --START--
INFO: Run Behavior\ReadHtmlCacheBehavior [ RunTime:0.000349s ]
INFO: [ app_begin ] --END-- [ RunTime:0.000388s ]
ERR: 无法加载控制器:'" onmouseover=alert() d='"

[ 2017-05-28T16:52:32+08:00 ] 140.205.201.30 /%2527%2522%2520onmouseover%253Dalert%2528%2529%2520d%253D%2527%2522
INFO: [ app_init ] --START--
INFO: Run Behavior\BuildLiteBehavior [ RunTime:0.000013s ]
INFO: [ app_init ] --END-- [ RunTime:0.000280s ]
INFO: [ app_begin ] --START--
INFO: Run Behavior\ReadHtmlCacheBehavior [ RunTime:0.000330s ]
INFO: [ app_begin ] --END-- [ RunTime:0.000370s ]
ERR: 无法加载控制器:%27%22%20onmouseover%3Dalert%28%29%20d%3D%27%22

[ 2017-05-28T16:53:36+08:00 ] 140.205.201.30 /'%22+onmouseover=alert()+d='%22/?.tmp=t
INFO: [ app_init ] --START--
INFO: Run Behavior\BuildLiteBehavior [ RunTime:0.000018s ]
INFO: [ app_init ] --END-- [ RunTime:0.000309s ]
INFO: [ app_begin ] --START--
INFO: Run Behavior\ReadHtmlCacheBehavior [ RunTime:0.000448s ]
INFO: [ app_begin ] --END-- [ RunTime:0.000509s ]
ERR: 无法加载控制器:'"+onmouseover=alert()+d='"

[ 2017-05-28T16:55:54+08:00 ] 140.205.201.30 /%27%22%20onmouseover%3Dalert%28%29%20d%3D%27%22/?.tmp=t
INFO: [ app_init ] --START--
INFO: Run Behavior\BuildLiteBehavior [ RunTime:0.000015s ]
INFO: [ app_init ] --END-- [ RunTime:0.000279s ]
INFO: [ app_begin ] --START--
INFO: Run Behavior\ReadHtmlCacheBehavior [ RunTime:0.000397s ]
INFO: [ app_begin ] --END-- [ RunTime:0.000437s ]
ERR: 无法加载控制器:'" onmouseover=alert() d='"

[ 2017-05-28T16:56:44+08:00 ] 140.205.201.30 /%2527%2522%2520onmouseover%253Dalert%2528%2529%2520d%253D%2527%2522/?.tmp=t
INFO: [ app_init ] --START--
INFO: Run Behavior\BuildLiteBehavior [ RunTime:0.000015s ]
INFO: [ app_init ] --END-- [ RunTime:0.000273s ]
INFO: [ app_begin ] --START--
INFO: Run Behavior\ReadHtmlCacheBehavior [ RunTime:0.000367s ]
INFO: [ app_begin ] --END-- [ RunTime:0.000406s ]
ERR: 无法加载控制器:%27%22%20onmouseover%3Dalert%28%29%20d%3D%27%22

[ 2017-05-28T16:57:31+08:00 ] 140.205.201.30 /
INFO: [ app_init ] --START--
INFO: Run Behavior\BuildLiteBehavior [ RunTime:0.000013s ]
INFO: [ app_init ] --END-- [ RunTime:0.000264s ]
INFO: [ app_begin ] --START--
INFO: Run Behavior\ReadHtmlCacheBehavior [ RunTime:0.000385s ]
INFO: [ app_begin ] --END-- [ RunTime:0.000423s ]
SQL: SHOW COLUMNS FROM `yk_set` [ RunTime:0.0008s ]
SQL: SELECT * FROM `yk_set` LIMIT 1   [ RunTime:0.0001s ]
SQL: SHOW COLUMNS FROM `yk_cms_set` [ RunTime:0.0004s ]
SQL: SELECT * FROM `yk_cms_set` LIMIT 1   [ RunTime:0.0001s ]
SQL: SHOW COLUMNS FROM `yk_shop_set` [ RunTime:0.0008s ]
SQL: SELECT * FROM `yk_shop_set` LIMIT 1   [ RunTime:0.0002s ]

[ 2017-05-28T16:58:17+08:00 ] 140.205.201.30 /Admin/Public/login
INFO: [ app_init ] --START--
INFO: Run Behavior\BuildLiteBehavior [ RunTime:0.000017s ]
INFO: [ app_init ] --END-- [ RunTime:0.000270s ]
INFO: [ app_begin ] --START--
INFO: Run Behavior\ReadHtmlCacheBehavior [ RunTime:0.000348s ]
INFO: [ app_begin ] --END-- [ RunTime:0.000387s ]
SQL: SHOW COLUMNS FROM `yk_set` [ RunTime:0.0008s ]
SQL: SELECT * FROM `yk_set` LIMIT 1   [ RunTime:0.0001s ]
SQL: SHOW COLUMNS FROM `yk_cms_set` [ RunTime:0.0004s ]
SQL: SELECT * FROM `yk_cms_set` LIMIT 1   [ RunTime:0.0001s ]
SQL: SHOW COLUMNS FROM `yk_shop_set` [ RunTime:0.0007s ]
SQL: SELECT * FROM `yk_shop_set` LIMIT 1   [ RunTime:0.0001s ]
INFO: [ view_parse ] --START--
INFO: [ template_filter ] --START--
INFO: Run Behavior\ContentReplaceBehavior [ RunTime:0.000047s ]
INFO: [ template_filter ] --END-- [ RunTime:0.000089s ]
INFO: Run Behavior\ParseTemplateBehavior [ RunTime:0.004755s ]
INFO: [ view_parse ] --END-- [ RunTime:0.004793s ]
INFO: [ view_filter ] --START--
INFO: Run Behavior\WriteHtmlCacheBehavior [ RunTime:0.000173s ]
INFO: [ view_filter ] --END-- [ RunTime:0.000215s ]
INFO: [ app_end ] --START--
INFO: Run Behavior\ShowPageTraceBehavior [ RunTime:0.000575s ]
INFO: [ app_end ] --END-- [ RunTime:0.000633s ]

[ 2017-05-28T16:59:39+08:00 ] 140.205.201.30 /admin/
INFO: [ app_init ] --START--
INFO: Run Behavior\BuildLiteBehavior [ RunTime:0.000013s ]
INFO: [ app_init ] --END-- [ RunTime:0.000259s ]
INFO: [ app_begin ] --START--
INFO: Run Behavior\ReadHtmlCacheBehavior [ RunTime:0.000324s ]
INFO: [ app_begin ] --END-- [ RunTime:0.000361s ]
SQL: SHOW COLUMNS FROM `yk_set` [ RunTime:0.0007s ]
SQL: SELECT * FROM `yk_set` LIMIT 1   [ RunTime:0.0001s ]
SQL: SHOW COLUMNS FROM `yk_cms_set` [ RunTime:0.0004s ]
SQL: SELECT * FROM `yk_cms_set` LIMIT 1   [ RunTime:0.0001s ]
SQL: SHOW COLUMNS FROM `yk_shop_set` [ RunTime:0.0007s ]
SQL: SELECT * FROM `yk_shop_set` LIMIT 1   [ RunTime:0.0001s ]

[ 2017-05-28T17:01:35+08:00 ] 140.205.201.30 /
INFO: [ app_init ] --START--
INFO: Run Behavior\BuildLiteBehavior [ RunTime:0.000020s ]
INFO: [ app_init ] --END-- [ RunTime:0.000306s ]
INFO: [ app_begin ] --START--
INFO: Run Behavior\ReadHtmlCacheBehavior [ RunTime:0.000359s ]
INFO: [ app_begin ] --END-- [ RunTime:0.000398s ]
SQL: SHOW COLUMNS FROM `yk_set` [ RunTime:0.0007s ]
SQL: SELECT * FROM `yk_set` LIMIT 1   [ RunTime:0.0002s ]
SQL: SHOW COLUMNS FROM `yk_cms_set` [ RunTime:0.0004s ]
SQL: SELECT * FROM `yk_cms_set` LIMIT 1   [ RunTime:0.0001s ]
SQL: SHOW COLUMNS FROM `yk_shop_set` [ RunTime:0.0007s ]
SQL: SELECT * FROM `yk_shop_set` LIMIT 1   [ RunTime:0.0002s ]

