[ 2017-01-06T01:10:00+08:00 ] 111.206.36.6 /admin/index/index
INFO: [ app_init ] --START--
INFO: Run Behavior\BuildLiteBehavior [ RunTime:0.000016s ]
INFO: [ app_init ] --END-- [ RunTime:0.000282s ]
INFO: [ app_begin ] --START--
INFO: Run Behavior\ReadHtmlCacheBehavior [ RunTime:0.000473s ]
INFO: [ app_begin ] --END-- [ RunTime:0.000540s ]
SQL: SHOW COLUMNS FROM `yk_set` [ RunTime:0.0008s ]
SQL: SELECT * FROM `yk_set` LIMIT 1   [ RunTime:0.0002s ]
SQL: SHOW COLUMNS FROM `yk_cms_set` [ RunTime:0.0005s ]
SQL: SELECT * FROM `yk_cms_set` LIMIT 1   [ RunTime:0.0001s ]
SQL: SHOW COLUMNS FROM `yk_shop_set` [ RunTime:0.0008s ]
SQL: SELECT * FROM `yk_shop_set` LIMIT 1   [ RunTime:0.0002s ]

[ 2017-01-06T01:10:00+08:00 ] 111.206.36.6 /Admin/Public/login
INFO: [ app_init ] --START--
INFO: Run Behavior\BuildLiteBehavior [ RunTime:0.000013s ]
INFO: [ app_init ] --END-- [ RunTime:0.000258s ]
INFO: [ app_begin ] --START--
INFO: Run Behavior\ReadHtmlCacheBehavior [ RunTime:0.000324s ]
INFO: [ app_begin ] --END-- [ RunTime:0.000361s ]
SQL: SHOW COLUMNS FROM `yk_set` [ RunTime:0.0007s ]
SQL: SELECT * FROM `yk_set` LIMIT 1   [ RunTime:0.0002s ]
SQL: SHOW COLUMNS FROM `yk_cms_set` [ RunTime:0.0004s ]
SQL: SELECT * FROM `yk_cms_set` LIMIT 1   [ RunTime:0.0001s ]
SQL: SHOW COLUMNS FROM `yk_shop_set` [ RunTime:0.0007s ]
SQL: SELECT * FROM `yk_shop_set` LIMIT 1   [ RunTime:0.0002s ]
NOTIC: [8] Undefined index: uid /mnt/wwwroot/yikang.mubantang.com/Application/Admin/Controller/PublicController.class.php 第 49 行.
INFO: [ view_parse ] --START--
INFO: [ template_filter ] --START--
INFO: Run Behavior\ContentReplaceBehavior [ RunTime:0.000045s ]
INFO: [ template_filter ] --END-- [ RunTime:0.000084s ]
INFO: Run Behavior\ParseTemplateBehavior [ RunTime:0.004820s ]
INFO: [ view_parse ] --END-- [ RunTime:0.004854s ]
INFO: [ view_filter ] --START--
INFO: Run Behavior\WriteHtmlCacheBehavior [ RunTime:0.000119s ]
INFO: [ view_filter ] --END-- [ RunTime:0.000150s ]
INFO: [ app_end ] --START--
INFO: Run Behavior\ShowPageTraceBehavior [ RunTime:0.000379s ]
INFO: [ app_end ] --END-- [ RunTime:0.000413s ]

[ 2017-01-06T01:10:00+08:00 ] 111.206.36.132 /Admin/Public/verify
INFO: [ app_init ] --START--
INFO: Run Behavior\BuildLiteBehavior [ RunTime:0.000012s ]
INFO: [ app_init ] --END-- [ RunTime:0.000260s ]
INFO: [ app_begin ] --START--
INFO: Run Behavior\ReadHtmlCacheBehavior [ RunTime:0.000348s ]
INFO: [ app_begin ] --END-- [ RunTime:0.000386s ]
SQL: SHOW COLUMNS FROM `yk_set` [ RunTime:0.0007s ]
SQL: SELECT * FROM `yk_set` LIMIT 1   [ RunTime:0.0002s ]
SQL: SHOW COLUMNS FROM `yk_cms_set` [ RunTime:0.0004s ]
SQL: SELECT * FROM `yk_cms_set` LIMIT 1   [ RunTime:0.0001s ]
SQL: SHOW COLUMNS FROM `yk_shop_set` [ RunTime:0.0007s ]
SQL: SELECT * FROM `yk_shop_set` LIMIT 1   [ RunTime:0.0002s ]
INFO: [ app_end ] --START--
INFO: Run Behavior\ShowPageTraceBehavior [ RunTime:0.000392s ]
INFO: [ app_end ] --END-- [ RunTime:0.000435s ]

[ 2017-01-06T08:22:14+08:00 ] 42.156.251.188 /Admin/Public/login
INFO: [ app_init ] --START--
INFO: Run Behavior\BuildLiteBehavior [ RunTime:0.000026s ]
INFO: [ app_init ] --END-- [ RunTime:0.001816s ]
INFO: [ app_begin ] --START--
INFO: Run Behavior\ReadHtmlCacheBehavior [ RunTime:0.001641s ]
INFO: [ app_begin ] --END-- [ RunTime:0.001724s ]
SQL: SHOW COLUMNS FROM `yk_set` [ RunTime:0.0335s ]
SQL: SELECT * FROM `yk_set` LIMIT 1   [ RunTime:0.0014s ]
SQL: SHOW COLUMNS FROM `yk_cms_set` [ RunTime:0.0040s ]
SQL: SELECT * FROM `yk_cms_set` LIMIT 1   [ RunTime:0.0013s ]
SQL: SHOW COLUMNS FROM `yk_shop_set` [ RunTime:0.0035s ]
SQL: SELECT * FROM `yk_shop_set` LIMIT 1   [ RunTime:0.0015s ]
NOTIC: [8] Undefined index: uid /mnt/wwwroot/yikang.mubantang.com/Application/Admin/Controller/PublicController.class.php 第 49 行.
INFO: [ view_parse ] --START--
INFO: [ template_filter ] --START--
INFO: Run Behavior\ContentReplaceBehavior [ RunTime:0.000052s ]
INFO: [ template_filter ] --END-- [ RunTime:0.000105s ]
INFO: Run Behavior\ParseTemplateBehavior [ RunTime:0.038590s ]
INFO: [ view_parse ] --END-- [ RunTime:0.038655s ]
INFO: [ view_filter ] --START--
INFO: Run Behavior\WriteHtmlCacheBehavior [ RunTime:0.001167s ]
INFO: [ view_filter ] --END-- [ RunTime:0.001202s ]
INFO: [ app_end ] --START--
INFO: Run Behavior\ShowPageTraceBehavior [ RunTime:0.001318s ]
INFO: [ app_end ] --END-- [ RunTime:0.001355s ]

[ 2017-01-06T08:22:34+08:00 ] 42.156.251.188 /Admin/Employee/vipSet/id/58
INFO: [ app_init ] --START--
INFO: Run Behavior\BuildLiteBehavior [ RunTime:0.000013s ]
INFO: [ app_init ] --END-- [ RunTime:0.000274s ]
INFO: [ app_begin ] --START--
INFO: Run Behavior\ReadHtmlCacheBehavior [ RunTime:0.000334s ]
INFO: [ app_begin ] --END-- [ RunTime:0.000370s ]
SQL: SHOW COLUMNS FROM `yk_set` [ RunTime:0.0007s ]
SQL: SELECT * FROM `yk_set` LIMIT 1   [ RunTime:0.0002s ]
SQL: SHOW COLUMNS FROM `yk_cms_set` [ RunTime:0.0008s ]
SQL: SELECT * FROM `yk_cms_set` LIMIT 1   [ RunTime:0.0002s ]
SQL: SHOW COLUMNS FROM `yk_shop_set` [ RunTime:0.0012s ]
SQL: SELECT * FROM `yk_shop_set` LIMIT 1   [ RunTime:0.0002s ]

[ 2017-01-06T09:51:44+08:00 ] 183.43.249.240 /favicon.ico
INFO: [ app_init ] --START--
INFO: Run Behavior\BuildLiteBehavior [ RunTime:0.000017s ]
INFO: [ app_init ] --END-- [ RunTime:0.000386s ]

[ 2017-01-06T09:51:44+08:00 ] 183.43.249.240 /favicon.ico
INFO: [ app_init ] --START--
INFO: Run Behavior\BuildLiteBehavior [ RunTime:0.000012s ]
INFO: [ app_init ] --END-- [ RunTime:0.000304s ]

[ 2017-01-06T15:23:28+08:00 ] 183.136.190.40 /
INFO: [ app_init ] --START--
INFO: Run Behavior\BuildLiteBehavior [ RunTime:0.000015s ]
INFO: [ app_init ] --END-- [ RunTime:0.000308s ]
INFO: [ app_begin ] --START--
INFO: Run Behavior\ReadHtmlCacheBehavior [ RunTime:0.000405s ]
INFO: [ app_begin ] --END-- [ RunTime:0.000486s ]
SQL: SHOW COLUMNS FROM `yk_set` [ RunTime:0.0008s ]
SQL: SELECT * FROM `yk_set` LIMIT 1   [ RunTime:0.0002s ]
SQL: SHOW COLUMNS FROM `yk_cms_set` [ RunTime:0.0102s ]
SQL: SELECT * FROM `yk_cms_set` LIMIT 1   [ RunTime:0.0013s ]
SQL: SHOW COLUMNS FROM `yk_shop_set` [ RunTime:0.0044s ]
SQL: SELECT * FROM `yk_shop_set` LIMIT 1   [ RunTime:0.0002s ]

[ 2017-01-06T16:06:24+08:00 ] 183.232.118.14 /
INFO: [ app_init ] --START--
INFO: Run Behavior\BuildLiteBehavior [ RunTime:0.000012s ]
INFO: [ app_init ] --END-- [ RunTime:0.000258s ]
INFO: [ app_begin ] --START--
INFO: Run Behavior\ReadHtmlCacheBehavior [ RunTime:0.000375s ]
INFO: [ app_begin ] --END-- [ RunTime:0.000417s ]
SQL: SHOW COLUMNS FROM `yk_set` [ RunTime:0.0007s ]
SQL: SELECT * FROM `yk_set` LIMIT 1   [ RunTime:0.0002s ]
SQL: SHOW COLUMNS FROM `yk_cms_set` [ RunTime:0.0004s ]
SQL: SELECT * FROM `yk_cms_set` LIMIT 1   [ RunTime:0.0001s ]
SQL: SHOW COLUMNS FROM `yk_shop_set` [ RunTime:0.0008s ]
SQL: SELECT * FROM `yk_shop_set` LIMIT 1   [ RunTime:0.0145s ]

[ 2017-01-06T16:06:26+08:00 ] 163.177.93.243 /
INFO: [ app_init ] --START--
INFO: Run Behavior\BuildLiteBehavior [ RunTime:0.000012s ]
INFO: [ app_init ] --END-- [ RunTime:0.000264s ]
INFO: [ app_begin ] --START--
INFO: Run Behavior\ReadHtmlCacheBehavior [ RunTime:0.000345s ]
INFO: [ app_begin ] --END-- [ RunTime:0.000382s ]
SQL: SHOW COLUMNS FROM `yk_set` [ RunTime:0.0007s ]
SQL: SELECT * FROM `yk_set` LIMIT 1   [ RunTime:0.0002s ]
SQL: SHOW COLUMNS FROM `yk_cms_set` [ RunTime:0.0004s ]
SQL: SELECT * FROM `yk_cms_set` LIMIT 1   [ RunTime:0.0001s ]
SQL: SHOW COLUMNS FROM `yk_shop_set` [ RunTime:0.0007s ]
SQL: SELECT * FROM `yk_shop_set` LIMIT 1   [ RunTime:0.0002s ]

[ 2017-01-06T16:06:29+08:00 ] 14.17.44.216 /
INFO: [ app_init ] --START--
INFO: Run Behavior\BuildLiteBehavior [ RunTime:0.000012s ]
INFO: [ app_init ] --END-- [ RunTime:0.000341s ]
INFO: [ app_begin ] --START--
INFO: Run Behavior\ReadHtmlCacheBehavior [ RunTime:0.000389s ]
INFO: [ app_begin ] --END-- [ RunTime:0.000431s ]
SQL: SHOW COLUMNS FROM `yk_set` [ RunTime:0.0005s ]
SQL: SELECT * FROM `yk_set` LIMIT 1   [ RunTime:0.0002s ]
SQL: SHOW COLUMNS FROM `yk_cms_set` [ RunTime:0.0004s ]
SQL: SELECT * FROM `yk_cms_set` LIMIT 1   [ RunTime:0.0001s ]
SQL: SHOW COLUMNS FROM `yk_shop_set` [ RunTime:0.0007s ]
SQL: SELECT * FROM `yk_shop_set` LIMIT 1   [ RunTime:0.0024s ]

[ 2017-01-06T16:06:30+08:00 ] 153.0.5.138 /favicon.ico
INFO: [ app_init ] --START--
INFO: Run Behavior\BuildLiteBehavior [ RunTime:0.000012s ]
INFO: [ app_init ] --END-- [ RunTime:0.000262s ]

[ 2017-01-06T16:16:11+08:00 ] 58.62.231.75 /Admin/Index/index
INFO: [ app_init ] --START--
INFO: Run Behavior\BuildLiteBehavior [ RunTime:0.000013s ]
INFO: [ app_init ] --END-- [ RunTime:0.000279s ]
INFO: [ app_begin ] --START--
INFO: Run Behavior\ReadHtmlCacheBehavior [ RunTime:0.000320s ]
INFO: [ app_begin ] --END-- [ RunTime:0.000358s ]
SQL: SHOW COLUMNS FROM `yk_set` [ RunTime:0.0008s ]
SQL: SELECT * FROM `yk_set` LIMIT 1   [ RunTime:0.0002s ]
SQL: SHOW COLUMNS FROM `yk_cms_set` [ RunTime:0.0004s ]
SQL: SELECT * FROM `yk_cms_set` LIMIT 1   [ RunTime:0.0001s ]
SQL: SHOW COLUMNS FROM `yk_shop_set` [ RunTime:0.0008s ]
SQL: SELECT * FROM `yk_shop_set` LIMIT 1   [ RunTime:0.0002s ]

[ 2017-01-06T16:16:11+08:00 ] 58.62.231.75 /Admin/Public/login
INFO: [ app_init ] --START--
INFO: Run Behavior\BuildLiteBehavior [ RunTime:0.000013s ]
INFO: [ app_init ] --END-- [ RunTime:0.000257s ]
INFO: [ app_begin ] --START--
INFO: Run Behavior\ReadHtmlCacheBehavior [ RunTime:0.000322s ]
INFO: [ app_begin ] --END-- [ RunTime:0.000360s ]
SQL: SHOW COLUMNS FROM `yk_set` [ RunTime:0.0007s ]
SQL: SELECT * FROM `yk_set` LIMIT 1   [ RunTime:0.0002s ]
SQL: SHOW COLUMNS FROM `yk_cms_set` [ RunTime:0.0004s ]
SQL: SELECT * FROM `yk_cms_set` LIMIT 1   [ RunTime:0.0001s ]
SQL: SHOW COLUMNS FROM `yk_shop_set` [ RunTime:0.0007s ]
SQL: SELECT * FROM `yk_shop_set` LIMIT 1   [ RunTime:0.0002s ]
NOTIC: [8] Undefined index: uid /mnt/wwwroot/yikang.mubantang.com/Application/Admin/Controller/PublicController.class.php 第 49 行.
INFO: [ view_parse ] --START--
INFO: [ template_filter ] --START--
INFO: Run Behavior\ContentReplaceBehavior [ RunTime:0.000052s ]
INFO: [ template_filter ] --END-- [ RunTime:0.000107s ]
INFO: Run Behavior\ParseTemplateBehavior [ RunTime:0.018642s ]
INFO: [ view_parse ] --END-- [ RunTime:0.018693s ]
INFO: [ view_filter ] --START--
INFO: Run Behavior\WriteHtmlCacheBehavior [ RunTime:0.000126s ]
INFO: [ view_filter ] --END-- [ RunTime:0.000159s ]
INFO: [ app_end ] --START--
INFO: Run Behavior\ShowPageTraceBehavior [ RunTime:0.000386s ]
INFO: [ app_end ] --END-- [ RunTime:0.000430s ]

[ 2017-01-06T16:16:11+08:00 ] 58.62.231.75 /Admin/Public/verify
INFO: [ app_init ] --START--
INFO: Run Behavior\BuildLiteBehavior [ RunTime:0.000012s ]
INFO: [ app_init ] --END-- [ RunTime:0.000278s ]
INFO: [ app_begin ] --START--
INFO: Run Behavior\ReadHtmlCacheBehavior [ RunTime:0.000361s ]
INFO: [ app_begin ] --END-- [ RunTime:0.000398s ]
SQL: SHOW COLUMNS FROM `yk_set` [ RunTime:0.0007s ]
SQL: SELECT * FROM `yk_set` LIMIT 1   [ RunTime:0.0002s ]
SQL: SHOW COLUMNS FROM `yk_cms_set` [ RunTime:0.0004s ]
SQL: SELECT * FROM `yk_cms_set` LIMIT 1   [ RunTime:0.0001s ]
SQL: SHOW COLUMNS FROM `yk_shop_set` [ RunTime:0.0008s ]
SQL: SELECT * FROM `yk_shop_set` LIMIT 1   [ RunTime:0.0002s ]
INFO: [ app_end ] --START--
INFO: Run Behavior\ShowPageTraceBehavior [ RunTime:0.000399s ]
INFO: [ app_end ] --END-- [ RunTime:0.000449s ]

[ 2017-01-06T16:16:44+08:00 ] 58.62.231.75 /Admin/Public/login
INFO: [ app_init ] --START--
INFO: Run Behavior\BuildLiteBehavior [ RunTime:0.000012s ]
INFO: [ app_init ] --END-- [ RunTime:0.000257s ]
INFO: [ app_begin ] --START--
INFO: Run Behavior\ReadHtmlCacheBehavior [ RunTime:0.000319s ]
INFO: [ app_begin ] --END-- [ RunTime:0.000358s ]
SQL: SHOW COLUMNS FROM `yk_set` [ RunTime:0.0007s ]
SQL: SELECT * FROM `yk_set` LIMIT 1   [ RunTime:0.0002s ]
SQL: SHOW COLUMNS FROM `yk_cms_set` [ RunTime:0.0004s ]
SQL: SELECT * FROM `yk_cms_set` LIMIT 1   [ RunTime:0.0001s ]
SQL: SHOW COLUMNS FROM `yk_shop_set` [ RunTime:0.0007s ]
SQL: SELECT * FROM `yk_shop_set` LIMIT 1   [ RunTime:0.0002s ]
SQL: SHOW COLUMNS FROM `yk_user` [ RunTime:0.0042s ]
SQL: SELECT * FROM `yk_user` WHERE `username` = '13794379900' AND `userpass` = '21218cca77804d2ba1922c33e0151105' LIMIT 1   [ RunTime:0.0014s ]
SQL: SHOW COLUMNS FROM `yk_employee` [ RunTime:0.0161s ]
SQL: SELECT * FROM `yk_employee` WHERE `username` = '13794379900' AND `userpass` = '21218cca77804d2ba1922c33e0151105' LIMIT 1   [ RunTime:0.0240s ]

[ 2017-01-06T16:16:45+08:00 ] 58.62.231.75 /Admin/Index/index
INFO: [ app_init ] --START--
INFO: Run Behavior\BuildLiteBehavior [ RunTime:0.000011s ]
INFO: [ app_init ] --END-- [ RunTime:0.000247s ]
INFO: [ app_begin ] --START--
INFO: Run Behavior\ReadHtmlCacheBehavior [ RunTime:0.000347s ]
INFO: [ app_begin ] --END-- [ RunTime:0.000384s ]
SQL: SHOW COLUMNS FROM `yk_set` [ RunTime:0.0007s ]
SQL: SELECT * FROM `yk_set` LIMIT 1   [ RunTime:0.0002s ]
SQL: SHOW COLUMNS FROM `yk_cms_set` [ RunTime:0.0004s ]
SQL: SELECT * FROM `yk_cms_set` LIMIT 1   [ RunTime:0.0001s ]
SQL: SHOW COLUMNS FROM `yk_shop_set` [ RunTime:0.0007s ]
SQL: SELECT * FROM `yk_shop_set` LIMIT 1   [ RunTime:0.0002s ]
SQL: SHOW COLUMNS FROM `yk_user_oath` [ RunTime:0.0044s ]
SQL: SELECT * FROM `yk_user_oath`  [ RunTime:0.0059s ]
INFO: [ view_parse ] --START--
INFO: [ template_filter ] --START--
INFO: Run Behavior\ContentReplaceBehavior [ RunTime:0.000133s ]
INFO: [ template_filter ] --END-- [ RunTime:0.000184s ]
INFO: Run Behavior\ParseTemplateBehavior [ RunTime:0.052525s ]
INFO: [ view_parse ] --END-- [ RunTime:0.052568s ]
INFO: [ view_filter ] --START--
INFO: Run Behavior\WriteHtmlCacheBehavior [ RunTime:0.000131s ]
INFO: [ view_filter ] --END-- [ RunTime:0.000183s ]
INFO: [ app_end ] --START--
INFO: Run Behavior\ShowPageTraceBehavior [ RunTime:0.000357s ]
INFO: [ app_end ] --END-- [ RunTime:0.000396s ]

[ 2017-01-06T16:16:45+08:00 ] 58.62.231.75 /Admin/Employee/main
INFO: [ app_init ] --START--
INFO: Run Behavior\BuildLiteBehavior [ RunTime:0.000012s ]
INFO: [ app_init ] --END-- [ RunTime:0.000257s ]
INFO: [ app_begin ] --START--
INFO: Run Behavior\ReadHtmlCacheBehavior [ RunTime:0.000321s ]
INFO: [ app_begin ] --END-- [ RunTime:0.000356s ]
SQL: SHOW COLUMNS FROM `yk_set` [ RunTime:0.0007s ]
SQL: SELECT * FROM `yk_set` LIMIT 1   [ RunTime:0.0002s ]
SQL: SHOW COLUMNS FROM `yk_cms_set` [ RunTime:0.0004s ]
SQL: SELECT * FROM `yk_cms_set` LIMIT 1   [ RunTime:0.0001s ]
SQL: SHOW COLUMNS FROM `yk_shop_set` [ RunTime:0.0007s ]
SQL: SELECT * FROM `yk_shop_set` LIMIT 1   [ RunTime:0.0002s ]
SQL: SHOW COLUMNS FROM `yk_employee` [ RunTime:0.0004s ]
INFO: [ view_parse ] --START--
INFO: [ template_filter ] --START--
INFO: Run Behavior\ContentReplaceBehavior [ RunTime:0.000032s ]
INFO: [ template_filter ] --END-- [ RunTime:0.000066s ]
NOTIC: [8] Undefined variable: breadhtml /mnt/wwwroot/yikang.mubantang.com/Application/Runtime/Cache/Admin/f259bce1158f32a7248b68a6490c7c06.php 第 2 行.
INFO: Run Behavior\ParseTemplateBehavior [ RunTime:0.012678s ]
INFO: [ view_parse ] --END-- [ RunTime:0.012712s ]
INFO: [ view_filter ] --START--
INFO: Run Behavior\WriteHtmlCacheBehavior [ RunTime:0.000121s ]
INFO: [ view_filter ] --END-- [ RunTime:0.000149s ]
INFO: [ app_end ] --START--
INFO: Run Behavior\ShowPageTraceBehavior [ RunTime:0.000343s ]
INFO: [ app_end ] --END-- [ RunTime:0.000375s ]

[ 2017-01-06T16:17:06+08:00 ] 58.62.231.75 /Admin/Employee/vipCenter
INFO: [ app_init ] --START--
INFO: Run Behavior\BuildLiteBehavior [ RunTime:0.000010s ]
INFO: [ app_init ] --END-- [ RunTime:0.000255s ]
INFO: [ app_begin ] --START--
INFO: Run Behavior\ReadHtmlCacheBehavior [ RunTime:0.000353s ]
INFO: [ app_begin ] --END-- [ RunTime:0.000387s ]
SQL: SHOW COLUMNS FROM `yk_set` [ RunTime:0.0008s ]
SQL: SELECT * FROM `yk_set` LIMIT 1   [ RunTime:0.0002s ]
SQL: SHOW COLUMNS FROM `yk_cms_set` [ RunTime:0.0004s ]
SQL: SELECT * FROM `yk_cms_set` LIMIT 1   [ RunTime:0.0001s ]
SQL: SHOW COLUMNS FROM `yk_shop_set` [ RunTime:0.0009s ]
SQL: SELECT * FROM `yk_shop_set` LIMIT 1   [ RunTime:0.0002s ]
SQL: SHOW COLUMNS FROM `yk_employee` [ RunTime:0.0007s ]
INFO: [ view_parse ] --START--
INFO: [ template_filter ] --START--
INFO: Run Behavior\ContentReplaceBehavior [ RunTime:0.000033s ]
INFO: [ template_filter ] --END-- [ RunTime:0.000072s ]
INFO: Run Behavior\ParseTemplateBehavior [ RunTime:0.020050s ]
INFO: [ view_parse ] --END-- [ RunTime:0.020083s ]
INFO: [ view_filter ] --START--
INFO: Run Behavior\WriteHtmlCacheBehavior [ RunTime:0.000144s ]
INFO: [ view_filter ] --END-- [ RunTime:0.000173s ]
SQL: SHOW COLUMNS FROM `yk_vip` [ RunTime:0.0013s ]
NOTIC: [8] Undefined index: p /mnt/wwwroot/yikang.mubantang.com/Application/Admin/Controller/EmployeeController.class.php 第 301 行.
SQL: SELECT * FROM `yk_vip` WHERE `employee` = 4 AND `is_system` = 1 ORDER BY total_xxbuy DESC LIMIT 0,20   [ RunTime:0.0023s ]
SQL: SHOW COLUMNS FROM `yk_vip_level` [ RunTime:0.0088s ]
SQL: SELECT `name` FROM `yk_vip_level` WHERE ( id=0 ) LIMIT 1   [ RunTime:0.0001s ]
NOTIC: [8] Undefined offset: 4 /mnt/wwwroot/yikang.mubantang.com/Application/Admin/Controller/EmployeeController.class.php 第 324 行.
SQL: SHOW COLUMNS FROM `yk_shop_order` [ RunTime:0.0379s ]
SQL: SELECT COUNT(*) AS tp_count FROM yk_shop_order O LEFT JOIN yk_vip as V on O.vipid=V.id  WHERE V.pid = '550' AND O.status IN ('2','3','5') LIMIT 1   [ RunTime:0.0140s ]
SQL: SELECT SUM(payprice) AS tp_sum FROM yk_shop_order O LEFT JOIN yk_vip as V on O.vipid=V.id  WHERE V.pid = '550' AND O.status IN ('2','3','5') LIMIT 1   [ RunTime:0.0003s ]
SQL: SELECT `name` FROM `yk_vip_level` WHERE ( id=0 ) LIMIT 1   [ RunTime:0.0002s ]
NOTIC: [8] Undefined offset: 4 /mnt/wwwroot/yikang.mubantang.com/Application/Admin/Controller/EmployeeController.class.php 第 324 行.
SQL: SELECT COUNT(*) AS tp_count FROM yk_shop_order O LEFT JOIN yk_vip as V on O.vipid=V.id  WHERE V.pid = '544' AND O.status IN ('2','3','5') LIMIT 1   [ RunTime:0.0002s ]
SQL: SELECT SUM(payprice) AS tp_sum FROM yk_shop_order O LEFT JOIN yk_vip as V on O.vipid=V.id  WHERE V.pid = '544' AND O.status IN ('2','3','5') LIMIT 1   [ RunTime:0.0002s ]
SQL: SELECT `name` FROM `yk_vip_level` WHERE ( id=0 ) LIMIT 1   [ RunTime:0.0001s ]
NOTIC: [8] Undefined offset: 4 /mnt/wwwroot/yikang.mubantang.com/Application/Admin/Controller/EmployeeController.class.php 第 324 行.
SQL: SELECT COUNT(*) AS tp_count FROM yk_shop_order O LEFT JOIN yk_vip as V on O.vipid=V.id  WHERE V.pid = '545' AND O.status IN ('2','3','5') LIMIT 1   [ RunTime:0.0002s ]
SQL: SELECT SUM(payprice) AS tp_sum FROM yk_shop_order O LEFT JOIN yk_vip as V on O.vipid=V.id  WHERE V.pid = '545' AND O.status IN ('2','3','5') LIMIT 1   [ RunTime:0.0002s ]
SQL: SELECT `name` FROM `yk_vip_level` WHERE ( id=0 ) LIMIT 1   [ RunTime:0.0001s ]
NOTIC: [8] Undefined offset: 4 /mnt/wwwroot/yikang.mubantang.com/Application/Admin/Controller/EmployeeController.class.php 第 324 行.
SQL: SELECT COUNT(*) AS tp_count FROM yk_shop_order O LEFT JOIN yk_vip as V on O.vipid=V.id  WHERE V.pid = '546' AND O.status IN ('2','3','5') LIMIT 1   [ RunTime:0.0002s ]
SQL: SELECT SUM(payprice) AS tp_sum FROM yk_shop_order O LEFT JOIN yk_vip as V on O.vipid=V.id  WHERE V.pid = '546' AND O.status IN ('2','3','5') LIMIT 1   [ RunTime:0.0002s ]
SQL: SELECT `name` FROM `yk_vip_level` WHERE ( id=0 ) LIMIT 1   [ RunTime:0.0001s ]
NOTIC: [8] Undefined offset: 4 /mnt/wwwroot/yikang.mubantang.com/Application/Admin/Controller/EmployeeController.class.php 第 324 行.
SQL: SELECT COUNT(*) AS tp_count FROM yk_shop_order O LEFT JOIN yk_vip as V on O.vipid=V.id  WHERE V.pid = '547' AND O.status IN ('2','3','5') LIMIT 1   [ RunTime:0.0030s ]
SQL: SELECT SUM(payprice) AS tp_sum FROM yk_shop_order O LEFT JOIN yk_vip as V on O.vipid=V.id  WHERE V.pid = '547' AND O.status IN ('2','3','5') LIMIT 1   [ RunTime:0.0002s ]
SQL: SELECT `name` FROM `yk_vip_level` WHERE ( id=0 ) LIMIT 1   [ RunTime:0.0001s ]
NOTIC: [8] Undefined offset: 4 /mnt/wwwroot/yikang.mubantang.com/Application/Admin/Controller/EmployeeController.class.php 第 324 行.
SQL: SELECT COUNT(*) AS tp_count FROM yk_shop_order O LEFT JOIN yk_vip as V on O.vipid=V.id  WHERE V.pid = '548' AND O.status IN ('2','3','5') LIMIT 1   [ RunTime:0.0002s ]
SQL: SELECT SUM(payprice) AS tp_sum FROM yk_shop_order O LEFT JOIN yk_vip as V on O.vipid=V.id  WHERE V.pid = '548' AND O.status IN ('2','3','5') LIMIT 1   [ RunTime:0.0002s ]
SQL: SELECT `name` FROM `yk_vip_level` WHERE ( id=0 ) LIMIT 1   [ RunTime:0.0001s ]
NOTIC: [8] Undefined offset: 4 /mnt/wwwroot/yikang.mubantang.com/Application/Admin/Controller/EmployeeController.class.php 第 324 行.
SQL: SELECT COUNT(*) AS tp_count FROM yk_shop_order O LEFT JOIN yk_vip as V on O.vipid=V.id  WHERE V.pid = '549' AND O.status IN ('2','3','5') LIMIT 1   [ RunTime:0.0002s ]
SQL: SELECT SUM(payprice) AS tp_sum FROM yk_shop_order O LEFT JOIN yk_vip as V on O.vipid=V.id  WHERE V.pid = '549' AND O.status IN ('2','3','5') LIMIT 1   [ RunTime:0.0002s ]
SQL: SELECT `name` FROM `yk_vip_level` WHERE ( id=0 ) LIMIT 1   [ RunTime:0.0001s ]
NOTIC: [8] Undefined offset: 4 /mnt/wwwroot/yikang.mubantang.com/Application/Admin/Controller/EmployeeController.class.php 第 324 行.
SQL: SELECT COUNT(*) AS tp_count FROM yk_shop_order O LEFT JOIN yk_vip as V on O.vipid=V.id  WHERE V.pid = '551' AND O.status IN ('2','3','5') LIMIT 1   [ RunTime:0.0002s ]
SQL: SELECT SUM(payprice) AS tp_sum FROM yk_shop_order O LEFT JOIN yk_vip as V on O.vipid=V.id  WHERE V.pid = '551' AND O.status IN ('2','3','5') LIMIT 1   [ RunTime:0.0002s ]
SQL: SELECT `name` FROM `yk_vip_level` WHERE ( id=0 ) LIMIT 1   [ RunTime:0.0001s ]
NOTIC: [8] Undefined offset: 4 /mnt/wwwroot/yikang.mubantang.com/Application/Admin/Controller/EmployeeController.class.php 第 324 行.
SQL: SELECT COUNT(*) AS tp_count FROM yk_shop_order O LEFT JOIN yk_vip as V on O.vipid=V.id  WHERE V.pid = '552' AND O.status IN ('2','3','5') LIMIT 1   [ RunTime:0.0003s ]
SQL: SELECT SUM(payprice) AS tp_sum FROM yk_shop_order O LEFT JOIN yk_vip as V on O.vipid=V.id  WHERE V.pid = '552' AND O.status IN ('2','3','5') LIMIT 1   [ RunTime:0.0002s ]
SQL: SELECT `name` FROM `yk_vip_level` WHERE ( id=0 ) LIMIT 1   [ RunTime:0.0004s ]
NOTIC: [8] Undefined offset: 4 /mnt/wwwroot/yikang.mubantang.com/Application/Admin/Controller/EmployeeController.class.php 第 324 行.
SQL: SELECT COUNT(*) AS tp_count FROM yk_shop_order O LEFT JOIN yk_vip as V on O.vipid=V.id  WHERE V.pid = '553' AND O.status IN ('2','3','5') LIMIT 1   [ RunTime:0.0002s ]
SQL: SELECT SUM(payprice) AS tp_sum FROM yk_shop_order O LEFT JOIN yk_vip as V on O.vipid=V.id  WHERE V.pid = '553' AND O.status IN ('2','3','5') LIMIT 1   [ RunTime:0.0002s ]
SQL: SELECT `name` FROM `yk_vip_level` WHERE ( id=0 ) LIMIT 1   [ RunTime:0.0001s ]
NOTIC: [8] Undefined offset: 4 /mnt/wwwroot/yikang.mubantang.com/Application/Admin/Controller/EmployeeController.class.php 第 324 行.
SQL: SELECT COUNT(*) AS tp_count FROM yk_shop_order O LEFT JOIN yk_vip as V on O.vipid=V.id  WHERE V.pid = '554' AND O.status IN ('2','3','5') LIMIT 1   [ RunTime:0.0002s ]
SQL: SELECT SUM(payprice) AS tp_sum FROM yk_shop_order O LEFT JOIN yk_vip as V on O.vipid=V.id  WHERE V.pid = '554' AND O.status IN ('2','3','5') LIMIT 1   [ RunTime:0.0002s ]
SQL: SELECT `name` FROM `yk_vip_level` WHERE ( id=0 ) LIMIT 1   [ RunTime:0.0001s ]
NOTIC: [8] Undefined offset: 4 /mnt/wwwroot/yikang.mubantang.com/Application/Admin/Controller/EmployeeController.class.php 第 324 行.
SQL: SELECT COUNT(*) AS tp_count FROM yk_shop_order O LEFT JOIN yk_vip as V on O.vipid=V.id  WHERE V.pid = '555' AND O.status IN ('2','3','5') LIMIT 1   [ RunTime:0.0002s ]
SQL: SELECT SUM(payprice) AS tp_sum FROM yk_shop_order O LEFT JOIN yk_vip as V on O.vipid=V.id  WHERE V.pid = '555' AND O.status IN ('2','3','5') LIMIT 1   [ RunTime:0.0002s ]
SQL: SELECT `name` FROM `yk_vip_level` WHERE ( id=0 ) LIMIT 1   [ RunTime:0.0001s ]
NOTIC: [8] Undefined offset: 4 /mnt/wwwroot/yikang.mubantang.com/Application/Admin/Controller/EmployeeController.class.php 第 324 行.
SQL: SELECT COUNT(*) AS tp_count FROM yk_shop_order O LEFT JOIN yk_vip as V on O.vipid=V.id  WHERE V.pid = '556' AND O.status IN ('2','3','5') LIMIT 1   [ RunTime:0.0002s ]
SQL: SELECT SUM(payprice) AS tp_sum FROM yk_shop_order O LEFT JOIN yk_vip as V on O.vipid=V.id  WHERE V.pid = '556' AND O.status IN ('2','3','5') LIMIT 1   [ RunTime:0.0002s ]
SQL: SELECT `name` FROM `yk_vip_level` WHERE ( id=0 ) LIMIT 1   [ RunTime:0.0001s ]
NOTIC: [8] Undefined offset: 4 /mnt/wwwroot/yikang.mubantang.com/Application/Admin/Controller/EmployeeController.class.php 第 324 行.
SQL: SELECT COUNT(*) AS tp_count FROM yk_shop_order O LEFT JOIN yk_vip as V on O.vipid=V.id  WHERE V.pid = '557' AND O.status IN ('2','3','5') LIMIT 1   [ RunTime:0.0002s ]
SQL: SELECT SUM(payprice) AS tp_sum FROM yk_shop_order O LEFT JOIN yk_vip as V on O.vipid=V.id  WHERE V.pid = '557' AND O.status IN ('2','3','5') LIMIT 1   [ RunTime:0.0002s ]
SQL: SELECT `name` FROM `yk_vip_level` WHERE ( id=0 ) LIMIT 1   [ RunTime:0.0001s ]
NOTIC: [8] Undefined offset: 4 /mnt/wwwroot/yikang.mubantang.com/Application/Admin/Controller/EmployeeController.class.php 第 324 行.
SQL: SELECT COUNT(*) AS tp_count FROM yk_shop_order O LEFT JOIN yk_vip as V on O.vipid=V.id  WHERE V.pid = '558' AND O.status IN ('2','3','5') LIMIT 1   [ RunTime:0.0020s ]
SQL: SELECT SUM(payprice) AS tp_sum FROM yk_shop_order O LEFT JOIN yk_vip as V on O.vipid=V.id  WHERE V.pid = '558' AND O.status IN ('2','3','5') LIMIT 1   [ RunTime:0.0005s ]
SQL: SELECT `name` FROM `yk_vip_level` WHERE ( id=0 ) LIMIT 1   [ RunTime:0.0001s ]
NOTIC: [8] Undefined offset: 4 /mnt/wwwroot/yikang.mubantang.com/Application/Admin/Controller/EmployeeController.class.php 第 324 行.
SQL: SELECT COUNT(*) AS tp_count FROM yk_shop_order O LEFT JOIN yk_vip as V on O.vipid=V.id  WHERE V.pid = '559' AND O.status IN ('2','3','5') LIMIT 1   [ RunTime:0.0002s ]
SQL: SELECT SUM(payprice) AS tp_sum FROM yk_shop_order O LEFT JOIN yk_vip as V on O.vipid=V.id  WHERE V.pid = '559' AND O.status IN ('2','3','5') LIMIT 1   [ RunTime:0.0002s ]
SQL: SELECT `name` FROM `yk_vip_level` WHERE ( id=0 ) LIMIT 1   [ RunTime:0.0001s ]
NOTIC: [8] Undefined offset: 4 /mnt/wwwroot/yikang.mubantang.com/Application/Admin/Controller/EmployeeController.class.php 第 324 行.
SQL: SELECT COUNT(*) AS tp_count FROM yk_shop_order O LEFT JOIN yk_vip as V on O.vipid=V.id  WHERE V.pid = '560' AND O.status IN ('2','3','5') LIMIT 1   [ RunTime:0.0002s ]
SQL: SELECT SUM(payprice) AS tp_sum FROM yk_shop_order O LEFT JOIN yk_vip as V on O.vipid=V.id  WHERE V.pid = '560' AND O.status IN ('2','3','5') LIMIT 1   [ RunTime:0.0002s ]
SQL: SELECT `name` FROM `yk_vip_level` WHERE ( id=0 ) LIMIT 1   [ RunTime:0.0001s ]
NOTIC: [8] Undefined offset: 4 /mnt/wwwroot/yikang.mubantang.com/Application/Admin/Controller/EmployeeController.class.php 第 324 行.
SQL: SELECT COUNT(*) AS tp_count FROM yk_shop_order O LEFT JOIN yk_vip as V on O.vipid=V.id  WHERE V.pid = '561' AND O.status IN ('2','3','5') LIMIT 1   [ RunTime:0.0002s ]
SQL: SELECT SUM(payprice) AS tp_sum FROM yk_shop_order O LEFT JOIN yk_vip as V on O.vipid=V.id  WHERE V.pid = '561' AND O.status IN ('2','3','5') LIMIT 1   [ RunTime:0.0002s ]
SQL: SELECT `name` FROM `yk_vip_level` WHERE ( id=0 ) LIMIT 1   [ RunTime:0.0001s ]
NOTIC: [8] Undefined offset: 4 /mnt/wwwroot/yikang.mubantang.com/Application/Admin/Controller/EmployeeController.class.php 第 324 行.
SQL: SELECT COUNT(*) AS tp_count FROM yk_shop_order O LEFT JOIN yk_vip as V on O.vipid=V.id  WHERE V.pid = '562' AND O.status IN ('2','3','5') LIMIT 1   [ RunTime:0.0002s ]
SQL: SELECT SUM(payprice) AS tp_sum FROM yk_shop_order O LEFT JOIN yk_vip as V on O.vipid=V.id  WHERE V.pid = '562' AND O.status IN ('2','3','5') LIMIT 1   [ RunTime:0.0002s ]
SQL: SELECT `name` FROM `yk_vip_level` WHERE ( id=0 ) LIMIT 1   [ RunTime:0.0001s ]
NOTIC: [8] Undefined offset: 4 /mnt/wwwroot/yikang.mubantang.com/Application/Admin/Controller/EmployeeController.class.php 第 324 行.
SQL: SELECT COUNT(*) AS tp_count FROM yk_shop_order O LEFT JOIN yk_vip as V on O.vipid=V.id  WHERE V.pid = '563' AND O.status IN ('2','3','5') LIMIT 1   [ RunTime:0.0002s ]
SQL: SELECT SUM(payprice) AS tp_sum FROM yk_shop_order O LEFT JOIN yk_vip as V on O.vipid=V.id  WHERE V.pid = '563' AND O.status IN ('2','3','5') LIMIT 1   [ RunTime:0.0003s ]
SQL: SELECT COUNT(*) AS tp_count FROM `yk_vip` WHERE `employee` = 4 AND `is_system` = 1 LIMIT 1   [ RunTime:0.0021s ]
NOTIC: [2] Missing argument 6 for Admin\Controller\BaseController::getPage(), called in /mnt/wwwroot/yikang.mubantang.com/Application/Admin/Controller/EmployeeController.class.php on line 347 and defined /mnt/wwwroot/yikang.mubantang.com/Application/Admin/Controller/BaseController.class.php 第 91 行.
NOTIC: [8] Undefined variable: map /mnt/wwwroot/yikang.mubantang.com/Application/Admin/Controller/BaseController.class.php 第 103 行.
INFO: [ view_parse ] --START--
INFO: [ template_filter ] --START--
INFO: Run Behavior\ContentReplaceBehavior [ RunTime:0.000034s ]
INFO: [ template_filter ] --END-- [ RunTime:-0.103762s ]
INFO: Run Behavior\ParseTemplateBehavior [ RunTime:0.006481s ]
INFO: [ view_parse ] --END-- [ RunTime:-0.098216s ]
INFO: [ view_filter ] --START--
INFO: Run Behavior\WriteHtmlCacheBehavior [ RunTime:0.000010s ]
INFO: [ view_filter ] --END-- [ RunTime:-0.104563s ]
INFO: [ app_end ] --START--
INFO: Run Behavior\ShowPageTraceBehavior [ RunTime:0.000403s ]
INFO: [ app_end ] --END-- [ RunTime:0.000440s ]

