[ 2017-08-29T07:42:47+08:00 ] 183.232.90.38 /
INFO: [ app_init ] --START--
INFO: Run Behavior\BuildLiteBehavior [ RunTime:0.000013s ]
INFO: [ app_init ] --END-- [ RunTime:0.000266s ]
INFO: [ app_begin ] --START--
INFO: Run Behavior\ReadHtmlCacheBehavior [ RunTime:0.000406s ]
INFO: [ app_begin ] --END-- [ RunTime:0.000465s ]
SQL: SHOW COLUMNS FROM `yk_set` [ RunTime:0.0006s ]
SQL: SELECT * FROM `yk_set` LIMIT 1   [ RunTime:0.0001s ]
SQL: SHOW COLUMNS FROM `yk_cms_set` [ RunTime:0.0027s ]
SQL: SELECT * FROM `yk_cms_set` LIMIT 1   [ RunTime:0.0105s ]
SQL: SHOW COLUMNS FROM `yk_shop_set` [ RunTime:0.0011s ]
SQL: SELECT * FROM `yk_shop_set` LIMIT 1   [ RunTime:0.0002s ]

[ 2017-08-29T07:42:47+08:00 ] 163.177.94.120 /
INFO: [ app_init ] --START--
INFO: Run Behavior\BuildLiteBehavior [ RunTime:0.000011s ]
INFO: [ app_init ] --END-- [ RunTime:0.000290s ]
INFO: [ app_begin ] --START--
INFO: Run Behavior\ReadHtmlCacheBehavior [ RunTime:0.000431s ]
INFO: [ app_begin ] --END-- [ RunTime:0.000470s ]
SQL: SHOW COLUMNS FROM `yk_set` [ RunTime:0.0005s ]
SQL: SELECT * FROM `yk_set` LIMIT 1   [ RunTime:0.0001s ]
SQL: SHOW COLUMNS FROM `yk_cms_set` [ RunTime:0.0004s ]
SQL: SELECT * FROM `yk_cms_set` LIMIT 1   [ RunTime:0.0001s ]
SQL: SHOW COLUMNS FROM `yk_shop_set` [ RunTime:0.0007s ]
SQL: SELECT * FROM `yk_shop_set` LIMIT 1   [ RunTime:0.0001s ]

[ 2017-08-29T08:10:18+08:00 ] 163.177.13.2 /
INFO: [ app_init ] --START--
INFO: Run Behavior\BuildLiteBehavior [ RunTime:0.000013s ]
INFO: [ app_init ] --END-- [ RunTime:0.000282s ]
INFO: [ app_begin ] --START--
INFO: Run Behavior\ReadHtmlCacheBehavior [ RunTime:0.000328s ]
INFO: [ app_begin ] --END-- [ RunTime:0.000367s ]
SQL: SHOW COLUMNS FROM `yk_set` [ RunTime:0.0008s ]
SQL: SELECT * FROM `yk_set` LIMIT 1   [ RunTime:0.0002s ]
SQL: SHOW COLUMNS FROM `yk_cms_set` [ RunTime:0.0004s ]
SQL: SELECT * FROM `yk_cms_set` LIMIT 1   [ RunTime:0.0001s ]
SQL: SHOW COLUMNS FROM `yk_shop_set` [ RunTime:0.0008s ]
SQL: SELECT * FROM `yk_shop_set` LIMIT 1   [ RunTime:0.0001s ]

[ 2017-08-29T08:36:37+08:00 ] 120.198.202.48 /
INFO: [ app_init ] --START--
INFO: Run Behavior\BuildLiteBehavior [ RunTime:0.000036s ]
INFO: [ app_init ] --END-- [ RunTime:0.000317s ]
INFO: [ app_begin ] --START--
INFO: Run Behavior\ReadHtmlCacheBehavior [ RunTime:0.000348s ]
INFO: [ app_begin ] --END-- [ RunTime:0.000387s ]
SQL: SHOW COLUMNS FROM `yk_set` [ RunTime:0.0062s ]
SQL: SELECT * FROM `yk_set` LIMIT 1   [ RunTime:0.0001s ]
SQL: SHOW COLUMNS FROM `yk_cms_set` [ RunTime:0.0005s ]
SQL: SELECT * FROM `yk_cms_set` LIMIT 1   [ RunTime:0.0001s ]
SQL: SHOW COLUMNS FROM `yk_shop_set` [ RunTime:0.0009s ]
SQL: SELECT * FROM `yk_shop_set` LIMIT 1   [ RunTime:0.0001s ]

[ 2017-08-29T08:36:37+08:00 ] 163.177.93.241 /
INFO: [ app_init ] --START--
INFO: Run Behavior\BuildLiteBehavior [ RunTime:0.000011s ]
INFO: [ app_init ] --END-- [ RunTime:0.000255s ]
INFO: [ app_begin ] --START--
INFO: Run Behavior\ReadHtmlCacheBehavior [ RunTime:0.003869s ]
INFO: [ app_begin ] --END-- [ RunTime:0.003910s ]
SQL: SHOW COLUMNS FROM `yk_set` [ RunTime:0.0005s ]
SQL: SELECT * FROM `yk_set` LIMIT 1   [ RunTime:0.0001s ]
SQL: SHOW COLUMNS FROM `yk_cms_set` [ RunTime:0.0003s ]
SQL: SELECT * FROM `yk_cms_set` LIMIT 1   [ RunTime:0.0001s ]
SQL: SHOW COLUMNS FROM `yk_shop_set` [ RunTime:0.0007s ]
SQL: SELECT * FROM `yk_shop_set` LIMIT 1   [ RunTime:0.0001s ]

[ 2017-08-29T08:40:27+08:00 ] 116.1.20.12 /admin
INFO: [ app_init ] --START--
INFO: Run Behavior\BuildLiteBehavior [ RunTime:0.000012s ]
INFO: [ app_init ] --END-- [ RunTime:0.000259s ]
INFO: [ app_begin ] --START--
INFO: Run Behavior\ReadHtmlCacheBehavior [ RunTime:0.000345s ]
INFO: [ app_begin ] --END-- [ RunTime:0.000383s ]
SQL: SHOW COLUMNS FROM `yk_set` [ RunTime:0.0007s ]
SQL: SELECT * FROM `yk_set` LIMIT 1   [ RunTime:0.0001s ]
SQL: SHOW COLUMNS FROM `yk_cms_set` [ RunTime:0.0004s ]
SQL: SELECT * FROM `yk_cms_set` LIMIT 1   [ RunTime:0.0001s ]
SQL: SHOW COLUMNS FROM `yk_shop_set` [ RunTime:0.0007s ]
SQL: SELECT * FROM `yk_shop_set` LIMIT 1   [ RunTime:0.0002s ]

[ 2017-08-29T08:40:27+08:00 ] 116.1.20.12 /Admin/Public/login
INFO: [ app_init ] --START--
INFO: Run Behavior\BuildLiteBehavior [ RunTime:0.000012s ]
INFO: [ app_init ] --END-- [ RunTime:0.000264s ]
INFO: [ app_begin ] --START--
INFO: Run Behavior\ReadHtmlCacheBehavior [ RunTime:0.000329s ]
INFO: [ app_begin ] --END-- [ RunTime:0.000368s ]
SQL: SHOW COLUMNS FROM `yk_set` [ RunTime:0.0007s ]
SQL: SELECT * FROM `yk_set` LIMIT 1   [ RunTime:0.0001s ]
SQL: SHOW COLUMNS FROM `yk_cms_set` [ RunTime:0.0004s ]
SQL: SELECT * FROM `yk_cms_set` LIMIT 1   [ RunTime:0.0001s ]
SQL: SHOW COLUMNS FROM `yk_shop_set` [ RunTime:0.0007s ]
SQL: SELECT * FROM `yk_shop_set` LIMIT 1   [ RunTime:0.0001s ]
INFO: [ view_parse ] --START--
INFO: [ template_filter ] --START--
INFO: Run Behavior\ContentReplaceBehavior [ RunTime:0.000051s ]
INFO: [ template_filter ] --END-- [ RunTime:0.000101s ]
INFO: Run Behavior\ParseTemplateBehavior [ RunTime:0.017726s ]
INFO: [ view_parse ] --END-- [ RunTime:0.017766s ]
INFO: [ view_filter ] --START--
INFO: Run Behavior\WriteHtmlCacheBehavior [ RunTime:0.000122s ]
INFO: [ view_filter ] --END-- [ RunTime:0.000154s ]
INFO: [ app_end ] --START--
INFO: Run Behavior\ShowPageTraceBehavior [ RunTime:0.000388s ]
INFO: [ app_end ] --END-- [ RunTime:0.000422s ]

[ 2017-08-29T08:40:27+08:00 ] 116.1.20.12 /Admin/Public/verify
INFO: [ app_init ] --START--
INFO: Run Behavior\BuildLiteBehavior [ RunTime:0.000014s ]
INFO: [ app_init ] --END-- [ RunTime:0.000298s ]
INFO: [ app_begin ] --START--
INFO: Run Behavior\ReadHtmlCacheBehavior [ RunTime:0.000328s ]
INFO: [ app_begin ] --END-- [ RunTime:0.000366s ]
SQL: SHOW COLUMNS FROM `yk_set` [ RunTime:0.0007s ]
SQL: SELECT * FROM `yk_set` LIMIT 1   [ RunTime:0.0002s ]
SQL: SHOW COLUMNS FROM `yk_cms_set` [ RunTime:0.0004s ]
SQL: SELECT * FROM `yk_cms_set` LIMIT 1   [ RunTime:0.0001s ]
SQL: SHOW COLUMNS FROM `yk_shop_set` [ RunTime:0.0007s ]
SQL: SELECT * FROM `yk_shop_set` LIMIT 1   [ RunTime:0.0002s ]
INFO: [ app_end ] --START--
INFO: Run Behavior\ShowPageTraceBehavior [ RunTime:0.000392s ]
INFO: [ app_end ] --END-- [ RunTime:0.000438s ]

[ 2017-08-29T08:40:39+08:00 ] 116.1.20.12 /Admin/Public/login
INFO: [ app_init ] --START--
INFO: Run Behavior\BuildLiteBehavior [ RunTime:0.000017s ]
INFO: [ app_init ] --END-- [ RunTime:0.000368s ]
INFO: [ app_begin ] --START--
INFO: Run Behavior\ReadHtmlCacheBehavior [ RunTime:0.000500s ]
INFO: [ app_begin ] --END-- [ RunTime:0.000561s ]
SQL: SHOW COLUMNS FROM `yk_set` [ RunTime:0.0007s ]
SQL: SELECT * FROM `yk_set` LIMIT 1   [ RunTime:0.0001s ]
SQL: SHOW COLUMNS FROM `yk_cms_set` [ RunTime:0.0004s ]
SQL: SELECT * FROM `yk_cms_set` LIMIT 1   [ RunTime:0.0001s ]
SQL: SHOW COLUMNS FROM `yk_shop_set` [ RunTime:0.0007s ]
SQL: SELECT * FROM `yk_shop_set` LIMIT 1   [ RunTime:0.0001s ]
SQL: SHOW COLUMNS FROM `yk_user` [ RunTime:0.0029s ]
SQL: SELECT * FROM `yk_user` WHERE `username` = 'admin' AND `userpass` = 'f379eaf3c831b04de153469d1bec345e' LIMIT 1   [ RunTime:0.0009s ]
SQL: SHOW COLUMNS FROM `yk_employee` [ RunTime:0.0004s ]
SQL: SELECT * FROM `yk_employee` WHERE `username` = 'admin' AND `userpass` = 'f379eaf3c831b04de153469d1bec345e' LIMIT 1   [ RunTime:0.0001s ]

[ 2017-08-29T08:40:39+08:00 ] 116.1.20.12 /Admin/Index/index
INFO: [ app_init ] --START--
INFO: Run Behavior\BuildLiteBehavior [ RunTime:0.000015s ]
INFO: [ app_init ] --END-- [ RunTime:0.000291s ]
INFO: [ app_begin ] --START--
INFO: Run Behavior\ReadHtmlCacheBehavior [ RunTime:0.000332s ]
INFO: [ app_begin ] --END-- [ RunTime:0.000372s ]
SQL: SHOW COLUMNS FROM `yk_set` [ RunTime:0.0007s ]
SQL: SELECT * FROM `yk_set` LIMIT 1   [ RunTime:0.0002s ]
SQL: SHOW COLUMNS FROM `yk_cms_set` [ RunTime:0.0004s ]
SQL: SELECT * FROM `yk_cms_set` LIMIT 1   [ RunTime:0.0001s ]
SQL: SHOW COLUMNS FROM `yk_shop_set` [ RunTime:0.0008s ]
SQL: SELECT * FROM `yk_shop_set` LIMIT 1   [ RunTime:0.0001s ]
SQL: SHOW COLUMNS FROM `yk_user_oath` [ RunTime:0.0182s ]
SQL: SELECT * FROM `yk_user_oath`  [ RunTime:0.0010s ]
INFO: [ view_parse ] --START--
INFO: [ template_filter ] --START--
INFO: Run Behavior\ContentReplaceBehavior [ RunTime:0.000143s ]
INFO: [ template_filter ] --END-- [ RunTime:0.000209s ]
INFO: Run Behavior\ParseTemplateBehavior [ RunTime:0.084372s ]
INFO: [ view_parse ] --END-- [ RunTime:0.084414s ]
INFO: [ view_filter ] --START--
INFO: Run Behavior\WriteHtmlCacheBehavior [ RunTime:0.000144s ]
INFO: [ view_filter ] --END-- [ RunTime:0.000177s ]
INFO: [ app_end ] --START--
INFO: Run Behavior\ShowPageTraceBehavior [ RunTime:0.000364s ]
INFO: [ app_end ] --END-- [ RunTime:0.000406s ]

[ 2017-08-29T08:40:41+08:00 ] 116.1.20.12 /Admin/Index/main
INFO: [ app_init ] --START--
INFO: Run Behavior\BuildLiteBehavior [ RunTime:0.000013s ]
INFO: [ app_init ] --END-- [ RunTime:0.000286s ]
INFO: [ app_begin ] --START--
INFO: Run Behavior\ReadHtmlCacheBehavior [ RunTime:0.000328s ]
INFO: [ app_begin ] --END-- [ RunTime:0.000364s ]
SQL: SHOW COLUMNS FROM `yk_set` [ RunTime:0.0007s ]
SQL: SELECT * FROM `yk_set` LIMIT 1   [ RunTime:0.0001s ]
SQL: SHOW COLUMNS FROM `yk_cms_set` [ RunTime:0.0004s ]
SQL: SELECT * FROM `yk_cms_set` LIMIT 1   [ RunTime:0.0001s ]
SQL: SHOW COLUMNS FROM `yk_shop_set` [ RunTime:0.0007s ]
SQL: SELECT * FROM `yk_shop_set` LIMIT 1   [ RunTime:0.0001s ]
INFO: [ view_parse ] --START--
INFO: [ template_filter ] --START--
INFO: Run Behavior\ContentReplaceBehavior [ RunTime:0.000056s ]
INFO: [ template_filter ] --END-- [ RunTime:0.000134s ]
INFO: Run Behavior\ParseTemplateBehavior [ RunTime:0.022170s ]
INFO: [ view_parse ] --END-- [ RunTime:0.022222s ]
INFO: [ view_filter ] --START--
INFO: Run Behavior\WriteHtmlCacheBehavior [ RunTime:0.000177s ]
INFO: [ view_filter ] --END-- [ RunTime:0.000225s ]
SQL: SHOW COLUMNS FROM `yk_vip` [ RunTime:0.0020s ]
SQL: SELECT COUNT(*) AS tp_count FROM `yk_vip` LIMIT 1   [ RunTime:0.0001s ]
SQL: SELECT COUNT(*) AS tp_count FROM `yk_vip` WHERE ( subscribe=1 ) LIMIT 1   [ RunTime:0.0048s ]
SQL: SELECT COUNT(*) AS tp_count FROM `yk_vip` WHERE `ctime` BETWEEN 1503936000 AND 1504022399 LIMIT 1   [ RunTime:0.0045s ]
SQL: SELECT COUNT(*) AS tp_count FROM `yk_vip` WHERE `ctime` BETWEEN 1503849600 AND 1503935999 LIMIT 1   [ RunTime:0.0047s ]
SQL: SHOW COLUMNS FROM `yk_shop_order` [ RunTime:0.0016s ]
SQL: SELECT COUNT(*) AS tp_count FROM `yk_shop_order` LIMIT 1   [ RunTime:0.0001s ]
SQL: SELECT COUNT(*) AS tp_count FROM `yk_shop_order` WHERE ( status=0 ) LIMIT 1   [ RunTime:0.1915s ]
SQL: SELECT COUNT(*) AS tp_count FROM `yk_shop_order` WHERE ( status=1 ) LIMIT 1   [ RunTime:0.0009s ]
SQL: SELECT COUNT(*) AS tp_count FROM `yk_shop_order` WHERE ( status=2 ) LIMIT 1   [ RunTime:0.0007s ]
SQL: SELECT COUNT(*) AS tp_count FROM `yk_shop_order` WHERE ( status=3 ) LIMIT 1   [ RunTime:0.0007s ]
SQL: SELECT COUNT(*) AS tp_count FROM `yk_shop_order` WHERE ( status=4 ) LIMIT 1   [ RunTime:0.0007s ]
SQL: SELECT COUNT(*) AS tp_count FROM `yk_shop_order` WHERE ( status=5 ) LIMIT 1   [ RunTime:0.0007s ]
SQL: SELECT COUNT(*) AS tp_count FROM `yk_shop_order` WHERE ( status=6 ) LIMIT 1   [ RunTime:0.0008s ]
SQL: SELECT COUNT(*) AS tp_count FROM `yk_shop_order` WHERE `ctime` BETWEEN 1503936000 AND 1504022399 LIMIT 1   [ RunTime:0.0007s ]
SQL: SELECT COUNT(*) AS tp_count FROM `yk_shop_order` WHERE `ctime` BETWEEN 1503849600 AND 1503935999 LIMIT 1   [ RunTime:0.0007s ]
SQL: SHOW COLUMNS FROM `yk_fx_syslog` [ RunTime:0.0133s ]
SQL: SELECT SUM(fxyj) AS tp_sum FROM `yk_fx_syslog` LIMIT 1   [ RunTime:0.0012s ]
SQL: SELECT SUM(fxyj) AS tp_sum FROM `yk_fx_syslog` WHERE `ctime` BETWEEN 1503936000 AND 1504022399 LIMIT 1   [ RunTime:0.0001s ]
SQL: SELECT SUM(fxyj) AS tp_sum FROM `yk_fx_syslog` WHERE `ctime` BETWEEN 1503849600 AND 1503935999 LIMIT 1   [ RunTime:0.0002s ]
SQL: SELECT COUNT(*) AS tp_count FROM `yk_vip` WHERE `isfx` = 0 AND `isfxgd` = 0 LIMIT 1   [ RunTime:0.0048s ]
SQL: SELECT COUNT(*) AS tp_count FROM `yk_vip` WHERE `isfx` = 1 AND `isfxgd` = 0 LIMIT 1   [ RunTime:0.0047s ]
SQL: SELECT COUNT(*) AS tp_count FROM `yk_vip` WHERE ( isfxgd=1 ) LIMIT 1   [ RunTime:0.0044s ]
SQL: SHOW COLUMNS FROM `yk_vip_log_sub` [ RunTime:0.0004s ]
SQL: SELECT * FROM `yk_vip_log_sub` ORDER BY ctime desc LIMIT 5   [ RunTime:0.0006s ]
SQL: SELECT * FROM `yk_vip` WHERE ( id=6354 ) LIMIT 1   [ RunTime:0.0002s ]
SQL: SELECT * FROM `yk_vip` WHERE ( id=6347 ) LIMIT 1   [ RunTime:0.0002s ]
SQL: SELECT * FROM `yk_vip` WHERE ( id=6268 ) LIMIT 1   [ RunTime:0.0002s ]
SQL: SELECT * FROM `yk_vip` WHERE ( id=6346 ) LIMIT 1   [ RunTime:0.0002s ]
SQL: SELECT * FROM `yk_vip` WHERE ( id=6330 ) LIMIT 1   [ RunTime:0.0002s ]
SQL: SELECT * FROM `yk_fx_syslog` ORDER BY ctime desc LIMIT 5   [ RunTime:0.0001s ]
SQL: SELECT * FROM `yk_vip` WHERE ( id=5839 ) LIMIT 1   [ RunTime:0.0002s ]
SQL: SELECT * FROM `yk_vip` WHERE ( id=5936 ) LIMIT 1   [ RunTime:0.0002s ]
SQL: SELECT * FROM `yk_vip` WHERE ( id=6140 ) LIMIT 1   [ RunTime:0.0002s ]
SQL: SELECT * FROM `yk_vip` WHERE ( id=6109 ) LIMIT 1   [ RunTime:0.0002s ]
SQL: SELECT * FROM `yk_vip` WHERE ( id=5943 ) LIMIT 1   [ RunTime:0.0002s ]
SQL: SHOW COLUMNS FROM `yk_fx_log_tj` [ RunTime:0.0023s ]
SQL: SELECT * FROM `yk_fx_log_tj` ORDER BY ctime desc LIMIT 5   [ RunTime:0.0001s ]
SQL: SELECT * FROM `yk_shop_order` WHERE `ispay` = 1 AND `status` = 2 ORDER BY ctime desc LIMIT 5   [ RunTime:0.0008s ]
SQL: SELECT * FROM `yk_vip` WHERE ( id=149 ) LIMIT 1   [ RunTime:0.0002s ]
SQL: SELECT * FROM `yk_vip` WHERE ( id=49 ) LIMIT 1   [ RunTime:0.0002s ]
SQL: SELECT * FROM `yk_vip` WHERE ( id=49 ) LIMIT 1   [ RunTime:0.0002s ]
SQL: SELECT * FROM `yk_vip` WHERE ( id=149 ) LIMIT 1   [ RunTime:0.0002s ]
SQL: SELECT * FROM `yk_vip` WHERE ( id=3808 ) LIMIT 1   [ RunTime:0.0002s ]
SQL: SELECT SUM(totalprice) AS tp_sum FROM `yk_shop_order` WHERE `ispay` = 1 LIMIT 1   [ RunTime:0.0007s ]
SQL: SELECT SUM(totalprice) AS tp_sum FROM `yk_shop_order` WHERE `status` = 5 LIMIT 1   [ RunTime:0.0007s ]
SQL: SELECT SUM(totalnum) AS tp_sum FROM `yk_shop_order` WHERE `ispay` = 1 LIMIT 1   [ RunTime:0.0007s ]
SQL: SHOW COLUMNS FROM `yk_vip_tx` [ RunTime:0.0026s ]
SQL: SELECT SUM(txprice) AS tp_sum FROM `yk_vip_tx` WHERE `status` = 2 LIMIT 1   [ RunTime:0.0001s ]
INFO: [ view_parse ] --START--
INFO: [ template_filter ] --START--
INFO: Run Behavior\ContentReplaceBehavior [ RunTime:0.000081s ]
INFO: [ template_filter ] --END-- [ RunTime:-0.282543s ]
INFO: Run Behavior\ParseTemplateBehavior [ RunTime:0.021008s ]
INFO: [ view_parse ] --END-- [ RunTime:-0.263639s ]
INFO: [ view_filter ] --START--
INFO: Run Behavior\WriteHtmlCacheBehavior [ RunTime:0.000010s ]
INFO: [ view_filter ] --END-- [ RunTime:-0.284453s ]
INFO: [ app_end ] --START--
INFO: Run Behavior\ShowPageTraceBehavior [ RunTime:0.000394s ]
INFO: [ app_end ] --END-- [ RunTime:0.000433s ]

[ 2017-08-29T08:40:44+08:00 ] 116.1.20.12 /Admin/Shop/order/status/9
INFO: [ app_init ] --START--
INFO: Run Behavior\BuildLiteBehavior [ RunTime:0.000013s ]
INFO: [ app_init ] --END-- [ RunTime:0.000258s ]
INFO: [ app_begin ] --START--
INFO: Run Behavior\ReadHtmlCacheBehavior [ RunTime:0.000358s ]
INFO: [ app_begin ] --END-- [ RunTime:0.000393s ]
SQL: SHOW COLUMNS FROM `yk_set` [ RunTime:0.0007s ]
SQL: SELECT * FROM `yk_set` LIMIT 1   [ RunTime:0.0001s ]
SQL: SHOW COLUMNS FROM `yk_cms_set` [ RunTime:0.0004s ]
SQL: SELECT * FROM `yk_cms_set` LIMIT 1   [ RunTime:0.0001s ]
SQL: SHOW COLUMNS FROM `yk_shop_set` [ RunTime:0.0007s ]
SQL: SELECT * FROM `yk_shop_set` LIMIT 1   [ RunTime:0.0001s ]
SQL: SELECT * FROM `yk_shop_set` LIMIT 1   [ RunTime:0.0001s ]
SQL: SHOW COLUMNS FROM `yk_vip_set` [ RunTime:0.0006s ]
SQL: SELECT * FROM `yk_vip_set` LIMIT 1   [ RunTime:0.0001s ]
INFO: [ view_parse ] --START--
INFO: [ template_filter ] --START--
INFO: Run Behavior\ContentReplaceBehavior [ RunTime:0.000038s ]
INFO: [ template_filter ] --END-- [ RunTime:0.000085s ]
INFO: Run Behavior\ParseTemplateBehavior [ RunTime:0.004933s ]
INFO: [ view_parse ] --END-- [ RunTime:0.004969s ]
INFO: [ view_filter ] --START--
INFO: Run Behavior\WriteHtmlCacheBehavior [ RunTime:0.000144s ]
INFO: [ view_filter ] --END-- [ RunTime:0.000175s ]
SQL: SHOW COLUMNS FROM `yk_shop_order` [ RunTime:0.0010s ]
SQL: SELECT * FROM `yk_shop_order` WHERE `ctime` >= 1503936000 ORDER BY ctime desc LIMIT 0,20   [ RunTime:0.0008s ]
SQL: SELECT COUNT(*) AS tp_count FROM `yk_shop_order` WHERE `ctime` >= 1503936000 LIMIT 1   [ RunTime:0.0007s ]
INFO: [ view_parse ] --START--
INFO: [ template_filter ] --START--
INFO: Run Behavior\ContentReplaceBehavior [ RunTime:0.000064s ]
INFO: [ template_filter ] --END-- [ RunTime:-0.042962s ]
INFO: Run Behavior\ParseTemplateBehavior [ RunTime:0.022930s ]
INFO: [ view_parse ] --END-- [ RunTime:-0.021978s ]
INFO: [ view_filter ] --START--
INFO: Run Behavior\WriteHtmlCacheBehavior [ RunTime:0.000010s ]
INFO: [ view_filter ] --END-- [ RunTime:-0.044776s ]
INFO: [ app_end ] --START--
INFO: Run Behavior\ShowPageTraceBehavior [ RunTime:0.000401s ]
INFO: [ app_end ] --END-- [ RunTime:0.000440s ]

[ 2017-08-29T09:58:28+08:00 ] 140.207.63.103 /
INFO: [ app_init ] --START--
INFO: Run Behavior\BuildLiteBehavior [ RunTime:0.000019s ]
INFO: [ app_init ] --END-- [ RunTime:0.000426s ]
INFO: [ app_begin ] --START--
INFO: Run Behavior\ReadHtmlCacheBehavior [ RunTime:0.000356s ]
INFO: [ app_begin ] --END-- [ RunTime:0.000396s ]
SQL: SHOW COLUMNS FROM `yk_set` [ RunTime:0.0009s ]
SQL: SELECT * FROM `yk_set` LIMIT 1   [ RunTime:0.0001s ]
SQL: SHOW COLUMNS FROM `yk_cms_set` [ RunTime:0.0005s ]
SQL: SELECT * FROM `yk_cms_set` LIMIT 1   [ RunTime:0.0001s ]
SQL: SHOW COLUMNS FROM `yk_shop_set` [ RunTime:0.0008s ]
SQL: SELECT * FROM `yk_shop_set` LIMIT 1   [ RunTime:0.0001s ]

[ 2017-08-29T09:58:38+08:00 ] 117.185.27.146 /
INFO: [ app_init ] --START--
INFO: Run Behavior\BuildLiteBehavior [ RunTime:0.000012s ]
INFO: [ app_init ] --END-- [ RunTime:0.000261s ]
INFO: [ app_begin ] --START--
INFO: Run Behavior\ReadHtmlCacheBehavior [ RunTime:0.000604s ]
INFO: [ app_begin ] --END-- [ RunTime:0.000668s ]
SQL: SHOW COLUMNS FROM `yk_set` [ RunTime:0.0008s ]
SQL: SELECT * FROM `yk_set` LIMIT 1   [ RunTime:0.0001s ]
SQL: SHOW COLUMNS FROM `yk_cms_set` [ RunTime:0.0004s ]
SQL: SELECT * FROM `yk_cms_set` LIMIT 1   [ RunTime:0.0001s ]
SQL: SHOW COLUMNS FROM `yk_shop_set` [ RunTime:0.0008s ]
SQL: SELECT * FROM `yk_shop_set` LIMIT 1   [ RunTime:0.0001s ]

[ 2017-08-29T10:15:20+08:00 ] 223.73.196.110 /Admin/Public/login
INFO: [ app_init ] --START--
INFO: Run Behavior\BuildLiteBehavior [ RunTime:0.000016s ]
INFO: [ app_init ] --END-- [ RunTime:0.000277s ]
INFO: [ app_begin ] --START--
INFO: Run Behavior\ReadHtmlCacheBehavior [ RunTime:0.000334s ]
INFO: [ app_begin ] --END-- [ RunTime:0.000373s ]
SQL: SHOW COLUMNS FROM `yk_set` [ RunTime:0.0008s ]
SQL: SELECT * FROM `yk_set` LIMIT 1   [ RunTime:0.0001s ]
SQL: SHOW COLUMNS FROM `yk_cms_set` [ RunTime:0.0004s ]
SQL: SELECT * FROM `yk_cms_set` LIMIT 1   [ RunTime:0.0001s ]
SQL: SHOW COLUMNS FROM `yk_shop_set` [ RunTime:0.0008s ]
SQL: SELECT * FROM `yk_shop_set` LIMIT 1   [ RunTime:0.0004s ]
INFO: [ view_parse ] --START--
INFO: [ template_filter ] --START--
INFO: Run Behavior\ContentReplaceBehavior [ RunTime:0.000091s ]
INFO: [ template_filter ] --END-- [ RunTime:0.000134s ]
INFO: Run Behavior\ParseTemplateBehavior [ RunTime:0.035108s ]
INFO: [ view_parse ] --END-- [ RunTime:0.035148s ]
INFO: [ view_filter ] --START--
INFO: Run Behavior\WriteHtmlCacheBehavior [ RunTime:0.000126s ]
INFO: [ view_filter ] --END-- [ RunTime:0.000181s ]
INFO: [ app_end ] --START--
INFO: Run Behavior\ShowPageTraceBehavior [ RunTime:0.000367s ]
INFO: [ app_end ] --END-- [ RunTime:0.000401s ]

[ 2017-08-29T10:15:20+08:00 ] 223.73.196.110 /Admin/Public/verify
INFO: [ app_init ] --START--
INFO: Run Behavior\BuildLiteBehavior [ RunTime:0.000017s ]
INFO: [ app_init ] --END-- [ RunTime:0.000294s ]
INFO: [ app_begin ] --START--
INFO: Run Behavior\ReadHtmlCacheBehavior [ RunTime:0.000349s ]
INFO: [ app_begin ] --END-- [ RunTime:0.000388s ]
SQL: SHOW COLUMNS FROM `yk_set` [ RunTime:0.0008s ]
SQL: SELECT * FROM `yk_set` LIMIT 1   [ RunTime:0.0002s ]
SQL: SHOW COLUMNS FROM `yk_cms_set` [ RunTime:0.0004s ]
SQL: SELECT * FROM `yk_cms_set` LIMIT 1   [ RunTime:0.0001s ]
SQL: SHOW COLUMNS FROM `yk_shop_set` [ RunTime:0.0008s ]
SQL: SELECT * FROM `yk_shop_set` LIMIT 1   [ RunTime:0.0002s ]
INFO: [ app_end ] --START--
INFO: Run Behavior\ShowPageTraceBehavior [ RunTime:0.000399s ]
INFO: [ app_end ] --END-- [ RunTime:0.000445s ]

[ 2017-08-29T10:15:31+08:00 ] 223.73.196.110 /Admin/Public/login
INFO: [ app_init ] --START--
INFO: Run Behavior\BuildLiteBehavior [ RunTime:0.000012s ]
INFO: [ app_init ] --END-- [ RunTime:0.000259s ]
INFO: [ app_begin ] --START--
INFO: Run Behavior\ReadHtmlCacheBehavior [ RunTime:0.000336s ]
INFO: [ app_begin ] --END-- [ RunTime:0.000375s ]
SQL: SHOW COLUMNS FROM `yk_set` [ RunTime:0.0007s ]
SQL: SELECT * FROM `yk_set` LIMIT 1   [ RunTime:0.0001s ]
SQL: SHOW COLUMNS FROM `yk_cms_set` [ RunTime:0.0004s ]
SQL: SELECT * FROM `yk_cms_set` LIMIT 1   [ RunTime:0.0001s ]
SQL: SHOW COLUMNS FROM `yk_shop_set` [ RunTime:0.0007s ]
SQL: SELECT * FROM `yk_shop_set` LIMIT 1   [ RunTime:0.0002s ]
SQL: SHOW COLUMNS FROM `yk_user` [ RunTime:0.0006s ]
SQL: SELECT * FROM `yk_user` WHERE `username` = 'admin' AND `userpass` = 'f379eaf3c831b04de153469d1bec345e' LIMIT 1   [ RunTime:0.0002s ]
SQL: SHOW COLUMNS FROM `yk_employee` [ RunTime:0.0005s ]
SQL: SELECT * FROM `yk_employee` WHERE `username` = 'admin' AND `userpass` = 'f379eaf3c831b04de153469d1bec345e' LIMIT 1   [ RunTime:0.0001s ]

[ 2017-08-29T10:15:31+08:00 ] 223.73.196.110 /Admin/Index/index
INFO: [ app_init ] --START--
INFO: Run Behavior\BuildLiteBehavior [ RunTime:0.000011s ]
INFO: [ app_init ] --END-- [ RunTime:0.000256s ]
INFO: [ app_begin ] --START--
INFO: Run Behavior\ReadHtmlCacheBehavior [ RunTime:0.000356s ]
INFO: [ app_begin ] --END-- [ RunTime:0.000394s ]
SQL: SHOW COLUMNS FROM `yk_set` [ RunTime:0.0007s ]
SQL: SELECT * FROM `yk_set` LIMIT 1   [ RunTime:0.0002s ]
SQL: SHOW COLUMNS FROM `yk_cms_set` [ RunTime:0.0004s ]
SQL: SELECT * FROM `yk_cms_set` LIMIT 1   [ RunTime:0.0001s ]
SQL: SHOW COLUMNS FROM `yk_shop_set` [ RunTime:0.0007s ]
SQL: SELECT * FROM `yk_shop_set` LIMIT 1   [ RunTime:0.0001s ]
SQL: SHOW COLUMNS FROM `yk_user_oath` [ RunTime:0.0004s ]
SQL: SELECT * FROM `yk_user_oath`  [ RunTime:0.0001s ]
INFO: [ view_parse ] --START--
INFO: [ template_filter ] --START--
INFO: Run Behavior\ContentReplaceBehavior [ RunTime:0.000130s ]
INFO: [ template_filter ] --END-- [ RunTime:0.000178s ]
INFO: Run Behavior\ParseTemplateBehavior [ RunTime:0.023676s ]
INFO: [ view_parse ] --END-- [ RunTime:0.023714s ]
INFO: [ view_filter ] --START--
INFO: Run Behavior\WriteHtmlCacheBehavior [ RunTime:0.000128s ]
INFO: [ view_filter ] --END-- [ RunTime:0.000162s ]
INFO: [ app_end ] --START--
INFO: Run Behavior\ShowPageTraceBehavior [ RunTime:0.000391s ]
INFO: [ app_end ] --END-- [ RunTime:0.000431s ]

[ 2017-08-29T10:15:31+08:00 ] 223.73.196.110 /Admin/Index/main
INFO: [ app_init ] --START--
INFO: Run Behavior\BuildLiteBehavior [ RunTime:0.000012s ]
INFO: [ app_init ] --END-- [ RunTime:0.000260s ]
INFO: [ app_begin ] --START--
INFO: Run Behavior\ReadHtmlCacheBehavior [ RunTime:0.000327s ]
INFO: [ app_begin ] --END-- [ RunTime:0.000362s ]
SQL: SHOW COLUMNS FROM `yk_set` [ RunTime:0.0007s ]
SQL: SELECT * FROM `yk_set` LIMIT 1   [ RunTime:0.0001s ]
SQL: SHOW COLUMNS FROM `yk_cms_set` [ RunTime:0.0004s ]
SQL: SELECT * FROM `yk_cms_set` LIMIT 1   [ RunTime:0.0001s ]
SQL: SHOW COLUMNS FROM `yk_shop_set` [ RunTime:0.0007s ]
SQL: SELECT * FROM `yk_shop_set` LIMIT 1   [ RunTime:0.0001s ]
INFO: [ view_parse ] --START--
INFO: [ template_filter ] --START--
INFO: Run Behavior\ContentReplaceBehavior [ RunTime:0.000027s ]
INFO: [ template_filter ] --END-- [ RunTime:0.000061s ]
INFO: Run Behavior\ParseTemplateBehavior [ RunTime:0.004572s ]
INFO: [ view_parse ] --END-- [ RunTime:0.004609s ]
INFO: [ view_filter ] --START--
INFO: Run Behavior\WriteHtmlCacheBehavior [ RunTime:0.000119s ]
INFO: [ view_filter ] --END-- [ RunTime:0.000148s ]
SQL: SHOW COLUMNS FROM `yk_vip` [ RunTime:0.0011s ]
SQL: SELECT COUNT(*) AS tp_count FROM `yk_vip` LIMIT 1   [ RunTime:0.0001s ]
SQL: SELECT COUNT(*) AS tp_count FROM `yk_vip` WHERE ( subscribe=1 ) LIMIT 1   [ RunTime:0.0046s ]
SQL: SELECT COUNT(*) AS tp_count FROM `yk_vip` WHERE `ctime` BETWEEN 1503936000 AND 1504022399 LIMIT 1   [ RunTime:0.0045s ]
SQL: SELECT COUNT(*) AS tp_count FROM `yk_vip` WHERE `ctime` BETWEEN 1503849600 AND 1503935999 LIMIT 1   [ RunTime:0.0045s ]
SQL: SHOW COLUMNS FROM `yk_shop_order` [ RunTime:0.0009s ]
SQL: SELECT COUNT(*) AS tp_count FROM `yk_shop_order` LIMIT 1   [ RunTime:0.0001s ]
SQL: SELECT COUNT(*) AS tp_count FROM `yk_shop_order` WHERE ( status=0 ) LIMIT 1   [ RunTime:0.0007s ]
SQL: SELECT COUNT(*) AS tp_count FROM `yk_shop_order` WHERE ( status=1 ) LIMIT 1   [ RunTime:0.0007s ]
SQL: SELECT COUNT(*) AS tp_count FROM `yk_shop_order` WHERE ( status=2 ) LIMIT 1   [ RunTime:0.0007s ]
SQL: SELECT COUNT(*) AS tp_count FROM `yk_shop_order` WHERE ( status=3 ) LIMIT 1   [ RunTime:0.0007s ]
SQL: SELECT COUNT(*) AS tp_count FROM `yk_shop_order` WHERE ( status=4 ) LIMIT 1   [ RunTime:0.0007s ]
SQL: SELECT COUNT(*) AS tp_count FROM `yk_shop_order` WHERE ( status=5 ) LIMIT 1   [ RunTime:0.0007s ]
SQL: SELECT COUNT(*) AS tp_count FROM `yk_shop_order` WHERE ( status=6 ) LIMIT 1   [ RunTime:0.0008s ]
SQL: SELECT COUNT(*) AS tp_count FROM `yk_shop_order` WHERE `ctime` BETWEEN 1503936000 AND 1504022399 LIMIT 1   [ RunTime:0.0007s ]
SQL: SELECT COUNT(*) AS tp_count FROM `yk_shop_order` WHERE `ctime` BETWEEN 1503849600 AND 1503935999 LIMIT 1   [ RunTime:0.0007s ]
SQL: SHOW COLUMNS FROM `yk_fx_syslog` [ RunTime:0.0006s ]
SQL: SELECT SUM(fxyj) AS tp_sum FROM `yk_fx_syslog` LIMIT 1   [ RunTime:0.0001s ]
SQL: SELECT SUM(fxyj) AS tp_sum FROM `yk_fx_syslog` WHERE `ctime` BETWEEN 1503936000 AND 1504022399 LIMIT 1   [ RunTime:0.0001s ]
SQL: SELECT SUM(fxyj) AS tp_sum FROM `yk_fx_syslog` WHERE `ctime` BETWEEN 1503849600 AND 1503935999 LIMIT 1   [ RunTime:0.0001s ]
SQL: SELECT COUNT(*) AS tp_count FROM `yk_vip` WHERE `isfx` = 0 AND `isfxgd` = 0 LIMIT 1   [ RunTime:0.0049s ]
SQL: SELECT COUNT(*) AS tp_count FROM `yk_vip` WHERE `isfx` = 1 AND `isfxgd` = 0 LIMIT 1   [ RunTime:0.0048s ]
SQL: SELECT COUNT(*) AS tp_count FROM `yk_vip` WHERE ( isfxgd=1 ) LIMIT 1   [ RunTime:0.0045s ]
SQL: SHOW COLUMNS FROM `yk_vip_log_sub` [ RunTime:0.0005s ]
SQL: SELECT * FROM `yk_vip_log_sub` ORDER BY ctime desc LIMIT 5   [ RunTime:0.0006s ]
SQL: SELECT * FROM `yk_vip` WHERE ( id=6358 ) LIMIT 1   [ RunTime:0.0002s ]
SQL: SELECT * FROM `yk_vip` WHERE ( id=6354 ) LIMIT 1   [ RunTime:0.0002s ]
SQL: SELECT * FROM `yk_vip` WHERE ( id=6347 ) LIMIT 1   [ RunTime:0.0002s ]
SQL: SELECT * FROM `yk_vip` WHERE ( id=6268 ) LIMIT 1   [ RunTime:0.0002s ]
SQL: SELECT * FROM `yk_vip` WHERE ( id=6346 ) LIMIT 1   [ RunTime:0.0002s ]
SQL: SELECT * FROM `yk_fx_syslog` ORDER BY ctime desc LIMIT 5   [ RunTime:0.0001s ]
SQL: SELECT * FROM `yk_vip` WHERE ( id=5839 ) LIMIT 1   [ RunTime:0.0002s ]
SQL: SELECT * FROM `yk_vip` WHERE ( id=5936 ) LIMIT 1   [ RunTime:0.0002s ]
SQL: SELECT * FROM `yk_vip` WHERE ( id=6140 ) LIMIT 1   [ RunTime:0.0002s ]
SQL: SELECT * FROM `yk_vip` WHERE ( id=6109 ) LIMIT 1   [ RunTime:0.0002s ]
SQL: SELECT * FROM `yk_vip` WHERE ( id=5943 ) LIMIT 1   [ RunTime:0.0002s ]
SQL: SHOW COLUMNS FROM `yk_fx_log_tj` [ RunTime:0.0004s ]
SQL: SELECT * FROM `yk_fx_log_tj` ORDER BY ctime desc LIMIT 5   [ RunTime:0.0001s ]
SQL: SELECT * FROM `yk_shop_order` WHERE `ispay` = 1 AND `status` = 2 ORDER BY ctime desc LIMIT 5   [ RunTime:0.0008s ]
SQL: SELECT * FROM `yk_vip` WHERE ( id=149 ) LIMIT 1   [ RunTime:0.0002s ]
SQL: SELECT * FROM `yk_vip` WHERE ( id=49 ) LIMIT 1   [ RunTime:0.0002s ]
SQL: SELECT * FROM `yk_vip` WHERE ( id=49 ) LIMIT 1   [ RunTime:0.0002s ]
SQL: SELECT * FROM `yk_vip` WHERE ( id=149 ) LIMIT 1   [ RunTime:0.0002s ]
SQL: SELECT * FROM `yk_vip` WHERE ( id=3808 ) LIMIT 1   [ RunTime:0.0002s ]
SQL: SELECT SUM(totalprice) AS tp_sum FROM `yk_shop_order` WHERE `ispay` = 1 LIMIT 1   [ RunTime:0.0007s ]
SQL: SELECT SUM(totalprice) AS tp_sum FROM `yk_shop_order` WHERE `status` = 5 LIMIT 1   [ RunTime:0.0007s ]
SQL: SELECT SUM(totalnum) AS tp_sum FROM `yk_shop_order` WHERE `ispay` = 1 LIMIT 1   [ RunTime:0.0008s ]
SQL: SHOW COLUMNS FROM `yk_vip_tx` [ RunTime:0.0005s ]
SQL: SELECT SUM(txprice) AS tp_sum FROM `yk_vip_tx` WHERE `status` = 2 LIMIT 1   [ RunTime:0.0001s ]
INFO: [ view_parse ] --START--
INFO: [ template_filter ] --START--
INFO: Run Behavior\ContentReplaceBehavior [ RunTime:0.000087s ]
INFO: [ template_filter ] --END-- [ RunTime:-0.068867s ]
INFO: Run Behavior\ParseTemplateBehavior [ RunTime:0.019125s ]
INFO: [ view_parse ] --END-- [ RunTime:-0.052240s ]
INFO: [ view_filter ] --START--
INFO: Run Behavior\WriteHtmlCacheBehavior [ RunTime:0.000011s ]
INFO: [ view_filter ] --END-- [ RunTime:-0.071268s ]
INFO: [ app_end ] --START--
INFO: Run Behavior\ShowPageTraceBehavior [ RunTime:0.000419s ]
INFO: [ app_end ] --END-- [ RunTime:0.000460s ]

[ 2017-08-29T10:15:35+08:00 ] 223.73.196.110 /Admin/Shop/order/status/3
INFO: [ app_init ] --START--
INFO: Run Behavior\BuildLiteBehavior [ RunTime:0.000012s ]
INFO: [ app_init ] --END-- [ RunTime:0.000265s ]
INFO: [ app_begin ] --START--
INFO: Run Behavior\ReadHtmlCacheBehavior [ RunTime:0.000338s ]
INFO: [ app_begin ] --END-- [ RunTime:0.000373s ]
SQL: SHOW COLUMNS FROM `yk_set` [ RunTime:0.0007s ]
SQL: SELECT * FROM `yk_set` LIMIT 1   [ RunTime:0.0001s ]
SQL: SHOW COLUMNS FROM `yk_cms_set` [ RunTime:0.0004s ]
SQL: SELECT * FROM `yk_cms_set` LIMIT 1   [ RunTime:0.0001s ]
SQL: SHOW COLUMNS FROM `yk_shop_set` [ RunTime:0.0007s ]
SQL: SELECT * FROM `yk_shop_set` LIMIT 1   [ RunTime:0.0001s ]
SQL: SELECT * FROM `yk_shop_set` LIMIT 1   [ RunTime:0.0001s ]
SQL: SHOW COLUMNS FROM `yk_vip_set` [ RunTime:0.0007s ]
SQL: SELECT * FROM `yk_vip_set` LIMIT 1   [ RunTime:0.0002s ]
INFO: [ view_parse ] --START--
INFO: [ template_filter ] --START--
INFO: Run Behavior\ContentReplaceBehavior [ RunTime:0.000032s ]
INFO: [ template_filter ] --END-- [ RunTime:0.000072s ]
INFO: Run Behavior\ParseTemplateBehavior [ RunTime:0.004844s ]
INFO: [ view_parse ] --END-- [ RunTime:0.004878s ]
INFO: [ view_filter ] --START--
INFO: Run Behavior\WriteHtmlCacheBehavior [ RunTime:0.000121s ]
INFO: [ view_filter ] --END-- [ RunTime:0.000151s ]
SQL: SHOW COLUMNS FROM `yk_shop_order` [ RunTime:0.0009s ]
SQL: SELECT * FROM `yk_shop_order` WHERE `status` = 3 ORDER BY ctime desc LIMIT 0,20   [ RunTime:0.0010s ]
SQL: SELECT COUNT(*) AS tp_count FROM `yk_shop_order` WHERE `status` = 3 LIMIT 1   [ RunTime:0.0007s ]
INFO: [ view_parse ] --START--
INFO: [ template_filter ] --START--
INFO: Run Behavior\ContentReplaceBehavior [ RunTime:0.000057s ]
INFO: [ template_filter ] --END-- [ RunTime:-0.013604s ]
INFO: Run Behavior\ParseTemplateBehavior [ RunTime:0.011799s ]
INFO: [ view_parse ] --END-- [ RunTime:-0.004289s ]
INFO: [ view_filter ] --START--
INFO: Run Behavior\WriteHtmlCacheBehavior [ RunTime:0.000010s ]
INFO: [ view_filter ] --END-- [ RunTime:-0.015976s ]
INFO: [ app_end ] --START--
INFO: Run Behavior\ShowPageTraceBehavior [ RunTime:0.000377s ]
INFO: [ app_end ] --END-- [ RunTime:0.000433s ]

[ 2017-08-29T10:28:09+08:00 ] 61.49.56.47 /
INFO: [ app_init ] --START--
INFO: Run Behavior\BuildLiteBehavior [ RunTime:0.000013s ]
INFO: [ app_init ] --END-- [ RunTime:0.000303s ]
INFO: [ app_begin ] --START--
INFO: Run Behavior\ReadHtmlCacheBehavior [ RunTime:0.000382s ]
INFO: [ app_begin ] --END-- [ RunTime:0.000431s ]
SQL: SHOW COLUMNS FROM `yk_set` [ RunTime:0.0007s ]
SQL: SELECT * FROM `yk_set` LIMIT 1   [ RunTime:0.0002s ]
SQL: SHOW COLUMNS FROM `yk_cms_set` [ RunTime:0.0005s ]
SQL: SELECT * FROM `yk_cms_set` LIMIT 1   [ RunTime:0.0001s ]
SQL: SHOW COLUMNS FROM `yk_shop_set` [ RunTime:0.0007s ]
SQL: SELECT * FROM `yk_shop_set` LIMIT 1   [ RunTime:0.0002s ]

[ 2017-08-29T10:48:57+08:00 ] 140.207.54.187 /
INFO: [ app_init ] --START--
INFO: Run Behavior\BuildLiteBehavior [ RunTime:0.000012s ]
INFO: [ app_init ] --END-- [ RunTime:0.000276s ]
INFO: [ app_begin ] --START--
INFO: Run Behavior\ReadHtmlCacheBehavior [ RunTime:0.000326s ]
INFO: [ app_begin ] --END-- [ RunTime:0.000366s ]
SQL: SHOW COLUMNS FROM `yk_set` [ RunTime:0.0007s ]
SQL: SELECT * FROM `yk_set` LIMIT 1   [ RunTime:0.0002s ]
SQL: SHOW COLUMNS FROM `yk_cms_set` [ RunTime:0.0004s ]
SQL: SELECT * FROM `yk_cms_set` LIMIT 1   [ RunTime:0.0001s ]
SQL: SHOW COLUMNS FROM `yk_shop_set` [ RunTime:0.0007s ]
SQL: SELECT * FROM `yk_shop_set` LIMIT 1   [ RunTime:0.0002s ]

[ 2017-08-29T10:49:07+08:00 ] 117.185.24.243 /
INFO: [ app_init ] --START--
INFO: Run Behavior\BuildLiteBehavior [ RunTime:0.000013s ]
INFO: [ app_init ] --END-- [ RunTime:0.000293s ]
INFO: [ app_begin ] --START--
INFO: Run Behavior\ReadHtmlCacheBehavior [ RunTime:0.000349s ]
INFO: [ app_begin ] --END-- [ RunTime:0.000388s ]
SQL: SHOW COLUMNS FROM `yk_set` [ RunTime:0.0007s ]
SQL: SELECT * FROM `yk_set` LIMIT 1   [ RunTime:0.0001s ]
SQL: SHOW COLUMNS FROM `yk_cms_set` [ RunTime:0.0004s ]
SQL: SELECT * FROM `yk_cms_set` LIMIT 1   [ RunTime:0.0001s ]
SQL: SHOW COLUMNS FROM `yk_shop_set` [ RunTime:0.0007s ]
SQL: SELECT * FROM `yk_shop_set` LIMIT 1   [ RunTime:0.0001s ]

[ 2017-08-29T10:50:26+08:00 ] 111.161.105.15 /
INFO: [ app_init ] --START--
INFO: Run Behavior\BuildLiteBehavior [ RunTime:0.000011s ]
INFO: [ app_init ] --END-- [ RunTime:0.000248s ]
INFO: [ app_begin ] --START--
INFO: Run Behavior\ReadHtmlCacheBehavior [ RunTime:0.000327s ]
INFO: [ app_begin ] --END-- [ RunTime:0.000365s ]
SQL: SHOW COLUMNS FROM `yk_set` [ RunTime:0.0006s ]
SQL: SELECT * FROM `yk_set` LIMIT 1   [ RunTime:0.0001s ]
SQL: SHOW COLUMNS FROM `yk_cms_set` [ RunTime:0.0004s ]
SQL: SELECT * FROM `yk_cms_set` LIMIT 1   [ RunTime:0.0001s ]
SQL: SHOW COLUMNS FROM `yk_shop_set` [ RunTime:0.0008s ]
SQL: SELECT * FROM `yk_shop_set` LIMIT 1   [ RunTime:0.0001s ]

[ 2017-08-29T10:50:29+08:00 ] 111.30.137.188 /
INFO: [ app_init ] --START--
INFO: Run Behavior\BuildLiteBehavior [ RunTime:0.000012s ]
INFO: [ app_init ] --END-- [ RunTime:0.000261s ]
INFO: [ app_begin ] --START--
INFO: Run Behavior\ReadHtmlCacheBehavior [ RunTime:0.000355s ]
INFO: [ app_begin ] --END-- [ RunTime:0.000394s ]
SQL: SHOW COLUMNS FROM `yk_set` [ RunTime:0.0007s ]
SQL: SELECT * FROM `yk_set` LIMIT 1   [ RunTime:0.0002s ]
SQL: SHOW COLUMNS FROM `yk_cms_set` [ RunTime:0.0003s ]
SQL: SELECT * FROM `yk_cms_set` LIMIT 1   [ RunTime:0.0001s ]
SQL: SHOW COLUMNS FROM `yk_shop_set` [ RunTime:0.0007s ]
SQL: SELECT * FROM `yk_shop_set` LIMIT 1   [ RunTime:0.0002s ]

[ 2017-08-29T11:10:48+08:00 ] 140.207.118.16 /
INFO: [ app_init ] --START--
INFO: Run Behavior\BuildLiteBehavior [ RunTime:0.000012s ]
INFO: [ app_init ] --END-- [ RunTime:0.000277s ]
INFO: [ app_begin ] --START--
INFO: Run Behavior\ReadHtmlCacheBehavior [ RunTime:0.000338s ]
INFO: [ app_begin ] --END-- [ RunTime:0.000379s ]
SQL: SHOW COLUMNS FROM `yk_set` [ RunTime:0.0008s ]
SQL: SELECT * FROM `yk_set` LIMIT 1   [ RunTime:0.0001s ]
SQL: SHOW COLUMNS FROM `yk_cms_set` [ RunTime:0.0004s ]
SQL: SELECT * FROM `yk_cms_set` LIMIT 1   [ RunTime:0.0001s ]
SQL: SHOW COLUMNS FROM `yk_shop_set` [ RunTime:0.0008s ]
SQL: SELECT * FROM `yk_shop_set` LIMIT 1   [ RunTime:0.0001s ]

[ 2017-08-29T11:10:58+08:00 ] 117.185.24.152 /
INFO: [ app_init ] --START--
INFO: Run Behavior\BuildLiteBehavior [ RunTime:0.000012s ]
INFO: [ app_init ] --END-- [ RunTime:0.000264s ]
INFO: [ app_begin ] --START--
INFO: Run Behavior\ReadHtmlCacheBehavior [ RunTime:0.000349s ]
INFO: [ app_begin ] --END-- [ RunTime:0.000388s ]
SQL: SHOW COLUMNS FROM `yk_set` [ RunTime:0.0007s ]
SQL: SELECT * FROM `yk_set` LIMIT 1   [ RunTime:0.0001s ]
SQL: SHOW COLUMNS FROM `yk_cms_set` [ RunTime:0.0004s ]
SQL: SELECT * FROM `yk_cms_set` LIMIT 1   [ RunTime:0.0001s ]
SQL: SHOW COLUMNS FROM `yk_shop_set` [ RunTime:0.0007s ]
SQL: SELECT * FROM `yk_shop_set` LIMIT 1   [ RunTime:0.0001s ]

[ 2017-08-29T11:28:45+08:00 ] 163.177.93.241 /
INFO: [ app_init ] --START--
INFO: Run Behavior\BuildLiteBehavior [ RunTime:0.000012s ]
INFO: [ app_init ] --END-- [ RunTime:0.000266s ]
INFO: [ app_begin ] --START--
INFO: Run Behavior\ReadHtmlCacheBehavior [ RunTime:0.000380s ]
INFO: [ app_begin ] --END-- [ RunTime:0.000430s ]
SQL: SHOW COLUMNS FROM `yk_set` [ RunTime:0.0013s ]
SQL: SELECT * FROM `yk_set` LIMIT 1   [ RunTime:0.0002s ]
SQL: SHOW COLUMNS FROM `yk_cms_set` [ RunTime:0.0034s ]
SQL: SELECT * FROM `yk_cms_set` LIMIT 1   [ RunTime:0.0024s ]
SQL: SHOW COLUMNS FROM `yk_shop_set` [ RunTime:0.0007s ]
SQL: SELECT * FROM `yk_shop_set` LIMIT 1   [ RunTime:0.0002s ]

[ 2017-08-29T11:28:45+08:00 ] 183.232.118.14 /
INFO: [ app_init ] --START--
INFO: Run Behavior\BuildLiteBehavior [ RunTime:0.000011s ]
INFO: [ app_init ] --END-- [ RunTime:0.007882s ]
INFO: [ app_begin ] --START--
INFO: Run Behavior\ReadHtmlCacheBehavior [ RunTime:0.000339s ]
INFO: [ app_begin ] --END-- [ RunTime:0.000377s ]
SQL: SHOW COLUMNS FROM `yk_set` [ RunTime:0.0005s ]
SQL: SELECT * FROM `yk_set` LIMIT 1   [ RunTime:0.0001s ]
SQL: SHOW COLUMNS FROM `yk_cms_set` [ RunTime:0.0004s ]
SQL: SELECT * FROM `yk_cms_set` LIMIT 1   [ RunTime:0.0001s ]
SQL: SHOW COLUMNS FROM `yk_shop_set` [ RunTime:0.0007s ]
SQL: SELECT * FROM `yk_shop_set` LIMIT 1   [ RunTime:0.0001s ]

[ 2017-08-29T11:50:45+08:00 ] 120.198.202.48 /
INFO: [ app_init ] --START--
INFO: Run Behavior\BuildLiteBehavior [ RunTime:0.000015s ]
INFO: [ app_init ] --END-- [ RunTime:0.000286s ]
INFO: [ app_begin ] --START--
INFO: Run Behavior\ReadHtmlCacheBehavior [ RunTime:0.000326s ]
INFO: [ app_begin ] --END-- [ RunTime:0.000367s ]
SQL: SHOW COLUMNS FROM `yk_set` [ RunTime:0.0005s ]
SQL: SELECT * FROM `yk_set` LIMIT 1   [ RunTime:0.0001s ]
SQL: SHOW COLUMNS FROM `yk_cms_set` [ RunTime:0.0004s ]
SQL: SELECT * FROM `yk_cms_set` LIMIT 1   [ RunTime:0.0035s ]
SQL: SHOW COLUMNS FROM `yk_shop_set` [ RunTime:0.0008s ]
SQL: SELECT * FROM `yk_shop_set` LIMIT 1   [ RunTime:0.0002s ]

[ 2017-08-29T11:50:45+08:00 ] 163.177.94.114 /
INFO: [ app_init ] --START--
INFO: Run Behavior\BuildLiteBehavior [ RunTime:0.000014s ]
INFO: [ app_init ] --END-- [ RunTime:0.000269s ]
INFO: [ app_begin ] --START--
INFO: Run Behavior\ReadHtmlCacheBehavior [ RunTime:0.000351s ]
INFO: [ app_begin ] --END-- [ RunTime:0.000389s ]
SQL: SHOW COLUMNS FROM `yk_set` [ RunTime:0.0007s ]
SQL: SELECT * FROM `yk_set` LIMIT 1   [ RunTime:0.0002s ]
SQL: SHOW COLUMNS FROM `yk_cms_set` [ RunTime:0.0004s ]
SQL: SELECT * FROM `yk_cms_set` LIMIT 1   [ RunTime:0.0001s ]
SQL: SHOW COLUMNS FROM `yk_shop_set` [ RunTime:0.0007s ]
SQL: SELECT * FROM `yk_shop_set` LIMIT 1   [ RunTime:0.0002s ]

[ 2017-08-29T12:22:40+08:00 ] 163.177.94.120 /
INFO: [ app_init ] --START--
INFO: Run Behavior\BuildLiteBehavior [ RunTime:0.000012s ]
INFO: [ app_init ] --END-- [ RunTime:0.000282s ]
INFO: [ app_begin ] --START--
INFO: Run Behavior\ReadHtmlCacheBehavior [ RunTime:0.000332s ]
INFO: [ app_begin ] --END-- [ RunTime:0.000370s ]
SQL: SHOW COLUMNS FROM `yk_set` [ RunTime:0.0007s ]
SQL: SELECT * FROM `yk_set` LIMIT 1   [ RunTime:0.0002s ]
SQL: SHOW COLUMNS FROM `yk_cms_set` [ RunTime:0.0004s ]
SQL: SELECT * FROM `yk_cms_set` LIMIT 1   [ RunTime:0.0001s ]
SQL: SHOW COLUMNS FROM `yk_shop_set` [ RunTime:0.0007s ]
SQL: SELECT * FROM `yk_shop_set` LIMIT 1   [ RunTime:0.0001s ]

[ 2017-08-29T12:22:40+08:00 ] 163.177.93.243 /
INFO: [ app_init ] --START--
INFO: Run Behavior\BuildLiteBehavior [ RunTime:0.000011s ]
INFO: [ app_init ] --END-- [ RunTime:0.000320s ]
INFO: [ app_begin ] --START--
INFO: Run Behavior\ReadHtmlCacheBehavior [ RunTime:0.000376s ]
INFO: [ app_begin ] --END-- [ RunTime:0.000441s ]
SQL: SHOW COLUMNS FROM `yk_set` [ RunTime:0.0005s ]
SQL: SELECT * FROM `yk_set` LIMIT 1   [ RunTime:0.0001s ]
SQL: SHOW COLUMNS FROM `yk_cms_set` [ RunTime:0.0004s ]
SQL: SELECT * FROM `yk_cms_set` LIMIT 1   [ RunTime:0.0001s ]
SQL: SHOW COLUMNS FROM `yk_shop_set` [ RunTime:0.0007s ]
SQL: SELECT * FROM `yk_shop_set` LIMIT 1   [ RunTime:0.0001s ]

[ 2017-08-29T12:22:41+08:00 ] 183.232.118.16 /
INFO: [ app_init ] --START--
INFO: Run Behavior\BuildLiteBehavior [ RunTime:0.000011s ]
INFO: [ app_init ] --END-- [ RunTime:0.000244s ]
INFO: [ app_begin ] --START--
INFO: Run Behavior\ReadHtmlCacheBehavior [ RunTime:0.000390s ]
INFO: [ app_begin ] --END-- [ RunTime:0.000429s ]
SQL: SHOW COLUMNS FROM `yk_set` [ RunTime:0.0007s ]
SQL: SELECT * FROM `yk_set` LIMIT 1   [ RunTime:0.0006s ]
SQL: SHOW COLUMNS FROM `yk_cms_set` [ RunTime:0.0003s ]
SQL: SELECT * FROM `yk_cms_set` LIMIT 1   [ RunTime:0.0012s ]
SQL: SHOW COLUMNS FROM `yk_shop_set` [ RunTime:0.0006s ]
SQL: SELECT * FROM `yk_shop_set` LIMIT 1   [ RunTime:0.0002s ]

[ 2017-08-29T12:22:41+08:00 ] 183.232.90.36 /
INFO: [ app_init ] --START--
INFO: Run Behavior\BuildLiteBehavior [ RunTime:0.000012s ]
INFO: [ app_init ] --END-- [ RunTime:0.000257s ]
INFO: [ app_begin ] --START--
INFO: Run Behavior\ReadHtmlCacheBehavior [ RunTime:0.000343s ]
INFO: [ app_begin ] --END-- [ RunTime:0.000381s ]
SQL: SHOW COLUMNS FROM `yk_set` [ RunTime:0.0007s ]
SQL: SELECT * FROM `yk_set` LIMIT 1   [ RunTime:0.0007s ]
SQL: SHOW COLUMNS FROM `yk_cms_set` [ RunTime:0.0007s ]
SQL: SELECT * FROM `yk_cms_set` LIMIT 1   [ RunTime:0.0008s ]
SQL: SHOW COLUMNS FROM `yk_shop_set` [ RunTime:0.0007s ]
SQL: SELECT * FROM `yk_shop_set` LIMIT 1   [ RunTime:0.0024s ]

[ 2017-08-29T14:06:12+08:00 ] 116.1.20.12 /admin
INFO: [ app_init ] --START--
INFO: Run Behavior\BuildLiteBehavior [ RunTime:0.000011s ]
INFO: [ app_init ] --END-- [ RunTime:0.000262s ]
INFO: [ app_begin ] --START--
INFO: Run Behavior\ReadHtmlCacheBehavior [ RunTime:0.000347s ]
INFO: [ app_begin ] --END-- [ RunTime:0.000385s ]
SQL: SHOW COLUMNS FROM `yk_set` [ RunTime:0.0008s ]
SQL: SELECT * FROM `yk_set` LIMIT 1   [ RunTime:0.0002s ]
SQL: SHOW COLUMNS FROM `yk_cms_set` [ RunTime:0.0038s ]
SQL: SELECT * FROM `yk_cms_set` LIMIT 1   [ RunTime:0.0001s ]
SQL: SHOW COLUMNS FROM `yk_shop_set` [ RunTime:0.0008s ]
SQL: SELECT * FROM `yk_shop_set` LIMIT 1   [ RunTime:0.0002s ]

[ 2017-08-29T14:06:12+08:00 ] 116.1.20.12 /Admin/Public/login
INFO: [ app_init ] --START--
INFO: Run Behavior\BuildLiteBehavior [ RunTime:0.000011s ]
INFO: [ app_init ] --END-- [ RunTime:0.000275s ]
INFO: [ app_begin ] --START--
INFO: Run Behavior\ReadHtmlCacheBehavior [ RunTime:0.000325s ]
INFO: [ app_begin ] --END-- [ RunTime:0.000362s ]
SQL: SHOW COLUMNS FROM `yk_set` [ RunTime:0.0007s ]
SQL: SELECT * FROM `yk_set` LIMIT 1   [ RunTime:0.0002s ]
SQL: SHOW COLUMNS FROM `yk_cms_set` [ RunTime:0.0004s ]
SQL: SELECT * FROM `yk_cms_set` LIMIT 1   [ RunTime:0.0001s ]
SQL: SHOW COLUMNS FROM `yk_shop_set` [ RunTime:0.0007s ]
SQL: SELECT * FROM `yk_shop_set` LIMIT 1   [ RunTime:0.0001s ]
INFO: [ view_parse ] --START--
INFO: [ template_filter ] --START--
INFO: Run Behavior\ContentReplaceBehavior [ RunTime:0.000070s ]
INFO: [ template_filter ] --END-- [ RunTime:0.000127s ]
INFO: Run Behavior\ParseTemplateBehavior [ RunTime:0.027704s ]
INFO: [ view_parse ] --END-- [ RunTime:0.027759s ]
INFO: [ view_filter ] --START--
INFO: Run Behavior\WriteHtmlCacheBehavior [ RunTime:0.000147s ]
INFO: [ view_filter ] --END-- [ RunTime:0.000180s ]
INFO: [ app_end ] --START--
INFO: Run Behavior\ShowPageTraceBehavior [ RunTime:0.000396s ]
INFO: [ app_end ] --END-- [ RunTime:0.000431s ]

[ 2017-08-29T14:06:12+08:00 ] 116.1.20.12 /Admin/Public/verify
INFO: [ app_init ] --START--
INFO: Run Behavior\BuildLiteBehavior [ RunTime:0.000012s ]
INFO: [ app_init ] --END-- [ RunTime:0.000257s ]
INFO: [ app_begin ] --START--
INFO: Run Behavior\ReadHtmlCacheBehavior [ RunTime:0.000328s ]
INFO: [ app_begin ] --END-- [ RunTime:0.000365s ]
SQL: SHOW COLUMNS FROM `yk_set` [ RunTime:0.0008s ]
SQL: SELECT * FROM `yk_set` LIMIT 1   [ RunTime:0.0001s ]
SQL: SHOW COLUMNS FROM `yk_cms_set` [ RunTime:0.0004s ]
SQL: SELECT * FROM `yk_cms_set` LIMIT 1   [ RunTime:0.0001s ]
SQL: SHOW COLUMNS FROM `yk_shop_set` [ RunTime:0.0007s ]
SQL: SELECT * FROM `yk_shop_set` LIMIT 1   [ RunTime:0.0001s ]
INFO: [ app_end ] --START--
INFO: Run Behavior\ShowPageTraceBehavior [ RunTime:0.000432s ]
INFO: [ app_end ] --END-- [ RunTime:0.000486s ]

[ 2017-08-29T14:06:29+08:00 ] 116.1.20.12 /Admin/Public/login
INFO: [ app_init ] --START--
INFO: Run Behavior\BuildLiteBehavior [ RunTime:0.000012s ]
INFO: [ app_init ] --END-- [ RunTime:0.000260s ]
INFO: [ app_begin ] --START--
INFO: Run Behavior\ReadHtmlCacheBehavior [ RunTime:0.000351s ]
INFO: [ app_begin ] --END-- [ RunTime:0.000390s ]
SQL: SHOW COLUMNS FROM `yk_set` [ RunTime:0.0007s ]
SQL: SELECT * FROM `yk_set` LIMIT 1   [ RunTime:0.0002s ]
SQL: SHOW COLUMNS FROM `yk_cms_set` [ RunTime:0.0004s ]
SQL: SELECT * FROM `yk_cms_set` LIMIT 1   [ RunTime:0.0001s ]
SQL: SHOW COLUMNS FROM `yk_shop_set` [ RunTime:0.0007s ]
SQL: SELECT * FROM `yk_shop_set` LIMIT 1   [ RunTime:0.0002s ]
SQL: SHOW COLUMNS FROM `yk_user` [ RunTime:0.0154s ]
SQL: SELECT * FROM `yk_user` WHERE `username` = 'admin' AND `userpass` = 'f379eaf3c831b04de153469d1bec345e' LIMIT 1   [ RunTime:0.0048s ]
SQL: SHOW COLUMNS FROM `yk_employee` [ RunTime:0.0005s ]
SQL: SELECT * FROM `yk_employee` WHERE `username` = 'admin' AND `userpass` = 'f379eaf3c831b04de153469d1bec345e' LIMIT 1   [ RunTime:0.0002s ]

[ 2017-08-29T14:06:29+08:00 ] 116.1.20.12 /Admin/Index/index
INFO: [ app_init ] --START--
INFO: Run Behavior\BuildLiteBehavior [ RunTime:0.000012s ]
INFO: [ app_init ] --END-- [ RunTime:0.000258s ]
INFO: [ app_begin ] --START--
INFO: Run Behavior\ReadHtmlCacheBehavior [ RunTime:0.000344s ]
INFO: [ app_begin ] --END-- [ RunTime:0.000382s ]
SQL: SHOW COLUMNS FROM `yk_set` [ RunTime:0.0007s ]
SQL: SELECT * FROM `yk_set` LIMIT 1   [ RunTime:0.0001s ]
SQL: SHOW COLUMNS FROM `yk_cms_set` [ RunTime:0.0004s ]
SQL: SELECT * FROM `yk_cms_set` LIMIT 1   [ RunTime:0.0001s ]
SQL: SHOW COLUMNS FROM `yk_shop_set` [ RunTime:0.0007s ]
SQL: SELECT * FROM `yk_shop_set` LIMIT 1   [ RunTime:0.0001s ]
SQL: SHOW COLUMNS FROM `yk_user_oath` [ RunTime:0.0038s ]
SQL: SELECT * FROM `yk_user_oath`  [ RunTime:0.0011s ]
INFO: [ view_parse ] --START--
INFO: [ template_filter ] --START--
INFO: Run Behavior\ContentReplaceBehavior [ RunTime:0.000141s ]
INFO: [ template_filter ] --END-- [ RunTime:0.000208s ]
INFO: Run Behavior\ParseTemplateBehavior [ RunTime:0.062411s ]
INFO: [ view_parse ] --END-- [ RunTime:0.062452s ]
INFO: [ view_filter ] --START--
INFO: Run Behavior\WriteHtmlCacheBehavior [ RunTime:0.000130s ]
INFO: [ view_filter ] --END-- [ RunTime:0.000162s ]
INFO: [ app_end ] --START--
INFO: Run Behavior\ShowPageTraceBehavior [ RunTime:0.000390s ]
INFO: [ app_end ] --END-- [ RunTime:0.000429s ]

[ 2017-08-29T14:06:31+08:00 ] 116.1.20.12 /Admin/Index/main
INFO: [ app_init ] --START--
INFO: Run Behavior\BuildLiteBehavior [ RunTime:0.000013s ]
INFO: [ app_init ] --END-- [ RunTime:0.000271s ]
INFO: [ app_begin ] --START--
INFO: Run Behavior\ReadHtmlCacheBehavior [ RunTime:0.000400s ]
INFO: [ app_begin ] --END-- [ RunTime:0.000443s ]
SQL: SHOW COLUMNS FROM `yk_set` [ RunTime:0.0007s ]
SQL: SELECT * FROM `yk_set` LIMIT 1   [ RunTime:0.0002s ]
SQL: SHOW COLUMNS FROM `yk_cms_set` [ RunTime:0.0004s ]
SQL: SELECT * FROM `yk_cms_set` LIMIT 1   [ RunTime:0.0001s ]
SQL: SHOW COLUMNS FROM `yk_shop_set` [ RunTime:0.0007s ]
SQL: SELECT * FROM `yk_shop_set` LIMIT 1   [ RunTime:0.0001s ]
INFO: [ view_parse ] --START--
INFO: [ template_filter ] --START--
INFO: Run Behavior\ContentReplaceBehavior [ RunTime:0.000050s ]
INFO: [ template_filter ] --END-- [ RunTime:0.000233s ]
INFO: Run Behavior\ParseTemplateBehavior [ RunTime:0.020020s ]
INFO: [ view_parse ] --END-- [ RunTime:0.020057s ]
INFO: [ view_filter ] --START--
INFO: Run Behavior\WriteHtmlCacheBehavior [ RunTime:0.000123s ]
INFO: [ view_filter ] --END-- [ RunTime:0.000154s ]
SQL: SHOW COLUMNS FROM `yk_vip` [ RunTime:0.0012s ]
SQL: SELECT COUNT(*) AS tp_count FROM `yk_vip` LIMIT 1   [ RunTime:0.0001s ]
SQL: SELECT COUNT(*) AS tp_count FROM `yk_vip` WHERE ( subscribe=1 ) LIMIT 1   [ RunTime:0.0768s ]
SQL: SELECT COUNT(*) AS tp_count FROM `yk_vip` WHERE `ctime` BETWEEN 1503936000 AND 1504022399 LIMIT 1   [ RunTime:0.0047s ]
SQL: SELECT COUNT(*) AS tp_count FROM `yk_vip` WHERE `ctime` BETWEEN 1503849600 AND 1503935999 LIMIT 1   [ RunTime:0.0046s ]
SQL: SHOW COLUMNS FROM `yk_shop_order` [ RunTime:0.0011s ]
SQL: SELECT COUNT(*) AS tp_count FROM `yk_shop_order` LIMIT 1   [ RunTime:0.0001s ]
SQL: SELECT COUNT(*) AS tp_count FROM `yk_shop_order` WHERE ( status=0 ) LIMIT 1   [ RunTime:0.0007s ]
SQL: SELECT COUNT(*) AS tp_count FROM `yk_shop_order` WHERE ( status=1 ) LIMIT 1   [ RunTime:0.0007s ]
SQL: SELECT COUNT(*) AS tp_count FROM `yk_shop_order` WHERE ( status=2 ) LIMIT 1   [ RunTime:0.0007s ]
SQL: SELECT COUNT(*) AS tp_count FROM `yk_shop_order` WHERE ( status=3 ) LIMIT 1   [ RunTime:0.0008s ]
SQL: SELECT COUNT(*) AS tp_count FROM `yk_shop_order` WHERE ( status=4 ) LIMIT 1   [ RunTime:0.0007s ]
SQL: SELECT COUNT(*) AS tp_count FROM `yk_shop_order` WHERE ( status=5 ) LIMIT 1   [ RunTime:0.0007s ]
SQL: SELECT COUNT(*) AS tp_count FROM `yk_shop_order` WHERE ( status=6 ) LIMIT 1   [ RunTime:0.0007s ]
SQL: SELECT COUNT(*) AS tp_count FROM `yk_shop_order` WHERE `ctime` BETWEEN 1503936000 AND 1504022399 LIMIT 1   [ RunTime:0.0007s ]
SQL: SELECT COUNT(*) AS tp_count FROM `yk_shop_order` WHERE `ctime` BETWEEN 1503849600 AND 1503935999 LIMIT 1   [ RunTime:0.0007s ]
SQL: SHOW COLUMNS FROM `yk_fx_syslog` [ RunTime:0.0029s ]
SQL: SELECT SUM(fxyj) AS tp_sum FROM `yk_fx_syslog` LIMIT 1   [ RunTime:0.0013s ]
SQL: SELECT SUM(fxyj) AS tp_sum FROM `yk_fx_syslog` WHERE `ctime` BETWEEN 1503936000 AND 1504022399 LIMIT 1   [ RunTime:0.0001s ]
SQL: SELECT SUM(fxyj) AS tp_sum FROM `yk_fx_syslog` WHERE `ctime` BETWEEN 1503849600 AND 1503935999 LIMIT 1   [ RunTime:0.0001s ]
SQL: SELECT COUNT(*) AS tp_count FROM `yk_vip` WHERE `isfx` = 0 AND `isfxgd` = 0 LIMIT 1   [ RunTime:0.0048s ]
SQL: SELECT COUNT(*) AS tp_count FROM `yk_vip` WHERE `isfx` = 1 AND `isfxgd` = 0 LIMIT 1   [ RunTime:0.0048s ]
SQL: SELECT COUNT(*) AS tp_count FROM `yk_vip` WHERE ( isfxgd=1 ) LIMIT 1   [ RunTime:0.0045s ]
SQL: SHOW COLUMNS FROM `yk_vip_log_sub` [ RunTime:0.0005s ]
SQL: SELECT * FROM `yk_vip_log_sub` ORDER BY ctime desc LIMIT 5   [ RunTime:0.0171s ]
SQL: SELECT * FROM `yk_vip` WHERE ( id=6369 ) LIMIT 1   [ RunTime:0.0002s ]
SQL: SELECT * FROM `yk_vip` WHERE ( id=6367 ) LIMIT 1   [ RunTime:0.0002s ]
SQL: SELECT * FROM `yk_vip` WHERE ( id=6366 ) LIMIT 1   [ RunTime:0.0002s ]
SQL: SELECT * FROM `yk_vip` WHERE ( id=6365 ) LIMIT 1   [ RunTime:0.0002s ]
SQL: SELECT * FROM `yk_vip` WHERE ( id=6361 ) LIMIT 1   [ RunTime:0.0002s ]
SQL: SELECT * FROM `yk_fx_syslog` ORDER BY ctime desc LIMIT 5   [ RunTime:0.0002s ]
SQL: SELECT * FROM `yk_vip` WHERE ( id=5839 ) LIMIT 1   [ RunTime:0.0012s ]
SQL: SELECT * FROM `yk_vip` WHERE ( id=5936 ) LIMIT 1   [ RunTime:0.0002s ]
SQL: SELECT * FROM `yk_vip` WHERE ( id=6140 ) LIMIT 1   [ RunTime:0.0002s ]
SQL: SELECT * FROM `yk_vip` WHERE ( id=6109 ) LIMIT 1   [ RunTime:0.0002s ]
SQL: SELECT * FROM `yk_vip` WHERE ( id=5943 ) LIMIT 1   [ RunTime:0.0002s ]
SQL: SHOW COLUMNS FROM `yk_fx_log_tj` [ RunTime:0.0025s ]
SQL: SELECT * FROM `yk_fx_log_tj` ORDER BY ctime desc LIMIT 5   [ RunTime:0.0001s ]
SQL: SELECT * FROM `yk_shop_order` WHERE `ispay` = 1 AND `status` = 2 ORDER BY ctime desc LIMIT 5   [ RunTime:0.0009s ]
SQL: SELECT * FROM `yk_vip` WHERE ( id=149 ) LIMIT 1   [ RunTime:0.0002s ]
SQL: SELECT * FROM `yk_vip` WHERE ( id=49 ) LIMIT 1   [ RunTime:0.0002s ]
SQL: SELECT * FROM `yk_vip` WHERE ( id=49 ) LIMIT 1   [ RunTime:0.0002s ]
SQL: SELECT * FROM `yk_vip` WHERE ( id=149 ) LIMIT 1   [ RunTime:0.0002s ]
SQL: SELECT * FROM `yk_vip` WHERE ( id=3808 ) LIMIT 1   [ RunTime:0.0002s ]
SQL: SELECT SUM(totalprice) AS tp_sum FROM `yk_shop_order` WHERE `ispay` = 1 LIMIT 1   [ RunTime:0.0010s ]
SQL: SELECT SUM(totalprice) AS tp_sum FROM `yk_shop_order` WHERE `status` = 5 LIMIT 1   [ RunTime:0.0007s ]
SQL: SELECT SUM(totalnum) AS tp_sum FROM `yk_shop_order` WHERE `ispay` = 1 LIMIT 1   [ RunTime:0.0008s ]
SQL: SHOW COLUMNS FROM `yk_vip_tx` [ RunTime:0.0028s ]
SQL: SELECT SUM(txprice) AS tp_sum FROM `yk_vip_tx` WHERE `status` = 2 LIMIT 1   [ RunTime:0.0001s ]
INFO: [ view_parse ] --START--
INFO: [ template_filter ] --START--
INFO: Run Behavior\ContentReplaceBehavior [ RunTime:0.000084s ]
INFO: [ template_filter ] --END-- [ RunTime:-0.169017s ]
INFO: Run Behavior\ParseTemplateBehavior [ RunTime:0.020598s ]
INFO: [ view_parse ] --END-- [ RunTime:-0.150887s ]
INFO: [ view_filter ] --START--
INFO: Run Behavior\WriteHtmlCacheBehavior [ RunTime:0.000010s ]
INFO: [ view_filter ] --END-- [ RunTime:-0.171375s ]
INFO: [ app_end ] --START--
INFO: Run Behavior\ShowPageTraceBehavior [ RunTime:0.000418s ]
INFO: [ app_end ] --END-- [ RunTime:0.000456s ]

[ 2017-08-29T14:06:34+08:00 ] 116.1.20.12 /Admin/Shop/order/status/9
INFO: [ app_init ] --START--
INFO: Run Behavior\BuildLiteBehavior [ RunTime:0.000013s ]
INFO: [ app_init ] --END-- [ RunTime:0.000307s ]
INFO: [ app_begin ] --START--
INFO: Run Behavior\ReadHtmlCacheBehavior [ RunTime:0.000349s ]
INFO: [ app_begin ] --END-- [ RunTime:0.000383s ]
SQL: SHOW COLUMNS FROM `yk_set` [ RunTime:0.0007s ]
SQL: SELECT * FROM `yk_set` LIMIT 1   [ RunTime:0.0001s ]
SQL: SHOW COLUMNS FROM `yk_cms_set` [ RunTime:0.0004s ]
SQL: SELECT * FROM `yk_cms_set` LIMIT 1   [ RunTime:0.0001s ]
SQL: SHOW COLUMNS FROM `yk_shop_set` [ RunTime:0.0007s ]
SQL: SELECT * FROM `yk_shop_set` LIMIT 1   [ RunTime:0.0001s ]
SQL: SELECT * FROM `yk_shop_set` LIMIT 1   [ RunTime:0.0001s ]
SQL: SHOW COLUMNS FROM `yk_vip_set` [ RunTime:0.0006s ]
SQL: SELECT * FROM `yk_vip_set` LIMIT 1   [ RunTime:0.0001s ]
INFO: [ view_parse ] --START--
INFO: [ template_filter ] --START--
INFO: Run Behavior\ContentReplaceBehavior [ RunTime:0.000033s ]
INFO: [ template_filter ] --END-- [ RunTime:0.000071s ]
INFO: Run Behavior\ParseTemplateBehavior [ RunTime:0.004579s ]
INFO: [ view_parse ] --END-- [ RunTime:0.004612s ]
INFO: [ view_filter ] --START--
INFO: Run Behavior\WriteHtmlCacheBehavior [ RunTime:0.000121s ]
INFO: [ view_filter ] --END-- [ RunTime:0.000151s ]
SQL: SHOW COLUMNS FROM `yk_shop_order` [ RunTime:0.0009s ]
SQL: SELECT * FROM `yk_shop_order` WHERE `ctime` >= 1503936000 ORDER BY ctime desc LIMIT 0,20   [ RunTime:0.0009s ]
SQL: SELECT COUNT(*) AS tp_count FROM `yk_shop_order` WHERE `ctime` >= 1503936000 LIMIT 1   [ RunTime:0.0007s ]
INFO: [ view_parse ] --START--
INFO: [ template_filter ] --START--
INFO: Run Behavior\ContentReplaceBehavior [ RunTime:0.000078s ]
INFO: [ template_filter ] --END-- [ RunTime:-0.040147s ]
INFO: Run Behavior\ParseTemplateBehavior [ RunTime:0.025740s ]
INFO: [ view_parse ] --END-- [ RunTime:-0.016628s ]
INFO: [ view_filter ] --START--
INFO: Run Behavior\WriteHtmlCacheBehavior [ RunTime:0.000009s ]
INFO: [ view_filter ] --END-- [ RunTime:-0.042254s ]
INFO: [ app_end ] --START--
INFO: Run Behavior\ShowPageTraceBehavior [ RunTime:0.000391s ]
INFO: [ app_end ] --END-- [ RunTime:0.000429s ]

[ 2017-08-29T14:11:06+08:00 ] 116.1.20.12 /Admin/Shop/order/status/3
INFO: [ app_init ] --START--
INFO: Run Behavior\BuildLiteBehavior [ RunTime:0.000013s ]
INFO: [ app_init ] --END-- [ RunTime:0.000261s ]
INFO: [ app_begin ] --START--
INFO: Run Behavior\ReadHtmlCacheBehavior [ RunTime:0.000330s ]
INFO: [ app_begin ] --END-- [ RunTime:0.000365s ]
SQL: SHOW COLUMNS FROM `yk_set` [ RunTime:0.0008s ]
SQL: SELECT * FROM `yk_set` LIMIT 1   [ RunTime:0.0001s ]
SQL: SHOW COLUMNS FROM `yk_cms_set` [ RunTime:0.0004s ]
SQL: SELECT * FROM `yk_cms_set` LIMIT 1   [ RunTime:0.0001s ]
SQL: SHOW COLUMNS FROM `yk_shop_set` [ RunTime:0.0008s ]
SQL: SELECT * FROM `yk_shop_set` LIMIT 1   [ RunTime:0.0001s ]
SQL: SELECT * FROM `yk_shop_set` LIMIT 1   [ RunTime:0.0001s ]
SQL: SHOW COLUMNS FROM `yk_vip_set` [ RunTime:0.0006s ]
SQL: SELECT * FROM `yk_vip_set` LIMIT 1   [ RunTime:0.0001s ]
INFO: [ view_parse ] --START--
INFO: [ template_filter ] --START--
INFO: Run Behavior\ContentReplaceBehavior [ RunTime:0.000033s ]
INFO: [ template_filter ] --END-- [ RunTime:0.000070s ]
INFO: Run Behavior\ParseTemplateBehavior [ RunTime:0.004655s ]
INFO: [ view_parse ] --END-- [ RunTime:0.004687s ]
INFO: [ view_filter ] --START--
INFO: Run Behavior\WriteHtmlCacheBehavior [ RunTime:0.000120s ]
INFO: [ view_filter ] --END-- [ RunTime:0.000148s ]
SQL: SHOW COLUMNS FROM `yk_shop_order` [ RunTime:0.0010s ]
SQL: SELECT * FROM `yk_shop_order` WHERE `status` = 3 ORDER BY ctime desc LIMIT 0,20   [ RunTime:0.0010s ]
SQL: SELECT COUNT(*) AS tp_count FROM `yk_shop_order` WHERE `status` = 3 LIMIT 1   [ RunTime:0.0007s ]
INFO: [ view_parse ] --START--
INFO: [ template_filter ] --START--
INFO: Run Behavior\ContentReplaceBehavior [ RunTime:0.000060s ]
INFO: [ template_filter ] --END-- [ RunTime:-0.013479s ]
INFO: Run Behavior\ParseTemplateBehavior [ RunTime:0.015276s ]
INFO: [ view_parse ] --END-- [ RunTime:-0.004301s ]
INFO: [ view_filter ] --START--
INFO: Run Behavior\WriteHtmlCacheBehavior [ RunTime:0.000011s ]
INFO: [ view_filter ] --END-- [ RunTime:-0.019486s ]
INFO: [ app_end ] --START--
INFO: Run Behavior\ShowPageTraceBehavior [ RunTime:0.000394s ]
INFO: [ app_end ] --END-- [ RunTime:0.000437s ]

[ 2017-08-29T14:19:14+08:00 ] 116.1.20.12 /Admin/Shop/orderFhkd
INFO: [ app_init ] --START--
INFO: Run Behavior\BuildLiteBehavior [ RunTime:0.000012s ]
INFO: [ app_init ] --END-- [ RunTime:0.000258s ]
INFO: [ app_begin ] --START--
INFO: Run Behavior\ReadHtmlCacheBehavior [ RunTime:0.000323s ]
INFO: [ app_begin ] --END-- [ RunTime:0.000360s ]
SQL: SHOW COLUMNS FROM `yk_set` [ RunTime:0.0008s ]
SQL: SELECT * FROM `yk_set` LIMIT 1   [ RunTime:0.0001s ]
SQL: SHOW COLUMNS FROM `yk_cms_set` [ RunTime:0.0004s ]
SQL: SELECT * FROM `yk_cms_set` LIMIT 1   [ RunTime:0.0001s ]
SQL: SHOW COLUMNS FROM `yk_shop_set` [ RunTime:0.0008s ]
SQL: SELECT * FROM `yk_shop_set` LIMIT 1   [ RunTime:0.0001s ]
SQL: SELECT * FROM `yk_shop_set` LIMIT 1   [ RunTime:0.0001s ]
SQL: SHOW COLUMNS FROM `yk_vip_set` [ RunTime:0.0006s ]
SQL: SELECT * FROM `yk_vip_set` LIMIT 1   [ RunTime:0.0001s ]
SQL: SHOW COLUMNS FROM `yk_shop_order` [ RunTime:0.0010s ]
SQL: SELECT * FROM `yk_shop_order` WHERE `id` = 692 LIMIT 1   [ RunTime:0.0002s ]
INFO: [ view_parse ] --START--
INFO: [ template_filter ] --START--
INFO: Run Behavior\ContentReplaceBehavior [ RunTime:0.000037s ]
INFO: [ template_filter ] --END-- [ RunTime:0.000082s ]
INFO: Run Behavior\ParseTemplateBehavior [ RunTime:0.019969s ]
INFO: [ view_parse ] --END-- [ RunTime:0.020005s ]
INFO: [ view_filter ] --START--
INFO: Run Behavior\WriteHtmlCacheBehavior [ RunTime:0.000149s ]
INFO: [ view_filter ] --END-- [ RunTime:0.000179s ]

[ 2017-08-29T14:19:26+08:00 ] 116.1.20.12 /Admin/Shop/orderFhkd
INFO: [ app_init ] --START--
INFO: Run Behavior\BuildLiteBehavior [ RunTime:0.000014s ]
INFO: [ app_init ] --END-- [ RunTime:0.000270s ]
INFO: [ app_begin ] --START--
INFO: Run Behavior\ReadHtmlCacheBehavior [ RunTime:0.000326s ]
INFO: [ app_begin ] --END-- [ RunTime:0.000362s ]
SQL: SHOW COLUMNS FROM `yk_set` [ RunTime:0.0007s ]
SQL: SELECT * FROM `yk_set` LIMIT 1   [ RunTime:0.0002s ]
SQL: SHOW COLUMNS FROM `yk_cms_set` [ RunTime:0.0004s ]
SQL: SELECT * FROM `yk_cms_set` LIMIT 1   [ RunTime:0.0001s ]
SQL: SHOW COLUMNS FROM `yk_shop_set` [ RunTime:0.0008s ]
SQL: SELECT * FROM `yk_shop_set` LIMIT 1   [ RunTime:0.0001s ]
SQL: SELECT * FROM `yk_shop_set` LIMIT 1   [ RunTime:0.0001s ]
SQL: SHOW COLUMNS FROM `yk_vip_set` [ RunTime:0.0006s ]
SQL: SELECT * FROM `yk_vip_set` LIMIT 1   [ RunTime:0.0001s ]
SQL: SHOW COLUMNS FROM `yk_shop_order` [ RunTime:0.0009s ]
SQL: SELECT * FROM `yk_shop_order` WHERE `id` = 690 LIMIT 1   [ RunTime:0.0002s ]
INFO: [ view_parse ] --START--
INFO: [ template_filter ] --START--
INFO: Run Behavior\ContentReplaceBehavior [ RunTime:0.000033s ]
INFO: [ template_filter ] --END-- [ RunTime:0.000069s ]
INFO: Run Behavior\ParseTemplateBehavior [ RunTime:0.004108s ]
INFO: [ view_parse ] --END-- [ RunTime:0.004144s ]
INFO: [ view_filter ] --START--
INFO: Run Behavior\WriteHtmlCacheBehavior [ RunTime:0.000120s ]
INFO: [ view_filter ] --END-- [ RunTime:0.000150s ]

[ 2017-08-29T14:19:41+08:00 ] 116.1.20.12 /Admin/Shop/orderFhkdSave
INFO: [ app_init ] --START--
INFO: Run Behavior\BuildLiteBehavior [ RunTime:0.000012s ]
INFO: [ app_init ] --END-- [ RunTime:0.000261s ]
INFO: [ app_begin ] --START--
INFO: Run Behavior\ReadHtmlCacheBehavior [ RunTime:0.000327s ]
INFO: [ app_begin ] --END-- [ RunTime:0.000364s ]
SQL: SHOW COLUMNS FROM `yk_set` [ RunTime:0.0007s ]
SQL: SELECT * FROM `yk_set` LIMIT 1   [ RunTime:0.0001s ]
SQL: SHOW COLUMNS FROM `yk_cms_set` [ RunTime:0.0003s ]
SQL: SELECT * FROM `yk_cms_set` LIMIT 1   [ RunTime:0.0001s ]
SQL: SHOW COLUMNS FROM `yk_shop_set` [ RunTime:0.0007s ]
SQL: SELECT * FROM `yk_shop_set` LIMIT 1   [ RunTime:0.0002s ]
SQL: SELECT * FROM `yk_shop_set` LIMIT 1   [ RunTime:0.0001s ]
SQL: SHOW COLUMNS FROM `yk_vip_set` [ RunTime:0.0006s ]
SQL: SELECT * FROM `yk_vip_set` LIMIT 1   [ RunTime:0.0001s ]
SQL: SHOW COLUMNS FROM `yk_shop_order` [ RunTime:0.0009s ]
SQL: UPDATE `yk_shop_order` SET `id`='690',`fahuokd`='',`fahuokdnum`='687542042882',`changetime`='1503987581' WHERE ( id=690 ) [ RunTime:0.0002s ]

[ 2017-08-29T14:19:41+08:00 ] 116.1.20.12 /Admin/Index/index
INFO: [ app_init ] --START--
INFO: Run Behavior\BuildLiteBehavior [ RunTime:0.000012s ]
INFO: [ app_init ] --END-- [ RunTime:0.000254s ]
INFO: [ app_begin ] --START--
INFO: Run Behavior\ReadHtmlCacheBehavior [ RunTime:0.000343s ]
INFO: [ app_begin ] --END-- [ RunTime:0.000378s ]
SQL: SHOW COLUMNS FROM `yk_set` [ RunTime:0.0007s ]
SQL: SELECT * FROM `yk_set` LIMIT 1   [ RunTime:0.0001s ]
SQL: SHOW COLUMNS FROM `yk_cms_set` [ RunTime:0.0004s ]
SQL: SELECT * FROM `yk_cms_set` LIMIT 1   [ RunTime:0.0001s ]
SQL: SHOW COLUMNS FROM `yk_shop_set` [ RunTime:0.0007s ]
SQL: SELECT * FROM `yk_shop_set` LIMIT 1   [ RunTime:0.0001s ]
SQL: SHOW COLUMNS FROM `yk_user_oath` [ RunTime:0.0004s ]
SQL: SELECT * FROM `yk_user_oath`  [ RunTime:0.0001s ]
INFO: [ view_parse ] --START--
INFO: [ template_filter ] --START--
INFO: Run Behavior\ContentReplaceBehavior [ RunTime:0.000158s ]
INFO: [ template_filter ] --END-- [ RunTime:0.000199s ]
INFO: Run Behavior\ParseTemplateBehavior [ RunTime:0.035143s ]
INFO: [ view_parse ] --END-- [ RunTime:0.035177s ]
INFO: [ view_filter ] --START--
INFO: Run Behavior\WriteHtmlCacheBehavior [ RunTime:0.000120s ]
INFO: [ view_filter ] --END-- [ RunTime:0.000155s ]
INFO: [ app_end ] --START--
INFO: Run Behavior\ShowPageTraceBehavior [ RunTime:0.000350s ]
INFO: [ app_end ] --END-- [ RunTime:0.000388s ]

[ 2017-08-29T14:19:42+08:00 ] 116.1.20.12 /Admin/Shop/order/status/3
INFO: [ app_init ] --START--
INFO: Run Behavior\BuildLiteBehavior [ RunTime:0.000011s ]
INFO: [ app_init ] --END-- [ RunTime:0.000275s ]
INFO: [ app_begin ] --START--
INFO: Run Behavior\ReadHtmlCacheBehavior [ RunTime:0.000326s ]
INFO: [ app_begin ] --END-- [ RunTime:0.000360s ]
SQL: SHOW COLUMNS FROM `yk_set` [ RunTime:0.0006s ]
SQL: SELECT * FROM `yk_set` LIMIT 1   [ RunTime:0.0001s ]
SQL: SHOW COLUMNS FROM `yk_cms_set` [ RunTime:0.0003s ]
SQL: SELECT * FROM `yk_cms_set` LIMIT 1   [ RunTime:0.0001s ]
SQL: SHOW COLUMNS FROM `yk_shop_set` [ RunTime:0.0007s ]
SQL: SELECT * FROM `yk_shop_set` LIMIT 1   [ RunTime:0.0002s ]
SQL: SELECT * FROM `yk_shop_set` LIMIT 1   [ RunTime:0.0001s ]
SQL: SHOW COLUMNS FROM `yk_vip_set` [ RunTime:0.0006s ]
SQL: SELECT * FROM `yk_vip_set` LIMIT 1   [ RunTime:0.0001s ]
INFO: [ view_parse ] --START--
INFO: [ template_filter ] --START--
INFO: Run Behavior\ContentReplaceBehavior [ RunTime:0.000031s ]
INFO: [ template_filter ] --END-- [ RunTime:0.000069s ]
INFO: Run Behavior\ParseTemplateBehavior [ RunTime:0.004797s ]
INFO: [ view_parse ] --END-- [ RunTime:0.004829s ]
INFO: [ view_filter ] --START--
INFO: Run Behavior\WriteHtmlCacheBehavior [ RunTime:0.000119s ]
INFO: [ view_filter ] --END-- [ RunTime:0.000149s ]
SQL: SHOW COLUMNS FROM `yk_shop_order` [ RunTime:0.0009s ]
SQL: SELECT * FROM `yk_shop_order` WHERE `status` = 3 ORDER BY ctime desc LIMIT 0,20   [ RunTime:0.0010s ]
SQL: SELECT COUNT(*) AS tp_count FROM `yk_shop_order` WHERE `status` = 3 LIMIT 1   [ RunTime:0.0007s ]
INFO: [ view_parse ] --START--
INFO: [ template_filter ] --START--
INFO: Run Behavior\ContentReplaceBehavior [ RunTime:0.000066s ]
INFO: [ template_filter ] --END-- [ RunTime:-0.013773s ]
INFO: Run Behavior\ParseTemplateBehavior [ RunTime:0.012217s ]
INFO: [ view_parse ] --END-- [ RunTime:-0.004272s ]
INFO: [ view_filter ] --START--
INFO: Run Behavior\WriteHtmlCacheBehavior [ RunTime:0.000010s ]
INFO: [ view_filter ] --END-- [ RunTime:-0.016377s ]
INFO: [ app_end ] --START--
INFO: Run Behavior\ShowPageTraceBehavior [ RunTime:0.000390s ]
INFO: [ app_end ] --END-- [ RunTime:0.000427s ]

[ 2017-08-29T14:19:45+08:00 ] 116.1.20.12 /Admin/Shop/orderFhkd
INFO: [ app_init ] --START--
INFO: Run Behavior\BuildLiteBehavior [ RunTime:0.000012s ]
INFO: [ app_init ] --END-- [ RunTime:0.000259s ]
INFO: [ app_begin ] --START--
INFO: Run Behavior\ReadHtmlCacheBehavior [ RunTime:0.000345s ]
INFO: [ app_begin ] --END-- [ RunTime:0.000381s ]
SQL: SHOW COLUMNS FROM `yk_set` [ RunTime:0.0008s ]
SQL: SELECT * FROM `yk_set` LIMIT 1   [ RunTime:0.0002s ]
SQL: SHOW COLUMNS FROM `yk_cms_set` [ RunTime:0.0004s ]
SQL: SELECT * FROM `yk_cms_set` LIMIT 1   [ RunTime:0.0001s ]
SQL: SHOW COLUMNS FROM `yk_shop_set` [ RunTime:0.0008s ]
SQL: SELECT * FROM `yk_shop_set` LIMIT 1   [ RunTime:0.0002s ]
SQL: SELECT * FROM `yk_shop_set` LIMIT 1   [ RunTime:0.0002s ]
SQL: SHOW COLUMNS FROM `yk_vip_set` [ RunTime:0.0006s ]
SQL: SELECT * FROM `yk_vip_set` LIMIT 1   [ RunTime:0.0002s ]
SQL: SHOW COLUMNS FROM `yk_shop_order` [ RunTime:0.0010s ]
SQL: SELECT * FROM `yk_shop_order` WHERE `id` = 686 LIMIT 1   [ RunTime:0.0002s ]
INFO: [ view_parse ] --START--
INFO: [ template_filter ] --START--
INFO: Run Behavior\ContentReplaceBehavior [ RunTime:0.000031s ]
INFO: [ template_filter ] --END-- [ RunTime:0.000073s ]
INFO: Run Behavior\ParseTemplateBehavior [ RunTime:0.004420s ]
INFO: [ view_parse ] --END-- [ RunTime:0.004456s ]
INFO: [ view_filter ] --START--
INFO: Run Behavior\WriteHtmlCacheBehavior [ RunTime:0.000120s ]
INFO: [ view_filter ] --END-- [ RunTime:0.000150s ]

[ 2017-08-29T14:20:13+08:00 ] 116.1.20.12 /Admin/Shop/orderFhkdSave
INFO: [ app_init ] --START--
INFO: Run Behavior\BuildLiteBehavior [ RunTime:0.000013s ]
INFO: [ app_init ] --END-- [ RunTime:0.000255s ]
INFO: [ app_begin ] --START--
INFO: Run Behavior\ReadHtmlCacheBehavior [ RunTime:0.000353s ]
INFO: [ app_begin ] --END-- [ RunTime:0.000389s ]
SQL: SHOW COLUMNS FROM `yk_set` [ RunTime:0.0006s ]
SQL: SELECT * FROM `yk_set` LIMIT 1   [ RunTime:0.0001s ]
SQL: SHOW COLUMNS FROM `yk_cms_set` [ RunTime:0.0004s ]
SQL: SELECT * FROM `yk_cms_set` LIMIT 1   [ RunTime:0.0001s ]
SQL: SHOW COLUMNS FROM `yk_shop_set` [ RunTime:0.0007s ]
SQL: SELECT * FROM `yk_shop_set` LIMIT 1   [ RunTime:0.0002s ]
SQL: SELECT * FROM `yk_shop_set` LIMIT 1   [ RunTime:0.0001s ]
SQL: SHOW COLUMNS FROM `yk_vip_set` [ RunTime:0.0006s ]
SQL: SELECT * FROM `yk_vip_set` LIMIT 1   [ RunTime:0.0001s ]
SQL: SHOW COLUMNS FROM `yk_shop_order` [ RunTime:0.0009s ]
SQL: UPDATE `yk_shop_order` SET `id`='686',`fahuokd`='',`fahuokdnum`='614146519965',`changetime`='1503987613' WHERE ( id=686 ) [ RunTime:0.0002s ]

[ 2017-08-29T14:20:13+08:00 ] 116.1.20.12 /Admin/Index/index
INFO: [ app_init ] --START--
INFO: Run Behavior\BuildLiteBehavior [ RunTime:0.000013s ]
INFO: [ app_init ] --END-- [ RunTime:0.000287s ]
INFO: [ app_begin ] --START--
INFO: Run Behavior\ReadHtmlCacheBehavior [ RunTime:0.000327s ]
INFO: [ app_begin ] --END-- [ RunTime:0.000362s ]
SQL: SHOW COLUMNS FROM `yk_set` [ RunTime:0.0007s ]
SQL: SELECT * FROM `yk_set` LIMIT 1   [ RunTime:0.0001s ]
SQL: SHOW COLUMNS FROM `yk_cms_set` [ RunTime:0.0004s ]
SQL: SELECT * FROM `yk_cms_set` LIMIT 1   [ RunTime:0.0032s ]
SQL: SHOW COLUMNS FROM `yk_shop_set` [ RunTime:0.0007s ]
SQL: SELECT * FROM `yk_shop_set` LIMIT 1   [ RunTime:0.0001s ]
SQL: SHOW COLUMNS FROM `yk_user_oath` [ RunTime:0.0003s ]
SQL: SELECT * FROM `yk_user_oath`  [ RunTime:0.0002s ]
INFO: [ view_parse ] --START--
INFO: [ template_filter ] --START--
INFO: Run Behavior\ContentReplaceBehavior [ RunTime:0.000211s ]
INFO: [ template_filter ] --END-- [ RunTime:0.000262s ]
INFO: Run Behavior\ParseTemplateBehavior [ RunTime:0.024679s ]
INFO: [ view_parse ] --END-- [ RunTime:0.024715s ]
INFO: [ view_filter ] --START--
INFO: Run Behavior\WriteHtmlCacheBehavior [ RunTime:0.000158s ]
INFO: [ view_filter ] --END-- [ RunTime:0.000188s ]
INFO: [ app_end ] --START--
INFO: Run Behavior\ShowPageTraceBehavior [ RunTime:0.000370s ]
INFO: [ app_end ] --END-- [ RunTime:0.000409s ]

[ 2017-08-29T14:20:13+08:00 ] 116.1.20.12 /Admin/Shop/order/status/3
INFO: [ app_init ] --START--
INFO: Run Behavior\BuildLiteBehavior [ RunTime:0.000019s ]
INFO: [ app_init ] --END-- [ RunTime:0.006303s ]
INFO: [ app_begin ] --START--
INFO: Run Behavior\ReadHtmlCacheBehavior [ RunTime:0.000342s ]
INFO: [ app_begin ] --END-- [ RunTime:0.000377s ]
SQL: SHOW COLUMNS FROM `yk_set` [ RunTime:0.0007s ]
SQL: SELECT * FROM `yk_set` LIMIT 1   [ RunTime:0.0001s ]
SQL: SHOW COLUMNS FROM `yk_cms_set` [ RunTime:0.0004s ]
SQL: SELECT * FROM `yk_cms_set` LIMIT 1   [ RunTime:0.0001s ]
SQL: SHOW COLUMNS FROM `yk_shop_set` [ RunTime:0.0007s ]
SQL: SELECT * FROM `yk_shop_set` LIMIT 1   [ RunTime:0.0001s ]
SQL: SELECT * FROM `yk_shop_set` LIMIT 1   [ RunTime:0.0001s ]
SQL: SHOW COLUMNS FROM `yk_vip_set` [ RunTime:0.0006s ]
SQL: SELECT * FROM `yk_vip_set` LIMIT 1   [ RunTime:0.0001s ]
INFO: [ view_parse ] --START--
INFO: [ template_filter ] --START--
INFO: Run Behavior\ContentReplaceBehavior [ RunTime:0.000034s ]
INFO: [ template_filter ] --END-- [ RunTime:0.000075s ]
INFO: Run Behavior\ParseTemplateBehavior [ RunTime:0.004613s ]
INFO: [ view_parse ] --END-- [ RunTime:0.004647s ]
INFO: [ view_filter ] --START--
INFO: Run Behavior\WriteHtmlCacheBehavior [ RunTime:0.000121s ]
INFO: [ view_filter ] --END-- [ RunTime:0.000150s ]
SQL: SHOW COLUMNS FROM `yk_shop_order` [ RunTime:0.0009s ]
SQL: SELECT * FROM `yk_shop_order` WHERE `status` = 3 ORDER BY ctime desc LIMIT 0,20   [ RunTime:0.0011s ]
SQL: SELECT COUNT(*) AS tp_count FROM `yk_shop_order` WHERE `status` = 3 LIMIT 1   [ RunTime:0.0009s ]
INFO: [ view_parse ] --START--
INFO: [ template_filter ] --START--
INFO: Run Behavior\ContentReplaceBehavior [ RunTime:0.000057s ]
INFO: [ template_filter ] --END-- [ RunTime:-0.013593s ]
INFO: Run Behavior\ParseTemplateBehavior [ RunTime:0.011801s ]
INFO: [ view_parse ] --END-- [ RunTime:-0.004491s ]
INFO: [ view_filter ] --START--
INFO: Run Behavior\WriteHtmlCacheBehavior [ RunTime:0.000014s ]
INFO: [ view_filter ] --END-- [ RunTime:-0.016201s ]
INFO: [ app_end ] --START--
INFO: Run Behavior\ShowPageTraceBehavior [ RunTime:0.000380s ]
INFO: [ app_end ] --END-- [ RunTime:0.000418s ]

[ 2017-08-29T14:31:25+08:00 ] 101.226.102.78 /favicon.ico
INFO: [ app_init ] --START--
INFO: Run Behavior\BuildLiteBehavior [ RunTime:0.000011s ]
INFO: [ app_init ] --END-- [ RunTime:0.000255s ]

[ 2017-08-29T15:05:02+08:00 ] 111.161.59.193 /
INFO: [ app_init ] --START--
INFO: Run Behavior\BuildLiteBehavior [ RunTime:0.000011s ]
INFO: [ app_init ] --END-- [ RunTime:0.003279s ]
INFO: [ app_begin ] --START--
INFO: Run Behavior\ReadHtmlCacheBehavior [ RunTime:0.000327s ]
INFO: [ app_begin ] --END-- [ RunTime:0.000364s ]
SQL: SHOW COLUMNS FROM `yk_set` [ RunTime:0.0321s ]
SQL: SELECT * FROM `yk_set` LIMIT 1   [ RunTime:0.0042s ]
SQL: SHOW COLUMNS FROM `yk_cms_set` [ RunTime:0.0144s ]
SQL: SELECT * FROM `yk_cms_set` LIMIT 1   [ RunTime:0.0001s ]
SQL: SHOW COLUMNS FROM `yk_shop_set` [ RunTime:0.0007s ]
SQL: SELECT * FROM `yk_shop_set` LIMIT 1   [ RunTime:0.0002s ]

[ 2017-08-29T15:06:33+08:00 ] 220.181.132.197 /
INFO: [ app_init ] --START--
INFO: Run Behavior\BuildLiteBehavior [ RunTime:0.000012s ]
INFO: [ app_init ] --END-- [ RunTime:0.000261s ]
INFO: [ app_begin ] --START--
INFO: Run Behavior\ReadHtmlCacheBehavior [ RunTime:0.000329s ]
INFO: [ app_begin ] --END-- [ RunTime:0.000366s ]
SQL: SHOW COLUMNS FROM `yk_set` [ RunTime:0.0007s ]
SQL: SELECT * FROM `yk_set` LIMIT 1   [ RunTime:0.0001s ]
SQL: SHOW COLUMNS FROM `yk_cms_set` [ RunTime:0.0004s ]
SQL: SELECT * FROM `yk_cms_set` LIMIT 1   [ RunTime:0.0001s ]
SQL: SHOW COLUMNS FROM `yk_shop_set` [ RunTime:0.0007s ]
SQL: SELECT * FROM `yk_shop_set` LIMIT 1   [ RunTime:0.0001s ]

[ 2017-08-29T15:06:33+08:00 ] 220.181.132.197 /Admin/Public/login
INFO: [ app_init ] --START--
INFO: Run Behavior\BuildLiteBehavior [ RunTime:0.000011s ]
INFO: [ app_init ] --END-- [ RunTime:0.000259s ]
INFO: [ app_begin ] --START--
INFO: Run Behavior\ReadHtmlCacheBehavior [ RunTime:0.000353s ]
INFO: [ app_begin ] --END-- [ RunTime:0.000390s ]
SQL: SHOW COLUMNS FROM `yk_set` [ RunTime:0.0007s ]
SQL: SELECT * FROM `yk_set` LIMIT 1   [ RunTime:0.0001s ]
SQL: SHOW COLUMNS FROM `yk_cms_set` [ RunTime:0.0004s ]
SQL: SELECT * FROM `yk_cms_set` LIMIT 1   [ RunTime:0.0001s ]
SQL: SHOW COLUMNS FROM `yk_shop_set` [ RunTime:0.0008s ]
SQL: SELECT * FROM `yk_shop_set` LIMIT 1   [ RunTime:0.0002s ]
INFO: [ view_parse ] --START--
INFO: [ template_filter ] --START--
INFO: Run Behavior\ContentReplaceBehavior [ RunTime:0.000040s ]
INFO: [ template_filter ] --END-- [ RunTime:0.000077s ]
INFO: Run Behavior\ParseTemplateBehavior [ RunTime:0.004518s ]
INFO: [ view_parse ] --END-- [ RunTime:0.004553s ]
INFO: [ view_filter ] --START--
INFO: Run Behavior\WriteHtmlCacheBehavior [ RunTime:0.000115s ]
INFO: [ view_filter ] --END-- [ RunTime:0.000147s ]
INFO: [ app_end ] --START--
INFO: Run Behavior\ShowPageTraceBehavior [ RunTime:0.000343s ]
INFO: [ app_end ] --END-- [ RunTime:0.000376s ]

[ 2017-08-29T15:06:36+08:00 ] 106.120.162.108 /
INFO: [ app_init ] --START--
INFO: Run Behavior\BuildLiteBehavior [ RunTime:0.000013s ]
INFO: [ app_init ] --END-- [ RunTime:0.000283s ]
INFO: [ app_begin ] --START--
INFO: Run Behavior\ReadHtmlCacheBehavior [ RunTime:0.000400s ]
INFO: [ app_begin ] --END-- [ RunTime:0.000437s ]
SQL: SHOW COLUMNS FROM `yk_set` [ RunTime:0.0007s ]
SQL: SELECT * FROM `yk_set` LIMIT 1   [ RunTime:0.0002s ]
SQL: SHOW COLUMNS FROM `yk_cms_set` [ RunTime:0.0004s ]
SQL: SELECT * FROM `yk_cms_set` LIMIT 1   [ RunTime:0.0001s ]
SQL: SHOW COLUMNS FROM `yk_shop_set` [ RunTime:0.0008s ]
SQL: SELECT * FROM `yk_shop_set` LIMIT 1   [ RunTime:0.0002s ]

[ 2017-08-29T15:06:36+08:00 ] 106.120.162.108 /Admin/Public/login
INFO: [ app_init ] --START--
INFO: Run Behavior\BuildLiteBehavior [ RunTime:0.000011s ]
INFO: [ app_init ] --END-- [ RunTime:0.000265s ]
INFO: [ app_begin ] --START--
INFO: Run Behavior\ReadHtmlCacheBehavior [ RunTime:0.000326s ]
INFO: [ app_begin ] --END-- [ RunTime:0.000363s ]
SQL: SHOW COLUMNS FROM `yk_set` [ RunTime:0.0007s ]
SQL: SELECT * FROM `yk_set` LIMIT 1   [ RunTime:0.0001s ]
SQL: SHOW COLUMNS FROM `yk_cms_set` [ RunTime:0.0004s ]
SQL: SELECT * FROM `yk_cms_set` LIMIT 1   [ RunTime:0.0001s ]
SQL: SHOW COLUMNS FROM `yk_shop_set` [ RunTime:0.0007s ]
SQL: SELECT * FROM `yk_shop_set` LIMIT 1   [ RunTime:0.0001s ]
INFO: [ view_parse ] --START--
INFO: [ template_filter ] --START--
INFO: Run Behavior\ContentReplaceBehavior [ RunTime:0.000040s ]
INFO: [ template_filter ] --END-- [ RunTime:0.000077s ]
INFO: Run Behavior\ParseTemplateBehavior [ RunTime:0.004572s ]
INFO: [ view_parse ] --END-- [ RunTime:0.004608s ]
INFO: [ view_filter ] --START--
INFO: Run Behavior\WriteHtmlCacheBehavior [ RunTime:0.000116s ]
INFO: [ view_filter ] --END-- [ RunTime:0.000147s ]
INFO: [ app_end ] --START--
INFO: Run Behavior\ShowPageTraceBehavior [ RunTime:0.000338s ]
INFO: [ app_end ] --END-- [ RunTime:0.000370s ]

[ 2017-08-29T15:06:36+08:00 ] 106.120.162.108 /Admin/Public/verify
INFO: [ app_init ] --START--
INFO: Run Behavior\BuildLiteBehavior [ RunTime:0.000012s ]
INFO: [ app_init ] --END-- [ RunTime:0.000271s ]
INFO: [ app_begin ] --START--
INFO: Run Behavior\ReadHtmlCacheBehavior [ RunTime:0.000327s ]
INFO: [ app_begin ] --END-- [ RunTime:0.000371s ]
SQL: SHOW COLUMNS FROM `yk_set` [ RunTime:0.0007s ]
SQL: SELECT * FROM `yk_set` LIMIT 1   [ RunTime:0.0001s ]
SQL: SHOW COLUMNS FROM `yk_cms_set` [ RunTime:0.0004s ]
SQL: SELECT * FROM `yk_cms_set` LIMIT 1   [ RunTime:0.0001s ]
SQL: SHOW COLUMNS FROM `yk_shop_set` [ RunTime:0.0007s ]
SQL: SELECT * FROM `yk_shop_set` LIMIT 1   [ RunTime:0.0002s ]
INFO: [ app_end ] --START--
INFO: Run Behavior\ShowPageTraceBehavior [ RunTime:0.000362s ]
INFO: [ app_end ] --END-- [ RunTime:0.000405s ]

[ 2017-08-29T15:22:59+08:00 ] 125.39.210.27 /
INFO: [ app_init ] --START--
INFO: Run Behavior\BuildLiteBehavior [ RunTime:0.000010s ]
INFO: [ app_init ] --END-- [ RunTime:0.000249s ]
INFO: [ app_begin ] --START--
INFO: Run Behavior\ReadHtmlCacheBehavior [ RunTime:0.000356s ]
INFO: [ app_begin ] --END-- [ RunTime:0.000393s ]
SQL: SHOW COLUMNS FROM `yk_set` [ RunTime:0.0006s ]
SQL: SELECT * FROM `yk_set` LIMIT 1   [ RunTime:0.0001s ]
SQL: SHOW COLUMNS FROM `yk_cms_set` [ RunTime:0.0004s ]
SQL: SELECT * FROM `yk_cms_set` LIMIT 1   [ RunTime:0.0001s ]
SQL: SHOW COLUMNS FROM `yk_shop_set` [ RunTime:0.0007s ]
SQL: SELECT * FROM `yk_shop_set` LIMIT 1   [ RunTime:0.0001s ]

[ 2017-08-29T15:23:05+08:00 ] 111.30.137.185 /
INFO: [ app_init ] --START--
INFO: Run Behavior\BuildLiteBehavior [ RunTime:0.000015s ]
INFO: [ app_init ] --END-- [ RunTime:0.000274s ]
INFO: [ app_begin ] --START--
INFO: Run Behavior\ReadHtmlCacheBehavior [ RunTime:0.000329s ]
INFO: [ app_begin ] --END-- [ RunTime:0.000366s ]
SQL: SHOW COLUMNS FROM `yk_set` [ RunTime:0.0007s ]
SQL: SELECT * FROM `yk_set` LIMIT 1   [ RunTime:0.0001s ]
SQL: SHOW COLUMNS FROM `yk_cms_set` [ RunTime:0.0004s ]
SQL: SELECT * FROM `yk_cms_set` LIMIT 1   [ RunTime:0.0001s ]
SQL: SHOW COLUMNS FROM `yk_shop_set` [ RunTime:0.0007s ]
SQL: SELECT * FROM `yk_shop_set` LIMIT 1   [ RunTime:0.0001s ]

[ 2017-08-29T15:36:26+08:00 ] 183.232.90.79 /
INFO: [ app_init ] --START--
INFO: Run Behavior\BuildLiteBehavior [ RunTime:0.000012s ]
INFO: [ app_init ] --END-- [ RunTime:0.000257s ]
INFO: [ app_begin ] --START--
INFO: Run Behavior\ReadHtmlCacheBehavior [ RunTime:0.000322s ]
INFO: [ app_begin ] --END-- [ RunTime:0.000382s ]
SQL: SHOW COLUMNS FROM `yk_set` [ RunTime:0.0007s ]
SQL: SELECT * FROM `yk_set` LIMIT 1   [ RunTime:0.0002s ]
SQL: SHOW COLUMNS FROM `yk_cms_set` [ RunTime:0.0005s ]
SQL: SELECT * FROM `yk_cms_set` LIMIT 1   [ RunTime:0.0001s ]
SQL: SHOW COLUMNS FROM `yk_shop_set` [ RunTime:0.0009s ]
SQL: SELECT * FROM `yk_shop_set` LIMIT 1   [ RunTime:0.0015s ]

[ 2017-08-29T15:36:26+08:00 ] 163.177.69.13 /
INFO: [ app_init ] --START--
INFO: Run Behavior\BuildLiteBehavior [ RunTime:0.000010s ]
INFO: [ app_init ] --END-- [ RunTime:0.000243s ]
INFO: [ app_begin ] --START--
INFO: Run Behavior\ReadHtmlCacheBehavior [ RunTime:0.000351s ]
INFO: [ app_begin ] --END-- [ RunTime:0.000387s ]
SQL: SHOW COLUMNS FROM `yk_set` [ RunTime:0.0014s ]
SQL: SELECT * FROM `yk_set` LIMIT 1   [ RunTime:0.0001s ]
SQL: SHOW COLUMNS FROM `yk_cms_set` [ RunTime:0.0004s ]
SQL: SELECT * FROM `yk_cms_set` LIMIT 1   [ RunTime:0.0017s ]
SQL: SHOW COLUMNS FROM `yk_shop_set` [ RunTime:0.0007s ]
SQL: SELECT * FROM `yk_shop_set` LIMIT 1   [ RunTime:0.0002s ]

[ 2017-08-29T15:45:07+08:00 ] 140.207.54.187 /
INFO: [ app_init ] --START--
INFO: Run Behavior\BuildLiteBehavior [ RunTime:0.000012s ]
INFO: [ app_init ] --END-- [ RunTime:0.000259s ]
INFO: [ app_begin ] --START--
INFO: Run Behavior\ReadHtmlCacheBehavior [ RunTime:0.000339s ]
INFO: [ app_begin ] --END-- [ RunTime:0.000379s ]
SQL: SHOW COLUMNS FROM `yk_set` [ RunTime:0.0007s ]
SQL: SELECT * FROM `yk_set` LIMIT 1   [ RunTime:0.0001s ]
SQL: SHOW COLUMNS FROM `yk_cms_set` [ RunTime:0.0004s ]
SQL: SELECT * FROM `yk_cms_set` LIMIT 1   [ RunTime:0.0001s ]
SQL: SHOW COLUMNS FROM `yk_shop_set` [ RunTime:0.0008s ]
SQL: SELECT * FROM `yk_shop_set` LIMIT 1   [ RunTime:0.0001s ]

[ 2017-08-29T16:19:10+08:00 ] 183.232.118.14 /
INFO: [ app_init ] --START--
INFO: Run Behavior\BuildLiteBehavior [ RunTime:0.000013s ]
INFO: [ app_init ] --END-- [ RunTime:0.000263s ]
INFO: [ app_begin ] --START--
INFO: Run Behavior\ReadHtmlCacheBehavior [ RunTime:0.000348s ]
INFO: [ app_begin ] --END-- [ RunTime:0.000388s ]
SQL: SHOW COLUMNS FROM `yk_set` [ RunTime:0.0008s ]
SQL: SELECT * FROM `yk_set` LIMIT 1   [ RunTime:0.0002s ]
SQL: SHOW COLUMNS FROM `yk_cms_set` [ RunTime:0.0005s ]
SQL: SELECT * FROM `yk_cms_set` LIMIT 1   [ RunTime:0.0001s ]
SQL: SHOW COLUMNS FROM `yk_shop_set` [ RunTime:0.0008s ]
SQL: SELECT * FROM `yk_shop_set` LIMIT 1   [ RunTime:0.0001s ]

[ 2017-08-29T16:19:10+08:00 ] 163.177.69.107 /
INFO: [ app_init ] --START--
INFO: Run Behavior\BuildLiteBehavior [ RunTime:0.000012s ]
INFO: [ app_init ] --END-- [ RunTime:0.000264s ]
INFO: [ app_begin ] --START--
INFO: Run Behavior\ReadHtmlCacheBehavior [ RunTime:0.003362s ]
INFO: [ app_begin ] --END-- [ RunTime:0.003402s ]
SQL: SHOW COLUMNS FROM `yk_set` [ RunTime:0.0007s ]
SQL: SELECT * FROM `yk_set` LIMIT 1   [ RunTime:0.0001s ]
SQL: SHOW COLUMNS FROM `yk_cms_set` [ RunTime:0.0039s ]
SQL: SELECT * FROM `yk_cms_set` LIMIT 1   [ RunTime:0.0001s ]
SQL: SHOW COLUMNS FROM `yk_shop_set` [ RunTime:0.0007s ]
SQL: SELECT * FROM `yk_shop_set` LIMIT 1   [ RunTime:0.0001s ]

[ 2017-08-29T16:32:43+08:00 ] 61.49.57.55 /
INFO: [ app_init ] --START--
INFO: Run Behavior\BuildLiteBehavior [ RunTime:0.000014s ]
INFO: [ app_init ] --END-- [ RunTime:0.000270s ]
INFO: [ app_begin ] --START--
INFO: Run Behavior\ReadHtmlCacheBehavior [ RunTime:0.000352s ]
INFO: [ app_begin ] --END-- [ RunTime:0.000390s ]
SQL: SHOW COLUMNS FROM `yk_set` [ RunTime:0.0008s ]
SQL: SELECT * FROM `yk_set` LIMIT 1   [ RunTime:0.0001s ]
SQL: SHOW COLUMNS FROM `yk_cms_set` [ RunTime:0.0004s ]
SQL: SELECT * FROM `yk_cms_set` LIMIT 1   [ RunTime:0.0001s ]
SQL: SHOW COLUMNS FROM `yk_shop_set` [ RunTime:0.0008s ]
SQL: SELECT * FROM `yk_shop_set` LIMIT 1   [ RunTime:0.0001s ]

[ 2017-08-29T16:32:44+08:00 ] 111.30.132.212 /
INFO: [ app_init ] --START--
INFO: Run Behavior\BuildLiteBehavior [ RunTime:0.000012s ]
INFO: [ app_init ] --END-- [ RunTime:0.000264s ]
INFO: [ app_begin ] --START--
INFO: Run Behavior\ReadHtmlCacheBehavior [ RunTime:0.000352s ]
INFO: [ app_begin ] --END-- [ RunTime:0.000389s ]
SQL: SHOW COLUMNS FROM `yk_set` [ RunTime:0.0007s ]
SQL: SELECT * FROM `yk_set` LIMIT 1   [ RunTime:0.0002s ]
SQL: SHOW COLUMNS FROM `yk_cms_set` [ RunTime:0.0004s ]
SQL: SELECT * FROM `yk_cms_set` LIMIT 1   [ RunTime:0.0001s ]
SQL: SHOW COLUMNS FROM `yk_shop_set` [ RunTime:0.0007s ]
SQL: SELECT * FROM `yk_shop_set` LIMIT 1   [ RunTime:0.0001s ]

[ 2017-08-29T16:53:42+08:00 ] 123.126.118.139 /
INFO: [ app_init ] --START--
INFO: Run Behavior\BuildLiteBehavior [ RunTime:0.000011s ]
INFO: [ app_init ] --END-- [ RunTime:0.000257s ]
INFO: [ app_begin ] --START--
INFO: Run Behavior\ReadHtmlCacheBehavior [ RunTime:0.003282s ]
INFO: [ app_begin ] --END-- [ RunTime:0.003321s ]
SQL: SHOW COLUMNS FROM `yk_set` [ RunTime:0.0005s ]
SQL: SELECT * FROM `yk_set` LIMIT 1   [ RunTime:0.0001s ]
SQL: SHOW COLUMNS FROM `yk_cms_set` [ RunTime:0.0005s ]
SQL: SELECT * FROM `yk_cms_set` LIMIT 1   [ RunTime:0.0001s ]
SQL: SHOW COLUMNS FROM `yk_shop_set` [ RunTime:0.0007s ]
SQL: SELECT * FROM `yk_shop_set` LIMIT 1   [ RunTime:0.0043s ]

[ 2017-08-29T17:07:10+08:00 ] 58.217.192.54 /
INFO: [ app_init ] --START--
INFO: Run Behavior\BuildLiteBehavior [ RunTime:0.000013s ]
INFO: [ app_init ] --END-- [ RunTime:0.000285s ]
INFO: [ app_begin ] --START--
INFO: Run Behavior\ReadHtmlCacheBehavior [ RunTime:0.000323s ]
INFO: [ app_begin ] --END-- [ RunTime:0.000362s ]
SQL: SHOW COLUMNS FROM `yk_set` [ RunTime:0.0008s ]
SQL: SELECT * FROM `yk_set` LIMIT 1   [ RunTime:0.0001s ]
SQL: SHOW COLUMNS FROM `yk_cms_set` [ RunTime:0.0004s ]
SQL: SELECT * FROM `yk_cms_set` LIMIT 1   [ RunTime:0.0001s ]
SQL: SHOW COLUMNS FROM `yk_shop_set` [ RunTime:0.0008s ]
SQL: SELECT * FROM `yk_shop_set` LIMIT 1   [ RunTime:0.0001s ]

[ 2017-08-29T17:54:10+08:00 ] 111.161.57.52 /
INFO: [ app_init ] --START--
INFO: Run Behavior\BuildLiteBehavior [ RunTime:0.000019s ]
INFO: [ app_init ] --END-- [ RunTime:0.000304s ]
INFO: [ app_begin ] --START--
INFO: Run Behavior\ReadHtmlCacheBehavior [ RunTime:0.000692s ]
INFO: [ app_begin ] --END-- [ RunTime:0.000731s ]
SQL: SHOW COLUMNS FROM `yk_set` [ RunTime:0.0009s ]
SQL: SELECT * FROM `yk_set` LIMIT 1   [ RunTime:0.0002s ]
SQL: SHOW COLUMNS FROM `yk_cms_set` [ RunTime:0.0004s ]
SQL: SELECT * FROM `yk_cms_set` LIMIT 1   [ RunTime:0.0001s ]
SQL: SHOW COLUMNS FROM `yk_shop_set` [ RunTime:0.0007s ]
SQL: SELECT * FROM `yk_shop_set` LIMIT 1   [ RunTime:0.0002s ]

[ 2017-08-29T17:54:14+08:00 ] 111.30.131.212 /
INFO: [ app_init ] --START--
INFO: Run Behavior\BuildLiteBehavior [ RunTime:0.000014s ]
INFO: [ app_init ] --END-- [ RunTime:0.000275s ]
INFO: [ app_begin ] --START--
INFO: Run Behavior\ReadHtmlCacheBehavior [ RunTime:0.000394s ]
INFO: [ app_begin ] --END-- [ RunTime:0.000433s ]
SQL: SHOW COLUMNS FROM `yk_set` [ RunTime:0.0007s ]
SQL: SELECT * FROM `yk_set` LIMIT 1   [ RunTime:0.0001s ]
SQL: SHOW COLUMNS FROM `yk_cms_set` [ RunTime:0.0004s ]
SQL: SELECT * FROM `yk_cms_set` LIMIT 1   [ RunTime:0.0001s ]
SQL: SHOW COLUMNS FROM `yk_shop_set` [ RunTime:0.0009s ]
SQL: SELECT * FROM `yk_shop_set` LIMIT 1   [ RunTime:0.0001s ]

[ 2017-08-29T18:09:21+08:00 ] 125.39.210.27 /
INFO: [ app_init ] --START--
INFO: Run Behavior\BuildLiteBehavior [ RunTime:0.000012s ]
INFO: [ app_init ] --END-- [ RunTime:0.000256s ]
INFO: [ app_begin ] --START--
INFO: Run Behavior\ReadHtmlCacheBehavior [ RunTime:0.000331s ]
INFO: [ app_begin ] --END-- [ RunTime:0.000370s ]
SQL: SHOW COLUMNS FROM `yk_set` [ RunTime:0.0009s ]
SQL: SELECT * FROM `yk_set` LIMIT 1   [ RunTime:0.0009s ]
SQL: SHOW COLUMNS FROM `yk_cms_set` [ RunTime:0.0015s ]
SQL: SELECT * FROM `yk_cms_set` LIMIT 1   [ RunTime:0.0013s ]
SQL: SHOW COLUMNS FROM `yk_shop_set` [ RunTime:0.0010s ]
SQL: SELECT * FROM `yk_shop_set` LIMIT 1   [ RunTime:0.0029s ]

[ 2017-08-29T18:09:21+08:00 ] 111.30.137.185 /
INFO: [ app_init ] --START--
INFO: Run Behavior\BuildLiteBehavior [ RunTime:0.000012s ]
INFO: [ app_init ] --END-- [ RunTime:0.000300s ]
INFO: [ app_begin ] --START--
INFO: Run Behavior\ReadHtmlCacheBehavior [ RunTime:0.000331s ]
INFO: [ app_begin ] --END-- [ RunTime:0.000377s ]
SQL: SHOW COLUMNS FROM `yk_set` [ RunTime:0.0010s ]
SQL: SELECT * FROM `yk_set` LIMIT 1   [ RunTime:0.0008s ]
SQL: SHOW COLUMNS FROM `yk_cms_set` [ RunTime:0.0013s ]
SQL: SELECT * FROM `yk_cms_set` LIMIT 1   [ RunTime:0.0013s ]
SQL: SHOW COLUMNS FROM `yk_shop_set` [ RunTime:0.0007s ]
SQL: SELECT * FROM `yk_shop_set` LIMIT 1   [ RunTime:0.0023s ]

[ 2017-08-29T19:47:19+08:00 ] 163.177.93.243 /
INFO: [ app_init ] --START--
INFO: Run Behavior\BuildLiteBehavior [ RunTime:0.000011s ]
INFO: [ app_init ] --END-- [ RunTime:0.000250s ]
INFO: [ app_begin ] --START--
INFO: Run Behavior\ReadHtmlCacheBehavior [ RunTime:0.000327s ]
INFO: [ app_begin ] --END-- [ RunTime:0.000364s ]
SQL: SHOW COLUMNS FROM `yk_set` [ RunTime:0.0006s ]
SQL: SELECT * FROM `yk_set` LIMIT 1   [ RunTime:0.0017s ]
SQL: SHOW COLUMNS FROM `yk_cms_set` [ RunTime:0.0149s ]
SQL: SELECT * FROM `yk_cms_set` LIMIT 1   [ RunTime:0.0001s ]
SQL: SHOW COLUMNS FROM `yk_shop_set` [ RunTime:0.0007s ]
SQL: SELECT * FROM `yk_shop_set` LIMIT 1   [ RunTime:0.0001s ]

[ 2017-08-29T19:47:19+08:00 ] 183.232.90.143 /
INFO: [ app_init ] --START--
INFO: Run Behavior\BuildLiteBehavior [ RunTime:0.000011s ]
INFO: [ app_init ] --END-- [ RunTime:0.003280s ]
INFO: [ app_begin ] --START--
INFO: Run Behavior\ReadHtmlCacheBehavior [ RunTime:0.000332s ]
INFO: [ app_begin ] --END-- [ RunTime:0.000370s ]
SQL: SHOW COLUMNS FROM `yk_set` [ RunTime:0.0144s ]
SQL: SELECT * FROM `yk_set` LIMIT 1   [ RunTime:0.0001s ]
SQL: SHOW COLUMNS FROM `yk_cms_set` [ RunTime:0.0003s ]
SQL: SELECT * FROM `yk_cms_set` LIMIT 1   [ RunTime:0.0001s ]
SQL: SHOW COLUMNS FROM `yk_shop_set` [ RunTime:0.0006s ]
SQL: SELECT * FROM `yk_shop_set` LIMIT 1   [ RunTime:0.0001s ]

[ 2017-08-29T20:13:07+08:00 ] 163.177.93.241 /
INFO: [ app_init ] --START--
INFO: Run Behavior\BuildLiteBehavior [ RunTime:0.000014s ]
INFO: [ app_init ] --END-- [ RunTime:0.000282s ]
INFO: [ app_begin ] --START--
INFO: Run Behavior\ReadHtmlCacheBehavior [ RunTime:0.000330s ]
INFO: [ app_begin ] --END-- [ RunTime:0.000369s ]
SQL: SHOW COLUMNS FROM `yk_set` [ RunTime:0.0007s ]
SQL: SELECT * FROM `yk_set` LIMIT 1   [ RunTime:0.0001s ]
SQL: SHOW COLUMNS FROM `yk_cms_set` [ RunTime:0.0005s ]
SQL: SELECT * FROM `yk_cms_set` LIMIT 1   [ RunTime:0.0001s ]
SQL: SHOW COLUMNS FROM `yk_shop_set` [ RunTime:0.0041s ]
SQL: SELECT * FROM `yk_shop_set` LIMIT 1   [ RunTime:0.0002s ]

[ 2017-08-29T20:13:07+08:00 ] 183.232.120.37 /
INFO: [ app_init ] --START--
INFO: Run Behavior\BuildLiteBehavior [ RunTime:0.000010s ]
INFO: [ app_init ] --END-- [ RunTime:0.000285s ]
INFO: [ app_begin ] --START--
INFO: Run Behavior\ReadHtmlCacheBehavior [ RunTime:0.000339s ]
INFO: [ app_begin ] --END-- [ RunTime:0.000377s ]
SQL: SHOW COLUMNS FROM `yk_set` [ RunTime:0.0005s ]
SQL: SELECT * FROM `yk_set` LIMIT 1   [ RunTime:0.0001s ]
SQL: SHOW COLUMNS FROM `yk_cms_set` [ RunTime:0.0004s ]
SQL: SELECT * FROM `yk_cms_set` LIMIT 1   [ RunTime:0.0001s ]
SQL: SHOW COLUMNS FROM `yk_shop_set` [ RunTime:0.0007s ]
SQL: SELECT * FROM `yk_shop_set` LIMIT 1   [ RunTime:0.0002s ]

[ 2017-08-29T20:49:16+08:00 ] 163.177.93.224 /
INFO: [ app_init ] --START--
INFO: Run Behavior\BuildLiteBehavior [ RunTime:0.000011s ]
INFO: [ app_init ] --END-- [ RunTime:0.000252s ]
INFO: [ app_begin ] --START--
INFO: Run Behavior\ReadHtmlCacheBehavior [ RunTime:0.000329s ]
INFO: [ app_begin ] --END-- [ RunTime:0.000367s ]
SQL: SHOW COLUMNS FROM `yk_set` [ RunTime:0.0007s ]
SQL: SELECT * FROM `yk_set` LIMIT 1   [ RunTime:0.0002s ]
SQL: SHOW COLUMNS FROM `yk_cms_set` [ RunTime:0.0005s ]
SQL: SELECT * FROM `yk_cms_set` LIMIT 1   [ RunTime:0.0001s ]
SQL: SHOW COLUMNS FROM `yk_shop_set` [ RunTime:0.0007s ]
SQL: SELECT * FROM `yk_shop_set` LIMIT 1   [ RunTime:0.0002s ]

[ 2017-08-29T20:49:16+08:00 ] 183.232.120.38 /
INFO: [ app_init ] --START--
INFO: Run Behavior\BuildLiteBehavior [ RunTime:0.000012s ]
INFO: [ app_init ] --END-- [ RunTime:0.000280s ]
INFO: [ app_begin ] --START--
INFO: Run Behavior\ReadHtmlCacheBehavior [ RunTime:0.000328s ]
INFO: [ app_begin ] --END-- [ RunTime:0.000366s ]
SQL: SHOW COLUMNS FROM `yk_set` [ RunTime:0.0007s ]
SQL: SELECT * FROM `yk_set` LIMIT 1   [ RunTime:0.0001s ]
SQL: SHOW COLUMNS FROM `yk_cms_set` [ RunTime:0.0004s ]
SQL: SELECT * FROM `yk_cms_set` LIMIT 1   [ RunTime:0.0001s ]
SQL: SHOW COLUMNS FROM `yk_shop_set` [ RunTime:0.0007s ]
SQL: SELECT * FROM `yk_shop_set` LIMIT 1   [ RunTime:0.0002s ]

[ 2017-08-29T22:37:15+08:00 ] 163.177.69.107 /
INFO: [ app_init ] --START--
INFO: Run Behavior\BuildLiteBehavior [ RunTime:0.000013s ]
INFO: [ app_init ] --END-- [ RunTime:0.000289s ]
INFO: [ app_begin ] --START--
INFO: Run Behavior\ReadHtmlCacheBehavior [ RunTime:0.000329s ]
INFO: [ app_begin ] --END-- [ RunTime:0.000366s ]
SQL: SHOW COLUMNS FROM `yk_set` [ RunTime:0.0007s ]
SQL: SELECT * FROM `yk_set` LIMIT 1   [ RunTime:0.0001s ]
SQL: SHOW COLUMNS FROM `yk_cms_set` [ RunTime:0.0005s ]
SQL: SELECT * FROM `yk_cms_set` LIMIT 1   [ RunTime:0.0001s ]
SQL: SHOW COLUMNS FROM `yk_shop_set` [ RunTime:0.0008s ]
SQL: SELECT * FROM `yk_shop_set` LIMIT 1   [ RunTime:0.0001s ]

[ 2017-08-29T22:37:16+08:00 ] 183.232.90.36 /
INFO: [ app_init ] --START--
INFO: Run Behavior\BuildLiteBehavior [ RunTime:0.000015s ]
INFO: [ app_init ] --END-- [ RunTime:0.000300s ]
INFO: [ app_begin ] --START--
INFO: Run Behavior\ReadHtmlCacheBehavior [ RunTime:0.000334s ]
INFO: [ app_begin ] --END-- [ RunTime:0.000372s ]
SQL: SHOW COLUMNS FROM `yk_set` [ RunTime:0.0008s ]
SQL: SELECT * FROM `yk_set` LIMIT 1   [ RunTime:0.0002s ]
SQL: SHOW COLUMNS FROM `yk_cms_set` [ RunTime:0.0004s ]
SQL: SELECT * FROM `yk_cms_set` LIMIT 1   [ RunTime:0.0001s ]
SQL: SHOW COLUMNS FROM `yk_shop_set` [ RunTime:0.0008s ]
SQL: SELECT * FROM `yk_shop_set` LIMIT 1   [ RunTime:0.0002s ]

[ 2017-08-29T23:05:08+08:00 ] 163.177.13.2 /
INFO: [ app_init ] --START--
INFO: Run Behavior\BuildLiteBehavior [ RunTime:0.000013s ]
INFO: [ app_init ] --END-- [ RunTime:0.000268s ]
INFO: [ app_begin ] --START--
INFO: Run Behavior\ReadHtmlCacheBehavior [ RunTime:0.000328s ]
INFO: [ app_begin ] --END-- [ RunTime:0.000367s ]
SQL: SHOW COLUMNS FROM `yk_set` [ RunTime:0.0010s ]
SQL: SELECT * FROM `yk_set` LIMIT 1   [ RunTime:0.0002s ]
SQL: SHOW COLUMNS FROM `yk_cms_set` [ RunTime:0.0004s ]
SQL: SELECT * FROM `yk_cms_set` LIMIT 1   [ RunTime:0.0001s ]
SQL: SHOW COLUMNS FROM `yk_shop_set` [ RunTime:0.0008s ]
SQL: SELECT * FROM `yk_shop_set` LIMIT 1   [ RunTime:0.0001s ]

[ 2017-08-29T23:37:57+08:00 ] 140.207.63.103 /
INFO: [ app_init ] --START--
INFO: Run Behavior\BuildLiteBehavior [ RunTime:0.000012s ]
INFO: [ app_init ] --END-- [ RunTime:0.000261s ]
INFO: [ app_begin ] --START--
INFO: Run Behavior\ReadHtmlCacheBehavior [ RunTime:0.000422s ]
INFO: [ app_begin ] --END-- [ RunTime:0.000485s ]
SQL: SHOW COLUMNS FROM `yk_set` [ RunTime:0.0007s ]
SQL: SELECT * FROM `yk_set` LIMIT 1   [ RunTime:0.0001s ]
SQL: SHOW COLUMNS FROM `yk_cms_set` [ RunTime:0.0004s ]
SQL: SELECT * FROM `yk_cms_set` LIMIT 1   [ RunTime:0.0001s ]
SQL: SHOW COLUMNS FROM `yk_shop_set` [ RunTime:0.0008s ]
SQL: SELECT * FROM `yk_shop_set` LIMIT 1   [ RunTime:0.0001s ]

[ 2017-08-29T23:38:07+08:00 ] 117.185.117.37 /
INFO: [ app_init ] --START--
INFO: Run Behavior\BuildLiteBehavior [ RunTime:0.000012s ]
INFO: [ app_init ] --END-- [ RunTime:0.000287s ]
INFO: [ app_begin ] --START--
INFO: Run Behavior\ReadHtmlCacheBehavior [ RunTime:0.000328s ]
INFO: [ app_begin ] --END-- [ RunTime:0.000365s ]
SQL: SHOW COLUMNS FROM `yk_set` [ RunTime:0.0007s ]
SQL: SELECT * FROM `yk_set` LIMIT 1   [ RunTime:0.0001s ]
SQL: SHOW COLUMNS FROM `yk_cms_set` [ RunTime:0.0004s ]
SQL: SELECT * FROM `yk_cms_set` LIMIT 1   [ RunTime:0.0001s ]
SQL: SHOW COLUMNS FROM `yk_shop_set` [ RunTime:0.0007s ]
SQL: SELECT * FROM `yk_shop_set` LIMIT 1   [ RunTime:0.0002s ]

