[ 2017-03-29T01:34:54+08:00 ] 140.205.201.46 /
INFO: [ app_init ] --START--
INFO: Run Behavior\BuildLiteBehavior [ RunTime:0.000012s ]
INFO: [ app_init ] --END-- [ RunTime:0.000288s ]
INFO: [ app_begin ] --START--
INFO: Run Behavior\ReadHtmlCacheBehavior [ RunTime:0.000325s ]
INFO: [ app_begin ] --END-- [ RunTime:0.000362s ]
SQL: SHOW COLUMNS FROM `yk_set` [ RunTime:0.0007s ]
SQL: SELECT * FROM `yk_set` LIMIT 1   [ RunTime:0.0002s ]
SQL: SHOW COLUMNS FROM `yk_cms_set` [ RunTime:0.0004s ]
SQL: SELECT * FROM `yk_cms_set` LIMIT 1   [ RunTime:0.0001s ]
SQL: SHOW COLUMNS FROM `yk_shop_set` [ RunTime:0.0008s ]
SQL: SELECT * FROM `yk_shop_set` LIMIT 1   [ RunTime:0.0002s ]

[ 2017-03-29T01:34:59+08:00 ] 140.205.201.46 /favicon.ico
INFO: [ app_init ] --START--
INFO: Run Behavior\BuildLiteBehavior [ RunTime:0.000012s ]
INFO: [ app_init ] --END-- [ RunTime:0.000261s ]

[ 2017-03-29T01:34:59+08:00 ] 140.205.201.46 /editors/index.html
INFO: [ app_init ] --START--
INFO: Run Behavior\BuildLiteBehavior [ RunTime:0.000012s ]
INFO: [ app_init ] --END-- [ RunTime:0.000259s ]
INFO: [ app_begin ] --START--
INFO: Run Behavior\ReadHtmlCacheBehavior [ RunTime:0.000346s ]
INFO: [ app_begin ] --END-- [ RunTime:0.000388s ]
ERR: 无法加载控制器:Editors

[ 2017-03-29T01:35:16+08:00 ] 140.205.201.46 /favicon.ico
INFO: [ app_init ] --START--
INFO: Run Behavior\BuildLiteBehavior [ RunTime:0.000012s ]
INFO: [ app_init ] --END-- [ RunTime:0.000327s ]

[ 2017-03-29T01:35:35+08:00 ] 140.205.201.46 /LICENSE.txt
INFO: [ app_init ] --START--
INFO: Run Behavior\BuildLiteBehavior [ RunTime:0.000013s ]
INFO: [ app_init ] --END-- [ RunTime:0.000260s ]
INFO: [ app_begin ] --START--
INFO: Run Behavior\ReadHtmlCacheBehavior [ RunTime:0.000333s ]
INFO: [ app_begin ] --END-- [ RunTime:0.000371s ]
ERR: 无法加载控制器:LICENSE

[ 2017-03-29T01:35:36+08:00 ] 140.205.201.46 /skin/frontend/base/default/favicon.ico
INFO: [ app_init ] --START--
INFO: Run Behavior\BuildLiteBehavior [ RunTime:0.000013s ]
INFO: [ app_init ] --END-- [ RunTime:0.000282s ]

[ 2017-03-29T01:35:37+08:00 ] 140.205.201.46 /extensions/kindeditor/themes/default/default.png)
INFO: [ app_init ] --START--
INFO: Run Behavior\BuildLiteBehavior [ RunTime:0.000014s ]
INFO: [ app_init ] --END-- [ RunTime:0.000436s ]
NOTIC: [2] preg_replace(): Compilation failed: unmatched parentheses at offset 5 /mnt/wwwroot/yikang.mubantang.com/ThinkPHP/Library/Think/Dispatcher.class.php 第 127 行.
NOTIC: [2] preg_replace(): Compilation failed: unmatched parentheses at offset 5 /mnt/wwwroot/yikang.mubantang.com/ThinkPHP/Library/Think/Dispatcher.class.php 第 207 行.
INFO: [ app_begin ] --START--
INFO: Run Behavior\ReadHtmlCacheBehavior [ RunTime:0.000362s ]
INFO: [ app_begin ] --END-- [ RunTime:0.000398s ]
SQL: SHOW COLUMNS FROM `yk_set` [ RunTime:0.0007s ]
SQL: SELECT * FROM `yk_set` LIMIT 1   [ RunTime:0.0002s ]
SQL: SHOW COLUMNS FROM `yk_cms_set` [ RunTime:0.0004s ]
SQL: SELECT * FROM `yk_cms_set` LIMIT 1   [ RunTime:0.0001s ]
SQL: SHOW COLUMNS FROM `yk_shop_set` [ RunTime:0.0009s ]
SQL: SELECT * FROM `yk_shop_set` LIMIT 1   [ RunTime:0.0002s ]

[ 2017-03-29T01:35:37+08:00 ] 140.205.201.46 /Admin/Public/login
INFO: [ app_init ] --START--
INFO: Run Behavior\BuildLiteBehavior [ RunTime:0.000013s ]
INFO: [ app_init ] --END-- [ RunTime:0.000280s ]
INFO: [ app_begin ] --START--
INFO: Run Behavior\ReadHtmlCacheBehavior [ RunTime:0.000323s ]
INFO: [ app_begin ] --END-- [ RunTime:0.000361s ]
SQL: SHOW COLUMNS FROM `yk_set` [ RunTime:0.0006s ]
SQL: SELECT * FROM `yk_set` LIMIT 1   [ RunTime:0.0001s ]
SQL: SHOW COLUMNS FROM `yk_cms_set` [ RunTime:0.0004s ]
SQL: SELECT * FROM `yk_cms_set` LIMIT 1   [ RunTime:0.0001s ]
SQL: SHOW COLUMNS FROM `yk_shop_set` [ RunTime:0.0008s ]
SQL: SELECT * FROM `yk_shop_set` LIMIT 1   [ RunTime:0.0002s ]
NOTIC: [8] Undefined index: uid /mnt/wwwroot/yikang.mubantang.com/Application/Admin/Controller/PublicController.class.php 第 49 行.
INFO: [ view_parse ] --START--
INFO: [ template_filter ] --START--
INFO: Run Behavior\ContentReplaceBehavior [ RunTime:0.000049s ]
INFO: [ template_filter ] --END-- [ RunTime:0.000102s ]
INFO: Run Behavior\ParseTemplateBehavior [ RunTime:0.016001s ]
INFO: [ view_parse ] --END-- [ RunTime:0.016040s ]
INFO: [ view_filter ] --START--
INFO: Run Behavior\WriteHtmlCacheBehavior [ RunTime:0.000140s ]
INFO: [ view_filter ] --END-- [ RunTime:0.000173s ]
INFO: [ app_end ] --START--
INFO: Run Behavior\ShowPageTraceBehavior [ RunTime:0.000355s ]
INFO: [ app_end ] --END-- [ RunTime:0.000390s ]

[ 2017-03-29T09:03:53+08:00 ] 183.232.90.65 /
INFO: [ app_init ] --START--
INFO: Run Behavior\BuildLiteBehavior [ RunTime:0.000013s ]
INFO: [ app_init ] --END-- [ RunTime:0.000265s ]
INFO: [ app_begin ] --START--
INFO: Run Behavior\ReadHtmlCacheBehavior [ RunTime:0.000327s ]
INFO: [ app_begin ] --END-- [ RunTime:0.000387s ]
SQL: SHOW COLUMNS FROM `yk_set` [ RunTime:0.0007s ]
SQL: SELECT * FROM `yk_set` LIMIT 1   [ RunTime:0.0005s ]
SQL: SHOW COLUMNS FROM `yk_cms_set` [ RunTime:0.0013s ]
SQL: SELECT * FROM `yk_cms_set` LIMIT 1   [ RunTime:0.0001s ]
SQL: SHOW COLUMNS FROM `yk_shop_set` [ RunTime:0.0008s ]
SQL: SELECT * FROM `yk_shop_set` LIMIT 1   [ RunTime:0.0002s ]

[ 2017-03-29T09:03:53+08:00 ] 163.177.69.13 /
INFO: [ app_init ] --START--
INFO: Run Behavior\BuildLiteBehavior [ RunTime:0.000010s ]
INFO: [ app_init ] --END-- [ RunTime:0.000246s ]
INFO: [ app_begin ] --START--
INFO: Run Behavior\ReadHtmlCacheBehavior [ RunTime:0.000333s ]
INFO: [ app_begin ] --END-- [ RunTime:0.000372s ]
SQL: SHOW COLUMNS FROM `yk_set` [ RunTime:0.0005s ]
SQL: SELECT * FROM `yk_set` LIMIT 1   [ RunTime:0.0005s ]
SQL: SHOW COLUMNS FROM `yk_cms_set` [ RunTime:0.0004s ]
SQL: SELECT * FROM `yk_cms_set` LIMIT 1   [ RunTime:0.0001s ]
SQL: SHOW COLUMNS FROM `yk_shop_set` [ RunTime:0.0007s ]
SQL: SELECT * FROM `yk_shop_set` LIMIT 1   [ RunTime:0.0002s ]

[ 2017-03-29T10:00:38+08:00 ] 123.151.138.60 /
INFO: [ app_init ] --START--
INFO: Run Behavior\BuildLiteBehavior [ RunTime:0.000010s ]
INFO: [ app_init ] --END-- [ RunTime:0.000246s ]
INFO: [ app_begin ] --START--
INFO: Run Behavior\ReadHtmlCacheBehavior [ RunTime:0.000324s ]
INFO: [ app_begin ] --END-- [ RunTime:0.000361s ]
SQL: SHOW COLUMNS FROM `yk_set` [ RunTime:0.0008s ]
SQL: SELECT * FROM `yk_set` LIMIT 1   [ RunTime:0.0022s ]
SQL: SHOW COLUMNS FROM `yk_cms_set` [ RunTime:0.0004s ]
SQL: SELECT * FROM `yk_cms_set` LIMIT 1   [ RunTime:0.0001s ]
SQL: SHOW COLUMNS FROM `yk_shop_set` [ RunTime:0.0008s ]
SQL: SELECT * FROM `yk_shop_set` LIMIT 1   [ RunTime:0.0014s ]

[ 2017-03-29T10:00:40+08:00 ] 111.30.137.183 /
INFO: [ app_init ] --START--
INFO: Run Behavior\BuildLiteBehavior [ RunTime:0.000016s ]
INFO: [ app_init ] --END-- [ RunTime:0.000300s ]
INFO: [ app_begin ] --START--
INFO: Run Behavior\ReadHtmlCacheBehavior [ RunTime:0.000357s ]
INFO: [ app_begin ] --END-- [ RunTime:0.000396s ]
SQL: SHOW COLUMNS FROM `yk_set` [ RunTime:0.0007s ]
SQL: SELECT * FROM `yk_set` LIMIT 1   [ RunTime:0.0002s ]
SQL: SHOW COLUMNS FROM `yk_cms_set` [ RunTime:0.0004s ]
SQL: SELECT * FROM `yk_cms_set` LIMIT 1   [ RunTime:0.0001s ]
SQL: SHOW COLUMNS FROM `yk_shop_set` [ RunTime:0.0008s ]
SQL: SELECT * FROM `yk_shop_set` LIMIT 1   [ RunTime:0.0002s ]

[ 2017-03-29T10:15:51+08:00 ] 111.30.132.208 /
INFO: [ app_init ] --START--
INFO: Run Behavior\BuildLiteBehavior [ RunTime:0.000017s ]
INFO: [ app_init ] --END-- [ RunTime:0.000316s ]
INFO: [ app_begin ] --START--
INFO: Run Behavior\ReadHtmlCacheBehavior [ RunTime:0.000373s ]
INFO: [ app_begin ] --END-- [ RunTime:0.000412s ]
SQL: SHOW COLUMNS FROM `yk_set` [ RunTime:0.0007s ]
SQL: SELECT * FROM `yk_set` LIMIT 1   [ RunTime:0.0002s ]
SQL: SHOW COLUMNS FROM `yk_cms_set` [ RunTime:0.0004s ]
SQL: SELECT * FROM `yk_cms_set` LIMIT 1   [ RunTime:0.0001s ]
SQL: SHOW COLUMNS FROM `yk_shop_set` [ RunTime:0.0008s ]
SQL: SELECT * FROM `yk_shop_set` LIMIT 1   [ RunTime:0.0002s ]

[ 2017-03-29T10:52:57+08:00 ] 140.205.201.33 /
INFO: [ app_init ] --START--
INFO: Run Behavior\BuildLiteBehavior [ RunTime:0.000012s ]
INFO: [ app_init ] --END-- [ RunTime:0.000260s ]
INFO: [ app_begin ] --START--
INFO: Run Behavior\ReadHtmlCacheBehavior [ RunTime:0.000326s ]
INFO: [ app_begin ] --END-- [ RunTime:0.000364s ]
SQL: SHOW COLUMNS FROM `yk_set` [ RunTime:0.0007s ]
SQL: SELECT * FROM `yk_set` LIMIT 1   [ RunTime:0.0001s ]
SQL: SHOW COLUMNS FROM `yk_cms_set` [ RunTime:0.0004s ]
SQL: SELECT * FROM `yk_cms_set` LIMIT 1   [ RunTime:0.0036s ]
SQL: SHOW COLUMNS FROM `yk_shop_set` [ RunTime:0.0008s ]
SQL: SELECT * FROM `yk_shop_set` LIMIT 1   [ RunTime:0.0002s ]

[ 2017-03-29T10:53:02+08:00 ] 140.205.201.33 /favicon.ico
INFO: [ app_init ] --START--
INFO: Run Behavior\BuildLiteBehavior [ RunTime:0.000013s ]
INFO: [ app_init ] --END-- [ RunTime:0.000260s ]

[ 2017-03-29T10:53:02+08:00 ] 140.205.201.33 /editors/index.html
INFO: [ app_init ] --START--
INFO: Run Behavior\BuildLiteBehavior [ RunTime:0.000015s ]
INFO: [ app_init ] --END-- [ RunTime:0.000337s ]
INFO: [ app_begin ] --START--
INFO: Run Behavior\ReadHtmlCacheBehavior [ RunTime:0.000346s ]
INFO: [ app_begin ] --END-- [ RunTime:0.000393s ]
ERR: 无法加载控制器:Editors

[ 2017-03-29T10:53:19+08:00 ] 140.205.201.33 /favicon.ico
INFO: [ app_init ] --START--
INFO: Run Behavior\BuildLiteBehavior [ RunTime:0.000012s ]
INFO: [ app_init ] --END-- [ RunTime:0.000259s ]

[ 2017-03-29T10:53:38+08:00 ] 140.205.201.33 /LICENSE.txt
INFO: [ app_init ] --START--
INFO: Run Behavior\BuildLiteBehavior [ RunTime:0.000012s ]
INFO: [ app_init ] --END-- [ RunTime:0.000260s ]
INFO: [ app_begin ] --START--
INFO: Run Behavior\ReadHtmlCacheBehavior [ RunTime:0.000322s ]
INFO: [ app_begin ] --END-- [ RunTime:0.000359s ]
ERR: 无法加载控制器:LICENSE

[ 2017-03-29T10:53:38+08:00 ] 140.205.201.33 /skin/frontend/base/default/favicon.ico
INFO: [ app_init ] --START--
INFO: Run Behavior\BuildLiteBehavior [ RunTime:0.000013s ]
INFO: [ app_init ] --END-- [ RunTime:0.000263s ]

[ 2017-03-29T10:53:40+08:00 ] 140.205.201.33 /extensions/kindeditor/themes/default/default.png)
INFO: [ app_init ] --START--
INFO: Run Behavior\BuildLiteBehavior [ RunTime:0.000012s ]
INFO: [ app_init ] --END-- [ RunTime:0.000271s ]
NOTIC: [2] preg_replace(): Compilation failed: unmatched parentheses at offset 5 /mnt/wwwroot/yikang.mubantang.com/ThinkPHP/Library/Think/Dispatcher.class.php 第 127 行.
NOTIC: [2] preg_replace(): Compilation failed: unmatched parentheses at offset 5 /mnt/wwwroot/yikang.mubantang.com/ThinkPHP/Library/Think/Dispatcher.class.php 第 207 行.
INFO: [ app_begin ] --START--
INFO: Run Behavior\ReadHtmlCacheBehavior [ RunTime:0.000331s ]
INFO: [ app_begin ] --END-- [ RunTime:0.000368s ]
SQL: SHOW COLUMNS FROM `yk_set` [ RunTime:0.0007s ]
SQL: SELECT * FROM `yk_set` LIMIT 1   [ RunTime:0.0002s ]
SQL: SHOW COLUMNS FROM `yk_cms_set` [ RunTime:0.0004s ]
SQL: SELECT * FROM `yk_cms_set` LIMIT 1   [ RunTime:0.0001s ]
SQL: SHOW COLUMNS FROM `yk_shop_set` [ RunTime:0.0007s ]
SQL: SELECT * FROM `yk_shop_set` LIMIT 1   [ RunTime:0.0002s ]

[ 2017-03-29T10:53:40+08:00 ] 140.205.201.33 /Admin/Public/login
INFO: [ app_init ] --START--
INFO: Run Behavior\BuildLiteBehavior [ RunTime:0.000012s ]
INFO: [ app_init ] --END-- [ RunTime:0.000276s ]
INFO: [ app_begin ] --START--
INFO: Run Behavior\ReadHtmlCacheBehavior [ RunTime:0.000332s ]
INFO: [ app_begin ] --END-- [ RunTime:0.000371s ]
SQL: SHOW COLUMNS FROM `yk_set` [ RunTime:0.0007s ]
SQL: SELECT * FROM `yk_set` LIMIT 1   [ RunTime:0.0002s ]
SQL: SHOW COLUMNS FROM `yk_cms_set` [ RunTime:0.0004s ]
SQL: SELECT * FROM `yk_cms_set` LIMIT 1   [ RunTime:0.0001s ]
SQL: SHOW COLUMNS FROM `yk_shop_set` [ RunTime:0.0007s ]
SQL: SELECT * FROM `yk_shop_set` LIMIT 1   [ RunTime:0.0002s ]
NOTIC: [8] Undefined index: uid /mnt/wwwroot/yikang.mubantang.com/Application/Admin/Controller/PublicController.class.php 第 49 行.
INFO: [ view_parse ] --START--
INFO: [ template_filter ] --START--
INFO: Run Behavior\ContentReplaceBehavior [ RunTime:0.000041s ]
INFO: [ template_filter ] --END-- [ RunTime:0.000079s ]
INFO: Run Behavior\ParseTemplateBehavior [ RunTime:0.004642s ]
INFO: [ view_parse ] --END-- [ RunTime:0.004684s ]
INFO: [ view_filter ] --START--
INFO: Run Behavior\WriteHtmlCacheBehavior [ RunTime:0.000117s ]
INFO: [ view_filter ] --END-- [ RunTime:0.000150s ]
INFO: [ app_end ] --START--
INFO: Run Behavior\ShowPageTraceBehavior [ RunTime:0.000362s ]
INFO: [ app_end ] --END-- [ RunTime:0.000396s ]

[ 2017-03-29T12:56:03+08:00 ] 111.161.57.31 /
INFO: [ app_init ] --START--
INFO: Run Behavior\BuildLiteBehavior [ RunTime:0.000011s ]
INFO: [ app_init ] --END-- [ RunTime:0.000249s ]
INFO: [ app_begin ] --START--
INFO: Run Behavior\ReadHtmlCacheBehavior [ RunTime:0.000324s ]
INFO: [ app_begin ] --END-- [ RunTime:0.000360s ]
SQL: SHOW COLUMNS FROM `yk_set` [ RunTime:0.0007s ]
SQL: SELECT * FROM `yk_set` LIMIT 1   [ RunTime:0.0002s ]
SQL: SHOW COLUMNS FROM `yk_cms_set` [ RunTime:0.0004s ]
SQL: SELECT * FROM `yk_cms_set` LIMIT 1   [ RunTime:0.0001s ]
SQL: SHOW COLUMNS FROM `yk_shop_set` [ RunTime:0.0007s ]
SQL: SELECT * FROM `yk_shop_set` LIMIT 1   [ RunTime:0.0002s ]

[ 2017-03-29T12:56:07+08:00 ] 111.30.141.47 /
INFO: [ app_init ] --START--
INFO: Run Behavior\BuildLiteBehavior [ RunTime:0.000012s ]
INFO: [ app_init ] --END-- [ RunTime:0.000259s ]
INFO: [ app_begin ] --START--
INFO: Run Behavior\ReadHtmlCacheBehavior [ RunTime:0.000359s ]
INFO: [ app_begin ] --END-- [ RunTime:0.000397s ]
SQL: SHOW COLUMNS FROM `yk_set` [ RunTime:0.0007s ]
SQL: SELECT * FROM `yk_set` LIMIT 1   [ RunTime:0.0002s ]
SQL: SHOW COLUMNS FROM `yk_cms_set` [ RunTime:0.0004s ]
SQL: SELECT * FROM `yk_cms_set` LIMIT 1   [ RunTime:0.0001s ]
SQL: SHOW COLUMNS FROM `yk_shop_set` [ RunTime:0.0008s ]
SQL: SELECT * FROM `yk_shop_set` LIMIT 1   [ RunTime:0.0002s ]

[ 2017-03-29T13:43:08+08:00 ] 111.30.141.47 /
INFO: [ app_init ] --START--
INFO: Run Behavior\BuildLiteBehavior [ RunTime:0.000022s ]
INFO: [ app_init ] --END-- [ RunTime:0.000453s ]
INFO: [ app_begin ] --START--
INFO: Run Behavior\ReadHtmlCacheBehavior [ RunTime:0.003242s ]
INFO: [ app_begin ] --END-- [ RunTime:0.003293s ]
SQL: SHOW COLUMNS FROM `yk_set` [ RunTime:0.0007s ]
SQL: SELECT * FROM `yk_set` LIMIT 1   [ RunTime:0.0039s ]
SQL: SHOW COLUMNS FROM `yk_cms_set` [ RunTime:0.0004s ]
SQL: SELECT * FROM `yk_cms_set` LIMIT 1   [ RunTime:0.0001s ]
SQL: SHOW COLUMNS FROM `yk_shop_set` [ RunTime:0.0008s ]
SQL: SELECT * FROM `yk_shop_set` LIMIT 1   [ RunTime:0.0020s ]

[ 2017-03-29T13:43:08+08:00 ] 123.151.42.48 /
INFO: [ app_init ] --START--
INFO: Run Behavior\BuildLiteBehavior [ RunTime:0.000014s ]
INFO: [ app_init ] --END-- [ RunTime:0.000272s ]
INFO: [ app_begin ] --START--
INFO: Run Behavior\ReadHtmlCacheBehavior [ RunTime:0.000339s ]
INFO: [ app_begin ] --END-- [ RunTime:0.000377s ]
SQL: SHOW COLUMNS FROM `yk_set` [ RunTime:0.0007s ]
SQL: SELECT * FROM `yk_set` LIMIT 1   [ RunTime:0.0002s ]
SQL: SHOW COLUMNS FROM `yk_cms_set` [ RunTime:0.0017s ]
SQL: SELECT * FROM `yk_cms_set` LIMIT 1   [ RunTime:0.0001s ]
SQL: SHOW COLUMNS FROM `yk_shop_set` [ RunTime:0.0007s ]
SQL: SELECT * FROM `yk_shop_set` LIMIT 1   [ RunTime:0.0002s ]

[ 2017-03-29T14:38:19+08:00 ] 175.167.146.150 /
INFO: [ app_init ] --START--
INFO: Run Behavior\BuildLiteBehavior [ RunTime:0.000015s ]
INFO: [ app_init ] --END-- [ RunTime:0.000351s ]
INFO: [ app_begin ] --START--
INFO: Run Behavior\ReadHtmlCacheBehavior [ RunTime:0.000360s ]
INFO: [ app_begin ] --END-- [ RunTime:0.000400s ]
SQL: SHOW COLUMNS FROM `yk_set` [ RunTime:0.0008s ]
SQL: SELECT * FROM `yk_set` LIMIT 1   [ RunTime:0.0028s ]
SQL: SHOW COLUMNS FROM `yk_cms_set` [ RunTime:0.0005s ]
SQL: SELECT * FROM `yk_cms_set` LIMIT 1   [ RunTime:0.0001s ]
SQL: SHOW COLUMNS FROM `yk_shop_set` [ RunTime:0.0008s ]
SQL: SELECT * FROM `yk_shop_set` LIMIT 1   [ RunTime:0.0002s ]

[ 2017-03-29T14:38:20+08:00 ] 175.167.146.150 /favicon.ico
INFO: [ app_init ] --START--
INFO: Run Behavior\BuildLiteBehavior [ RunTime:0.000012s ]
INFO: [ app_init ] --END-- [ RunTime:0.000260s ]

[ 2017-03-29T14:42:39+08:00 ] 175.167.146.150 /favicon.ico
INFO: [ app_init ] --START--
INFO: Run Behavior\BuildLiteBehavior [ RunTime:0.000012s ]
INFO: [ app_init ] --END-- [ RunTime:0.000259s ]

[ 2017-03-29T15:04:31+08:00 ] 123.151.42.46 /
INFO: [ app_init ] --START--
INFO: Run Behavior\BuildLiteBehavior [ RunTime:0.000012s ]
INFO: [ app_init ] --END-- [ RunTime:0.000257s ]
INFO: [ app_begin ] --START--
INFO: Run Behavior\ReadHtmlCacheBehavior [ RunTime:0.000350s ]
INFO: [ app_begin ] --END-- [ RunTime:0.000387s ]
SQL: SHOW COLUMNS FROM `yk_set` [ RunTime:0.0007s ]
SQL: SELECT * FROM `yk_set` LIMIT 1   [ RunTime:0.0002s ]
SQL: SHOW COLUMNS FROM `yk_cms_set` [ RunTime:0.0004s ]
SQL: SELECT * FROM `yk_cms_set` LIMIT 1   [ RunTime:0.0001s ]
SQL: SHOW COLUMNS FROM `yk_shop_set` [ RunTime:0.0007s ]
SQL: SELECT * FROM `yk_shop_set` LIMIT 1   [ RunTime:0.0002s ]

[ 2017-03-29T15:04:33+08:00 ] 111.30.132.195 /
INFO: [ app_init ] --START--
INFO: Run Behavior\BuildLiteBehavior [ RunTime:0.000012s ]
INFO: [ app_init ] --END-- [ RunTime:0.000281s ]
INFO: [ app_begin ] --START--
INFO: Run Behavior\ReadHtmlCacheBehavior [ RunTime:0.000319s ]
INFO: [ app_begin ] --END-- [ RunTime:0.000357s ]
SQL: SHOW COLUMNS FROM `yk_set` [ RunTime:0.0009s ]
SQL: SELECT * FROM `yk_set` LIMIT 1   [ RunTime:0.0002s ]
SQL: SHOW COLUMNS FROM `yk_cms_set` [ RunTime:0.0004s ]
SQL: SELECT * FROM `yk_cms_set` LIMIT 1   [ RunTime:0.0001s ]
SQL: SHOW COLUMNS FROM `yk_shop_set` [ RunTime:0.0007s ]
SQL: SELECT * FROM `yk_shop_set` LIMIT 1   [ RunTime:0.0002s ]

[ 2017-03-29T17:29:25+08:00 ] 140.207.54.158 /
INFO: [ app_init ] --START--
INFO: Run Behavior\BuildLiteBehavior [ RunTime:0.000011s ]
INFO: [ app_init ] --END-- [ RunTime:0.000757s ]
INFO: [ app_begin ] --START--
INFO: Run Behavior\ReadHtmlCacheBehavior [ RunTime:0.000355s ]
INFO: [ app_begin ] --END-- [ RunTime:0.000394s ]
SQL: SHOW COLUMNS FROM `yk_set` [ RunTime:0.0007s ]
SQL: SELECT * FROM `yk_set` LIMIT 1   [ RunTime:0.0002s ]
SQL: SHOW COLUMNS FROM `yk_cms_set` [ RunTime:0.0004s ]
SQL: SELECT * FROM `yk_cms_set` LIMIT 1   [ RunTime:0.0001s ]
SQL: SHOW COLUMNS FROM `yk_shop_set` [ RunTime:0.0007s ]
SQL: SELECT * FROM `yk_shop_set` LIMIT 1   [ RunTime:0.0002s ]

[ 2017-03-29T17:29:35+08:00 ] 117.185.27.142 /
INFO: [ app_init ] --START--
INFO: Run Behavior\BuildLiteBehavior [ RunTime:0.000013s ]
INFO: [ app_init ] --END-- [ RunTime:0.000260s ]
INFO: [ app_begin ] --START--
INFO: Run Behavior\ReadHtmlCacheBehavior [ RunTime:0.000328s ]
INFO: [ app_begin ] --END-- [ RunTime:0.000366s ]
SQL: SHOW COLUMNS FROM `yk_set` [ RunTime:0.0007s ]
SQL: SELECT * FROM `yk_set` LIMIT 1   [ RunTime:0.0002s ]
SQL: SHOW COLUMNS FROM `yk_cms_set` [ RunTime:0.0004s ]
SQL: SELECT * FROM `yk_cms_set` LIMIT 1   [ RunTime:0.0001s ]
SQL: SHOW COLUMNS FROM `yk_shop_set` [ RunTime:0.0007s ]
SQL: SELECT * FROM `yk_shop_set` LIMIT 1   [ RunTime:0.0002s ]

[ 2017-03-29T17:41:38+08:00 ] 123.151.138.56 /
INFO: [ app_init ] --START--
INFO: Run Behavior\BuildLiteBehavior [ RunTime:0.000011s ]
INFO: [ app_init ] --END-- [ RunTime:0.000251s ]
INFO: [ app_begin ] --START--
INFO: Run Behavior\ReadHtmlCacheBehavior [ RunTime:0.000329s ]
INFO: [ app_begin ] --END-- [ RunTime:0.000367s ]
SQL: SHOW COLUMNS FROM `yk_set` [ RunTime:0.0008s ]
SQL: SELECT * FROM `yk_set` LIMIT 1   [ RunTime:0.0002s ]
SQL: SHOW COLUMNS FROM `yk_cms_set` [ RunTime:0.0004s ]
SQL: SELECT * FROM `yk_cms_set` LIMIT 1   [ RunTime:0.0030s ]
SQL: SHOW COLUMNS FROM `yk_shop_set` [ RunTime:0.0008s ]
SQL: SELECT * FROM `yk_shop_set` LIMIT 1   [ RunTime:0.0002s ]

[ 2017-03-29T17:41:38+08:00 ] 111.30.132.194 /
INFO: [ app_init ] --START--
INFO: Run Behavior\BuildLiteBehavior [ RunTime:0.000012s ]
INFO: [ app_init ] --END-- [ RunTime:0.000253s ]
INFO: [ app_begin ] --START--
INFO: Run Behavior\ReadHtmlCacheBehavior [ RunTime:0.000327s ]
INFO: [ app_begin ] --END-- [ RunTime:0.000364s ]
SQL: SHOW COLUMNS FROM `yk_set` [ RunTime:0.0005s ]
SQL: SELECT * FROM `yk_set` LIMIT 1   [ RunTime:0.0009s ]
SQL: SHOW COLUMNS FROM `yk_cms_set` [ RunTime:0.0004s ]
SQL: SELECT * FROM `yk_cms_set` LIMIT 1   [ RunTime:0.0010s ]
SQL: SHOW COLUMNS FROM `yk_shop_set` [ RunTime:0.0008s ]
SQL: SELECT * FROM `yk_shop_set` LIMIT 1   [ RunTime:0.0002s ]

[ 2017-03-29T19:47:52+08:00 ] 123.151.138.100 /
INFO: [ app_init ] --START--
INFO: Run Behavior\BuildLiteBehavior [ RunTime:0.000014s ]
INFO: [ app_init ] --END-- [ RunTime:0.000272s ]
INFO: [ app_begin ] --START--
INFO: Run Behavior\ReadHtmlCacheBehavior [ RunTime:0.000330s ]
INFO: [ app_begin ] --END-- [ RunTime:0.000368s ]
SQL: SHOW COLUMNS FROM `yk_set` [ RunTime:0.0007s ]
SQL: SELECT * FROM `yk_set` LIMIT 1   [ RunTime:0.0002s ]
SQL: SHOW COLUMNS FROM `yk_cms_set` [ RunTime:0.0004s ]
SQL: SELECT * FROM `yk_cms_set` LIMIT 1   [ RunTime:0.0001s ]
SQL: SHOW COLUMNS FROM `yk_shop_set` [ RunTime:0.0008s ]
SQL: SELECT * FROM `yk_shop_set` LIMIT 1   [ RunTime:0.0002s ]

[ 2017-03-29T19:47:53+08:00 ] 111.30.141.47 /
INFO: [ app_init ] --START--
INFO: Run Behavior\BuildLiteBehavior [ RunTime:0.000012s ]
INFO: [ app_init ] --END-- [ RunTime:0.000293s ]
INFO: [ app_begin ] --START--
INFO: Run Behavior\ReadHtmlCacheBehavior [ RunTime:0.000386s ]
INFO: [ app_begin ] --END-- [ RunTime:0.000427s ]
SQL: SHOW COLUMNS FROM `yk_set` [ RunTime:0.0007s ]
SQL: SELECT * FROM `yk_set` LIMIT 1   [ RunTime:0.0002s ]
SQL: SHOW COLUMNS FROM `yk_cms_set` [ RunTime:0.0004s ]
SQL: SELECT * FROM `yk_cms_set` LIMIT 1   [ RunTime:0.0001s ]
SQL: SHOW COLUMNS FROM `yk_shop_set` [ RunTime:0.0008s ]
SQL: SELECT * FROM `yk_shop_set` LIMIT 1   [ RunTime:0.0026s ]

[ 2017-03-29T23:01:10+08:00 ] 123.126.124.148 /
INFO: [ app_init ] --START--
INFO: Run Behavior\BuildLiteBehavior [ RunTime:0.000014s ]
INFO: [ app_init ] --END-- [ RunTime:0.000272s ]
INFO: [ app_begin ] --START--
INFO: Run Behavior\ReadHtmlCacheBehavior [ RunTime:0.000355s ]
INFO: [ app_begin ] --END-- [ RunTime:0.000396s ]
SQL: SHOW COLUMNS FROM `yk_set` [ RunTime:0.0007s ]
SQL: SELECT * FROM `yk_set` LIMIT 1   [ RunTime:0.0002s ]
SQL: SHOW COLUMNS FROM `yk_cms_set` [ RunTime:0.0005s ]
SQL: SELECT * FROM `yk_cms_set` LIMIT 1   [ RunTime:0.0001s ]
SQL: SHOW COLUMNS FROM `yk_shop_set` [ RunTime:0.0008s ]
SQL: SELECT * FROM `yk_shop_set` LIMIT 1   [ RunTime:0.0002s ]

[ 2017-03-29T23:01:13+08:00 ] 111.30.132.190 /
INFO: [ app_init ] --START--
INFO: Run Behavior\BuildLiteBehavior [ RunTime:0.000012s ]
INFO: [ app_init ] --END-- [ RunTime:0.000282s ]
INFO: [ app_begin ] --START--
INFO: Run Behavior\ReadHtmlCacheBehavior [ RunTime:0.000323s ]
INFO: [ app_begin ] --END-- [ RunTime:0.000367s ]
SQL: SHOW COLUMNS FROM `yk_set` [ RunTime:0.0007s ]
SQL: SELECT * FROM `yk_set` LIMIT 1   [ RunTime:0.0002s ]
SQL: SHOW COLUMNS FROM `yk_cms_set` [ RunTime:0.0005s ]
SQL: SELECT * FROM `yk_cms_set` LIMIT 1   [ RunTime:0.0001s ]
SQL: SHOW COLUMNS FROM `yk_shop_set` [ RunTime:0.0007s ]
SQL: SELECT * FROM `yk_shop_set` LIMIT 1   [ RunTime:0.0002s ]

