[ 2017-02-15T15:46:04+08:00 ] 113.119.54.224 /Admin/Index/index
INFO: [ app_init ] --START--
INFO: Run Behavior\BuildLiteBehavior [ RunTime:0.000012s ]
INFO: [ app_init ] --END-- [ RunTime:0.000259s ]
INFO: [ app_begin ] --START--
INFO: Run Behavior\ReadHtmlCacheBehavior [ RunTime:0.000435s ]
INFO: [ app_begin ] --END-- [ RunTime:0.000499s ]
SQL: SHOW COLUMNS FROM `yk_set` [ RunTime:0.0103s ]
SQL: SELECT * FROM `yk_set` LIMIT 1   [ RunTime:0.0002s ]
SQL: SHOW COLUMNS FROM `yk_cms_set` [ RunTime:0.0007s ]
SQL: SELECT * FROM `yk_cms_set` LIMIT 1   [ RunTime:0.0003s ]
SQL: SHOW COLUMNS FROM `yk_shop_set` [ RunTime:0.0010s ]
SQL: SELECT * FROM `yk_shop_set` LIMIT 1   [ RunTime:0.0002s ]

[ 2017-02-15T15:46:04+08:00 ] 113.119.54.224 /Admin/Public/login
INFO: [ app_init ] --START--
INFO: Run Behavior\BuildLiteBehavior [ RunTime:0.000012s ]
INFO: [ app_init ] --END-- [ RunTime:0.000256s ]
INFO: [ app_begin ] --START--
INFO: Run Behavior\ReadHtmlCacheBehavior [ RunTime:0.000347s ]
INFO: [ app_begin ] --END-- [ RunTime:0.000385s ]
SQL: SHOW COLUMNS FROM `yk_set` [ RunTime:0.0007s ]
SQL: SELECT * FROM `yk_set` LIMIT 1   [ RunTime:0.0002s ]
SQL: SHOW COLUMNS FROM `yk_cms_set` [ RunTime:0.0004s ]
SQL: SELECT * FROM `yk_cms_set` LIMIT 1   [ RunTime:0.0001s ]
SQL: SHOW COLUMNS FROM `yk_shop_set` [ RunTime:0.0007s ]
SQL: SELECT * FROM `yk_shop_set` LIMIT 1   [ RunTime:0.0002s ]
NOTIC: [8] Undefined index: uid /mnt/wwwroot/yikang.mubantang.com/Application/Admin/Controller/PublicController.class.php 第 49 行.
INFO: [ view_parse ] --START--
INFO: [ template_filter ] --START--
INFO: Run Behavior\ContentReplaceBehavior [ RunTime:0.000050s ]
INFO: [ template_filter ] --END-- [ RunTime:0.000100s ]
INFO: Run Behavior\ParseTemplateBehavior [ RunTime:0.043516s ]
INFO: [ view_parse ] --END-- [ RunTime:0.043579s ]
INFO: [ view_filter ] --START--
INFO: Run Behavior\WriteHtmlCacheBehavior [ RunTime:0.000122s ]
INFO: [ view_filter ] --END-- [ RunTime:0.000153s ]
INFO: [ app_end ] --START--
INFO: Run Behavior\ShowPageTraceBehavior [ RunTime:0.000369s ]
INFO: [ app_end ] --END-- [ RunTime:0.000403s ]

[ 2017-02-15T15:46:04+08:00 ] 113.119.54.224 /Admin/Public/verify
INFO: [ app_init ] --START--
INFO: Run Behavior\BuildLiteBehavior [ RunTime:0.000012s ]
INFO: [ app_init ] --END-- [ RunTime:0.000257s ]
INFO: [ app_begin ] --START--
INFO: Run Behavior\ReadHtmlCacheBehavior [ RunTime:0.000326s ]
INFO: [ app_begin ] --END-- [ RunTime:0.000364s ]
SQL: SHOW COLUMNS FROM `yk_set` [ RunTime:0.0007s ]
SQL: SELECT * FROM `yk_set` LIMIT 1   [ RunTime:0.0002s ]
SQL: SHOW COLUMNS FROM `yk_cms_set` [ RunTime:0.0004s ]
SQL: SELECT * FROM `yk_cms_set` LIMIT 1   [ RunTime:0.0001s ]
SQL: SHOW COLUMNS FROM `yk_shop_set` [ RunTime:0.0007s ]
SQL: SELECT * FROM `yk_shop_set` LIMIT 1   [ RunTime:0.0002s ]
INFO: [ app_end ] --START--
INFO: Run Behavior\ShowPageTraceBehavior [ RunTime:0.000465s ]
INFO: [ app_end ] --END-- [ RunTime:0.000532s ]

[ 2017-02-15T15:46:13+08:00 ] 180.153.81.212 /Admin/Index/index
INFO: [ app_init ] --START--
INFO: Run Behavior\BuildLiteBehavior [ RunTime:0.000014s ]
INFO: [ app_init ] --END-- [ RunTime:0.000347s ]
INFO: [ app_begin ] --START--
INFO: Run Behavior\ReadHtmlCacheBehavior [ RunTime:0.000336s ]
INFO: [ app_begin ] --END-- [ RunTime:0.000375s ]
SQL: SHOW COLUMNS FROM `yk_set` [ RunTime:0.0008s ]
SQL: SELECT * FROM `yk_set` LIMIT 1   [ RunTime:0.0002s ]
SQL: SHOW COLUMNS FROM `yk_cms_set` [ RunTime:0.0004s ]
SQL: SELECT * FROM `yk_cms_set` LIMIT 1   [ RunTime:0.0003s ]
SQL: SHOW COLUMNS FROM `yk_shop_set` [ RunTime:0.0007s ]
SQL: SELECT * FROM `yk_shop_set` LIMIT 1   [ RunTime:0.0002s ]

[ 2017-02-15T15:46:13+08:00 ] 180.153.81.212 /Admin/Public/login
INFO: [ app_init ] --START--
INFO: Run Behavior\BuildLiteBehavior [ RunTime:0.000012s ]
INFO: [ app_init ] --END-- [ RunTime:0.000280s ]
INFO: [ app_begin ] --START--
INFO: Run Behavior\ReadHtmlCacheBehavior [ RunTime:0.000322s ]
INFO: [ app_begin ] --END-- [ RunTime:0.000359s ]
SQL: SHOW COLUMNS FROM `yk_set` [ RunTime:0.0007s ]
SQL: SELECT * FROM `yk_set` LIMIT 1   [ RunTime:0.0002s ]
SQL: SHOW COLUMNS FROM `yk_cms_set` [ RunTime:0.0006s ]
SQL: SELECT * FROM `yk_cms_set` LIMIT 1   [ RunTime:0.0001s ]
SQL: SHOW COLUMNS FROM `yk_shop_set` [ RunTime:0.0007s ]
SQL: SELECT * FROM `yk_shop_set` LIMIT 1   [ RunTime:0.0002s ]
NOTIC: [8] Undefined index: uid /mnt/wwwroot/yikang.mubantang.com/Application/Admin/Controller/PublicController.class.php 第 49 行.
INFO: [ view_parse ] --START--
INFO: [ template_filter ] --START--
INFO: Run Behavior\ContentReplaceBehavior [ RunTime:0.000059s ]
INFO: [ template_filter ] --END-- [ RunTime:0.000098s ]
INFO: Run Behavior\ParseTemplateBehavior [ RunTime:0.004607s ]
INFO: [ view_parse ] --END-- [ RunTime:0.004642s ]
INFO: [ view_filter ] --START--
INFO: Run Behavior\WriteHtmlCacheBehavior [ RunTime:0.000114s ]
INFO: [ view_filter ] --END-- [ RunTime:0.000145s ]
INFO: [ app_end ] --START--
INFO: Run Behavior\ShowPageTraceBehavior [ RunTime:0.000341s ]
INFO: [ app_end ] --END-- [ RunTime:0.000373s ]

[ 2017-02-15T15:46:20+08:00 ] 101.226.33.238 /Admin/Public/login
INFO: [ app_init ] --START--
INFO: Run Behavior\BuildLiteBehavior [ RunTime:0.000014s ]
INFO: [ app_init ] --END-- [ RunTime:0.000269s ]
INFO: [ app_begin ] --START--
INFO: Run Behavior\ReadHtmlCacheBehavior [ RunTime:0.000362s ]
INFO: [ app_begin ] --END-- [ RunTime:0.000408s ]
SQL: SHOW COLUMNS FROM `yk_set` [ RunTime:0.0007s ]
SQL: SELECT * FROM `yk_set` LIMIT 1   [ RunTime:0.0002s ]
SQL: SHOW COLUMNS FROM `yk_cms_set` [ RunTime:0.0004s ]
SQL: SELECT * FROM `yk_cms_set` LIMIT 1   [ RunTime:0.0001s ]
SQL: SHOW COLUMNS FROM `yk_shop_set` [ RunTime:0.0007s ]
SQL: SELECT * FROM `yk_shop_set` LIMIT 1   [ RunTime:0.0002s ]
NOTIC: [8] Undefined index: uid /mnt/wwwroot/yikang.mubantang.com/Application/Admin/Controller/PublicController.class.php 第 49 行.
INFO: [ view_parse ] --START--
INFO: [ template_filter ] --START--
INFO: Run Behavior\ContentReplaceBehavior [ RunTime:0.000049s ]
INFO: [ template_filter ] --END-- [ RunTime:0.000103s ]
INFO: Run Behavior\ParseTemplateBehavior [ RunTime:0.005089s ]
INFO: [ view_parse ] --END-- [ RunTime:0.005125s ]
INFO: [ view_filter ] --START--
INFO: Run Behavior\WriteHtmlCacheBehavior [ RunTime:0.000123s ]
INFO: [ view_filter ] --END-- [ RunTime:0.000154s ]
INFO: [ app_end ] --START--
INFO: Run Behavior\ShowPageTraceBehavior [ RunTime:0.000361s ]
INFO: [ app_end ] --END-- [ RunTime:0.000394s ]

[ 2017-02-15T15:46:49+08:00 ] 113.119.54.224 /Admin/Public/login
INFO: [ app_init ] --START--
INFO: Run Behavior\BuildLiteBehavior [ RunTime:0.000012s ]
INFO: [ app_init ] --END-- [ RunTime:0.000323s ]
INFO: [ app_begin ] --START--
INFO: Run Behavior\ReadHtmlCacheBehavior [ RunTime:0.000324s ]
INFO: [ app_begin ] --END-- [ RunTime:0.000363s ]
SQL: SHOW COLUMNS FROM `yk_set` [ RunTime:0.0007s ]
SQL: SELECT * FROM `yk_set` LIMIT 1   [ RunTime:0.0002s ]
SQL: SHOW COLUMNS FROM `yk_cms_set` [ RunTime:0.0005s ]
SQL: SELECT * FROM `yk_cms_set` LIMIT 1   [ RunTime:0.0001s ]
SQL: SHOW COLUMNS FROM `yk_shop_set` [ RunTime:0.0008s ]
SQL: SELECT * FROM `yk_shop_set` LIMIT 1   [ RunTime:0.0002s ]
SQL: SHOW COLUMNS FROM `yk_user` [ RunTime:0.0006s ]
SQL: SELECT * FROM `yk_user` WHERE `username` = '13794379900' AND `userpass` = '21218cca77804d2ba1922c33e0151105' LIMIT 1   [ RunTime:0.0155s ]
SQL: SHOW COLUMNS FROM `yk_employee` [ RunTime:0.0006s ]
SQL: SELECT * FROM `yk_employee` WHERE `username` = '13794379900' AND `userpass` = '21218cca77804d2ba1922c33e0151105' LIMIT 1   [ RunTime:0.0212s ]

[ 2017-02-15T15:46:49+08:00 ] 113.119.54.224 /Admin/Index/index
INFO: [ app_init ] --START--
INFO: Run Behavior\BuildLiteBehavior [ RunTime:0.000015s ]
INFO: [ app_init ] --END-- [ RunTime:0.000291s ]
INFO: [ app_begin ] --START--
INFO: Run Behavior\ReadHtmlCacheBehavior [ RunTime:0.000418s ]
INFO: [ app_begin ] --END-- [ RunTime:0.000495s ]
SQL: SHOW COLUMNS FROM `yk_set` [ RunTime:0.0007s ]
SQL: SELECT * FROM `yk_set` LIMIT 1   [ RunTime:0.0002s ]
SQL: SHOW COLUMNS FROM `yk_cms_set` [ RunTime:0.0004s ]
SQL: SELECT * FROM `yk_cms_set` LIMIT 1   [ RunTime:0.0001s ]
SQL: SHOW COLUMNS FROM `yk_shop_set` [ RunTime:0.0007s ]
SQL: SELECT * FROM `yk_shop_set` LIMIT 1   [ RunTime:0.0002s ]
SQL: SHOW COLUMNS FROM `yk_user_oath` [ RunTime:0.0103s ]
SQL: SELECT * FROM `yk_user_oath`  [ RunTime:0.0097s ]
INFO: [ view_parse ] --START--
INFO: [ template_filter ] --START--
INFO: Run Behavior\ContentReplaceBehavior [ RunTime:0.000195s ]
INFO: [ template_filter ] --END-- [ RunTime:0.000262s ]
INFO: Run Behavior\ParseTemplateBehavior [ RunTime:0.052694s ]
INFO: [ view_parse ] --END-- [ RunTime:0.052758s ]
INFO: [ view_filter ] --START--
INFO: Run Behavior\WriteHtmlCacheBehavior [ RunTime:0.000157s ]
INFO: [ view_filter ] --END-- [ RunTime:0.000191s ]
INFO: [ app_end ] --START--
INFO: Run Behavior\ShowPageTraceBehavior [ RunTime:0.000385s ]
INFO: [ app_end ] --END-- [ RunTime:0.000424s ]

[ 2017-02-15T15:46:49+08:00 ] 113.119.54.224 /Admin/Employee/main
INFO: [ app_init ] --START--
INFO: Run Behavior\BuildLiteBehavior [ RunTime:0.000014s ]
INFO: [ app_init ] --END-- [ RunTime:0.000264s ]
INFO: [ app_begin ] --START--
INFO: Run Behavior\ReadHtmlCacheBehavior [ RunTime:0.000453s ]
INFO: [ app_begin ] --END-- [ RunTime:0.000489s ]
SQL: SHOW COLUMNS FROM `yk_set` [ RunTime:0.0007s ]
SQL: SELECT * FROM `yk_set` LIMIT 1   [ RunTime:0.0002s ]
SQL: SHOW COLUMNS FROM `yk_cms_set` [ RunTime:0.0004s ]
SQL: SELECT * FROM `yk_cms_set` LIMIT 1   [ RunTime:0.0001s ]
SQL: SHOW COLUMNS FROM `yk_shop_set` [ RunTime:0.0008s ]
SQL: SELECT * FROM `yk_shop_set` LIMIT 1   [ RunTime:0.0002s ]
SQL: SHOW COLUMNS FROM `yk_employee` [ RunTime:0.0005s ]
INFO: [ view_parse ] --START--
INFO: [ template_filter ] --START--
INFO: Run Behavior\ContentReplaceBehavior [ RunTime:0.000044s ]
INFO: [ template_filter ] --END-- [ RunTime:0.000093s ]
NOTIC: [8] Undefined variable: breadhtml /mnt/wwwroot/yikang.mubantang.com/Application/Runtime/Cache/Admin/f259bce1158f32a7248b68a6490c7c06.php 第 2 行.
INFO: Run Behavior\ParseTemplateBehavior [ RunTime:0.011052s ]
INFO: [ view_parse ] --END-- [ RunTime:0.011102s ]
INFO: [ view_filter ] --START--
INFO: Run Behavior\WriteHtmlCacheBehavior [ RunTime:0.000183s ]
INFO: [ view_filter ] --END-- [ RunTime:0.000213s ]
INFO: [ app_end ] --START--
INFO: Run Behavior\ShowPageTraceBehavior [ RunTime:0.000349s ]
INFO: [ app_end ] --END-- [ RunTime:0.000381s ]

[ 2017-02-15T15:48:01+08:00 ] 113.119.54.224 /Admin/Index/index
INFO: [ app_init ] --START--
INFO: Run Behavior\BuildLiteBehavior [ RunTime:0.000013s ]
INFO: [ app_init ] --END-- [ RunTime:0.000285s ]
INFO: [ app_begin ] --START--
INFO: Run Behavior\ReadHtmlCacheBehavior [ RunTime:0.000325s ]
INFO: [ app_begin ] --END-- [ RunTime:0.000363s ]
SQL: SHOW COLUMNS FROM `yk_set` [ RunTime:0.0007s ]
SQL: SELECT * FROM `yk_set` LIMIT 1   [ RunTime:0.0002s ]
SQL: SHOW COLUMNS FROM `yk_cms_set` [ RunTime:0.0004s ]
SQL: SELECT * FROM `yk_cms_set` LIMIT 1   [ RunTime:0.0001s ]
SQL: SHOW COLUMNS FROM `yk_shop_set` [ RunTime:0.0007s ]
SQL: SELECT * FROM `yk_shop_set` LIMIT 1   [ RunTime:0.0002s ]
SQL: SHOW COLUMNS FROM `yk_user_oath` [ RunTime:0.0003s ]
SQL: SELECT * FROM `yk_user_oath`  [ RunTime:0.0004s ]
INFO: [ view_parse ] --START--
INFO: [ template_filter ] --START--
INFO: Run Behavior\ContentReplaceBehavior [ RunTime:0.000138s ]
INFO: [ template_filter ] --END-- [ RunTime:0.000191s ]
INFO: Run Behavior\ParseTemplateBehavior [ RunTime:0.024248s ]
INFO: [ view_parse ] --END-- [ RunTime:0.024292s ]
INFO: [ view_filter ] --START--
INFO: Run Behavior\WriteHtmlCacheBehavior [ RunTime:0.000154s ]
INFO: [ view_filter ] --END-- [ RunTime:0.000249s ]
INFO: [ app_end ] --START--
INFO: Run Behavior\ShowPageTraceBehavior [ RunTime:0.000508s ]
INFO: [ app_end ] --END-- [ RunTime:0.000555s ]

[ 2017-02-15T15:48:02+08:00 ] 113.119.54.224 /Admin/Employee/main
INFO: [ app_init ] --START--
INFO: Run Behavior\BuildLiteBehavior [ RunTime:0.000014s ]
INFO: [ app_init ] --END-- [ RunTime:0.000269s ]
INFO: [ app_begin ] --START--
INFO: Run Behavior\ReadHtmlCacheBehavior [ RunTime:0.000327s ]
INFO: [ app_begin ] --END-- [ RunTime:0.000364s ]
SQL: SHOW COLUMNS FROM `yk_set` [ RunTime:0.0007s ]
SQL: SELECT * FROM `yk_set` LIMIT 1   [ RunTime:0.0002s ]
SQL: SHOW COLUMNS FROM `yk_cms_set` [ RunTime:0.0004s ]
SQL: SELECT * FROM `yk_cms_set` LIMIT 1   [ RunTime:0.0001s ]
SQL: SHOW COLUMNS FROM `yk_shop_set` [ RunTime:0.0008s ]
SQL: SELECT * FROM `yk_shop_set` LIMIT 1   [ RunTime:0.0002s ]
SQL: SHOW COLUMNS FROM `yk_employee` [ RunTime:0.0004s ]
INFO: [ view_parse ] --START--
INFO: [ template_filter ] --START--
INFO: Run Behavior\ContentReplaceBehavior [ RunTime:0.000028s ]
INFO: [ template_filter ] --END-- [ RunTime:0.000062s ]
NOTIC: [8] Undefined variable: breadhtml /mnt/wwwroot/yikang.mubantang.com/Application/Runtime/Cache/Admin/f259bce1158f32a7248b68a6490c7c06.php 第 2 行.
INFO: Run Behavior\ParseTemplateBehavior [ RunTime:0.003973s ]
INFO: [ view_parse ] --END-- [ RunTime:0.004004s ]
INFO: [ view_filter ] --START--
INFO: Run Behavior\WriteHtmlCacheBehavior [ RunTime:0.000117s ]
INFO: [ view_filter ] --END-- [ RunTime:0.000146s ]
INFO: [ app_end ] --START--
INFO: Run Behavior\ShowPageTraceBehavior [ RunTime:0.000344s ]
INFO: [ app_end ] --END-- [ RunTime:0.000377s ]

[ 2017-02-15T15:48:11+08:00 ] 101.226.125.105 /Admin/Index/index
INFO: [ app_init ] --START--
INFO: Run Behavior\BuildLiteBehavior [ RunTime:0.000014s ]
INFO: [ app_init ] --END-- [ RunTime:0.000293s ]
INFO: [ app_begin ] --START--
INFO: Run Behavior\ReadHtmlCacheBehavior [ RunTime:0.000334s ]
INFO: [ app_begin ] --END-- [ RunTime:0.000372s ]
SQL: SHOW COLUMNS FROM `yk_set` [ RunTime:0.0007s ]
SQL: SELECT * FROM `yk_set` LIMIT 1   [ RunTime:0.0002s ]
SQL: SHOW COLUMNS FROM `yk_cms_set` [ RunTime:0.0004s ]
SQL: SELECT * FROM `yk_cms_set` LIMIT 1   [ RunTime:0.0001s ]
SQL: SHOW COLUMNS FROM `yk_shop_set` [ RunTime:0.0007s ]
SQL: SELECT * FROM `yk_shop_set` LIMIT 1   [ RunTime:0.0002s ]

[ 2017-02-15T15:48:11+08:00 ] 101.226.125.105 /Admin/Public/login
INFO: [ app_init ] --START--
INFO: Run Behavior\BuildLiteBehavior [ RunTime:0.000012s ]
INFO: [ app_init ] --END-- [ RunTime:0.000277s ]
INFO: [ app_begin ] --START--
INFO: Run Behavior\ReadHtmlCacheBehavior [ RunTime:0.000397s ]
INFO: [ app_begin ] --END-- [ RunTime:0.000434s ]
SQL: SHOW COLUMNS FROM `yk_set` [ RunTime:0.0007s ]
SQL: SELECT * FROM `yk_set` LIMIT 1   [ RunTime:0.0002s ]
SQL: SHOW COLUMNS FROM `yk_cms_set` [ RunTime:0.0004s ]
SQL: SELECT * FROM `yk_cms_set` LIMIT 1   [ RunTime:0.0001s ]
SQL: SHOW COLUMNS FROM `yk_shop_set` [ RunTime:0.0007s ]
SQL: SELECT * FROM `yk_shop_set` LIMIT 1   [ RunTime:0.0002s ]
NOTIC: [8] Undefined index: uid /mnt/wwwroot/yikang.mubantang.com/Application/Admin/Controller/PublicController.class.php 第 49 行.
INFO: [ view_parse ] --START--
INFO: [ template_filter ] --START--
INFO: Run Behavior\ContentReplaceBehavior [ RunTime:0.000060s ]
INFO: [ template_filter ] --END-- [ RunTime:0.000099s ]
INFO: Run Behavior\ParseTemplateBehavior [ RunTime:0.004756s ]
INFO: [ view_parse ] --END-- [ RunTime:0.004791s ]
INFO: [ view_filter ] --START--
INFO: Run Behavior\WriteHtmlCacheBehavior [ RunTime:0.000116s ]
INFO: [ view_filter ] --END-- [ RunTime:0.000147s ]
INFO: [ app_end ] --START--
INFO: Run Behavior\ShowPageTraceBehavior [ RunTime:0.000364s ]
INFO: [ app_end ] --END-- [ RunTime:0.000397s ]

[ 2017-02-15T15:48:14+08:00 ] 113.119.54.224 /Admin/Employee/main
INFO: [ app_init ] --START--
INFO: Run Behavior\BuildLiteBehavior [ RunTime:0.000013s ]
INFO: [ app_init ] --END-- [ RunTime:0.000259s ]
INFO: [ app_begin ] --START--
INFO: Run Behavior\ReadHtmlCacheBehavior [ RunTime:0.000348s ]
INFO: [ app_begin ] --END-- [ RunTime:0.000383s ]
SQL: SHOW COLUMNS FROM `yk_set` [ RunTime:0.0007s ]
SQL: SELECT * FROM `yk_set` LIMIT 1   [ RunTime:0.0023s ]
SQL: SHOW COLUMNS FROM `yk_cms_set` [ RunTime:0.0004s ]
SQL: SELECT * FROM `yk_cms_set` LIMIT 1   [ RunTime:0.0001s ]
SQL: SHOW COLUMNS FROM `yk_shop_set` [ RunTime:0.0007s ]
SQL: SELECT * FROM `yk_shop_set` LIMIT 1   [ RunTime:0.0002s ]
SQL: SHOW COLUMNS FROM `yk_employee` [ RunTime:0.0005s ]
INFO: [ view_parse ] --START--
INFO: [ template_filter ] --START--
INFO: Run Behavior\ContentReplaceBehavior [ RunTime:0.000032s ]
INFO: [ template_filter ] --END-- [ RunTime:0.000067s ]
NOTIC: [8] Undefined variable: breadhtml /mnt/wwwroot/yikang.mubantang.com/Application/Runtime/Cache/Admin/f259bce1158f32a7248b68a6490c7c06.php 第 2 行.
INFO: Run Behavior\ParseTemplateBehavior [ RunTime:0.006598s ]
INFO: [ view_parse ] --END-- [ RunTime:0.006630s ]
INFO: [ view_filter ] --START--
INFO: Run Behavior\WriteHtmlCacheBehavior [ RunTime:0.000121s ]
INFO: [ view_filter ] --END-- [ RunTime:0.000150s ]
INFO: [ app_end ] --START--
INFO: Run Behavior\ShowPageTraceBehavior [ RunTime:0.000347s ]
INFO: [ app_end ] --END-- [ RunTime:0.000378s ]

[ 2017-02-15T15:48:55+08:00 ] 113.119.54.224 /Admin/Index/index
INFO: [ app_init ] --START--
INFO: Run Behavior\BuildLiteBehavior [ RunTime:0.000012s ]
INFO: [ app_init ] --END-- [ RunTime:0.000257s ]
INFO: [ app_begin ] --START--
INFO: Run Behavior\ReadHtmlCacheBehavior [ RunTime:0.000352s ]
INFO: [ app_begin ] --END-- [ RunTime:0.000391s ]
SQL: SHOW COLUMNS FROM `yk_set` [ RunTime:0.0008s ]
SQL: SELECT * FROM `yk_set` LIMIT 1   [ RunTime:0.0002s ]
SQL: SHOW COLUMNS FROM `yk_cms_set` [ RunTime:0.0004s ]
SQL: SELECT * FROM `yk_cms_set` LIMIT 1   [ RunTime:0.0001s ]
SQL: SHOW COLUMNS FROM `yk_shop_set` [ RunTime:0.0008s ]
SQL: SELECT * FROM `yk_shop_set` LIMIT 1   [ RunTime:0.0002s ]
SQL: SHOW COLUMNS FROM `yk_user_oath` [ RunTime:0.0004s ]
SQL: SELECT * FROM `yk_user_oath`  [ RunTime:0.0002s ]
INFO: [ view_parse ] --START--
INFO: [ template_filter ] --START--
INFO: Run Behavior\ContentReplaceBehavior [ RunTime:0.000148s ]
INFO: [ template_filter ] --END-- [ RunTime:0.000192s ]
INFO: Run Behavior\ParseTemplateBehavior [ RunTime:0.021824s ]
INFO: [ view_parse ] --END-- [ RunTime:0.021862s ]
INFO: [ view_filter ] --START--
INFO: Run Behavior\WriteHtmlCacheBehavior [ RunTime:0.000134s ]
INFO: [ view_filter ] --END-- [ RunTime:0.000167s ]
INFO: [ app_end ] --START--
INFO: Run Behavior\ShowPageTraceBehavior [ RunTime:0.000376s ]
INFO: [ app_end ] --END-- [ RunTime:0.000416s ]

[ 2017-02-15T15:48:55+08:00 ] 113.119.54.224 /Admin/Employee/main
INFO: [ app_init ] --START--
INFO: Run Behavior\BuildLiteBehavior [ RunTime:0.000012s ]
INFO: [ app_init ] --END-- [ RunTime:0.000286s ]
INFO: [ app_begin ] --START--
INFO: Run Behavior\ReadHtmlCacheBehavior [ RunTime:0.000325s ]
INFO: [ app_begin ] --END-- [ RunTime:0.000359s ]
SQL: SHOW COLUMNS FROM `yk_set` [ RunTime:0.0007s ]
SQL: SELECT * FROM `yk_set` LIMIT 1   [ RunTime:0.0002s ]
SQL: SHOW COLUMNS FROM `yk_cms_set` [ RunTime:0.0004s ]
SQL: SELECT * FROM `yk_cms_set` LIMIT 1   [ RunTime:0.0001s ]
SQL: SHOW COLUMNS FROM `yk_shop_set` [ RunTime:0.0007s ]
SQL: SELECT * FROM `yk_shop_set` LIMIT 1   [ RunTime:0.0002s ]
SQL: SHOW COLUMNS FROM `yk_employee` [ RunTime:0.0005s ]
INFO: [ view_parse ] --START--
INFO: [ template_filter ] --START--
INFO: Run Behavior\ContentReplaceBehavior [ RunTime:0.000034s ]
INFO: [ template_filter ] --END-- [ RunTime:0.000070s ]
NOTIC: [8] Undefined variable: breadhtml /mnt/wwwroot/yikang.mubantang.com/Application/Runtime/Cache/Admin/f259bce1158f32a7248b68a6490c7c06.php 第 2 行.
INFO: Run Behavior\ParseTemplateBehavior [ RunTime:0.003661s ]
INFO: [ view_parse ] --END-- [ RunTime:0.003692s ]
INFO: [ view_filter ] --START--
INFO: Run Behavior\WriteHtmlCacheBehavior [ RunTime:0.000120s ]
INFO: [ view_filter ] --END-- [ RunTime:0.000149s ]
INFO: [ app_end ] --START--
INFO: Run Behavior\ShowPageTraceBehavior [ RunTime:0.000382s ]
INFO: [ app_end ] --END-- [ RunTime:0.000415s ]

[ 2017-02-15T15:49:35+08:00 ] 113.119.54.224 /Admin/Index/index
INFO: [ app_init ] --START--
INFO: Run Behavior\BuildLiteBehavior [ RunTime:0.000012s ]
INFO: [ app_init ] --END-- [ RunTime:0.000288s ]
INFO: [ app_begin ] --START--
INFO: Run Behavior\ReadHtmlCacheBehavior [ RunTime:0.000328s ]
INFO: [ app_begin ] --END-- [ RunTime:0.000378s ]
SQL: SHOW COLUMNS FROM `yk_set` [ RunTime:0.0007s ]
SQL: SELECT * FROM `yk_set` LIMIT 1   [ RunTime:0.0002s ]
SQL: SHOW COLUMNS FROM `yk_cms_set` [ RunTime:0.0005s ]
SQL: SELECT * FROM `yk_cms_set` LIMIT 1   [ RunTime:0.0003s ]
SQL: SHOW COLUMNS FROM `yk_shop_set` [ RunTime:0.0009s ]
SQL: SELECT * FROM `yk_shop_set` LIMIT 1   [ RunTime:0.0002s ]
SQL: SHOW COLUMNS FROM `yk_user_oath` [ RunTime:0.0004s ]
SQL: SELECT * FROM `yk_user_oath`  [ RunTime:0.0002s ]
INFO: [ view_parse ] --START--
INFO: [ template_filter ] --START--
INFO: Run Behavior\ContentReplaceBehavior [ RunTime:0.000137s ]
INFO: [ template_filter ] --END-- [ RunTime:0.000195s ]
INFO: Run Behavior\ParseTemplateBehavior [ RunTime:0.023973s ]
INFO: [ view_parse ] --END-- [ RunTime:0.024024s ]
INFO: [ view_filter ] --START--
INFO: Run Behavior\WriteHtmlCacheBehavior [ RunTime:0.000140s ]
INFO: [ view_filter ] --END-- [ RunTime:0.000173s ]
INFO: [ app_end ] --START--
INFO: Run Behavior\ShowPageTraceBehavior [ RunTime:0.000393s ]
INFO: [ app_end ] --END-- [ RunTime:0.000433s ]

[ 2017-02-15T15:49:35+08:00 ] 113.119.54.224 /Admin/Employee/main
INFO: [ app_init ] --START--
INFO: Run Behavior\BuildLiteBehavior [ RunTime:0.000012s ]
INFO: [ app_init ] --END-- [ RunTime:0.000261s ]
INFO: [ app_begin ] --START--
INFO: Run Behavior\ReadHtmlCacheBehavior [ RunTime:0.000346s ]
INFO: [ app_begin ] --END-- [ RunTime:0.000381s ]
SQL: SHOW COLUMNS FROM `yk_set` [ RunTime:0.0007s ]
SQL: SELECT * FROM `yk_set` LIMIT 1   [ RunTime:0.0002s ]
SQL: SHOW COLUMNS FROM `yk_cms_set` [ RunTime:0.0004s ]
SQL: SELECT * FROM `yk_cms_set` LIMIT 1   [ RunTime:0.0001s ]
SQL: SHOW COLUMNS FROM `yk_shop_set` [ RunTime:0.0007s ]
SQL: SELECT * FROM `yk_shop_set` LIMIT 1   [ RunTime:0.0002s ]
SQL: SHOW COLUMNS FROM `yk_employee` [ RunTime:0.0006s ]
INFO: [ view_parse ] --START--
INFO: [ template_filter ] --START--
INFO: Run Behavior\ContentReplaceBehavior [ RunTime:0.000029s ]
INFO: [ template_filter ] --END-- [ RunTime:0.000063s ]
NOTIC: [8] Undefined variable: breadhtml /mnt/wwwroot/yikang.mubantang.com/Application/Runtime/Cache/Admin/f259bce1158f32a7248b68a6490c7c06.php 第 2 行.
INFO: Run Behavior\ParseTemplateBehavior [ RunTime:0.003575s ]
INFO: [ view_parse ] --END-- [ RunTime:0.003607s ]
INFO: [ view_filter ] --START--
INFO: Run Behavior\WriteHtmlCacheBehavior [ RunTime:0.000119s ]
INFO: [ view_filter ] --END-- [ RunTime:0.000148s ]
INFO: [ app_end ] --START--
INFO: Run Behavior\ShowPageTraceBehavior [ RunTime:0.000365s ]
INFO: [ app_end ] --END-- [ RunTime:0.000396s ]

[ 2017-02-15T15:49:54+08:00 ] 113.119.54.224 /Admin/Employee/vipCenter
INFO: [ app_init ] --START--
INFO: Run Behavior\BuildLiteBehavior [ RunTime:0.000012s ]
INFO: [ app_init ] --END-- [ RunTime:0.000286s ]
INFO: [ app_begin ] --START--
INFO: Run Behavior\ReadHtmlCacheBehavior [ RunTime:0.000324s ]
INFO: [ app_begin ] --END-- [ RunTime:0.000359s ]
SQL: SHOW COLUMNS FROM `yk_set` [ RunTime:0.0008s ]
SQL: SELECT * FROM `yk_set` LIMIT 1   [ RunTime:0.0004s ]
SQL: SHOW COLUMNS FROM `yk_cms_set` [ RunTime:0.0006s ]
SQL: SELECT * FROM `yk_cms_set` LIMIT 1   [ RunTime:0.0001s ]
SQL: SHOW COLUMNS FROM `yk_shop_set` [ RunTime:0.0007s ]
SQL: SELECT * FROM `yk_shop_set` LIMIT 1   [ RunTime:0.0002s ]
SQL: SHOW COLUMNS FROM `yk_employee` [ RunTime:0.0005s ]
INFO: [ view_parse ] --START--
INFO: [ template_filter ] --START--
INFO: Run Behavior\ContentReplaceBehavior [ RunTime:0.000057s ]
INFO: [ template_filter ] --END-- [ RunTime:0.000138s ]
INFO: Run Behavior\ParseTemplateBehavior [ RunTime:0.058156s ]
INFO: [ view_parse ] --END-- [ RunTime:0.058190s ]
INFO: [ view_filter ] --START--
INFO: Run Behavior\WriteHtmlCacheBehavior [ RunTime:0.000126s ]
INFO: [ view_filter ] --END-- [ RunTime:0.000157s ]
SQL: SHOW COLUMNS FROM `yk_vip` [ RunTime:0.0015s ]
NOTIC: [8] Undefined index: p /mnt/wwwroot/yikang.mubantang.com/Application/Admin/Controller/EmployeeController.class.php 第 301 行.
SQL: SELECT * FROM `yk_vip` WHERE `employee` = 4 AND `is_system` = 1 ORDER BY total_xxbuy DESC LIMIT 0,20   [ RunTime:0.0023s ]
SQL: SHOW COLUMNS FROM `yk_vip_level` [ RunTime:0.0164s ]
SQL: SELECT `name` FROM `yk_vip_level` WHERE ( id=0 ) LIMIT 1   [ RunTime:0.0002s ]
NOTIC: [8] Undefined offset: 4 /mnt/wwwroot/yikang.mubantang.com/Application/Admin/Controller/EmployeeController.class.php 第 324 行.
SQL: SHOW COLUMNS FROM `yk_shop_order` [ RunTime:0.0011s ]
SQL: SELECT COUNT(*) AS tp_count FROM yk_shop_order O LEFT JOIN yk_vip as V on O.vipid=V.id  WHERE V.pid = '550' AND O.status IN ('2','3','5') LIMIT 1   [ RunTime:0.0381s ]
SQL: SELECT SUM(payprice) AS tp_sum FROM yk_shop_order O LEFT JOIN yk_vip as V on O.vipid=V.id  WHERE V.pid = '550' AND O.status IN ('2','3','5') LIMIT 1   [ RunTime:0.0004s ]
SQL: SELECT `name` FROM `yk_vip_level` WHERE ( id=0 ) LIMIT 1   [ RunTime:0.0001s ]
NOTIC: [8] Undefined offset: 4 /mnt/wwwroot/yikang.mubantang.com/Application/Admin/Controller/EmployeeController.class.php 第 324 行.
SQL: SELECT COUNT(*) AS tp_count FROM yk_shop_order O LEFT JOIN yk_vip as V on O.vipid=V.id  WHERE V.pid = '544' AND O.status IN ('2','3','5') LIMIT 1   [ RunTime:0.0002s ]
SQL: SELECT SUM(payprice) AS tp_sum FROM yk_shop_order O LEFT JOIN yk_vip as V on O.vipid=V.id  WHERE V.pid = '544' AND O.status IN ('2','3','5') LIMIT 1   [ RunTime:0.0002s ]
SQL: SELECT `name` FROM `yk_vip_level` WHERE ( id=0 ) LIMIT 1   [ RunTime:0.0001s ]
NOTIC: [8] Undefined offset: 4 /mnt/wwwroot/yikang.mubantang.com/Application/Admin/Controller/EmployeeController.class.php 第 324 行.
SQL: SELECT COUNT(*) AS tp_count FROM yk_shop_order O LEFT JOIN yk_vip as V on O.vipid=V.id  WHERE V.pid = '545' AND O.status IN ('2','3','5') LIMIT 1   [ RunTime:0.0002s ]
SQL: SELECT SUM(payprice) AS tp_sum FROM yk_shop_order O LEFT JOIN yk_vip as V on O.vipid=V.id  WHERE V.pid = '545' AND O.status IN ('2','3','5') LIMIT 1   [ RunTime:0.0002s ]
SQL: SELECT `name` FROM `yk_vip_level` WHERE ( id=0 ) LIMIT 1   [ RunTime:0.0001s ]
NOTIC: [8] Undefined offset: 4 /mnt/wwwroot/yikang.mubantang.com/Application/Admin/Controller/EmployeeController.class.php 第 324 行.
SQL: SELECT COUNT(*) AS tp_count FROM yk_shop_order O LEFT JOIN yk_vip as V on O.vipid=V.id  WHERE V.pid = '546' AND O.status IN ('2','3','5') LIMIT 1   [ RunTime:0.0002s ]
SQL: SELECT SUM(payprice) AS tp_sum FROM yk_shop_order O LEFT JOIN yk_vip as V on O.vipid=V.id  WHERE V.pid = '546' AND O.status IN ('2','3','5') LIMIT 1   [ RunTime:0.0002s ]
SQL: SELECT `name` FROM `yk_vip_level` WHERE ( id=0 ) LIMIT 1   [ RunTime:0.0001s ]
NOTIC: [8] Undefined offset: 4 /mnt/wwwroot/yikang.mubantang.com/Application/Admin/Controller/EmployeeController.class.php 第 324 行.
SQL: SELECT COUNT(*) AS tp_count FROM yk_shop_order O LEFT JOIN yk_vip as V on O.vipid=V.id  WHERE V.pid = '547' AND O.status IN ('2','3','5') LIMIT 1   [ RunTime:0.0002s ]
SQL: SELECT SUM(payprice) AS tp_sum FROM yk_shop_order O LEFT JOIN yk_vip as V on O.vipid=V.id  WHERE V.pid = '547' AND O.status IN ('2','3','5') LIMIT 1   [ RunTime:0.0002s ]
SQL: SELECT `name` FROM `yk_vip_level` WHERE ( id=0 ) LIMIT 1   [ RunTime:0.0001s ]
NOTIC: [8] Undefined offset: 4 /mnt/wwwroot/yikang.mubantang.com/Application/Admin/Controller/EmployeeController.class.php 第 324 行.
SQL: SELECT COUNT(*) AS tp_count FROM yk_shop_order O LEFT JOIN yk_vip as V on O.vipid=V.id  WHERE V.pid = '548' AND O.status IN ('2','3','5') LIMIT 1   [ RunTime:0.0002s ]
SQL: SELECT SUM(payprice) AS tp_sum FROM yk_shop_order O LEFT JOIN yk_vip as V on O.vipid=V.id  WHERE V.pid = '548' AND O.status IN ('2','3','5') LIMIT 1   [ RunTime:0.0002s ]
SQL: SELECT `name` FROM `yk_vip_level` WHERE ( id=0 ) LIMIT 1   [ RunTime:0.0001s ]
NOTIC: [8] Undefined offset: 4 /mnt/wwwroot/yikang.mubantang.com/Application/Admin/Controller/EmployeeController.class.php 第 324 行.
SQL: SELECT COUNT(*) AS tp_count FROM yk_shop_order O LEFT JOIN yk_vip as V on O.vipid=V.id  WHERE V.pid = '549' AND O.status IN ('2','3','5') LIMIT 1   [ RunTime:0.0002s ]
SQL: SELECT SUM(payprice) AS tp_sum FROM yk_shop_order O LEFT JOIN yk_vip as V on O.vipid=V.id  WHERE V.pid = '549' AND O.status IN ('2','3','5') LIMIT 1   [ RunTime:0.0002s ]
SQL: SELECT `name` FROM `yk_vip_level` WHERE ( id=0 ) LIMIT 1   [ RunTime:0.0001s ]
NOTIC: [8] Undefined offset: 4 /mnt/wwwroot/yikang.mubantang.com/Application/Admin/Controller/EmployeeController.class.php 第 324 行.
SQL: SELECT COUNT(*) AS tp_count FROM yk_shop_order O LEFT JOIN yk_vip as V on O.vipid=V.id  WHERE V.pid = '551' AND O.status IN ('2','3','5') LIMIT 1   [ RunTime:0.0012s ]
SQL: SELECT SUM(payprice) AS tp_sum FROM yk_shop_order O LEFT JOIN yk_vip as V on O.vipid=V.id  WHERE V.pid = '551' AND O.status IN ('2','3','5') LIMIT 1   [ RunTime:0.0002s ]
SQL: SELECT `name` FROM `yk_vip_level` WHERE ( id=0 ) LIMIT 1   [ RunTime:0.0001s ]
NOTIC: [8] Undefined offset: 4 /mnt/wwwroot/yikang.mubantang.com/Application/Admin/Controller/EmployeeController.class.php 第 324 行.
SQL: SELECT COUNT(*) AS tp_count FROM yk_shop_order O LEFT JOIN yk_vip as V on O.vipid=V.id  WHERE V.pid = '552' AND O.status IN ('2','3','5') LIMIT 1   [ RunTime:0.0002s ]
SQL: SELECT SUM(payprice) AS tp_sum FROM yk_shop_order O LEFT JOIN yk_vip as V on O.vipid=V.id  WHERE V.pid = '552' AND O.status IN ('2','3','5') LIMIT 1   [ RunTime:0.0002s ]
SQL: SELECT `name` FROM `yk_vip_level` WHERE ( id=0 ) LIMIT 1   [ RunTime:0.0001s ]
NOTIC: [8] Undefined offset: 4 /mnt/wwwroot/yikang.mubantang.com/Application/Admin/Controller/EmployeeController.class.php 第 324 行.
SQL: SELECT COUNT(*) AS tp_count FROM yk_shop_order O LEFT JOIN yk_vip as V on O.vipid=V.id  WHERE V.pid = '553' AND O.status IN ('2','3','5') LIMIT 1   [ RunTime:0.0002s ]
SQL: SELECT SUM(payprice) AS tp_sum FROM yk_shop_order O LEFT JOIN yk_vip as V on O.vipid=V.id  WHERE V.pid = '553' AND O.status IN ('2','3','5') LIMIT 1   [ RunTime:0.0002s ]
SQL: SELECT `name` FROM `yk_vip_level` WHERE ( id=0 ) LIMIT 1   [ RunTime:0.0001s ]
NOTIC: [8] Undefined offset: 4 /mnt/wwwroot/yikang.mubantang.com/Application/Admin/Controller/EmployeeController.class.php 第 324 行.
SQL: SELECT COUNT(*) AS tp_count FROM yk_shop_order O LEFT JOIN yk_vip as V on O.vipid=V.id  WHERE V.pid = '554' AND O.status IN ('2','3','5') LIMIT 1   [ RunTime:0.0002s ]
SQL: SELECT SUM(payprice) AS tp_sum FROM yk_shop_order O LEFT JOIN yk_vip as V on O.vipid=V.id  WHERE V.pid = '554' AND O.status IN ('2','3','5') LIMIT 1   [ RunTime:0.0002s ]
SQL: SELECT `name` FROM `yk_vip_level` WHERE ( id=0 ) LIMIT 1   [ RunTime:0.0001s ]
NOTIC: [8] Undefined offset: 4 /mnt/wwwroot/yikang.mubantang.com/Application/Admin/Controller/EmployeeController.class.php 第 324 行.
SQL: SELECT COUNT(*) AS tp_count FROM yk_shop_order O LEFT JOIN yk_vip as V on O.vipid=V.id  WHERE V.pid = '555' AND O.status IN ('2','3','5') LIMIT 1   [ RunTime:0.0002s ]
SQL: SELECT SUM(payprice) AS tp_sum FROM yk_shop_order O LEFT JOIN yk_vip as V on O.vipid=V.id  WHERE V.pid = '555' AND O.status IN ('2','3','5') LIMIT 1   [ RunTime:0.0002s ]
SQL: SELECT `name` FROM `yk_vip_level` WHERE ( id=0 ) LIMIT 1   [ RunTime:0.0001s ]
NOTIC: [8] Undefined offset: 4 /mnt/wwwroot/yikang.mubantang.com/Application/Admin/Controller/EmployeeController.class.php 第 324 行.
SQL: SELECT COUNT(*) AS tp_count FROM yk_shop_order O LEFT JOIN yk_vip as V on O.vipid=V.id  WHERE V.pid = '556' AND O.status IN ('2','3','5') LIMIT 1   [ RunTime:0.0002s ]
SQL: SELECT SUM(payprice) AS tp_sum FROM yk_shop_order O LEFT JOIN yk_vip as V on O.vipid=V.id  WHERE V.pid = '556' AND O.status IN ('2','3','5') LIMIT 1   [ RunTime:0.0002s ]
SQL: SELECT `name` FROM `yk_vip_level` WHERE ( id=0 ) LIMIT 1   [ RunTime:0.0001s ]
NOTIC: [8] Undefined offset: 4 /mnt/wwwroot/yikang.mubantang.com/Application/Admin/Controller/EmployeeController.class.php 第 324 行.
SQL: SELECT COUNT(*) AS tp_count FROM yk_shop_order O LEFT JOIN yk_vip as V on O.vipid=V.id  WHERE V.pid = '557' AND O.status IN ('2','3','5') LIMIT 1   [ RunTime:0.0002s ]
SQL: SELECT SUM(payprice) AS tp_sum FROM yk_shop_order O LEFT JOIN yk_vip as V on O.vipid=V.id  WHERE V.pid = '557' AND O.status IN ('2','3','5') LIMIT 1   [ RunTime:0.0002s ]
SQL: SELECT `name` FROM `yk_vip_level` WHERE ( id=0 ) LIMIT 1   [ RunTime:0.0001s ]
NOTIC: [8] Undefined offset: 4 /mnt/wwwroot/yikang.mubantang.com/Application/Admin/Controller/EmployeeController.class.php 第 324 行.
SQL: SELECT COUNT(*) AS tp_count FROM yk_shop_order O LEFT JOIN yk_vip as V on O.vipid=V.id  WHERE V.pid = '558' AND O.status IN ('2','3','5') LIMIT 1   [ RunTime:0.0279s ]
SQL: SELECT SUM(payprice) AS tp_sum FROM yk_shop_order O LEFT JOIN yk_vip as V on O.vipid=V.id  WHERE V.pid = '558' AND O.status IN ('2','3','5') LIMIT 1   [ RunTime:0.0009s ]
SQL: SELECT `name` FROM `yk_vip_level` WHERE ( id=0 ) LIMIT 1   [ RunTime:0.0001s ]
NOTIC: [8] Undefined offset: 4 /mnt/wwwroot/yikang.mubantang.com/Application/Admin/Controller/EmployeeController.class.php 第 324 行.
SQL: SELECT COUNT(*) AS tp_count FROM yk_shop_order O LEFT JOIN yk_vip as V on O.vipid=V.id  WHERE V.pid = '559' AND O.status IN ('2','3','5') LIMIT 1   [ RunTime:0.0002s ]
SQL: SELECT SUM(payprice) AS tp_sum FROM yk_shop_order O LEFT JOIN yk_vip as V on O.vipid=V.id  WHERE V.pid = '559' AND O.status IN ('2','3','5') LIMIT 1   [ RunTime:0.0002s ]
SQL: SELECT `name` FROM `yk_vip_level` WHERE ( id=0 ) LIMIT 1   [ RunTime:0.0001s ]
NOTIC: [8] Undefined offset: 4 /mnt/wwwroot/yikang.mubantang.com/Application/Admin/Controller/EmployeeController.class.php 第 324 行.
SQL: SELECT COUNT(*) AS tp_count FROM yk_shop_order O LEFT JOIN yk_vip as V on O.vipid=V.id  WHERE V.pid = '560' AND O.status IN ('2','3','5') LIMIT 1   [ RunTime:0.0002s ]
SQL: SELECT SUM(payprice) AS tp_sum FROM yk_shop_order O LEFT JOIN yk_vip as V on O.vipid=V.id  WHERE V.pid = '560' AND O.status IN ('2','3','5') LIMIT 1   [ RunTime:0.0002s ]
SQL: SELECT `name` FROM `yk_vip_level` WHERE ( id=0 ) LIMIT 1   [ RunTime:0.0001s ]
NOTIC: [8] Undefined offset: 4 /mnt/wwwroot/yikang.mubantang.com/Application/Admin/Controller/EmployeeController.class.php 第 324 行.
SQL: SELECT COUNT(*) AS tp_count FROM yk_shop_order O LEFT JOIN yk_vip as V on O.vipid=V.id  WHERE V.pid = '561' AND O.status IN ('2','3','5') LIMIT 1   [ RunTime:0.0003s ]
SQL: SELECT SUM(payprice) AS tp_sum FROM yk_shop_order O LEFT JOIN yk_vip as V on O.vipid=V.id  WHERE V.pid = '561' AND O.status IN ('2','3','5') LIMIT 1   [ RunTime:0.0002s ]
SQL: SELECT `name` FROM `yk_vip_level` WHERE ( id=0 ) LIMIT 1   [ RunTime:0.0001s ]
NOTIC: [8] Undefined offset: 4 /mnt/wwwroot/yikang.mubantang.com/Application/Admin/Controller/EmployeeController.class.php 第 324 行.
SQL: SELECT COUNT(*) AS tp_count FROM yk_shop_order O LEFT JOIN yk_vip as V on O.vipid=V.id  WHERE V.pid = '562' AND O.status IN ('2','3','5') LIMIT 1   [ RunTime:0.0002s ]
SQL: SELECT SUM(payprice) AS tp_sum FROM yk_shop_order O LEFT JOIN yk_vip as V on O.vipid=V.id  WHERE V.pid = '562' AND O.status IN ('2','3','5') LIMIT 1   [ RunTime:0.0002s ]
SQL: SELECT `name` FROM `yk_vip_level` WHERE ( id=0 ) LIMIT 1   [ RunTime:0.0001s ]
NOTIC: [8] Undefined offset: 4 /mnt/wwwroot/yikang.mubantang.com/Application/Admin/Controller/EmployeeController.class.php 第 324 行.
SQL: SELECT COUNT(*) AS tp_count FROM yk_shop_order O LEFT JOIN yk_vip as V on O.vipid=V.id  WHERE V.pid = '563' AND O.status IN ('2','3','5') LIMIT 1   [ RunTime:0.0002s ]
SQL: SELECT SUM(payprice) AS tp_sum FROM yk_shop_order O LEFT JOIN yk_vip as V on O.vipid=V.id  WHERE V.pid = '563' AND O.status IN ('2','3','5') LIMIT 1   [ RunTime:0.0002s ]
SQL: SELECT COUNT(*) AS tp_count FROM `yk_vip` WHERE `employee` = 4 AND `is_system` = 1 LIMIT 1   [ RunTime:0.0020s ]
NOTIC: [2] Missing argument 6 for Admin\Controller\BaseController::getPage(), called in /mnt/wwwroot/yikang.mubantang.com/Application/Admin/Controller/EmployeeController.class.php on line 347 and defined /mnt/wwwroot/yikang.mubantang.com/Application/Admin/Controller/BaseController.class.php 第 91 行.
NOTIC: [8] Undefined variable: map /mnt/wwwroot/yikang.mubantang.com/Application/Admin/Controller/BaseController.class.php 第 103 行.
INFO: [ view_parse ] --START--
INFO: [ template_filter ] --START--
INFO: Run Behavior\ContentReplaceBehavior [ RunTime:0.000038s ]
INFO: [ template_filter ] --END-- [ RunTime:-0.127722s ]
INFO: Run Behavior\ParseTemplateBehavior [ RunTime:0.006415s ]
INFO: [ view_parse ] --END-- [ RunTime:-0.121739s ]
INFO: [ view_filter ] --START--
INFO: Run Behavior\WriteHtmlCacheBehavior [ RunTime:0.000016s ]
INFO: [ view_filter ] --END-- [ RunTime:-0.128079s ]
INFO: [ app_end ] --START--
INFO: Run Behavior\ShowPageTraceBehavior [ RunTime:0.000532s ]
INFO: [ app_end ] --END-- [ RunTime:0.000572s ]

[ 2017-02-15T15:50:50+08:00 ] 113.119.54.224 /Admin/Employee/vipSet/id/561
INFO: [ app_init ] --START--
INFO: Run Behavior\BuildLiteBehavior [ RunTime:0.000014s ]
INFO: [ app_init ] --END-- [ RunTime:0.000295s ]
INFO: [ app_begin ] --START--
INFO: Run Behavior\ReadHtmlCacheBehavior [ RunTime:0.000332s ]
INFO: [ app_begin ] --END-- [ RunTime:0.000366s ]
SQL: SHOW COLUMNS FROM `yk_set` [ RunTime:0.0007s ]
SQL: SELECT * FROM `yk_set` LIMIT 1   [ RunTime:0.0002s ]
SQL: SHOW COLUMNS FROM `yk_cms_set` [ RunTime:0.0004s ]
SQL: SELECT * FROM `yk_cms_set` LIMIT 1   [ RunTime:0.0001s ]
SQL: SHOW COLUMNS FROM `yk_shop_set` [ RunTime:0.0007s ]
SQL: SELECT * FROM `yk_shop_set` LIMIT 1   [ RunTime:0.0002s ]
SQL: SHOW COLUMNS FROM `yk_employee` [ RunTime:0.0004s ]
SQL: SHOW COLUMNS FROM `yk_vip` [ RunTime:0.0010s ]
INFO: [ view_parse ] --START--
INFO: [ template_filter ] --START--
INFO: Run Behavior\ContentReplaceBehavior [ RunTime:0.000033s ]
INFO: [ template_filter ] --END-- [ RunTime:0.000071s ]
INFO: Run Behavior\ParseTemplateBehavior [ RunTime:0.004880s ]
INFO: [ view_parse ] --END-- [ RunTime:0.004912s ]
INFO: [ view_filter ] --START--
INFO: Run Behavior\WriteHtmlCacheBehavior [ RunTime:0.000138s ]
INFO: [ view_filter ] --END-- [ RunTime:0.000168s ]
SQL: SELECT * FROM `yk_vip` WHERE ( id=561 ) LIMIT 1   [ RunTime:0.0002s ]
INFO: [ view_parse ] --START--
INFO: [ template_filter ] --START--
INFO: Run Behavior\ContentReplaceBehavior [ RunTime:0.000037s ]
INFO: [ template_filter ] --END-- [ RunTime:-0.033867s ]
INFO: Run Behavior\ParseTemplateBehavior [ RunTime:0.017783s ]
INFO: [ view_parse ] --END-- [ RunTime:-0.017763s ]
INFO: [ view_filter ] --START--
INFO: Run Behavior\WriteHtmlCacheBehavior [ RunTime:0.000010s ]
INFO: [ view_filter ] --END-- [ RunTime:-0.035434s ]
INFO: [ app_end ] --START--
INFO: Run Behavior\ShowPageTraceBehavior [ RunTime:0.000421s ]
INFO: [ app_end ] --END-- [ RunTime:0.000456s ]

[ 2017-02-15T15:50:55+08:00 ] 113.119.54.224 /Admin/Index/index
INFO: [ app_init ] --START--
INFO: Run Behavior\BuildLiteBehavior [ RunTime:0.000013s ]
INFO: [ app_init ] --END-- [ RunTime:0.000286s ]
INFO: [ app_begin ] --START--
INFO: Run Behavior\ReadHtmlCacheBehavior [ RunTime:0.000325s ]
INFO: [ app_begin ] --END-- [ RunTime:0.000363s ]
SQL: SHOW COLUMNS FROM `yk_set` [ RunTime:0.0007s ]
SQL: SELECT * FROM `yk_set` LIMIT 1   [ RunTime:0.0002s ]
SQL: SHOW COLUMNS FROM `yk_cms_set` [ RunTime:0.0004s ]
SQL: SELECT * FROM `yk_cms_set` LIMIT 1   [ RunTime:0.0001s ]
SQL: SHOW COLUMNS FROM `yk_shop_set` [ RunTime:0.0007s ]
SQL: SELECT * FROM `yk_shop_set` LIMIT 1   [ RunTime:0.0002s ]
SQL: SHOW COLUMNS FROM `yk_user_oath` [ RunTime:0.0004s ]
SQL: SELECT * FROM `yk_user_oath`  [ RunTime:0.0001s ]
INFO: [ view_parse ] --START--
INFO: [ template_filter ] --START--
INFO: Run Behavior\ContentReplaceBehavior [ RunTime:0.000141s ]
INFO: [ template_filter ] --END-- [ RunTime:0.000209s ]
INFO: Run Behavior\ParseTemplateBehavior [ RunTime:0.022969s ]
INFO: [ view_parse ] --END-- [ RunTime:0.023018s ]
INFO: [ view_filter ] --START--
INFO: Run Behavior\WriteHtmlCacheBehavior [ RunTime:0.000150s ]
INFO: [ view_filter ] --END-- [ RunTime:0.000183s ]
INFO: [ app_end ] --START--
INFO: Run Behavior\ShowPageTraceBehavior [ RunTime:0.000399s ]
INFO: [ app_end ] --END-- [ RunTime:0.000439s ]

[ 2017-02-15T15:50:55+08:00 ] 113.119.54.224 /Admin/Employee/main
INFO: [ app_init ] --START--
INFO: Run Behavior\BuildLiteBehavior [ RunTime:0.000012s ]
INFO: [ app_init ] --END-- [ RunTime:0.000265s ]
INFO: [ app_begin ] --START--
INFO: Run Behavior\ReadHtmlCacheBehavior [ RunTime:0.000419s ]
INFO: [ app_begin ] --END-- [ RunTime:0.000454s ]
SQL: SHOW COLUMNS FROM `yk_set` [ RunTime:0.0007s ]
SQL: SELECT * FROM `yk_set` LIMIT 1   [ RunTime:0.0002s ]
SQL: SHOW COLUMNS FROM `yk_cms_set` [ RunTime:0.0004s ]
SQL: SELECT * FROM `yk_cms_set` LIMIT 1   [ RunTime:0.0001s ]
SQL: SHOW COLUMNS FROM `yk_shop_set` [ RunTime:0.0007s ]
SQL: SELECT * FROM `yk_shop_set` LIMIT 1   [ RunTime:0.0002s ]
SQL: SHOW COLUMNS FROM `yk_employee` [ RunTime:0.0004s ]
INFO: [ view_parse ] --START--
INFO: [ template_filter ] --START--
INFO: Run Behavior\ContentReplaceBehavior [ RunTime:0.000027s ]
INFO: [ template_filter ] --END-- [ RunTime:0.000062s ]
NOTIC: [8] Undefined variable: breadhtml /mnt/wwwroot/yikang.mubantang.com/Application/Runtime/Cache/Admin/f259bce1158f32a7248b68a6490c7c06.php 第 2 行.
INFO: Run Behavior\ParseTemplateBehavior [ RunTime:0.003492s ]
INFO: [ view_parse ] --END-- [ RunTime:0.003523s ]
INFO: [ view_filter ] --START--
INFO: Run Behavior\WriteHtmlCacheBehavior [ RunTime:0.000119s ]
INFO: [ view_filter ] --END-- [ RunTime:0.000149s ]
INFO: [ app_end ] --START--
INFO: Run Behavior\ShowPageTraceBehavior [ RunTime:0.000336s ]
INFO: [ app_end ] --END-- [ RunTime:0.000367s ]

[ 2017-02-15T15:51:10+08:00 ] 113.119.54.224 /Admin/Employee/vipCenter
INFO: [ app_init ] --START--
INFO: Run Behavior\BuildLiteBehavior [ RunTime:0.000016s ]
INFO: [ app_init ] --END-- [ RunTime:0.000309s ]
INFO: [ app_begin ] --START--
INFO: Run Behavior\ReadHtmlCacheBehavior [ RunTime:0.000356s ]
INFO: [ app_begin ] --END-- [ RunTime:0.000392s ]
SQL: SHOW COLUMNS FROM `yk_set` [ RunTime:0.0007s ]
SQL: SELECT * FROM `yk_set` LIMIT 1   [ RunTime:0.0002s ]
SQL: SHOW COLUMNS FROM `yk_cms_set` [ RunTime:0.0004s ]
SQL: SELECT * FROM `yk_cms_set` LIMIT 1   [ RunTime:0.0001s ]
SQL: SHOW COLUMNS FROM `yk_shop_set` [ RunTime:0.0007s ]
SQL: SELECT * FROM `yk_shop_set` LIMIT 1   [ RunTime:0.0002s ]
SQL: SHOW COLUMNS FROM `yk_employee` [ RunTime:0.0004s ]
INFO: [ view_parse ] --START--
INFO: [ template_filter ] --START--
INFO: Run Behavior\ContentReplaceBehavior [ RunTime:0.000032s ]
INFO: [ template_filter ] --END-- [ RunTime:0.000067s ]
INFO: Run Behavior\ParseTemplateBehavior [ RunTime:0.004686s ]
INFO: [ view_parse ] --END-- [ RunTime:0.004718s ]
INFO: [ view_filter ] --START--
INFO: Run Behavior\WriteHtmlCacheBehavior [ RunTime:0.000121s ]
INFO: [ view_filter ] --END-- [ RunTime:0.000151s ]
SQL: SHOW COLUMNS FROM `yk_vip` [ RunTime:0.0010s ]
NOTIC: [8] Undefined index: p /mnt/wwwroot/yikang.mubantang.com/Application/Admin/Controller/EmployeeController.class.php 第 301 行.
SQL: SELECT * FROM `yk_vip` WHERE `employee` = 4 AND `is_system` = 1 ORDER BY total_xxbuy DESC LIMIT 0,20   [ RunTime:0.0024s ]
SQL: SHOW COLUMNS FROM `yk_vip_level` [ RunTime:0.0006s ]
SQL: SELECT `name` FROM `yk_vip_level` WHERE ( id=0 ) LIMIT 1   [ RunTime:0.0002s ]
NOTIC: [8] Undefined offset: 4 /mnt/wwwroot/yikang.mubantang.com/Application/Admin/Controller/EmployeeController.class.php 第 324 行.
SQL: SHOW COLUMNS FROM `yk_shop_order` [ RunTime:0.0010s ]
SQL: SELECT COUNT(*) AS tp_count FROM yk_shop_order O LEFT JOIN yk_vip as V on O.vipid=V.id  WHERE V.pid = '550' AND O.status IN ('2','3','5') LIMIT 1   [ RunTime:0.0003s ]
SQL: SELECT SUM(payprice) AS tp_sum FROM yk_shop_order O LEFT JOIN yk_vip as V on O.vipid=V.id  WHERE V.pid = '550' AND O.status IN ('2','3','5') LIMIT 1   [ RunTime:0.0002s ]
SQL: SELECT `name` FROM `yk_vip_level` WHERE ( id=0 ) LIMIT 1   [ RunTime:0.0001s ]
NOTIC: [8] Undefined offset: 4 /mnt/wwwroot/yikang.mubantang.com/Application/Admin/Controller/EmployeeController.class.php 第 324 行.
SQL: SELECT COUNT(*) AS tp_count FROM yk_shop_order O LEFT JOIN yk_vip as V on O.vipid=V.id  WHERE V.pid = '544' AND O.status IN ('2','3','5') LIMIT 1   [ RunTime:0.0002s ]
SQL: SELECT SUM(payprice) AS tp_sum FROM yk_shop_order O LEFT JOIN yk_vip as V on O.vipid=V.id  WHERE V.pid = '544' AND O.status IN ('2','3','5') LIMIT 1   [ RunTime:0.0002s ]
SQL: SELECT `name` FROM `yk_vip_level` WHERE ( id=0 ) LIMIT 1   [ RunTime:0.0001s ]
NOTIC: [8] Undefined offset: 4 /mnt/wwwroot/yikang.mubantang.com/Application/Admin/Controller/EmployeeController.class.php 第 324 行.
SQL: SELECT COUNT(*) AS tp_count FROM yk_shop_order O LEFT JOIN yk_vip as V on O.vipid=V.id  WHERE V.pid = '545' AND O.status IN ('2','3','5') LIMIT 1   [ RunTime:0.0002s ]
SQL: SELECT SUM(payprice) AS tp_sum FROM yk_shop_order O LEFT JOIN yk_vip as V on O.vipid=V.id  WHERE V.pid = '545' AND O.status IN ('2','3','5') LIMIT 1   [ RunTime:0.0002s ]
SQL: SELECT `name` FROM `yk_vip_level` WHERE ( id=0 ) LIMIT 1   [ RunTime:0.0001s ]
NOTIC: [8] Undefined offset: 4 /mnt/wwwroot/yikang.mubantang.com/Application/Admin/Controller/EmployeeController.class.php 第 324 行.
SQL: SELECT COUNT(*) AS tp_count FROM yk_shop_order O LEFT JOIN yk_vip as V on O.vipid=V.id  WHERE V.pid = '546' AND O.status IN ('2','3','5') LIMIT 1   [ RunTime:0.0002s ]
SQL: SELECT SUM(payprice) AS tp_sum FROM yk_shop_order O LEFT JOIN yk_vip as V on O.vipid=V.id  WHERE V.pid = '546' AND O.status IN ('2','3','5') LIMIT 1   [ RunTime:0.0003s ]
SQL: SELECT `name` FROM `yk_vip_level` WHERE ( id=0 ) LIMIT 1   [ RunTime:0.0001s ]
NOTIC: [8] Undefined offset: 4 /mnt/wwwroot/yikang.mubantang.com/Application/Admin/Controller/EmployeeController.class.php 第 324 行.
SQL: SELECT COUNT(*) AS tp_count FROM yk_shop_order O LEFT JOIN yk_vip as V on O.vipid=V.id  WHERE V.pid = '547' AND O.status IN ('2','3','5') LIMIT 1   [ RunTime:0.0002s ]
SQL: SELECT SUM(payprice) AS tp_sum FROM yk_shop_order O LEFT JOIN yk_vip as V on O.vipid=V.id  WHERE V.pid = '547' AND O.status IN ('2','3','5') LIMIT 1   [ RunTime:0.0002s ]
SQL: SELECT `name` FROM `yk_vip_level` WHERE ( id=0 ) LIMIT 1   [ RunTime:0.0001s ]
NOTIC: [8] Undefined offset: 4 /mnt/wwwroot/yikang.mubantang.com/Application/Admin/Controller/EmployeeController.class.php 第 324 行.
SQL: SELECT COUNT(*) AS tp_count FROM yk_shop_order O LEFT JOIN yk_vip as V on O.vipid=V.id  WHERE V.pid = '548' AND O.status IN ('2','3','5') LIMIT 1   [ RunTime:0.0002s ]
SQL: SELECT SUM(payprice) AS tp_sum FROM yk_shop_order O LEFT JOIN yk_vip as V on O.vipid=V.id  WHERE V.pid = '548' AND O.status IN ('2','3','5') LIMIT 1   [ RunTime:0.0002s ]
SQL: SELECT `name` FROM `yk_vip_level` WHERE ( id=0 ) LIMIT 1   [ RunTime:0.0001s ]
NOTIC: [8] Undefined offset: 4 /mnt/wwwroot/yikang.mubantang.com/Application/Admin/Controller/EmployeeController.class.php 第 324 行.
SQL: SELECT COUNT(*) AS tp_count FROM yk_shop_order O LEFT JOIN yk_vip as V on O.vipid=V.id  WHERE V.pid = '549' AND O.status IN ('2','3','5') LIMIT 1   [ RunTime:0.0002s ]
SQL: SELECT SUM(payprice) AS tp_sum FROM yk_shop_order O LEFT JOIN yk_vip as V on O.vipid=V.id  WHERE V.pid = '549' AND O.status IN ('2','3','5') LIMIT 1   [ RunTime:0.0002s ]
SQL: SELECT `name` FROM `yk_vip_level` WHERE ( id=0 ) LIMIT 1   [ RunTime:0.0001s ]
NOTIC: [8] Undefined offset: 4 /mnt/wwwroot/yikang.mubantang.com/Application/Admin/Controller/EmployeeController.class.php 第 324 行.
SQL: SELECT COUNT(*) AS tp_count FROM yk_shop_order O LEFT JOIN yk_vip as V on O.vipid=V.id  WHERE V.pid = '551' AND O.status IN ('2','3','5') LIMIT 1   [ RunTime:0.0002s ]
SQL: SELECT SUM(payprice) AS tp_sum FROM yk_shop_order O LEFT JOIN yk_vip as V on O.vipid=V.id  WHERE V.pid = '551' AND O.status IN ('2','3','5') LIMIT 1   [ RunTime:0.0002s ]
SQL: SELECT `name` FROM `yk_vip_level` WHERE ( id=0 ) LIMIT 1   [ RunTime:0.0001s ]
NOTIC: [8] Undefined offset: 4 /mnt/wwwroot/yikang.mubantang.com/Application/Admin/Controller/EmployeeController.class.php 第 324 行.
SQL: SELECT COUNT(*) AS tp_count FROM yk_shop_order O LEFT JOIN yk_vip as V on O.vipid=V.id  WHERE V.pid = '552' AND O.status IN ('2','3','5') LIMIT 1   [ RunTime:0.0002s ]
SQL: SELECT SUM(payprice) AS tp_sum FROM yk_shop_order O LEFT JOIN yk_vip as V on O.vipid=V.id  WHERE V.pid = '552' AND O.status IN ('2','3','5') LIMIT 1   [ RunTime:0.0002s ]
SQL: SELECT `name` FROM `yk_vip_level` WHERE ( id=0 ) LIMIT 1   [ RunTime:0.0001s ]
NOTIC: [8] Undefined offset: 4 /mnt/wwwroot/yikang.mubantang.com/Application/Admin/Controller/EmployeeController.class.php 第 324 行.
SQL: SELECT COUNT(*) AS tp_count FROM yk_shop_order O LEFT JOIN yk_vip as V on O.vipid=V.id  WHERE V.pid = '553' AND O.status IN ('2','3','5') LIMIT 1   [ RunTime:0.0002s ]
SQL: SELECT SUM(payprice) AS tp_sum FROM yk_shop_order O LEFT JOIN yk_vip as V on O.vipid=V.id  WHERE V.pid = '553' AND O.status IN ('2','3','5') LIMIT 1   [ RunTime:0.0002s ]
SQL: SELECT `name` FROM `yk_vip_level` WHERE ( id=0 ) LIMIT 1   [ RunTime:0.0001s ]
NOTIC: [8] Undefined offset: 4 /mnt/wwwroot/yikang.mubantang.com/Application/Admin/Controller/EmployeeController.class.php 第 324 行.
SQL: SELECT COUNT(*) AS tp_count FROM yk_shop_order O LEFT JOIN yk_vip as V on O.vipid=V.id  WHERE V.pid = '554' AND O.status IN ('2','3','5') LIMIT 1   [ RunTime:0.0002s ]
SQL: SELECT SUM(payprice) AS tp_sum FROM yk_shop_order O LEFT JOIN yk_vip as V on O.vipid=V.id  WHERE V.pid = '554' AND O.status IN ('2','3','5') LIMIT 1   [ RunTime:0.0002s ]
SQL: SELECT `name` FROM `yk_vip_level` WHERE ( id=0 ) LIMIT 1   [ RunTime:0.0001s ]
NOTIC: [8] Undefined offset: 4 /mnt/wwwroot/yikang.mubantang.com/Application/Admin/Controller/EmployeeController.class.php 第 324 行.
SQL: SELECT COUNT(*) AS tp_count FROM yk_shop_order O LEFT JOIN yk_vip as V on O.vipid=V.id  WHERE V.pid = '555' AND O.status IN ('2','3','5') LIMIT 1   [ RunTime:0.0003s ]
SQL: SELECT SUM(payprice) AS tp_sum FROM yk_shop_order O LEFT JOIN yk_vip as V on O.vipid=V.id  WHERE V.pid = '555' AND O.status IN ('2','3','5') LIMIT 1   [ RunTime:0.0002s ]
SQL: SELECT `name` FROM `yk_vip_level` WHERE ( id=0 ) LIMIT 1   [ RunTime:0.0001s ]
NOTIC: [8] Undefined offset: 4 /mnt/wwwroot/yikang.mubantang.com/Application/Admin/Controller/EmployeeController.class.php 第 324 行.
SQL: SELECT COUNT(*) AS tp_count FROM yk_shop_order O LEFT JOIN yk_vip as V on O.vipid=V.id  WHERE V.pid = '556' AND O.status IN ('2','3','5') LIMIT 1   [ RunTime:0.0002s ]
SQL: SELECT SUM(payprice) AS tp_sum FROM yk_shop_order O LEFT JOIN yk_vip as V on O.vipid=V.id  WHERE V.pid = '556' AND O.status IN ('2','3','5') LIMIT 1   [ RunTime:0.0002s ]
SQL: SELECT `name` FROM `yk_vip_level` WHERE ( id=0 ) LIMIT 1   [ RunTime:0.0001s ]
NOTIC: [8] Undefined offset: 4 /mnt/wwwroot/yikang.mubantang.com/Application/Admin/Controller/EmployeeController.class.php 第 324 行.
SQL: SELECT COUNT(*) AS tp_count FROM yk_shop_order O LEFT JOIN yk_vip as V on O.vipid=V.id  WHERE V.pid = '557' AND O.status IN ('2','3','5') LIMIT 1   [ RunTime:0.0002s ]
SQL: SELECT SUM(payprice) AS tp_sum FROM yk_shop_order O LEFT JOIN yk_vip as V on O.vipid=V.id  WHERE V.pid = '557' AND O.status IN ('2','3','5') LIMIT 1   [ RunTime:0.0002s ]
SQL: SELECT `name` FROM `yk_vip_level` WHERE ( id=0 ) LIMIT 1   [ RunTime:0.0001s ]
NOTIC: [8] Undefined offset: 4 /mnt/wwwroot/yikang.mubantang.com/Application/Admin/Controller/EmployeeController.class.php 第 324 行.
SQL: SELECT COUNT(*) AS tp_count FROM yk_shop_order O LEFT JOIN yk_vip as V on O.vipid=V.id  WHERE V.pid = '558' AND O.status IN ('2','3','5') LIMIT 1   [ RunTime:0.0006s ]
SQL: SELECT SUM(payprice) AS tp_sum FROM yk_shop_order O LEFT JOIN yk_vip as V on O.vipid=V.id  WHERE V.pid = '558' AND O.status IN ('2','3','5') LIMIT 1   [ RunTime:0.0006s ]
SQL: SELECT `name` FROM `yk_vip_level` WHERE ( id=0 ) LIMIT 1   [ RunTime:0.0001s ]
NOTIC: [8] Undefined offset: 4 /mnt/wwwroot/yikang.mubantang.com/Application/Admin/Controller/EmployeeController.class.php 第 324 行.
SQL: SELECT COUNT(*) AS tp_count FROM yk_shop_order O LEFT JOIN yk_vip as V on O.vipid=V.id  WHERE V.pid = '559' AND O.status IN ('2','3','5') LIMIT 1   [ RunTime:0.0002s ]
SQL: SELECT SUM(payprice) AS tp_sum FROM yk_shop_order O LEFT JOIN yk_vip as V on O.vipid=V.id  WHERE V.pid = '559' AND O.status IN ('2','3','5') LIMIT 1   [ RunTime:0.0002s ]
SQL: SELECT `name` FROM `yk_vip_level` WHERE ( id=0 ) LIMIT 1   [ RunTime:0.0001s ]
NOTIC: [8] Undefined offset: 4 /mnt/wwwroot/yikang.mubantang.com/Application/Admin/Controller/EmployeeController.class.php 第 324 行.
SQL: SELECT COUNT(*) AS tp_count FROM yk_shop_order O LEFT JOIN yk_vip as V on O.vipid=V.id  WHERE V.pid = '560' AND O.status IN ('2','3','5') LIMIT 1   [ RunTime:0.0002s ]
SQL: SELECT SUM(payprice) AS tp_sum FROM yk_shop_order O LEFT JOIN yk_vip as V on O.vipid=V.id  WHERE V.pid = '560' AND O.status IN ('2','3','5') LIMIT 1   [ RunTime:0.0002s ]
SQL: SELECT `name` FROM `yk_vip_level` WHERE ( id=0 ) LIMIT 1   [ RunTime:0.0001s ]
NOTIC: [8] Undefined offset: 4 /mnt/wwwroot/yikang.mubantang.com/Application/Admin/Controller/EmployeeController.class.php 第 324 行.
SQL: SELECT COUNT(*) AS tp_count FROM yk_shop_order O LEFT JOIN yk_vip as V on O.vipid=V.id  WHERE V.pid = '561' AND O.status IN ('2','3','5') LIMIT 1   [ RunTime:0.0002s ]
SQL: SELECT SUM(payprice) AS tp_sum FROM yk_shop_order O LEFT JOIN yk_vip as V on O.vipid=V.id  WHERE V.pid = '561' AND O.status IN ('2','3','5') LIMIT 1   [ RunTime:0.0002s ]
SQL: SELECT `name` FROM `yk_vip_level` WHERE ( id=0 ) LIMIT 1   [ RunTime:0.0001s ]
NOTIC: [8] Undefined offset: 4 /mnt/wwwroot/yikang.mubantang.com/Application/Admin/Controller/EmployeeController.class.php 第 324 行.
SQL: SELECT COUNT(*) AS tp_count FROM yk_shop_order O LEFT JOIN yk_vip as V on O.vipid=V.id  WHERE V.pid = '562' AND O.status IN ('2','3','5') LIMIT 1   [ RunTime:0.0002s ]
SQL: SELECT SUM(payprice) AS tp_sum FROM yk_shop_order O LEFT JOIN yk_vip as V on O.vipid=V.id  WHERE V.pid = '562' AND O.status IN ('2','3','5') LIMIT 1   [ RunTime:0.0002s ]
SQL: SELECT `name` FROM `yk_vip_level` WHERE ( id=0 ) LIMIT 1   [ RunTime:0.0001s ]
NOTIC: [8] Undefined offset: 4 /mnt/wwwroot/yikang.mubantang.com/Application/Admin/Controller/EmployeeController.class.php 第 324 行.
SQL: SELECT COUNT(*) AS tp_count FROM yk_shop_order O LEFT JOIN yk_vip as V on O.vipid=V.id  WHERE V.pid = '563' AND O.status IN ('2','3','5') LIMIT 1   [ RunTime:0.0002s ]
SQL: SELECT SUM(payprice) AS tp_sum FROM yk_shop_order O LEFT JOIN yk_vip as V on O.vipid=V.id  WHERE V.pid = '563' AND O.status IN ('2','3','5') LIMIT 1   [ RunTime:0.0002s ]
SQL: SELECT COUNT(*) AS tp_count FROM `yk_vip` WHERE `employee` = 4 AND `is_system` = 1 LIMIT 1   [ RunTime:0.0022s ]
NOTIC: [2] Missing argument 6 for Admin\Controller\BaseController::getPage(), called in /mnt/wwwroot/yikang.mubantang.com/Application/Admin/Controller/EmployeeController.class.php on line 347 and defined /mnt/wwwroot/yikang.mubantang.com/Application/Admin/Controller/BaseController.class.php 第 91 行.
NOTIC: [8] Undefined variable: map /mnt/wwwroot/yikang.mubantang.com/Application/Admin/Controller/BaseController.class.php 第 103 行.
INFO: [ view_parse ] --START--
INFO: [ template_filter ] --START--
INFO: Run Behavior\ContentReplaceBehavior [ RunTime:0.000048s ]
INFO: [ template_filter ] --END-- [ RunTime:-0.032674s ]
INFO: Run Behavior\ParseTemplateBehavior [ RunTime:0.005054s ]
INFO: [ view_parse ] --END-- [ RunTime:-0.029188s ]
INFO: [ view_filter ] --START--
INFO: Run Behavior\WriteHtmlCacheBehavior [ RunTime:0.000010s ]
INFO: [ view_filter ] --END-- [ RunTime:-0.034126s ]
INFO: [ app_end ] --START--
INFO: Run Behavior\ShowPageTraceBehavior [ RunTime:0.000383s ]
INFO: [ app_end ] --END-- [ RunTime:0.000422s ]

[ 2017-02-15T15:51:10+08:00 ] 113.119.54.224 /Admin/Employee/vipCenter
INFO: [ app_init ] --START--
INFO: Run Behavior\BuildLiteBehavior [ RunTime:0.000013s ]
INFO: [ app_init ] --END-- [ RunTime:0.000268s ]
INFO: [ app_begin ] --START--
INFO: Run Behavior\ReadHtmlCacheBehavior [ RunTime:0.000329s ]
INFO: [ app_begin ] --END-- [ RunTime:0.000363s ]
SQL: SHOW COLUMNS FROM `yk_set` [ RunTime:0.0007s ]
SQL: SELECT * FROM `yk_set` LIMIT 1   [ RunTime:0.0002s ]
SQL: SHOW COLUMNS FROM `yk_cms_set` [ RunTime:0.0004s ]
SQL: SELECT * FROM `yk_cms_set` LIMIT 1   [ RunTime:0.0001s ]
SQL: SHOW COLUMNS FROM `yk_shop_set` [ RunTime:0.0007s ]
SQL: SELECT * FROM `yk_shop_set` LIMIT 1   [ RunTime:0.0002s ]
SQL: SHOW COLUMNS FROM `yk_employee` [ RunTime:0.0005s ]
INFO: [ view_parse ] --START--
INFO: [ template_filter ] --START--
INFO: Run Behavior\ContentReplaceBehavior [ RunTime:0.000033s ]
INFO: [ template_filter ] --END-- [ RunTime:0.000067s ]
INFO: Run Behavior\ParseTemplateBehavior [ RunTime:0.004804s ]
INFO: [ view_parse ] --END-- [ RunTime:0.004837s ]
INFO: [ view_filter ] --START--
INFO: Run Behavior\WriteHtmlCacheBehavior [ RunTime:0.000122s ]
INFO: [ view_filter ] --END-- [ RunTime:0.000151s ]
SQL: SHOW COLUMNS FROM `yk_vip` [ RunTime:0.0010s ]
NOTIC: [8] Undefined index: p /mnt/wwwroot/yikang.mubantang.com/Application/Admin/Controller/EmployeeController.class.php 第 301 行.
SQL: SELECT * FROM `yk_vip` WHERE `employee` = 4 AND `is_system` = 1 ORDER BY total_xxbuy DESC LIMIT 0,20   [ RunTime:0.0024s ]
SQL: SHOW COLUMNS FROM `yk_vip_level` [ RunTime:0.0003s ]
SQL: SELECT `name` FROM `yk_vip_level` WHERE ( id=0 ) LIMIT 1   [ RunTime:0.0001s ]
NOTIC: [8] Undefined offset: 4 /mnt/wwwroot/yikang.mubantang.com/Application/Admin/Controller/EmployeeController.class.php 第 324 行.
SQL: SHOW COLUMNS FROM `yk_shop_order` [ RunTime:0.0009s ]
SQL: SELECT COUNT(*) AS tp_count FROM yk_shop_order O LEFT JOIN yk_vip as V on O.vipid=V.id  WHERE V.pid = '550' AND O.status IN ('2','3','5') LIMIT 1   [ RunTime:0.0005s ]
SQL: SELECT SUM(payprice) AS tp_sum FROM yk_shop_order O LEFT JOIN yk_vip as V on O.vipid=V.id  WHERE V.pid = '550' AND O.status IN ('2','3','5') LIMIT 1   [ RunTime:0.0003s ]
SQL: SELECT `name` FROM `yk_vip_level` WHERE ( id=0 ) LIMIT 1   [ RunTime:0.0002s ]
NOTIC: [8] Undefined offset: 4 /mnt/wwwroot/yikang.mubantang.com/Application/Admin/Controller/EmployeeController.class.php 第 324 行.
SQL: SELECT COUNT(*) AS tp_count FROM yk_shop_order O LEFT JOIN yk_vip as V on O.vipid=V.id  WHERE V.pid = '544' AND O.status IN ('2','3','5') LIMIT 1   [ RunTime:0.0002s ]
SQL: SELECT SUM(payprice) AS tp_sum FROM yk_shop_order O LEFT JOIN yk_vip as V on O.vipid=V.id  WHERE V.pid = '544' AND O.status IN ('2','3','5') LIMIT 1   [ RunTime:0.0002s ]
SQL: SELECT `name` FROM `yk_vip_level` WHERE ( id=0 ) LIMIT 1   [ RunTime:0.0001s ]
NOTIC: [8] Undefined offset: 4 /mnt/wwwroot/yikang.mubantang.com/Application/Admin/Controller/EmployeeController.class.php 第 324 行.
SQL: SELECT COUNT(*) AS tp_count FROM yk_shop_order O LEFT JOIN yk_vip as V on O.vipid=V.id  WHERE V.pid = '545' AND O.status IN ('2','3','5') LIMIT 1   [ RunTime:0.0002s ]
SQL: SELECT SUM(payprice) AS tp_sum FROM yk_shop_order O LEFT JOIN yk_vip as V on O.vipid=V.id  WHERE V.pid = '545' AND O.status IN ('2','3','5') LIMIT 1   [ RunTime:0.0002s ]
SQL: SELECT `name` FROM `yk_vip_level` WHERE ( id=0 ) LIMIT 1   [ RunTime:0.0001s ]
NOTIC: [8] Undefined offset: 4 /mnt/wwwroot/yikang.mubantang.com/Application/Admin/Controller/EmployeeController.class.php 第 324 行.
SQL: SELECT COUNT(*) AS tp_count FROM yk_shop_order O LEFT JOIN yk_vip as V on O.vipid=V.id  WHERE V.pid = '546' AND O.status IN ('2','3','5') LIMIT 1   [ RunTime:0.0002s ]
SQL: SELECT SUM(payprice) AS tp_sum FROM yk_shop_order O LEFT JOIN yk_vip as V on O.vipid=V.id  WHERE V.pid = '546' AND O.status IN ('2','3','5') LIMIT 1   [ RunTime:0.0002s ]
SQL: SELECT `name` FROM `yk_vip_level` WHERE ( id=0 ) LIMIT 1   [ RunTime:0.0001s ]
NOTIC: [8] Undefined offset: 4 /mnt/wwwroot/yikang.mubantang.com/Application/Admin/Controller/EmployeeController.class.php 第 324 行.
SQL: SELECT COUNT(*) AS tp_count FROM yk_shop_order O LEFT JOIN yk_vip as V on O.vipid=V.id  WHERE V.pid = '547' AND O.status IN ('2','3','5') LIMIT 1   [ RunTime:0.0002s ]
SQL: SELECT SUM(payprice) AS tp_sum FROM yk_shop_order O LEFT JOIN yk_vip as V on O.vipid=V.id  WHERE V.pid = '547' AND O.status IN ('2','3','5') LIMIT 1   [ RunTime:0.0002s ]
SQL: SELECT `name` FROM `yk_vip_level` WHERE ( id=0 ) LIMIT 1   [ RunTime:0.0001s ]
NOTIC: [8] Undefined offset: 4 /mnt/wwwroot/yikang.mubantang.com/Application/Admin/Controller/EmployeeController.class.php 第 324 行.
SQL: SELECT COUNT(*) AS tp_count FROM yk_shop_order O LEFT JOIN yk_vip as V on O.vipid=V.id  WHERE V.pid = '548' AND O.status IN ('2','3','5') LIMIT 1   [ RunTime:0.0002s ]
SQL: SELECT SUM(payprice) AS tp_sum FROM yk_shop_order O LEFT JOIN yk_vip as V on O.vipid=V.id  WHERE V.pid = '548' AND O.status IN ('2','3','5') LIMIT 1   [ RunTime:0.0002s ]
SQL: SELECT `name` FROM `yk_vip_level` WHERE ( id=0 ) LIMIT 1   [ RunTime:0.0001s ]
NOTIC: [8] Undefined offset: 4 /mnt/wwwroot/yikang.mubantang.com/Application/Admin/Controller/EmployeeController.class.php 第 324 行.
SQL: SELECT COUNT(*) AS tp_count FROM yk_shop_order O LEFT JOIN yk_vip as V on O.vipid=V.id  WHERE V.pid = '549' AND O.status IN ('2','3','5') LIMIT 1   [ RunTime:0.0002s ]
SQL: SELECT SUM(payprice) AS tp_sum FROM yk_shop_order O LEFT JOIN yk_vip as V on O.vipid=V.id  WHERE V.pid = '549' AND O.status IN ('2','3','5') LIMIT 1   [ RunTime:0.0002s ]
SQL: SELECT `name` FROM `yk_vip_level` WHERE ( id=0 ) LIMIT 1   [ RunTime:0.0001s ]
NOTIC: [8] Undefined offset: 4 /mnt/wwwroot/yikang.mubantang.com/Application/Admin/Controller/EmployeeController.class.php 第 324 行.
SQL: SELECT COUNT(*) AS tp_count FROM yk_shop_order O LEFT JOIN yk_vip as V on O.vipid=V.id  WHERE V.pid = '551' AND O.status IN ('2','3','5') LIMIT 1   [ RunTime:0.0002s ]
SQL: SELECT SUM(payprice) AS tp_sum FROM yk_shop_order O LEFT JOIN yk_vip as V on O.vipid=V.id  WHERE V.pid = '551' AND O.status IN ('2','3','5') LIMIT 1   [ RunTime:0.0002s ]
SQL: SELECT `name` FROM `yk_vip_level` WHERE ( id=0 ) LIMIT 1   [ RunTime:0.0001s ]
NOTIC: [8] Undefined offset: 4 /mnt/wwwroot/yikang.mubantang.com/Application/Admin/Controller/EmployeeController.class.php 第 324 行.
SQL: SELECT COUNT(*) AS tp_count FROM yk_shop_order O LEFT JOIN yk_vip as V on O.vipid=V.id  WHERE V.pid = '552' AND O.status IN ('2','3','5') LIMIT 1   [ RunTime:0.0002s ]
SQL: SELECT SUM(payprice) AS tp_sum FROM yk_shop_order O LEFT JOIN yk_vip as V on O.vipid=V.id  WHERE V.pid = '552' AND O.status IN ('2','3','5') LIMIT 1   [ RunTime:0.0002s ]
SQL: SELECT `name` FROM `yk_vip_level` WHERE ( id=0 ) LIMIT 1   [ RunTime:0.0001s ]
NOTIC: [8] Undefined offset: 4 /mnt/wwwroot/yikang.mubantang.com/Application/Admin/Controller/EmployeeController.class.php 第 324 行.
SQL: SELECT COUNT(*) AS tp_count FROM yk_shop_order O LEFT JOIN yk_vip as V on O.vipid=V.id  WHERE V.pid = '553' AND O.status IN ('2','3','5') LIMIT 1   [ RunTime:0.0002s ]
SQL: SELECT SUM(payprice) AS tp_sum FROM yk_shop_order O LEFT JOIN yk_vip as V on O.vipid=V.id  WHERE V.pid = '553' AND O.status IN ('2','3','5') LIMIT 1   [ RunTime:0.0002s ]
SQL: SELECT `name` FROM `yk_vip_level` WHERE ( id=0 ) LIMIT 1   [ RunTime:0.0001s ]
NOTIC: [8] Undefined offset: 4 /mnt/wwwroot/yikang.mubantang.com/Application/Admin/Controller/EmployeeController.class.php 第 324 行.
SQL: SELECT COUNT(*) AS tp_count FROM yk_shop_order O LEFT JOIN yk_vip as V on O.vipid=V.id  WHERE V.pid = '554' AND O.status IN ('2','3','5') LIMIT 1   [ RunTime:0.0002s ]
SQL: SELECT SUM(payprice) AS tp_sum FROM yk_shop_order O LEFT JOIN yk_vip as V on O.vipid=V.id  WHERE V.pid = '554' AND O.status IN ('2','3','5') LIMIT 1   [ RunTime:0.0002s ]
SQL: SELECT `name` FROM `yk_vip_level` WHERE ( id=0 ) LIMIT 1   [ RunTime:0.0001s ]
NOTIC: [8] Undefined offset: 4 /mnt/wwwroot/yikang.mubantang.com/Application/Admin/Controller/EmployeeController.class.php 第 324 行.
SQL: SELECT COUNT(*) AS tp_count FROM yk_shop_order O LEFT JOIN yk_vip as V on O.vipid=V.id  WHERE V.pid = '555' AND O.status IN ('2','3','5') LIMIT 1   [ RunTime:0.0002s ]
SQL: SELECT SUM(payprice) AS tp_sum FROM yk_shop_order O LEFT JOIN yk_vip as V on O.vipid=V.id  WHERE V.pid = '555' AND O.status IN ('2','3','5') LIMIT 1   [ RunTime:0.0002s ]
SQL: SELECT `name` FROM `yk_vip_level` WHERE ( id=0 ) LIMIT 1   [ RunTime:0.0001s ]
NOTIC: [8] Undefined offset: 4 /mnt/wwwroot/yikang.mubantang.com/Application/Admin/Controller/EmployeeController.class.php 第 324 行.
SQL: SELECT COUNT(*) AS tp_count FROM yk_shop_order O LEFT JOIN yk_vip as V on O.vipid=V.id  WHERE V.pid = '556' AND O.status IN ('2','3','5') LIMIT 1   [ RunTime:0.0002s ]
SQL: SELECT SUM(payprice) AS tp_sum FROM yk_shop_order O LEFT JOIN yk_vip as V on O.vipid=V.id  WHERE V.pid = '556' AND O.status IN ('2','3','5') LIMIT 1   [ RunTime:0.0002s ]
SQL: SELECT `name` FROM `yk_vip_level` WHERE ( id=0 ) LIMIT 1   [ RunTime:0.0001s ]
NOTIC: [8] Undefined offset: 4 /mnt/wwwroot/yikang.mubantang.com/Application/Admin/Controller/EmployeeController.class.php 第 324 行.
SQL: SELECT COUNT(*) AS tp_count FROM yk_shop_order O LEFT JOIN yk_vip as V on O.vipid=V.id  WHERE V.pid = '557' AND O.status IN ('2','3','5') LIMIT 1   [ RunTime:0.0002s ]
SQL: SELECT SUM(payprice) AS tp_sum FROM yk_shop_order O LEFT JOIN yk_vip as V on O.vipid=V.id  WHERE V.pid = '557' AND O.status IN ('2','3','5') LIMIT 1   [ RunTime:0.0002s ]
SQL: SELECT `name` FROM `yk_vip_level` WHERE ( id=0 ) LIMIT 1   [ RunTime:0.0001s ]
NOTIC: [8] Undefined offset: 4 /mnt/wwwroot/yikang.mubantang.com/Application/Admin/Controller/EmployeeController.class.php 第 324 行.
SQL: SELECT COUNT(*) AS tp_count FROM yk_shop_order O LEFT JOIN yk_vip as V on O.vipid=V.id  WHERE V.pid = '558' AND O.status IN ('2','3','5') LIMIT 1   [ RunTime:0.0006s ]
SQL: SELECT SUM(payprice) AS tp_sum FROM yk_shop_order O LEFT JOIN yk_vip as V on O.vipid=V.id  WHERE V.pid = '558' AND O.status IN ('2','3','5') LIMIT 1   [ RunTime:0.0006s ]
SQL: SELECT `name` FROM `yk_vip_level` WHERE ( id=0 ) LIMIT 1   [ RunTime:0.0001s ]
NOTIC: [8] Undefined offset: 4 /mnt/wwwroot/yikang.mubantang.com/Application/Admin/Controller/EmployeeController.class.php 第 324 行.
SQL: SELECT COUNT(*) AS tp_count FROM yk_shop_order O LEFT JOIN yk_vip as V on O.vipid=V.id  WHERE V.pid = '559' AND O.status IN ('2','3','5') LIMIT 1   [ RunTime:0.0002s ]
SQL: SELECT SUM(payprice) AS tp_sum FROM yk_shop_order O LEFT JOIN yk_vip as V on O.vipid=V.id  WHERE V.pid = '559' AND O.status IN ('2','3','5') LIMIT 1   [ RunTime:0.0002s ]
SQL: SELECT `name` FROM `yk_vip_level` WHERE ( id=0 ) LIMIT 1   [ RunTime:0.0001s ]
NOTIC: [8] Undefined offset: 4 /mnt/wwwroot/yikang.mubantang.com/Application/Admin/Controller/EmployeeController.class.php 第 324 行.
SQL: SELECT COUNT(*) AS tp_count FROM yk_shop_order O LEFT JOIN yk_vip as V on O.vipid=V.id  WHERE V.pid = '560' AND O.status IN ('2','3','5') LIMIT 1   [ RunTime:0.0002s ]
SQL: SELECT SUM(payprice) AS tp_sum FROM yk_shop_order O LEFT JOIN yk_vip as V on O.vipid=V.id  WHERE V.pid = '560' AND O.status IN ('2','3','5') LIMIT 1   [ RunTime:0.0002s ]
SQL: SELECT `name` FROM `yk_vip_level` WHERE ( id=0 ) LIMIT 1   [ RunTime:0.0001s ]
NOTIC: [8] Undefined offset: 4 /mnt/wwwroot/yikang.mubantang.com/Application/Admin/Controller/EmployeeController.class.php 第 324 行.
SQL: SELECT COUNT(*) AS tp_count FROM yk_shop_order O LEFT JOIN yk_vip as V on O.vipid=V.id  WHERE V.pid = '561' AND O.status IN ('2','3','5') LIMIT 1   [ RunTime:0.0002s ]
SQL: SELECT SUM(payprice) AS tp_sum FROM yk_shop_order O LEFT JOIN yk_vip as V on O.vipid=V.id  WHERE V.pid = '561' AND O.status IN ('2','3','5') LIMIT 1   [ RunTime:0.0002s ]
SQL: SELECT `name` FROM `yk_vip_level` WHERE ( id=0 ) LIMIT 1   [ RunTime:0.0001s ]
NOTIC: [8] Undefined offset: 4 /mnt/wwwroot/yikang.mubantang.com/Application/Admin/Controller/EmployeeController.class.php 第 324 行.
SQL: SELECT COUNT(*) AS tp_count FROM yk_shop_order O LEFT JOIN yk_vip as V on O.vipid=V.id  WHERE V.pid = '562' AND O.status IN ('2','3','5') LIMIT 1   [ RunTime:0.0002s ]
SQL: SELECT SUM(payprice) AS tp_sum FROM yk_shop_order O LEFT JOIN yk_vip as V on O.vipid=V.id  WHERE V.pid = '562' AND O.status IN ('2','3','5') LIMIT 1   [ RunTime:0.0002s ]
SQL: SELECT `name` FROM `yk_vip_level` WHERE ( id=0 ) LIMIT 1   [ RunTime:0.0001s ]
NOTIC: [8] Undefined offset: 4 /mnt/wwwroot/yikang.mubantang.com/Application/Admin/Controller/EmployeeController.class.php 第 324 行.
SQL: SELECT COUNT(*) AS tp_count FROM yk_shop_order O LEFT JOIN yk_vip as V on O.vipid=V.id  WHERE V.pid = '563' AND O.status IN ('2','3','5') LIMIT 1   [ RunTime:0.0002s ]
SQL: SELECT SUM(payprice) AS tp_sum FROM yk_shop_order O LEFT JOIN yk_vip as V on O.vipid=V.id  WHERE V.pid = '563' AND O.status IN ('2','3','5') LIMIT 1   [ RunTime:0.0002s ]
SQL: SELECT COUNT(*) AS tp_count FROM `yk_vip` WHERE `employee` = 4 AND `is_system` = 1 LIMIT 1   [ RunTime:0.0021s ]
NOTIC: [2] Missing argument 6 for Admin\Controller\BaseController::getPage(), called in /mnt/wwwroot/yikang.mubantang.com/Application/Admin/Controller/EmployeeController.class.php on line 347 and defined /mnt/wwwroot/yikang.mubantang.com/Application/Admin/Controller/BaseController.class.php 第 91 行.
NOTIC: [8] Undefined variable: map /mnt/wwwroot/yikang.mubantang.com/Application/Admin/Controller/BaseController.class.php 第 103 行.
INFO: [ view_parse ] --START--
INFO: [ template_filter ] --START--
INFO: Run Behavior\ContentReplaceBehavior [ RunTime:0.000035s ]
INFO: [ template_filter ] --END-- [ RunTime:-0.032097s ]
INFO: Run Behavior\ParseTemplateBehavior [ RunTime:0.004768s ]
INFO: [ view_parse ] --END-- [ RunTime:-0.028828s ]
INFO: [ view_filter ] --START--
INFO: Run Behavior\WriteHtmlCacheBehavior [ RunTime:0.000010s ]
INFO: [ view_filter ] --END-- [ RunTime:-0.033481s ]
INFO: [ app_end ] --START--
INFO: Run Behavior\ShowPageTraceBehavior [ RunTime:0.000376s ]
INFO: [ app_end ] --END-- [ RunTime:0.000414s ]

[ 2017-02-15T16:20:28+08:00 ] 125.39.57.37 /
INFO: [ app_init ] --START--
INFO: Run Behavior\BuildLiteBehavior [ RunTime:0.000012s ]
INFO: [ app_init ] --END-- [ RunTime:0.000267s ]
INFO: [ app_begin ] --START--
INFO: Run Behavior\ReadHtmlCacheBehavior [ RunTime:0.000324s ]
INFO: [ app_begin ] --END-- [ RunTime:0.000362s ]
SQL: SHOW COLUMNS FROM `yk_set` [ RunTime:0.0007s ]
SQL: SELECT * FROM `yk_set` LIMIT 1   [ RunTime:0.0002s ]
SQL: SHOW COLUMNS FROM `yk_cms_set` [ RunTime:0.0005s ]
SQL: SELECT * FROM `yk_cms_set` LIMIT 1   [ RunTime:0.0001s ]
SQL: SHOW COLUMNS FROM `yk_shop_set` [ RunTime:0.0007s ]
SQL: SELECT * FROM `yk_shop_set` LIMIT 1   [ RunTime:0.0002s ]

[ 2017-02-15T16:20:33+08:00 ] 111.30.137.185 /
INFO: [ app_init ] --START--
INFO: Run Behavior\BuildLiteBehavior [ RunTime:0.000013s ]
INFO: [ app_init ] --END-- [ RunTime:0.000310s ]
INFO: [ app_begin ] --START--
INFO: Run Behavior\ReadHtmlCacheBehavior [ RunTime:0.000349s ]
INFO: [ app_begin ] --END-- [ RunTime:0.000389s ]
SQL: SHOW COLUMNS FROM `yk_set` [ RunTime:0.0005s ]
SQL: SELECT * FROM `yk_set` LIMIT 1   [ RunTime:0.0002s ]
SQL: SHOW COLUMNS FROM `yk_cms_set` [ RunTime:0.0004s ]
SQL: SELECT * FROM `yk_cms_set` LIMIT 1   [ RunTime:0.0001s ]
SQL: SHOW COLUMNS FROM `yk_shop_set` [ RunTime:0.0007s ]
SQL: SELECT * FROM `yk_shop_set` LIMIT 1   [ RunTime:0.0012s ]

[ 2017-02-15T16:20:33+08:00 ] 111.30.131.144 /
INFO: [ app_init ] --START--
INFO: Run Behavior\BuildLiteBehavior [ RunTime:0.000010s ]
INFO: [ app_init ] --END-- [ RunTime:0.000269s ]
INFO: [ app_begin ] --START--
INFO: Run Behavior\ReadHtmlCacheBehavior [ RunTime:0.000318s ]
INFO: [ app_begin ] --END-- [ RunTime:0.000355s ]
SQL: SHOW COLUMNS FROM `yk_set` [ RunTime:0.0008s ]
SQL: SELECT * FROM `yk_set` LIMIT 1   [ RunTime:0.0041s ]
SQL: SHOW COLUMNS FROM `yk_cms_set` [ RunTime:0.0010s ]
SQL: SELECT * FROM `yk_cms_set` LIMIT 1   [ RunTime:0.0017s ]
SQL: SHOW COLUMNS FROM `yk_shop_set` [ RunTime:0.0007s ]
SQL: SELECT * FROM `yk_shop_set` LIMIT 1   [ RunTime:0.0059s ]

[ 2017-02-15T16:20:33+08:00 ] 111.30.141.104 /
INFO: [ app_init ] --START--
INFO: Run Behavior\BuildLiteBehavior [ RunTime:0.000011s ]
INFO: [ app_init ] --END-- [ RunTime:0.000252s ]
INFO: [ app_begin ] --START--
INFO: Run Behavior\ReadHtmlCacheBehavior [ RunTime:0.000319s ]
INFO: [ app_begin ] --END-- [ RunTime:0.000356s ]
SQL: SHOW COLUMNS FROM `yk_set` [ RunTime:0.0005s ]
SQL: SELECT * FROM `yk_set` LIMIT 1   [ RunTime:0.0023s ]
SQL: SHOW COLUMNS FROM `yk_cms_set` [ RunTime:0.0013s ]
SQL: SELECT * FROM `yk_cms_set` LIMIT 1   [ RunTime:0.0038s ]
SQL: SHOW COLUMNS FROM `yk_shop_set` [ RunTime:0.0015s ]
SQL: SELECT * FROM `yk_shop_set` LIMIT 1   [ RunTime:0.0002s ]

[ 2017-02-15T16:20:33+08:00 ] 111.30.131.238 /
INFO: [ app_init ] --START--
INFO: Run Behavior\BuildLiteBehavior [ RunTime:0.000011s ]
INFO: [ app_init ] --END-- [ RunTime:0.000246s ]
INFO: [ app_begin ] --START--
INFO: Run Behavior\ReadHtmlCacheBehavior [ RunTime:0.000350s ]
INFO: [ app_begin ] --END-- [ RunTime:0.000386s ]
SQL: SHOW COLUMNS FROM `yk_set` [ RunTime:0.0005s ]
SQL: SELECT * FROM `yk_set` LIMIT 1   [ RunTime:0.0024s ]
SQL: SHOW COLUMNS FROM `yk_cms_set` [ RunTime:0.0004s ]
SQL: SELECT * FROM `yk_cms_set` LIMIT 1   [ RunTime:0.0025s ]
SQL: SHOW COLUMNS FROM `yk_shop_set` [ RunTime:0.0012s ]
SQL: SELECT * FROM `yk_shop_set` LIMIT 1   [ RunTime:0.0059s ]

[ 2017-02-15T16:20:33+08:00 ] 111.30.132.212 /
INFO: [ app_init ] --START--
INFO: Run Behavior\BuildLiteBehavior [ RunTime:0.000011s ]
INFO: [ app_init ] --END-- [ RunTime:0.015480s ]
INFO: [ app_begin ] --START--
INFO: Run Behavior\ReadHtmlCacheBehavior [ RunTime:0.000337s ]
INFO: [ app_begin ] --END-- [ RunTime:0.000375s ]
SQL: SHOW COLUMNS FROM `yk_set` [ RunTime:0.0008s ]
SQL: SELECT * FROM `yk_set` LIMIT 1   [ RunTime:0.0053s ]
SQL: SHOW COLUMNS FROM `yk_cms_set` [ RunTime:0.0019s ]
SQL: SELECT * FROM `yk_cms_set` LIMIT 1   [ RunTime:0.0008s ]
SQL: SHOW COLUMNS FROM `yk_shop_set` [ RunTime:0.0007s ]
SQL: SELECT * FROM `yk_shop_set` LIMIT 1   [ RunTime:0.0002s ]

[ 2017-02-15T16:20:33+08:00 ] 111.30.132.158 /
INFO: [ app_init ] --START--
INFO: Run Behavior\BuildLiteBehavior [ RunTime:0.000018s ]
INFO: [ app_init ] --END-- [ RunTime:0.000272s ]
INFO: [ app_begin ] --START--
INFO: Run Behavior\ReadHtmlCacheBehavior [ RunTime:0.000319s ]
INFO: [ app_begin ] --END-- [ RunTime:0.000355s ]
SQL: SHOW COLUMNS FROM `yk_set` [ RunTime:0.0005s ]
SQL: SELECT * FROM `yk_set` LIMIT 1   [ RunTime:0.0001s ]
SQL: SHOW COLUMNS FROM `yk_cms_set` [ RunTime:0.0004s ]
SQL: SELECT * FROM `yk_cms_set` LIMIT 1   [ RunTime:0.0001s ]
SQL: SHOW COLUMNS FROM `yk_shop_set` [ RunTime:0.0006s ]
SQL: SELECT * FROM `yk_shop_set` LIMIT 1   [ RunTime:0.0055s ]

[ 2017-02-15T16:20:33+08:00 ] 111.30.141.103 /
INFO: [ app_init ] --START--
INFO: Run Behavior\BuildLiteBehavior [ RunTime:0.000017s ]
INFO: [ app_init ] --END-- [ RunTime:0.000273s ]
INFO: [ app_begin ] --START--
INFO: Run Behavior\ReadHtmlCacheBehavior [ RunTime:0.000339s ]
INFO: [ app_begin ] --END-- [ RunTime:0.000377s ]
SQL: SHOW COLUMNS FROM `yk_set` [ RunTime:0.0007s ]
SQL: SELECT * FROM `yk_set` LIMIT 1   [ RunTime:0.0002s ]
SQL: SHOW COLUMNS FROM `yk_cms_set` [ RunTime:0.0004s ]
SQL: SELECT * FROM `yk_cms_set` LIMIT 1   [ RunTime:0.0001s ]
SQL: SHOW COLUMNS FROM `yk_shop_set` [ RunTime:0.0008s ]
SQL: SELECT * FROM `yk_shop_set` LIMIT 1   [ RunTime:0.0002s ]

[ 2017-02-15T16:20:38+08:00 ] 111.30.131.238 /
INFO: [ app_init ] --START--
INFO: Run Behavior\BuildLiteBehavior [ RunTime:0.000013s ]
INFO: [ app_init ] --END-- [ RunTime:0.000288s ]
INFO: [ app_begin ] --START--
INFO: Run Behavior\ReadHtmlCacheBehavior [ RunTime:0.000328s ]
INFO: [ app_begin ] --END-- [ RunTime:0.000364s ]
SQL: SHOW COLUMNS FROM `yk_set` [ RunTime:0.0007s ]
SQL: SELECT * FROM `yk_set` LIMIT 1   [ RunTime:0.0002s ]
SQL: SHOW COLUMNS FROM `yk_cms_set` [ RunTime:0.0004s ]
SQL: SELECT * FROM `yk_cms_set` LIMIT 1   [ RunTime:0.0001s ]
SQL: SHOW COLUMNS FROM `yk_shop_set` [ RunTime:0.0007s ]
SQL: SELECT * FROM `yk_shop_set` LIMIT 1   [ RunTime:0.0002s ]

[ 2017-02-15T16:24:59+08:00 ] 183.232.120.39 /
INFO: [ app_init ] --START--
INFO: Run Behavior\BuildLiteBehavior [ RunTime:0.000012s ]
INFO: [ app_init ] --END-- [ RunTime:0.000254s ]
INFO: [ app_begin ] --START--
INFO: Run Behavior\ReadHtmlCacheBehavior [ RunTime:0.000352s ]
INFO: [ app_begin ] --END-- [ RunTime:0.000390s ]
SQL: SHOW COLUMNS FROM `yk_set` [ RunTime:0.0006s ]
SQL: SELECT * FROM `yk_set` LIMIT 1   [ RunTime:0.0001s ]
SQL: SHOW COLUMNS FROM `yk_cms_set` [ RunTime:0.0004s ]
SQL: SELECT * FROM `yk_cms_set` LIMIT 1   [ RunTime:0.0001s ]
SQL: SHOW COLUMNS FROM `yk_shop_set` [ RunTime:0.0007s ]
SQL: SELECT * FROM `yk_shop_set` LIMIT 1   [ RunTime:0.0002s ]

[ 2017-02-15T16:24:59+08:00 ] 163.177.93.241 /
INFO: [ app_init ] --START--
INFO: Run Behavior\BuildLiteBehavior [ RunTime:0.000011s ]
INFO: [ app_init ] --END-- [ RunTime:0.000261s ]
INFO: [ app_begin ] --START--
INFO: Run Behavior\ReadHtmlCacheBehavior [ RunTime:0.000321s ]
INFO: [ app_begin ] --END-- [ RunTime:0.000360s ]
SQL: SHOW COLUMNS FROM `yk_set` [ RunTime:0.0006s ]
SQL: SELECT * FROM `yk_set` LIMIT 1   [ RunTime:0.0001s ]
SQL: SHOW COLUMNS FROM `yk_cms_set` [ RunTime:0.0004s ]
SQL: SELECT * FROM `yk_cms_set` LIMIT 1   [ RunTime:0.0001s ]
SQL: SHOW COLUMNS FROM `yk_shop_set` [ RunTime:0.0007s ]
SQL: SELECT * FROM `yk_shop_set` LIMIT 1   [ RunTime:0.0002s ]

[ 2017-02-15T16:45:34+08:00 ] 123.151.42.48 /
INFO: [ app_init ] --START--
INFO: Run Behavior\BuildLiteBehavior [ RunTime:0.000012s ]
INFO: [ app_init ] --END-- [ RunTime:0.000260s ]
INFO: [ app_begin ] --START--
INFO: Run Behavior\ReadHtmlCacheBehavior [ RunTime:0.000343s ]
INFO: [ app_begin ] --END-- [ RunTime:0.000381s ]
SQL: SHOW COLUMNS FROM `yk_set` [ RunTime:0.0010s ]
SQL: SELECT * FROM `yk_set` LIMIT 1   [ RunTime:0.0017s ]
SQL: SHOW COLUMNS FROM `yk_cms_set` [ RunTime:0.0006s ]
SQL: SELECT * FROM `yk_cms_set` LIMIT 1   [ RunTime:0.0001s ]
SQL: SHOW COLUMNS FROM `yk_shop_set` [ RunTime:0.0008s ]
SQL: SELECT * FROM `yk_shop_set` LIMIT 1   [ RunTime:0.0011s ]

[ 2017-02-15T18:56:46+08:00 ] 140.207.54.197 /
INFO: [ app_init ] --START--
INFO: Run Behavior\BuildLiteBehavior [ RunTime:0.000013s ]
INFO: [ app_init ] --END-- [ RunTime:0.000261s ]
INFO: [ app_begin ] --START--
INFO: Run Behavior\ReadHtmlCacheBehavior [ RunTime:0.000322s ]
INFO: [ app_begin ] --END-- [ RunTime:0.000378s ]
SQL: SHOW COLUMNS FROM `yk_set` [ RunTime:0.0007s ]
SQL: SELECT * FROM `yk_set` LIMIT 1   [ RunTime:0.0002s ]
SQL: SHOW COLUMNS FROM `yk_cms_set` [ RunTime:0.0006s ]
SQL: SELECT * FROM `yk_cms_set` LIMIT 1   [ RunTime:0.0001s ]
SQL: SHOW COLUMNS FROM `yk_shop_set` [ RunTime:0.0007s ]
SQL: SELECT * FROM `yk_shop_set` LIMIT 1   [ RunTime:0.0002s ]

[ 2017-02-15T18:56:53+08:00 ] 140.207.54.180 /
INFO: [ app_init ] --START--
INFO: Run Behavior\BuildLiteBehavior [ RunTime:0.000013s ]
INFO: [ app_init ] --END-- [ RunTime:0.000277s ]
INFO: [ app_begin ] --START--
INFO: Run Behavior\ReadHtmlCacheBehavior [ RunTime:0.000322s ]
INFO: [ app_begin ] --END-- [ RunTime:0.000360s ]
SQL: SHOW COLUMNS FROM `yk_set` [ RunTime:0.0007s ]
SQL: SELECT * FROM `yk_set` LIMIT 1   [ RunTime:0.0002s ]
SQL: SHOW COLUMNS FROM `yk_cms_set` [ RunTime:0.0007s ]
SQL: SELECT * FROM `yk_cms_set` LIMIT 1   [ RunTime:0.0001s ]
SQL: SHOW COLUMNS FROM `yk_shop_set` [ RunTime:0.0007s ]
SQL: SELECT * FROM `yk_shop_set` LIMIT 1   [ RunTime:0.0002s ]

[ 2017-02-15T18:56:55+08:00 ] 117.185.27.104 /
INFO: [ app_init ] --START--
INFO: Run Behavior\BuildLiteBehavior [ RunTime:0.000013s ]
INFO: [ app_init ] --END-- [ RunTime:0.000263s ]
INFO: [ app_begin ] --START--
INFO: Run Behavior\ReadHtmlCacheBehavior [ RunTime:0.000349s ]
INFO: [ app_begin ] --END-- [ RunTime:0.000394s ]
SQL: SHOW COLUMNS FROM `yk_set` [ RunTime:0.0008s ]
SQL: SELECT * FROM `yk_set` LIMIT 1   [ RunTime:0.0002s ]
SQL: SHOW COLUMNS FROM `yk_cms_set` [ RunTime:0.0004s ]
SQL: SELECT * FROM `yk_cms_set` LIMIT 1   [ RunTime:0.0001s ]
SQL: SHOW COLUMNS FROM `yk_shop_set` [ RunTime:0.0007s ]
SQL: SELECT * FROM `yk_shop_set` LIMIT 1   [ RunTime:0.0002s ]

[ 2017-02-15T18:56:56+08:00 ] 117.185.27.98 /
INFO: [ app_init ] --START--
INFO: Run Behavior\BuildLiteBehavior [ RunTime:0.000013s ]
INFO: [ app_init ] --END-- [ RunTime:0.000257s ]
INFO: [ app_begin ] --START--
INFO: Run Behavior\ReadHtmlCacheBehavior [ RunTime:0.000320s ]
INFO: [ app_begin ] --END-- [ RunTime:0.000358s ]
SQL: SHOW COLUMNS FROM `yk_set` [ RunTime:0.0007s ]
SQL: SELECT * FROM `yk_set` LIMIT 1   [ RunTime:0.0002s ]
SQL: SHOW COLUMNS FROM `yk_cms_set` [ RunTime:0.0005s ]
SQL: SELECT * FROM `yk_cms_set` LIMIT 1   [ RunTime:0.0001s ]
SQL: SHOW COLUMNS FROM `yk_shop_set` [ RunTime:0.0007s ]
SQL: SELECT * FROM `yk_shop_set` LIMIT 1   [ RunTime:0.0002s ]

[ 2017-02-15T18:57:03+08:00 ] 117.144.246.149 /
INFO: [ app_init ] --START--
INFO: Run Behavior\BuildLiteBehavior [ RunTime:0.000012s ]
INFO: [ app_init ] --END-- [ RunTime:0.000255s ]
INFO: [ app_begin ] --START--
INFO: Run Behavior\ReadHtmlCacheBehavior [ RunTime:0.000340s ]
INFO: [ app_begin ] --END-- [ RunTime:0.000377s ]
SQL: SHOW COLUMNS FROM `yk_set` [ RunTime:0.0007s ]
SQL: SELECT * FROM `yk_set` LIMIT 1   [ RunTime:0.0002s ]
SQL: SHOW COLUMNS FROM `yk_cms_set` [ RunTime:0.0005s ]
SQL: SELECT * FROM `yk_cms_set` LIMIT 1   [ RunTime:0.0001s ]
SQL: SHOW COLUMNS FROM `yk_shop_set` [ RunTime:0.0007s ]
SQL: SELECT * FROM `yk_shop_set` LIMIT 1   [ RunTime:0.0002s ]

[ 2017-02-15T18:57:05+08:00 ] 117.185.27.144 /
INFO: [ app_init ] --START--
INFO: Run Behavior\BuildLiteBehavior [ RunTime:0.000013s ]
INFO: [ app_init ] --END-- [ RunTime:0.000301s ]
INFO: [ app_begin ] --START--
INFO: Run Behavior\ReadHtmlCacheBehavior [ RunTime:0.000325s ]
INFO: [ app_begin ] --END-- [ RunTime:0.000363s ]
SQL: SHOW COLUMNS FROM `yk_set` [ RunTime:0.0007s ]
SQL: SELECT * FROM `yk_set` LIMIT 1   [ RunTime:0.0002s ]
SQL: SHOW COLUMNS FROM `yk_cms_set` [ RunTime:0.0004s ]
SQL: SELECT * FROM `yk_cms_set` LIMIT 1   [ RunTime:0.0001s ]
SQL: SHOW COLUMNS FROM `yk_shop_set` [ RunTime:0.0007s ]
SQL: SELECT * FROM `yk_shop_set` LIMIT 1   [ RunTime:0.0002s ]

[ 2017-02-15T21:17:02+08:00 ] 117.136.41.40 /Admin/Index/index
INFO: [ app_init ] --START--
INFO: Run Behavior\BuildLiteBehavior [ RunTime:0.000013s ]
INFO: [ app_init ] --END-- [ RunTime:0.000287s ]
INFO: [ app_begin ] --START--
INFO: Run Behavior\ReadHtmlCacheBehavior [ RunTime:0.000354s ]
INFO: [ app_begin ] --END-- [ RunTime:0.000392s ]
SQL: SHOW COLUMNS FROM `yk_set` [ RunTime:0.0009s ]
SQL: SELECT * FROM `yk_set` LIMIT 1   [ RunTime:0.0002s ]
SQL: SHOW COLUMNS FROM `yk_cms_set` [ RunTime:0.0004s ]
SQL: SELECT * FROM `yk_cms_set` LIMIT 1   [ RunTime:0.0001s ]
SQL: SHOW COLUMNS FROM `yk_shop_set` [ RunTime:0.0008s ]
SQL: SELECT * FROM `yk_shop_set` LIMIT 1   [ RunTime:0.0002s ]

[ 2017-02-15T21:17:02+08:00 ] 117.136.41.40 /Admin/Public/login
INFO: [ app_init ] --START--
INFO: Run Behavior\BuildLiteBehavior [ RunTime:0.000013s ]
INFO: [ app_init ] --END-- [ RunTime:0.000267s ]
INFO: [ app_begin ] --START--
INFO: Run Behavior\ReadHtmlCacheBehavior [ RunTime:0.000453s ]
INFO: [ app_begin ] --END-- [ RunTime:0.000526s ]
SQL: SHOW COLUMNS FROM `yk_set` [ RunTime:0.0008s ]
SQL: SELECT * FROM `yk_set` LIMIT 1   [ RunTime:0.0002s ]
SQL: SHOW COLUMNS FROM `yk_cms_set` [ RunTime:0.0004s ]
SQL: SELECT * FROM `yk_cms_set` LIMIT 1   [ RunTime:0.0001s ]
SQL: SHOW COLUMNS FROM `yk_shop_set` [ RunTime:0.0007s ]
SQL: SELECT * FROM `yk_shop_set` LIMIT 1   [ RunTime:0.0002s ]
NOTIC: [8] Undefined index: uid /mnt/wwwroot/yikang.mubantang.com/Application/Admin/Controller/PublicController.class.php 第 49 行.
INFO: [ view_parse ] --START--
INFO: [ template_filter ] --START--
INFO: Run Behavior\ContentReplaceBehavior [ RunTime:0.000047s ]
INFO: [ template_filter ] --END-- [ RunTime:0.000086s ]
INFO: Run Behavior\ParseTemplateBehavior [ RunTime:0.004779s ]
INFO: [ view_parse ] --END-- [ RunTime:0.004814s ]
INFO: [ view_filter ] --START--
INFO: Run Behavior\WriteHtmlCacheBehavior [ RunTime:0.000230s ]
INFO: [ view_filter ] --END-- [ RunTime:0.000285s ]
INFO: [ app_end ] --START--
INFO: Run Behavior\ShowPageTraceBehavior [ RunTime:0.000430s ]
INFO: [ app_end ] --END-- [ RunTime:0.000468s ]

[ 2017-02-15T21:17:02+08:00 ] 117.136.41.40 /Admin/Public/verify
INFO: [ app_init ] --START--
INFO: Run Behavior\BuildLiteBehavior [ RunTime:0.000012s ]
INFO: [ app_init ] --END-- [ RunTime:0.000256s ]
INFO: [ app_begin ] --START--
INFO: Run Behavior\ReadHtmlCacheBehavior [ RunTime:0.000340s ]
INFO: [ app_begin ] --END-- [ RunTime:0.000378s ]
SQL: SHOW COLUMNS FROM `yk_set` [ RunTime:0.0007s ]
SQL: SELECT * FROM `yk_set` LIMIT 1   [ RunTime:0.0002s ]
SQL: SHOW COLUMNS FROM `yk_cms_set` [ RunTime:0.0004s ]
SQL: SELECT * FROM `yk_cms_set` LIMIT 1   [ RunTime:0.0001s ]
SQL: SHOW COLUMNS FROM `yk_shop_set` [ RunTime:0.0007s ]
SQL: SELECT * FROM `yk_shop_set` LIMIT 1   [ RunTime:0.0002s ]
INFO: [ app_end ] --START--
INFO: Run Behavior\ShowPageTraceBehavior [ RunTime:0.000433s ]
INFO: [ app_end ] --END-- [ RunTime:0.000481s ]

[ 2017-02-15T21:17:12+08:00 ] 180.153.206.24 /Admin/Public/login
INFO: [ app_init ] --START--
INFO: Run Behavior\BuildLiteBehavior [ RunTime:0.000013s ]
INFO: [ app_init ] --END-- [ RunTime:0.000281s ]
INFO: [ app_begin ] --START--
INFO: Run Behavior\ReadHtmlCacheBehavior [ RunTime:0.000326s ]
INFO: [ app_begin ] --END-- [ RunTime:0.000362s ]
SQL: SHOW COLUMNS FROM `yk_set` [ RunTime:0.0007s ]
SQL: SELECT * FROM `yk_set` LIMIT 1   [ RunTime:0.0002s ]
SQL: SHOW COLUMNS FROM `yk_cms_set` [ RunTime:0.0004s ]
SQL: SELECT * FROM `yk_cms_set` LIMIT 1   [ RunTime:0.0001s ]
SQL: SHOW COLUMNS FROM `yk_shop_set` [ RunTime:0.0007s ]
SQL: SELECT * FROM `yk_shop_set` LIMIT 1   [ RunTime:0.0002s ]
NOTIC: [8] Undefined index: uid /mnt/wwwroot/yikang.mubantang.com/Application/Admin/Controller/PublicController.class.php 第 49 行.
INFO: [ view_parse ] --START--
INFO: [ template_filter ] --START--
INFO: Run Behavior\ContentReplaceBehavior [ RunTime:0.000043s ]
INFO: [ template_filter ] --END-- [ RunTime:0.000081s ]
INFO: Run Behavior\ParseTemplateBehavior [ RunTime:0.004632s ]
INFO: [ view_parse ] --END-- [ RunTime:0.004667s ]
INFO: [ view_filter ] --START--
INFO: Run Behavior\WriteHtmlCacheBehavior [ RunTime:0.000118s ]
INFO: [ view_filter ] --END-- [ RunTime:0.000149s ]
INFO: [ app_end ] --START--
INFO: Run Behavior\ShowPageTraceBehavior [ RunTime:0.000376s ]
INFO: [ app_end ] --END-- [ RunTime:0.000410s ]

