[ 2017-04-26T08:45:43+08:00 ] 183.232.90.38 /
INFO: [ app_init ] --START--
INFO: Run Behavior\BuildLiteBehavior [ RunTime:0.000023s ]
INFO: [ app_init ] --END-- [ RunTime:0.003694s ]
INFO: [ app_begin ] --START--
INFO: Run Behavior\ReadHtmlCacheBehavior [ RunTime:0.001706s ]
INFO: [ app_begin ] --END-- [ RunTime:0.001750s ]
SQL: SHOW COLUMNS FROM `yk_set` [ RunTime:0.0306s ]
SQL: SELECT * FROM `yk_set` LIMIT 1   [ RunTime:0.0018s ]
SQL: SHOW COLUMNS FROM `yk_cms_set` [ RunTime:0.0096s ]
SQL: SELECT * FROM `yk_cms_set` LIMIT 1   [ RunTime:0.0013s ]
SQL: SHOW COLUMNS FROM `yk_shop_set` [ RunTime:0.0062s ]
SQL: SELECT * FROM `yk_shop_set` LIMIT 1   [ RunTime:0.0024s ]

[ 2017-04-26T08:45:53+08:00 ] 163.177.93.241 /
INFO: [ app_init ] --START--
INFO: Run Behavior\BuildLiteBehavior [ RunTime:0.000012s ]
INFO: [ app_init ] --END-- [ RunTime:0.000256s ]
INFO: [ app_begin ] --START--
INFO: Run Behavior\ReadHtmlCacheBehavior [ RunTime:0.000346s ]
INFO: [ app_begin ] --END-- [ RunTime:0.000384s ]
SQL: SHOW COLUMNS FROM `yk_set` [ RunTime:0.0007s ]
SQL: SELECT * FROM `yk_set` LIMIT 1   [ RunTime:0.0002s ]
SQL: SHOW COLUMNS FROM `yk_cms_set` [ RunTime:0.0004s ]
SQL: SELECT * FROM `yk_cms_set` LIMIT 1   [ RunTime:0.0001s ]
SQL: SHOW COLUMNS FROM `yk_shop_set` [ RunTime:0.0007s ]
SQL: SELECT * FROM `yk_shop_set` LIMIT 1   [ RunTime:0.0002s ]

[ 2017-04-26T09:47:39+08:00 ] 163.177.13.2 /
INFO: [ app_init ] --START--
INFO: Run Behavior\BuildLiteBehavior [ RunTime:0.000014s ]
INFO: [ app_init ] --END-- [ RunTime:0.000278s ]
INFO: [ app_begin ] --START--
INFO: Run Behavior\ReadHtmlCacheBehavior [ RunTime:0.000330s ]
INFO: [ app_begin ] --END-- [ RunTime:0.000370s ]
SQL: SHOW COLUMNS FROM `yk_set` [ RunTime:0.0011s ]
SQL: SELECT * FROM `yk_set` LIMIT 1   [ RunTime:0.0002s ]
SQL: SHOW COLUMNS FROM `yk_cms_set` [ RunTime:0.0006s ]
SQL: SELECT * FROM `yk_cms_set` LIMIT 1   [ RunTime:0.0001s ]
SQL: SHOW COLUMNS FROM `yk_shop_set` [ RunTime:0.0008s ]
SQL: SELECT * FROM `yk_shop_set` LIMIT 1   [ RunTime:0.0002s ]

[ 2017-04-26T10:37:21+08:00 ] 163.177.69.59 /
INFO: [ app_init ] --START--
INFO: Run Behavior\BuildLiteBehavior [ RunTime:0.000018s ]
INFO: [ app_init ] --END-- [ RunTime:0.000305s ]
INFO: [ app_begin ] --START--
INFO: Run Behavior\ReadHtmlCacheBehavior [ RunTime:0.000354s ]
INFO: [ app_begin ] --END-- [ RunTime:0.000392s ]
SQL: SHOW COLUMNS FROM `yk_set` [ RunTime:0.0007s ]
SQL: SELECT * FROM `yk_set` LIMIT 1   [ RunTime:0.0028s ]
SQL: SHOW COLUMNS FROM `yk_cms_set` [ RunTime:0.0005s ]
SQL: SELECT * FROM `yk_cms_set` LIMIT 1   [ RunTime:0.0001s ]
SQL: SHOW COLUMNS FROM `yk_shop_set` [ RunTime:0.0007s ]
SQL: SELECT * FROM `yk_shop_set` LIMIT 1   [ RunTime:0.0002s ]

[ 2017-04-26T10:37:21+08:00 ] 183.232.90.143 /
INFO: [ app_init ] --START--
INFO: Run Behavior\BuildLiteBehavior [ RunTime:0.000011s ]
INFO: [ app_init ] --END-- [ RunTime:0.000273s ]
INFO: [ app_begin ] --START--
INFO: Run Behavior\ReadHtmlCacheBehavior [ RunTime:0.000330s ]
INFO: [ app_begin ] --END-- [ RunTime:0.000368s ]
SQL: SHOW COLUMNS FROM `yk_set` [ RunTime:0.0005s ]
SQL: SELECT * FROM `yk_set` LIMIT 1   [ RunTime:0.0001s ]
SQL: SHOW COLUMNS FROM `yk_cms_set` [ RunTime:0.0004s ]
SQL: SELECT * FROM `yk_cms_set` LIMIT 1   [ RunTime:0.0001s ]
SQL: SHOW COLUMNS FROM `yk_shop_set` [ RunTime:0.0007s ]
SQL: SELECT * FROM `yk_shop_set` LIMIT 1   [ RunTime:0.0002s ]

[ 2017-04-26T11:04:31+08:00 ] 183.232.90.143 /
INFO: [ app_init ] --START--
INFO: Run Behavior\BuildLiteBehavior [ RunTime:0.000011s ]
INFO: [ app_init ] --END-- [ RunTime:0.003986s ]
INFO: [ app_begin ] --START--
INFO: Run Behavior\ReadHtmlCacheBehavior [ RunTime:0.000365s ]
INFO: [ app_begin ] --END-- [ RunTime:0.000416s ]
SQL: SHOW COLUMNS FROM `yk_set` [ RunTime:0.0005s ]
SQL: SELECT * FROM `yk_set` LIMIT 1   [ RunTime:0.0005s ]
SQL: SHOW COLUMNS FROM `yk_cms_set` [ RunTime:0.0005s ]
SQL: SELECT * FROM `yk_cms_set` LIMIT 1   [ RunTime:0.0001s ]
SQL: SHOW COLUMNS FROM `yk_shop_set` [ RunTime:0.0008s ]
SQL: SELECT * FROM `yk_shop_set` LIMIT 1   [ RunTime:0.0002s ]

[ 2017-04-26T11:04:31+08:00 ] 163.177.69.59 /
INFO: [ app_init ] --START--
INFO: Run Behavior\BuildLiteBehavior [ RunTime:0.000012s ]
INFO: [ app_init ] --END-- [ RunTime:0.000258s ]
INFO: [ app_begin ] --START--
INFO: Run Behavior\ReadHtmlCacheBehavior [ RunTime:0.000409s ]
INFO: [ app_begin ] --END-- [ RunTime:0.000460s ]
SQL: SHOW COLUMNS FROM `yk_set` [ RunTime:0.0006s ]
SQL: SELECT * FROM `yk_set` LIMIT 1   [ RunTime:0.0001s ]
SQL: SHOW COLUMNS FROM `yk_cms_set` [ RunTime:0.0004s ]
SQL: SELECT * FROM `yk_cms_set` LIMIT 1   [ RunTime:0.0001s ]
SQL: SHOW COLUMNS FROM `yk_shop_set` [ RunTime:0.0007s ]
SQL: SELECT * FROM `yk_shop_set` LIMIT 1   [ RunTime:0.0022s ]

[ 2017-04-26T12:22:10+08:00 ] 183.232.90.143 /
INFO: [ app_init ] --START--
INFO: Run Behavior\BuildLiteBehavior [ RunTime:0.000013s ]
INFO: [ app_init ] --END-- [ RunTime:0.000267s ]
INFO: [ app_begin ] --START--
INFO: Run Behavior\ReadHtmlCacheBehavior [ RunTime:0.000335s ]
INFO: [ app_begin ] --END-- [ RunTime:0.000373s ]
SQL: SHOW COLUMNS FROM `yk_set` [ RunTime:0.0008s ]
SQL: SELECT * FROM `yk_set` LIMIT 1   [ RunTime:0.0002s ]
SQL: SHOW COLUMNS FROM `yk_cms_set` [ RunTime:0.0209s ]
SQL: SELECT * FROM `yk_cms_set` LIMIT 1   [ RunTime:0.0006s ]
SQL: SHOW COLUMNS FROM `yk_shop_set` [ RunTime:0.0011s ]
SQL: SELECT * FROM `yk_shop_set` LIMIT 1   [ RunTime:0.0012s ]

[ 2017-04-26T12:22:10+08:00 ] 163.177.93.244 /
INFO: [ app_init ] --START--
INFO: Run Behavior\BuildLiteBehavior [ RunTime:0.000011s ]
INFO: [ app_init ] --END-- [ RunTime:0.000246s ]
INFO: [ app_begin ] --START--
INFO: Run Behavior\ReadHtmlCacheBehavior [ RunTime:0.000329s ]
INFO: [ app_begin ] --END-- [ RunTime:0.000372s ]
SQL: SHOW COLUMNS FROM `yk_set` [ RunTime:0.0207s ]
SQL: SELECT * FROM `yk_set` LIMIT 1   [ RunTime:0.0002s ]
SQL: SHOW COLUMNS FROM `yk_cms_set` [ RunTime:0.0016s ]
SQL: SELECT * FROM `yk_cms_set` LIMIT 1   [ RunTime:0.0001s ]
SQL: SHOW COLUMNS FROM `yk_shop_set` [ RunTime:0.0029s ]
SQL: SELECT * FROM `yk_shop_set` LIMIT 1   [ RunTime:0.0002s ]

[ 2017-04-26T16:02:03+08:00 ] 183.232.90.36 /
INFO: [ app_init ] --START--
INFO: Run Behavior\BuildLiteBehavior [ RunTime:0.000013s ]
INFO: [ app_init ] --END-- [ RunTime:0.000288s ]
INFO: [ app_begin ] --START--
INFO: Run Behavior\ReadHtmlCacheBehavior [ RunTime:0.000385s ]
INFO: [ app_begin ] --END-- [ RunTime:0.000435s ]
SQL: SHOW COLUMNS FROM `yk_set` [ RunTime:0.0009s ]
SQL: SELECT * FROM `yk_set` LIMIT 1   [ RunTime:0.0003s ]
SQL: SHOW COLUMNS FROM `yk_cms_set` [ RunTime:0.0007s ]
SQL: SELECT * FROM `yk_cms_set` LIMIT 1   [ RunTime:0.0012s ]
SQL: SHOW COLUMNS FROM `yk_shop_set` [ RunTime:0.0009s ]
SQL: SELECT * FROM `yk_shop_set` LIMIT 1   [ RunTime:0.0020s ]

[ 2017-04-26T16:02:03+08:00 ] 112.90.82.179 /
INFO: [ app_init ] --START--
INFO: Run Behavior\BuildLiteBehavior [ RunTime:0.000011s ]
INFO: [ app_init ] --END-- [ RunTime:0.000254s ]
INFO: [ app_begin ] --START--
INFO: Run Behavior\ReadHtmlCacheBehavior [ RunTime:0.000358s ]
INFO: [ app_begin ] --END-- [ RunTime:0.000396s ]
SQL: SHOW COLUMNS FROM `yk_set` [ RunTime:0.0005s ]
SQL: SELECT * FROM `yk_set` LIMIT 1   [ RunTime:0.0014s ]
SQL: SHOW COLUMNS FROM `yk_cms_set` [ RunTime:0.0004s ]
SQL: SELECT * FROM `yk_cms_set` LIMIT 1   [ RunTime:0.0001s ]
SQL: SHOW COLUMNS FROM `yk_shop_set` [ RunTime:0.0007s ]
SQL: SELECT * FROM `yk_shop_set` LIMIT 1   [ RunTime:0.0007s ]

[ 2017-04-26T16:02:03+08:00 ] 183.61.52.70 /Admin/Public/login
INFO: [ app_init ] --START--
INFO: Run Behavior\BuildLiteBehavior [ RunTime:0.000011s ]
INFO: [ app_init ] --END-- [ RunTime:0.000243s ]
INFO: [ app_begin ] --START--
INFO: Run Behavior\ReadHtmlCacheBehavior [ RunTime:0.000356s ]
INFO: [ app_begin ] --END-- [ RunTime:0.000406s ]
SQL: SHOW COLUMNS FROM `yk_set` [ RunTime:0.0007s ]
SQL: SELECT * FROM `yk_set` LIMIT 1   [ RunTime:0.0002s ]
SQL: SHOW COLUMNS FROM `yk_cms_set` [ RunTime:0.0004s ]
SQL: SELECT * FROM `yk_cms_set` LIMIT 1   [ RunTime:0.0001s ]
SQL: SHOW COLUMNS FROM `yk_shop_set` [ RunTime:0.0007s ]
SQL: SELECT * FROM `yk_shop_set` LIMIT 1   [ RunTime:0.0002s ]
NOTIC: [8] Undefined index: uid /mnt/wwwroot/yikang.mubantang.com/Application/Admin/Controller/PublicController.class.php 第 49 行.
INFO: [ view_parse ] --START--
INFO: [ template_filter ] --START--
INFO: Run Behavior\ContentReplaceBehavior [ RunTime:0.000051s ]
INFO: [ template_filter ] --END-- [ RunTime:0.000103s ]
INFO: Run Behavior\ParseTemplateBehavior [ RunTime:0.020770s ]
INFO: [ view_parse ] --END-- [ RunTime:0.020832s ]
INFO: [ view_filter ] --START--
INFO: Run Behavior\WriteHtmlCacheBehavior [ RunTime:0.000122s ]
INFO: [ view_filter ] --END-- [ RunTime:0.000154s ]
INFO: [ app_end ] --START--
INFO: Run Behavior\ShowPageTraceBehavior [ RunTime:0.000395s ]
INFO: [ app_end ] --END-- [ RunTime:0.000441s ]

[ 2017-04-26T16:02:04+08:00 ] 117.136.40.130 /Admin/Public/verify
INFO: [ app_init ] --START--
INFO: Run Behavior\BuildLiteBehavior [ RunTime:0.000016s ]
INFO: [ app_init ] --END-- [ RunTime:0.000277s ]
INFO: [ app_begin ] --START--
INFO: Run Behavior\ReadHtmlCacheBehavior [ RunTime:0.000330s ]
INFO: [ app_begin ] --END-- [ RunTime:0.000376s ]
SQL: SHOW COLUMNS FROM `yk_set` [ RunTime:0.0008s ]
SQL: SELECT * FROM `yk_set` LIMIT 1   [ RunTime:0.0002s ]
SQL: SHOW COLUMNS FROM `yk_cms_set` [ RunTime:0.0004s ]
SQL: SELECT * FROM `yk_cms_set` LIMIT 1   [ RunTime:0.0001s ]
SQL: SHOW COLUMNS FROM `yk_shop_set` [ RunTime:0.0007s ]
SQL: SELECT * FROM `yk_shop_set` LIMIT 1   [ RunTime:0.0002s ]
INFO: [ app_end ] --START--
INFO: Run Behavior\ShowPageTraceBehavior [ RunTime:0.000414s ]
INFO: [ app_end ] --END-- [ RunTime:0.000464s ]

[ 2017-04-26T16:02:12+08:00 ] 101.226.89.122 /Admin/Public/login
INFO: [ app_init ] --START--
INFO: Run Behavior\BuildLiteBehavior [ RunTime:0.000014s ]
INFO: [ app_init ] --END-- [ RunTime:0.000286s ]
INFO: [ app_begin ] --START--
INFO: Run Behavior\ReadHtmlCacheBehavior [ RunTime:0.000334s ]
INFO: [ app_begin ] --END-- [ RunTime:0.000372s ]
SQL: SHOW COLUMNS FROM `yk_set` [ RunTime:0.0007s ]
SQL: SELECT * FROM `yk_set` LIMIT 1   [ RunTime:0.0002s ]
SQL: SHOW COLUMNS FROM `yk_cms_set` [ RunTime:0.0004s ]
SQL: SELECT * FROM `yk_cms_set` LIMIT 1   [ RunTime:0.0001s ]
SQL: SHOW COLUMNS FROM `yk_shop_set` [ RunTime:0.0007s ]
SQL: SELECT * FROM `yk_shop_set` LIMIT 1   [ RunTime:0.0002s ]
NOTIC: [8] Undefined index: uid /mnt/wwwroot/yikang.mubantang.com/Application/Admin/Controller/PublicController.class.php 第 49 行.
INFO: [ view_parse ] --START--
INFO: [ template_filter ] --START--
INFO: Run Behavior\ContentReplaceBehavior [ RunTime:0.000049s ]
INFO: [ template_filter ] --END-- [ RunTime:0.000102s ]
INFO: Run Behavior\ParseTemplateBehavior [ RunTime:0.004959s ]
INFO: [ view_parse ] --END-- [ RunTime:0.004997s ]
INFO: [ view_filter ] --START--
INFO: Run Behavior\WriteHtmlCacheBehavior [ RunTime:0.000125s ]
INFO: [ view_filter ] --END-- [ RunTime:0.000169s ]
INFO: [ app_end ] --START--
INFO: Run Behavior\ShowPageTraceBehavior [ RunTime:0.000365s ]
INFO: [ app_end ] --END-- [ RunTime:0.000401s ]

[ 2017-04-26T17:51:50+08:00 ] 163.177.69.107 /
INFO: [ app_init ] --START--
INFO: Run Behavior\BuildLiteBehavior [ RunTime:0.000014s ]
INFO: [ app_init ] --END-- [ RunTime:0.002030s ]
INFO: [ app_begin ] --START--
INFO: Run Behavior\ReadHtmlCacheBehavior [ RunTime:0.002975s ]
INFO: [ app_begin ] --END-- [ RunTime:0.003037s ]
SQL: SHOW COLUMNS FROM `yk_set` [ RunTime:0.0131s ]
SQL: SELECT * FROM `yk_set` LIMIT 1   [ RunTime:0.0031s ]
SQL: SHOW COLUMNS FROM `yk_cms_set` [ RunTime:0.0130s ]
SQL: SELECT * FROM `yk_cms_set` LIMIT 1   [ RunTime:0.0017s ]
SQL: SHOW COLUMNS FROM `yk_shop_set` [ RunTime:0.0048s ]
SQL: SELECT * FROM `yk_shop_set` LIMIT 1   [ RunTime:0.0033s ]

[ 2017-04-26T17:51:50+08:00 ] 183.232.90.80 /
INFO: [ app_init ] --START--
INFO: Run Behavior\BuildLiteBehavior [ RunTime:0.000019s ]
INFO: [ app_init ] --END-- [ RunTime:0.001389s ]
INFO: [ app_begin ] --START--
INFO: Run Behavior\ReadHtmlCacheBehavior [ RunTime:0.001797s ]
INFO: [ app_begin ] --END-- [ RunTime:0.001921s ]
SQL: SHOW COLUMNS FROM `yk_set` [ RunTime:0.0130s ]
SQL: SELECT * FROM `yk_set` LIMIT 1   [ RunTime:0.0128s ]
SQL: SHOW COLUMNS FROM `yk_cms_set` [ RunTime:0.0037s ]
SQL: SELECT * FROM `yk_cms_set` LIMIT 1   [ RunTime:0.0042s ]
SQL: SHOW COLUMNS FROM `yk_shop_set` [ RunTime:0.0030s ]
SQL: SELECT * FROM `yk_shop_set` LIMIT 1   [ RunTime:0.0019s ]

[ 2017-04-26T17:51:50+08:00 ] 183.61.52.70 /Admin/Public/login
INFO: [ app_init ] --START--
INFO: Run Behavior\BuildLiteBehavior [ RunTime:0.000013s ]
INFO: [ app_init ] --END-- [ RunTime:0.001698s ]
INFO: [ app_begin ] --START--
INFO: Run Behavior\ReadHtmlCacheBehavior [ RunTime:0.002328s ]
INFO: [ app_begin ] --END-- [ RunTime:0.002402s ]
SQL: SHOW COLUMNS FROM `yk_set` [ RunTime:0.0124s ]
SQL: SELECT * FROM `yk_set` LIMIT 1   [ RunTime:0.0139s ]
SQL: SHOW COLUMNS FROM `yk_cms_set` [ RunTime:0.0033s ]
SQL: SELECT * FROM `yk_cms_set` LIMIT 1   [ RunTime:0.0046s ]
SQL: SHOW COLUMNS FROM `yk_shop_set` [ RunTime:0.0023s ]
SQL: SELECT * FROM `yk_shop_set` LIMIT 1   [ RunTime:0.0022s ]
NOTIC: [8] Undefined index: uid /mnt/wwwroot/yikang.mubantang.com/Application/Admin/Controller/PublicController.class.php 第 49 行.
INFO: [ view_parse ] --START--
INFO: [ template_filter ] --START--
INFO: Run Behavior\ContentReplaceBehavior [ RunTime:0.000054s ]
INFO: [ template_filter ] --END-- [ RunTime:0.000113s ]
INFO: Run Behavior\ParseTemplateBehavior [ RunTime:0.043663s ]
INFO: [ view_parse ] --END-- [ RunTime:0.043713s ]
INFO: [ view_filter ] --START--
INFO: Run Behavior\WriteHtmlCacheBehavior [ RunTime:0.001254s ]
INFO: [ view_filter ] --END-- [ RunTime:0.001287s ]
INFO: [ app_end ] --START--
INFO: Run Behavior\ShowPageTraceBehavior [ RunTime:0.001561s ]
INFO: [ app_end ] --END-- [ RunTime:0.001596s ]

[ 2017-04-26T17:51:50+08:00 ] 119.129.121.98 /Admin/Public/verify
INFO: [ app_init ] --START--
INFO: Run Behavior\BuildLiteBehavior [ RunTime:0.000013s ]
INFO: [ app_init ] --END-- [ RunTime:0.000328s ]
INFO: [ app_begin ] --START--
INFO: Run Behavior\ReadHtmlCacheBehavior [ RunTime:0.000343s ]
INFO: [ app_begin ] --END-- [ RunTime:0.000382s ]
SQL: SHOW COLUMNS FROM `yk_set` [ RunTime:0.0007s ]
SQL: SELECT * FROM `yk_set` LIMIT 1   [ RunTime:0.0002s ]
SQL: SHOW COLUMNS FROM `yk_cms_set` [ RunTime:0.0004s ]
SQL: SELECT * FROM `yk_cms_set` LIMIT 1   [ RunTime:0.0001s ]
SQL: SHOW COLUMNS FROM `yk_shop_set` [ RunTime:0.0008s ]
SQL: SELECT * FROM `yk_shop_set` LIMIT 1   [ RunTime:0.0002s ]
INFO: [ app_end ] --START--
INFO: Run Behavior\ShowPageTraceBehavior [ RunTime:0.000428s ]
INFO: [ app_end ] --END-- [ RunTime:0.000504s ]

[ 2017-04-26T17:52:25+08:00 ] 183.61.52.70 /Admin/Public/login
INFO: [ app_init ] --START--
INFO: Run Behavior\BuildLiteBehavior [ RunTime:0.000014s ]
INFO: [ app_init ] --END-- [ RunTime:0.000272s ]
INFO: [ app_begin ] --START--
INFO: Run Behavior\ReadHtmlCacheBehavior [ RunTime:0.000349s ]
INFO: [ app_begin ] --END-- [ RunTime:0.000389s ]
SQL: SHOW COLUMNS FROM `yk_set` [ RunTime:0.0007s ]
SQL: SELECT * FROM `yk_set` LIMIT 1   [ RunTime:0.0002s ]
SQL: SHOW COLUMNS FROM `yk_cms_set` [ RunTime:0.0004s ]
SQL: SELECT * FROM `yk_cms_set` LIMIT 1   [ RunTime:0.0001s ]
SQL: SHOW COLUMNS FROM `yk_shop_set` [ RunTime:0.0007s ]
SQL: SELECT * FROM `yk_shop_set` LIMIT 1   [ RunTime:0.0002s ]
SQL: SHOW COLUMNS FROM `yk_user` [ RunTime:0.0320s ]
SQL: SELECT * FROM `yk_user` WHERE `username` = 'admin' AND `userpass` = 'f379eaf3c831b04de153469d1bec345e' LIMIT 1   [ RunTime:0.0044s ]
SQL: SHOW COLUMNS FROM `yk_employee` [ RunTime:0.0057s ]
SQL: SELECT * FROM `yk_employee` WHERE `username` = 'admin' AND `userpass` = 'f379eaf3c831b04de153469d1bec345e' LIMIT 1   [ RunTime:0.0120s ]

[ 2017-04-26T17:52:26+08:00 ] 183.61.52.70 /Admin/Index/index
INFO: [ app_init ] --START--
INFO: Run Behavior\BuildLiteBehavior [ RunTime:0.000013s ]
INFO: [ app_init ] --END-- [ RunTime:0.000266s ]
INFO: [ app_begin ] --START--
INFO: Run Behavior\ReadHtmlCacheBehavior [ RunTime:0.000328s ]
INFO: [ app_begin ] --END-- [ RunTime:0.000367s ]
SQL: SHOW COLUMNS FROM `yk_set` [ RunTime:0.0015s ]
SQL: SELECT * FROM `yk_set` LIMIT 1   [ RunTime:0.0002s ]
SQL: SHOW COLUMNS FROM `yk_cms_set` [ RunTime:0.0004s ]
SQL: SELECT * FROM `yk_cms_set` LIMIT 1   [ RunTime:0.0001s ]
SQL: SHOW COLUMNS FROM `yk_shop_set` [ RunTime:0.0007s ]
SQL: SELECT * FROM `yk_shop_set` LIMIT 1   [ RunTime:0.0002s ]
SQL: SHOW COLUMNS FROM `yk_user_oath` [ RunTime:0.0049s ]
SQL: SELECT * FROM `yk_user_oath`  [ RunTime:0.0012s ]
INFO: [ view_parse ] --START--
INFO: [ template_filter ] --START--
INFO: Run Behavior\ContentReplaceBehavior [ RunTime:0.000140s ]
INFO: [ template_filter ] --END-- [ RunTime:0.000226s ]
INFO: Run Behavior\ParseTemplateBehavior [ RunTime:0.125460s ]
INFO: [ view_parse ] --END-- [ RunTime:0.125547s ]
INFO: [ view_filter ] --START--
INFO: Run Behavior\WriteHtmlCacheBehavior [ RunTime:0.000165s ]
INFO: [ view_filter ] --END-- [ RunTime:0.000202s ]
INFO: [ app_end ] --START--
INFO: Run Behavior\ShowPageTraceBehavior [ RunTime:0.000381s ]
INFO: [ app_end ] --END-- [ RunTime:0.000422s ]

[ 2017-04-26T17:52:27+08:00 ] 183.61.52.70 /Admin/Index/main
INFO: [ app_init ] --START--
INFO: Run Behavior\BuildLiteBehavior [ RunTime:0.000022s ]
INFO: [ app_init ] --END-- [ RunTime:0.000428s ]
INFO: [ app_begin ] --START--
INFO: Run Behavior\ReadHtmlCacheBehavior [ RunTime:0.000517s ]
INFO: [ app_begin ] --END-- [ RunTime:0.000571s ]
SQL: SHOW COLUMNS FROM `yk_set` [ RunTime:0.0007s ]
SQL: SELECT * FROM `yk_set` LIMIT 1   [ RunTime:0.0002s ]
SQL: SHOW COLUMNS FROM `yk_cms_set` [ RunTime:0.0004s ]
SQL: SELECT * FROM `yk_cms_set` LIMIT 1   [ RunTime:0.0001s ]
SQL: SHOW COLUMNS FROM `yk_shop_set` [ RunTime:0.0007s ]
SQL: SELECT * FROM `yk_shop_set` LIMIT 1   [ RunTime:0.0002s ]
INFO: [ view_parse ] --START--
INFO: [ template_filter ] --START--
INFO: Run Behavior\ContentReplaceBehavior [ RunTime:0.000037s ]
INFO: [ template_filter ] --END-- [ RunTime:0.000093s ]
INFO: Run Behavior\ParseTemplateBehavior [ RunTime:0.017693s ]
INFO: [ view_parse ] --END-- [ RunTime:0.017734s ]
INFO: [ view_filter ] --START--
INFO: Run Behavior\WriteHtmlCacheBehavior [ RunTime:0.000145s ]
INFO: [ view_filter ] --END-- [ RunTime:0.000178s ]
SQL: SHOW COLUMNS FROM `yk_vip` [ RunTime:0.0057s ]
SQL: SELECT COUNT(*) AS tp_count FROM `yk_vip` LIMIT 1   [ RunTime:0.0001s ]
SQL: SELECT COUNT(*) AS tp_count FROM `yk_vip` WHERE ( subscribe=1 ) LIMIT 1   [ RunTime:0.1794s ]
SQL: SELECT COUNT(*) AS tp_count FROM `yk_vip` WHERE `ctime` BETWEEN 1493136000 AND 1493222399 LIMIT 1   [ RunTime:0.0029s ]
SQL: SELECT COUNT(*) AS tp_count FROM `yk_vip` WHERE `ctime` BETWEEN 1493049600 AND 1493135999 LIMIT 1   [ RunTime:0.0031s ]
SQL: SHOW COLUMNS FROM `yk_shop_order` [ RunTime:0.0176s ]
SQL: SELECT COUNT(*) AS tp_count FROM `yk_shop_order` LIMIT 1   [ RunTime:0.0002s ]
SQL: SELECT COUNT(*) AS tp_count FROM `yk_shop_order` WHERE ( status=0 ) LIMIT 1   [ RunTime:0.0272s ]
SQL: SELECT COUNT(*) AS tp_count FROM `yk_shop_order` WHERE ( status=1 ) LIMIT 1   [ RunTime:0.0005s ]
SQL: SELECT COUNT(*) AS tp_count FROM `yk_shop_order` WHERE ( status=2 ) LIMIT 1   [ RunTime:0.0003s ]
SQL: SELECT COUNT(*) AS tp_count FROM `yk_shop_order` WHERE ( status=3 ) LIMIT 1   [ RunTime:0.0003s ]
SQL: SELECT COUNT(*) AS tp_count FROM `yk_shop_order` WHERE ( status=4 ) LIMIT 1   [ RunTime:0.0003s ]
SQL: SELECT COUNT(*) AS tp_count FROM `yk_shop_order` WHERE ( status=5 ) LIMIT 1   [ RunTime:0.0004s ]
SQL: SELECT COUNT(*) AS tp_count FROM `yk_shop_order` WHERE ( status=6 ) LIMIT 1   [ RunTime:0.0003s ]
SQL: SELECT COUNT(*) AS tp_count FROM `yk_shop_order` WHERE `ctime` BETWEEN 1493136000 AND 1493222399 LIMIT 1   [ RunTime:0.0003s ]
SQL: SELECT COUNT(*) AS tp_count FROM `yk_shop_order` WHERE `ctime` BETWEEN 1493049600 AND 1493135999 LIMIT 1   [ RunTime:0.0003s ]
SQL: SHOW COLUMNS FROM `yk_fx_syslog` [ RunTime:0.0115s ]
SQL: SELECT SUM(fxyj) AS tp_sum FROM `yk_fx_syslog` LIMIT 1   [ RunTime:0.0014s ]
SQL: SELECT SUM(fxyj) AS tp_sum FROM `yk_fx_syslog` WHERE `ctime` BETWEEN 1493136000 AND 1493222399 LIMIT 1   [ RunTime:0.0001s ]
SQL: SELECT SUM(fxyj) AS tp_sum FROM `yk_fx_syslog` WHERE `ctime` BETWEEN 1493049600 AND 1493135999 LIMIT 1   [ RunTime:0.0001s ]
NOTIC: [2] Division by zero /mnt/wwwroot/yikang.mubantang.com/Application/Admin/Controller/IndexController.class.php 第 144 行.
SQL: SELECT COUNT(*) AS tp_count FROM `yk_vip` WHERE `isfx` = 0 AND `isfxgd` = 0 LIMIT 1   [ RunTime:0.0024s ]
SQL: SELECT COUNT(*) AS tp_count FROM `yk_vip` WHERE `isfx` = 1 AND `isfxgd` = 0 LIMIT 1   [ RunTime:0.0025s ]
SQL: SELECT COUNT(*) AS tp_count FROM `yk_vip` WHERE ( isfxgd=1 ) LIMIT 1   [ RunTime:0.0023s ]
SQL: SHOW COLUMNS FROM `yk_vip_log_sub` [ RunTime:0.0062s ]
SQL: SELECT * FROM `yk_vip_log_sub` ORDER BY ctime desc LIMIT 5   [ RunTime:0.0057s ]
SQL: SELECT * FROM `yk_vip` WHERE ( id=3058 ) LIMIT 1   [ RunTime:0.0148s ]
SQL: SELECT * FROM `yk_vip` WHERE ( id=3148 ) LIMIT 1   [ RunTime:0.0003s ]
SQL: SELECT * FROM `yk_vip` WHERE ( id=2903 ) LIMIT 1   [ RunTime:0.0055s ]
SQL: SELECT * FROM `yk_vip` WHERE ( id=3151 ) LIMIT 1   [ RunTime:0.0002s ]
SQL: SELECT * FROM `yk_vip` WHERE ( id=3149 ) LIMIT 1   [ RunTime:0.0002s ]
SQL: SELECT * FROM `yk_fx_syslog` ORDER BY ctime desc LIMIT 5   [ RunTime:0.0002s ]
SQL: SELECT * FROM `yk_vip` WHERE ( id=2538 ) LIMIT 1   [ RunTime:0.0002s ]
SQL: SELECT * FROM `yk_vip` WHERE ( id=38 ) LIMIT 1   [ RunTime:0.0002s ]
SQL: SHOW COLUMNS FROM `yk_fx_log_tj` [ RunTime:0.0029s ]
SQL: SELECT * FROM `yk_fx_log_tj` ORDER BY ctime desc LIMIT 5   [ RunTime:0.0002s ]
SQL: SELECT * FROM `yk_shop_order` WHERE `ispay` = 1 AND `status` = 2 ORDER BY ctime desc LIMIT 5   [ RunTime:0.0005s ]
SQL: SELECT * FROM `yk_vip` WHERE ( id=3153 ) LIMIT 1   [ RunTime:0.0002s ]
SQL: SELECT * FROM `yk_vip` WHERE ( id=3148 ) LIMIT 1   [ RunTime:0.0002s ]
SQL: SELECT * FROM `yk_vip` WHERE ( id=3147 ) LIMIT 1   [ RunTime:0.0002s ]
SQL: SELECT * FROM `yk_vip` WHERE ( id=3143 ) LIMIT 1   [ RunTime:0.0002s ]
SQL: SELECT * FROM `yk_vip` WHERE ( id=3132 ) LIMIT 1   [ RunTime:0.0002s ]
SQL: SELECT SUM(totalprice) AS tp_sum FROM `yk_shop_order` WHERE `ispay` = 1 LIMIT 1   [ RunTime:0.0003s ]
SQL: SELECT SUM(totalprice) AS tp_sum FROM `yk_shop_order` WHERE `status` = 5 LIMIT 1   [ RunTime:0.0003s ]
SQL: SELECT SUM(totalnum) AS tp_sum FROM `yk_shop_order` WHERE `ispay` = 1 LIMIT 1   [ RunTime:0.0003s ]
SQL: SHOW COLUMNS FROM `yk_vip_tx` [ RunTime:0.0029s ]
SQL: SELECT SUM(txprice) AS tp_sum FROM `yk_vip_tx` WHERE `status` = 2 LIMIT 1   [ RunTime:0.0001s ]
INFO: [ view_parse ] --START--
INFO: [ template_filter ] --START--
INFO: Run Behavior\ContentReplaceBehavior [ RunTime:0.000088s ]
INFO: [ template_filter ] --END-- [ RunTime:-0.328064s ]
INFO: Run Behavior\ParseTemplateBehavior [ RunTime:0.021903s ]
INFO: [ view_parse ] --END-- [ RunTime:-0.309189s ]
INFO: [ view_filter ] --START--
INFO: Run Behavior\WriteHtmlCacheBehavior [ RunTime:0.000016s ]
INFO: [ view_filter ] --END-- [ RunTime:-0.330988s ]
INFO: [ app_end ] --START--
INFO: Run Behavior\ShowPageTraceBehavior [ RunTime:0.000445s ]
INFO: [ app_end ] --END-- [ RunTime:0.000495s ]

[ 2017-04-26T17:52:35+08:00 ] 101.226.102.97 /Admin/Index/index
INFO: [ app_init ] --START--
INFO: Run Behavior\BuildLiteBehavior [ RunTime:0.000016s ]
INFO: [ app_init ] --END-- [ RunTime:0.000300s ]
INFO: [ app_begin ] --START--
INFO: Run Behavior\ReadHtmlCacheBehavior [ RunTime:0.000334s ]
INFO: [ app_begin ] --END-- [ RunTime:0.000373s ]
SQL: SHOW COLUMNS FROM `yk_set` [ RunTime:0.0007s ]
SQL: SELECT * FROM `yk_set` LIMIT 1   [ RunTime:0.0002s ]
SQL: SHOW COLUMNS FROM `yk_cms_set` [ RunTime:0.0004s ]
SQL: SELECT * FROM `yk_cms_set` LIMIT 1   [ RunTime:0.0001s ]
SQL: SHOW COLUMNS FROM `yk_shop_set` [ RunTime:0.0008s ]
SQL: SELECT * FROM `yk_shop_set` LIMIT 1   [ RunTime:0.0002s ]

[ 2017-04-26T17:52:35+08:00 ] 101.226.102.97 /Admin/Public/login
INFO: [ app_init ] --START--
INFO: Run Behavior\BuildLiteBehavior [ RunTime:0.000012s ]
INFO: [ app_init ] --END-- [ RunTime:0.000261s ]
INFO: [ app_begin ] --START--
INFO: Run Behavior\ReadHtmlCacheBehavior [ RunTime:0.000335s ]
INFO: [ app_begin ] --END-- [ RunTime:0.000375s ]
SQL: SHOW COLUMNS FROM `yk_set` [ RunTime:0.0007s ]
SQL: SELECT * FROM `yk_set` LIMIT 1   [ RunTime:0.0002s ]
SQL: SHOW COLUMNS FROM `yk_cms_set` [ RunTime:0.0004s ]
SQL: SELECT * FROM `yk_cms_set` LIMIT 1   [ RunTime:0.0001s ]
SQL: SHOW COLUMNS FROM `yk_shop_set` [ RunTime:0.0007s ]
SQL: SELECT * FROM `yk_shop_set` LIMIT 1   [ RunTime:0.0002s ]
NOTIC: [8] Undefined index: uid /mnt/wwwroot/yikang.mubantang.com/Application/Admin/Controller/PublicController.class.php 第 49 行.
INFO: [ view_parse ] --START--
INFO: [ template_filter ] --START--
INFO: Run Behavior\ContentReplaceBehavior [ RunTime:0.000043s ]
INFO: [ template_filter ] --END-- [ RunTime:0.000089s ]
INFO: Run Behavior\ParseTemplateBehavior [ RunTime:0.004678s ]
INFO: [ view_parse ] --END-- [ RunTime:0.004713s ]
INFO: [ view_filter ] --START--
INFO: Run Behavior\WriteHtmlCacheBehavior [ RunTime:0.000117s ]
INFO: [ view_filter ] --END-- [ RunTime:0.000149s ]
INFO: [ app_end ] --START--
INFO: Run Behavior\ShowPageTraceBehavior [ RunTime:0.000379s ]
INFO: [ app_end ] --END-- [ RunTime:0.000413s ]

[ 2017-04-26T17:52:35+08:00 ] 183.61.51.190 /Admin/Shop/order
INFO: [ app_init ] --START--
INFO: Run Behavior\BuildLiteBehavior [ RunTime:0.000012s ]
INFO: [ app_init ] --END-- [ RunTime:0.000300s ]
INFO: [ app_begin ] --START--
INFO: Run Behavior\ReadHtmlCacheBehavior [ RunTime:0.000325s ]
INFO: [ app_begin ] --END-- [ RunTime:0.000361s ]
SQL: SHOW COLUMNS FROM `yk_set` [ RunTime:0.0007s ]
SQL: SELECT * FROM `yk_set` LIMIT 1   [ RunTime:0.0002s ]
SQL: SHOW COLUMNS FROM `yk_cms_set` [ RunTime:0.0004s ]
SQL: SELECT * FROM `yk_cms_set` LIMIT 1   [ RunTime:0.0001s ]
SQL: SHOW COLUMNS FROM `yk_shop_set` [ RunTime:0.0008s ]
SQL: SELECT * FROM `yk_shop_set` LIMIT 1   [ RunTime:0.0003s ]
SQL: SELECT * FROM `yk_shop_set` LIMIT 1   [ RunTime:0.0001s ]
SQL: SHOW COLUMNS FROM `yk_vip_set` [ RunTime:0.0030s ]
SQL: SELECT * FROM `yk_vip_set` LIMIT 1   [ RunTime:0.0011s ]
INFO: [ view_parse ] --START--
INFO: [ template_filter ] --START--
INFO: Run Behavior\ContentReplaceBehavior [ RunTime:0.000034s ]
INFO: [ template_filter ] --END-- [ RunTime:0.000072s ]
INFO: Run Behavior\ParseTemplateBehavior [ RunTime:0.004722s ]
INFO: [ view_parse ] --END-- [ RunTime:0.004762s ]
INFO: [ view_filter ] --START--
INFO: Run Behavior\WriteHtmlCacheBehavior [ RunTime:0.000125s ]
INFO: [ view_filter ] --END-- [ RunTime:0.000155s ]
SQL: SHOW COLUMNS FROM `yk_shop_order` [ RunTime:0.0009s ]
NOTIC: [8] Undefined index: p /mnt/wwwroot/yikang.mubantang.com/Application/Admin/Controller/ShopController.class.php 第 1101 行.
NOTIC: [8] Undefined variable: map /mnt/wwwroot/yikang.mubantang.com/Application/Admin/Controller/ShopController.class.php 第 1121 行.
SQL: SELECT O.*,V.pid,V.name as pname FROM yk_shop_order as O LEFT JOIN `yk_vip` AS V ON V.id = O.vipid  ORDER BY O.ctime desc LIMIT 0,20   [ RunTime:0.0135s ]
NOTIC: [8] Undefined variable: map /mnt/wwwroot/yikang.mubantang.com/Application/Admin/Controller/ShopController.class.php 第 1127 行.
SQL: SELECT COUNT(*) AS tp_count FROM yk_shop_order as O LEFT JOIN `yk_vip` AS V ON V.id = O.vipid  LIMIT 1   [ RunTime:0.0005s ]
NOTIC: [2] Missing argument 6 for Admin\Controller\BaseController::getPage(), called in /mnt/wwwroot/yikang.mubantang.com/Application/Admin/Controller/ShopController.class.php on line 1128 and defined /mnt/wwwroot/yikang.mubantang.com/Application/Admin/Controller/BaseController.class.php 第 91 行.
NOTIC: [8] Undefined variable: map /mnt/wwwroot/yikang.mubantang.com/Application/Admin/Controller/BaseController.class.php 第 103 行.
NOTIC: [8] Use of undefined constant 尾页 - assumed '尾页' /mnt/wwwroot/yikang.mubantang.com/ThinkPHP/Library/Util/Pagecms.class.php 第 118 行.
INFO: [ view_parse ] --START--
INFO: [ template_filter ] --START--
INFO: Run Behavior\ContentReplaceBehavior [ RunTime:0.000056s ]
INFO: [ template_filter ] --END-- [ RunTime:-0.070969s ]
NOTIC: [8] Undefined variable: keyword /mnt/wwwroot/yikang.mubantang.com/Application/Runtime/Cache/Admin/1de6446ae7d2b2aec8b988d31334127b.php 第 31 行.
NOTIC: [8] Undefined variable: name /mnt/wwwroot/yikang.mubantang.com/Application/Runtime/Cache/Admin/1de6446ae7d2b2aec8b988d31334127b.php 第 34 行.
INFO: Run Behavior\ParseTemplateBehavior [ RunTime:0.014052s ]
INFO: [ view_parse ] --END-- [ RunTime:-0.059465s ]
INFO: [ view_filter ] --START--
INFO: Run Behavior\WriteHtmlCacheBehavior [ RunTime:0.000010s ]
INFO: [ view_filter ] --END-- [ RunTime:-0.073399s ]
INFO: [ app_end ] --START--
INFO: Run Behavior\ShowPageTraceBehavior [ RunTime:0.000390s ]
INFO: [ app_end ] --END-- [ RunTime:0.000434s ]

[ 2017-04-26T17:53:03+08:00 ] 183.61.51.190 /Shop/order/p/2?keyword=&name=
INFO: [ app_init ] --START--
INFO: Run Behavior\BuildLiteBehavior [ RunTime:0.000012s ]
INFO: [ app_init ] --END-- [ RunTime:0.000258s ]
INFO: [ app_begin ] --START--
INFO: Run Behavior\ReadHtmlCacheBehavior [ RunTime:0.000324s ]
INFO: [ app_begin ] --END-- [ RunTime:0.000358s ]
SQL: SHOW COLUMNS FROM `yk_set` [ RunTime:0.0007s ]
SQL: SELECT * FROM `yk_set` LIMIT 1   [ RunTime:0.0002s ]
SQL: SHOW COLUMNS FROM `yk_cms_set` [ RunTime:0.0004s ]
SQL: SELECT * FROM `yk_cms_set` LIMIT 1   [ RunTime:0.0001s ]
SQL: SHOW COLUMNS FROM `yk_shop_set` [ RunTime:0.0007s ]
SQL: SELECT * FROM `yk_shop_set` LIMIT 1   [ RunTime:0.0002s ]
SQL: SELECT * FROM `yk_shop_set` LIMIT 1   [ RunTime:0.0001s ]
SQL: SHOW COLUMNS FROM `yk_vip_set` [ RunTime:0.0006s ]
SQL: SELECT * FROM `yk_vip_set` LIMIT 1   [ RunTime:0.0001s ]
INFO: [ view_parse ] --START--
INFO: [ template_filter ] --START--
INFO: Run Behavior\ContentReplaceBehavior [ RunTime:0.000032s ]
INFO: [ template_filter ] --END-- [ RunTime:0.000067s ]
INFO: Run Behavior\ParseTemplateBehavior [ RunTime:0.004646s ]
INFO: [ view_parse ] --END-- [ RunTime:0.004679s ]
INFO: [ view_filter ] --START--
INFO: Run Behavior\WriteHtmlCacheBehavior [ RunTime:0.000121s ]
INFO: [ view_filter ] --END-- [ RunTime:0.000151s ]
SQL: SHOW COLUMNS FROM `yk_shop_order` [ RunTime:0.0009s ]
NOTIC: [8] Undefined variable: map /mnt/wwwroot/yikang.mubantang.com/Application/Admin/Controller/ShopController.class.php 第 1121 行.
SQL: SELECT O.*,V.pid,V.name as pname FROM yk_shop_order as O LEFT JOIN `yk_vip` AS V ON V.id = O.vipid  ORDER BY O.ctime desc LIMIT 20,20   [ RunTime:0.0008s ]
NOTIC: [8] Undefined variable: map /mnt/wwwroot/yikang.mubantang.com/Application/Admin/Controller/ShopController.class.php 第 1127 行.
SQL: SELECT COUNT(*) AS tp_count FROM yk_shop_order as O LEFT JOIN `yk_vip` AS V ON V.id = O.vipid  LIMIT 1   [ RunTime:0.0004s ]
NOTIC: [2] Missing argument 6 for Admin\Controller\BaseController::getPage(), called in /mnt/wwwroot/yikang.mubantang.com/Application/Admin/Controller/ShopController.class.php on line 1128 and defined /mnt/wwwroot/yikang.mubantang.com/Application/Admin/Controller/BaseController.class.php 第 91 行.
NOTIC: [8] Undefined variable: map /mnt/wwwroot/yikang.mubantang.com/Application/Admin/Controller/BaseController.class.php 第 103 行.
NOTIC: [8] Use of undefined constant 尾页 - assumed '尾页' /mnt/wwwroot/yikang.mubantang.com/ThinkPHP/Library/Util/Pagecms.class.php 第 118 行.
INFO: [ view_parse ] --START--
INFO: [ template_filter ] --START--
INFO: Run Behavior\ContentReplaceBehavior [ RunTime:0.000053s ]
INFO: [ template_filter ] --END-- [ RunTime:-0.012648s ]
NOTIC: [8] Undefined variable: keyword /mnt/wwwroot/yikang.mubantang.com/Application/Runtime/Cache/Admin/1de6446ae7d2b2aec8b988d31334127b.php 第 31 行.
NOTIC: [8] Undefined variable: name /mnt/wwwroot/yikang.mubantang.com/Application/Runtime/Cache/Admin/1de6446ae7d2b2aec8b988d31334127b.php 第 34 行.
INFO: Run Behavior\ParseTemplateBehavior [ RunTime:0.011378s ]
INFO: [ view_parse ] --END-- [ RunTime:-0.003684s ]
INFO: [ view_filter ] --START--
INFO: Run Behavior\WriteHtmlCacheBehavior [ RunTime:0.000008s ]
INFO: [ view_filter ] --END-- [ RunTime:-0.014947s ]
INFO: [ app_end ] --START--
INFO: Run Behavior\ShowPageTraceBehavior [ RunTime:0.000391s ]
INFO: [ app_end ] --END-- [ RunTime:0.000429s ]

[ 2017-04-26T17:53:42+08:00 ] 183.61.52.70 /Admin/Public/login
INFO: [ app_init ] --START--
INFO: Run Behavior\BuildLiteBehavior [ RunTime:0.000015s ]
INFO: [ app_init ] --END-- [ RunTime:0.000271s ]
INFO: [ app_begin ] --START--
INFO: Run Behavior\ReadHtmlCacheBehavior [ RunTime:0.000353s ]
INFO: [ app_begin ] --END-- [ RunTime:0.000390s ]
SQL: SHOW COLUMNS FROM `yk_set` [ RunTime:0.0007s ]
SQL: SELECT * FROM `yk_set` LIMIT 1   [ RunTime:0.0002s ]
SQL: SHOW COLUMNS FROM `yk_cms_set` [ RunTime:0.0004s ]
SQL: SELECT * FROM `yk_cms_set` LIMIT 1   [ RunTime:0.0001s ]
SQL: SHOW COLUMNS FROM `yk_shop_set` [ RunTime:0.0007s ]
SQL: SELECT * FROM `yk_shop_set` LIMIT 1   [ RunTime:0.0002s ]

[ 2017-04-26T17:53:43+08:00 ] 183.61.51.190 /Admin/Index/main
INFO: [ app_init ] --START--
INFO: Run Behavior\BuildLiteBehavior [ RunTime:0.000013s ]
INFO: [ app_init ] --END-- [ RunTime:0.000292s ]
INFO: [ app_begin ] --START--
INFO: Run Behavior\ReadHtmlCacheBehavior [ RunTime:0.000350s ]
INFO: [ app_begin ] --END-- [ RunTime:0.000396s ]
SQL: SHOW COLUMNS FROM `yk_set` [ RunTime:0.0007s ]
SQL: SELECT * FROM `yk_set` LIMIT 1   [ RunTime:0.0002s ]
SQL: SHOW COLUMNS FROM `yk_cms_set` [ RunTime:0.0004s ]
SQL: SELECT * FROM `yk_cms_set` LIMIT 1   [ RunTime:0.0001s ]
SQL: SHOW COLUMNS FROM `yk_shop_set` [ RunTime:0.0008s ]
SQL: SELECT * FROM `yk_shop_set` LIMIT 1   [ RunTime:0.0002s ]
INFO: [ view_parse ] --START--
INFO: [ template_filter ] --START--
INFO: Run Behavior\ContentReplaceBehavior [ RunTime:0.000043s ]
INFO: [ template_filter ] --END-- [ RunTime:0.000090s ]
INFO: Run Behavior\ParseTemplateBehavior [ RunTime:0.004808s ]
INFO: [ view_parse ] --END-- [ RunTime:0.004842s ]
INFO: [ view_filter ] --START--
INFO: Run Behavior\WriteHtmlCacheBehavior [ RunTime:0.000121s ]
INFO: [ view_filter ] --END-- [ RunTime:0.000151s ]
SQL: SHOW COLUMNS FROM `yk_vip` [ RunTime:0.0010s ]
SQL: SELECT COUNT(*) AS tp_count FROM `yk_vip` LIMIT 1   [ RunTime:0.0001s ]
SQL: SELECT COUNT(*) AS tp_count FROM `yk_vip` WHERE ( subscribe=1 ) LIMIT 1   [ RunTime:0.0024s ]
SQL: SELECT COUNT(*) AS tp_count FROM `yk_vip` WHERE `ctime` BETWEEN 1493136000 AND 1493222399 LIMIT 1   [ RunTime:0.0023s ]
SQL: SELECT COUNT(*) AS tp_count FROM `yk_vip` WHERE `ctime` BETWEEN 1493049600 AND 1493135999 LIMIT 1   [ RunTime:0.0024s ]
SQL: SHOW COLUMNS FROM `yk_shop_order` [ RunTime:0.0009s ]
SQL: SELECT COUNT(*) AS tp_count FROM `yk_shop_order` LIMIT 1   [ RunTime:0.0001s ]
SQL: SELECT COUNT(*) AS tp_count FROM `yk_shop_order` WHERE ( status=0 ) LIMIT 1   [ RunTime:0.0004s ]
SQL: SELECT COUNT(*) AS tp_count FROM `yk_shop_order` WHERE ( status=1 ) LIMIT 1   [ RunTime:0.0003s ]
SQL: SELECT COUNT(*) AS tp_count FROM `yk_shop_order` WHERE ( status=2 ) LIMIT 1   [ RunTime:0.0003s ]
SQL: SELECT COUNT(*) AS tp_count FROM `yk_shop_order` WHERE ( status=3 ) LIMIT 1   [ RunTime:0.0003s ]
SQL: SELECT COUNT(*) AS tp_count FROM `yk_shop_order` WHERE ( status=4 ) LIMIT 1   [ RunTime:0.0003s ]
SQL: SELECT COUNT(*) AS tp_count FROM `yk_shop_order` WHERE ( status=5 ) LIMIT 1   [ RunTime:0.0003s ]
SQL: SELECT COUNT(*) AS tp_count FROM `yk_shop_order` WHERE ( status=6 ) LIMIT 1   [ RunTime:0.0003s ]
SQL: SELECT COUNT(*) AS tp_count FROM `yk_shop_order` WHERE `ctime` BETWEEN 1493136000 AND 1493222399 LIMIT 1   [ RunTime:0.0003s ]
SQL: SELECT COUNT(*) AS tp_count FROM `yk_shop_order` WHERE `ctime` BETWEEN 1493049600 AND 1493135999 LIMIT 1   [ RunTime:0.0003s ]
SQL: SHOW COLUMNS FROM `yk_fx_syslog` [ RunTime:0.0004s ]
SQL: SELECT SUM(fxyj) AS tp_sum FROM `yk_fx_syslog` LIMIT 1   [ RunTime:0.0001s ]
SQL: SELECT SUM(fxyj) AS tp_sum FROM `yk_fx_syslog` WHERE `ctime` BETWEEN 1493136000 AND 1493222399 LIMIT 1   [ RunTime:0.0001s ]
SQL: SELECT SUM(fxyj) AS tp_sum FROM `yk_fx_syslog` WHERE `ctime` BETWEEN 1493049600 AND 1493135999 LIMIT 1   [ RunTime:0.0001s ]
NOTIC: [2] Division by zero /mnt/wwwroot/yikang.mubantang.com/Application/Admin/Controller/IndexController.class.php 第 144 行.
SQL: SELECT COUNT(*) AS tp_count FROM `yk_vip` WHERE `isfx` = 0 AND `isfxgd` = 0 LIMIT 1   [ RunTime:0.0024s ]
SQL: SELECT COUNT(*) AS tp_count FROM `yk_vip` WHERE `isfx` = 1 AND `isfxgd` = 0 LIMIT 1   [ RunTime:0.0024s ]
SQL: SELECT COUNT(*) AS tp_count FROM `yk_vip` WHERE ( isfxgd=1 ) LIMIT 1   [ RunTime:0.0023s ]
SQL: SHOW COLUMNS FROM `yk_vip_log_sub` [ RunTime:0.0004s ]
SQL: SELECT * FROM `yk_vip_log_sub` ORDER BY ctime desc LIMIT 5   [ RunTime:0.0004s ]
SQL: SELECT * FROM `yk_vip` WHERE ( id=3058 ) LIMIT 1   [ RunTime:0.0002s ]
SQL: SELECT * FROM `yk_vip` WHERE ( id=3148 ) LIMIT 1   [ RunTime:0.0002s ]
SQL: SELECT * FROM `yk_vip` WHERE ( id=2903 ) LIMIT 1   [ RunTime:0.0002s ]
SQL: SELECT * FROM `yk_vip` WHERE ( id=3151 ) LIMIT 1   [ RunTime:0.0002s ]
SQL: SELECT * FROM `yk_vip` WHERE ( id=3149 ) LIMIT 1   [ RunTime:0.0002s ]
SQL: SELECT * FROM `yk_fx_syslog` ORDER BY ctime desc LIMIT 5   [ RunTime:0.0001s ]
SQL: SELECT * FROM `yk_vip` WHERE ( id=2538 ) LIMIT 1   [ RunTime:0.0002s ]
SQL: SELECT * FROM `yk_vip` WHERE ( id=38 ) LIMIT 1   [ RunTime:0.0002s ]
SQL: SHOW COLUMNS FROM `yk_fx_log_tj` [ RunTime:0.0004s ]
SQL: SELECT * FROM `yk_fx_log_tj` ORDER BY ctime desc LIMIT 5   [ RunTime:0.0001s ]
SQL: SELECT * FROM `yk_shop_order` WHERE `ispay` = 1 AND `status` = 2 ORDER BY ctime desc LIMIT 5   [ RunTime:0.0005s ]
SQL: SELECT * FROM `yk_vip` WHERE ( id=3153 ) LIMIT 1   [ RunTime:0.0002s ]
SQL: SELECT * FROM `yk_vip` WHERE ( id=3148 ) LIMIT 1   [ RunTime:0.0002s ]
SQL: SELECT * FROM `yk_vip` WHERE ( id=3147 ) LIMIT 1   [ RunTime:0.0002s ]
SQL: SELECT * FROM `yk_vip` WHERE ( id=3143 ) LIMIT 1   [ RunTime:0.0002s ]
SQL: SELECT * FROM `yk_vip` WHERE ( id=3132 ) LIMIT 1   [ RunTime:0.0002s ]
SQL: SELECT SUM(totalprice) AS tp_sum FROM `yk_shop_order` WHERE `ispay` = 1 LIMIT 1   [ RunTime:0.0003s ]
SQL: SELECT SUM(totalprice) AS tp_sum FROM `yk_shop_order` WHERE `status` = 5 LIMIT 1   [ RunTime:0.0003s ]
SQL: SELECT SUM(totalnum) AS tp_sum FROM `yk_shop_order` WHERE `ispay` = 1 LIMIT 1   [ RunTime:0.0003s ]
SQL: SHOW COLUMNS FROM `yk_vip_tx` [ RunTime:0.0005s ]
SQL: SELECT SUM(txprice) AS tp_sum FROM `yk_vip_tx` WHERE `status` = 2 LIMIT 1   [ RunTime:0.0001s ]
INFO: [ view_parse ] --START--
INFO: [ template_filter ] --START--
INFO: Run Behavior\ContentReplaceBehavior [ RunTime:0.000093s ]
INFO: [ template_filter ] --END-- [ RunTime:-0.048562s ]
INFO: Run Behavior\ParseTemplateBehavior [ RunTime:0.018951s ]
INFO: [ view_parse ] --END-- [ RunTime:-0.032097s ]
INFO: [ view_filter ] --START--
INFO: Run Behavior\WriteHtmlCacheBehavior [ RunTime:0.000017s ]
INFO: [ view_filter ] --END-- [ RunTime:-0.050939s ]
INFO: [ app_end ] --START--
INFO: Run Behavior\ShowPageTraceBehavior [ RunTime:0.000404s ]
INFO: [ app_end ] --END-- [ RunTime:0.000443s ]

[ 2017-04-26T17:53:49+08:00 ] 183.61.52.70 /Admin/Shop/order
INFO: [ app_init ] --START--
INFO: Run Behavior\BuildLiteBehavior [ RunTime:0.000012s ]
INFO: [ app_init ] --END-- [ RunTime:0.000297s ]
INFO: [ app_begin ] --START--
INFO: Run Behavior\ReadHtmlCacheBehavior [ RunTime:0.000417s ]
INFO: [ app_begin ] --END-- [ RunTime:0.000483s ]
SQL: SHOW COLUMNS FROM `yk_set` [ RunTime:0.0007s ]
SQL: SELECT * FROM `yk_set` LIMIT 1   [ RunTime:0.0002s ]
SQL: SHOW COLUMNS FROM `yk_cms_set` [ RunTime:0.0004s ]
SQL: SELECT * FROM `yk_cms_set` LIMIT 1   [ RunTime:0.0001s ]
SQL: SHOW COLUMNS FROM `yk_shop_set` [ RunTime:0.0008s ]
SQL: SELECT * FROM `yk_shop_set` LIMIT 1   [ RunTime:0.0002s ]
SQL: SELECT * FROM `yk_shop_set` LIMIT 1   [ RunTime:0.0002s ]
SQL: SHOW COLUMNS FROM `yk_vip_set` [ RunTime:0.0007s ]
SQL: SELECT * FROM `yk_vip_set` LIMIT 1   [ RunTime:0.0002s ]
INFO: [ view_parse ] --START--
INFO: [ template_filter ] --START--
INFO: Run Behavior\ContentReplaceBehavior [ RunTime:0.000037s ]
INFO: [ template_filter ] --END-- [ RunTime:0.000075s ]
INFO: Run Behavior\ParseTemplateBehavior [ RunTime:0.005009s ]
INFO: [ view_parse ] --END-- [ RunTime:0.005056s ]
INFO: [ view_filter ] --START--
INFO: Run Behavior\WriteHtmlCacheBehavior [ RunTime:0.000122s ]
INFO: [ view_filter ] --END-- [ RunTime:0.000153s ]
SQL: SHOW COLUMNS FROM `yk_shop_order` [ RunTime:0.0010s ]
NOTIC: [8] Undefined index: p /mnt/wwwroot/yikang.mubantang.com/Application/Admin/Controller/ShopController.class.php 第 1101 行.
NOTIC: [8] Undefined variable: map /mnt/wwwroot/yikang.mubantang.com/Application/Admin/Controller/ShopController.class.php 第 1121 行.
SQL: SELECT O.*,V.pid,V.name as pname FROM yk_shop_order as O LEFT JOIN `yk_vip` AS V ON V.id = O.vipid  ORDER BY O.ctime desc LIMIT 0,20   [ RunTime:0.0008s ]
NOTIC: [8] Undefined variable: map /mnt/wwwroot/yikang.mubantang.com/Application/Admin/Controller/ShopController.class.php 第 1127 行.
SQL: SELECT COUNT(*) AS tp_count FROM yk_shop_order as O LEFT JOIN `yk_vip` AS V ON V.id = O.vipid  LIMIT 1   [ RunTime:0.0004s ]
NOTIC: [2] Missing argument 6 for Admin\Controller\BaseController::getPage(), called in /mnt/wwwroot/yikang.mubantang.com/Application/Admin/Controller/ShopController.class.php on line 1128 and defined /mnt/wwwroot/yikang.mubantang.com/Application/Admin/Controller/BaseController.class.php 第 91 行.
NOTIC: [8] Undefined variable: map /mnt/wwwroot/yikang.mubantang.com/Application/Admin/Controller/BaseController.class.php 第 103 行.
NOTIC: [8] Use of undefined constant 尾页 - assumed '尾页' /mnt/wwwroot/yikang.mubantang.com/ThinkPHP/Library/Util/Pagecms.class.php 第 118 行.
INFO: [ view_parse ] --START--
INFO: [ template_filter ] --START--
INFO: Run Behavior\ContentReplaceBehavior [ RunTime:0.000056s ]
INFO: [ template_filter ] --END-- [ RunTime:-0.014078s ]
NOTIC: [8] Undefined variable: keyword /mnt/wwwroot/yikang.mubantang.com/Application/Runtime/Cache/Admin/1de6446ae7d2b2aec8b988d31334127b.php 第 31 行.
NOTIC: [8] Undefined variable: name /mnt/wwwroot/yikang.mubantang.com/Application/Runtime/Cache/Admin/1de6446ae7d2b2aec8b988d31334127b.php 第 34 行.
INFO: Run Behavior\ParseTemplateBehavior [ RunTime:0.013151s ]
INFO: [ view_parse ] --END-- [ RunTime:-0.003913s ]
INFO: [ view_filter ] --START--
INFO: Run Behavior\WriteHtmlCacheBehavior [ RunTime:0.000010s ]
INFO: [ view_filter ] --END-- [ RunTime:-0.016949s ]
INFO: [ app_end ] --START--
INFO: Run Behavior\ShowPageTraceBehavior [ RunTime:0.000465s ]
INFO: [ app_end ] --END-- [ RunTime:0.000504s ]

